AgeVaxH35.js:871 Mon Jan 18 2021 20:23:43 GMT-0800 (Pacific Standard Time)
AgeVaxH35.js:872 CovidSIMVL Mode1 and Mod2 Hybrid 35d
AgeVaxH35.js:873 Mode 1 >13 and <36 is 75%
AgeVaxH35.js:874 Mode 2 >28 is 95%; >13 and <29 is 75%
AgeVaxH35.js:4370 exit covidSim
AgeVaxH35.js:23 getAsText File {name: "Popn1000.csv", lastModified: 1611021598000, lastModifiedDate: Mon Jan 18 2021 17:59:58 GMT-0800 (Pacific Standard Time), webkitRelativePath: "", size: 23944, …}
AgeVaxH35.js:32 File {name: "Popn1000.csv", lastModified: 1611021598000, lastModifiedDate: Mon Jan 18 2021 17:59:58 GMT-0800 (Pacific Standard Time), webkitRelativePath: "", size: 23944, …}
AgeVaxH35.js:23 getAsText File {name: "VL1ageGp2.csv", lastModified: 1611004274000, lastModifiedDate: Mon Jan 18 2021 13:11:14 GMT-0800 (Pacific Standard Time), webkitRelativePath: "", size: 65, …}
AgeVaxH35.js:32 File {name: "VL1ageGp2.csv", lastModified: 1611004274000, lastModifiedDate: Mon Jan 18 2021 13:11:14 GMT-0800 (Pacific Standard Time), webkitRelativePath: "", size: 65, …}
AgeVaxH35.js:1696 New Hazard Radius = 2
AgeVaxH35.js:2202 0I j:ageGp:fam 646:4:-1 by blue 150:2:-1 at gen1 Univ0 prob=0.178
AgeVaxH35.js:1718 Age Group 9,100 1st shot; 2nd auto in 35days
AgeVaxH35.js:1724 AgeGp =9 To be vaccinated=100%
AgeVaxH35.js:1736 (1000) [0, 1, 2, 3, 4, 5, 6, 7, 8, 9, 10, 11, 12, 13, 14, 15, 16, 17, 18, 19, 20, 21, 22, 23, 24, 25, 26, 27, 28, 29, 30, 31, 32, 33, 34, 35, 36, 37, 38, 39, 40, 41, 42, 43, 44, 45, 46, 47, 48, 49, 50, 51, 52, 53, 54, 55, 56, 57, 58, 59, 60, 61, 62, 63, 64, 65, 66, 67, 68, 69, 70, 71, 72, 73, 74, 75, 76, 77, 78, 79, 80, 81, 82, 83, 84, 85, 86, 87, 88, 89, 90, 91, 92, 93, 94, 95, 96, 97, 98, 99, …]
AgeVaxH35.js:1752 ageGp9 count: 18 List: 982,983,984,985,986,987,988,989,990,991,992,993,994,995,996,997,998,999
AgeVaxH35.js:1780 Vaccination list = 18
AgeVaxH35.js:1794 AgeGp9 vaccinated 18 List: 997,992,989,990,987,988,984,998,983,991,994,985,999,993,982,995,986,996
AgeVaxH35.js:1718 Age Group 8,100 1st shot; 2nd auto in 35days
AgeVaxH35.js:1724 AgeGp =8 To be vaccinated=100%
AgeVaxH35.js:1736 (1000) [0, 1, 2, 3, 4, 5, 6, 7, 8, 9, 10, 11, 12, 13, 14, 15, 16, 17, 18, 19, 20, 21, 22, 23, 24, 25, 26, 27, 28, 29, 30, 31, 32, 33, 34, 35, 36, 37, 38, 39, 40, 41, 42, 43, 44, 45, 46, 47, 48, 49, 50, 51, 52, 53, 54, 55, 56, 57, 58, 59, 60, 61, 62, 63, 64, 65, 66, 67, 68, 69, 70, 71, 72, 73, 74, 75, 76, 77, 78, 79, 80, 81, 82, 83, 84, 85, 86, 87, 88, 89, 90, 91, 92, 93, 94, 95, 96, 97, 98, 99, …]
AgeVaxH35.js:1752 ageGp8 count: 33 List: 949,950,951,952,953,954,955,956,957,958,959,960,961,962,963,964,965,966,967,968,969,970,971,972,973,974,975,976,977,978,979,980,981
AgeVaxH35.js:1780 Vaccination list = 33
AgeVaxH35.js:1794 AgeGp8 vaccinated 33 List: 975,971,958,950,972,977,966,981,957,956,962,960,978,963,953,967,959,973,964,979,955,969,970,980,965,954,974,961,949,952,951,976,968
AgeVaxH35.js:1710 new Mingle Factor = 7,90
AgeVaxH35.js:1710 new Mingle Factor = 1
AgeVaxH35.js:1718 Age Group 7,90 1st shot; 2nd auto in 35days
AgeVaxH35.js:1724 AgeGp =7 To be vaccinated=90%
AgeVaxH35.js:1736 (1000) [0, 1, 2, 3, 4, 5, 6, 7, 8, 9, 10, 11, 12, 13, 14, 15, 16, 17, 18, 19, 20, 21, 22, 23, 24, 25, 26, 27, 28, 29, 30, 31, 32, 33, 34, 35, 36, 37, 38, 39, 40, 41, 42, 43, 44, 45, 46, 47, 48, 49, 50, 51, 52, 53, 54, 55, 56, 57, 58, 59, 60, 61, 62, 63, 64, 65, 66, 67, 68, 69, 70, 71, 72, 73, 74, 75, 76, 77, 78, 79, 80, 81, 82, 83, 84, 85, 86, 87, 88, 89, 90, 91, 92, 93, 94, 95, 96, 97, 98, 99, …]
AgeVaxH35.js:1752 ageGp7 count: 47 List: 902,903,904,905,906,907,908,909,910,911,912,913,914,915,916,917,918,919,920,921,922,923,924,925,926,927,928,929,930,931,932,933,934,935,936,937,938,939,940,941,942,943,944,945,946,947,948
AgeVaxH35.js:1780 Vaccination list = 42
AgeVaxH35.js:1794 AgeGp7 vaccinated 42 List: 906,902,919,934,936,911,926,912,909,913,932,908,917,918,903,907,930,923,920,942,937,939,924,946,925,935,947,944,904,905,922,914,943,916,929,933,915,940,928,948,921,938
AgeVaxH35.js:2202 2I j:ageGp:fam 816:5:-1 by red 150:2:-1 at gen51 Univ0 prob=0.010
AgeVaxH35.js:2202 3I j:ageGp:fam 308:2:-1 by red 150:2:-1 at gen90 Univ0 prob=0.085
AgeVaxH35.js:2221 4I i:ageGp:fam 244:2:-1 by blue 646:4:-1 at gen96 Univ0 prob=0.627
AgeVaxH35.js:2221 5I i:ageGp:fam 720:5:-1 by blue 816:5:-1 at gen110 Univ0 prob=0.170
AgeVaxH35.js:2202 6I j:ageGp:fam 194:2:-1 by red 150:2:-1 at gen121 Univ0 prob=0.776
AgeVaxH35.js:2221 7I i:ageGp:fam 658:4:-1 by blue 816:5:-1 at gen140 Univ0 prob=0.946
AgeVaxH35.js:2202 8I j:ageGp:fam 944:7:-1 by red 646:4:-1 at gen143 Univ0 prob=0.110
AgeVaxH35.js:2202 9I j:ageGp:fam 839:6:-1 by red 150:2:-1 at gen146 Univ0 prob=0.502
AgeVaxH35.js:2202 10I j:ageGp:fam 425:3:-1 by red 150:2:-1 at gen148 Univ0 prob=0.654
AgeVaxH35.js:2221 10I i:ageGp:fam 364:3:-1 by blue 816:5:-1 at gen149 Univ0 prob=0.903
AgeVaxH35.js:2202 12I j:ageGp:fam 849:6:-1 by blue 816:5:-1 at gen155 Univ0 prob=0.205
AgeVaxH35.js:2221 13I i:ageGp:fam 229:2:-1 by blue 244:2:-1 at gen159 Univ0 prob=0.168
AgeVaxH35.js:2221 14I i:ageGp:fam 12:0:-1 by red 150:2:-1 at gen168 Univ0 prob=0.571
AgeVaxH35.js:2221 15I i:ageGp:fam 31:0:-1 by blue 720:5:-1 at gen187 Univ0 prob=0.740
AgeVaxH35.js:2202 16I j:ageGp:fam 906:7:-1 by blue 308:2:-1 at gen192 Univ0 prob=0.425
AgeVaxH35.js:2221 17I i:ageGp:fam 664:4:-1 by blue 720:5:-1 at gen204 Univ0 prob=0.891
AgeVaxH35.js:2221 18I i:ageGp:fam 264:2:-1 by blue 425:3:-1 at gen209 Univ0 prob=0.515
AgeVaxH35.js:2202 19I j:ageGp:fam 503:3:-1 by yellow 264:2:-1 at gen211 Univ0 prob=0.805
AgeVaxH35.js:2202 20I j:ageGp:fam 708:5:-1 by blue 658:4:-1 at gen219 Univ0 prob=0.757
AgeVaxH35.js:2221 20I i:ageGp:fam 204:2:-1 by blue 229:2:-1 at gen220 Univ0 prob=0.142
AgeVaxH35.js:2202 22I j:ageGp:fam 991:9:-1 by red 244:2:-1 at gen228 Univ0 prob=0.765
AgeVaxH35.js:2221 23I i:ageGp:fam 146:2:-1 by blue 425:3:-1 at gen239 Univ0 prob=0.417
AgeVaxH35.js:2221 24I i:ageGp:fam 588:4:-1 by red 720:5:-1 at gen242 Univ0 prob=0.416
AgeVaxH35.js:2202 24I j:ageGp:fam 810:5:-1 by green 588:4:-1 at gen242 Univ0 prob=0.454
AgeVaxH35.js:2202 24I j:ageGp:fam 810:5:-1 by red 720:5:-1 at gen242 Univ0 prob=0.741
AgeVaxH35.js:2202 26I j:ageGp:fam 876:6:-1 by blue 425:3:-1 at gen253 Univ0 prob=0.856
AgeVaxH35.js:2202 27I j:ageGp:fam 654:4:-1 by red 308:2:-1 at gen255 Univ0 prob=0.542
AgeVaxH35.js:2221 28I i:ageGp:fam 338:2:-1 by blue 425:3:-1 at gen258 Univ0 prob=0.075
AgeVaxH35.js:2202 29I j:ageGp:fam 972:8:-1 by red 194:2:-1 at gen262 Univ0 prob=0.185
AgeVaxH35.js:2221 30I i:ageGp:fam 371:3:-1 by blue 906:7:-1 at gen265 Univ0 prob=0.557
AgeVaxH35.js:2221 31I i:ageGp:fam 46:1:-1 by blue 229:2:-1 at gen267 Univ0 prob=0.055
AgeVaxH35.js:2221 31I i:ageGp:fam 619:4:-1 by red 720:5:-1 at gen267 Univ0 prob=0.695
AgeVaxH35.js:2202 33I j:ageGp:fam 856:6:-1 by blue 229:2:-1 at gen272 Univ0 prob=0.162
AgeVaxH35.js:2221 34I i:ageGp:fam 91:1:-1 by red 425:3:-1 at gen274 Univ0 prob=0.660
AgeVaxH35.js:2202 35I j:ageGp:fam 893:6:-1 by red 646:4:-1 at gen276 Univ0 prob=0.914
AgeVaxH35.js:2221 36I i:ageGp:fam 549:4:-1 by blue 906:7:-1 at gen278 Univ0 prob=0.046
​ 37I j:ageGp:fam 954:8:-1 by blue 906:7:-1 at gen282 Univ0 prob=0.945
​ 38I j:ageGp:fam 377:3:-1 by red 229:2:-1 at gen285 Univ0 prob=0.339
​ 39I j:ageGp:fam 905:7:-1 by red 425:3:-1 at gen287 Univ0 prob=0.240
​ 40I i:ageGp:fam 601:4:-1 by red 658:4:-1 at gen289 Univ0 prob=0.915
​ 40I i:ageGp:fam 105:1:-1 by red 425:3:-1 at gen290 Univ0 prob=0.584
​ 42I j:ageGp:fam 912:7:-1 by yellow 810:5:-1 at gen292 Univ0 prob=0.602
​ 42I j:ageGp:fam 584:4:-1 by red 229:2:-1 at gen293 Univ0 prob=0.743
​ 42I i:ageGp:fam 444:3:-1 by red 720:5:-1 at gen293 Univ0 prob=0.252
​ 42I j:ageGp:fam 937:7:-1 by blue 906:7:-1 at gen293 Univ0 prob=0.454
​ 46I i:ageGp:fam 561:4:-1 by red 720:5:-1 at gen299 Univ0 prob=0.528
​ 47I i:ageGp:fam 212:2:-1 by yellow 338:2:-1 at gen302 Univ0 prob=0.727
​ 47I i:ageGp:fam 280:2:-1 by blue 810:5:-1 at gen303 Univ0 prob=0.564
​ 49I i:ageGp:fam 699:5:-1 by red 720:5:-1 at gen305 Univ0 prob=0.015
​ 49I j:ageGp:fam 446:3:-1 by red 244:2:-1 at gen306 Univ0 prob=0.089
​ 51I j:ageGp:fam 417:3:-1 by red 229:2:-1 at gen308 Univ0 prob=0.426
​ 51I i:ageGp:fam 760:5:-1 by blue 991:9:-1 at gen309 Univ0 prob=0.703
​ 53I j:ageGp:fam 531:3:-1 by blue 503:3:-1 at gen311 Univ0 prob=0.392
​ 53I j:ageGp:fam 747:5:-1 by red 364:3:-1 at gen312 Univ0 prob=0.483
​ 54I i:ageGp:fam 278:2:-1 by red 425:3:-1 at gen313 Univ0 prob=0.345
​ 56I i:ageGp:fam 86:1:-1 by red 720:5:-1 at gen316 Univ0 prob=0.183
​ 56I i:ageGp:fam 660:4:-1 by blue 991:9:-1 at gen317 Univ0 prob=0.416
​ 57I i:ageGp:fam 435:3:-1 by blue 588:4:-1 at gen318 Univ0 prob=0.956
​ 58I i:ageGp:fam 635:4:-1 by blue 810:5:-1 at gen319 Univ0 prob=0.013
​ 60I i:ageGp:fam 68:1:-1 by red 849:6:-1 at gen321 Univ0 prob=0.388
​ 61I i:ageGp:fam 131:2:-1 by blue 810:5:-1 at gen327 Univ0 prob=0.037
​ 61I i:ageGp:fam 63:1:-1 by red 244:2:-1 at gen328 Univ0 prob=0.621
​ 62I i:ageGp:fam 148:2:-1 by blue 810:5:-1 at gen329 Univ0 prob=0.650
​ 62I i:ageGp:fam 626:4:-1 by yellow 747:5:-1 at gen329 Univ0 prob=0.364
​ 63I j:ageGp:fam 752:5:-1 by blue 204:2:-1 at gen330 Univ0 prob=0.765
​ 66I j:ageGp:fam 489:3:-1 by red 364:3:-1 at gen334 Univ0 prob=0.009
​ 67I j:ageGp:fam 642:4:-1 by blue 619:4:-1 at gen341 Univ0 prob=0.216
​ 67I j:ageGp:fam 820:5:-1 by blue 619:4:-1 at gen342 Univ0 prob=0.041
​ 68I i:ageGp:fam 165:2:-1 by red 229:2:-1 at gen343 Univ0 prob=0.469
​ 68I i:ageGp:fam 327:2:-1 by blue 338:2:-1 at gen343 Univ0 prob=0.016
​ 69I j:ageGp:fam 784:5:-1 by blue 444:3:-1 at gen344 Univ0 prob=0.301
​ 72I i:ageGp:fam 155:2:-1 by red 229:2:-1 at gen346 Univ0 prob=0.371
​ 72I j:ageGp:fam 537:3:-1 by red 503:3:-1 at gen347 Univ0 prob=0.986
​ 73I i:ageGp:fam 192:2:-1 by blue 876:6:-1 at gen348 Univ0 prob=0.936
​ 74I i:ageGp:fam 187:2:-1 by red 991:9:-1 at gen349 Univ0 prob=0.915
​ 76I i:ageGp:fam 320:2:-1 by red 425:3:-1 at gen351 Univ0 prob=0.886
​ 76I i:ageGp:fam 406:3:-1 by blue 810:5:-1 at gen351 Univ0 prob=0.882
​ 78I i:ageGp:fam 117:1:-1 by red 708:5:-1 at gen354 Univ0 prob=0.080
​ 79I i:ageGp:fam 592:4:-1 by blue 619:4:-1 at gen358 Univ0 prob=0.129
​ 79I i:ageGp:fam 180:2:-1 by blue 905:7:-1 at gen359 Univ0 prob=0.167
​ 80I i:ageGp:fam 113:1:-1 by red 194:2:-1 at gen360 Univ0 prob=0.356
​ 80I j:ageGp:fam 464:3:-1 by blue 417:3:-1 at gen360 Univ0 prob=0.651
​ 83I j:ageGp:fam 123:1:-1 by blue 105:1:-1 at gen364 Univ0 prob=0.320
​ 84I i:ageGp:fam 216:2:-1 by red 588:4:-1 at gen366 Univ0 prob=0.190
​ 84I i:ageGp:fam 322:2:-1 by red 664:4:-1 at gen366 Univ0 prob=0.938
​ 86I j:ageGp:fam 680:4:-1 by blue 86:1:-1 at gen368 Univ0 prob=0.950
​ 86I j:ageGp:fam 920:7:-1 by yellow 435:3:-1 at gen368 Univ0 prob=0.755
​ 88I j:ageGp:fam 771:5:-1 by blue 377:3:-1 at gen370 Univ0 prob=0.678
​ 88I i:ageGp:fam 380:3:-1 by red 708:5:-1 at gen370 Univ0 prob=0.007
​ 88I j:ageGp:fam 838:6:-1 by red 810:5:-1 at gen370 Univ0 prob=0.006
​ 91I i:ageGp:fam 550:4:-1 by blue 635:4:-1 at gen373 Univ0 prob=0.333
​ 92I j:ageGp:fam 712:5:-1 by red 229:2:-1 at gen376 Univ0 prob=0.462
​ 93I j:ageGp:fam 303:2:-1 by blue 148:2:-1 at gen380 Univ0 prob=0.421
​ 93I j:ageGp:fam 630:4:-1 by blue 417:3:-1 at gen380 Univ0 prob=0.363
​ 93I j:ageGp:fam 872:6:-1 by blue 561:4:-1 at gen381 Univ0 prob=0.322
​ 93I i:ageGp:fam 713:5:-1 by blue 752:5:-1 at gen381 Univ0 prob=0.903
​ 95I j:ageGp:fam 889:6:-1 by blue 105:1:-1 at gen382 Univ0 prob=0.526
​ 95I i:ageGp:fam 670:4:-1 by blue 905:7:-1 at gen382 Univ0 prob=0.597
​ 97I j:ageGp:fam 877:6:-1 by red 654:4:-1 at gen383 Univ0 prob=0.013
​ 99I i:ageGp:fam 400:3:-1 by blue 549:4:-1 at gen384 Univ0 prob=0.749
​ 100I i:ageGp:fam 53:1:-1 by red 503:3:-1 at gen385 Univ0 prob=0.855
​ 100I j:ageGp:fam 907:7:-1 by blue 446:3:-1 at gen385 Univ0 prob=0.983
​ 100I j:ageGp:fam 885:6:-1 by blue 561:4:-1 at gen385 Univ0 prob=0.394
​ 100I i:ageGp:fam 885:6:-1 by blue 912:7:-1 at gen385 Univ0 prob=0.594
​ 104I j:ageGp:fam 448:3:-1 by blue 86:1:-1 at gen388 Univ0 prob=0.911
​ 104I i:ageGp:fam 277:2:-1 by red 588:4:-1 at gen388 Univ0 prob=0.205
​ 106I j:ageGp:fam 852:6:-1 by yellow 216:2:-1 at gen390 Univ0 prob=0.184
​ 106I i:ageGp:fam 570:4:-1 by blue 635:4:-1 at gen391 Univ0 prob=0.136
​ 108I i:ageGp:fam 221:2:-1 by blue 912:7:-1 at gen395 Univ0 prob=0.738
​ 109I i:ageGp:fam 525:3:-1 by blue 531:3:-1 at gen397 Univ0 prob=0.830
​ 110I i:ageGp:fam 385:3:-1 by blue 584:4:-1 at gen399 Univ0 prob=0.063
​ 110I j:ageGp:fam 546:4:-1 by blue 417:3:-1 at gen399 Univ0 prob=0.613
​ 110I j:ageGp:fam 598:4:-1 by blue 531:3:-1 at gen399 Univ0 prob=0.681
​ 113I i:ageGp:fam 310:2:-1 by red 856:6:-1 at gen403 Univ0 prob=0.457
​ 113I j:ageGp:fam 475:3:-1 by blue 280:2:-1 at gen404 Univ0 prob=0.028
​ 115I i:ageGp:fam 253:2:-1 by blue 489:3:-1 at gen406 Univ0 prob=0.457
​ 116I j:ageGp:fam 883:6:-1 by blue 444:3:-1 at gen408 Univ0 prob=0.367
​ 116I j:ageGp:fam 757:5:-1 by yellow 713:5:-1 at gen409 Univ0 prob=0.149
​ 117I j:ageGp:fam 986:9:-1 by red 912:7:-1 at gen410 Univ0 prob=0.902
​ 119I j:ageGp:fam 729:5:-1 by blue 148:2:-1 at gen413 Univ0 prob=0.739
​ 119I j:ageGp:fam 319:2:-1 by red 229:2:-1 at gen413 Univ0 prob=0.798
​ 119I i:ageGp:fam 514:3:-1 by blue 752:5:-1 at gen414 Univ0 prob=0.623
​ 121I j:ageGp:fam 984:9:-1 by red 105:1:-1 at gen415 Univ0 prob=0.983
​ 121I j:ageGp:fam 282:2:-1 by blue 187:2:-1 at gen415 Univ0 prob=0.652
​ 121I j:ageGp:fam 462:3:-1 by red 444:3:-1 at gen415 Univ0 prob=0.866
​ 121I j:ageGp:fam 798:5:-1 by blue 584:4:-1 at gen415 Univ0 prob=0.950
​ 126I i:ageGp:fam 74:1:-1 by blue 165:2:-1 at gen417 Univ0 prob=0.746
​ 126I i:ageGp:fam 136:2:-1 by blue 148:2:-1 at gen417 Univ0 prob=0.607
​ 126I i:ageGp:fam 217:2:-1 by red 937:7:-1 at gen417 Univ0 prob=0.582
​ 129I j:ageGp:fam 733:5:-1 by red 619:4:-1 at gen421 Univ0 prob=0.879
​ 130I i:ageGp:fam 405:3:-1 by yellow 514:3:-1 at gen423 Univ0 prob=0.206
​ 131I i:ageGp:fam 314:2:-1 by blue 760:5:-1 at gen425 Univ0 prob=0.832
​ 131I j:ageGp:fam 855:6:-1 by blue 192:2:-1 at gen426 Univ0 prob=0.999
​ 131I j:ageGp:fam 847:6:-1 by red 444:3:-1 at gen426 Univ0 prob=0.818
​ 132I j:ageGp:fam 157:2:-1 by blue 86:1:-1 at gen427 Univ0 prob=0.396
​ 134I i:ageGp:fam 62:1:-1 by red 531:3:-1 at gen428 Univ0 prob=0.120
​ 135I j:ageGp:fam 775:5:-1 by blue 187:2:-1 at gen429 Univ0 prob=0.851
​ 135I j:ageGp:fam 913:7:-1 by red 377:3:-1 at gen429 Univ0 prob=0.958
​ 138I j:ageGp:fam 409:3:-1 by blue 113:1:-1 at gen432 Univ0 prob=0.187
​ 138I j:ageGp:fam 892:6:-1 by blue 113:1:-1 at gen433 Univ0 prob=0.417
​ 138I i:ageGp:fam 147:2:-1 by blue 550:4:-1 at gen433 Univ0 prob=0.474
​ 138I i:ageGp:fam 156:2:-1 by blue 320:2:-1 at gen433 Univ0 prob=0.303
​ 139I i:ageGp:fam 95:1:-1 by blue 464:3:-1 at gen434 Univ0 prob=0.440
​ 142I j:ageGp:fam 559:4:-1 by blue 165:2:-1 at gen435 Univ0 prob=0.072
​ 143I j:ageGp:fam 981:8:-1 by red 444:3:-1 at gen436 Univ0 prob=0.827
​ 144I j:ageGp:fam 779:5:-1 by blue 117:1:-1 at gen437 Univ0 prob=0.007
​ 144I j:ageGp:fam 299:2:-1 by blue 180:2:-1 at gen437 Univ0 prob=0.562
​ 147I i:ageGp:fam 210:2:-1 by blue 464:3:-1 at gen439 Univ0 prob=0.471
​ 147I j:ageGp:fam 189:2:-1 by blue 53:1:-1 at gen440 Univ0 prob=0.362
​ 148I j:ageGp:fam 437:3:-1 by blue 216:2:-1 at gen441 Univ0 prob=0.803
​ 149I j:ageGp:fam 665:4:-1 by blue 148:2:-1 at gen442 Univ0 prob=0.092
​ 149I j:ageGp:fam 507:3:-1 by blue 216:2:-1 at gen442 Univ0 prob=0.919
​ 150I j:ageGp:fam 242:2:-1 by yellow 221:2:-1 at gen443 Univ0 prob=0.403
​ 150I i:ageGp:fam 250:2:-1 by red 747:5:-1 at gen443 Univ0 prob=0.401
​ 150I i:ageGp:fam 542:4:-1 by blue 670:4:-1 at gen443 Univ0 prob=0.481
​ 152I i:ageGp:fam 261:2:-1 by red 635:4:-1 at gen444 Univ0 prob=0.570
​ 156I i:ageGp:fam 442:3:-1 by red 660:4:-1 at gen446 Univ0 prob=0.843
​ 157I j:ageGp:fam 555:4:-1 by red 377:3:-1 at gen448 Univ0 prob=0.388
​ 157I i:ageGp:fam 382:3:-1 by red 635:4:-1 at gen448 Univ0 prob=0.435
​ 159I j:ageGp:fam 759:5:-1 by blue 221:2:-1 at gen451 Univ0 prob=0.337
​ 159I j:ageGp:fam 624:4:-1 by blue 113:1:-1 at gen452 Univ0 prob=0.619
​ 159I j:ageGp:fam 227:2:-1 by blue 187:2:-1 at gen452 Univ0 prob=0.393
​ 159I i:ageGp:fam 203:2:-1 by red 588:4:-1 at gen452 Univ0 prob=0.614
​ 160I j:ageGp:fam 366:3:-1 by blue 165:2:-1 at gen453 Univ0 prob=0.456
​ 160I i:ageGp:fam 618:4:-1 by blue 713:5:-1 at gen453 Univ0 prob=0.782
​ 163I j:ageGp:fam 871:6:-1 by blue 303:2:-1 at gen454 Univ0 prob=0.677
​ 166I i:ageGp:fam 56:1:-1 by blue 123:1:-1 at gen456 Univ0 prob=0.398
​ 166I i:ageGp:fam 56:1:-1 by blue 889:6:-1 at gen456 Univ0 prob=0.970
​ 166I i:ageGp:fam 176:2:-1 by blue 838:6:-1 at gen456 Univ0 prob=0.746
​ 166I i:ageGp:fam 356:2:-1 by red 444:3:-1 at gen457 Univ0 prob=0.776
​ 168I j:ageGp:fam 352:2:-1 by yellow 250:2:-1 at gen458 Univ0 prob=0.656
​ 170I j:ageGp:fam 621:4:-1 by blue 550:4:-1 at gen460 Univ0 prob=0.199
​ 170I i:ageGp:fam 615:4:-1 by red 747:5:-1 at gen460 Univ0 prob=0.447
​ 172I i:ageGp:fam 119:1:-1 by blue 550:4:-1 at gen463 Univ0 prob=0.058
​ 172I j:ageGp:fam 776:5:-1 by red 699:5:-1 at gen463 Univ0 prob=0.898
​ 172I i:ageGp:fam 42:1:-1 by blue 550:4:-1 at gen464 Univ0 prob=0.173
​ 172I j:ageGp:fam 652:4:-1 by red 635:4:-1 at gen464 Univ0 prob=0.643
​ 176I j:ageGp:fam 309:2:-1 by blue 53:1:-1 at gen468 Univ0 prob=0.038
​ 176I i:ageGp:fam 20:0:-1 by blue 570:4:-1 at gen469 Univ0 prob=0.675
​ 176I i:ageGp:fam 149:2:-1 by red 699:5:-1 at gen469 Univ0 prob=0.589
​ 177I j:ageGp:fam 611:4:-1 by blue 53:1:-1 at gen470 Univ0 prob=0.561
​ 177I j:ageGp:fam 800:5:-1 by blue 216:2:-1 at gen470 Univ0 prob=0.151
​ 177I i:ageGp:fam 600:4:-1 by red 699:5:-1 at gen470 Univ0 prob=0.997
​ 179I j:ageGp:fam 533:3:-1 by blue 123:1:-1 at gen471 Univ0 prob=0.345
​ 179I j:ageGp:fam 511:3:-1 by blue 303:2:-1 at gen471 Univ0 prob=0.907
​ 182I i:ageGp:fam 114:1:-1 by red 371:3:-1 at gen472 Univ0 prob=0.555
​ 182I i:ageGp:fam 265:2:-1 by red 635:4:-1 at gen472 Univ0 prob=0.124
​ 186I j:ageGp:fam 846:6:-1 by blue 216:2:-1 at gen475 Univ0 prob=0.470
​ 186I j:ageGp:fam 463:3:-1 by blue 405:3:-1 at gen475 Univ0 prob=0.562
​ 186I j:ageGp:fam 998:9:-1 by red 113:1:-1 at gen476 Univ0 prob=0.929
​ 186I i:ageGp:fam 734:5:-1 by blue 838:6:-1 at gen476 Univ0 prob=0.141
​ 188I j:ageGp:fam 711:5:-1 by blue 400:3:-1 at gen477 Univ0 prob=0.669
​ 190I j:ageGp:fam 910:7:-1 by red 192:2:-1 at gen478 Univ0 prob=0.164
​ 190I j:ageGp:fam 910:7:-1 by red 747:5:-1 at gen478 Univ0 prob=0.433
​ 191I i:ageGp:fam 631:4:-1 by red 635:4:-1 at gen479 Univ0 prob=0.792
​ 193I i:ageGp:fam 451:3:-1 by blue 712:5:-1 at gen481 Univ0 prob=0.538
​ 193I i:ageGp:fam 629:4:-1 by yellow 631:4:-1 at gen482 Univ0 prob=0.370
​ 194I i:ageGp:fam 10:0:-1 by blue 550:4:-1 at gen483 Univ0 prob=0.638
​ 194I i:ageGp:fam 55:1:-1 by red 760:5:-1 at gen483 Univ0 prob=0.047
​ 194I i:ageGp:fam 361:3:-1 by blue 872:6:-1 at gen483 Univ0 prob=0.990
​ 198I i:ageGp:fam 407:3:-1 by yellow 981:8:-1 at gen485 Univ0 prob=0.747
​ 198I i:ageGp:fam 152:2:-1 by blue 712:5:-1 at gen486 Univ0 prob=0.438
​ 198I i:ageGp:fam 339:2:-1 by red 619:4:-1 at gen486 Univ0 prob=0.968
​ 199I i:ageGp:fam 634:4:-1 by blue 892:6:-1 at gen487 Univ0 prob=0.982
​ 202I i:ageGp:fam 326:2:-1 by blue 570:4:-1 at gen490 Univ0 prob=0.400
​ 202I i:ageGp:fam 666:4:-1 by blue 712:5:-1 at gen490 Univ0 prob=0.850
​ 204I j:ageGp:fam 807:5:-1 by yellow 507:3:-1 at gen492 Univ0 prob=0.226
​ 204I j:ageGp:fam 787:5:-1 by blue 74:1:-1 at gen493 Univ0 prob=0.590
​ 204I j:ageGp:fam 769:5:-1 by yellow 152:2:-1 at gen493 Univ0 prob=0.973
​ 205I i:ageGp:fam 138:2:-1 by red 991:9:-1 at gen494 Univ0 prob=0.047
​ 207I j:ageGp:fam 833:6:-1 by yellow 666:4:-1 at gen495 Univ0 prob=0.398
​ 209I i:ageGp:fam 443:3:-1 by blue 798:5:-1 at gen498 Univ0 prob=0.017
​ 209I j:ageGp:fam 378:3:-1 by blue 157:2:-1 at gen499 Univ0 prob=0.471
​ 209I j:ageGp:fam 499:3:-1 by red 464:3:-1 at gen499 Univ0 prob=0.446
​ 210I i:ageGp:fam 517:3:-1 by red 550:4:-1 at gen500 Univ0 prob=0.781
​ 212I i:ageGp:fam 109:1:-1 by yellow 356:2:-1 at gen501 Univ0 prob=0.910
​ 212I j:ageGp:fam 563:4:-1 by red 131:2:-1 at gen501 Univ0 prob=0.718
​ 213I j:ageGp:fam 946:7:-1 by red 216:2:-1 at gen502 Univ0 prob=0.808
​ 213I j:ageGp:fam 387:3:-1 by blue 382:3:-1 at gen502 Univ0 prob=0.119
​ 215I i:ageGp:fam 33:0:-1 by blue 62:1:-1 at gen503 Univ0 prob=0.905
​ 215I i:ageGp:fam 676:4:-1 by blue 733:5:-1 at gen503 Univ0 prob=0.554
​ 217I i:ageGp:fam 29:0:-1 by yellow 56:1:-1 at gen504 Univ0 prob=0.313
​ 217I i:ageGp:fam 118:1:-1 by blue 261:2:-1 at gen504 Univ0 prob=0.000
​ 217I j:ageGp:fam 175:2:-1 by red 131:2:-1 at gen504 Univ0 prob=0.300
​ 222I j:ageGp:fam 718:5:-1 by yellow 629:4:-1 at gen510 Univ0 prob=0.693
​ 222I j:ageGp:fam 304:2:-1 by blue 156:2:-1 at gen511 Univ0 prob=0.888
​ 223I i:ageGp:fam 26:0:-1 by red 165:2:-1 at gen512 Univ0 prob=0.732
​ 223I i:ageGp:fam 674:4:-1 by red 838:6:-1 at gen512 Univ0 prob=0.629
​ 224I i:ageGp:fam 107:1:-1 by yellow 629:4:-1 at gen513 Univ0 prob=0.554
​ 226I j:ageGp:fam 724:5:-1 by red 588:4:-1 at gen514 Univ0 prob=0.273
​ 226I j:ageGp:fam 861:6:-1 by red 713:5:-1 at gen514 Univ0 prob=0.935
​ 227I i:ageGp:fam 213:2:-1 by red 991:9:-1 at gen515 Univ0 prob=0.252
​ 229I j:ageGp:fam 809:5:-1 by blue 261:2:-1 at gen516 Univ0 prob=0.957
​ 229I j:ageGp:fam 894:6:-1 by yellow 387:3:-1 at gen516 Univ0 prob=0.417
​ 230I i:ageGp:fam 80:1:-1 by red 660:4:-1 at gen517 Univ0 prob=0.204
​ 233I j:ageGp:fam 122:1:-1 by blue 42:1:-1 at gen519 Univ0 prob=0.794
​ 233I j:ageGp:fam 321:2:-1 by blue 156:2:-1 at gen519 Univ0 prob=0.695
​ 233I i:ageGp:fam 228:2:-1 by red 584:4:-1 at gen520 Univ0 prob=0.456
​ 233I i:ageGp:fam 228:2:-1 by red 680:4:-1 at gen520 Univ0 prob=0.292
​ 233I i:ageGp:fam 370:3:-1 by red 464:3:-1 at gen520 Univ0 prob=0.215
​ 237I i:ageGp:fam 25:0:-1 by red 660:4:-1 at gen522 Univ0 prob=0.352
​ 237I i:ageGp:fam 255:2:-1 by blue 652:4:-1 at gen523 Univ0 prob=0.883
​ 237I i:ageGp:fam 328:2:-1 by yellow 846:6:-1 at gen523 Univ0 prob=0.947
​ 237I j:ageGp:fam 915:7:-1 by red 570:4:-1 at gen523 Univ0 prob=0.931
​ 241I j:ageGp:fam 682:4:-1 by red 216:2:-1 at gen525 Univ0 prob=0.866
​ 242I i:ageGp:fam 65:1:-1 by red 712:5:-1 at gen527 Univ0 prob=0.309
​ 242I j:ageGp:fam 384:3:-1 by blue 382:3:-1 at gen527 Univ0 prob=0.732
​ 242I i:ageGp:fam 159:2:-1 by blue 309:2:-1 at gen528 Univ0 prob=0.603
​ 244I j:ageGp:fam 620:4:-1 by yellow 65:1:-1 at gen529 Univ0 prob=0.528
​ 245I j:ageGp:fam 225:2:-1 by blue 176:2:-1 at gen530 Univ0 prob=0.470
​ 245I i:ageGp:fam 270:2:-1 by red 303:2:-1 at gen530 Univ0 prob=0.243
​ 248I i:ageGp:fam 379:3:-1 by red 713:5:-1 at gen533 Univ0 prob=0.957
​ 249I j:ageGp:fam 577:4:-1 by red 131:2:-1 at gen536 Univ0 prob=0.896
​ 249I j:ageGp:fam 826:6:-1 by blue 261:2:-1 at gen537 Univ0 prob=0.107
​ 250I i:ageGp:fam 8:0:-1 by blue 442:3:-1 at gen538 Univ0 prob=0.009
​ 250I j:ageGp:fam 295:2:-1 by blue 156:2:-1 at gen538 Univ0 prob=0.169
​ 253I j:ageGp:fam 848:6:-1 by blue 157:2:-1 at gen540 Univ0 prob=0.311
​ 253I j:ageGp:fam 818:5:-1 by blue 507:3:-1 at gen540 Univ0 prob=0.561
​ 253I j:ageGp:fam 716:5:-1 by red 660:4:-1 at gen540 Univ0 prob=0.608
​ 256I j:ageGp:fam 428:3:-1 by blue 20:0:-1 at gen542 Univ0 prob=0.480
​ 256I i:ageGp:fam 202:2:-1 by blue 871:6:-1 at gen542 Univ0 prob=0.681
​ 256I j:ageGp:fam 902:7:-1 by blue 382:3:-1 at gen542 Univ0 prob=0.848
​ 256I i:ageGp:fam 127:1:-1 by yellow 255:2:-1 at gen543 Univ0 prob=0.344
​ 259I i:ageGp:fam 363:3:-1 by yellow 769:5:-1 at gen544 Univ0 prob=0.132
​ 260I i:ageGp:fam 433:3:-1 by red 712:5:-1 at gen545 Univ0 prob=0.518
​ 260I i:ageGp:fam 801:5:-1 by blue 871:6:-1 at gen545 Univ0 prob=0.836
​ 261I j:ageGp:fam 739:5:-1 by blue 542:4:-1 at gen546 Univ0 prob=0.639
​ 263I j:ageGp:fam 269:2:-1 by yellow 80:1:-1 at gen547 Univ0 prob=0.561
​ 263I j:ageGp:fam 844:6:-1 by blue 210:2:-1 at gen547 Univ0 prob=0.090
​ 263I j:ageGp:fam 740:5:-1 by red 635:4:-1 at gen547 Univ0 prob=0.632
​ 267I i:ageGp:fam 34:0:-1 by blue 511:3:-1 at gen550 Univ0 prob=0.887
​ 267I i:ageGp:fam 901:6:-1 by red 907:7:-1 at gen550 Univ0 prob=0.974
​ 269I j:ageGp:fam 208:2:-1 by red 157:2:-1 at gen553 Univ0 prob=0.260
​ 269I i:ageGp:fam 190:2:-1 by red 699:5:-1 at gen553 Univ0 prob=0.048
​ 269I i:ageGp:fam 208:2:-1 by blue 378:3:-1 at gen553 Univ0 prob=0.110
​ 269I i:ageGp:fam 208:2:-1 by red 570:4:-1 at gen553 Univ0 prob=0.627
​ 269I j:ageGp:fam 823:6:-1 by blue 265:2:-1 at gen553 Univ0 prob=0.606
​ 269I j:ageGp:fam 884:6:-1 by red 216:2:-1 at gen554 Univ0 prob=0.824
​ 269I i:ageGp:fam 414:3:-1 by blue 559:4:-1 at gen554 Univ0 prob=0.543
​ 272I j:ageGp:fam 586:4:-1 by red 189:2:-1 at gen555 Univ0 prob=0.292
​ 272I i:ageGp:fam 450:3:-1 by red 670:4:-1 at gen555 Univ0 prob=0.579
​ 276I j:ageGp:fam 79:1:-1 by blue 42:1:-1 at gen558 Univ0 prob=0.588
​ 276I j:ageGp:fam 859:6:-1 by red 216:2:-1 at gen558 Univ0 prob=0.353
​ 276I i:ageGp:fam 552:4:-1 by blue 871:6:-1 at gen558 Univ0 prob=0.327
​ 279I i:ageGp:fam 54:1:-1 by blue 152:2:-1 at gen561 Univ0 prob=0.902
​ 279I j:ageGp:fam 302:2:-1 by red 221:2:-1 at gen562 Univ0 prob=0.888
​ 279I i:ageGp:fam 465:3:-1 by yellow 724:5:-1 at gen562 Univ0 prob=0.262
​ 280I i:ageGp:fam 669:4:-1 by red 712:5:-1 at gen563 Univ0 prob=0.993
​ 280I j:ageGp:fam 963:8:-1 by blue 846:6:-1 at gen563 Univ0 prob=0.842
​ 284I j:ageGp:fam 230:2:-1 by red 165:2:-1 at gen566 Univ0 prob=0.503
​ 284I i:ageGp:fam 330:2:-1 by blue 807:5:-1 at gen567 Univ0 prob=0.797
​ 284I i:ageGp:fam 659:4:-1 by blue 807:5:-1 at gen567 Univ0 prob=0.155
​ 287I j:ageGp:fam 431:3:-1 by yellow 330:2:-1 at gen569 Univ0 prob=0.101
​ 287I i:ageGp:fam 284:2:-1 by blue 871:6:-1 at gen570 Univ0 prob=0.765
​ 289I i:ageGp:fam 38:0:-1 by blue 629:4:-1 at gen572 Univ0 prob=0.032
​ 289I j:ageGp:fam 565:4:-1 by blue 118:1:-1 at gen572 Univ0 prob=0.486
​ 289I j:ageGp:fam 753:5:-1 by red 131:2:-1 at gen573 Univ0 prob=0.787
​ 289I j:ageGp:fam 788:5:-1 by red 210:2:-1 at gen573 Univ0 prob=0.483
​ 293I i:ageGp:fam 144:2:-1 by red 507:3:-1 at gen579 Univ0 prob=0.294
​ 293I i:ageGp:fam 207:2:-1 by blue 800:5:-1 at gen579 Univ0 prob=0.928
​ 293I j:ageGp:fam 661:4:-1 by blue 652:4:-1 at gen579 Univ0 prob=0.818
​ 296I j:ageGp:fam 233:2:-1 by blue 118:1:-1 at gen581 Univ0 prob=0.700
​ 297I j:ageGp:fam 686:4:-1 by red 119:1:-1 at gen583 Univ0 prob=0.319
​ 298I j:ageGp:fam 485:3:-1 by blue 26:0:-1 at gen585 Univ0 prob=0.950
​ 298I j:ageGp:fam 789:5:-1 by blue 611:4:-1 at gen585 Univ0 prob=0.398
​ 300I j:ageGp:fam 696:5:-1 by blue 122:1:-1 at gen587 Univ0 prob=0.017
​ 300I j:ageGp:fam 942:7:-1 by red 189:2:-1 at gen587 Univ0 prob=0.870
​ 300I j:ageGp:fam 388:3:-1 by red 147:2:-1 at gen588 Univ0 prob=0.730
​ 300I i:ageGp:fam 427:3:-1 by blue 809:5:-1 at gen588 Univ0 prob=0.511
​ 302I j:ageGp:fam 763:5:-1 by red 147:2:-1 at gen589 Univ0 prob=0.460
​ 302I i:ageGp:fam 294:2:-1 by blue 387:3:-1 at gen589 Univ0 prob=0.187
​ 306I j:ageGp:fam 731:5:-1 by red 221:2:-1 at gen591 Univ0 prob=0.648
​ 306I j:ageGp:fam 527:3:-1 by red 250:2:-1 at gen591 Univ0 prob=0.161
​ 306I j:ageGp:fam 637:4:-1 by blue 328:2:-1 at gen591 Univ0 prob=0.506
​ 306I j:ageGp:fam 982:9:-1 by blue 724:5:-1 at gen591 Univ0 prob=0.979
​ 310I j:ageGp:fam 594:4:-1 by red 261:2:-1 at gen593 Univ0 prob=0.124
​ 310I j:ageGp:fam 730:5:-1 by blue 407:3:-1 at gen593 Univ0 prob=0.260
​ 310I i:ageGp:fam 186:2:-1 by yellow 363:3:-1 at gen594 Univ0 prob=0.403
​ 312I j:ageGp:fam 616:4:-1 by blue 118:1:-1 at gen595 Univ0 prob=0.515
​ 312I j:ageGp:fam 434:3:-1 by blue 321:2:-1 at gen595 Univ0 prob=0.879
​ 313I i:ageGp:fam 177:2:-1 by red 507:3:-1 at gen596 Univ0 prob=0.876
​ 313I j:ageGp:fam 802:5:-1 by yellow 433:3:-1 at gen596 Univ0 prob=0.504
​ 315I j:ageGp:fam 617:4:-1 by blue 563:4:-1 at gen597 Univ0 prob=0.139
​ 315I i:ageGp:fam 617:4:-1 by blue 682:4:-1 at gen597 Univ0 prob=0.963
​ 315I j:ageGp:fam 996:9:-1 by red 713:5:-1 at gen597 Univ0 prob=0.782
​ 317I j:ageGp:fam 705:5:-1 by blue 33:0:-1 at gen598 Univ0 prob=0.177
​ 317I j:ageGp:fam 374:3:-1 by red 221:2:-1 at gen598 Univ0 prob=0.560
​ 317I j:ageGp:fam 544:4:-1 by blue 255:2:-1 at gen598 Univ0 prob=0.914
​ 317I j:ageGp:fam 933:7:-1 by blue 328:2:-1 at gen598 Univ0 prob=0.794
​ 317I j:ageGp:fam 705:5:-1 by red 611:4:-1 at gen598 Univ0 prob=0.614
​ 323I j:ageGp:fam 836:6:-1 by red 210:2:-1 at gen601 Univ0 prob=0.693
​ 323I j:ageGp:fam 832:6:-1 by blue 175:2:-1 at gen602 Univ0 prob=0.310
​ 325I j:ageGp:fam 351:2:-1 by blue 213:2:-1 at gen604 Univ0 prob=0.714
​ 326I j:ageGp:fam 908:7:-1 by blue 370:3:-1 at gen608 Univ0 prob=0.762
​ 326I j:ageGp:fam 512:3:-1 by blue 26:0:-1 at gen609 Univ0 prob=0.246
​ 326I j:ageGp:fam 453:3:-1 by blue 225:2:-1 at gen609 Univ0 prob=0.355
​ 326I i:ageGp:fam 318:2:-1 by blue 577:4:-1 at gen609 Univ0 prob=0.276
​ 327I j:ageGp:fam 817:5:-1 by blue 387:3:-1 at gen610 Univ0 prob=0.647
​ 330I j:ageGp:fam 785:5:-1 by red 95:1:-1 at gen611 Univ0 prob=0.385
​ 330I j:ageGp:fam 687:4:-1 by blue 363:3:-1 at gen611 Univ0 prob=0.958
​ 330I j:ageGp:fam 785:5:-1 by blue 499:3:-1 at gen611 Univ0 prob=0.965
​ 331I i:ageGp:fam 205:2:-1 by blue 818:5:-1 at gen612 Univ0 prob=0.680
​ 331I j:ageGp:fam 854:6:-1 by red 511:3:-1 at gen612 Univ0 prob=0.270
​ 333I i:ageGp:fam 231:2:-1 by blue 620:4:-1 at gen613 Univ0 prob=0.617
​ 335I i:ageGp:fam 6:0:-1 by red 136:2:-1 at gen614 Univ0 prob=0.926
​ 335I i:ageGp:fam 6:0:-1 by blue 428:3:-1 at gen614 Univ0 prob=0.048
​ 335I j:ageGp:fam 932:7:-1 by blue 80:1:-1 at gen614 Univ0 prob=0.963
​ 338I i:ageGp:fam 219:2:-1 by blue 363:3:-1 at gen617 Univ0 prob=0.047
​ 339I j:ageGp:fam 909:7:-1 by blue 577:4:-1 at gen619 Univ0 prob=0.934
​ 340I j:ageGp:fam 522:3:-1 by red 261:2:-1 at gen621 Univ0 prob=0.055
​ 340I j:ageGp:fam 994:9:-1 by blue 818:5:-1 at gen621 Univ0 prob=0.856
​ 340I j:ageGp:fam 474:3:-1 by blue 387:3:-1 at gen622 Univ0 prob=0.335
​ 342I i:ageGp:fam 83:1:-1 by blue 818:5:-1 at gen623 Univ0 prob=0.327
​ 343I i:ageGp:fam 355:2:-1 by blue 363:3:-1 at gen624 Univ0 prob=0.877
​ 343I j:ageGp:fam 650:4:-1 by blue 433:3:-1 at gen624 Univ0 prob=0.691
​ 344I j:ageGp:fam 488:3:-1 by blue 202:2:-1 at gen625 Univ0 prob=0.693
​ 346I j:ageGp:fam 964:8:-1 by blue 328:2:-1 at gen626 Univ0 prob=0.878
​ 346I j:ageGp:fam 679:4:-1 by red 387:3:-1 at gen626 Univ0 prob=0.929
​ 347I i:ageGp:fam 106:1:-1 by blue 577:4:-1 at gen627 Univ0 prob=0.805
​ 349I i:ageGp:fam 372:3:-1 by red 511:3:-1 at gen628 Univ0 prob=0.479
​ 350I i:ageGp:fam 99:1:-1 by blue 190:2:-1 at gen629 Univ0 prob=0.051
​ 350I i:ageGp:fam 168:2:-1 by red 712:5:-1 at gen629 Univ0 prob=0.162
​ 350I j:ageGp:fam 526:3:-1 by blue 202:2:-1 at gen629 Univ0 prob=0.643
​ 350I i:ageGp:fam 706:5:-1 by blue 963:8:-1 at gen629 Univ0 prob=0.396
​ 351I j:ageGp:fam 959:8:-1 by blue 38:0:-1 at gen630 Univ0 prob=0.902
​ 351I i:ageGp:fam 628:4:-1 by blue 669:4:-1 at gen630 Univ0 prob=0.449
​ 351I i:ageGp:fam 710:5:-1 by blue 740:5:-1 at gen630 Univ0 prob=0.966
​ 351I i:ageGp:fam 803:5:-1 by blue 818:5:-1 at gen630 Univ0 prob=0.806
​ 359I j:ageGp:fam 837:6:-1 by red 769:5:-1 at gen632 Univ0 prob=0.383
​ 360I i:ageGp:fam 58:1:-1 by red 261:2:-1 at gen634 Univ0 prob=0.148
​ 360I j:ageGp:fam 745:5:-1 by blue 190:2:-1 at gen634 Univ0 prob=0.079
​ 360I i:ageGp:fam 206:2:-1 by red 631:4:-1 at gen634 Univ0 prob=0.275
​ 360I j:ageGp:fam 403:3:-1 by blue 302:2:-1 at gen634 Univ0 prob=0.491
​ 364I j:ageGp:fam 171:2:-1 by red 10:0:-1 at gen638 Univ0 prob=0.770
​ 364I j:ageGp:fam 925:7:-1 by red 507:3:-1 at gen638 Univ0 prob=0.778
​ 364I j:ageGp:fam 916:7:-1 by red 546:4:-1 at gen638 Univ0 prob=0.845
​ 367I i:ageGp:fam 251:2:-1 by red 769:5:-1 at gen640 Univ0 prob=0.957
​ 367I i:ageGp:fam 389:3:-1 by red 776:5:-1 at gen640 Univ0 prob=0.850
​ 369I i:ageGp:fam 521:3:-1 by red 676:4:-1 at gen642 Univ0 prob=0.419
​ 369I j:ageGp:fam 297:2:-1 by blue 207:2:-1 at gen643 Univ0 prob=0.563
​ 369I i:ageGp:fam 349:2:-1 by blue 427:3:-1 at gen643 Univ0 prob=0.567
​ 370I j:ageGp:fam 969:8:-1 by red 80:1:-1 at gen644 Univ0 prob=0.877
​ 372I i:ageGp:fam 263:2:-1 by red 563:4:-1 at gen645 Univ0 prob=0.676
​ 374I j:ageGp:fam 272:2:-1 by blue 79:1:-1 at gen647 Univ0 prob=0.598
​ 374I i:ageGp:fam 476:3:-1 by blue 826:6:-1 at gen648 Univ0 prob=0.653
​ 376I j:ageGp:fam 953:8:-1 by red 885:6:-1 at gen650 Univ0 prob=0.875
​ 377I i:ageGp:fam 172:2:-1 by blue 818:5:-1 at gen653 Univ0 prob=0.368
​ 377I j:ageGp:fam 81:1:-1 by red 10:0:-1 at gen654 Univ0 prob=0.836
​ 377I i:ageGp:fam 506:3:-1 by red 620:4:-1 at gen654 Univ0 prob=0.685
​ 378I j:ageGp:fam 334:2:-1 by blue 233:2:-1 at gen655 Univ0 prob=0.740
​ 380I j:ageGp:fam 973:8:-1 by blue 207:2:-1 at gen656 Univ0 prob=0.939
​ 382I j:ageGp:fam 850:6:-1 by red 674:4:-1 at gen658 Univ0 prob=0.471
​ 383I i:ageGp:fam 307:2:-1 by blue 433:3:-1 at gen660 Univ0 prob=0.044
​ 383I i:ageGp:fam 681:4:-1 by red 818:5:-1 at gen660 Univ0 prob=0.318
​ 385I i:ageGp:fam 534:3:-1 by blue 637:4:-1 at gen662 Univ0 prob=0.954
​ 385I i:ageGp:fam 547:4:-1 by red 800:5:-1 at gen662 Univ0 prob=0.331
​ 387I i:ageGp:fam 344:2:-1 by yellow 403:3:-1 at gen664 Univ0 prob=0.944
​ 387I i:ageGp:fam 438:3:-1 by red 511:3:-1 at gen665 Univ0 prob=0.243
​ 388I i:ageGp:fam 333:2:-1 by yellow 547:4:-1 at gen666 Univ0 prob=0.254
​ 389I j:ageGp:fam 572:4:-1 by blue 318:2:-1 at gen667 Univ0 prob=0.798
​ 389I j:ageGp:fam 690:5:-1 by red 511:3:-1 at gen667 Univ0 prob=0.327
​ 390I i:ageGp:fam 404:3:-1 by blue 637:4:-1 at gen668 Univ0 prob=0.587
​ 393I j:ageGp:fam 430:3:-1 by red 10:0:-1 at gen672 Univ0 prob=0.374
​ 393I j:ageGp:fam 539:3:-1 by blue 186:2:-1 at gen672 Univ0 prob=0.765
​ 393I j:ageGp:fam 891:6:-1 by red 800:5:-1 at gen673 Univ0 prob=0.432
​ 395I j:ageGp:fam 898:6:-1 by red 652:4:-1 at gen674 Univ0 prob=0.400
​ 396I i:ageGp:fam 141:2:-1 by red 433:3:-1 at gen675 Univ0 prob=0.797
​ 397I j:ageGp:fam 768:5:-1 by yellow 572:4:-1 at gen676 Univ0 prob=0.717
​ 398I i:ageGp:fam 126:1:-1 by blue 933:7:-1 at gen677 Univ0 prob=0.938
​ 398I i:ageGp:fam 274:2:-1 by red 776:5:-1 at gen677 Univ0 prob=0.250
​ 398I i:ageGp:fam 538:3:-1 by red 769:5:-1 at gen677 Univ0 prob=0.038
​ 399I i:ageGp:fam 423:3:-1 by blue 687:4:-1 at gen678 Univ0 prob=0.398
​ 399I i:ageGp:fam 456:3:-1 by red 769:5:-1 at gen678 Univ0 prob=0.800
​ 402I i:ageGp:fam 37:0:-1 by red 848:6:-1 at gen679 Univ0 prob=0.382
​ 402I j:ageGp:fam 644:4:-1 by red 620:4:-1 at gen679 Univ0 prob=0.180
​ 402I j:ageGp:fam 896:6:-1 by blue 637:4:-1 at gen679 Univ0 prob=0.138
​ 404I i:ageGp:fam 214:2:-1 by blue 522:3:-1 at gen680 Univ0 prob=0.182
​ 407I j:ageGp:fam 928:7:-1 by yellow 297:2:-1 at gen681 Univ0 prob=0.941
​ 409I i:ageGp:fam 30:0:-1 by blue 512:3:-1 at gen683 Univ0 prob=0.584
​ 409I j:ageGp:fam 490:3:-1 by blue 38:0:-1 at gen684 Univ0 prob=0.317
​ 409I i:ageGp:fam 643:4:-1 by red 800:5:-1 at gen684 Univ0 prob=0.103
​ 410I j:ageGp:fam 792:5:-1 by blue 318:2:-1 at gen685 Univ0 prob=0.892
​ 410I j:ageGp:fam 931:7:-1 by blue 522:3:-1 at gen685 Univ0 prob=0.951
​ 414I i:ageGp:fam 237:2:-1 by red 818:5:-1 at gen689 Univ0 prob=0.552
​ 414I i:ageGp:fam 11:0:-1 by blue 706:5:-1 at gen690 Univ0 prob=0.127
​ 416I i:ageGp:fam 477:3:-1 by red 631:4:-1 at gen692 Univ0 prob=0.403
​ 416I i:ageGp:fam 501:3:-1 by red 652:4:-1 at gen692 Univ0 prob=0.666
​ 416I j:ageGp:fam 936:7:-1 by red 511:3:-1 at gen693 Univ0 prob=0.782
​ 418I i:ageGp:fam 502:3:-1 by blue 916:7:-1 at gen694 Univ0 prob=0.345
​ 418I j:ageGp:fam 843:6:-1 by red 823:6:-1 at gen694 Univ0 prob=0.236
​ 419I j:ageGp:fam 145:2:-1 by blue 83:1:-1 at gen695 Univ0 prob=0.273
​ 419I j:ageGp:fam 571:4:-1 by blue 522:3:-1 at gen695 Univ0 prob=0.410
​ 421I i:ageGp:fam 32:0:-1 by red 38:0:-1 at gen696 Univ0 prob=0.347
​ 421I i:ageGp:fam 181:2:-1 by blue 909:7:-1 at gen696 Univ0 prob=0.187
​ 423I i:ageGp:fam 13:0:-1 by blue 522:3:-1 at gen697 Univ0 prob=0.571
​ 423I i:ageGp:fam 69:1:-1 by red 631:4:-1 at gen697 Univ0 prob=0.271
​ 425I i:ageGp:fam 655:4:-1 by red 769:5:-1 at gen698 Univ0 prob=0.091
​ 428I j:ageGp:fam 835:6:-1 by blue 231:2:-1 at gen700 Univ0 prob=0.537
​ 429I j:ageGp:fam 470:3:-1 by red 284:2:-1 at gen702 Univ0 prob=0.594
​ 429I j:ageGp:fam 888:6:-1 by red 8:0:-1 at gen703 Univ0 prob=0.147
​ 429I j:ageGp:fam 888:6:-1 by blue 706:5:-1 at gen703 Univ0 prob=0.395
​ 430I j:ageGp:fam 557:4:-1 by blue 297:2:-1 at gen704 Univ0 prob=0.566
​ 432I i:ageGp:fam 3:0:-1 by red 833:6:-1 at gen706 Univ0 prob=0.100
​ 433I i:ageGp:fam 283:2:-1 by red 800:5:-1 at gen709 Univ0 prob=0.538
​ 433I j:ageGp:fam 492:3:-1 by red 175:2:-1 at gen710 Univ0 prob=0.718
​ 434I i:ageGp:fam 287:2:-1 by red 894:6:-1 at gen711 Univ0 prob=0.847
​ 434I i:ageGp:fam 367:3:-1 by yellow 490:3:-1 at gen711 Univ0 prob=0.651
​ 435I i:ageGp:fam 415:3:-1 by red 594:4:-1 at gen712 Univ0 prob=0.009
​ 437I j:ageGp:fam 709:5:-1 by yellow 490:3:-1 at gen713 Univ0 prob=0.681
​ 438I i:ageGp:fam 238:2:-1 by yellow 655:4:-1 at gen714 Univ0 prob=0.015
​ 440I j:ageGp:fam 804:5:-1 by blue 334:2:-1 at gen717 Univ0 prob=0.458
​ 440I j:ageGp:fam 865:6:-1 by red 769:5:-1 at gen717 Univ0 prob=0.277
​ 442I j:ageGp:fam 735:5:-1 by blue 219:2:-1 at gen722 Univ0 prob=0.841
​ 442I i:ageGp:fam 360:3:-1 by yellow 891:6:-1 at gen722 Univ0 prob=0.702
​ 442I i:ageGp:fam 545:4:-1 by blue 909:7:-1 at gen723 Univ0 prob=0.666
​ 442I i:ageGp:fam 750:5:-1 by red 963:8:-1 at gen723 Univ0 prob=0.731
​ 446I i:ageGp:fam 143:2:-1 by red 800:5:-1 at gen725 Univ0 prob=0.729
​ 446I j:ageGp:fam 566:4:-1 by red 233:2:-1 at gen725 Univ0 prob=0.507
​ 448I j:ageGp:fam 271:2:-1 by red 186:2:-1 at gen727 Univ0 prob=0.741
​ 448I i:ageGp:fam 782:5:-1 by red 894:6:-1 at gen728 Univ0 prob=0.524
​ 449I j:ageGp:fam 226:2:-1 by red 8:0:-1 at gen729 Univ0 prob=0.735
​ 449I i:ageGp:fam 16:0:-1 by red 631:4:-1 at gen729 Univ0 prob=0.676
​ 452I i:ageGp:fam 100:1:-1 by blue 916:7:-1 at gen731 Univ0 prob=0.631
​ 452I i:ageGp:fam 296:2:-1 by blue 355:2:-1 at gen731 Univ0 prob=0.042
​ 452I j:ageGp:fam 358:2:-1 by yellow 11:0:-1 at gen732 Univ0 prob=0.423
​ 454I j:ageGp:fam 934:7:-1 by red 652:4:-1 at gen733 Univ0 prob=0.955
​ 455I i:ageGp:fam 480:3:-1 by blue 522:3:-1 at gen734 Univ0 prob=0.823
​ 457I i:ageGp:fam 1:0:-1 by red 433:3:-1 at gen738 Univ0 prob=0.465
​ 458I i:ageGp:fam 135:2:-1 by blue 547:4:-1 at gen740 Univ0 prob=0.275
​ 458I i:ageGp:fam 108:1:-1 by blue 973:8:-1 at gen741 Univ0 prob=0.363
​ 459I j:ageGp:fam 505:3:-1 by blue 11:0:-1 at gen742 Univ0 prob=0.202
​ 459I i:ageGp:fam 18:0:-1 by blue 141:2:-1 at gen742 Univ0 prob=0.158
​ 462I i:ageGp:fam 266:2:-1 by red 387:3:-1 at gen746 Univ0 prob=0.091
​ 462I i:ageGp:fam 569:4:-1 by red 631:4:-1 at gen747 Univ0 prob=0.551
​ 463I i:ageGp:fam 223:2:-1 by blue 538:3:-1 at gen748 Univ0 prob=0.768
​ 465I i:ageGp:fam 132:2:-1 by yellow 545:4:-1 at gen750 Univ0 prob=0.565
​ 465I j:ageGp:fam 325:2:-1 by blue 181:2:-1 at gen750 Univ0 prob=0.424
​ 465I j:ageGp:fam 886:6:-1 by blue 141:2:-1 at gen751 Univ0 prob=0.043
​ 465I j:ageGp:fam 182:2:-1 by red 175:2:-1 at gen751 Univ0 prob=0.481
​ 469I j:ageGp:fam 860:6:-1 by blue 141:2:-1 at gen753 Univ0 prob=0.265
​ 469I i:ageGp:fam 426:3:-1 by yellow 545:4:-1 at gen753 Univ0 prob=0.403
​ 469I j:ageGp:fam 424:3:-1 by yellow 360:3:-1 at gen754 Univ0 prob=0.291
​ 472I j:ageGp:fam 774:5:-1 by blue 181:2:-1 at gen757 Univ0 prob=0.737
​ 472I i:ageGp:fam 749:5:-1 by red 769:5:-1 at gen758 Univ0 prob=0.295
​ 474I i:ageGp:fam 602:4:-1 by red 631:4:-1 at gen760 Univ0 prob=0.831
​ 475I j:ageGp:fam 633:4:-1 by red 8:0:-1 at gen762 Univ0 prob=0.936
​ 475I j:ageGp:fam 508:3:-1 by blue 470:3:-1 at gen762 Univ0 prob=0.211
​ 475I i:ageGp:fam 548:4:-1 by blue 931:7:-1 at gen763 Univ0 prob=0.088
​ 478I i:ageGp:fam 73:1:-1 by red 996:9:-1 at gen765 Univ0 prob=0.477
​ 478I j:ageGp:fam 468:3:-1 by red 175:2:-1 at gen765 Univ0 prob=0.661
​ 478I i:ageGp:fam 345:2:-1 by blue 931:7:-1 at gen765 Univ0 prob=0.830
​ 481I j:ageGp:fam 726:5:-1 by blue 538:3:-1 at gen768 Univ0 prob=0.566
​ 481I j:ageGp:fam 758:5:-1 by blue 643:4:-1 at gen768 Univ0 prob=0.902
​ 481I j:ageGp:fam 726:5:-1 by blue 655:4:-1 at gen768 Univ0 prob=0.754
​ 481I j:ageGp:fam 495:3:-1 by red 251:2:-1 at gen769 Univ0 prob=0.035
​ 483I i:ageGp:fam 273:2:-1 by red 753:5:-1 at gen770 Univ0 prob=0.321
​ 484I i:ageGp:fam 262:2:-1 by blue 644:4:-1 at gen771 Univ0 prob=0.443
​ 484I j:ageGp:fam 510:3:-1 by red 297:2:-1 at gen771 Univ0 prob=0.971
​ 487I i:ageGp:fam 52:1:-1 by red 661:4:-1 at gen773 Univ0 prob=0.158
​ 487I i:ageGp:fam 52:1:-1 by red 959:8:-1 at gen773 Univ0 prob=0.847
​ 487I i:ageGp:fam 28:0:-1 by red 833:6:-1 at gen774 Univ0 prob=0.119
​ 488I i:ageGp:fam 543:4:-1 by red 650:4:-1 at gen775 Univ0 prob=0.840
​ 489I i:ageGp:fam 509:3:-1 by red 565:4:-1 at gen776 Univ0 prob=0.932
​ 491I i:ageGp:fam 154:2:-1 by blue 477:3:-1 at gen778 Univ0 prob=0.372
​ 492I i:ageGp:fam 398:3:-1 by red 710:5:-1 at gen780 Univ0 prob=0.284
​ 492I i:ageGp:fam 449:3:-1 by red 894:6:-1 at gen780 Univ0 prob=0.384
​ 494I j:ageGp:fam 306:2:-1 by blue 181:2:-1 at gen783 Univ0 prob=0.583
​ 495I i:ageGp:fam 76:1:-1 by red 572:4:-1 at gen785 Univ0 prob=0.873
​ 495I i:ageGp:fam 315:2:-1 by blue 709:5:-1 at gen785 Univ0 prob=0.779
​ 495I i:ageGp:fam 599:4:-1 by blue 709:5:-1 at gen785 Univ0 prob=0.092
​ 498I i:ageGp:fam 61:1:-1 by red 973:8:-1 at gen787 Univ0 prob=0.291
​ 498I j:ageGp:fam 293:2:-1 by red 144:2:-1 at gen787 Univ0 prob=0.895
​ 498I j:ageGp:fam 899:6:-1 by blue 181:2:-1 at gen787 Univ0 prob=0.611
​ 498I j:ageGp:fam 882:6:-1 by blue 477:3:-1 at gen788 Univ0 prob=0.003
​ 498I i:ageGp:fam 866:6:-1 by blue 928:7:-1 at gen788 Univ0 prob=0.313
​ 501I i:ageGp:fam 51:1:-1 by red 547:4:-1 at gen789 Univ0 prob=0.714
​ 504I j:ageGp:fam 662:4:-1 by blue 538:3:-1 at gen793 Univ0 prob=0.074
​ 504I i:ageGp:fam 75:1:-1 by yellow 345:2:-1 at gen794 Univ0 prob=0.628
​ 505I i:ageGp:fam 653:4:-1 by red 891:6:-1 at gen795 Univ0 prob=0.985
​ 506I i:ageGp:fam 183:2:-1 by blue 571:4:-1 at gen796 Univ0 prob=0.706
​ 507I i:ageGp:fam 459:3:-1 by red 740:5:-1 at gen797 Univ0 prob=0.382
​ 508I i:ageGp:fam 373:3:-1 by red 710:5:-1 at gen798 Univ0 prob=0.477
​ 510I i:ageGp:fam 298:2:-1 by red 433:3:-1 at gen800 Univ0 prob=0.452
​ 510I i:ageGp:fam 72:1:-1 by blue 415:3:-1 at gen801 Univ0 prob=0.569
​ 512I i:ageGp:fam 170:2:-1 by red 547:4:-1 at gen804 Univ0 prob=0.309
​ 512I i:ageGp:fam 209:2:-1 by red 538:3:-1 at gen804 Univ0 prob=0.120
​ 512I i:ageGp:fam 57:1:-1 by red 644:4:-1 at gen805 Univ0 prob=0.897
​ 514I j:ageGp:fam 632:4:-1 by red 81:1:-1 at gen806 Univ0 prob=0.636
​ 515I j:ageGp:fam 591:4:-1 by blue 271:2:-1 at gen807 Univ0 prob=0.630
​ 517I j:ageGp:fam 967:8:-1 by red 456:3:-1 at gen809 Univ0 prob=0.981
​ 517I i:ageGp:fam 153:2:-1 by red 818:5:-1 at gen810 Univ0 prob=0.456
​ 517I i:ageGp:fam 346:2:-1 by red 643:4:-1 at gen810 Univ0 prob=0.816
​ 520I j:ageGp:fam 678:4:-1 by blue 492:3:-1 at gen812 Univ0 prob=0.324
​ 521I i:ageGp:fam 234:2:-1 by blue 415:3:-1 at gen814 Univ0 prob=0.480
​ 521I i:ageGp:fam 290:2:-1 by blue 325:2:-1 at gen814 Univ0 prob=0.563
​ 521I i:ageGp:fam 196:2:-1 by blue 492:3:-1 at gen815 Univ0 prob=0.389
​ 524I j:ageGp:fam 336:2:-1 by red 141:2:-1 at gen818 Univ0 prob=0.476
​ 524I i:ageGp:fam 357:2:-1 by blue 367:3:-1 at gen818 Univ0 prob=0.870
​ 524I j:ageGp:fam 814:5:-1 by blue 283:2:-1 at gen819 Univ0 prob=0.565
​ 526I j:ageGp:fam 688:4:-1 by red 181:2:-1 at gen820 Univ0 prob=0.729
​ 526I j:ageGp:fam 267:2:-1 by red 208:2:-1 at gen820 Univ0 prob=0.681
​ 526I j:ageGp:fam 780:5:-1 by red 538:3:-1 at gen820 Univ0 prob=0.827
​ 527I j:ageGp:fam 707:5:-1 by blue 367:3:-1 at gen821 Univ0 prob=0.911
​ 527I i:ageGp:fam 393:3:-1 by blue 470:3:-1 at gen821 Univ0 prob=0.450
​ 532I i:ageGp:fam 19:0:-1 by blue 283:2:-1 at gen824 Univ0 prob=0.191
​ 532I j:ageGp:fam 454:3:-1 by green 19:0:-1 at gen824 Univ0 prob=0.353
​ 532I j:ageGp:fam 553:4:-1 by yellow 61:1:-1 at gen824 Univ0 prob=0.309
​ 532I j:ageGp:fam 125:1:-1 by blue 108:1:-1 at gen824 Univ0 prob=0.374
​ 532I j:ageGp:fam 454:3:-1 by blue 283:2:-1 at gen824 Univ0 prob=0.327
​ 536I i:ageGp:fam 44:1:-1 by blue 860:6:-1 at gen826 Univ0 prob=0.523
​ 536I j:ageGp:fam 461:3:-1 by blue 424:3:-1 at gen826 Univ0 prob=0.479
​ 536I i:ageGp:fam 536:3:-1 by blue 886:6:-1 at gen826 Univ0 prob=0.402
​ 536I j:ageGp:fam 590:4:-1 by red 433:3:-1 at gen827 Univ0 prob=0.338
​ 540I j:ageGp:fam 323:2:-1 by blue 52:1:-1 at gen831 Univ0 prob=0.779
​ 540I i:ageGp:fam 128:1:-1 by blue 495:3:-1 at gen832 Univ0 prob=0.450
​ 540I i:ageGp:fam 762:5:-1 by blue 886:6:-1 at gen832 Univ0 prob=0.361
​ 543I i:ageGp:fam 279:2:-1 by blue 296:2:-1 at gen836 Univ0 prob=0.639
​ 543I j:ageGp:fam 625:4:-1 by red 594:4:-1 at gen836 Univ0 prob=0.515
​ 543I j:ageGp:fam 956:8:-1 by red 539:3:-1 at gen837 Univ0 prob=0.998
​ 545I j:ageGp:fam 383:3:-1 by blue 262:2:-1 at gen838 Univ0 prob=0.284
​ 545I j:ageGp:fam 504:3:-1 by red 415:3:-1 at gen838 Univ0 prob=0.221
​ 546I j:ageGp:fam 948:7:-1 by blue 548:4:-1 at gen839 Univ0 prob=0.995
​ 549I i:ageGp:fam 27:0:-1 by red 415:3:-1 at gen842 Univ0 prob=0.353
​ 549I i:ageGp:fam 311:2:-1 by blue 315:2:-1 at gen842 Univ0 prob=0.237
​ 551I j:ageGp:fam 900:6:-1 by red 470:3:-1 at gen845 Univ0 prob=0.596
​ 551I i:ageGp:fam 82:1:-1 by red 415:3:-1 at gen846 Univ0 prob=0.535
​ 552I j:ageGp:fam 794:5:-1 by yellow 357:2:-1 at gen847 Univ0 prob=0.523
​ 552I i:ageGp:fam 484:3:-1 by blue 882:6:-1 at gen847 Univ0 prob=0.207
​ 553I i:ageGp:fam 161:2:-1 by blue 480:3:-1 at gen848 Univ0 prob=0.722
​ 555I j:ageGp:fam 639:4:-1 by red 141:2:-1 at gen849 Univ0 prob=0.542
​ 555I j:ageGp:fam 732:5:-1 by red 141:2:-1 at gen849 Univ0 prob=0.487
​ 556I j:ageGp:fam 834:6:-1 by blue 51:1:-1 at gen850 Univ0 prob=0.453
​ 558I j:ageGp:fam 693:5:-1 by red 143:2:-1 at gen851 Univ0 prob=0.014
​ 558I i:ageGp:fam 445:3:-1 by blue 886:6:-1 at gen851 Univ0 prob=0.037
​ 558I i:ageGp:fam 725:5:-1 by blue 899:6:-1 at gen851 Univ0 prob=0.477
​ 559I j:ageGp:fam 479:3:-1 by red 143:2:-1 at gen852 Univ0 prob=0.530
​ 562I i:ageGp:fam 354:2:-1 by red 547:4:-1 at gen853 Univ0 prob=0.532
​ 564I i:ageGp:fam 116:1:-1 by red 135:2:-1 at gen855 Univ0 prob=0.985
​ 565I j:ageGp:fam 483:3:-1 by blue 61:1:-1 at gen858 Univ0 prob=0.097
​ 565I j:ageGp:fam 783:5:-1 by blue 509:3:-1 at gen858 Univ0 prob=0.481
​ 565I j:ageGp:fam 640:4:-1 by red 145:2:-1 at gen859 Univ0 prob=0.399
​ 567I i:ageGp:fam 248:2:-1 by blue 424:3:-1 at gen860 Univ0 prob=0.682
​ 567I i:ageGp:fam 472:3:-1 by red 709:5:-1 at gen860 Univ0 prob=0.557
​ 570I i:ageGp:fam 110:1:-1 by blue 882:6:-1 at gen862 Univ0 prob=0.641
​ 570I j:ageGp:fam 728:5:-1 by red 522:3:-1 at gen862 Univ0 prob=0.421
​ 570I j:ageGp:fam 700:5:-1 by blue 61:1:-1 at gen863 Univ0 prob=0.437
​ 570I j:ageGp:fam 613:4:-1 by blue 183:2:-1 at gen863 Univ0 prob=0.095
​ 570I j:ageGp:fam 717:5:-1 by red 271:2:-1 at gen863 Univ0 prob=0.036
​ 572I i:ageGp:fam 603:4:-1 by blue 678:4:-1 at gen864 Univ0 prob=0.974
​ 575I i:ageGp:fam 45:1:-1 by blue 52:1:-1 at gen865 Univ0 prob=0.086
​ 576I j:ageGp:fam 452:3:-1 by red 415:3:-1 at gen866 Univ0 prob=0.448
​ 578I i:ageGp:fam 36:0:-1 by blue 591:4:-1 at gen868 Univ0 prob=0.011
​ 578I j:ageGp:fam 830:6:-1 by blue 345:2:-1 at gen868 Univ0 prob=0.716
​ 578I j:ageGp:fam 300:2:-1 by red 135:2:-1 at gen869 Univ0 prob=0.481
​ 578I j:ageGp:fam 918:7:-1 by blue 154:2:-1 at gen869 Univ0 prob=0.990
​ 578I j:ageGp:fam 497:3:-1 by blue 183:2:-1 at gen869 Univ0 prob=0.628
​ 580I j:ageGp:fam 580:4:-1 by red 143:2:-1 at gen870 Univ0 prob=0.602
​ 583I i:ageGp:fam 201:2:-1 by blue 267:2:-1 at gen871 Univ0 prob=0.624
​ 583I i:ageGp:fam 335:2:-1 by blue 510:3:-1 at gen871 Univ0 prob=0.964
​ 586I i:ageGp:fam 64:1:-1 by blue 509:3:-1 at gen873 Univ0 prob=0.773
​ 586I j:ageGp:fam 410:3:-1 by red 223:2:-1 at gen873 Univ0 prob=0.381
​ 586I i:ageGp:fam 513:3:-1 by red 803:5:-1 at gen873 Univ0 prob=0.079
​ 586I i:ageGp:fam 432:3:-1 by yellow 553:4:-1 at gen874 Univ0 prob=0.658
​ 589I j:ageGp:fam 770:5:-1 by red 143:2:-1 at gen875 Univ0 prob=0.118
​ 589I i:ageGp:fam 667:4:-1 by blue 678:4:-1 at gen875 Univ0 prob=0.033
​ 592I j:ageGp:fam 348:2:-1 by blue 170:2:-1 at gen877 Univ0 prob=0.088
​ 592I j:ageGp:fam 394:3:-1 by red 181:2:-1 at gen877 Univ0 prob=0.085
​ 592I i:ageGp:fam 396:3:-1 by blue 662:4:-1 at gen877 Univ0 prob=0.804
​ 595I i:ageGp:fam 167:2:-1 by blue 662:4:-1 at gen879 Univ0 prob=0.682
​ 596I j:ageGp:fam 841:6:-1 by red 223:2:-1 at gen881 Univ0 prob=0.383
​ 596I i:ageGp:fam 104:1:-1 by red 108:1:-1 at gen882 Univ0 prob=0.715
​ 596I j:ageGp:fam 737:5:-1 by red 480:3:-1 at gen882 Univ0 prob=0.952
​ 597I j:ageGp:fam 169:2:-1 by blue 19:0:-1 at gen883 Univ0 prob=0.991
​ 597I i:ageGp:fam 59:1:-1 by red 424:3:-1 at gen883 Univ0 prob=0.617
​ 599I j:ageGp:fam 923:7:-1 by red 426:3:-1 at gen884 Univ0 prob=0.963
​ 601I i:ageGp:fam 4:0:-1 by blue 72:1:-1 at gen885 Univ0 prob=0.832
​ 603I i:ageGp:fam 440:3:-1 by blue 504:3:-1 at gen888 Univ0 prob=0.701
​ 604I j:ageGp:fam 439:3:-1 by blue 234:2:-1 at gen890 Univ0 prob=0.487
​ 605I i:ageGp:fam 71:1:-1 by red 345:2:-1 at gen893 Univ0 prob=0.412
​ 605I j:ageGp:fam 742:5:-1 by blue 336:2:-1 at gen894 Univ0 prob=0.679
​ 606I j:ageGp:fam 275:2:-1 by red 52:1:-1 at gen895 Univ0 prob=0.372
​ 606I j:ageGp:fam 746:5:-1 by blue 183:2:-1 at gen895 Univ0 prob=0.100
​ 607I j:ageGp:fam 324:2:-1 by blue 234:2:-1 at gen896 Univ0 prob=0.662
​ 609I j:ageGp:fam 188:2:-1 by blue 170:2:-1 at gen897 Univ0 prob=0.075
​ 609I i:ageGp:fam 523:3:-1 by red 792:5:-1 at gen897 Univ0 prob=0.859
​ 610I i:ageGp:fam 341:2:-1 by red 735:5:-1 at gen898 Univ0 prob=0.882
​ 612I i:ageGp:fam 246:2:-1 by yellow 445:3:-1 at gen899 Univ0 prob=0.296
​ 613I i:ageGp:fam 134:2:-1 by red 345:2:-1 at gen900 Univ0 prob=0.960
​ 613I j:ageGp:fam 738:5:-1 by blue 196:2:-1 at gen900 Univ0 prob=0.361
​ 616I i:ageGp:fam 198:2:-1 by red 219:2:-1 at gen902 Univ0 prob=0.317
​ 616I j:ageGp:fam 675:4:-1 by yellow 341:2:-1 at gen902 Univ0 prob=0.065
​ 616I j:ageGp:fam 482:3:-1 by red 415:3:-1 at gen902 Univ0 prob=0.926
​ 616I i:ageGp:fam 368:3:-1 by blue 591:4:-1 at gen903 Univ0 prob=0.053
​ 616I i:ageGp:fam 469:3:-1 by red 492:3:-1 at gen903 Univ0 prob=0.574
​ 621I i:ageGp:fam 77:1:-1 by red 345:2:-1 at gen905 Univ0 prob=0.534
​ 622I j:ageGp:fam 878:6:-1 by blue 19:0:-1 at gen907 Univ0 prob=0.954
​ 622I j:ageGp:fam 673:4:-1 by red 538:3:-1 at gen907 Univ0 prob=0.056
​ 622I i:ageGp:fam 93:1:-1 by red 509:3:-1 at gen908 Univ0 prob=0.155
​ 622I i:ageGp:fam 115:1:-1 by blue 599:4:-1 at gen908 Univ0 prob=0.619
​ 624I i:ageGp:fam 17:0:-1 by blue 234:2:-1 at gen909 Univ0 prob=0.217
​ 624I i:ageGp:fam 160:2:-1 by yellow 188:2:-1 at gen909 Univ0 prob=0.562
​ 626I i:ageGp:fam 103:1:-1 by blue 899:6:-1 at gen910 Univ0 prob=0.505
​ 628I j:ageGp:fam 595:4:-1 by red 538:3:-1 at gen911 Univ0 prob=0.432
​ 629I i:ageGp:fam 133:2:-1 by blue 336:2:-1 at gen912 Univ0 prob=0.964
​ 629I j:ageGp:fam 486:3:-1 by red 135:2:-1 at gen912 Univ0 prob=0.308
​ 629I i:ageGp:fam 500:3:-1 by red 547:4:-1 at gen912 Univ0 prob=0.674
​ 630I i:ageGp:fam 329:2:-1 by blue 762:5:-1 at gen913 Univ0 prob=0.230
​ 633I j:ageGp:fam 199:2:-1 by blue 19:0:-1 at gen914 Univ0 prob=0.178
​ 634I j:ageGp:fam 727:5:-1 by blue 536:3:-1 at gen915 Univ0 prob=0.110
​ 635I i:ageGp:fam 292:2:-1 by blue 732:5:-1 at gen916 Univ0 prob=0.113
​ 636I i:ageGp:fam 163:2:-1 by blue 454:3:-1 at gen917 Univ0 prob=0.436
​ 636I j:ageGp:fam 493:3:-1 by blue 454:3:-1 at gen917 Univ0 prob=0.878
​ 636I j:ageGp:fam 845:6:-1 by blue 732:5:-1 at gen917 Univ0 prob=0.464
​ 640I i:ageGp:fam 276:2:-1 by blue 504:3:-1 at gen920 Univ0 prob=0.814
​ 640I i:ageGp:fam 305:2:-1 by blue 956:8:-1 at gen920 Univ0 prob=0.907
​ 640I j:ageGp:fam 195:2:-1 by blue 45:1:-1 at gen921 Univ0 prob=0.375
​ 640I j:ageGp:fam 222:2:-1 by red 214:2:-1 at gen921 Univ0 prob=0.192
​ 640I i:ageGp:fam 805:5:-1 by red 891:6:-1 at gen921 Univ0 prob=0.264
​ 642I i:ageGp:fam 24:0:-1 by blue 732:5:-1 at gen922 Univ0 prob=0.953
​ 642I i:ageGp:fam 606:4:-1 by red 735:5:-1 at gen922 Univ0 prob=0.438
​ 645I i:ageGp:fam 597:4:-1 by blue 693:5:-1 at gen923 Univ0 prob=0.897
​ 647I i:ageGp:fam 240:2:-1 by blue 762:5:-1 at gen924 Univ0 prob=0.245
​ 647I i:ageGp:fam 473:3:-1 by red 591:4:-1 at gen924 Univ0 prob=0.693
​ 648I i:ageGp:fam 70:1:-1 by blue 693:5:-1 at gen925 Univ0 prob=0.607
​ 648I i:ageGp:fam 87:1:-1 by yellow 305:2:-1 at gen925 Univ0 prob=0.304
​ 648I j:ageGp:fam 719:5:-1 by yellow 305:2:-1 at gen925 Univ0 prob=0.417
​ 648I i:ageGp:fam 466:3:-1 by blue 625:4:-1 at gen925 Univ0 prob=0.962
​ 650I j:ageGp:fam 151:2:-1 by blue 57:1:-1 at gen926 Univ0 prob=0.162
​ 654I i:ageGp:fam 48:1:-1 by red 509:3:-1 at gen927 Univ0 prob=0.435
​ 654I j:ageGp:fam 895:6:-1 by red 424:3:-1 at gen927 Univ0 prob=0.446
​ 655I i:ageGp:fam 291:2:-1 by red 709:5:-1 at gen928 Univ0 prob=0.260
​ 655I i:ageGp:fam 340:2:-1 by blue 732:5:-1 at gen928 Univ0 prob=0.026
​ 655I j:ageGp:fam 582:4:-1 by red 548:4:-1 at gen928 Univ0 prob=0.130
​ 657I j:ageGp:fam 558:4:-1 by yellow 77:1:-1 at gen929 Univ0 prob=0.281
​ 657I i:ageGp:fam 215:2:-1 by blue 667:4:-1 at gen929 Univ0 prob=0.210
​ 657I i:ageGp:fam 281:2:-1 by blue 536:3:-1 at gen929 Univ0 prob=0.458
​ 657I j:ageGp:fam 494:3:-1 by red 345:2:-1 at gen929 Univ0 prob=0.112
​ 657I j:ageGp:fam 573:4:-1 by red 424:3:-1 at gen929 Univ0 prob=0.888
​ 665I j:ageGp:fam 815:5:-1 by red 662:4:-1 at gen932 Univ0 prob=0.927
​ 665I j:ageGp:fam 714:5:-1 by blue 504:3:-1 at gen933 Univ0 prob=0.536
​ 666I j:ageGp:fam 458:3:-1 by blue 82:1:-1 at gen934 Univ0 prob=0.932
​ 668I i:ageGp:fam 84:1:-1 by blue 603:4:-1 at gen938 Univ0 prob=0.632
​ 668I j:ageGp:fam 568:4:-1 by red 183:2:-1 at gen938 Univ0 prob=0.668
​ 668I j:ageGp:fam 974:8:-1 by blue 536:3:-1 at gen938 Univ0 prob=0.999
​ 668I j:ageGp:fam 579:4:-1 by yellow 466:3:-1 at gen939 Univ0 prob=0.854
​ 668I i:ageGp:fam 579:4:-1 by blue 625:4:-1 at gen939 Univ0 prob=0.053
​ 671I i:ageGp:fam 97:1:-1 by red 591:4:-1 at gen940 Univ0 prob=0.435
​ 671I j:ageGp:fam 530:3:-1 by red 271:2:-1 at gen940 Univ0 prob=0.633
​ 672I j:ageGp:fam 951:8:-1 by blue 36:0:-1 at gen941 Univ0 prob=0.958
​ 672I j:ageGp:fam 786:5:-1 by blue 300:2:-1 at gen941 Univ0 prob=0.653
​ 674I j:ageGp:fam 401:3:-1 by red 346:2:-1 at gen942 Univ0 prob=0.577
​ 674I j:ageGp:fam 677:4:-1 by blue 613:4:-1 at gen942 Univ0 prob=0.212
​ 676I j:ageGp:fam 692:5:-1 by red 19:0:-1 at gen943 Univ0 prob=0.262
​ 676I j:ageGp:fam 672:4:-1 by red 662:4:-1 at gen943 Univ0 prob=0.254
​ 678I j:ageGp:fam 556:4:-1 by red 183:2:-1 at gen944 Univ0 prob=0.893
​ 678I j:ageGp:fam 851:6:-1 by red 424:3:-1 at gen944 Univ0 prob=0.025
​ 680I i:ageGp:fam 412:3:-1 by red 662:4:-1 at gen945 Univ0 prob=0.080
​ 682I j:ageGp:fam 562:4:-1 by red 57:1:-1 at gen946 Univ0 prob=0.299
​ 683I i:ageGp:fam 184:2:-1 by blue 603:4:-1 at gen947 Univ0 prob=0.967
​ 684I i:ageGp:fam 200:2:-1 by red 234:2:-1 at gen948 Univ0 prob=0.412
​ 686I j:ageGp:fam 574:4:-1 by red 492:3:-1 at gen950 Univ0 prob=0.122
​ 686I j:ageGp:fam 791:5:-1 by blue 742:5:-1 at gen950 Univ0 prob=0.838
​ 686I i:ageGp:fam 47:1:-1 by red 336:2:-1 at gen951 Univ0 prob=0.149
​ 688I j:ageGp:fam 239:2:-1 by red 143:2:-1 at gen952 Univ0 prob=0.349
​ 688I i:ageGp:fam 285:2:-1 by blue 396:3:-1 at gen952 Univ0 prob=0.222
​ 688I j:ageGp:fam 922:7:-1 by red 678:4:-1 at gen952 Univ0 prob=0.963
​ 689I j:ageGp:fam 166:2:-1 by blue 45:1:-1 at gen953 Univ0 prob=0.621
​ 689I j:ageGp:fam 390:3:-1 by blue 110:1:-1 at gen953 Univ0 prob=0.252
​ 689I j:ageGp:fam 806:5:-1 by blue 732:5:-1 at gen953 Univ0 prob=0.995
​ 695I i:ageGp:fam 5:0:-1 by blue 603:4:-1 at gen955 Univ0 prob=0.642
​ 695I j:ageGp:fam 596:4:-1 by yellow 494:3:-1 at gen955 Univ0 prob=0.140
​ 695I j:ageGp:fam 761:5:-1 by red 76:1:-1 at gen956 Univ0 prob=0.830
​ 695I i:ageGp:fam 241:2:-1 by blue 482:3:-1 at gen956 Univ0 prob=0.927
​ 695I j:ageGp:fam 873:6:-1 by red 602:4:-1 at gen956 Univ0 prob=0.233
​ 697I i:ageGp:fam 35:0:-1 by red 956:8:-1 at gen957 Univ0 prob=0.337
​ 700I i:ageGp:fam 286:2:-1 by blue 394:3:-1 at gen958 Univ0 prob=0.254
​ 701I i:ageGp:fam 90:1:-1 by blue 738:5:-1 at gen959 Univ0 prob=0.433
​ 701I i:ageGp:fam 376:3:-1 by red 886:6:-1 at gen959 Univ0 prob=0.110
​ 701I i:ageGp:fam 551:4:-1 by blue 603:4:-1 at gen959 Univ0 prob=0.635
​ 702I j:ageGp:fam 869:6:-1 by red 735:5:-1 at gen960 Univ0 prob=0.253
​ 705I i:ageGp:fam 67:1:-1 by blue 746:5:-1 at gen961 Univ0 prob=0.077
​ 705I i:ageGp:fam 419:3:-1 by blue 613:4:-1 at gen961 Univ0 prob=0.680
​ 706I j:ageGp:fam 689:4:-1 by blue 45:1:-1 at gen962 Univ0 prob=0.399
​ 708I j:ageGp:fam 684:4:-1 by blue 82:1:-1 at gen963 Univ0 prob=0.227
​ 709I j:ageGp:fam 647:4:-1 by blue 167:2:-1 at gen964 Univ0 prob=0.041
​ 711I j:ageGp:fam 671:4:-1 by red 135:2:-1 at gen966 Univ0 prob=0.183
​ 711I j:ageGp:fam 811:5:-1 by blue 439:3:-1 at gen966 Univ0 prob=0.084
​ 711I j:ageGp:fam 668:4:-1 by blue 71:1:-1 at gen967 Univ0 prob=0.365
​ 711I j:ageGp:fam 822:6:-1 by blue 324:2:-1 at gen967 Univ0 prob=0.672
​ 711I j:ageGp:fam 867:6:-1 by blue 394:3:-1 at gen967 Univ0 prob=0.163
​ 711I i:ageGp:fam 541:4:-1 by blue 639:4:-1 at gen967 Univ0 prob=0.782
​ 713I i:ageGp:fam 9:0:-1 by red 143:2:-1 at gen968 Univ0 prob=0.961
​ 713I j:ageGp:fam 926:7:-1 by red 357:2:-1 at gen968 Univ0 prob=0.957
​ 717I j:ageGp:fam 975:8:-1 by red 128:1:-1 at gen969 Univ0 prob=0.997
​ 717I j:ageGp:fam 975:8:-1 by blue 717:5:-1 at gen969 Univ0 prob=0.880
​ 719I i:ageGp:fam 2:0:-1 by blue 394:3:-1 at gen970 Univ0 prob=0.048
​ 719I j:ageGp:fam 685:4:-1 by red 135:2:-1 at gen970 Univ0 prob=0.007
​ 720I i:ageGp:fam 254:2:-1 by blue 276:2:-1 at gen971 Univ0 prob=0.936
​ 720I j:ageGp:fam 863:6:-1 by blue 746:5:-1 at gen971 Univ0 prob=0.093
​ 722I i:ageGp:fam 41:1:-1 by red 504:3:-1 at gen972 Univ0 prob=0.070
​ 722I j:ageGp:fam 890:6:-1 by red 732:5:-1 at gen972 Univ0 prob=0.628
​ 724I i:ageGp:fam 137:2:-1 by red 183:2:-1 at gen973 Univ0 prob=0.983
​ 724I j:ageGp:fam 583:4:-1 by red 143:2:-1 at gen973 Univ0 prob=0.132
​ 726I j:ageGp:fam 683:4:-1 by blue 45:1:-1 at gen974 Univ0 prob=0.394
​ 726I j:ageGp:fam 519:3:-1 by red 143:2:-1 at gen974 Univ0 prob=0.708
​ 730I i:ageGp:fam 101:1:-1 by red 135:2:-1 at gen976 Univ0 prob=0.150
​ 731I j:ageGp:fam 772:5:-1 by blue 167:2:-1 at gen978 Univ0 prob=0.844
​ 731I j:ageGp:fam 702:5:-1 by red 591:4:-1 at gen978 Univ0 prob=0.250
​ 731I j:ageGp:fam 879:6:-1 by red 454:3:-1 at gen979 Univ0 prob=0.632
​ 734I i:ageGp:fam 120:1:-1 by red 732:5:-1 at gen981 Univ0 prob=0.906
​ 734I j:ageGp:fam 723:5:-1 by blue 439:3:-1 at gen981 Univ0 prob=0.602
​ 734I j:ageGp:fam 766:5:-1 by red 728:5:-1 at gen981 Univ0 prob=0.489
​ 737I i:ageGp:fam 185:2:-1 by red 662:4:-1 at gen983 Univ0 prob=0.889
​ 737I i:ageGp:fam 585:4:-1 by blue 595:4:-1 at gen983 Univ0 prob=0.505
​ 737I j:ageGp:fam 139:2:-1 by blue 134:2:-1 at gen984 Univ0 prob=0.058
​ 737I j:ageGp:fam 258:2:-1 by blue 160:2:-1 at gen984 Univ0 prob=0.166
​ 737I j:ageGp:fam 581:4:-1 by red 234:2:-1 at gen984 Univ0 prob=0.219
​ 737I j:ageGp:fam 868:6:-1 by blue 432:3:-1 at gen984 Univ0 prob=0.806
​ 739I j:ageGp:fam 744:5:-1 by red 248:2:-1 at gen985 Univ0 prob=0.137
​ 739I i:ageGp:fam 610:4:-1 by blue 673:4:-1 at gen985 Univ0 prob=0.385
​ 743I i:ageGp:fam 92:1:-1 by blue 394:3:-1 at gen986 Univ0 prob=0.504
​ 745I i:ageGp:fam 260:2:-1 by blue 568:4:-1 at gen987 Univ0 prob=0.418
​ 747I j:ageGp:fam 790:5:-1 by blue 595:4:-1 at gen991 Univ0 prob=0.207
​ 748I j:ageGp:fam 880:6:-1 by blue 103:1:-1 at gen993 Univ0 prob=0.855
​ 748I i:ageGp:fam 420:3:-1 by red 603:4:-1 at gen993 Univ0 prob=0.297
​ 750I i:ageGp:fam 627:4:-1 by red 667:4:-1 at gen995 Univ0 prob=0.020
​ 750I i:ageGp:fam 23:0:-1 by blue 742:5:-1 at gen996 Univ0 prob=0.830
​ 750I i:ageGp:fam 40:1:-1 by red 545:4:-1 at gen996 Univ0 prob=0.252
​ 750I i:ageGp:fam 49:1:-1 by yellow 200:2:-1 at gen996 Univ0 prob=0.640
​ 750I j:ageGp:fam 532:3:-1 by blue 340:2:-1 at gen996 Univ0 prob=0.027
​ 750I j:ageGp:fam 864:6:-1 by red 394:3:-1 at gen996 Univ0 prob=0.387
​ 751I i:ageGp:fam 50:1:-1 by red 183:2:-1 at gen997 Univ0 prob=0.824
​ 751I i:ageGp:fam 421:3:-1 by red 508:3:-1 at gen997 Univ0 prob=0.532
​ 756I j:ageGp:fam 142:2:-1 by blue 71:1:-1 at gen998 Univ0 prob=0.465
​ 756I j:ageGp:fam 416:3:-1 by red 143:2:-1 at gen998 Univ0 prob=0.372
​ 756I i:ageGp:fam 331:2:-1 by blue 951:8:-1 at gen998 Univ0 prob=0.050
​ 761I j:ageGp:fam 715:5:-1 by red 223:2:-1 at gen1000 Univ0 prob=0.899
​ 761I j:ageGp:fam 289:2:-1 by yellow 9:0:-1 at gen1001 Univ0 prob=0.089
​ 761I j:ageGp:fam 842:6:-1 by blue 738:5:-1 at gen1001 Univ0 prob=0.231
​ 764I j:ageGp:fam 245:2:-1 by blue 47:1:-1 at gen1003 Univ0 prob=0.349
​ 764I j:ageGp:fam 498:3:-1 by yellow 50:1:-1 at gen1003 Univ0 prob=0.268
​ 764I j:ageGp:fam 985:9:-1 by red 445:3:-1 at gen1003 Univ0 prob=0.971
​ 764I j:ageGp:fam 827:6:-1 by blue 285:2:-1 at gen1004 Univ0 prob=0.155
​ 768I j:ageGp:fam 395:3:-1 by red 45:1:-1 at gen1006 Univ0 prob=0.621
​ 768I j:ageGp:fam 857:6:-1 by blue 276:2:-1 at gen1006 Univ0 prob=0.816
​ 768I j:ageGp:fam 587:4:-1 by red 306:2:-1 at gen1006 Univ0 prob=0.517
​ 771I i:ageGp:fam 422:3:-1 by red 678:4:-1 at gen1008 Univ0 prob=0.591
​ 771I i:ageGp:fam 604:4:-1 by red 693:5:-1 at gen1008 Univ0 prob=0.562
​ 771I i:ageGp:fam 402:3:-1 by yellow 610:4:-1 at gen1009 Univ0 prob=0.513
​ 773I i:ageGp:fam 22:0:-1 by blue 84:1:-1 at gen1010 Univ0 prob=0.431
​ 773I j:ageGp:fam 560:4:-1 by red 71:1:-1 at gen1010 Univ0 prob=0.747
​ 774I j:ageGp:fam 858:6:-1 by red 732:5:-1 at gen1011 Univ0 prob=0.809
​ 776I j:ageGp:fam 179:2:-1 by blue 17:0:-1 at gen1012 Univ0 prob=0.255
​ 776I i:ageGp:fam 60:1:-1 by blue 815:5:-1 at gen1012 Univ0 prob=0.646
​ 776I j:ageGp:fam 218:2:-1 by blue 84:1:-1 at gen1012 Univ0 prob=0.467
​ 776I j:ageGp:fam 638:4:-1 by red 452:3:-1 at gen1012 Univ0 prob=0.926
​ 777I i:ageGp:fam 94:1:-1 by red 480:3:-1 at gen1013 Univ0 prob=0.531
​ 777I j:ageGp:fam 941:7:-1 by blue 673:4:-1 at gen1013 Univ0 prob=0.680
​ 781I i:ageGp:fam 691:5:-1 by blue 845:6:-1 at gen1014 Univ0 prob=0.744
​ 781I j:ageGp:fam 945:7:-1 by red 732:5:-1 at gen1014 Univ0 prob=0.810
​ 781I j:ageGp:fam 927:7:-1 by blue 811:5:-1 at gen1014 Univ0 prob=0.368
​ 783I i:ageGp:fam 529:3:-1 by blue 845:6:-1 at gen1015 Univ0 prob=0.894
​ 786I j:ageGp:fam 535:3:-1 by red 45:1:-1 at gen1016 Univ0 prob=0.675
​ 787I i:ageGp:fam 129:1:-1 by yellow 822:6:-1 at gen1017 Univ0 prob=0.647
​ 787I i:ageGp:fam 441:3:-1 by blue 677:4:-1 at gen1017 Univ0 prob=0.768
​ 787I j:ageGp:fam 911:7:-1 by blue 568:4:-1 at gen1017 Univ0 prob=0.961
​ 788I j:ageGp:fam 457:3:-1 by blue 97:1:-1 at gen1018 Univ0 prob=0.803
​ 788I i:ageGp:fam 471:3:-1 by blue 867:6:-1 at gen1018 Univ0 prob=0.856
​ 791I i:ageGp:fam 259:2:-1 by blue 815:5:-1 at gen1019 Univ0 prob=0.401
​ 793I i:ageGp:fam 408:3:-1 by yellow 529:3:-1 at gen1020 Univ0 prob=0.877
​ 795I j:ageGp:fam 607:4:-1 by blue 199:2:-1 at gen1022 Univ0 prob=0.100
​ 795I j:ageGp:fam 966:8:-1 by yellow 259:2:-1 at gen1023 Univ0 prob=0.981
​ 796I i:ageGp:fam 174:2:-1 by blue 890:6:-1 at gen1024 Univ0 prob=0.531
​ 797I i:ageGp:fam 7:0:-1 by blue 47:1:-1 at gen1025 Univ0 prob=0.750
​ 797I i:ageGp:fam 288:2:-1 by red 306:2:-1 at gen1025 Univ0 prob=0.831
​ 800I i:ageGp:fam 78:1:-1 by red 814:5:-1 at gen1027 Univ0 prob=0.309
​ 800I j:ageGp:fam 819:5:-1 by blue 292:2:-1 at gen1027 Univ0 prob=0.344
​ 800I i:ageGp:fam 516:3:-1 by blue 822:6:-1 at gen1027 Univ0 prob=0.509
​ 803I i:ageGp:fam 481:3:-1 by red 667:4:-1 at gen1031 Univ0 prob=0.745
​ 803I j:ageGp:fam 795:5:-1 by red 580:4:-1 at gen1031 Univ0 prob=0.779
​ 805I j:ageGp:fam 831:6:-1 by blue 222:2:-1 at gen1034 Univ0 prob=0.005
​ 805I j:ageGp:fam 342:2:-1 by blue 239:2:-1 at gen1034 Univ0 prob=0.408
​ 805I i:ageGp:fam 743:5:-1 by red 814:5:-1 at gen1034 Univ0 prob=0.576
​ 805I j:ageGp:fam 887:6:-1 by blue 276:2:-1 at gen1035 Univ0 prob=0.312
​ 808I j:ageGp:fam 528:3:-1 by blue 41:1:-1 at gen1036 Univ0 prob=0.607
​ 808I j:ageGp:fam 576:4:-1 by red 71:1:-1 at gen1036 Univ0 prob=0.337
​ 808I j:ageGp:fam 821:6:-1 by red 134:2:-1 at gen1036 Univ0 prob=0.905
​ 809I j:ageGp:fam 301:2:-1 by red 234:2:-1 at gen1037 Univ0 prob=0.237
​ 809I i:ageGp:fam 312:2:-1 by red 452:3:-1 at gen1037 Univ0 prob=0.479
​ 812I j:ageGp:fam 645:4:-1 by blue 239:2:-1 at gen1038 Univ0 prob=0.303
​ 814I j:ageGp:fam 793:5:-1 by blue 41:1:-1 at gen1039 Univ0 prob=0.863
​ 814I i:ageGp:fam 413:3:-1 by blue 668:4:-1 at gen1039 Univ0 prob=0.947
​ 814I j:ageGp:fam 614:4:-1 by blue 562:4:-1 at gen1039 Univ0 prob=0.757
​ 815I j:ageGp:fam 781:5:-1 by blue 47:1:-1 at gen1040 Univ0 prob=0.136
​ 819I i:ageGp:fam 609:4:-1 by red 814:5:-1 at gen1044 Univ0 prob=0.908
​ 819I i:ageGp:fam 102:1:-1 by red 452:3:-1 at gen1045 Univ0 prob=0.179
​ 819I i:ageGp:fam 751:5:-1 by blue 791:5:-1 at gen1045 Univ0 prob=0.236
​ 819I j:ageGp:fam 824:6:-1 by blue 815:5:-1 at gen1045 Univ0 prob=0.246
​ 820I i:ageGp:fam 39:0:-1 by blue 744:5:-1 at gen1046 Univ0 prob=0.116
​ 820I j:ageGp:fam 455:3:-1 by blue 41:1:-1 at gen1046 Univ0 prob=0.969
​ 823I i:ageGp:fam 121:1:-1 by red 595:4:-1 at gen1047 Univ0 prob=0.872
​ 823I i:ageGp:fam 589:4:-1 by blue 951:8:-1 at gen1047 Univ0 prob=0.616
​ 827I i:ageGp:fam 235:2:-1 by red 814:5:-1 at gen1049 Univ0 prob=0.807
​ 828I i:ageGp:fam 249:2:-1 by red 603:4:-1 at gen1051 Univ0 prob=0.679
​ 828I i:ageGp:fam 347:2:-1 by blue 519:3:-1 at gen1051 Univ0 prob=0.302
​ 828I i:ageGp:fam 88:1:-1 by red 452:3:-1 at gen1052 Univ0 prob=0.777
​ 828I i:ageGp:fam 130:1:-1 by blue 184:2:-1 at gen1052 Univ0 prob=0.398
​ 828I i:ageGp:fam 369:3:-1 by red 732:5:-1 at gen1052 Univ0 prob=0.385
​ 828I j:ageGp:fam 736:5:-1 by blue 668:4:-1 at gen1052 Univ0 prob=0.740
​ 830I i:ageGp:fam 365:3:-1 by red 625:4:-1 at gen1053 Univ0 prob=0.091
​ 830I i:ageGp:fam 636:4:-1 by blue 890:6:-1 at gen1053 Univ0 prob=0.982
​ 836I j:ageGp:fam 695:5:-1 by red 24:0:-1 at gen1055 Univ0 prob=0.350
​ 836I i:ageGp:fam 140:2:-1 by yellow 589:4:-1 at gen1056 Univ0 prob=0.891
​ 837I i:ageGp:fam 158:2:-1 by blue 842:6:-1 at gen1057 Univ0 prob=0.417
​ 837I j:ageGp:fam 919:7:-1 by red 482:3:-1 at gen1057 Univ0 prob=0.968
​ 837I i:ageGp:fam 651:4:-1 by red 841:6:-1 at gen1057 Univ0 prob=0.753
​ 838I j:ageGp:fam 224:2:-1 by red 199:2:-1 at gen1058 Univ0 prob=0.906
​ 841I j:ageGp:fam 765:5:-1 by red 340:2:-1 at gen1059 Univ0 prob=0.073
​ 843I i:ageGp:fam 111:1:-1 by blue 827:6:-1 at gen1062 Univ0 prob=0.471
​ 843I i:ageGp:fam 359:3:-1 by red 368:3:-1 at gen1062 Univ0 prob=0.193
​ 843I i:ageGp:fam 14:0:-1 by red 45:1:-1 at gen1063 Univ0 prob=0.700
​ 846I j:ageGp:fam 897:6:-1 by blue 5:0:-1 at gen1067 Univ0 prob=0.699
​ 846I j:ageGp:fam 575:4:-1 by red 17:0:-1 at gen1067 Univ0 prob=0.659
​ 846I j:ageGp:fam 391:3:-1 by blue 41:1:-1 at gen1067 Univ0 prob=0.438
​ 849I j:ageGp:fam 694:5:-1 by red 292:2:-1 at gen1069 Univ0 prob=0.125
​ 849I i:ageGp:fam 256:2:-1 by red 523:3:-1 at gen1070 Univ0 prob=0.100
​ 849I i:ageGp:fam 754:5:-1 by red 900:6:-1 at gen1070 Univ0 prob=0.554
​ 852I i:ageGp:fam 375:3:-1 by blue 684:4:-1 at gen1074 Univ0 prob=0.426
​ 852I i:ageGp:fam 487:3:-1 by blue 806:5:-1 at gen1074 Univ0 prob=0.887
​ 854I j:ageGp:fam 578:4:-1 by blue 129:1:-1 at gen1076 Univ0 prob=0.343
​ 854I j:ageGp:fam 578:4:-1 by red 200:2:-1 at gen1076 Univ0 prob=0.840
​ 854I i:ageGp:fam 236:2:-1 by yellow 516:3:-1 at gen1076 Univ0 prob=0.585
​ 854I i:ageGp:fam 608:4:-1 by blue 668:4:-1 at gen1076 Univ0 prob=0.326
​ 854I j:ageGp:fam 524:3:-1 by red 305:2:-1 at gen1077 Univ0 prob=0.152
​ 854I j:ageGp:fam 755:5:-1 by blue 638:4:-1 at gen1077 Univ0 prob=0.160
AgeVaxH35.js:2221 854I i:ageGp:fam 704:5:-1 by red 717:5:-1 at gen1077 Univ0 prob=0.558
AgeVaxH35.js:2202 854I j:ageGp:fam 988:9:-1 by red 956:8:-1 at gen1077 Univ0 prob=0.975
AgeVaxH35.js:2202 857I j:ageGp:fam 721:5:-1 by blue 683:4:-1 at gen1078 Univ0 prob=0.683
AgeVaxH35.js:2202 857I j:ageGp:fam 992:9:-1 by red 689:4:-1 at gen1078 Univ0 prob=0.972
AgeVaxH35.js:2221 863I i:ageGp:fam 112:1:-1 by blue 842:6:-1 at gen1080 Univ0 prob=0.855
AgeVaxH35.js:2221 864I i:ageGp:fam 173:2:-1 by blue 560:4:-1 at gen1083 Univ0 prob=0.793
AgeVaxH35.js:2221 864I i:ageGp:fam 641:4:-1 by yellow 824:6:-1 at gen1084 Univ0 prob=0.221
AgeVaxH35.js:2221 866I i:ageGp:fam 164:2:-1 by blue 683:4:-1 at gen1086 Univ0 prob=0.315
AgeVaxH35.js:2202 866I j:ageGp:fam 623:4:-1 by red 595:4:-1 at gen1086 Univ0 prob=0.031
AgeVaxH35.js:2202 866I j:ageGp:fam 813:5:-1 by blue 638:4:-1 at gen1086 Univ0 prob=0.400
AgeVaxH35.js:2221 869I i:ageGp:fam 478:3:-1 by blue 858:6:-1 at gen1088 Univ0 prob=0.738
AgeVaxH35.js:2221 869I i:ageGp:fam 564:4:-1 by red 918:7:-1 at gen1088 Univ0 prob=0.767
AgeVaxH35.js:2202 869I j:ageGp:fam 796:5:-1 by blue 743:5:-1 at gen1088 Univ0 prob=0.130
AgeVaxH35.js:2221 872I i:ageGp:fam 162:2:-1 by red 738:5:-1 at gen1091 Univ0 prob=0.995
AgeVaxH35.js:2221 872I i:ageGp:fam 313:2:-1 by red 732:5:-1 at gen1091 Univ0 prob=0.648
AgeVaxH35.js:2202 874I j:ageGp:fam 663:4:-1 by red 188:2:-1 at gen1093 Univ0 prob=0.656
AgeVaxH35.js:2202 875I j:ageGp:fam 812:5:-1 by red 45:1:-1 at gen1096 Univ0 prob=0.600
AgeVaxH35.js:2202 875I j:ageGp:fam 701:5:-1 by blue 560:4:-1 at gen1096 Univ0 prob=0.960
AgeVaxH35.js:2202 877I j:ageGp:fam 467:3:-1 by yellow 164:2:-1 at gen1100 Univ0 prob=0.868
AgeVaxH35.js:2221 878I i:ageGp:fam 211:2:-1 by red 814:5:-1 at gen1103 Univ0 prob=0.379
AgeVaxH35.js:2202 879I j:ageGp:fam 593:4:-1 by red 500:3:-1 at gen1106 Univ0 prob=0.727
AgeVaxH35.js:2221 879I i:ageGp:fam 605:4:-1 by blue 887:6:-1 at gen1107 Univ0 prob=0.390
AgeVaxH35.js:2221 880I i:ageGp:fam 397:3:-1 by blue 821:6:-1 at gen1108 Univ0 prob=0.791
AgeVaxH35.js:2221 880I i:ageGp:fam 447:3:-1 by blue 627:4:-1 at gen1108 Univ0 prob=0.453
AgeVaxH35.js:2202 883I j:ageGp:fam 756:5:-1 by yellow 605:4:-1 at gen1111 Univ0 prob=0.953
AgeVaxH35.js:2202 884I j:ageGp:fam 554:4:-1 by blue 288:2:-1 at gen1114 Univ0 prob=0.649
AgeVaxH35.js:2202 884I j:ageGp:fam 332:2:-1 by blue 78:1:-1 at gen1115 Univ0 prob=0.136
AgeVaxH35.js:2221 886I i:ageGp:fam 353:2:-1 by yellow 564:4:-1 at gen1117 Univ0 prob=0.674
AgeVaxH35.js:2221 886I i:ageGp:fam 491:3:-1 by blue 736:5:-1 at gen1117 Univ0 prob=0.055
AgeVaxH35.js:2202 886I j:ageGp:fam 778:5:-1 by blue 342:2:-1 at gen1118 Univ0 prob=0.837
AgeVaxH35.js:2221 889I i:ageGp:fam 66:1:-1 by blue 455:3:-1 at gen1121 Univ0 prob=0.988
AgeVaxH35.js:2202 889I j:ageGp:fam 808:5:-1 by blue 691:5:-1 at gen1121 Univ0 prob=0.812
AgeVaxH35.js:2221 891I i:ageGp:fam 316:2:-1 by blue 560:4:-1 at gen1123 Univ0 prob=0.845
AgeVaxH35.js:2221 892I i:ageGp:fam 399:3:-1 by red 822:6:-1 at gen1125 Univ0 prob=0.531
AgeVaxH35.js:2202 893I j:ageGp:fam 362:3:-1 by blue 347:2:-1 at gen1127 Univ0 prob=0.272
AgeVaxH35.js:2221 894I i:ageGp:fam 381:3:-1 by blue 736:5:-1 at gen1130 Univ0 prob=0.527
AgeVaxH35.js:2221 894I i:ageGp:fam 429:3:-1 by yellow 491:3:-1 at gen1130 Univ0 prob=0.777
AgeVaxH35.js:2202 894I j:ageGp:fam 952:8:-1 by red 597:4:-1 at gen1130 Univ0 prob=0.979
AgeVaxH35.js:2202 897I j:ageGp:fam 829:6:-1 by blue 391:3:-1 at gen1132 Univ0 prob=0.299
AgeVaxH35.js:2221 898I i:ageGp:fam 960:8:-1 by red 974:8:-1 at gen1135 Univ0 prob=0.953
AgeVaxH35.js:2221 899I i:ageGp:fam 317:2:-1 by red 822:6:-1 at gen1139 Univ0 prob=0.020
AgeVaxH35.js:2202 899I j:ageGp:fam 518:3:-1 by blue 391:3:-1 at gen1139 Univ0 prob=0.100
AgeVaxH35.js:2221 901I i:ageGp:fam 178:2:-1 by red 668:4:-1 at gen1141 Univ0 prob=0.709
AgeVaxH35.js:2202 902I j:ageGp:fam 840:6:-1 by red 218:2:-1 at gen1146 Univ0 prob=0.392
AgeVaxH35.js:2221 902I i:ageGp:fam 220:2:-1 by blue 636:4:-1 at gen1146 Univ0 prob=0.134
AgeVaxH35.js:2202 902I j:ageGp:fam 520:3:-1 by yellow 399:3:-1 at gen1147 Univ0 prob=0.979
AgeVaxH35.js:2202 902I j:ageGp:fam 828:6:-1 by red 668:4:-1 at gen1147 Univ0 prob=0.300
AgeVaxH35.js:2202 906I j:ageGp:fam 722:5:-1 by red 47:1:-1 at gen1150 Univ0 prob=0.423
AgeVaxH35.js:2202 906I j:ageGp:fam 612:4:-1 by blue 576:4:-1 at gen1150 Univ0 prob=0.233
AgeVaxH35.js:2221 908I i:ageGp:fam 411:3:-1 by red 638:4:-1 at gen1152 Univ0 prob=0.615
AgeVaxH35.js:2202 909I j:ageGp:fam 990:9:-1 by red 254:2:-1 at gen1154 Univ0 prob=0.994
AgeVaxH35.js:2202 910I j:ageGp:fam 337:2:-1 by blue 173:2:-1 at gen1156 Univ0 prob=0.735
AgeVaxH35.js:2221 911I i:ageGp:fam 15:0:-1 by blue 796:5:-1 at gen1162 Univ0 prob=0.148
AgeVaxH35.js:2221 911I i:ageGp:fam 881:6:-1 by red 887:6:-1 at gen1162 Univ0 prob=0.357
AgeVaxH35.js:2202 913I j:ageGp:fam 649:4:-1 by red 408:3:-1 at gen1165 Univ0 prob=0.882
AgeVaxH35.js:2221 913I i:ageGp:fam 124:1:-1 by blue 455:3:-1 at gen1166 Univ0 prob=0.139
AgeVaxH35.js:2202 915I j:ageGp:fam 767:5:-1 by blue 173:2:-1 at gen1169 Univ0 prob=0.105
AgeVaxH35.js:2221 915I i:ageGp:fam 773:5:-1 by blue 813:5:-1 at gen1169 Univ0 prob=0.873
AgeVaxH35.js:2221 917I i:ageGp:fam 232:2:-1 by blue 391:3:-1 at gen1171 Univ0 prob=0.931
AgeVaxH35.js:2202 917I j:ageGp:fam 825:6:-1 by red 413:3:-1 at gen1172 Univ0 prob=0.417
AgeVaxH35.js:2202 920I j:ageGp:fam 914:7:-1 by blue 796:5:-1 at gen1181 Univ0 prob=0.971
AgeVaxH35.js:2202 921I j:ageGp:fam 970:8:-1 by red 359:3:-1 at gen1184 Univ0 prob=0.981
AgeVaxH35.js:2202 922I j:ageGp:fam 903:7:-1 by red 340:2:-1 at gen1186 Univ0 prob=0.973
AgeVaxH35.js:2202 923I j:ageGp:fam 515:3:-1 by red 395:3:-1 at gen1188 Univ0 prob=0.271
AgeVaxH35.js:2221 924I i:ageGp:fam 21:0:-1 by red 608:4:-1 at gen1192 Univ0 prob=0.095
AgeVaxH35.js:2202 925I j:ageGp:fam 243:2:-1 by blue 66:1:-1 at gen1194 Univ0 prob=0.535
AgeVaxH35.js:2202 925I j:ageGp:fam 797:5:-1 by red 638:4:-1 at gen1195 Univ0 prob=0.076
AgeVaxH35.js:2202 926I j:ageGp:fam 978:8:-1 by blue 756:5:-1 at gen1196 Univ0 prob=0.977
AgeVaxH35.js:2202 928I j:ageGp:fam 924:7:-1 by red 595:4:-1 at gen1199 Univ0 prob=0.964
AgeVaxH35.js:2221 929I i:ageGp:fam 697:5:-1 by red 822:6:-1 at gen1205 Univ0 prob=0.879
AgeVaxH35.js:2221 930I i:ageGp:fam 268:2:-1 by blue 317:2:-1 at gen1213 Univ0 prob=0.522
AgeVaxH35.js:2202 931I j:ageGp:fam 799:5:-1 by blue 66:1:-1 at gen1216 Univ0 prob=0.048
AgeVaxH35.js:2202 932I j:ageGp:fam 657:4:-1 by red 638:4:-1 at gen1218 Univ0 prob=0.356
AgeVaxH35.js:2202 933I j:ageGp:fam 247:2:-1 by red 39:0:-1 at gen1222 Univ0 prob=0.907
AgeVaxH35.js:2202 934I j:ageGp:fam 853:6:-1 by red 638:4:-1 at gen1229 Univ0 prob=0.109
AgeVaxH35.js:2202 935I j:ageGp:fam 935:7:-1 by red 365:3:-1 at gen1232 Univ0 prob=0.969
AgeVaxH35.js:2221 936I i:ageGp:fam 89:1:-1 by red 756:5:-1 at gen1238 Univ0 prob=0.861
AgeVaxH35.js:2202 937I j:ageGp:fam 703:5:-1 by red 608:4:-1 at gen1240 Univ0 prob=0.852
AgeVaxH35.js:2202 937I j:ageGp:fam 917:7:-1 by blue 317:2:-1 at gen1241 Univ0 prob=0.973
AgeVaxH35.js:2202 937I j:ageGp:fam 862:6:-1 by red 756:5:-1 at gen1241 Univ0 prob=0.734
AgeVaxH35.js:2202 938I j:ageGp:fam 252:2:-1 by blue 124:1:-1 at gen1242 Univ0 prob=0.102
AgeVaxH35.js:2221 938I i:ageGp:fam 191:2:-1 by red 887:6:-1 at gen1242 Univ0 prob=0.829
AgeVaxH35.js:2202 942I j:ageGp:fam 965:8:-1 by red 778:5:-1 at gen1244 Univ0 prob=0.994
AgeVaxH35.js:2202 943I j:ageGp:fam 870:6:-1 by red 756:5:-1 at gen1254 Univ0 prob=0.617
AgeVaxH35.js:2202 944I j:ageGp:fam 997:9:-1 by red 130:1:-1 at gen1257 Univ0 prob=0.962
AgeVaxH35.js:2221 945I i:ageGp:fam 698:5:-1 by blue 797:5:-1 at gen1262 Univ0 prob=0.451
AgeVaxH35.js:2221 946I i:ageGp:fam 622:4:-1 by red 638:4:-1 at gen1267 Univ0 prob=0.004
AgeVaxH35.js:2221 946I i:ageGp:fam 436:3:-1 by blue 978:8:-1 at gen1268 Univ0 prob=0.773
AgeVaxH35.js:2221 948I i:ageGp:fam 98:1:-1 by blue 797:5:-1 at gen1270 Univ0 prob=0.135
AgeVaxH35.js:2202 948I j:ageGp:fam 257:2:-1 by blue 124:1:-1 at gen1270 Univ0 prob=0.649
AgeVaxH35.js:2221 950I i:ageGp:fam 43:1:-1 by blue 697:5:-1 at gen1276 Univ0 prob=0.053
AgeVaxH35.js:2221 951I i:ageGp:fam 540:3:-1 by blue 797:5:-1 at gen1278 Univ0 prob=0.904
AgeVaxH35.js:2221 952I i:ageGp:fam 648:4:-1 by red 755:5:-1 at gen1288 Univ0 prob=0.611
AgeVaxH35.js:2221 953I i:ageGp:fam 193:2:-1 by blue 657:4:-1 at gen1292 Univ0 prob=0.318
AgeVaxH35.js:2221 954I i:ageGp:fam 418:3:-1 by blue 978:8:-1 at gen1294 Univ0 prob=0.683
AgeVaxH35.js:2221 954I i:ageGp:fam 496:3:-1 by blue 862:6:-1 at gen1294 Univ0 prob=0.228
AgeVaxH35.js:2202 956I j:ageGp:fam 777:5:-1 by red 638:4:-1 at gen1299 Univ0 prob=0.191
AgeVaxH35.js:2202 957I j:ageGp:fam 96:1:-1 by red 66:1:-1 at gen1301 Univ0 prob=0.750
AgeVaxH35.js:2202 958I j:ageGp:fam 987:9:-1 by red 911:7:-1 at gen1303 Univ0 prob=0.978
AgeVaxH35.js:2202 959I j:ageGp:fam 656:4:-1 by red 301:2:-1 at gen1312 Univ0 prob=0.616
AgeVaxH35.js:2202 960I j:ageGp:fam 930:7:-1 by red 755:5:-1 at gen1317 Univ0 prob=0.955
AgeVaxH35.js:2221 961I i:ageGp:fam 764:5:-1 by red 773:5:-1 at gen1322 Univ0 prob=0.987
AgeVaxH35.js:2202 961I j:ageGp:fam 958:8:-1 by blue 703:5:-1 at gen1323 Univ0 prob=0.988
AgeVaxH35.js:2221 963I i:ageGp:fam 350:2:-1 by red 353:2:-1 at gen1344 Univ0 prob=0.073
AgeVaxH35.js:2221 963I i:ageGp:fam 741:5:-1 by blue 853:6:-1 at gen1345 Univ0 prob=0.989
AgeVaxH35.js:2202 964I j:ageGp:fam 950:8:-1 by red 317:2:-1 at gen1346 Univ0 prob=0.993
AgeVaxH35.js:2221 966I i:ageGp:fam 85:1:-1 by blue 96:1:-1 at gen1351 Univ0 prob=0.242
AgeVaxH35.js:2202 966I j:ageGp:fam 957:8:-1 by red 247:2:-1 at gen1351 Univ0 prob=0.997
AgeVaxH35.js:2202 968I j:ageGp:fam 343:2:-1 by blue 193:2:-1 at gen1353 Univ0 prob=0.549
AgeVaxH35.js:2221 969I i:ageGp:fam 460:3:-1 by red 657:4:-1 at gen1395 Univ0 prob=0.313
AgeVaxH35.js:2221 970I i:ageGp:fam 392:3:-1 by blue 930:7:-1 at gen1399 Univ0 prob=0.397
AgeVaxH35.js:2221 971I i:ageGp:fam 197:2:-1 by red 399:3:-1 at gen1402 Univ0 prob=0.879
AgeVaxH35.js:2221 972I i:ageGp:fam 748:5:-1 by blue 930:7:-1 at gen1415 Univ0 prob=0.673
AgeVaxH35.js:2202 973I j:ageGp:fam 875:6:-1 by yellow 748:5:-1 at gen1419 Univ0 prob=0.362
AgeVaxH35.js:2221 974I i:ageGp:fam 567:4:-1 by yellow 748:5:-1 at gen1422 Univ0 prob=0.635
AgeVaxH35.js:2202 975I j:ageGp:fam 938:7:-1 by red 656:4:-1 at gen1456 Univ0 prob=0.991
AgeVaxH35.js:2202 975I j:ageGp:fam 938:7:-1 by red 697:5:-1 at gen1456 Univ0 prob=0.272
AgeVaxH35.js:2202 976I j:ageGp:fam 874:6:-1 by red 799:5:-1 at gen1460 Univ0 prob=0.682
AgeVaxH35.js:2221 977I i:ageGp:fam 386:3:-1 by red 930:7:-1 at gen1500 Univ0 prob=0.615
