Some messages have been moved to the Issues panel.
AgeVaxH35.js:871 Sat Jan 23 2021 12:18:38 GMT-0800 (Pacific Standard Time)
AgeVaxH35.js:872 CovidSIMVL Mode1 and Mod2 Hybrid 35d
AgeVaxH35.js:873 Mode 1 >13 and <36 is 75%
AgeVaxH35.js:874 Mode 2 >28 is 95%; >13 and <29 is 75%
AgeVaxH35.js:4457 exit covidSim
AgeVaxH35.js:23 getAsText File {name: "Popn1000.csv", lastModified: 1611430642000, lastModifiedDate: Sat Jan 23 2021 11:37:22 GMT-0800 (Pacific Standard Time), webkitRelativePath: "", size: 23944, …}
AgeVaxH35.js:32 File {name: "Popn1000.csv", lastModified: 1611430642000, lastModifiedDate: Sat Jan 23 2021 11:37:22 GMT-0800 (Pacific Standard Time), webkitRelativePath: "", size: 23944, …}
AgeVaxH35.js:23 getAsText File {name: "VL1ageGp2.csv", lastModified: 1611004274000, lastModifiedDate: Mon Jan 18 2021 13:11:14 GMT-0800 (Pacific Standard Time), webkitRelativePath: "", size: 65, …}
AgeVaxH35.js:32 File {name: "VL1ageGp2.csv", lastModified: 1611004274000, lastModifiedDate: Mon Jan 18 2021 13:11:14 GMT-0800 (Pacific Standard Time), webkitRelativePath: "", size: 65, …}
AgeVaxH35.js:2302 0I x:ageGp:fam 616:4:-1 by green 150:2:-1 at gen0 Univ0 prob=0.909
AgeVaxH35.js:2302 0I x:ageGp:fam 990:9:-1 by green 150:2:-1 at gen0 Univ0 prob=0.719
AgeVaxH35.js:1674 Red Days changed to 9.9
AgeVaxH35.js:1696 New Hazard Radius = 2.2
AgeVaxH35.js:2302 3I x:ageGp:fam 845:6:-1 by blue 150:2:-1 at gen29 Univ0 prob=0.991
AgeVaxH35.js:2302 4I x:ageGp:fam 786:5:-1 by blue 616:4:-1 at gen57 Univ0 prob=0.378
AgeVaxH35.js:2302 4I x:ageGp:fam 936:7:-1 by red 150:2:-1 at gen58 Univ0 prob=0.264
AgeVaxH35.js:2302 6I x:ageGp:fam 253:2:-1 by red 150:2:-1 at gen62 Univ0 prob=0.997
AgeVaxH35.js:2302 7I x:ageGp:fam 649:4:-1 by blue 990:9:-1 at gen74 Univ0 prob=0.885
AgeVaxH35.js:2302 8I x:ageGp:fam 833:6:-1 by red 150:2:-1 at gen81 Univ0 prob=0.947
AgeVaxH35.js:2302 8I x:ageGp:fam 445:3:-1 by blue 990:9:-1 at gen81 Univ0 prob=0.765
AgeVaxH35.js:2302 8I x:ageGp:fam 507:3:-1 by blue 990:9:-1 at gen81 Univ0 prob=0.948
AgeVaxH35.js:2302 11I x:ageGp:fam 639:4:-1 by yellow 445:3:-1 at gen83 Univ0 prob=0.998
AgeVaxH35.js:2302 11I x:ageGp:fam 331:2:-1 by blue 845:6:-1 at gen84 Univ0 prob=0.032
AgeVaxH35.js:2302 13I x:ageGp:fam 876:6:-1 by yellow 445:3:-1 at gen86 Univ0 prob=0.088
AgeVaxH35.js:2302 14I x:ageGp:fam 76:1:-1 by red 150:2:-1 at gen89 Univ0 prob=0.784
AgeVaxH35.js:2302 14I x:ageGp:fam 697:5:-1 by red 150:2:-1 at gen89 Univ0 prob=0.811
AgeVaxH35.js:2302 16I x:ageGp:fam 261:2:-1 by yellow 697:5:-1 at gen97 Univ0 prob=0.554
AgeVaxH35.js:2302 17I x:ageGp:fam 124:1:-1 by blue 616:4:-1 at gen107 Univ0 prob=0.352
AgeVaxH35.js:2302 18I x:ageGp:fam 884:6:-1 by blue 845:6:-1 at gen111 Univ0 prob=0.755
AgeVaxH35.js:2302 19I x:ageGp:fam 871:6:-1 by blue 990:9:-1 at gen116 Univ0 prob=0.537
AgeVaxH35.js:2302 20I x:ageGp:fam 247:2:-1 by red 990:9:-1 at gen120 Univ0 prob=0.453
AgeVaxH35.js:2302 21I x:ageGp:fam 141:2:-1 by red 990:9:-1 at gen123 Univ0 prob=0.758
AgeVaxH35.js:2302 21I x:ageGp:fam 886:6:-1 by blue 936:7:-1 at gen123 Univ0 prob=0.345
AgeVaxH35.js:2302 23I x:ageGp:fam 105:1:-1 by red 150:2:-1 at gen127 Univ0 prob=0.749
AgeVaxH35.js:2302 24I x:ageGp:fam 923:7:-1 by blue 936:7:-1 at gen129 Univ0 prob=0.263
AgeVaxH35.js:2302 25I x:ageGp:fam 912:7:-1 by blue 786:5:-1 at gen131 Univ0 prob=0.304
AgeVaxH35.js:2302 26I x:ageGp:fam 430:3:-1 by blue 786:5:-1 at gen134 Univ0 prob=0.782
AgeVaxH35.js:2302 26I x:ageGp:fam 668:4:-1 by blue 445:3:-1 at gen134 Univ0 prob=0.203
AgeVaxH35.js:2302 26I x:ageGp:fam 800:5:-1 by blue 445:3:-1 at gen134 Univ0 prob=0.501
AgeVaxH35.js:2302 26I x:ageGp:fam 98:1:-1 by blue 253:2:-1 at gen135 Univ0 prob=0.208
AgeVaxH35.js:2302 30I x:ageGp:fam 384:3:-1 by blue 639:4:-1 at gen137 Univ0 prob=0.238
AgeVaxH35.js:2302 30I x:ageGp:fam 403:3:-1 by blue 936:7:-1 at gen138 Univ0 prob=0.217
AgeVaxH35.js:2302 30I x:ageGp:fam 816:5:-1 by blue 445:3:-1 at gen138 Univ0 prob=0.389
AgeVaxH35.js:2302 30I x:ageGp:fam 634:4:-1 by blue 786:5:-1 at gen138 Univ0 prob=0.502
AgeVaxH35.js:2302 31I x:ageGp:fam 497:3:-1 by blue 936:7:-1 at gen139 Univ0 prob=0.344
AgeVaxH35.js:2302 31I x:ageGp:fam 998:9:-1 by green 497:3:-1 at gen139 Univ0 prob=0.380
AgeVaxH35.js:2302 36I x:ageGp:fam 284:2:-1 by yellow 403:3:-1 at gen141 Univ0 prob=0.663
AgeVaxH35.js:2302 36I x:ageGp:fam 300:2:-1 by yellow 998:9:-1 at gen142 Univ0 prob=0.470
AgeVaxH35.js:2302 36I x:ageGp:fam 372:3:-1 by red 616:4:-1 at gen142 Univ0 prob=0.145
AgeVaxH35.js:2302 39I x:ageGp:fam 85:1:-1 by blue 76:1:-1 at gen148 Univ0 prob=0.137
AgeVaxH35.js:2302 39I x:ageGp:fam 481:3:-1 by blue 76:1:-1 at gen148 Univ0 prob=0.611
AgeVaxH35.js:2302 41I x:ageGp:fam 776:5:-1 by blue 936:7:-1 at gen150 Univ0 prob=0.539
AgeVaxH35.js:2302 42I x:ageGp:fam 974:8:-1 by blue 76:1:-1 at gen153 Univ0 prob=0.863
AgeVaxH35.js:2302 42I x:ageGp:fam 879:6:-1 by blue 261:2:-1 at gen154 Univ0 prob=0.897
AgeVaxH35.js:2302 44I x:ageGp:fam 409:3:-1 by blue 833:6:-1 at gen158 Univ0 prob=0.094
AgeVaxH35.js:2302 44I x:ageGp:fam 294:2:-1 by blue 786:5:-1 at gen159 Univ0 prob=0.764
AgeVaxH35.js:2302 44I x:ageGp:fam 294:2:-1 by blue 876:6:-1 at gen159 Univ0 prob=0.015
AgeVaxH35.js:2302 45I x:ageGp:fam 391:3:-1 by blue 786:5:-1 at gen160 Univ0 prob=0.303
AgeVaxH35.js:2302 45I x:ageGp:fam 392:3:-1 by blue 876:6:-1 at gen160 Univ0 prob=0.073
AgeVaxH35.js:2302 46I x:ageGp:fam 404:3:-1 by blue 697:5:-1 at gen161 Univ0 prob=0.672
AgeVaxH35.js:2302 49I x:ageGp:fam 491:3:-1 by blue 76:1:-1 at gen164 Univ0 prob=0.890
AgeVaxH35.js:2302 50I x:ageGp:fam 801:5:-1 by red 845:6:-1 at gen167 Univ0 prob=0.011
AgeVaxH35.js:2302 50I x:ageGp:fam 267:2:-1 by blue 639:4:-1 at gen168 Univ0 prob=0.772
AgeVaxH35.js:2302 52I x:ageGp:fam 321:2:-1 by blue 247:2:-1 at gen171 Univ0 prob=0.170
AgeVaxH35.js:2302 52I x:ageGp:fam 400:3:-1 by blue 936:7:-1 at gen171 Univ0 prob=0.877
AgeVaxH35.js:2302 52I x:ageGp:fam 96:1:-1 by blue 261:2:-1 at gen172 Univ0 prob=0.869
AgeVaxH35.js:2302 55I x:ageGp:fam 3:0:-1 by red 845:6:-1 at gen174 Univ0 prob=0.193
AgeVaxH35.js:2302 55I x:ageGp:fam 993:9:-1 by blue 261:2:-1 at gen174 Univ0 prob=0.998
AgeVaxH35.js:2302 55I x:ageGp:fam 753:5:-1 by blue 76:1:-1 at gen175 Univ0 prob=0.971
AgeVaxH35.js:2302 55I x:ageGp:fam 595:4:-1 by blue 936:7:-1 at gen175 Univ0 prob=0.607
AgeVaxH35.js:2302 57I x:ageGp:fam 757:5:-1 by blue 76:1:-1 at gen176 Univ0 prob=0.169
AgeVaxH35.js:2302 60I x:ageGp:fam 56:1:-1 by blue 445:3:-1 at gen179 Univ0 prob=0.111
AgeVaxH35.js:2302 61I x:ageGp:fam 192:2:-1 by blue 886:6:-1 at gen181 Univ0 prob=0.130
AgeVaxH35.js:2302 61I x:ageGp:fam 230:2:-1 by blue 884:6:-1 at gen181 Univ0 prob=0.573
AgeVaxH35.js:2302 61I x:ageGp:fam 744:5:-1 by red 845:6:-1 at gen181 Univ0 prob=0.015
AgeVaxH35.js:2302 61I x:ageGp:fam 597:4:-1 by blue 76:1:-1 at gen182 Univ0 prob=0.892
AgeVaxH35.js:2302 61I x:ageGp:fam 935:7:-1 by red 845:6:-1 at gen182 Univ0 prob=0.419
AgeVaxH35.js:2302 66I x:ageGp:fam 611:4:-1 by blue 76:1:-1 at gen185 Univ0 prob=0.251
AgeVaxH35.js:2302 66I x:ageGp:fam 791:5:-1 by red 253:2:-1 at gen186 Univ0 prob=0.027
AgeVaxH35.js:2302 66I x:ageGp:fam 407:3:-1 by yellow 611:4:-1 at gen186 Univ0 prob=0.454
AgeVaxH35.js:2302 69I x:ageGp:fam 834:6:-1 by red 786:5:-1 at gen189 Univ0 prob=0.254
AgeVaxH35.js:2302 70I x:ageGp:fam 312:2:-1 by red 253:2:-1 at gen191 Univ0 prob=0.294
AgeVaxH35.js:2302 70I x:ageGp:fam 663:4:-1 by blue 833:6:-1 at gen191 Univ0 prob=0.094
AgeVaxH35.js:2302 72I x:ageGp:fam 944:7:-1 by blue 816:5:-1 at gen193 Univ0 prob=0.930
AgeVaxH35.js:2302 72I x:ageGp:fam 74:1:-1 by blue 105:1:-1 at gen194 Univ0 prob=0.815
AgeVaxH35.js:2302 72I x:ageGp:fam 628:4:-1 by blue 445:3:-1 at gen194 Univ0 prob=0.168
AgeVaxH35.js:2302 72I x:ageGp:fam 851:6:-1 by blue 884:6:-1 at gen194 Univ0 prob=0.452
AgeVaxH35.js:2302 73I x:ageGp:fam 614:4:-1 by blue 261:2:-1 at gen195 Univ0 prob=0.904
AgeVaxH35.js:2302 76I x:ageGp:fam 401:3:-1 by blue 76:1:-1 at gen196 Univ0 prob=0.960
AgeVaxH35.js:2302 76I x:ageGp:fam 824:6:-1 by blue 141:2:-1 at gen196 Univ0 prob=0.486
AgeVaxH35.js:2302 76I x:ageGp:fam 731:5:-1 by blue 886:6:-1 at gen196 Univ0 prob=0.762
AgeVaxH35.js:2302 76I x:ageGp:fam 824:6:-1 by red 786:5:-1 at gen196 Univ0 prob=0.732
AgeVaxH35.js:2302 80I x:ageGp:fam 984:9:-1 by blue 871:6:-1 at gen198 Univ0 prob=0.158
AgeVaxH35.js:2302 80I x:ageGp:fam 968:8:-1 by blue 639:4:-1 at gen199 Univ0 prob=0.029
AgeVaxH35.js:2302 81I x:ageGp:fam 558:4:-1 by red 253:2:-1 at gen200 Univ0 prob=0.293
AgeVaxH35.js:2302 83I x:ageGp:fam 318:2:-1 by red 253:2:-1 at gen204 Univ0 prob=0.388
AgeVaxH35.js:2302 84I x:ageGp:fam 388:3:-1 by blue 300:2:-1 at gen209 Univ0 prob=0.863
AgeVaxH35.js:2302 84I x:ageGp:fam 432:3:-1 by blue 391:3:-1 at gen210 Univ0 prob=0.484
AgeVaxH35.js:2302 85I x:ageGp:fam 333:2:-1 by blue 800:5:-1 at gen211 Univ0 prob=0.791
AgeVaxH35.js:2302 87I x:ageGp:fam 607:4:-1 by blue 634:4:-1 at gen213 Univ0 prob=0.707
AgeVaxH35.js:2302 88I x:ageGp:fam 729:5:-1 by blue 284:2:-1 at gen215 Univ0 prob=0.902
AgeVaxH35.js:2302 88I x:ageGp:fam 512:3:-1 by blue 384:3:-1 at gen216 Univ0 prob=0.945
AgeVaxH35.js:2302 89I x:ageGp:fam 797:5:-1 by blue 141:2:-1 at gen217 Univ0 prob=0.252
AgeVaxH35.js:2302 89I x:ageGp:fam 703:5:-1 by yellow 801:5:-1 at gen217 Univ0 prob=0.100
AgeVaxH35.js:2302 90I x:ageGp:fam 687:4:-1 by blue 141:2:-1 at gen218 Univ0 prob=0.386
AgeVaxH35.js:2302 90I x:ageGp:fam 872:6:-1 by blue 267:2:-1 at gen218 Univ0 prob=0.485
AgeVaxH35.js:2302 94I x:ageGp:fam 67:1:-1 by blue 816:5:-1 at gen220 Univ0 prob=0.512
AgeVaxH35.js:2302 94I x:ageGp:fam 221:2:-1 by blue 491:3:-1 at gen220 Univ0 prob=0.264
AgeVaxH35.js:2302 94I x:ageGp:fam 292:2:-1 by blue 391:3:-1 at gen220 Univ0 prob=0.146
AgeVaxH35.js:2302 97I x:ageGp:fam 213:2:-1 by red 76:1:-1 at gen223 Univ0 prob=0.971
AgeVaxH35.js:2302 97I x:ageGp:fam 422:3:-1 by blue 294:2:-1 at gen223 Univ0 prob=0.844
AgeVaxH35.js:2302 99I x:ageGp:fam 588:4:-1 by blue 879:6:-1 at gen225 Univ0 prob=0.516
AgeVaxH35.js:2302 100I x:ageGp:fam 985:9:-1 by blue 497:3:-1 at gen227 Univ0 prob=0.572
AgeVaxH35.js:2302 101I x:ageGp:fam 16:0:-1 by blue 753:5:-1 at gen231 Univ0 prob=0.778
AgeVaxH35.js:2302 101I x:ageGp:fam 327:2:-1 by blue 879:6:-1 at gen231 Univ0 prob=0.706
AgeVaxH35.js:2302 101I x:ageGp:fam 560:4:-1 by blue 998:9:-1 at gen232 Univ0 prob=0.689
AgeVaxH35.js:2302 103I x:ageGp:fam 427:3:-1 by red 261:2:-1 at gen233 Univ0 prob=0.620
AgeVaxH35.js:2302 104I x:ageGp:fam 808:5:-1 by blue 974:8:-1 at gen234 Univ0 prob=0.672
AgeVaxH35.js:2302 106I x:ageGp:fam 835:6:-1 by blue 294:2:-1 at gen236 Univ0 prob=0.423
AgeVaxH35.js:2302 107I x:ageGp:fam 17:0:-1 by blue 998:9:-1 at gen238 Univ0 prob=0.115
AgeVaxH35.js:2302 107I x:ageGp:fam 518:3:-1 by blue 56:1:-1 at gen239 Univ0 prob=0.677
AgeVaxH35.js:2302 109I x:ageGp:fam 51:1:-1 by blue 407:3:-1 at gen241 Univ0 prob=0.119
AgeVaxH35.js:2302 109I x:ageGp:fam 569:4:-1 by blue 300:2:-1 at gen241 Univ0 prob=0.641
AgeVaxH35.js:2302 109I x:ageGp:fam 553:4:-1 by red 936:7:-1 at gen242 Univ0 prob=0.972
AgeVaxH35.js:2302 111I x:ageGp:fam 38:0:-1 by blue 851:6:-1 at gen243 Univ0 prob=0.083
AgeVaxH35.js:2302 111I x:ageGp:fam 992:9:-1 by red 845:6:-1 at gen243 Univ0 prob=0.496
​ 114I x:ageGp:fam 829:6:-1 by red 253:2:-1 at gen245 Univ0 prob=0.971
​ 114I x:ageGp:fam 727:5:-1 by blue 668:4:-1 at gen245 Univ0 prob=0.528
​ 114I x:ageGp:fam 859:6:-1 by blue 267:2:-1 at gen246 Univ0 prob=0.838
​ 114I x:ageGp:fam 641:4:-1 by red 639:4:-1 at gen246 Univ0 prob=0.089
​ 116I x:ageGp:fam 264:2:-1 by red 649:4:-1 at gen247 Univ0 prob=0.183
​ 118I x:ageGp:fam 281:2:-1 by red 331:2:-1 at gen248 Univ0 prob=0.736
​ 118I x:ageGp:fam 541:4:-1 by blue 321:2:-1 at gen248 Univ0 prob=0.944
​ 118I x:ageGp:fam 495:3:-1 by blue 993:9:-1 at gen248 Univ0 prob=0.894
​ 119I x:ageGp:fam 504:3:-1 by blue 595:4:-1 at gen249 Univ0 prob=0.497
​ 119I x:ageGp:fam 741:5:-1 by blue 974:8:-1 at gen249 Univ0 prob=0.758
​ 124I x:ageGp:fam 95:1:-1 by blue 294:2:-1 at gen251 Univ0 prob=0.514
​ 124I x:ageGp:fam 464:3:-1 by green 95:1:-1 at gen251 Univ0 prob=0.779
​ 124I x:ageGp:fam 732:5:-1 by red 247:2:-1 at gen251 Univ0 prob=0.827
​ 124I x:ageGp:fam 464:3:-1 by blue 294:2:-1 at gen251 Univ0 prob=0.193
​ 124I x:ageGp:fam 484:3:-1 by blue 668:4:-1 at gen251 Univ0 prob=0.448
​ 128I x:ageGp:fam 229:2:-1 by blue 3:0:-1 at gen253 Univ0 prob=0.254
​ 128I x:ageGp:fam 200:2:-1 by red 141:2:-1 at gen253 Univ0 prob=0.964
​ 128I x:ageGp:fam 177:2:-1 by blue 757:5:-1 at gen254 Univ0 prob=0.770
​ 128I x:ageGp:fam 203:2:-1 by blue 744:5:-1 at gen254 Univ0 prob=0.190
​ 128I x:ageGp:fam 405:3:-1 by blue 776:5:-1 at gen254 Univ0 prob=0.876
​ 133I x:ageGp:fam 37:0:-1 by blue 597:4:-1 at gen257 Univ0 prob=0.984
​ 133I x:ageGp:fam 930:7:-1 by blue 56:1:-1 at gen258 Univ0 prob=0.640
​ 133I x:ageGp:fam 973:8:-1 by blue 597:4:-1 at gen258 Univ0 prob=0.632
​ 134I x:ageGp:fam 26:0:-1 by blue 3:0:-1 at gen259 Univ0 prob=0.842
​ 134I x:ageGp:fam 70:1:-1 by blue 597:4:-1 at gen259 Univ0 prob=0.886
​ 136I x:ageGp:fam 747:5:-1 by red 639:4:-1 at gen260 Univ0 prob=0.602
​ 138I x:ageGp:fam 937:7:-1 by red 430:3:-1 at gen261 Univ0 prob=0.116
​ 140I x:ageGp:fam 235:2:-1 by blue 3:0:-1 at gen263 Univ0 prob=0.915
​ 140I x:ageGp:fam 270:2:-1 by red 668:4:-1 at gen264 Univ0 prob=0.563
​ 140I x:ageGp:fam 674:4:-1 by green 270:2:-1 at gen264 Univ0 prob=0.833
​ 143I x:ageGp:fam 421:3:-1 by red 639:4:-1 at gen267 Univ0 prob=0.839
​ 143I x:ageGp:fam 643:4:-1 by blue 597:4:-1 at gen267 Univ0 prob=0.151
​ 143I x:ageGp:fam 892:6:-1 by red 800:5:-1 at gen267 Univ0 prob=0.719
​ 143I x:ageGp:fam 140:2:-1 by red 871:6:-1 at gen268 Univ0 prob=0.525
​ 143I x:ageGp:fam 636:4:-1 by blue 851:6:-1 at gen268 Univ0 prob=0.981
​ 146I x:ageGp:fam 83:1:-1 by red 141:2:-1 at gen269 Univ0 prob=0.598
​ 146I x:ageGp:fam 632:4:-1 by red 98:1:-1 at gen269 Univ0 prob=0.094
​ 146I x:ageGp:fam 357:2:-1 by blue 230:2:-1 at gen269 Univ0 prob=0.011
​ 146I x:ageGp:fam 520:3:-1 by blue 230:2:-1 at gen269 Univ0 prob=0.148
​ 146I x:ageGp:fam 459:3:-1 by blue 294:2:-1 at gen269 Univ0 prob=0.345
​ 148I x:ageGp:fam 466:3:-1 by yellow 292:2:-1 at gen270 Univ0 prob=0.125
​ 154I x:ageGp:fam 122:1:-1 by blue 67:1:-1 at gen275 Univ0 prob=0.929
​ 154I x:ageGp:fam 399:3:-1 by red 974:8:-1 at gen276 Univ0 prob=0.273
​ 154I x:ageGp:fam 778:5:-1 by blue 512:3:-1 at gen276 Univ0 prob=0.204
​ 157I x:ageGp:fam 125:1:-1 by blue 67:1:-1 at gen278 Univ0 prob=0.645
​ 157I x:ageGp:fam 378:3:-1 by red 974:8:-1 at gen279 Univ0 prob=0.876
​ 159I x:ageGp:fam 841:6:-1 by blue 968:8:-1 at gen281 Univ0 prob=0.673
​ 160I x:ageGp:fam 910:7:-1 by blue 597:4:-1 at gen283 Univ0 prob=0.568
​ 160I x:ageGp:fam 188:2:-1 by blue 333:2:-1 at gen284 Univ0 prob=0.776
​ 160I x:ageGp:fam 511:3:-1 by red 430:3:-1 at gen284 Univ0 prob=0.459
​ 161I x:ageGp:fam 23:0:-1 by red 871:6:-1 at gen285 Univ0 prob=0.678
​ 161I x:ageGp:fam 656:4:-1 by blue 985:9:-1 at gen285 Univ0 prob=0.208
​ 165I x:ageGp:fam 131:2:-1 by blue 663:4:-1 at gen287 Univ0 prob=0.884
​ 165I x:ageGp:fam 551:4:-1 by red 384:3:-1 at gen287 Univ0 prob=0.748
​ 165I x:ageGp:fam 579:4:-1 by blue 597:4:-1 at gen287 Univ0 prob=0.278
​ 165I x:ageGp:fam 146:2:-1 by yellow 579:4:-1 at gen288 Univ0 prob=0.293
​ 165I x:ageGp:fam 329:2:-1 by blue 588:4:-1 at gen288 Univ0 prob=0.070
​ 165I x:ageGp:fam 568:4:-1 by red 801:5:-1 at gen288 Univ0 prob=0.472
​ 168I x:ageGp:fam 158:2:-1 by red 430:3:-1 at gen289 Univ0 prob=0.837
​ 168I x:ageGp:fam 288:2:-1 by blue 518:3:-1 at gen289 Univ0 prob=0.490
​ 168I x:ageGp:fam 461:3:-1 by blue 597:4:-1 at gen289 Univ0 prob=0.329
​ 168I x:ageGp:fam 682:4:-1 by blue 851:6:-1 at gen289 Univ0 prob=0.981
​ 175I x:ageGp:fam 441:3:-1 by red 430:3:-1 at gen292 Univ0 prob=0.998
​ 175I x:ageGp:fam 818:5:-1 by red 753:5:-1 at gen293 Univ0 prob=0.343
​ 176I x:ageGp:fam 328:2:-1 by red 753:5:-1 at gen294 Univ0 prob=0.139
​ 176I x:ageGp:fam 775:5:-1 by blue 427:3:-1 at gen294 Univ0 prob=0.053
​ 179I x:ageGp:fam 94:1:-1 by red 753:5:-1 at gen298 Univ0 prob=0.077
​ 179I x:ageGp:fam 157:2:-1 by blue 968:8:-1 at gen298 Univ0 prob=0.438
​ 181I x:ageGp:fam 65:1:-1 by red 384:3:-1 at gen300 Univ0 prob=0.658
​ 181I x:ageGp:fam 678:4:-1 by red 404:3:-1 at gen300 Univ0 prob=0.171
​ 183I x:ageGp:fam 749:5:-1 by blue 512:3:-1 at gen302 Univ0 prob=0.706
​ 184I x:ageGp:fam 996:9:-1 by red 430:3:-1 at gen304 Univ0 prob=0.000
​ 184I x:ageGp:fam 479:3:-1 by red 141:2:-1 at gen305 Univ0 prob=0.615
​ 184I x:ageGp:fam 383:3:-1 by blue 560:4:-1 at gen305 Univ0 prob=0.578
​ 185I x:ageGp:fam 20:0:-1 by blue 731:5:-1 at gen306 Univ0 prob=0.302
​ 185I x:ageGp:fam 953:8:-1 by red 409:3:-1 at gen306 Univ0 prob=0.459
​ 189I x:ageGp:fam 535:3:-1 by blue 464:3:-1 at gen310 Univ0 prob=0.474
​ 189I x:ageGp:fam 32:0:-1 by red 851:6:-1 at gen311 Univ0 prob=0.181
​ 189I x:ageGp:fam 84:1:-1 by blue 292:2:-1 at gen311 Univ0 prob=0.449
​ 190I x:ageGp:fam 855:6:-1 by blue 512:3:-1 at gen312 Univ0 prob=0.543
​ 192I x:ageGp:fam 635:4:-1 by red 851:6:-1 at gen313 Univ0 prob=0.557
​ 194I x:ageGp:fam 718:5:-1 by red 851:6:-1 at gen316 Univ0 prob=0.525
​ 194I x:ageGp:fam 805:5:-1 by blue 292:2:-1 at gen317 Univ0 prob=0.994
​ 195I x:ageGp:fam 126:1:-1 by red 192:2:-1 at gen318 Univ0 prob=0.188
​ 196I x:ageGp:fam 128:1:-1 by blue 38:0:-1 at gen319 Univ0 prob=0.067
​ 196I x:ageGp:fam 259:2:-1 by blue 292:2:-1 at gen319 Univ0 prob=0.234
​ 197I x:ageGp:fam 570:4:-1 by red 74:1:-1 at gen320 Univ0 prob=0.308
​ 199I x:ageGp:fam 866:6:-1 by red 372:3:-1 at gen321 Univ0 prob=0.495
​ 201I x:ageGp:fam 147:2:-1 by red 757:5:-1 at gen324 Univ0 prob=0.922
​ 201I x:ageGp:fam 947:7:-1 by blue 427:3:-1 at gen325 Univ0 prob=0.258
​ 201I x:ageGp:fam 709:5:-1 by blue 464:3:-1 at gen325 Univ0 prob=0.244
​ 204I x:ageGp:fam 217:2:-1 by blue 200:2:-1 at gen327 Univ0 prob=0.002
​ 204I x:ageGp:fam 693:5:-1 by blue 484:3:-1 at gen327 Univ0 prob=0.000
​ 204I x:ageGp:fam 693:5:-1 by blue 512:3:-1 at gen327 Univ0 prob=0.693
​ 204I x:ageGp:fam 598:4:-1 by red 968:8:-1 at gen327 Univ0 prob=0.876
​ 207I x:ageGp:fam 470:3:-1 by blue 641:4:-1 at gen329 Univ0 prob=0.489
​ 207I x:ageGp:fam 324:2:-1 by red 74:1:-1 at gen330 Univ0 prob=0.875
​ 208I x:ageGp:fam 852:6:-1 by blue 399:3:-1 at gen331 Univ0 prob=0.668
​ 209I x:ageGp:fam 325:2:-1 by blue 37:0:-1 at gen332 Univ0 prob=0.161
​ 209I x:ageGp:fam 325:2:-1 by red 974:8:-1 at gen332 Univ0 prob=0.758
​ 211I x:ageGp:fam 932:7:-1 by blue 520:3:-1 at gen334 Univ0 prob=0.989
​ 211I x:ageGp:fam 71:1:-1 by blue 937:7:-1 at gen335 Univ0 prob=0.850
​ 212I x:ageGp:fam 21:0:-1 by blue 729:5:-1 at gen336 Univ0 prob=0.638
​ 212I x:ageGp:fam 683:4:-1 by blue 560:4:-1 at gen336 Univ0 prob=0.106
​ 213I x:ageGp:fam 102:1:-1 by blue 235:2:-1 at gen337 Univ0 prob=0.141
​ 213I x:ageGp:fam 237:2:-1 by red 968:8:-1 at gen337 Univ0 prob=0.378
​ 217I x:ageGp:fam 233:2:-1 by red 851:6:-1 at gen339 Univ0 prob=0.994
​ 217I x:ageGp:fam 963:8:-1 by blue 643:4:-1 at gen339 Univ0 prob=0.361
​ 217I x:ageGp:fam 390:3:-1 by blue 643:4:-1 at gen340 Univ0 prob=0.808
​ 217I x:ageGp:fam 508:3:-1 by red 851:6:-1 at gen340 Univ0 prob=0.675
​ 219I x:ageGp:fam 988:9:-1 by blue 643:4:-1 at gen341 Univ0 prob=0.035
​ 222I x:ageGp:fam 54:1:-1 by blue 427:3:-1 at gen343 Univ0 prob=0.171
​ 222I x:ageGp:fam 195:2:-1 by red 998:9:-1 at gen343 Univ0 prob=0.570
​ 222I x:ageGp:fam 194:2:-1 by blue 421:3:-1 at gen344 Univ0 prob=0.276
​ 222I x:ageGp:fam 608:4:-1 by blue 421:3:-1 at gen344 Univ0 prob=0.331
​ 222I x:ageGp:fam 673:4:-1 by blue 421:3:-1 at gen344 Univ0 prob=0.375
​ 222I x:ageGp:fam 941:7:-1 by blue 930:7:-1 at gen344 Univ0 prob=0.025
​ 224I x:ageGp:fam 397:3:-1 by blue 329:2:-1 at gen345 Univ0 prob=0.158
​ 224I x:ageGp:fam 356:2:-1 by blue 560:4:-1 at gen345 Univ0 prob=0.287
​ 224I x:ageGp:fam 359:3:-1 by blue 421:3:-1 at gen345 Univ0 prob=0.889
​ 224I x:ageGp:fam 933:7:-1 by blue 464:3:-1 at gen345 Univ0 prob=0.951
​ 228I x:ageGp:fam 106:1:-1 by blue 38:0:-1 at gen346 Univ0 prob=0.644
​ 228I x:ageGp:fam 170:2:-1 by blue 520:3:-1 at gen346 Univ0 prob=0.235
​ 228I x:ageGp:fam 653:4:-1 by red 974:8:-1 at gen346 Univ0 prob=0.065
​ 235I x:ageGp:fam 335:2:-1 by blue 910:7:-1 at gen348 Univ0 prob=0.856
​ 235I x:ageGp:fam 623:4:-1 by blue 643:4:-1 at gen349 Univ0 prob=0.031
​ 236I x:ageGp:fam 911:7:-1 by blue 818:5:-1 at gen350 Univ0 prob=0.673
​ 237I x:ageGp:fam 496:3:-1 by blue 399:3:-1 at gen351 Univ0 prob=0.683
​ 238I x:ageGp:fam 658:4:-1 by blue 125:1:-1 at gen352 Univ0 prob=0.969
​ 238I x:ageGp:fam 537:3:-1 by blue 643:4:-1 at gen352 Univ0 prob=0.907
​ 239I x:ageGp:fam 487:3:-1 by red 3:0:-1 at gen353 Univ0 prob=0.502
​ 239I x:ageGp:fam 563:4:-1 by blue 235:2:-1 at gen353 Univ0 prob=0.759
​ 241I x:ageGp:fam 619:4:-1 by blue 37:0:-1 at gen354 Univ0 prob=0.197
​ 241I x:ageGp:fam 75:1:-1 by blue 125:1:-1 at gen354 Univ0 prob=0.102
​ 241I x:ageGp:fam 334:2:-1 by red 512:3:-1 at gen354 Univ0 prob=0.502
​ 241I x:ageGp:fam 471:3:-1 by blue 727:5:-1 at gen354 Univ0 prob=0.445
​ 243I x:ageGp:fam 339:2:-1 by blue 643:4:-1 at gen355 Univ0 prob=0.583
​ 247I x:ageGp:fam 279:2:-1 by blue 841:6:-1 at gen356 Univ0 prob=0.162
​ 248I x:ageGp:fam 681:4:-1 by red 998:9:-1 at gen357 Univ0 prob=0.577
​ 250I x:ageGp:fam 861:6:-1 by red 560:4:-1 at gen359 Univ0 prob=0.627
​ 251I x:ageGp:fam 346:2:-1 by red 560:4:-1 at gen362 Univ0 prob=0.296
​ 251I x:ageGp:fam 89:1:-1 by blue 841:6:-1 at gen363 Univ0 prob=0.436
​ 251I x:ageGp:fam 585:4:-1 by red 974:8:-1 at gen363 Univ0 prob=0.814
​ 251I x:ageGp:fam 711:5:-1 by blue 996:9:-1 at gen363 Univ0 prob=0.094
​ 252I x:ageGp:fam 73:1:-1 by blue 26:0:-1 at gen364 Univ0 prob=0.048
​ 252I x:ageGp:fam 640:4:-1 by red 74:1:-1 at gen364 Univ0 prob=0.589
​ 255I x:ageGp:fam 402:3:-1 by blue 641:4:-1 at gen365 Univ0 prob=0.310
​ 257I x:ageGp:fam 349:2:-1 by blue 421:3:-1 at gen366 Univ0 prob=0.107
​ 257I x:ageGp:fam 948:7:-1 by red 998:9:-1 at gen366 Univ0 prob=0.166
​ 260I x:ageGp:fam 114:1:-1 by blue 535:3:-1 at gen370 Univ0 prob=0.735
​ 260I x:ageGp:fam 198:2:-1 by red 753:5:-1 at gen370 Univ0 prob=0.591
​ 260I x:ageGp:fam 276:2:-1 by red 432:3:-1 at gen370 Univ0 prob=0.078
​ 260I x:ageGp:fam 769:5:-1 by red 372:3:-1 at gen371 Univ0 prob=0.893
​ 263I x:ageGp:fam 362:3:-1 by blue 535:3:-1 at gen372 Univ0 prob=0.135
​ 263I x:ageGp:fam 499:3:-1 by red 968:8:-1 at gen372 Univ0 prob=0.020
​ 266I x:ageGp:fam 354:2:-1 by red 74:1:-1 at gen374 Univ0 prob=0.705
​ 266I x:ageGp:fam 503:3:-1 by red 741:5:-1 at gen374 Univ0 prob=0.472
​ 266I x:ageGp:fam 602:4:-1 by blue 643:4:-1 at gen374 Univ0 prob=0.114
​ 266I x:ageGp:fam 759:5:-1 by red 808:5:-1 at gen374 Univ0 prob=0.919
​ 270I x:ageGp:fam 377:3:-1 by blue 158:2:-1 at gen376 Univ0 prob=0.362
​ 270I x:ageGp:fam 888:6:-1 by red 727:5:-1 at gen377 Univ0 prob=0.811
​ 271I x:ageGp:fam 10:0:-1 by blue 94:1:-1 at gen378 Univ0 prob=0.889
​ 271I x:ageGp:fam 239:2:-1 by blue 421:3:-1 at gen378 Univ0 prob=0.022
​ 271I x:ageGp:fam 737:5:-1 by blue 479:3:-1 at gen378 Univ0 prob=0.103
​ 271I x:ageGp:fam 751:5:-1 by blue 682:4:-1 at gen378 Univ0 prob=0.522
​ 272I x:ageGp:fam 90:1:-1 by blue 466:3:-1 at gen379 Univ0 prob=0.969
​ 277I x:ageGp:fam 893:6:-1 by blue 126:1:-1 at gen381 Univ0 prob=0.529
​ 277I x:ageGp:fam 522:3:-1 by red 968:8:-1 at gen382 Univ0 prob=0.378
​ 279I x:ageGp:fam 5:0:-1 by blue 643:4:-1 at gen385 Univ0 prob=0.451
​ 279I x:ageGp:fam 784:5:-1 by red 588:4:-1 at gen385 Univ0 prob=0.838
​ 279I x:ageGp:fam 760:5:-1 by red 17:0:-1 at gen386 Univ0 prob=0.598
​ 279I x:ageGp:fam 615:4:-1 by blue 805:5:-1 at gen386 Univ0 prob=0.300
​ 281I x:ageGp:fam 201:2:-1 by blue 535:3:-1 at gen387 Univ0 prob=0.776
​ 283I x:ageGp:fam 108:1:-1 by blue 329:2:-1 at gen388 Univ0 prob=0.577
​ 284I x:ageGp:fam 807:5:-1 by red 321:2:-1 at gen389 Univ0 prob=0.340
​ 284I x:ageGp:fam 979:8:-1 by blue 325:2:-1 at gen389 Univ0 prob=0.079
​ 284I x:ageGp:fam 806:5:-1 by red 466:3:-1 at gen389 Univ0 prob=0.409
​ 284I x:ageGp:fam 875:6:-1 by red 560:4:-1 at gen389 Univ0 prob=0.417
​ 285I x:ageGp:fam 1:0:-1 by red 731:5:-1 at gen390 Univ0 prob=0.317
​ 290I x:ageGp:fam 45:1:-1 by blue 535:3:-1 at gen392 Univ0 prob=0.945
​ 290I x:ageGp:fam 185:2:-1 by blue 259:2:-1 at gen392 Univ0 prob=0.950
​ 290I x:ageGp:fam 764:5:-1 by red 96:1:-1 at gen393 Univ0 prob=0.289
​ 290I x:ageGp:fam 660:4:-1 by blue 535:3:-1 at gen393 Univ0 prob=0.764
​ 292I x:ageGp:fam 548:4:-1 by blue 194:2:-1 at gen394 Univ0 prob=0.152
​ 295I x:ageGp:fam 423:3:-1 by blue 682:4:-1 at gen396 Univ0 prob=0.788
​ 295I x:ageGp:fam 513:3:-1 by blue 778:5:-1 at gen396 Univ0 prob=0.015
​ 295I x:ageGp:fam 736:5:-1 by red 281:2:-1 at gen397 Univ0 prob=0.316
​ 298I x:ageGp:fam 425:3:-1 by blue 855:6:-1 at gen399 Univ0 prob=0.959
​ 298I x:ageGp:fam 165:2:-1 by blue 653:4:-1 at gen400 Univ0 prob=0.191
​ 298I x:ageGp:fam 999:9:-1 by blue 324:2:-1 at gen400 Univ0 prob=0.222
​ 301I x:ageGp:fam 903:7:-1 by blue 933:7:-1 at gen404 Univ0 prob=0.411
​ 302I x:ageGp:fam 360:3:-1 by red 968:8:-1 at gen407 Univ0 prob=0.106
​ 302I x:ageGp:fam 361:3:-1 by blue 996:9:-1 at gen407 Univ0 prob=0.925
AgeVaxH35.js:2302 304I x:ageGp:fam 408:3:-1 by blue 75:1:-1 at gen410 Univ0 prob=0.612
AgeVaxH35.js:2302 304I x:ageGp:fam 921:7:-1 by blue 325:2:-1 at gen410 Univ0 prob=0.709
AgeVaxH35.js:2302 304I x:ageGp:fam 699:5:-1 by blue 537:3:-1 at gen410 Univ0 prob=0.588
AgeVaxH35.js:2302 307I x:ageGp:fam 133:2:-1 by blue 259:2:-1 at gen412 Univ0 prob=0.824
AgeVaxH35.js:2302 308I x:ageGp:fam 943:7:-1 by blue 623:4:-1 at gen414 Univ0 prob=0.840
AgeVaxH35.js:2302 308I x:ageGp:fam 415:3:-1 by blue 535:3:-1 at gen415 Univ0 prob=0.874
AgeVaxH35.js:2302 308I x:ageGp:fam 704:5:-1 by blue 619:4:-1 at gen415 Univ0 prob=0.914
AgeVaxH35.js:2302 309I x:ageGp:fam 419:3:-1 by blue 535:3:-1 at gen416 Univ0 prob=0.418
AgeVaxH35.js:2302 311I x:ageGp:fam 272:2:-1 by red 643:4:-1 at gen417 Univ0 prob=0.335
AgeVaxH35.js:2302 311I x:ageGp:fam 336:2:-1 by blue 383:3:-1 at gen417 Univ0 prob=0.212
AgeVaxH35.js:2302 312I x:ageGp:fam 600:4:-1 by red 968:8:-1 at gen418 Univ0 prob=0.147
AgeVaxH35.js:2302 312I x:ageGp:fam 792:5:-1 by blue 996:9:-1 at gen418 Univ0 prob=0.993
AgeVaxH35.js:2302 316I x:ageGp:fam 844:6:-1 by blue 198:2:-1 at gen420 Univ0 prob=0.807
AgeVaxH35.js:2302 316I x:ageGp:fam 779:5:-1 by blue 356:2:-1 at gen420 Univ0 prob=0.553
AgeVaxH35.js:2302 316I x:ageGp:fam 957:8:-1 by blue 356:2:-1 at gen420 Univ0 prob=0.610
AgeVaxH35.js:2302 316I x:ageGp:fam 64:1:-1 by blue 359:3:-1 at gen421 Univ0 prob=0.659
AgeVaxH35.js:2302 316I x:ageGp:fam 273:2:-1 by red 125:1:-1 at gen421 Univ0 prob=0.452
AgeVaxH35.js:2302 316I x:ageGp:fam 178:2:-1 by blue 608:4:-1 at gen421 Univ0 prob=0.586
AgeVaxH35.js:2302 316I x:ageGp:fam 645:4:-1 by red 292:2:-1 at gen421 Univ0 prob=0.175
AgeVaxH35.js:2302 316I x:ageGp:fam 825:6:-1 by blue 653:4:-1 at gen421 Univ0 prob=0.023
AgeVaxH35.js:2302 319I x:ageGp:fam 603:4:-1 by blue 75:1:-1 at gen422 Univ0 prob=0.269
AgeVaxH35.js:2302 324I x:ageGp:fam 510:3:-1 by blue 259:2:-1 at gen423 Univ0 prob=0.531
AgeVaxH35.js:2302 324I x:ageGp:fam 394:3:-1 by blue 356:2:-1 at gen423 Univ0 prob=0.825
AgeVaxH35.js:2302 324I x:ageGp:fam 743:5:-1 by blue 570:4:-1 at gen423 Univ0 prob=0.879
AgeVaxH35.js:2302 325I x:ageGp:fam 853:6:-1 by blue 653:4:-1 at gen424 Univ0 prob=0.095
AgeVaxH35.js:2302 329I x:ageGp:fam 637:4:-1 by blue 170:2:-1 at gen426 Univ0 prob=0.208
AgeVaxH35.js:2302 329I x:ageGp:fam 242:2:-1 by blue 537:3:-1 at gen426 Univ0 prob=0.510
AgeVaxH35.js:2302 331I x:ageGp:fam 723:5:-1 by blue 237:2:-1 at gen428 Univ0 prob=0.366
AgeVaxH35.js:2302 331I x:ageGp:fam 454:3:-1 by blue 709:5:-1 at gen428 Univ0 prob=0.731
AgeVaxH35.js:2302 331I x:ageGp:fam 69:1:-1 by blue 570:4:-1 at gen429 Univ0 prob=0.195
AgeVaxH35.js:2302 331I x:ageGp:fam 78:1:-1 by red 158:2:-1 at gen429 Univ0 prob=0.704
AgeVaxH35.js:2302 331I x:ageGp:fam 145:2:-1 by red 461:3:-1 at gen429 Univ0 prob=0.865
AgeVaxH35.js:2302 331I x:ageGp:fam 685:4:-1 by red 158:2:-1 at gen429 Univ0 prob=0.567
AgeVaxH35.js:2302 331I x:ageGp:fam 590:4:-1 by blue 585:4:-1 at gen429 Univ0 prob=0.178
AgeVaxH35.js:2302 333I x:ageGp:fam 828:6:-1 by red 158:2:-1 at gen430 Univ0 prob=0.443
AgeVaxH35.js:2302 333I x:ageGp:fam 631:4:-1 by blue 911:7:-1 at gen430 Univ0 prob=0.618
AgeVaxH35.js:2302 333I x:ageGp:fam 715:5:-1 by red 930:7:-1 at gen430 Univ0 prob=0.368
AgeVaxH35.js:2302 341I x:ageGp:fam 244:2:-1 by blue 888:6:-1 at gen432 Univ0 prob=0.256
AgeVaxH35.js:2302 341I x:ageGp:fam 322:2:-1 by red 270:2:-1 at gen432 Univ0 prob=0.528
AgeVaxH35.js:2302 341I x:ageGp:fam 295:2:-1 by red 996:9:-1 at gen432 Univ0 prob=0.878
AgeVaxH35.js:2302 341I x:ageGp:fam 455:3:-1 by blue 339:2:-1 at gen432 Univ0 prob=0.762
AgeVaxH35.js:2302 341I x:ageGp:fam 863:6:-1 by blue 933:7:-1 at gen432 Univ0 prob=0.881
AgeVaxH35.js:2302 341I x:ageGp:fam 916:7:-1 by red 188:2:-1 at gen433 Univ0 prob=0.161
AgeVaxH35.js:2302 341I x:ageGp:fam 768:5:-1 by red 484:3:-1 at gen433 Univ0 prob=0.142
AgeVaxH35.js:2302 346I x:ageGp:fam 925:7:-1 by blue 963:8:-1 at gen434 Univ0 prob=0.074
AgeVaxH35.js:2302 348I x:ageGp:fam 926:7:-1 by yellow 615:4:-1 at gen435 Univ0 prob=0.741
AgeVaxH35.js:2302 349I x:ageGp:fam 798:5:-1 by blue 653:4:-1 at gen436 Univ0 prob=0.356
AgeVaxH35.js:2302 350I x:ageGp:fam 742:5:-1 by blue 170:2:-1 at gen437 Univ0 prob=0.537
AgeVaxH35.js:2302 351I x:ageGp:fam 896:6:-1 by red 235:2:-1 at gen438 Univ0 prob=0.160
AgeVaxH35.js:2302 351I x:ageGp:fam 505:3:-1 by blue 658:4:-1 at gen438 Univ0 prob=0.135
AgeVaxH35.js:2302 351I x:ageGp:fam 676:4:-1 by blue 585:4:-1 at gen438 Univ0 prob=0.730
AgeVaxH35.js:2302 352I x:ageGp:fam 163:2:-1 by blue 640:4:-1 at gen439 Univ0 prob=0.051
AgeVaxH35.js:2302 352I x:ageGp:fam 733:5:-1 by blue 356:2:-1 at gen439 Univ0 prob=0.484
AgeVaxH35.js:2302 357I x:ageGp:fam 978:8:-1 by blue 933:7:-1 at gen441 Univ0 prob=0.599
AgeVaxH35.js:2302 357I x:ageGp:fam 629:4:-1 by blue 658:4:-1 at gen442 Univ0 prob=0.332
AgeVaxH35.js:2302 358I x:ageGp:fam 41:1:-1 by blue 335:2:-1 at gen443 Univ0 prob=0.724
AgeVaxH35.js:2302 358I x:ageGp:fam 160:2:-1 by red 910:7:-1 at gen443 Univ0 prob=0.639
AgeVaxH35.js:2302 358I x:ageGp:fam 265:2:-1 by blue 349:2:-1 at gen443 Univ0 prob=0.461
AgeVaxH35.js:2302 358I x:ageGp:fam 762:5:-1 by blue 508:3:-1 at gen443 Univ0 prob=0.568
AgeVaxH35.js:2302 359I x:ageGp:fam 625:4:-1 by blue 170:2:-1 at gen444 Univ0 prob=0.932
AgeVaxH35.js:2302 363I x:ageGp:fam 228:2:-1 by red 718:5:-1 at gen445 Univ0 prob=0.584
AgeVaxH35.js:2302 363I x:ageGp:fam 330:2:-1 by blue 339:2:-1 at gen445 Univ0 prob=0.783
AgeVaxH35.js:2302 366I x:ageGp:fam 439:3:-1 by blue 933:7:-1 at gen447 Univ0 prob=0.691
AgeVaxH35.js:2302 366I x:ageGp:fam 258:2:-1 by blue 888:6:-1 at gen448 Univ0 prob=0.038
AgeVaxH35.js:2302 367I x:ageGp:fam 36:0:-1 by blue 640:4:-1 at gen449 Univ0 prob=0.392
AgeVaxH35.js:2302 368I x:ageGp:fam 277:2:-1 by red 910:7:-1 at gen450 Univ0 prob=0.576
AgeVaxH35.js:2302 368I x:ageGp:fam 814:5:-1 by blue 640:4:-1 at gen450 Univ0 prob=0.459
AgeVaxH35.js:2302 369I x:ageGp:fam 210:2:-1 by red 38:0:-1 at gen451 Univ0 prob=0.550
AgeVaxH35.js:2302 371I x:ageGp:fam 622:4:-1 by red 643:4:-1 at gen452 Univ0 prob=0.842
AgeVaxH35.js:2302 372I x:ageGp:fam 304:2:-1 by red 996:9:-1 at gen453 Univ0 prob=0.879
AgeVaxH35.js:2302 372I x:ageGp:fam 949:8:-1 by blue 537:3:-1 at gen453 Univ0 prob=0.064
AgeVaxH35.js:2302 373I x:ageGp:fam 453:3:-1 by blue 711:5:-1 at gen454 Univ0 prob=0.038
AgeVaxH35.js:2302 373I x:ageGp:fam 626:4:-1 by blue 619:4:-1 at gen454 Univ0 prob=0.503
AgeVaxH35.js:2302 375I x:ageGp:fam 945:7:-1 by red 718:5:-1 at gen455 Univ0 prob=0.494
AgeVaxH35.js:2302 378I x:ageGp:fam 506:3:-1 by blue 201:2:-1 at gen457 Univ0 prob=0.075
AgeVaxH35.js:2302 378I x:ageGp:fam 352:2:-1 by blue 5:0:-1 at gen458 Univ0 prob=0.177
AgeVaxH35.js:2302 378I x:ageGp:fam 153:2:-1 by blue 349:2:-1 at gen458 Univ0 prob=0.186
AgeVaxH35.js:2302 378I x:ageGp:fam 951:8:-1 by red 383:3:-1 at gen458 Univ0 prob=0.688
AgeVaxH35.js:2302 379I x:ageGp:fam 241:2:-1 by blue 537:3:-1 at gen459 Univ0 prob=0.981
AgeVaxH35.js:2302 382I x:ageGp:fam 856:6:-1 by blue 349:2:-1 at gen460 Univ0 prob=0.465
AgeVaxH35.js:2302 382I x:ageGp:fam 540:3:-1 by red 841:6:-1 at gen460 Univ0 prob=0.779
AgeVaxH35.js:2302 383I x:ageGp:fam 424:3:-1 by blue 5:0:-1 at gen461 Univ0 prob=0.853
AgeVaxH35.js:2302 385I x:ageGp:fam 554:4:-1 by blue 75:1:-1 at gen462 Univ0 prob=0.159
AgeVaxH35.js:2302 386I x:ageGp:fam 255:2:-1 by blue 408:3:-1 at gen463 Univ0 prob=0.082
AgeVaxH35.js:2302 386I x:ageGp:fam 716:5:-1 by red 553:4:-1 at gen463 Univ0 prob=0.048
AgeVaxH35.js:2302 387I x:ageGp:fam 457:3:-1 by blue 979:8:-1 at gen464 Univ0 prob=0.235
AgeVaxH35.js:2302 387I x:ageGp:fam 460:3:-1 by red 643:4:-1 at gen464 Univ0 prob=0.485
AgeVaxH35.js:2302 387I x:ageGp:fam 489:3:-1 by blue 711:5:-1 at gen464 Univ0 prob=0.331
AgeVaxH35.js:2302 387I x:ageGp:fam 675:4:-1 by blue 585:4:-1 at gen464 Univ0 prob=0.977
AgeVaxH35.js:2302 393I x:ageGp:fam 314:2:-1 by red 653:4:-1 at gen467 Univ0 prob=0.498
AgeVaxH35.js:2302 393I x:ageGp:fam 164:2:-1 by blue 471:3:-1 at gen468 Univ0 prob=0.398
AgeVaxH35.js:2302 394I x:ageGp:fam 245:2:-1 by blue 640:4:-1 at gen469 Univ0 prob=0.086
AgeVaxH35.js:2302 395I x:ageGp:fam 873:6:-1 by blue 201:2:-1 at gen470 Univ0 prob=0.565
AgeVaxH35.js:2302 395I x:ageGp:fam 726:5:-1 by red 933:7:-1 at gen470 Univ0 prob=0.038
AgeVaxH35.js:2302 396I x:ageGp:fam 578:4:-1 by red 356:2:-1 at gen471 Univ0 prob=0.834
AgeVaxH35.js:2302 398I x:ageGp:fam 823:6:-1 by red 335:2:-1 at gen472 Univ0 prob=0.111
AgeVaxH35.js:2302 398I x:ageGp:fam 981:8:-1 by blue 361:3:-1 at gen472 Univ0 prob=0.683
AgeVaxH35.js:2302 399I x:ageGp:fam 576:4:-1 by blue 45:1:-1 at gen473 Univ0 prob=0.616
AgeVaxH35.js:2302 399I x:ageGp:fam 374:3:-1 by blue 185:2:-1 at gen473 Univ0 prob=0.359
AgeVaxH35.js:2302 399I x:ageGp:fam 545:4:-1 by red 910:7:-1 at gen473 Univ0 prob=0.617
AgeVaxH35.js:2302 404I x:ageGp:fam 299:2:-1 by red 94:1:-1 at gen475 Univ0 prob=0.570
AgeVaxH35.js:2302 404I x:ageGp:fam 116:1:-1 by red 570:4:-1 at gen476 Univ0 prob=0.997
AgeVaxH35.js:2302 404I x:ageGp:fam 465:3:-1 by blue 185:2:-1 at gen476 Univ0 prob=0.581
AgeVaxH35.js:2302 404I x:ageGp:fam 476:3:-1 by blue 510:3:-1 at gen476 Univ0 prob=0.520
AgeVaxH35.js:2302 405I x:ageGp:fam 181:2:-1 by blue 165:2:-1 at gen477 Univ0 prob=0.413
AgeVaxH35.js:2302 405I x:ageGp:fam 412:3:-1 by blue 394:3:-1 at gen477 Univ0 prob=0.841
AgeVaxH35.js:2302 405I x:ageGp:fam 796:5:-1 by blue 394:3:-1 at gen477 Univ0 prob=0.556
AgeVaxH35.js:2302 405I x:ageGp:fam 739:5:-1 by red 683:4:-1 at gen477 Univ0 prob=0.471
AgeVaxH35.js:2302 412I x:ageGp:fam 234:2:-1 by blue 510:3:-1 at gen479 Univ0 prob=0.977
AgeVaxH35.js:2302 412I x:ageGp:fam 677:4:-1 by blue 999:9:-1 at gen479 Univ0 prob=0.239
AgeVaxH35.js:2302 412I x:ageGp:fam 486:3:-1 by blue 64:1:-1 at gen480 Univ0 prob=0.673
AgeVaxH35.js:2302 412I x:ageGp:fam 350:2:-1 by blue 921:7:-1 at gen480 Univ0 prob=0.943
AgeVaxH35.js:2302 412I x:ageGp:fam 701:5:-1 by blue 903:7:-1 at gen480 Univ0 prob=0.941
AgeVaxH35.js:2302 414I x:ageGp:fam 22:0:-1 by blue 704:5:-1 at gen481 Univ0 prob=0.911
AgeVaxH35.js:2302 414I x:ageGp:fam 81:1:-1 by blue 615:4:-1 at gen481 Univ0 prob=0.551
AgeVaxH35.js:2302 414I x:ageGp:fam 599:4:-1 by red 89:1:-1 at gen481 Univ0 prob=0.064
AgeVaxH35.js:2302 414I x:ageGp:fam 599:4:-1 by blue 807:5:-1 at gen481 Univ0 prob=0.411
AgeVaxH35.js:2302 414I x:ageGp:fam 745:5:-1 by blue 699:5:-1 at gen481 Univ0 prob=0.137
AgeVaxH35.js:2302 417I x:ageGp:fam 691:5:-1 by blue 408:3:-1 at gen482 Univ0 prob=0.450
​ 422I x:ageGp:fam 922:7:-1 by red 325:2:-1 at gen484 Univ0 prob=0.219
​ 422I x:ageGp:fam 557:4:-1 by blue 999:9:-1 at gen485 Univ0 prob=0.980
​ 422I x:ageGp:fam 763:5:-1 by red 643:4:-1 at gen485 Univ0 prob=0.831
​ 423I x:ageGp:fam 91:1:-1 by red 335:2:-1 at gen486 Univ0 prob=0.351
​ 423I x:ageGp:fam 256:2:-1 by red 471:3:-1 at gen486 Univ0 prob=0.304
​ 423I x:ageGp:fam 809:5:-1 by blue 903:7:-1 at gen486 Univ0 prob=0.806
​ 425I x:ageGp:fam 19:0:-1 by red 325:2:-1 at gen487 Univ0 prob=0.127
​ 425I x:ageGp:fam 982:9:-1 by red 259:2:-1 at gen487 Univ0 prob=0.815
​ 425I x:ageGp:fam 854:6:-1 by blue 336:2:-1 at gen487 Univ0 prob=0.429
​ 428I x:ageGp:fam 47:1:-1 by blue 828:6:-1 at gen488 Univ0 prob=0.910
​ 431I x:ageGp:fam 474:3:-1 by blue 272:2:-1 at gen489 Univ0 prob=0.307
​ 431I x:ageGp:fam 492:3:-1 by red 335:2:-1 at gen489 Univ0 prob=0.489
​ 431I x:ageGp:fam 565:4:-1 by red 362:3:-1 at gen489 Univ0 prob=0.462
​ 432I x:ageGp:fam 9:0:-1 by red 356:2:-1 at gen490 Univ0 prob=0.501
​ 432I x:ageGp:fam 12:0:-1 by blue 615:4:-1 at gen490 Univ0 prob=0.731
​ 432I x:ageGp:fam 143:2:-1 by red 585:4:-1 at gen490 Univ0 prob=0.542
​ 432I x:ageGp:fam 842:6:-1 by yellow 163:2:-1 at gen490 Univ0 prob=0.440
​ 432I x:ageGp:fam 223:2:-1 by red 357:2:-1 at gen490 Univ0 prob=0.860
​ 432I x:ageGp:fam 291:2:-1 by blue 875:6:-1 at gen490 Univ0 prob=0.399
​ 432I x:ageGp:fam 296:2:-1 by blue 699:5:-1 at gen490 Univ0 prob=0.902
​ 432I x:ageGp:fam 633:4:-1 by blue 510:3:-1 at gen490 Univ0 prob=0.236
​ 432I x:ageGp:fam 664:4:-1 by blue 637:4:-1 at gen490 Univ0 prob=0.834
​ 432I x:ageGp:fam 773:5:-1 by red 852:6:-1 at gen490 Univ0 prob=0.082
​ 435I x:ageGp:fam 821:6:-1 by red 339:2:-1 at gen491 Univ0 prob=0.203
​ 445I x:ageGp:fam 478:3:-1 by red 114:1:-1 at gen492 Univ0 prob=0.889
​ 445I x:ageGp:fam 494:3:-1 by red 640:4:-1 at gen492 Univ0 prob=0.807
​ 445I x:ageGp:fam 661:4:-1 by red 537:3:-1 at gen492 Univ0 prob=0.048
​ 449I x:ageGp:fam 13:0:-1 by blue 510:3:-1 at gen494 Univ0 prob=0.960
​ 449I x:ageGp:fam 68:1:-1 by red 356:2:-1 at gen494 Univ0 prob=0.375
​ 449I x:ageGp:fam 940:7:-1 by blue 361:3:-1 at gen494 Univ0 prob=0.566
​ 449I x:ageGp:fam 435:3:-1 by blue 875:6:-1 at gen495 Univ0 prob=0.731
​ 452I x:ageGp:fam 260:2:-1 by red 335:2:-1 at gen496 Univ0 prob=0.980
​ 452I x:ageGp:fam 928:7:-1 by blue 510:3:-1 at gen496 Univ0 prob=0.824
​ 452I x:ageGp:fam 790:5:-1 by blue 615:4:-1 at gen496 Univ0 prob=0.628
​ 453I x:ageGp:fam 166:2:-1 by blue 978:8:-1 at gen497 Univ0 prob=0.608
​ 456I x:ageGp:fam 724:5:-1 by red 349:2:-1 at gen498 Univ0 prob=0.440
​ 456I x:ageGp:fam 524:3:-1 by blue 925:7:-1 at gen498 Univ0 prob=0.450
​ 457I x:ageGp:fam 155:2:-1 by blue 244:2:-1 at gen499 Univ0 prob=0.920
​ 457I x:ageGp:fam 613:4:-1 by blue 637:4:-1 at gen499 Univ0 prob=0.372
​ 457I x:ageGp:fam 785:5:-1 by blue 863:6:-1 at gen499 Univ0 prob=0.904
​ 462I x:ageGp:fam 120:1:-1 by red 237:2:-1 at gen501 Univ0 prob=0.695
​ 462I x:ageGp:fam 396:3:-1 by red 602:4:-1 at gen501 Univ0 prob=0.882
​ 462I x:ageGp:fam 955:8:-1 by blue 510:3:-1 at gen501 Univ0 prob=0.014
​ 462I x:ageGp:fam 573:4:-1 by red 339:2:-1 at gen502 Univ0 prob=0.370
​ 465I x:ageGp:fam 173:2:-1 by blue 408:3:-1 at gen503 Univ0 prob=0.481
​ 465I x:ageGp:fam 309:2:-1 by blue 926:7:-1 at gen503 Univ0 prob=0.886
​ 465I x:ageGp:fam 449:3:-1 by blue 439:3:-1 at gen503 Univ0 prob=0.642
​ 466I x:ageGp:fam 574:4:-1 by blue 185:2:-1 at gen504 Univ0 prob=0.663
​ 466I x:ageGp:fam 878:6:-1 by yellow 304:2:-1 at gen504 Univ0 prob=0.261
​ 466I x:ageGp:fam 644:4:-1 by red 537:3:-1 at gen504 Univ0 prob=0.730
​ 466I x:ageGp:fam 971:8:-1 by blue 957:8:-1 at gen504 Univ0 prob=0.808
​ 469I x:ageGp:fam 528:3:-1 by red 996:9:-1 at gen505 Univ0 prob=0.634
​ 469I x:ageGp:fam 815:5:-1 by yellow 945:7:-1 at gen505 Univ0 prob=0.703
​ 473I x:ageGp:fam 149:2:-1 by red 640:4:-1 at gen506 Univ0 prob=0.338
​ 473I x:ageGp:fam 297:2:-1 by blue 828:6:-1 at gen506 Univ0 prob=0.512
​ 473I x:ageGp:fam 995:9:-1 by blue 506:3:-1 at gen506 Univ0 prob=0.645
​ 473I x:ageGp:fam 864:6:-1 by blue 792:5:-1 at gen506 Univ0 prob=0.749
​ 475I x:ageGp:fam 516:3:-1 by blue 455:3:-1 at gen507 Univ0 prob=0.695
​ 475I x:ageGp:fam 830:6:-1 by blue 957:8:-1 at gen507 Univ0 prob=0.173
​ 479I x:ageGp:fam 964:8:-1 by blue 165:2:-1 at gen508 Univ0 prob=0.084
​ 479I x:ageGp:fam 236:2:-1 by blue 510:3:-1 at gen508 Univ0 prob=0.131
​ 479I x:ageGp:fam 376:3:-1 by blue 510:3:-1 at gen508 Univ0 prob=0.022
​ 479I x:ageGp:fam 679:4:-1 by blue 408:3:-1 at gen508 Univ0 prob=0.789
​ 479I x:ageGp:fam 799:5:-1 by red 479:3:-1 at gen508 Univ0 prob=0.209
​ 479I x:ageGp:fam 975:8:-1 by blue 510:3:-1 at gen508 Univ0 prob=0.779
​ 479I x:ageGp:fam 577:4:-1 by red 570:4:-1 at gen508 Univ0 prob=0.505
​ 481I x:ageGp:fam 389:3:-1 by blue 295:2:-1 at gen509 Univ0 prob=0.925
​ 481I x:ageGp:fam 846:6:-1 by blue 925:7:-1 at gen509 Univ0 prob=0.207
​ 488I x:ageGp:fam 254:2:-1 by blue 742:5:-1 at gen510 Univ0 prob=0.604
​ 488I x:ageGp:fam 647:4:-1 by blue 798:5:-1 at gen510 Univ0 prob=0.697
​ 492I x:ageGp:fam 665:4:-1 by blue 295:2:-1 at gen512 Univ0 prob=0.813
​ 492I x:ageGp:fam 477:3:-1 by blue 394:3:-1 at gen512 Univ0 prob=0.804
​ 492I x:ageGp:fam 659:4:-1 by blue 637:4:-1 at gen513 Univ0 prob=0.337
​ 492I x:ageGp:fam 987:9:-1 by red 979:8:-1 at gen513 Univ0 prob=0.624
​ 494I x:ageGp:fam 371:3:-1 by blue 241:2:-1 at gen514 Univ0 prob=0.615
​ 494I x:ageGp:fam 618:4:-1 by blue 506:3:-1 at gen514 Univ0 prob=0.430
​ 498I x:ageGp:fam 482:3:-1 by blue 510:3:-1 at gen517 Univ0 prob=0.341
​ 498I x:ageGp:fam 527:3:-1 by blue 903:7:-1 at gen517 Univ0 prob=0.391
​ 500I x:ageGp:fam 199:2:-1 by red 615:4:-1 at gen519 Univ0 prob=0.843
​ 500I x:ageGp:fam 317:2:-1 by red 349:2:-1 at gen519 Univ0 prob=0.511
​ 500I x:ageGp:fam 243:2:-1 by red 602:4:-1 at gen520 Univ0 prob=0.446
​ 500I x:ageGp:fam 880:6:-1 by blue 540:3:-1 at gen520 Univ0 prob=0.047
​ 500I x:ageGp:fam 692:5:-1 by red 615:4:-1 at gen520 Univ0 prob=0.161
​ 502I x:ageGp:fam 610:4:-1 by red 807:5:-1 at gen521 Univ0 prob=0.755
​ 502I x:ageGp:fam 961:8:-1 by blue 828:6:-1 at gen521 Univ0 prob=0.611
​ 505I x:ageGp:fam 915:7:-1 by blue 957:8:-1 at gen522 Univ0 prob=0.607
​ 507I x:ageGp:fam 303:2:-1 by red 941:7:-1 at gen523 Univ0 prob=0.479
​ 507I x:ageGp:fam 671:4:-1 by red 335:2:-1 at gen523 Univ0 prob=0.742
​ 508I x:ageGp:fam 171:2:-1 by blue 457:3:-1 at gen524 Univ0 prob=0.353
​ 508I x:ageGp:fam 887:6:-1 by blue 455:3:-1 at gen524 Univ0 prob=0.698
​ 508I x:ageGp:fam 899:6:-1 by blue 457:3:-1 at gen524 Univ0 prob=0.624
​ 510I x:ageGp:fam 624:4:-1 by blue 978:8:-1 at gen525 Univ0 prob=0.382
​ 513I x:ageGp:fam 25:0:-1 by red 335:2:-1 at gen526 Univ0 prob=0.537
​ 513I x:ageGp:fam 813:5:-1 by red 201:2:-1 at gen526 Univ0 prob=0.394
​ 513I x:ageGp:fam 319:2:-1 by blue 779:5:-1 at gen526 Univ0 prob=0.170
​ 514I x:ageGp:fam 250:2:-1 by red 653:4:-1 at gen527 Univ0 prob=0.956
​ 518I x:ageGp:fam 206:2:-1 by blue 465:3:-1 at gen529 Univ0 prob=0.242
​ 518I x:ageGp:fam 564:4:-1 by blue 798:5:-1 at gen529 Univ0 prob=0.645
​ 518I x:ageGp:fam 498:3:-1 by red 335:2:-1 at gen530 Univ0 prob=0.090
​ 518I x:ageGp:fam 700:5:-1 by red 335:2:-1 at gen530 Univ0 prob=0.627
​ 518I x:ageGp:fam 552:4:-1 by red 653:4:-1 at gen530 Univ0 prob=0.634
​ 520I x:ageGp:fam 144:2:-1 by blue 637:4:-1 at gen531 Univ0 prob=0.717
​ 523I x:ageGp:fam 443:3:-1 by blue 825:6:-1 at gen532 Univ0 prob=0.061
​ 523I x:ageGp:fam 670:4:-1 by blue 600:4:-1 at gen532 Univ0 prob=0.213
​ 524I x:ageGp:fam 6:0:-1 by blue 856:6:-1 at gen533 Univ0 prob=0.323
​ 524I x:ageGp:fam 88:1:-1 by red 361:3:-1 at gen533 Univ0 prob=0.080
​ 524I x:ageGp:fam 894:6:-1 by blue 733:5:-1 at gen533 Univ0 prob=0.591
​ 526I x:ageGp:fam 919:7:-1 by red 335:2:-1 at gen534 Univ0 prob=0.465
​ 529I x:ageGp:fam 617:4:-1 by blue 742:5:-1 at gen535 Univ0 prob=0.375
​ 530I x:ageGp:fam 991:9:-1 by blue 600:4:-1 at gen536 Univ0 prob=0.067
​ 531I x:ageGp:fam 420:3:-1 by blue 457:3:-1 at gen537 Univ0 prob=0.834
​ 532I x:ageGp:fam 542:4:-1 by red 470:3:-1 at gen538 Univ0 prob=0.641
​ 533I x:ageGp:fam 467:3:-1 by red 979:8:-1 at gen539 Univ0 prob=0.837
​ 534I x:ageGp:fam 559:4:-1 by red 185:2:-1 at gen540 Univ0 prob=0.315
​ 535I x:ageGp:fam 686:4:-1 by blue 41:1:-1 at gen541 Univ0 prob=0.075
​ 535I x:ageGp:fam 257:2:-1 by blue 981:8:-1 at gen541 Univ0 prob=0.893
​ 535I x:ageGp:fam 393:3:-1 by red 471:3:-1 at gen541 Univ0 prob=0.500
​ 536I x:ageGp:fam 989:9:-1 by red 683:4:-1 at gen542 Univ0 prob=0.246
​ 536I x:ageGp:fam 706:5:-1 by blue 854:6:-1 at gen542 Univ0 prob=0.393
​ 536I x:ageGp:fam 847:6:-1 by blue 796:5:-1 at gen542 Univ0 prob=0.856
​ 542I x:ageGp:fam 592:4:-1 by red 45:1:-1 at gen545 Univ0 prob=0.383
​ 542I x:ageGp:fam 536:3:-1 by blue 981:8:-1 at gen545 Univ0 prob=0.102
​ 542I x:ageGp:fam 662:4:-1 by red 751:5:-1 at gen545 Univ0 prob=0.260
​ 542I x:ageGp:fam 986:9:-1 by red 828:6:-1 at gen546 Univ0 prob=0.228
​ 546I x:ageGp:fam 561:4:-1 by red 423:3:-1 at gen548 Univ0 prob=0.650
​ 546I x:ageGp:fam 452:3:-1 by blue 476:3:-1 at gen549 Univ0 prob=0.858
​ 546I x:ageGp:fam 869:6:-1 by red 825:6:-1 at gen549 Univ0 prob=0.364
​ 547I x:ageGp:fam 187:2:-1 by blue 455:3:-1 at gen550 Univ0 prob=0.870
​ 547I x:ageGp:fam 857:6:-1 by blue 457:3:-1 at gen550 Univ0 prob=0.630
​ 547I x:ageGp:fam 946:7:-1 by red 522:3:-1 at gen550 Univ0 prob=0.314
​ 549I x:ageGp:fam 337:2:-1 by blue 505:3:-1 at gen551 Univ0 prob=0.374
​ 549I x:ageGp:fam 414:3:-1 by blue 796:5:-1 at gen551 Univ0 prob=0.041
​ 549I x:ageGp:fam 874:6:-1 by blue 435:3:-1 at gen551 Univ0 prob=0.042
​ 549I x:ageGp:fam 515:3:-1 by blue 661:4:-1 at gen551 Univ0 prob=0.019
​ 552I x:ageGp:fam 197:2:-1 by blue 981:8:-1 at gen552 Univ0 prob=0.169
​ 552I x:ageGp:fam 262:2:-1 by red 600:4:-1 at gen552 Univ0 prob=0.808
​ 556I x:ageGp:fam 463:3:-1 by red 779:5:-1 at gen553 Univ0 prob=0.463
​ 556I x:ageGp:fam 688:4:-1 by blue 762:5:-1 at gen553 Univ0 prob=0.873
​ 558I x:ageGp:fam 182:2:-1 by blue 36:0:-1 at gen554 Univ0 prob=0.483
​ 558I x:ageGp:fam 589:4:-1 by blue 435:3:-1 at gen554 Univ0 prob=0.559
​ 560I x:ageGp:fam 702:5:-1 by red 273:2:-1 at gen555 Univ0 prob=0.470
​ 560I x:ageGp:fam 480:3:-1 by red 423:3:-1 at gen555 Univ0 prob=0.504
​ 560I x:ageGp:fam 789:5:-1 by red 423:3:-1 at gen555 Univ0 prob=0.466
​ 560I x:ageGp:fam 877:6:-1 by blue 476:3:-1 at gen555 Univ0 prob=0.912
​ 562I x:ageGp:fam 509:3:-1 by red 979:8:-1 at gen556 Univ0 prob=0.878
​ 566I x:ageGp:fam 246:2:-1 by red 943:7:-1 at gen557 Univ0 prob=0.642
​ 566I x:ageGp:fam 345:2:-1 by blue 691:5:-1 at gen557 Univ0 prob=0.648
​ 566I x:ageGp:fam 934:7:-1 by yellow 376:3:-1 at gen557 Univ0 prob=0.205
​ 567I x:ageGp:fam 972:8:-1 by blue 91:1:-1 at gen558 Univ0 prob=0.852
​ 567I x:ageGp:fam 472:3:-1 by red 979:8:-1 at gen558 Univ0 prob=0.521
​ 570I x:ageGp:fam 249:2:-1 by blue 330:2:-1 at gen559 Univ0 prob=0.320
​ 570I x:ageGp:fam 738:5:-1 by blue 516:3:-1 at gen559 Univ0 prob=0.154
​ 570I x:ageGp:fam 907:7:-1 by red 600:4:-1 at gen559 Univ0 prob=0.161
​ 570I x:ageGp:fam 730:5:-1 by blue 823:6:-1 at gen559 Univ0 prob=0.830
​ 572I x:ageGp:fam 363:3:-1 by red 455:3:-1 at gen560 Univ0 prob=0.070
​ 572I x:ageGp:fam 802:5:-1 by red 602:4:-1 at gen560 Univ0 prob=0.839
​ 576I x:ageGp:fam 983:9:-1 by blue 47:1:-1 at gen561 Univ0 prob=0.766
​ 576I x:ageGp:fam 959:8:-1 by red 423:3:-1 at gen561 Univ0 prob=0.930
​ 576I x:ageGp:fam 519:3:-1 by blue 528:3:-1 at gen561 Univ0 prob=0.259
​ 576I x:ageGp:fam 562:4:-1 by blue 554:4:-1 at gen561 Univ0 prob=0.452
​ 576I x:ageGp:fam 666:4:-1 by blue 809:5:-1 at gen561 Univ0 prob=0.460
​ 583I x:ageGp:fam 275:2:-1 by blue 91:1:-1 at gen563 Univ0 prob=0.188
​ 583I x:ageGp:fam 117:1:-1 by red 273:2:-1 at gen563 Univ0 prob=0.160
​ 583I x:ageGp:fam 342:2:-1 by blue 528:3:-1 at gen564 Univ0 prob=0.904
​ 583I x:ageGp:fam 696:5:-1 by blue 492:3:-1 at gen564 Univ0 prob=0.798
​ 585I x:ageGp:fam 77:1:-1 by blue 661:4:-1 at gen565 Univ0 prob=0.710
​ 585I x:ageGp:fam 190:2:-1 by blue 91:1:-1 at gen565 Univ0 prob=0.595
​ 585I x:ageGp:fam 311:2:-1 by red 828:6:-1 at gen565 Univ0 prob=0.164
​ 587I x:ageGp:fam 208:2:-1 by red 888:6:-1 at gen566 Univ0 prob=0.577
​ 587I x:ageGp:fam 301:2:-1 by red 339:2:-1 at gen566 Univ0 prob=0.260
​ 587I x:ageGp:fam 369:3:-1 by blue 796:5:-1 at gen566 Univ0 prob=0.502
​ 590I x:ageGp:fam 538:3:-1 by red 615:4:-1 at gen567 Univ0 prob=0.426
​ 593I x:ageGp:fam 18:0:-1 by blue 527:3:-1 at gen568 Univ0 prob=0.155
​ 593I x:ageGp:fam 211:2:-1 by red 423:3:-1 at gen568 Univ0 prob=0.011
​ 593I x:ageGp:fam 398:3:-1 by blue 661:4:-1 at gen568 Univ0 prob=0.003
​ 593I x:ageGp:fam 468:3:-1 by red 779:5:-1 at gen568 Univ0 prob=0.149
​ 594I x:ageGp:fam 287:2:-1 by blue 236:2:-1 at gen569 Univ0 prob=0.236
​ 598I x:ageGp:fam 338:2:-1 by blue 796:5:-1 at gen570 Univ0 prob=0.981
​ 598I x:ageGp:fam 918:7:-1 by red 828:6:-1 at gen570 Univ0 prob=0.778
​ 599I x:ageGp:fam 179:2:-1 by blue 981:8:-1 at gen571 Univ0 prob=0.838
​ 599I x:ageGp:fam 302:2:-1 by blue 701:5:-1 at gen571 Univ0 prob=0.432
​ 599I x:ageGp:fam 596:4:-1 by blue 821:6:-1 at gen571 Univ0 prob=0.318
​ 601I x:ageGp:fam 27:0:-1 by red 828:6:-1 at gen572 Univ0 prob=0.908
​ 601I x:ageGp:fam 251:2:-1 by red 825:6:-1 at gen572 Univ0 prob=0.029
​ 601I x:ageGp:fam 832:6:-1 by blue 578:4:-1 at gen572 Univ0 prob=0.400
​ 601I x:ageGp:fam 761:5:-1 by blue 823:6:-1 at gen572 Univ0 prob=0.974
​ 604I x:ageGp:fam 168:2:-1 by blue 13:0:-1 at gen573 Univ0 prob=0.446
​ 604I x:ageGp:fam 28:0:-1 by red 339:2:-1 at gen573 Univ0 prob=0.435
​ 604I x:ageGp:fam 43:1:-1 by blue 987:9:-1 at gen573 Univ0 prob=0.822
​ 604I x:ageGp:fam 601:4:-1 by blue 199:2:-1 at gen573 Univ0 prob=0.865
​ 604I x:ageGp:fam 316:2:-1 by red 394:3:-1 at gen573 Univ0 prob=0.448
​ 604I x:ageGp:fam 523:3:-1 by blue 661:4:-1 at gen573 Univ0 prob=0.157
​ 604I x:ageGp:fam 811:5:-1 by red 979:8:-1 at gen573 Univ0 prob=0.354
​ 608I x:ageGp:fam 59:1:-1 by blue 13:0:-1 at gen574 Univ0 prob=0.393
​ 608I x:ageGp:fam 193:2:-1 by blue 68:1:-1 at gen574 Univ0 prob=0.394
​ 608I x:ageGp:fam 209:2:-1 by blue 796:5:-1 at gen574 Univ0 prob=0.991
​ 608I x:ageGp:fam 501:3:-1 by red 825:6:-1 at gen574 Univ0 prob=0.415
​ 608I x:ageGp:fam 924:7:-1 by blue 692:5:-1 at gen574 Univ0 prob=0.131
​ 620I x:ageGp:fam 493:3:-1 by red 362:3:-1 at gen576 Univ0 prob=0.684
​ 620I x:ageGp:fam 326:2:-1 by blue 661:4:-1 at gen577 Univ0 prob=0.305
​ 620I x:ageGp:fam 826:6:-1 by red 455:3:-1 at gen577 Univ0 prob=0.793
​ 621I x:ageGp:fam 367:3:-1 by red 506:3:-1 at gen578 Univ0 prob=0.429
​ 623I x:ageGp:fam 549:4:-1 by red 779:5:-1 at gen579 Univ0 prob=0.698
​ 624I x:ageGp:fam 447:3:-1 by blue 91:1:-1 at gen580 Univ0 prob=0.372
​ 624I x:ageGp:fam 416:3:-1 by red 622:4:-1 at gen580 Univ0 prob=0.780
​ 625I x:ageGp:fam 456:3:-1 by red 153:2:-1 at gen581 Univ0 prob=0.151
​ 625I x:ageGp:fam 220:2:-1 by blue 376:3:-1 at gen581 Univ0 prob=0.372
​ 625I x:ageGp:fam 220:2:-1 by blue 482:3:-1 at gen581 Univ0 prob=0.533
​ 625I x:ageGp:fam 672:4:-1 by blue 878:6:-1 at gen581 Univ0 prob=0.188
​ 627I x:ageGp:fam 80:1:-1 by blue 25:0:-1 at gen582 Univ0 prob=0.412
​ 627I x:ageGp:fam 53:1:-1 by blue 854:6:-1 at gen582 Univ0 prob=0.397
​ 627I x:ageGp:fam 103:1:-1 by red 856:6:-1 at gen582 Univ0 prob=0.579
​ 627I x:ageGp:fam 410:3:-1 by red 792:5:-1 at gen582 Univ0 prob=0.800
​ 627I x:ageGp:fam 895:6:-1 by blue 691:5:-1 at gen582 Univ0 prob=0.518
​ 630I x:ageGp:fam 434:3:-1 by red 258:2:-1 at gen583 Univ0 prob=0.490
​ 630I x:ageGp:fam 695:5:-1 by blue 796:5:-1 at gen583 Univ0 prob=0.287
​ 637I x:ageGp:fam 29:0:-1 by red 394:3:-1 at gen585 Univ0 prob=0.941
​ 637I x:ageGp:fam 44:1:-1 by blue 796:5:-1 at gen585 Univ0 prob=0.882
​ 637I x:ageGp:fam 138:2:-1 by blue 691:5:-1 at gen585 Univ0 prob=0.536
​ 637I x:ageGp:fam 269:2:-1 by red 455:3:-1 at gen585 Univ0 prob=0.901
​ 637I x:ageGp:fam 438:3:-1 by blue 846:6:-1 at gen585 Univ0 prob=0.176
​ 637I x:ageGp:fam 517:3:-1 by blue 724:5:-1 at gen585 Univ0 prob=0.086
​ 637I x:ageGp:fam 110:1:-1 by blue 975:8:-1 at gen586 Univ0 prob=0.896
​ 637I x:ageGp:fam 113:1:-1 by blue 659:4:-1 at gen586 Univ0 prob=0.110
​ 637I x:ageGp:fam 442:3:-1 by blue 116:1:-1 at gen586 Univ0 prob=0.279
​ 643I x:ageGp:fam 605:4:-1 by blue 677:4:-1 at gen587 Univ0 prob=0.186
​ 646I x:ageGp:fam 15:0:-1 by blue 389:3:-1 at gen588 Univ0 prob=0.776
​ 646I x:ageGp:fam 232:2:-1 by red 455:3:-1 at gen588 Univ0 prob=0.282
​ 646I x:ageGp:fam 848:6:-1 by red 408:3:-1 at gen588 Univ0 prob=0.492
​ 647I x:ageGp:fam 544:4:-1 by blue 376:3:-1 at gen589 Univ0 prob=0.832
​ 647I x:ageGp:fam 566:4:-1 by red 600:4:-1 at gen589 Univ0 prob=0.048
​ 650I x:ageGp:fam 385:3:-1 by blue 166:2:-1 at gen590 Univ0 prob=0.319
​ 650I x:ageGp:fam 248:2:-1 by yellow 393:3:-1 at gen590 Univ0 prob=0.866
​ 650I x:ageGp:fam 931:7:-1 by blue 376:3:-1 at gen590 Univ0 prob=0.322
​ 650I x:ageGp:fam 385:3:-1 by blue 873:6:-1 at gen590 Univ0 prob=0.110
​ 650I x:ageGp:fam 556:4:-1 by blue 724:5:-1 at gen590 Univ0 prob=0.887
​ 650I x:ageGp:fam 812:5:-1 by red 733:5:-1 at gen590 Univ0 prob=0.072
​ 652I x:ageGp:fam 7:0:-1 by red 510:3:-1 at gen591 Univ0 prob=0.198
​ 657I x:ageGp:fam 285:2:-1 by blue 573:4:-1 at gen592 Univ0 prob=0.110
​ 657I x:ageGp:fam 543:4:-1 by blue 677:4:-1 at gen592 Univ0 prob=0.440
​ 657I x:ageGp:fam 594:4:-1 by red 779:5:-1 at gen592 Univ0 prob=0.272
​ 657I x:ageGp:fam 908:7:-1 by red 943:7:-1 at gen592 Univ0 prob=0.092
​ 658I x:ageGp:fam 572:4:-1 by blue 91:1:-1 at gen593 Univ0 prob=0.243
​ 662I x:ageGp:fam 274:2:-1 by blue 13:0:-1 at gen594 Univ0 prob=0.032
​ 663I x:ageGp:fam 980:8:-1 by red 615:4:-1 at gen595 Univ0 prob=0.948
​ 664I x:ageGp:fam 278:2:-1 by blue 260:2:-1 at gen596 Univ0 prob=0.630
​ 665I x:ageGp:fam 490:3:-1 by blue 661:4:-1 at gen597 Univ0 prob=0.566
​ 666I x:ageGp:fam 130:1:-1 by red 455:3:-1 at gen598 Univ0 prob=0.431
​ 668I x:ageGp:fam 462:3:-1 by blue 12:0:-1 at gen601 Univ0 prob=0.080
​ 668I x:ageGp:fam 898:6:-1 by blue 443:3:-1 at gen601 Univ0 prob=0.380
​ 668I x:ageGp:fam 502:3:-1 by blue 961:8:-1 at gen601 Univ0 prob=0.115
​ 668I x:ageGp:fam 214:2:-1 by blue 961:8:-1 at gen602 Univ0 prob=0.071
​ 668I x:ageGp:fam 364:3:-1 by blue 564:4:-1 at gen602 Univ0 prob=0.959
​ 668I x:ageGp:fam 819:5:-1 by red 457:3:-1 at gen602 Univ0 prob=0.681
​ 668I x:ageGp:fam 849:6:-1 by red 733:5:-1 at gen602 Univ0 prob=0.690
​ 668I x:ageGp:fam 849:6:-1 by blue 971:8:-1 at gen602 Univ0 prob=0.049
​ 671I x:ageGp:fam 836:6:-1 by blue 91:1:-1 at gen603 Univ0 prob=0.555
​ 671I x:ageGp:fam 212:2:-1 by blue 197:2:-1 at gen603 Univ0 prob=0.095
​ 675I x:ageGp:fam 34:0:-1 by blue 692:5:-1 at gen604 Univ0 prob=0.140
​ 677I x:ageGp:fam 787:5:-1 by red 165:2:-1 at gen605 Univ0 prob=0.005
​ 678I x:ageGp:fam 965:8:-1 by blue 187:2:-1 at gen606 Univ0 prob=0.258
​ 678I x:ageGp:fam 428:3:-1 by blue 991:9:-1 at gen606 Univ0 prob=0.894
​ 678I x:ageGp:fam 575:4:-1 by blue 991:9:-1 at gen606 Univ0 prob=0.816
​ 679I x:ageGp:fam 446:3:-1 by blue 894:6:-1 at gen607 Univ0 prob=0.171
​ 682I x:ageGp:fam 40:1:-1 by red 394:3:-1 at gen608 Univ0 prob=0.500
​ 682I x:ageGp:fam 783:5:-1 by red 943:7:-1 at gen608 Univ0 prob=0.230
​ 682I x:ageGp:fam 906:7:-1 by blue 991:9:-1 at gen608 Univ0 prob=0.944
​ 683I x:ageGp:fam 827:6:-1 by red 322:2:-1 at gen609 Univ0 prob=0.469
​ 686I x:ageGp:fam 526:3:-1 by blue 536:3:-1 at gen610 Univ0 prob=0.005
​ 687I x:ageGp:fam 310:2:-1 by yellow 983:9:-1 at gen611 Univ0 prob=0.820
​ 687I x:ageGp:fam 539:3:-1 by blue 919:7:-1 at gen611 Univ0 prob=0.780
​ 687I x:ageGp:fam 942:7:-1 by blue 991:9:-1 at gen611 Univ0 prob=0.988
​ 688I x:ageGp:fam 720:5:-1 by red 506:3:-1 at gen612 Univ0 prob=0.407
​ 688I x:ageGp:fam 525:3:-1 by blue 894:6:-1 at gen612 Univ0 prob=0.738
​ 691I x:ageGp:fam 469:3:-1 by blue 467:3:-1 at gen613 Univ0 prob=0.802
​ 694I x:ageGp:fam 440:3:-1 by blue 724:5:-1 at gen615 Univ0 prob=0.229
​ 694I x:ageGp:fam 289:2:-1 by blue 389:3:-1 at gen616 Univ0 prob=0.843
​ 695I x:ageGp:fam 436:3:-1 by blue 702:5:-1 at gen617 Univ0 prob=0.556
​ 695I x:ageGp:fam 638:4:-1 by red 825:6:-1 at gen617 Univ0 prob=0.048
​ 696I x:ageGp:fam 298:2:-1 by blue 25:0:-1 at gen618 Univ0 prob=0.040
​ 696I x:ageGp:fam 891:6:-1 by yellow 918:7:-1 at gen618 Univ0 prob=0.224
​ 698I x:ageGp:fam 280:2:-1 by blue 467:3:-1 at gen619 Univ0 prob=0.871
​ 698I x:ageGp:fam 313:2:-1 by red 856:6:-1 at gen619 Univ0 prob=0.081
​ 698I x:ageGp:fam 534:3:-1 by red 600:4:-1 at gen619 Univ0 prob=0.536
​ 698I x:ageGp:fam 722:5:-1 by red 600:4:-1 at gen619 Univ0 prob=0.531
​ 704I x:ageGp:fam 62:1:-1 by blue 815:5:-1 at gen622 Univ0 prob=0.527
​ 704I x:ageGp:fam 831:6:-1 by red 943:7:-1 at gen622 Univ0 prob=0.225
​ 704I x:ageGp:fam 112:1:-1 by blue 857:6:-1 at gen623 Univ0 prob=0.742
​ 704I x:ageGp:fam 315:2:-1 by red 691:5:-1 at gen623 Univ0 prob=0.392
​ 706I x:ageGp:fam 340:2:-1 by red 272:2:-1 at gen624 Univ0 prob=0.093
​ 706I x:ageGp:fam 351:2:-1 by red 763:5:-1 at gen624 Univ0 prob=0.835
​ 706I x:ageGp:fam 514:3:-1 by red 823:6:-1 at gen624 Univ0 prob=0.371
​ 708I x:ageGp:fam 902:7:-1 by red 260:2:-1 at gen625 Univ0 prob=0.382
​ 711I x:ageGp:fam 100:1:-1 by red 691:5:-1 at gen626 Univ0 prob=0.960
​ 711I x:ageGp:fam 290:2:-1 by red 626:4:-1 at gen626 Univ0 prob=0.140
​ 712I x:ageGp:fam 50:1:-1 by blue 523:3:-1 at gen627 Univ0 prob=0.481
​ 714I x:ageGp:fam 8:0:-1 by red 12:0:-1 at gen628 Univ0 prob=0.023
​ 714I x:ageGp:fam 740:5:-1 by red 943:7:-1 at gen628 Univ0 prob=0.666
​ 715I x:ageGp:fam 167:2:-1 by blue 389:3:-1 at gen629 Univ0 prob=0.343
​ 715I x:ageGp:fam 448:3:-1 by red 763:5:-1 at gen629 Univ0 prob=0.831
​ 717I x:ageGp:fam 115:1:-1 by blue 961:8:-1 at gen630 Univ0 prob=0.083
​ 719I x:ageGp:fam 370:3:-1 by red 133:2:-1 at gen631 Univ0 prob=0.954
​ 719I x:ageGp:fam 395:3:-1 by red 629:4:-1 at gen631 Univ0 prob=0.785
​ 719I x:ageGp:fam 652:4:-1 by blue 670:4:-1 at gen631 Univ0 prob=0.471
​ 719I x:ageGp:fam 707:5:-1 by red 964:8:-1 at gen631 Univ0 prob=0.305
​ 720I x:ageGp:fam 49:1:-1 by red 975:8:-1 at gen632 Univ0 prob=0.044
​ 720I x:ageGp:fam 938:7:-1 by blue 197:2:-1 at gen632 Univ0 prob=0.845
​ 724I x:ageGp:fam 690:5:-1 by blue 877:6:-1 at gen633 Univ0 prob=0.138
​ 726I x:ageGp:fam 929:7:-1 by red 255:2:-1 at gen634 Univ0 prob=0.866
​ 726I x:ageGp:fam 735:5:-1 by red 943:7:-1 at gen634 Univ0 prob=0.714
​ 727I x:ageGp:fam 186:2:-1 by blue 972:8:-1 at gen635 Univ0 prob=0.138
​ 727I x:ageGp:fam 225:2:-1 by red 234:2:-1 at gen635 Univ0 prob=0.577
​ 729I x:ageGp:fam 0:0:-1 by blue 934:7:-1 at gen636 Univ0 prob=0.690
​ 729I x:ageGp:fam 917:7:-1 by blue 275:2:-1 at gen636 Univ0 prob=0.384
​ 731I x:ageGp:fam 758:5:-1 by red 961:8:-1 at gen637 Univ0 prob=0.678
​ 733I x:ageGp:fam 417:3:-1 by red 242:2:-1 at gen638 Univ0 prob=0.751
​ 733I x:ageGp:fam 344:2:-1 by red 629:4:-1 at gen638 Univ0 prob=0.074
​ 734I x:ageGp:fam 31:0:-1 by red 554:4:-1 at gen639 Univ0 prob=0.387
​ 734I x:ageGp:fam 914:7:-1 by blue 249:2:-1 at gen639 Univ0 prob=0.148
​ 734I x:ageGp:fam 286:2:-1 by red 506:3:-1 at gen639 Univ0 prob=0.162
​ 736I x:ageGp:fam 151:2:-1 by red 796:5:-1 at gen640 Univ0 prob=0.133
​ 740I x:ageGp:fam 218:2:-1 by red 516:3:-1 at gen642 Univ0 prob=0.412
​ 740I x:ageGp:fam 684:4:-1 by blue 232:2:-1 at gen642 Univ0 prob=0.476
​ 740I x:ageGp:fam 794:5:-1 by blue 269:2:-1 at gen642 Univ0 prob=0.335
​ 740I x:ageGp:fam 307:2:-1 by blue 934:7:-1 at gen642 Univ0 prob=0.721
​ 740I x:ageGp:fam 868:6:-1 by blue 456:3:-1 at gen643 Univ0 prob=0.518
​ 740I x:ageGp:fam 766:5:-1 by blue 918:7:-1 at gen643 Univ0 prob=0.819
​ 744I x:ageGp:fam 35:0:-1 by blue 338:2:-1 at gen644 Univ0 prob=0.416
​ 744I x:ageGp:fam 862:6:-1 by blue 918:7:-1 at gen644 Univ0 prob=0.166
​ 744I x:ageGp:fam 900:6:-1 by blue 991:9:-1 at gen644 Univ0 prob=0.576
​ 746I x:ageGp:fam 60:1:-1 by red 600:4:-1 at gen645 Univ0 prob=0.796
​ 746I x:ageGp:fam 129:1:-1 by blue 311:2:-1 at gen645 Univ0 prob=0.657
​ 746I x:ageGp:fam 654:4:-1 by blue 847:6:-1 at gen645 Univ0 prob=0.908
​ 752I x:ageGp:fam 820:5:-1 by blue 249:2:-1 at gen647 Univ0 prob=0.563
​ 752I x:ageGp:fam 196:2:-1 by blue 919:7:-1 at gen648 Univ0 prob=0.438
​ 752I x:ageGp:fam 555:4:-1 by blue 269:2:-1 at gen648 Univ0 prob=0.718
​ 753I x:ageGp:fam 58:1:-1 by blue 326:2:-1 at gen649 Univ0 prob=0.871
​ 753I x:ageGp:fam 774:5:-1 by red 394:3:-1 at gen649 Univ0 prob=0.271
​ 755I x:ageGp:fam 583:4:-1 by red 796:5:-1 at gen650 Univ0 prob=0.604
​ 755I x:ageGp:fam 803:5:-1 by red 899:6:-1 at gen650 Univ0 prob=0.392
​ 757I x:ageGp:fam 48:1:-1 by blue 311:2:-1 at gen651 Univ0 prob=0.819
​ 757I x:ageGp:fam 960:8:-1 by red 181:2:-1 at gen651 Univ0 prob=0.904
​ 757I x:ageGp:fam 604:4:-1 by blue 311:2:-1 at gen651 Univ0 prob=0.162
​ 757I x:ageGp:fam 387:3:-1 by red 661:4:-1 at gen651 Univ0 prob=0.078
​ 757I x:ageGp:fam 882:6:-1 by blue 544:4:-1 at gen651 Univ0 prob=0.363
​ 757I x:ageGp:fam 901:6:-1 by blue 670:4:-1 at gen651 Univ0 prob=0.435
​ 757I x:ageGp:fam 698:5:-1 by blue 907:7:-1 at gen651 Univ0 prob=0.436
​ 759I x:ageGp:fam 87:1:-1 by red 389:3:-1 at gen652 Univ0 prob=0.496
​ 766I x:ageGp:fam 111:1:-1 by blue 980:8:-1 at gen653 Univ0 prob=0.789
​ 766I x:ageGp:fam 451:3:-1 by blue 918:7:-1 at gen653 Univ0 prob=0.921
​ 766I x:ageGp:fam 620:4:-1 by red 455:3:-1 at gen653 Univ0 prob=0.643
​ 766I x:ageGp:fam 532:3:-1 by blue 934:7:-1 at gen653 Univ0 prob=0.580
​ 771I x:ageGp:fam 689:4:-1 by blue 857:6:-1 at gen655 Univ0 prob=0.856
​ 771I x:ageGp:fam 837:6:-1 by red 919:7:-1 at gen656 Univ0 prob=0.293
​ 773I x:ageGp:fam 958:8:-1 by blue 907:7:-1 at gen658 Univ0 prob=0.080
​ 773I x:ageGp:fam 24:0:-1 by blue 666:4:-1 at gen659 Univ0 prob=0.064
​ 773I x:ageGp:fam 97:1:-1 by red 467:3:-1 at gen659 Univ0 prob=0.957
​ 773I x:ageGp:fam 176:2:-1 by yellow 526:3:-1 at gen659 Univ0 prob=0.844
​ 773I x:ageGp:fam 381:3:-1 by blue 918:7:-1 at gen659 Univ0 prob=0.684
​ 778I x:ageGp:fam 530:3:-1 by blue 517:3:-1 at gen661 Univ0 prob=0.972
​ 779I x:ageGp:fam 485:3:-1 by blue 523:3:-1 at gen665 Univ0 prob=0.681
​ 779I x:ageGp:fam 183:2:-1 by blue 232:2:-1 at gen666 Univ0 prob=0.080
​ 779I x:ageGp:fam 305:2:-1 by red 317:2:-1 at gen666 Univ0 prob=0.633
​ 780I x:ageGp:fam 897:6:-1 by blue 526:3:-1 at gen667 Univ0 prob=0.206
​ 782I x:ageGp:fam 332:2:-1 by red 6:0:-1 at gen668 Univ0 prob=0.668
​ 783I x:ageGp:fam 970:8:-1 by blue 566:4:-1 at gen669 Univ0 prob=0.331
​ 784I x:ageGp:fam 795:5:-1 by blue 311:2:-1 at gen670 Univ0 prob=0.222
​ 785I x:ageGp:fam 475:3:-1 by blue 197:2:-1 at gen671 Univ0 prob=0.209
​ 785I x:ageGp:fam 905:7:-1 by red 847:6:-1 at gen671 Univ0 prob=0.185
​ 785I x:ageGp:fam 905:7:-1 by red 981:8:-1 at gen671 Univ0 prob=0.297
​ 786I x:ageGp:fam 33:0:-1 by red 724:5:-1 at gen672 Univ0 prob=0.060
​ 786I x:ageGp:fam 865:6:-1 by blue 601:4:-1 at gen672 Univ0 prob=0.954
​ 790I x:ageGp:fam 531:3:-1 by blue 40:1:-1 at gen674 Univ0 prob=0.324
​ 790I x:ageGp:fam 358:2:-1 by red 691:5:-1 at gen674 Univ0 prob=0.805
​ 790I x:ageGp:fam 365:3:-1 by red 991:9:-1 at gen674 Univ0 prob=0.938
​ 790I x:ageGp:fam 734:5:-1 by red 554:4:-1 at gen674 Univ0 prob=0.777
​ 790I x:ageGp:fam 719:5:-1 by blue 906:7:-1 at gen674 Univ0 prob=0.634
​ 790I x:ageGp:fam 966:8:-1 by blue 311:2:-1 at gen675 Univ0 prob=0.318
​ 795I x:ageGp:fam 817:5:-1 by blue 326:2:-1 at gen676 Univ0 prob=0.077
​ 795I x:ageGp:fam 954:8:-1 by blue 440:3:-1 at gen676 Univ0 prob=0.861
​ 796I x:ageGp:fam 109:1:-1 by red 661:4:-1 at gen677 Univ0 prob=0.863
​ 796I x:ageGp:fam 458:3:-1 by blue 924:7:-1 at gen677 Univ0 prob=0.053
​ 800I x:ageGp:fam 341:2:-1 by blue 819:5:-1 at gen679 Univ0 prob=0.309
​ 800I x:ageGp:fam 101:1:-1 by red 317:2:-1 at gen680 Univ0 prob=0.174
​ 800I x:ageGp:fam 308:2:-1 by red 934:7:-1 at gen680 Univ0 prob=0.525
​ 800I x:ageGp:fam 580:4:-1 by blue 549:4:-1 at gen680 Univ0 prob=0.417
​ 801I x:ageGp:fam 66:1:-1 by blue 440:3:-1 at gen681 Univ0 prob=0.270
​ 801I x:ageGp:fam 591:4:-1 by red 691:5:-1 at gen681 Univ0 prob=0.882
​ 804I x:ageGp:fam 705:5:-1 by blue 100:1:-1 at gen682 Univ0 prob=0.844
​ 806I x:ageGp:fam 57:1:-1 by blue 811:5:-1 at gen683 Univ0 prob=0.594
​ 806I x:ageGp:fam 529:3:-1 by blue 428:3:-1 at gen683 Univ0 prob=0.340
​ 807I x:ageGp:fam 268:2:-1 by blue 428:3:-1 at gen684 Univ0 prob=0.992
​ 807I x:ageGp:fam 669:4:-1 by blue 385:3:-1 at gen684 Univ0 prob=0.446
​ 809I x:ageGp:fam 72:1:-1 by blue 906:7:-1 at gen685 Univ0 prob=0.565
​ 809I x:ageGp:fam 710:5:-1 by red 311:2:-1 at gen685 Univ0 prob=0.287
​ 809I x:ageGp:fam 950:8:-1 by red 311:2:-1 at gen685 Univ0 prob=0.552
​ 811I x:ageGp:fam 169:2:-1 by red 961:8:-1 at gen686 Univ0 prob=0.779
​ 814I x:ageGp:fam 587:4:-1 by blue 918:7:-1 at gen687 Univ0 prob=0.949
​ 814I x:ageGp:fam 952:8:-1 by blue 826:6:-1 at gen687 Univ0 prob=0.962
​ 815I x:ageGp:fam 61:1:-1 by red 311:2:-1 at gen688 Univ0 prob=0.375
​ 817I x:ageGp:fam 353:2:-1 by blue 707:5:-1 at gen689 Univ0 prob=0.031
​ 818I x:ageGp:fam 30:0:-1 by red 907:7:-1 at gen690 Univ0 prob=0.518
​ 818I x:ageGp:fam 909:7:-1 by blue 428:3:-1 at gen690 Univ0 prob=0.604
​ 818I x:ageGp:fam 609:4:-1 by blue 526:3:-1 at gen690 Univ0 prob=0.020
​ 819I x:ageGp:fam 584:4:-1 by blue 110:1:-1 at gen691 Univ0 prob=0.392
​ 819I x:ageGp:fam 207:2:-1 by blue 232:2:-1 at gen691 Univ0 prob=0.996
​ 819I x:ageGp:fam 226:2:-1 by red 661:4:-1 at gen691 Univ0 prob=0.368
​ 819I x:ageGp:fam 717:5:-1 by red 538:3:-1 at gen691 Univ0 prob=0.143
​ 826I x:ageGp:fam 11:0:-1 by red 702:5:-1 at gen693 Univ0 prob=0.884
​ 826I x:ageGp:fam 139:2:-1 by blue 534:3:-1 at gen693 Univ0 prob=0.274
​ 826I x:ageGp:fam 174:2:-1 by red 519:3:-1 at gen693 Univ0 prob=0.682
​ 826I x:ageGp:fam 667:4:-1 by red 538:3:-1 at gen693 Univ0 prob=0.034
​ 826I x:ageGp:fam 642:4:-1 by red 847:6:-1 at gen694 Univ0 prob=0.009
​ 826I x:ageGp:fam 770:5:-1 by red 869:6:-1 at gen694 Univ0 prob=0.920
​ 830I x:ageGp:fam 721:5:-1 by red 22:0:-1 at gen695 Univ0 prob=0.754
​ 830I x:ageGp:fam 148:2:-1 by red 691:5:-1 at gen695 Univ0 prob=0.237
​ 830I x:ageGp:fam 406:3:-1 by blue 526:3:-1 at gen695 Univ0 prob=0.948
​ 830I x:ageGp:fam 793:5:-1 by red 679:4:-1 at gen695 Univ0 prob=0.153
​ 832I x:ageGp:fam 368:3:-1 by red 249:2:-1 at gen696 Univ0 prob=0.582
​ 832I x:ageGp:fam 488:3:-1 by blue 740:5:-1 at gen696 Univ0 prob=0.271
​ 836I x:ageGp:fam 306:2:-1 by red 934:7:-1 at gen697 Univ0 prob=0.824
​ 836I x:ageGp:fam 725:5:-1 by red 523:3:-1 at gen697 Univ0 prob=0.569
​ 836I x:ageGp:fam 967:8:-1 by red 847:6:-1 at gen697 Univ0 prob=0.396
​ 838I x:ageGp:fam 386:3:-1 by blue 428:3:-1 at gen698 Univ0 prob=0.949
​ 841I x:ageGp:fam 582:4:-1 by blue 100:1:-1 at gen699 Univ0 prob=0.361
​ 841I x:ageGp:fam 231:2:-1 by red 796:5:-1 at gen699 Univ0 prob=0.843
​ 841I x:ageGp:fam 646:4:-1 by red 847:6:-1 at gen699 Univ0 prob=0.040
​ 842I x:ageGp:fam 650:4:-1 by blue 138:2:-1 at gen700 Univ0 prob=0.620
​ 845I x:ageGp:fam 52:1:-1 by blue 555:4:-1 at gen701 Univ0 prob=0.830
​ 845I x:ageGp:fam 431:3:-1 by blue 428:3:-1 at gen701 Univ0 prob=0.301
​ 845I x:ageGp:fam 839:6:-1 by blue 819:5:-1 at gen701 Univ0 prob=0.663
​ 846I x:ageGp:fam 581:4:-1 by blue 862:6:-1 at gen702 Univ0 prob=0.461
​ 850I x:ageGp:fam 154:2:-1 by red 907:7:-1 at gen704 Univ0 prob=0.592
​ 850I x:ageGp:fam 546:4:-1 by red 316:2:-1 at gen704 Univ0 prob=0.661
​ 850I x:ageGp:fam 444:3:-1 by red 796:5:-1 at gen704 Univ0 prob=0.887
​ 853I x:ageGp:fam 175:2:-1 by red 724:5:-1 at gen708 Univ0 prob=0.392
​ 853I x:ageGp:fam 293:2:-1 by red 918:7:-1 at gen708 Univ0 prob=0.881
​ 853I x:ageGp:fam 426:3:-1 by blue 0:0:-1 at gen709 Univ0 prob=0.443
​ 855I x:ageGp:fam 4:0:-1 by red 566:4:-1 at gen710 Univ0 prob=0.759
​ 856I x:ageGp:fam 450:3:-1 by blue 740:5:-1 at gen711 Univ0 prob=0.644
​ 857I x:ageGp:fam 82:1:-1 by blue 534:3:-1 at gen712 Univ0 prob=0.477
​ 857I x:ageGp:fam 159:2:-1 by blue 831:6:-1 at gen712 Univ0 prob=0.080
​ 858I x:ageGp:fam 648:4:-1 by blue 451:3:-1 at gen713 Univ0 prob=0.790
​ 858I x:ageGp:fam 994:9:-1 by red 961:8:-1 at gen713 Univ0 prob=0.654
​ 860I x:ageGp:fam 694:5:-1 by red 644:4:-1 at gen714 Univ0 prob=0.097
​ 862I x:ageGp:fam 521:3:-1 by blue 48:1:-1 at gen715 Univ0 prob=0.589
​ 864I x:ageGp:fam 969:8:-1 by blue 35:0:-1 at gen717 Univ0 prob=0.642
​ 864I x:ageGp:fam 14:0:-1 by blue 100:1:-1 at gen718 Univ0 prob=0.698
​ 864I x:ageGp:fam 571:4:-1 by blue 344:2:-1 at gen718 Univ0 prob=0.149
​ 867I x:ageGp:fam 382:3:-1 by blue 820:5:-1 at gen721 Univ0 prob=0.369
​ 868I x:ageGp:fam 890:6:-1 by red 130:1:-1 at gen724 Univ0 prob=0.188
​ 868I x:ageGp:fam 860:6:-1 by blue 803:5:-1 at gen724 Univ0 prob=0.822
​ 868I x:ageGp:fam 913:7:-1 by red 232:2:-1 at gen725 Univ0 prob=0.942
​ 871I x:ageGp:fam 282:2:-1 by blue 365:3:-1 at gen727 Univ0 prob=0.447
​ 871I x:ageGp:fam 567:4:-1 by blue 225:2:-1 at gen728 Univ0 prob=0.933
​ 871I x:ageGp:fam 977:8:-1 by blue 555:4:-1 at gen728 Univ0 prob=0.206
​ 871I x:ageGp:fam 781:5:-1 by blue 734:5:-1 at gen728 Univ0 prob=0.296
​ 872I x:ageGp:fam 123:1:-1 by blue 111:1:-1 at gen729 Univ0 prob=0.399
​ 875I x:ageGp:fam 756:5:-1 by blue 315:2:-1 at gen730 Univ0 prob=0.259
​ 876I x:ageGp:fam 413:3:-1 by blue 176:2:-1 at gen731 Univ0 prob=0.410
​ 876I x:ageGp:fam 920:7:-1 by blue 740:5:-1 at gen731 Univ0 prob=0.575
​ 877I x:ageGp:fam 79:1:-1 by blue 534:3:-1 at gen732 Univ0 prob=0.570
​ 877I x:ageGp:fam 189:2:-1 by blue 186:2:-1 at gen732 Univ0 prob=0.627
AgeVaxH35.js:2302 877I x:ageGp:fam 843:6:-1 by red 317:2:-1 at gen732 Univ0 prob=0.313
AgeVaxH35.js:2302 879I x:ageGp:fam 222:2:-1 by blue 774:5:-1 at gen733 Univ0 prob=0.350
AgeVaxH35.js:2302 879I x:ageGp:fam 240:2:-1 by red 847:6:-1 at gen733 Univ0 prob=0.529
AgeVaxH35.js:2302 879I x:ageGp:fam 858:6:-1 by red 544:4:-1 at gen733 Univ0 prob=0.679
AgeVaxH35.js:2302 879I x:ageGp:fam 771:5:-1 by red 847:6:-1 at gen733 Univ0 prob=0.928
AgeVaxH35.js:2302 882I x:ageGp:fam 121:1:-1 by blue 33:0:-1 at gen734 Univ0 prob=0.440
AgeVaxH35.js:2302 886I x:ageGp:fam 135:2:-1 by red 326:2:-1 at gen735 Univ0 prob=0.521
AgeVaxH35.js:2302 886I x:ageGp:fam 904:7:-1 by blue 381:3:-1 at gen735 Univ0 prob=0.768
AgeVaxH35.js:2302 886I x:ageGp:fam 550:4:-1 by red 702:5:-1 at gen735 Univ0 prob=0.234
AgeVaxH35.js:2302 887I x:ageGp:fam 752:5:-1 by blue 33:0:-1 at gen736 Univ0 prob=0.272
AgeVaxH35.js:2302 887I x:ageGp:fam 46:1:-1 by blue 938:7:-1 at gen736 Univ0 prob=0.019
AgeVaxH35.js:2302 887I x:ageGp:fam 752:5:-1 by red 534:3:-1 at gen736 Univ0 prob=0.739
AgeVaxH35.js:2302 892I x:ageGp:fam 216:2:-1 by blue 803:5:-1 at gen738 Univ0 prob=0.048
AgeVaxH35.js:2302 892I x:ageGp:fam 238:2:-1 by yellow 30:0:-1 at gen739 Univ0 prob=0.627
AgeVaxH35.js:2302 893I x:ageGp:fam 755:5:-1 by red 907:7:-1 at gen740 Univ0 prob=0.376
AgeVaxH35.js:2302 894I x:ageGp:fam 754:5:-1 by red 906:7:-1 at gen741 Univ0 prob=0.924
AgeVaxH35.js:2302 895I x:ageGp:fam 2:0:-1 by blue 970:8:-1 at gen742 Univ0 prob=0.570
AgeVaxH35.js:2302 895I x:ageGp:fam 92:1:-1 by blue 332:2:-1 at gen742 Univ0 prob=0.635
AgeVaxH35.js:2302 895I x:ageGp:fam 939:7:-1 by red 110:1:-1 at gen742 Univ0 prob=0.211
AgeVaxH35.js:2302 895I x:ageGp:fam 202:2:-1 by red 895:6:-1 at gen742 Univ0 prob=0.142
AgeVaxH35.js:2302 896I x:ageGp:fam 713:5:-1 by red 232:2:-1 at gen743 Univ0 prob=0.848
AgeVaxH35.js:2302 896I x:ageGp:fam 266:2:-1 by blue 795:5:-1 at gen743 Univ0 prob=0.377
AgeVaxH35.js:2302 896I x:ageGp:fam 772:5:-1 by blue 862:6:-1 at gen743 Univ0 prob=0.961
AgeVaxH35.js:2302 896I x:ageGp:fam 885:6:-1 by red 906:7:-1 at gen743 Univ0 prob=0.646
AgeVaxH35.js:2302 900I x:ageGp:fam 142:2:-1 by blue 129:1:-1 at gen744 Univ0 prob=0.750
AgeVaxH35.js:2302 904I x:ageGp:fam 586:4:-1 by blue 129:1:-1 at gen745 Univ0 prob=0.588
AgeVaxH35.js:2302 905I x:ageGp:fam 136:2:-1 by blue 952:8:-1 at gen746 Univ0 prob=0.572
AgeVaxH35.js:2302 907I x:ageGp:fam 838:6:-1 by red 251:2:-1 at gen748 Univ0 prob=0.249
AgeVaxH35.js:2302 907I x:ageGp:fam 379:3:-1 by blue 719:5:-1 at gen748 Univ0 prob=0.814
AgeVaxH35.js:2302 907I x:ageGp:fam 822:6:-1 by blue 966:8:-1 at gen749 Univ0 prob=0.572
AgeVaxH35.js:2302 910I x:ageGp:fam 870:6:-1 by blue 30:0:-1 at gen751 Univ0 prob=0.055
AgeVaxH35.js:2302 910I x:ageGp:fam 162:2:-1 by red 44:1:-1 at gen752 Univ0 prob=0.474
AgeVaxH35.js:2302 910I x:ageGp:fam 63:1:-1 by blue 966:8:-1 at gen752 Univ0 prob=0.737
AgeVaxH35.js:2302 910I x:ageGp:fam 191:2:-1 by red 326:2:-1 at gen752 Univ0 prob=0.105
AgeVaxH35.js:2302 910I x:ageGp:fam 252:2:-1 by blue 529:3:-1 at gen752 Univ0 prob=0.507
AgeVaxH35.js:2302 911I x:ageGp:fam 411:3:-1 by red 313:2:-1 at gen753 Univ0 prob=0.331
AgeVaxH35.js:2302 915I x:ageGp:fam 780:5:-1 by red 130:1:-1 at gen754 Univ0 prob=0.590
AgeVaxH35.js:2302 916I x:ageGp:fam 283:2:-1 by blue 794:5:-1 at gen755 Univ0 prob=0.464
AgeVaxH35.js:2302 916I x:ageGp:fam 283:2:-1 by blue 901:6:-1 at gen755 Univ0 prob=0.905
AgeVaxH35.js:2302 916I x:ageGp:fam 777:5:-1 by red 722:5:-1 at gen755 Univ0 prob=0.100
AgeVaxH35.js:2302 917I x:ageGp:fam 621:4:-1 by blue 139:2:-1 at gen756 Univ0 prob=0.163
AgeVaxH35.js:2302 920I x:ageGp:fam 347:2:-1 by red 428:3:-1 at gen758 Univ0 prob=0.049
AgeVaxH35.js:2302 920I x:ageGp:fam 418:3:-1 by red 515:3:-1 at gen758 Univ0 prob=0.686
AgeVaxH35.js:2302 920I x:ageGp:fam 127:1:-1 by blue 582:4:-1 at gen759 Univ0 prob=0.076
AgeVaxH35.js:2302 920I x:ageGp:fam 483:3:-1 by red 707:5:-1 at gen759 Univ0 prob=0.672
AgeVaxH35.js:2302 924I x:ageGp:fam 680:4:-1 by blue 111:1:-1 at gen761 Univ0 prob=0.794
AgeVaxH35.js:2302 925I x:ageGp:fam 927:7:-1 by blue 648:4:-1 at gen766 Univ0 prob=0.968
AgeVaxH35.js:2302 925I x:ageGp:fam 712:5:-1 by blue 966:8:-1 at gen767 Univ0 prob=0.798
AgeVaxH35.js:2302 926I x:ageGp:fam 533:3:-1 by blue 488:3:-1 at gen768 Univ0 prob=0.887
AgeVaxH35.js:2302 928I x:ageGp:fam 630:4:-1 by blue 66:1:-1 at gen770 Univ0 prob=0.240
AgeVaxH35.js:2302 928I x:ageGp:fam 219:2:-1 by red 794:5:-1 at gen771 Univ0 prob=0.439
AgeVaxH35.js:2302 929I x:ageGp:fam 433:3:-1 by blue 865:6:-1 at gen772 Univ0 prob=0.439
AgeVaxH35.js:2302 930I x:ageGp:fam 375:3:-1 by blue 719:5:-1 at gen773 Univ0 prob=0.420
AgeVaxH35.js:2302 932I x:ageGp:fam 215:2:-1 by red 232:2:-1 at gen779 Univ0 prob=0.794
AgeVaxH35.js:2302 932I x:ageGp:fam 612:4:-1 by blue 719:5:-1 at gen779 Univ0 prob=0.449
AgeVaxH35.js:2302 934I x:ageGp:fam 500:3:-1 by blue 582:4:-1 at gen781 Univ0 prob=0.410
AgeVaxH35.js:2302 935I x:ageGp:fam 104:1:-1 by blue 358:2:-1 at gen783 Univ0 prob=0.352
AgeVaxH35.js:2302 935I x:ageGp:fam 343:2:-1 by red 176:2:-1 at gen783 Univ0 prob=0.973
AgeVaxH35.js:2302 935I x:ageGp:fam 373:3:-1 by blue 756:5:-1 at gen784 Univ0 prob=0.675
AgeVaxH35.js:2302 938I x:ageGp:fam 42:1:-1 by red 315:2:-1 at gen791 Univ0 prob=0.195
AgeVaxH35.js:2302 938I x:ageGp:fam 748:5:-1 by blue 14:0:-1 at gen792 Univ0 prob=0.120
AgeVaxH35.js:2302 938I x:ageGp:fam 99:1:-1 by blue 101:1:-1 at gen792 Univ0 prob=0.194
AgeVaxH35.js:2302 939I x:ageGp:fam 55:1:-1 by red 970:8:-1 at gen793 Univ0 prob=0.308
AgeVaxH35.js:2302 939I x:ageGp:fam 380:3:-1 by blue 282:2:-1 at gen793 Univ0 prob=0.091
AgeVaxH35.js:2302 943I x:ageGp:fam 889:6:-1 by blue 136:2:-1 at gen797 Univ0 prob=0.730
AgeVaxH35.js:2302 944I x:ageGp:fam 655:4:-1 by red 591:4:-1 at gen799 Univ0 prob=0.837
AgeVaxH35.js:2302 944I x:ageGp:fam 119:1:-1 by blue 529:3:-1 at gen800 Univ0 prob=0.723
AgeVaxH35.js:2302 945I x:ageGp:fam 184:2:-1 by red 862:6:-1 at gen801 Univ0 prob=0.061
AgeVaxH35.js:2302 947I x:ageGp:fam 883:6:-1 by blue 282:2:-1 at gen803 Univ0 prob=0.850
AgeVaxH35.js:2302 947I x:ageGp:fam 355:2:-1 by red 734:5:-1 at gen803 Univ0 prob=0.960
AgeVaxH35.js:2302 949I x:ageGp:fam 956:8:-1 by blue 148:2:-1 at gen805 Univ0 prob=0.721
AgeVaxH35.js:2302 950I x:ageGp:fam 152:2:-1 by red 734:5:-1 at gen809 Univ0 prob=0.167
AgeVaxH35.js:2302 950I x:ageGp:fam 867:6:-1 by red 395:3:-1 at gen810 Univ0 prob=0.763
AgeVaxH35.js:2302 950I x:ageGp:fam 606:4:-1 by blue 843:6:-1 at gen810 Univ0 prob=0.309
AgeVaxH35.js:2302 951I x:ageGp:fam 976:8:-1 by red 555:4:-1 at gen811 Univ0 prob=0.658
AgeVaxH35.js:2302 953I x:ageGp:fam 161:2:-1 by red 310:2:-1 at gen812 Univ0 prob=0.186
AgeVaxH35.js:2302 955I x:ageGp:fam 263:2:-1 by red 970:8:-1 at gen815 Univ0 prob=0.058
AgeVaxH35.js:2302 956I x:ageGp:fam 137:2:-1 by red 101:1:-1 at gen818 Univ0 prob=0.904
AgeVaxH35.js:2302 956I x:ageGp:fam 323:2:-1 by red 970:8:-1 at gen818 Univ0 prob=0.744
AgeVaxH35.js:2302 958I x:ageGp:fam 750:5:-1 by red 358:2:-1 at gen820 Univ0 prob=0.494
AgeVaxH35.js:2302 958I x:ageGp:fam 348:2:-1 by red 30:0:-1 at gen821 Univ0 prob=0.312
AgeVaxH35.js:2302 958I x:ageGp:fam 881:6:-1 by red 31:0:-1 at gen821 Univ0 prob=0.578
AgeVaxH35.js:2302 961I x:ageGp:fam 714:5:-1 by red 952:8:-1 at gen824 Univ0 prob=0.639
AgeVaxH35.js:2302 961I x:ageGp:fam 593:4:-1 by blue 756:5:-1 at gen825 Univ0 prob=0.993
AgeVaxH35.js:2302 963I x:ageGp:fam 651:4:-1 by blue 63:1:-1 at gen827 Univ0 prob=0.277
AgeVaxH35.js:2302 963I x:ageGp:fam 118:1:-1 by blue 680:4:-1 at gen828 Univ0 prob=0.605
AgeVaxH35.js:2302 965I x:ageGp:fam 156:2:-1 by blue 713:5:-1 at gen833 Univ0 prob=0.337
AgeVaxH35.js:2302 966I x:ageGp:fam 627:4:-1 by red 226:2:-1 at gen836 Univ0 prob=0.793
AgeVaxH35.js:2302 967I x:ageGp:fam 473:3:-1 by red 966:8:-1 at gen840 Univ0 prob=0.955
AgeVaxH35.js:2302 967I x:ageGp:fam 746:5:-1 by red 952:8:-1 at gen840 Univ0 prob=0.478
AgeVaxH35.js:2302 969I x:ageGp:fam 205:2:-1 by blue 2:0:-1 at gen844 Univ0 prob=0.259
AgeVaxH35.js:2302 970I x:ageGp:fam 86:1:-1 by red 111:1:-1 at gen847 Univ0 prob=0.653
AgeVaxH35.js:2302 971I x:ageGp:fam 204:2:-1 by red 226:2:-1 at gen850 Univ0 prob=0.043
AgeVaxH35.js:2302 971I x:ageGp:fam 172:2:-1 by blue 2:0:-1 at gen851 Univ0 prob=0.528
AgeVaxH35.js:2302 973I x:ageGp:fam 134:2:-1 by blue 612:4:-1 at gen853 Univ0 prob=0.874
AgeVaxH35.js:2302 974I x:ageGp:fam 437:3:-1 by red 531:3:-1 at gen855 Univ0 prob=0.032
AgeVaxH35.js:2302 974I x:ageGp:fam 224:2:-1 by red 33:0:-1 at gen856 Univ0 prob=0.655
AgeVaxH35.js:2302 976I x:ageGp:fam 765:5:-1 by blue 215:2:-1 at gen864 Univ0 prob=0.471
AgeVaxH35.js:2302 977I x:ageGp:fam 271:2:-1 by red 531:3:-1 at gen874 Univ0 prob=0.369
AgeVaxH35.js:2302 978I x:ageGp:fam 657:4:-1 by red 970:8:-1 at gen877 Univ0 prob=0.128
AgeVaxH35.js:2302 979I x:ageGp:fam 547:4:-1 by red 843:6:-1 at gen879 Univ0 prob=0.785
AgeVaxH35.js:2302 980I x:ageGp:fam 728:5:-1 by red 33:0:-1 at gen885 Univ0 prob=0.654
AgeVaxH35.js:2302 980I x:ageGp:fam 39:0:-1 by blue 750:5:-1 at gen885 Univ0 prob=0.122
AgeVaxH35.js:2302 980I x:ageGp:fam 804:5:-1 by red 713:5:-1 at gen886 Univ0 prob=0.791
AgeVaxH35.js:2302 983I x:ageGp:fam 997:9:-1 by blue 263:2:-1 at gen893 Univ0 prob=0.411
AgeVaxH35.js:2302 984I x:ageGp:fam 429:3:-1 by red 379:3:-1 at gen903 Univ0 prob=0.881
AgeVaxH35.js:2302 984I x:ageGp:fam 708:5:-1 by blue 323:2:-1 at gen904 Univ0 prob=0.472
AgeVaxH35.js:2302 986I x:ageGp:fam 366:3:-1 by red 55:1:-1 at gen919 Univ0 prob=0.091
AgeVaxH35.js:2302 987I x:ageGp:fam 132:2:-1 by red 680:4:-1 at gen924 Univ0 prob=0.264
AgeVaxH35.js:2302 988I x:ageGp:fam 788:5:-1 by red 347:2:-1 at gen934 Univ0 prob=0.114
AgeVaxH35.js:2302 989I x:ageGp:fam 767:5:-1 by red 713:5:-1 at gen949 Univ0 prob=0.255
AgeVaxH35.js:2302 990I x:ageGp:fam 227:2:-1 by red 323:2:-1 at gen951 Univ0 prob=0.478
AgeVaxH35.js:2302 991I x:ageGp:fam 107:1:-1 by blue 728:5:-1 at gen953 Univ0 prob=0.206
AgeVaxH35.js:2302 992I x:ageGp:fam 782:5:-1 by blue 224:2:-1 at gen955 Univ0 prob=0.908
AgeVaxH35.js:2302 993I x:ageGp:fam 93:1:-1 by red 135:2:-1 at gen960 Univ0 prob=0.496
AgeVaxH35.js:2302 994I x:ageGp:fam 850:6:-1 by red 885:6:-1 at gen966 Univ0 prob=0.960
AgeVaxH35.js:2302 995I x:ageGp:fam 962:8:-1 by blue 227:2:-1 at gen1010 Univ0 prob=0.430
AgeVaxH35.js:2302 996I x:ageGp:fam 320:2:-1 by blue 962:8:-1 at gen1071 Univ0 prob=0.282
AgeVaxH35.js:2302 997I x:ageGp:fam 180:2:-1 by red 997:9:-1 at gen1086 Univ0 prob=0.302
