Some messages have been moved to the Issues panel.
AgeVaxH35.js:871 Fri Jan 22 2021 14:22:30 GMT-0800 (Pacific Standard Time)
AgeVaxH35.js:872 CovidSIMVL Mode1 and Mod2 Hybrid 35d
AgeVaxH35.js:873 Mode 1 >13 and <36 is 75%
AgeVaxH35.js:874 Mode 2 >28 is 95%; >13 and <29 is 75%
AgeVaxH35.js:4444 exit covidSim
AgeVaxH35.js:23 getAsText File {name: "Popn1000.csv", lastModified: 1611021598000, lastModifiedDate: Mon Jan 18 2021 17:59:58 GMT-0800 (Pacific Standard Time), webkitRelativePath: "", size: 23944, …}
AgeVaxH35.js:32 File {name: "Popn1000.csv", lastModified: 1611021598000, lastModifiedDate: Mon Jan 18 2021 17:59:58 GMT-0800 (Pacific Standard Time), webkitRelativePath: "", size: 23944, …}
AgeVaxH35.js:23 getAsText File {name: "VL1ageGp2.csv", lastModified: 1611004274000, lastModifiedDate: Mon Jan 18 2021 13:11:14 GMT-0800 (Pacific Standard Time), webkitRelativePath: "", size: 65, …}
AgeVaxH35.js:32 File {name: "VL1ageGp2.csv", lastModified: 1611004274000, lastModifiedDate: Mon Jan 18 2021 13:11:14 GMT-0800 (Pacific Standard Time), webkitRelativePath: "", size: 65, …}
AgeVaxH35.js:1674 Red Days changed to 8.7
AgeVaxH35.js:1696 New Hazard Radius = 1.3
AgeVaxH35.js:1710 new Mingle Factor = 7
AgeVaxH35.js:2293 1I x:ageGp:fam 513:3:-1 by blue 150:2:-1 at gen8 Univ0 prob=0.945
AgeVaxH35.js:2293 2I x:ageGp:fam 466:3:-1 by blue 150:2:-1 at gen46 Univ0 prob=0.852
AgeVaxH35.js:2293 3I x:ageGp:fam 710:5:-1 by blue 513:3:-1 at gen69 Univ0 prob=0.390
AgeVaxH35.js:2293 4I x:ageGp:fam 384:3:-1 by red 150:2:-1 at gen86 Univ0 prob=0.331
AgeVaxH35.js:2293 4I x:ageGp:fam 983:9:-1 by blue 513:3:-1 at gen87 Univ0 prob=0.608
AgeVaxH35.js:2293 6I x:ageGp:fam 593:4:-1 by yellow 384:3:-1 at gen92 Univ0 prob=0.798
AgeVaxH35.js:2293 7I x:ageGp:fam 969:8:-1 by blue 513:3:-1 at gen96 Univ0 prob=0.119
AgeVaxH35.js:2293 8I x:ageGp:fam 544:4:-1 by red 150:2:-1 at gen98 Univ0 prob=0.262
AgeVaxH35.js:2293 9I x:ageGp:fam 376:3:-1 by blue 513:3:-1 at gen106 Univ0 prob=0.346
AgeVaxH35.js:2293 10I x:ageGp:fam 157:2:-1 by blue 513:3:-1 at gen118 Univ0 prob=0.969
AgeVaxH35.js:2293 10I x:ageGp:fam 383:3:-1 by blue 466:3:-1 at gen119 Univ0 prob=0.059
AgeVaxH35.js:2293 11I x:ageGp:fam 904:7:-1 by red 150:2:-1 at gen120 Univ0 prob=0.799
AgeVaxH35.js:2293 13I x:ageGp:fam 114:1:-1 by yellow 157:2:-1 at gen123 Univ0 prob=0.045
AgeVaxH35.js:2293 13I x:ageGp:fam 878:6:-1 by red 513:3:-1 at gen123 Univ0 prob=0.424
AgeVaxH35.js:2293 13I x:ageGp:fam 660:4:-1 by yellow 157:2:-1 at gen124 Univ0 prob=0.953
AgeVaxH35.js:2293 16I x:ageGp:fam 547:4:-1 by red 513:3:-1 at gen140 Univ0 prob=0.648
AgeVaxH35.js:2293 17I x:ageGp:fam 915:7:-1 by blue 593:4:-1 at gen145 Univ0 prob=0.870
AgeVaxH35.js:2293 18I x:ageGp:fam 954:8:-1 by blue 466:3:-1 at gen154 Univ0 prob=0.485
AgeVaxH35.js:2293 18I x:ageGp:fam 810:5:-1 by blue 969:8:-1 at gen154 Univ0 prob=0.316
AgeVaxH35.js:2293 20I x:ageGp:fam 109:1:-1 by blue 983:9:-1 at gen159 Univ0 prob=0.523
AgeVaxH35.js:2293 20I x:ageGp:fam 871:6:-1 by blue 384:3:-1 at gen160 Univ0 prob=0.205
AgeVaxH35.js:2293 21I x:ageGp:fam 102:1:-1 by blue 466:3:-1 at gen161 Univ0 prob=0.480
AgeVaxH35.js:2293 21I x:ageGp:fam 453:3:-1 by blue 384:3:-1 at gen161 Univ0 prob=0.119
AgeVaxH35.js:2293 21I x:ageGp:fam 963:8:-1 by blue 983:9:-1 at gen161 Univ0 prob=0.291
AgeVaxH35.js:2293 25I x:ageGp:fam 495:3:-1 by blue 593:4:-1 at gen168 Univ0 prob=0.322
AgeVaxH35.js:2293 26I x:ageGp:fam 335:2:-1 by red 513:3:-1 at gen170 Univ0 prob=0.581
AgeVaxH35.js:2293 26I x:ageGp:fam 47:1:-1 by blue 904:7:-1 at gen171 Univ0 prob=0.578
AgeVaxH35.js:2293 27I x:ageGp:fam 910:7:-1 by blue 969:8:-1 at gen172 Univ0 prob=0.346
AgeVaxH35.js:2293 28I x:ageGp:fam 304:2:-1 by red 513:3:-1 at gen173 Univ0 prob=0.118
AgeVaxH35.js:2293 30I x:ageGp:fam 819:5:-1 by blue 544:4:-1 at gen176 Univ0 prob=0.938
AgeVaxH35.js:2293 31I x:ageGp:fam 398:3:-1 by blue 383:3:-1 at gen178 Univ0 prob=0.424
AgeVaxH35.js:2293 32I x:ageGp:fam 213:2:-1 by blue 710:5:-1 at gen180 Univ0 prob=0.703
AgeVaxH35.js:2293 32I x:ageGp:fam 295:2:-1 by blue 878:6:-1 at gen180 Univ0 prob=0.473
AgeVaxH35.js:2293 32I x:ageGp:fam 637:4:-1 by red 466:3:-1 at gen181 Univ0 prob=0.358
AgeVaxH35.js:2293 34I x:ageGp:fam 962:8:-1 by yellow 637:4:-1 at gen182 Univ0 prob=0.409
AgeVaxH35.js:2293 36I x:ageGp:fam 396:3:-1 by red 466:3:-1 at gen184 Univ0 prob=0.096
AgeVaxH35.js:2293 36I x:ageGp:fam 473:3:-1 by red 466:3:-1 at gen184 Univ0 prob=0.255
AgeVaxH35.js:2293 38I x:ageGp:fam 533:3:-1 by yellow 473:3:-1 at gen186 Univ0 prob=0.605
AgeVaxH35.js:2293 38I x:ageGp:fam 960:8:-1 by blue 660:4:-1 at gen187 Univ0 prob=0.379
AgeVaxH35.js:2293 40I x:ageGp:fam 332:2:-1 by blue 384:3:-1 at gen189 Univ0 prob=0.330
AgeVaxH35.js:2293 40I x:ageGp:fam 478:3:-1 by red 466:3:-1 at gen189 Univ0 prob=0.236
AgeVaxH35.js:2293 40I x:ageGp:fam 107:1:-1 by yellow 332:2:-1 at gen190 Univ0 prob=0.873
AgeVaxH35.js:2293 40I x:ageGp:fam 763:5:-1 by green 107:1:-1 at gen190 Univ0 prob=0.448
AgeVaxH35.js:2293 42I x:ageGp:fam 106:1:-1 by yellow 473:3:-1 at gen191 Univ0 prob=0.354
AgeVaxH35.js:2293 44I x:ageGp:fam 652:4:-1 by blue 544:4:-1 at gen192 Univ0 prob=0.391
AgeVaxH35.js:2293 45I x:ageGp:fam 764:5:-1 by blue 383:3:-1 at gen193 Univ0 prob=0.542
AgeVaxH35.js:2293 46I x:ageGp:fam 20:0:-1 by blue 904:7:-1 at gen194 Univ0 prob=0.593
AgeVaxH35.js:2293 47I x:ageGp:fam 805:5:-1 by blue 376:3:-1 at gen195 Univ0 prob=0.246
AgeVaxH35.js:2293 49I x:ageGp:fam 27:0:-1 by blue 660:4:-1 at gen197 Univ0 prob=0.471
AgeVaxH35.js:2293 49I x:ageGp:fam 603:4:-1 by blue 114:1:-1 at gen197 Univ0 prob=0.706
AgeVaxH35.js:2293 49I x:ageGp:fam 791:5:-1 by yellow 332:2:-1 at gen197 Univ0 prob=0.830
AgeVaxH35.js:2293 49I x:ageGp:fam 946:7:-1 by red 710:5:-1 at gen198 Univ0 prob=0.665
AgeVaxH35.js:2293 53I x:ageGp:fam 200:2:-1 by blue 547:4:-1 at gen200 Univ0 prob=0.267
AgeVaxH35.js:2293 53I x:ageGp:fam 281:2:-1 by blue 384:3:-1 at gen200 Univ0 prob=0.738
AgeVaxH35.js:2293 53I x:ageGp:fam 2:0:-1 by blue 660:4:-1 at gen201 Univ0 prob=0.188
AgeVaxH35.js:2293 53I x:ageGp:fam 595:4:-1 by blue 383:3:-1 at gen201 Univ0 prob=0.541
AgeVaxH35.js:2293 57I x:ageGp:fam 841:6:-1 by blue 593:4:-1 at gen203 Univ0 prob=0.273
AgeVaxH35.js:2293 58I x:ageGp:fam 879:6:-1 by blue 114:1:-1 at gen208 Univ0 prob=0.432
AgeVaxH35.js:2293 58I x:ageGp:fam 399:3:-1 by blue 969:8:-1 at gen208 Univ0 prob=0.069
AgeVaxH35.js:2293 60I x:ageGp:fam 324:2:-1 by blue 904:7:-1 at gen210 Univ0 prob=0.152
AgeVaxH35.js:2293 61I x:ageGp:fam 835:6:-1 by red 593:4:-1 at gen216 Univ0 prob=0.487
AgeVaxH35.js:2293 61I x:ageGp:fam 717:5:-1 by blue 109:1:-1 at gen217 Univ0 prob=0.169
AgeVaxH35.js:2293 63I x:ageGp:fam 312:2:-1 by blue 915:7:-1 at gen223 Univ0 prob=0.584
AgeVaxH35.js:2293 64I x:ageGp:fam 527:3:-1 by blue 954:8:-1 at gen227 Univ0 prob=0.285
AgeVaxH35.js:2293 64I x:ageGp:fam 901:6:-1 by blue 915:7:-1 at gen227 Univ0 prob=0.375
AgeVaxH35.js:2293 64I x:ageGp:fam 917:7:-1 by blue 954:8:-1 at gen227 Univ0 prob=0.296
AgeVaxH35.js:2293 67I x:ageGp:fam 818:5:-1 by blue 114:1:-1 at gen229 Univ0 prob=0.616
AgeVaxH35.js:2293 67I x:ageGp:fam 743:5:-1 by blue 954:8:-1 at gen229 Univ0 prob=0.052
AgeVaxH35.js:2293 67I x:ageGp:fam 540:3:-1 by red 969:8:-1 at gen230 Univ0 prob=0.962
AgeVaxH35.js:2293 67I x:ageGp:fam 580:4:-1 by blue 810:5:-1 at gen230 Univ0 prob=0.706
AgeVaxH35.js:2293 71I x:ageGp:fam 387:3:-1 by red 376:3:-1 at gen232 Univ0 prob=0.040
AgeVaxH35.js:2293 71I x:ageGp:fam 448:3:-1 by yellow 743:5:-1 at gen232 Univ0 prob=0.333
AgeVaxH35.js:2293 71I x:ageGp:fam 689:4:-1 by blue 954:8:-1 at gen232 Univ0 prob=0.371
AgeVaxH35.js:2293 71I x:ageGp:fam 230:2:-1 by blue 963:8:-1 at gen233 Univ0 prob=0.757
AgeVaxH35.js:2293 71I x:ageGp:fam 323:2:-1 by red 983:9:-1 at gen233 Univ0 prob=0.825
AgeVaxH35.js:2293 71I x:ageGp:fam 612:4:-1 by blue 335:2:-1 at gen233 Univ0 prob=0.404
AgeVaxH35.js:2293 71I x:ageGp:fam 486:3:-1 by yellow 689:4:-1 at gen233 Univ0 prob=0.419
AgeVaxH35.js:2293 71I x:ageGp:fam 619:4:-1 by blue 904:7:-1 at gen233 Univ0 prob=0.324
AgeVaxH35.js:2293 74I x:ageGp:fam 225:2:-1 by blue 398:3:-1 at gen234 Univ0 prob=0.198
AgeVaxH35.js:2293 74I x:ageGp:fam 928:7:-1 by red 466:3:-1 at gen234 Univ0 prob=0.731
AgeVaxH35.js:2293 79I x:ageGp:fam 371:3:-1 by red 710:5:-1 at gen235 Univ0 prob=0.318
AgeVaxH35.js:2293 81I x:ageGp:fam 246:2:-1 by blue 810:5:-1 at gen236 Univ0 prob=0.636
AgeVaxH35.js:2293 81I x:ageGp:fam 446:3:-1 by blue 547:4:-1 at gen236 Univ0 prob=0.207
AgeVaxH35.js:2293 82I x:ageGp:fam 171:2:-1 by blue 453:3:-1 at gen237 Univ0 prob=0.208
AgeVaxH35.js:2293 82I x:ageGp:fam 725:5:-1 by yellow 446:3:-1 at gen237 Univ0 prob=0.623
AgeVaxH35.js:2293 86I x:ageGp:fam 571:4:-1 by red 983:9:-1 at gen239 Univ0 prob=0.493
AgeVaxH35.js:2293 86I x:ageGp:fam 991:9:-1 by blue 960:8:-1 at gen239 Univ0 prob=0.015
AgeVaxH35.js:2293 86I x:ageGp:fam 339:2:-1 by blue 102:1:-1 at gen240 Univ0 prob=0.304
AgeVaxH35.js:2293 88I x:ageGp:fam 55:1:-1 by red 878:6:-1 at gen241 Univ0 prob=0.648
AgeVaxH35.js:2293 88I x:ageGp:fam 138:2:-1 by yellow 571:4:-1 at gen241 Univ0 prob=0.575
AgeVaxH35.js:2293 89I x:ageGp:fam 32:0:-1 by yellow 764:5:-1 at gen242 Univ0 prob=0.718
AgeVaxH35.js:2293 89I x:ageGp:fam 34:0:-1 by red 544:4:-1 at gen242 Univ0 prob=0.039
AgeVaxH35.js:2293 89I x:ageGp:fam 95:1:-1 by red 383:3:-1 at gen242 Univ0 prob=0.192
AgeVaxH35.js:2293 89I x:ageGp:fam 836:6:-1 by yellow 764:5:-1 at gen242 Univ0 prob=0.209
AgeVaxH35.js:2293 91I x:ageGp:fam 537:3:-1 by red 544:4:-1 at gen243 Univ0 prob=0.087
AgeVaxH35.js:2293 91I x:ageGp:fam 759:5:-1 by red 983:9:-1 at gen243 Univ0 prob=0.863
AgeVaxH35.js:2293 95I x:ageGp:fam 634:4:-1 by yellow 34:0:-1 at gen244 Univ0 prob=0.850
AgeVaxH35.js:2293 95I x:ageGp:fam 46:1:-1 by blue 819:5:-1 at gen244 Univ0 prob=0.222
AgeVaxH35.js:2293 95I x:ageGp:fam 394:3:-1 by red 660:4:-1 at gen244 Univ0 prob=0.191
AgeVaxH35.js:2293 95I x:ageGp:fam 588:4:-1 by blue 954:8:-1 at gen244 Univ0 prob=0.325
AgeVaxH35.js:2293 97I x:ageGp:fam 75:1:-1 by red 114:1:-1 at gen245 Univ0 prob=0.961
AgeVaxH35.js:2293 97I x:ageGp:fam 520:3:-1 by blue 963:8:-1 at gen245 Univ0 prob=0.301
AgeVaxH35.js:2293 101I x:ageGp:fam 30:0:-1 by blue 915:7:-1 at gen246 Univ0 prob=0.344
AgeVaxH35.js:2293 101I x:ageGp:fam 523:3:-1 by blue 915:7:-1 at gen246 Univ0 prob=0.003
AgeVaxH35.js:2293 105I x:ageGp:fam 169:2:-1 by red 660:4:-1 at gen248 Univ0 prob=0.006
AgeVaxH35.js:2293 106I x:ageGp:fam 975:8:-1 by red 544:4:-1 at gen250 Univ0 prob=0.272
AgeVaxH35.js:2293 107I x:ageGp:fam 740:5:-1 by blue 398:3:-1 at gen253 Univ0 prob=0.612
AgeVaxH35.js:2293 107I x:ageGp:fam 168:2:-1 by red 383:3:-1 at gen254 Univ0 prob=0.776
AgeVaxH35.js:2293 108I x:ageGp:fam 714:5:-1 by blue 819:5:-1 at gen255 Univ0 prob=0.391
AgeVaxH35.js:2293 109I x:ageGp:fam 115:1:-1 by red 376:3:-1 at gen256 Univ0 prob=0.496
AgeVaxH35.js:2293 109I x:ageGp:fam 192:2:-1 by blue 398:3:-1 at gen256 Univ0 prob=0.333
AgeVaxH35.js:2293 109I x:ageGp:fam 498:3:-1 by red 878:6:-1 at gen256 Univ0 prob=0.243
AgeVaxH35.js:2293 113I x:ageGp:fam 84:1:-1 by blue 652:4:-1 at gen258 Univ0 prob=0.024
AgeVaxH35.js:2293 113I x:ageGp:fam 350:2:-1 by blue 335:2:-1 at gen258 Univ0 prob=0.381
AgeVaxH35.js:2293 113I x:ageGp:fam 863:6:-1 by blue 478:3:-1 at gen258 Univ0 prob=0.848
AgeVaxH35.js:2293 116I x:ageGp:fam 160:2:-1 by blue 603:4:-1 at gen260 Univ0 prob=0.705
AgeVaxH35.js:2293 116I x:ageGp:fam 480:3:-1 by blue 963:8:-1 at gen260 Univ0 prob=0.739
AgeVaxH35.js:2293 116I x:ageGp:fam 753:5:-1 by red 878:6:-1 at gen260 Univ0 prob=0.285
AgeVaxH35.js:2293 116I x:ageGp:fam 943:7:-1 by blue 962:8:-1 at gen261 Univ0 prob=0.128
AgeVaxH35.js:2293 119I x:ageGp:fam 514:3:-1 by blue 47:1:-1 at gen262 Univ0 prob=0.769
AgeVaxH35.js:2293 120I x:ageGp:fam 782:5:-1 by yellow 753:5:-1 at gen263 Univ0 prob=0.226
AgeVaxH35.js:2293 120I x:ageGp:fam 923:7:-1 by red 969:8:-1 at gen263 Univ0 prob=0.978
AgeVaxH35.js:2293 121I x:ageGp:fam 320:2:-1 by blue 910:7:-1 at gen264 Univ0 prob=0.229
AgeVaxH35.js:2293 124I x:ageGp:fam 887:6:-1 by blue 213:2:-1 at gen266 Univ0 prob=0.508
AgeVaxH35.js:2293 124I x:ageGp:fam 492:3:-1 by blue 102:1:-1 at gen267 Univ0 prob=0.979
AgeVaxH35.js:2293 124I x:ageGp:fam 795:5:-1 by red 383:3:-1 at gen267 Univ0 prob=0.500
AgeVaxH35.js:2293 125I x:ageGp:fam 13:0:-1 by blue 335:2:-1 at gen268 Univ0 prob=0.276
AgeVaxH35.js:2293 125I x:ageGp:fam 121:1:-1 by blue 47:1:-1 at gen268 Univ0 prob=0.706
AgeVaxH35.js:2293 125I x:ageGp:fam 715:5:-1 by blue 652:4:-1 at gen268 Univ0 prob=0.122
AgeVaxH35.js:2293 127I x:ageGp:fam 363:3:-1 by blue 47:1:-1 at gen269 Univ0 prob=0.880
AgeVaxH35.js:2293 127I x:ageGp:fam 191:2:-1 by red 660:4:-1 at gen269 Univ0 prob=0.083
AgeVaxH35.js:2293 127I x:ageGp:fam 630:4:-1 by blue 399:3:-1 at gen269 Univ0 prob=0.894
AgeVaxH35.js:2293 127I x:ageGp:fam 427:3:-1 by blue 841:6:-1 at gen269 Univ0 prob=0.492
AgeVaxH35.js:2293 127I x:ageGp:fam 464:3:-1 by red 547:4:-1 at gen269 Univ0 prob=0.394
AgeVaxH35.js:2293 130I x:ageGp:fam 566:4:-1 by blue 332:2:-1 at gen270 Univ0 prob=0.048
AgeVaxH35.js:2293 135I x:ageGp:fam 180:2:-1 by blue 819:5:-1 at gen271 Univ0 prob=0.838
AgeVaxH35.js:2293 135I x:ageGp:fam 642:4:-1 by blue 200:2:-1 at gen271 Univ0 prob=0.677
AgeVaxH35.js:2293 136I x:ageGp:fam 205:2:-1 by blue 20:0:-1 at gen272 Univ0 prob=0.973
AgeVaxH35.js:2293 136I x:ageGp:fam 564:4:-1 by blue 27:0:-1 at gen272 Univ0 prob=0.408
AgeVaxH35.js:2293 136I x:ageGp:fam 919:7:-1 by blue 281:2:-1 at gen272 Univ0 prob=0.030
AgeVaxH35.js:2293 138I x:ageGp:fam 60:1:-1 by yellow 919:7:-1 at gen273 Univ0 prob=0.588
AgeVaxH35.js:2293 138I x:ageGp:fam 932:7:-1 by red 660:4:-1 at gen273 Univ0 prob=0.780
AgeVaxH35.js:2293 141I x:ageGp:fam 291:2:-1 by blue 2:0:-1 at gen274 Univ0 prob=0.227
AgeVaxH35.js:2293 141I x:ageGp:fam 669:4:-1 by blue 27:0:-1 at gen274 Univ0 prob=0.387
AgeVaxH35.js:2293 141I x:ageGp:fam 965:8:-1 by blue 109:1:-1 at gen274 Univ0 prob=0.447
AgeVaxH35.js:2293 141I x:ageGp:fam 209:2:-1 by red 810:5:-1 at gen274 Univ0 prob=0.623
AgeVaxH35.js:2293 141I x:ageGp:fam 233:2:-1 by red 660:4:-1 at gen274 Univ0 prob=0.408
AgeVaxH35.js:2293 141I x:ageGp:fam 591:4:-1 by blue 473:3:-1 at gen274 Univ0 prob=0.799
AgeVaxH35.js:2293 141I x:ageGp:fam 956:8:-1 by blue 946:7:-1 at gen274 Univ0 prob=0.067
AgeVaxH35.js:2293 143I x:ageGp:fam 116:1:-1 by yellow 527:3:-1 at gen275 Univ0 prob=0.242
AgeVaxH35.js:2293 151I x:ageGp:fam 741:5:-1 by red 384:3:-1 at gen277 Univ0 prob=0.737
AgeVaxH35.js:2293 151I x:ageGp:fam 635:4:-1 by yellow 965:8:-1 at gen277 Univ0 prob=0.737
AgeVaxH35.js:2293 151I x:ageGp:fam 428:3:-1 by blue 107:1:-1 at gen278 Univ0 prob=0.608
AgeVaxH35.js:2293 151I x:ageGp:fam 859:6:-1 by red 376:3:-1 at gen278 Univ0 prob=0.679
AgeVaxH35.js:2293 151I x:ageGp:fam 444:3:-1 by blue 841:6:-1 at gen278 Univ0 prob=0.556
AgeVaxH35.js:2293 151I x:ageGp:fam 989:9:-1 by blue 603:4:-1 at gen278 Univ0 prob=0.321
AgeVaxH35.js:2293 153I x:ageGp:fam 775:5:-1 by blue 652:4:-1 at gen279 Univ0 prob=0.743
AgeVaxH35.js:2293 157I x:ageGp:fam 505:3:-1 by blue 478:3:-1 at gen280 Univ0 prob=0.143
AgeVaxH35.js:2293 157I x:ageGp:fam 507:3:-1 by blue 533:3:-1 at gen280 Univ0 prob=0.512
AgeVaxH35.js:2293 157I x:ageGp:fam 868:6:-1 by blue 791:5:-1 at gen280 Univ0 prob=0.602
AgeVaxH35.js:2293 158I x:ageGp:fam 348:2:-1 by red 915:7:-1 at gen281 Univ0 prob=0.421
AgeVaxH35.js:2293 158I x:ageGp:fam 663:4:-1 by blue 533:3:-1 at gen281 Univ0 prob=0.602
AgeVaxH35.js:2293 161I x:ageGp:fam 240:2:-1 by blue 107:1:-1 at gen282 Univ0 prob=0.589
AgeVaxH35.js:2293 163I x:ageGp:fam 64:1:-1 by blue 399:3:-1 at gen283 Univ0 prob=0.784
AgeVaxH35.js:2293 163I x:ageGp:fam 284:2:-1 by blue 603:4:-1 at gen283 Univ0 prob=0.241
AgeVaxH35.js:2293 164I x:ageGp:fam 479:3:-1 by blue 200:2:-1 at gen284 Univ0 prob=0.445
AgeVaxH35.js:2293 164I x:ageGp:fam 659:4:-1 by blue 637:4:-1 at gen284 Univ0 prob=0.296
AgeVaxH35.js:2293 166I x:ageGp:fam 17:0:-1 by blue 818:5:-1 at gen285 Univ0 prob=0.708
AgeVaxH35.js:2293 166I x:ageGp:fam 611:4:-1 by red 904:7:-1 at gen285 Univ0 prob=0.090
AgeVaxH35.js:2293 166I x:ageGp:fam 821:6:-1 by blue 717:5:-1 at gen285 Univ0 prob=0.511
AgeVaxH35.js:2293 168I x:ageGp:fam 146:2:-1 by blue 533:3:-1 at gen286 Univ0 prob=0.157
AgeVaxH35.js:2293 168I x:ageGp:fam 365:3:-1 by blue 805:5:-1 at gen286 Univ0 prob=0.641
AgeVaxH35.js:2293 168I x:ageGp:fam 948:7:-1 by blue 835:6:-1 at gen286 Univ0 prob=0.977
AgeVaxH35.js:2293 171I x:ageGp:fam 897:6:-1 by blue 763:5:-1 at gen287 Univ0 prob=0.742
AgeVaxH35.js:2293 174I x:ageGp:fam 170:2:-1 by blue 595:4:-1 at gen288 Univ0 prob=0.116
AgeVaxH35.js:2293 174I x:ageGp:fam 208:2:-1 by blue 835:6:-1 at gen288 Univ0 prob=0.686
AgeVaxH35.js:2293 174I x:ageGp:fam 590:4:-1 by blue 901:6:-1 at gen288 Univ0 prob=0.422
AgeVaxH35.js:2293 174I x:ageGp:fam 653:4:-1 by red 593:4:-1 at gen288 Univ0 prob=0.674
AgeVaxH35.js:2293 174I x:ageGp:fam 898:6:-1 by blue 763:5:-1 at gen288 Univ0 prob=0.550
AgeVaxH35.js:2293 175I x:ageGp:fam 199:2:-1 by blue 2:0:-1 at gen289 Univ0 prob=0.072
AgeVaxH35.js:2293 175I x:ageGp:fam 305:2:-1 by blue 200:2:-1 at gen289 Univ0 prob=0.454
AgeVaxH35.js:2293 175I x:ageGp:fam 322:2:-1 by red 660:4:-1 at gen289 Univ0 prob=0.839
AgeVaxH35.js:2293 175I x:ageGp:fam 894:6:-1 by blue 332:2:-1 at gen289 Univ0 prob=0.705
AgeVaxH35.js:2293 180I x:ageGp:fam 727:5:-1 by blue 652:4:-1 at gen290 Univ0 prob=0.576
AgeVaxH35.js:2293 184I x:ageGp:fam 73:1:-1 by red 904:7:-1 at gen291 Univ0 prob=0.207
AgeVaxH35.js:2293 184I x:ageGp:fam 604:4:-1 by red 453:3:-1 at gen291 Univ0 prob=0.836
AgeVaxH35.js:2293 184I x:ageGp:fam 460:3:-1 by red 983:9:-1 at gen291 Univ0 prob=0.215
AgeVaxH35.js:2293 185I x:ageGp:fam 987:9:-1 by yellow 394:3:-1 at gen292 Univ0 prob=0.126
AgeVaxH35.js:2293 185I x:ageGp:fam 439:3:-1 by blue 612:4:-1 at gen292 Univ0 prob=0.345
AgeVaxH35.js:2293 185I x:ageGp:fam 662:4:-1 by blue 717:5:-1 at gen292 Univ0 prob=0.320
AgeVaxH35.js:2293 188I x:ageGp:fam 239:2:-1 by red 335:2:-1 at gen293 Univ0 prob=0.528
AgeVaxH35.js:2293 191I x:ageGp:fam 289:2:-1 by blue 759:5:-1 at gen294 Univ0 prob=0.217
AgeVaxH35.js:2293 192I x:ageGp:fam 557:4:-1 by red 495:3:-1 at gen295 Univ0 prob=0.397
AgeVaxH35.js:2293 193I x:ageGp:fam 445:3:-1 by red 963:8:-1 at gen296 Univ0 prob=0.526
AgeVaxH35.js:2293 194I x:ageGp:fam 131:2:-1 by blue 371:3:-1 at gen297 Univ0 prob=0.621
AgeVaxH35.js:2293 194I x:ageGp:fam 716:5:-1 by blue 763:5:-1 at gen297 Univ0 prob=0.093
AgeVaxH35.js:2293 197I x:ageGp:fam 122:1:-1 by red 109:1:-1 at gen299 Univ0 prob=0.254
AgeVaxH35.js:2293 197I x:ageGp:fam 647:4:-1 by red 915:7:-1 at gen299 Univ0 prob=0.801
AgeVaxH35.js:2293 197I x:ageGp:fam 736:5:-1 by red 819:5:-1 at gen300 Univ0 prob=0.855
AgeVaxH35.js:2293 199I x:ageGp:fam 522:3:-1 by blue 743:5:-1 at gen301 Univ0 prob=0.813
AgeVaxH35.js:2293 200I x:ageGp:fam 66:1:-1 by red 810:5:-1 at gen302 Univ0 prob=0.451
AgeVaxH35.js:2293 200I x:ageGp:fam 156:2:-1 by red 954:8:-1 at gen302 Univ0 prob=0.616
AgeVaxH35.js:2293 200I x:ageGp:fam 260:2:-1 by blue 246:2:-1 at gen302 Univ0 prob=0.299
AgeVaxH35.js:2293 201I x:ageGp:fam 742:5:-1 by blue 20:0:-1 at gen303 Univ0 prob=0.612
AgeVaxH35.js:2293 201I x:ageGp:fam 824:6:-1 by blue 399:3:-1 at gen303 Univ0 prob=0.123
AgeVaxH35.js:2293 201I x:ageGp:fam 884:6:-1 by red 453:3:-1 at gen303 Univ0 prob=0.315
AgeVaxH35.js:2293 201I x:ageGp:fam 873:6:-1 by red 547:4:-1 at gen303 Univ0 prob=0.818
AgeVaxH35.js:2293 208I x:ageGp:fam 7:0:-1 by blue 448:3:-1 at gen305 Univ0 prob=0.333
AgeVaxH35.js:2293 208I x:ageGp:fam 341:2:-1 by blue 27:0:-1 at gen306 Univ0 prob=0.111
AgeVaxH35.js:2293 208I x:ageGp:fam 435:3:-1 by blue 791:5:-1 at gen306 Univ0 prob=0.499
AgeVaxH35.js:2293 208I x:ageGp:fam 976:8:-1 by blue 486:3:-1 at gen306 Univ0 prob=0.040
AgeVaxH35.js:2293 212I x:ageGp:fam 572:4:-1 by blue 928:7:-1 at gen308 Univ0 prob=0.950
AgeVaxH35.js:2293 212I x:ageGp:fam 769:5:-1 by blue 928:7:-1 at gen308 Univ0 prob=0.096
AgeVaxH35.js:2293 212I x:ageGp:fam 785:5:-1 by blue 841:6:-1 at gen308 Univ0 prob=0.482
AgeVaxH35.js:2293 212I x:ageGp:fam 28:0:-1 by blue 95:1:-1 at gen309 Univ0 prob=0.217
AgeVaxH35.js:2293 215I x:ageGp:fam 432:3:-1 by red 114:1:-1 at gen310 Univ0 prob=0.583
AgeVaxH35.js:2293 215I x:ageGp:fam 988:9:-1 by red 763:5:-1 at gen310 Univ0 prob=0.431
AgeVaxH35.js:2293 216I x:ageGp:fam 410:3:-1 by blue 2:0:-1 at gen311 Univ0 prob=0.062
AgeVaxH35.js:2293 216I x:ageGp:fam 222:2:-1 by red 304:2:-1 at gen311 Univ0 prob=0.859
AgeVaxH35.js:2293 216I x:ageGp:fam 792:5:-1 by blue 312:2:-1 at gen311 Univ0 prob=0.533
AgeVaxH35.js:2293 216I x:ageGp:fam 624:4:-1 by red 878:6:-1 at gen311 Univ0 prob=0.983
AgeVaxH35.js:2293 218I x:ageGp:fam 865:6:-1 by blue 480:3:-1 at gen312 Univ0 prob=0.524
AgeVaxH35.js:2293 218I x:ageGp:fam 515:3:-1 by blue 805:5:-1 at gen312 Univ0 prob=0.383
AgeVaxH35.js:2293 222I x:ageGp:fam 816:5:-1 by blue 27:0:-1 at gen313 Univ0 prob=0.459
AgeVaxH35.js:2293 224I x:ageGp:fam 318:2:-1 by red 637:4:-1 at gen314 Univ0 prob=0.183
AgeVaxH35.js:2293 225I x:ageGp:fam 839:6:-1 by red 109:1:-1 at gen315 Univ0 prob=0.276
AgeVaxH35.js:2293 225I x:ageGp:fam 519:3:-1 by red 915:7:-1 at gen315 Univ0 prob=0.862
AgeVaxH35.js:2293 225I x:ageGp:fam 903:7:-1 by red 660:4:-1 at gen315 Univ0 prob=0.581
AgeVaxH35.js:2293 225I x:ageGp:fam 854:6:-1 by blue 717:5:-1 at gen315 Univ0 prob=0.735
AgeVaxH35.js:2293 226I x:ageGp:fam 825:6:-1 by red 304:2:-1 at gen316 Univ0 prob=0.334
AgeVaxH35.js:2293 226I x:ageGp:fam 778:5:-1 by red 652:4:-1 at gen316 Univ0 prob=0.838
AgeVaxH35.js:2293 226I x:ageGp:fam 766:5:-1 by red 904:7:-1 at gen316 Univ0 prob=0.377
AgeVaxH35.js:2293 230I x:ageGp:fam 390:3:-1 by blue 46:1:-1 at gen317 Univ0 prob=0.170
AgeVaxH35.js:2293 230I x:ageGp:fam 546:4:-1 by red 660:4:-1 at gen317 Univ0 prob=0.659
AgeVaxH35.js:2293 230I x:ageGp:fam 648:4:-1 by red 871:6:-1 at gen317 Univ0 prob=0.771
AgeVaxH35.js:2293 233I x:ageGp:fam 420:3:-1 by red 47:1:-1 at gen318 Univ0 prob=0.641
AgeVaxH35.js:2293 233I x:ageGp:fam 539:3:-1 by red 107:1:-1 at gen318 Univ0 prob=0.553
AgeVaxH35.js:2293 233I x:ageGp:fam 957:8:-1 by red 109:1:-1 at gen318 Univ0 prob=0.619
AgeVaxH35.js:2293 233I x:ageGp:fam 458:3:-1 by blue 171:2:-1 at gen318 Univ0 prob=0.917
AgeVaxH35.js:2293 236I x:ageGp:fam 402:3:-1 by blue 30:0:-1 at gen319 Univ0 prob=0.665
AgeVaxH35.js:2293 236I x:ageGp:fam 220:2:-1 by blue 32:0:-1 at gen319 Univ0 prob=0.722
AgeVaxH35.js:2293 236I x:ageGp:fam 227:2:-1 by red 107:1:-1 at gen319 Univ0 prob=0.882
AgeVaxH35.js:2293 236I x:ageGp:fam 388:3:-1 by red 962:8:-1 at gen319 Univ0 prob=0.205
AgeVaxH35.js:2293 236I x:ageGp:fam 649:4:-1 by red 473:3:-1 at gen319 Univ0 prob=0.735
AgeVaxH35.js:2293 240I x:ageGp:fam 12:0:-1 by blue 225:2:-1 at gen320 Univ0 prob=0.419
AgeVaxH35.js:2293 240I x:ageGp:fam 349:2:-1 by red 200:2:-1 at gen320 Univ0 prob=0.697
AgeVaxH35.js:2293 240I x:ageGp:fam 434:3:-1 by blue 394:3:-1 at gen320 Univ0 prob=0.226
AgeVaxH35.js:2293 240I x:ageGp:fam 503:3:-1 by blue 917:7:-1 at gen320 Univ0 prob=0.289
AgeVaxH35.js:2293 240I x:ageGp:fam 885:6:-1 by blue 841:6:-1 at gen320 Univ0 prob=0.783
AgeVaxH35.js:2293 245I x:ageGp:fam 37:0:-1 by blue 571:4:-1 at gen321 Univ0 prob=0.450
AgeVaxH35.js:2293 245I x:ageGp:fam 392:3:-1 by blue 879:6:-1 at gen321 Univ0 prob=0.416
AgeVaxH35.js:2293 250I x:ageGp:fam 26:0:-1 by red 473:3:-1 at gen322 Univ0 prob=0.220
AgeVaxH35.js:2293 250I x:ageGp:fam 71:1:-1 by blue 523:3:-1 at gen322 Univ0 prob=0.218
AgeVaxH35.js:2293 250I x:ageGp:fam 832:6:-1 by blue 464:3:-1 at gen322 Univ0 prob=0.366
AgeVaxH35.js:2293 252I x:ageGp:fam 440:3:-1 by red 281:2:-1 at gen323 Univ0 prob=0.895
AgeVaxH35.js:2293 252I x:ageGp:fam 691:5:-1 by red 871:6:-1 at gen323 Univ0 prob=0.033
AgeVaxH35.js:2293 255I x:ageGp:fam 767:5:-1 by red 200:2:-1 at gen324 Univ0 prob=0.365
AgeVaxH35.js:2293 255I x:ageGp:fam 265:2:-1 by blue 917:7:-1 at gen324 Univ0 prob=0.361
AgeVaxH35.js:2293 255I x:ageGp:fam 476:3:-1 by blue 371:3:-1 at gen324 Univ0 prob=0.146
AgeVaxH35.js:2293 255I x:ageGp:fam 496:3:-1 by red 764:5:-1 at gen324 Univ0 prob=0.841
AgeVaxH35.js:2293 255I x:ageGp:fam 552:4:-1 by blue 975:8:-1 at gen324 Univ0 prob=0.316
AgeVaxH35.js:2293 255I x:ageGp:fam 789:5:-1 by red 764:5:-1 at gen324 Univ0 prob=0.488
AgeVaxH35.js:2293 257I x:ageGp:fam 77:1:-1 by blue 836:6:-1 at gen325 Univ0 prob=0.825
AgeVaxH35.js:2293 257I x:ageGp:fam 686:4:-1 by red 473:3:-1 at gen325 Univ0 prob=0.852
AgeVaxH35.js:2293 257I x:ageGp:fam 999:9:-1 by blue 715:5:-1 at gen325 Univ0 prob=0.947
AgeVaxH35.js:2293 263I x:ageGp:fam 81:1:-1 by blue 523:3:-1 at gen326 Univ0 prob=0.120
AgeVaxH35.js:2293 263I x:ageGp:fam 214:2:-1 by red 473:3:-1 at gen326 Univ0 prob=0.019
AgeVaxH35.js:2293 263I x:ageGp:fam 327:2:-1 by blue 537:3:-1 at gen326 Univ0 prob=0.376
AgeVaxH35.js:2293 263I x:ageGp:fam 639:4:-1 by red 473:3:-1 at gen326 Univ0 prob=0.049
AgeVaxH35.js:2293 263I x:ageGp:fam 485:3:-1 by blue 991:9:-1 at gen326 Univ0 prob=0.294
AgeVaxH35.js:2293 263I x:ageGp:fam 617:4:-1 by blue 740:5:-1 at gen326 Univ0 prob=0.292
AgeVaxH35.js:2293 266I x:ageGp:fam 530:3:-1 by blue 180:2:-1 at gen327 Univ0 prob=0.229
AgeVaxH35.js:2293 266I x:ageGp:fam 494:3:-1 by blue 246:2:-1 at gen327 Univ0 prob=0.232
AgeVaxH35.js:2293 266I x:ageGp:fam 261:2:-1 by red 637:4:-1 at gen327 Univ0 prob=0.980
AgeVaxH35.js:2293 266I x:ageGp:fam 869:6:-1 by blue 444:3:-1 at gen327 Univ0 prob=0.744
AgeVaxH35.js:2293 266I x:ageGp:fam 850:6:-1 by blue 446:3:-1 at gen327 Univ0 prob=0.775
AgeVaxH35.js:2293 277I x:ageGp:fam 397:3:-1 by red 106:1:-1 at gen329 Univ0 prob=0.292
AgeVaxH35.js:2293 277I x:ageGp:fam 372:3:-1 by blue 387:3:-1 at gen329 Univ0 prob=0.445
AgeVaxH35.js:2293 277I x:ageGp:fam 768:5:-1 by red 396:3:-1 at gen329 Univ0 prob=0.780
AgeVaxH35.js:2293 277I x:ageGp:fam 403:3:-1 by blue 943:7:-1 at gen329 Univ0 prob=0.749
AgeVaxH35.js:2293 277I x:ageGp:fam 776:5:-1 by blue 523:3:-1 at gen329 Univ0 prob=0.930
AgeVaxH35.js:2293 277I x:ageGp:fam 161:2:-1 by blue 740:5:-1 at gen330 Univ0 prob=0.811
AgeVaxH35.js:2293 277I x:ageGp:fam 632:4:-1 by blue 371:3:-1 at gen330 Univ0 prob=0.072
AgeVaxH35.js:2293 277I x:ageGp:fam 377:3:-1 by red 453:3:-1 at gen330 Univ0 prob=0.051
AgeVaxH35.js:2293 277I x:ageGp:fam 685:4:-1 by blue 394:3:-1 at gen330 Univ0 prob=0.563
AgeVaxH35.js:2293 277I x:ageGp:fam 596:4:-1 by red 398:3:-1 at gen330 Univ0 prob=0.904
AgeVaxH35.js:2293 282I x:ageGp:fam 8:0:-1 by red 805:5:-1 at gen331 Univ0 prob=0.240
AgeVaxH35.js:2293 282I x:ageGp:fam 147:2:-1 by blue 171:2:-1 at gen331 Univ0 prob=0.012
AgeVaxH35.js:2293 287I x:ageGp:fam 219:2:-1 by blue 759:5:-1 at gen332 Univ0 prob=0.207
AgeVaxH35.js:2293 287I x:ageGp:fam 484:3:-1 by red 473:3:-1 at gen332 Univ0 prob=0.804
AgeVaxH35.js:2293 289I x:ageGp:fam 605:4:-1 by red 27:0:-1 at gen333 Univ0 prob=0.685
AgeVaxH35.js:2293 289I x:ageGp:fam 69:1:-1 by blue 527:3:-1 at gen333 Univ0 prob=0.309
AgeVaxH35.js:2293 289I x:ageGp:fam 91:1:-1 by blue 486:3:-1 at gen333 Univ0 prob=0.607
AgeVaxH35.js:2293 289I x:ageGp:fam 814:5:-1 by blue 95:1:-1 at gen333 Univ0 prob=0.035
AgeVaxH35.js:2293 289I x:ageGp:fam 119:1:-1 by blue 486:3:-1 at gen333 Univ0 prob=0.254
AgeVaxH35.js:2293 289I x:ageGp:fam 414:3:-1 by blue 168:2:-1 at gen333 Univ0 prob=0.276
AgeVaxH35.js:2293 289I x:ageGp:fam 909:7:-1 by blue 192:2:-1 at gen333 Univ0 prob=0.299
AgeVaxH35.js:2293 289I x:ageGp:fam 317:2:-1 by blue 836:6:-1 at gen333 Univ0 prob=0.293
AgeVaxH35.js:2293 289I x:ageGp:fam 772:5:-1 by blue 371:3:-1 at gen333 Univ0 prob=0.425
AgeVaxH35.js:2293 289I x:ageGp:fam 646:4:-1 by red 915:7:-1 at gen333 Univ0 prob=0.995
AgeVaxH35.js:2293 289I x:ageGp:fam 920:7:-1 by blue 689:4:-1 at gen333 Univ0 prob=0.642
AgeVaxH35.js:2293 289I x:ageGp:fam 981:8:-1 by blue 715:5:-1 at gen333 Univ0 prob=0.017
AgeVaxH35.js:2293 291I x:ageGp:fam 6:0:-1 by blue 32:0:-1 at gen334 Univ0 prob=0.945
AgeVaxH35.js:2293 291I x:ageGp:fam 409:3:-1 by blue 115:1:-1 at gen334 Univ0 prob=0.534
AgeVaxH35.js:2293 291I x:ageGp:fam 644:4:-1 by red 835:6:-1 at gen334 Univ0 prob=0.618
AgeVaxH35.js:2293 303I x:ageGp:fam 92:1:-1 by blue 75:1:-1 at gen335 Univ0 prob=0.778
AgeVaxH35.js:2293 303I x:ageGp:fam 437:3:-1 by red 637:4:-1 at gen335 Univ0 prob=0.940
AgeVaxH35.js:2293 306I x:ageGp:fam 927:7:-1 by red 47:1:-1 at gen336 Univ0 prob=0.813
AgeVaxH35.js:2293 306I x:ageGp:fam 817:5:-1 by blue 991:9:-1 at gen336 Univ0 prob=0.824
AgeVaxH35.js:2293 308I x:ageGp:fam 195:2:-1 by red 963:8:-1 at gen337 Univ0 prob=0.473
AgeVaxH35.js:2293 308I x:ageGp:fam 401:3:-1 by blue 782:5:-1 at gen337 Univ0 prob=0.269
AgeVaxH35.js:2293 310I x:ageGp:fam 96:1:-1 by red 2:0:-1 at gen338 Univ0 prob=0.014
AgeVaxH35.js:2293 310I x:ageGp:fam 368:3:-1 by red 791:5:-1 at gen338 Univ0 prob=0.089
AgeVaxH35.js:2293 310I x:ageGp:fam 441:3:-1 by blue 486:3:-1 at gen338 Univ0 prob=0.417
AgeVaxH35.js:2293 312I x:ageGp:fam 585:4:-1 by blue 30:0:-1 at gen339 Univ0 prob=0.878
AgeVaxH35.js:2293 312I x:ageGp:fam 275:2:-1 by blue 138:2:-1 at gen339 Univ0 prob=0.108
AgeVaxH35.js:2293 312I x:ageGp:fam 747:5:-1 by red 396:3:-1 at gen339 Univ0 prob=0.033
AgeVaxH35.js:2293 312I x:ageGp:fam 421:3:-1 by blue 887:6:-1 at gen339 Univ0 prob=0.850
AgeVaxH35.js:2293 312I x:ageGp:fam 706:5:-1 by red 954:8:-1 at gen339 Univ0 prob=0.585
AgeVaxH35.js:2293 312I x:ageGp:fam 979:8:-1 by red 879:6:-1 at gen339 Univ0 prob=0.973
AgeVaxH35.js:2293 315I x:ageGp:fam 264:2:-1 by blue 782:5:-1 at gen340 Univ0 prob=0.123
AgeVaxH35.js:2293 315I x:ageGp:fam 664:4:-1 by blue 741:5:-1 at gen340 Univ0 prob=0.369
AgeVaxH35.js:2293 321I x:ageGp:fam 137:2:-1 by red 473:3:-1 at gen341 Univ0 prob=0.725
AgeVaxH35.js:2293 321I x:ageGp:fam 344:2:-1 by blue 427:3:-1 at gen341 Univ0 prob=0.572
AgeVaxH35.js:2293 321I x:ageGp:fam 911:7:-1 by blue 363:3:-1 at gen341 Univ0 prob=0.607
AgeVaxH35.js:2293 321I x:ageGp:fam 555:4:-1 by blue 818:5:-1 at gen341 Univ0 prob=0.701
AgeVaxH35.js:2293 323I x:ageGp:fam 793:5:-1 by red 835:6:-1 at gen342 Univ0 prob=0.721
AgeVaxH35.js:2293 327I x:ageGp:fam 223:2:-1 by blue 486:3:-1 at gen343 Univ0 prob=0.248
AgeVaxH35.js:2293 327I x:ageGp:fam 600:4:-1 by blue 464:3:-1 at gen343 Univ0 prob=0.173
AgeVaxH35.js:2293 327I x:ageGp:fam 500:3:-1 by blue 897:6:-1 at gen343 Univ0 prob=0.190
AgeVaxH35.js:2293 328I x:ageGp:fam 50:1:-1 by red 791:5:-1 at gen344 Univ0 prob=0.707
AgeVaxH35.js:2293 328I x:ageGp:fam 86:1:-1 by blue 659:4:-1 at gen344 Univ0 prob=0.962
AgeVaxH35.js:2293 328I x:ageGp:fam 627:4:-1 by blue 169:2:-1 at gen344 Univ0 prob=0.735
AgeVaxH35.js:2293 328I x:ageGp:fam 286:2:-1 by blue 350:2:-1 at gen344 Univ0 prob=0.440
AgeVaxH35.js:2293 328I x:ageGp:fam 974:8:-1 by blue 371:3:-1 at gen344 Univ0 prob=0.468
AgeVaxH35.js:2293 328I x:ageGp:fam 518:3:-1 by blue 564:4:-1 at gen344 Univ0 prob=0.025
AgeVaxH35.js:2293 328I x:ageGp:fam 880:6:-1 by blue 689:4:-1 at gen344 Univ0 prob=0.974
AgeVaxH35.js:2293 328I x:ageGp:fam 754:5:-1 by blue 919:7:-1 at gen344 Univ0 prob=0.662
AgeVaxH35.js:2293 331I x:ageGp:fam 538:3:-1 by red 2:0:-1 at gen345 Univ0 prob=0.570
AgeVaxH35.js:2293 331I x:ageGp:fam 247:2:-1 by blue 498:3:-1 at gen345 Univ0 prob=0.280
AgeVaxH35.js:2293 331I x:ageGp:fam 707:5:-1 by blue 537:3:-1 at gen345 Univ0 prob=0.197
AgeVaxH35.js:2293 331I x:ageGp:fam 820:5:-1 by red 963:8:-1 at gen345 Univ0 prob=0.012
AgeVaxH35.js:2293 339I x:ageGp:fam 181:2:-1 by blue 169:2:-1 at gen346 Univ0 prob=0.460
AgeVaxH35.js:2293 339I x:ageGp:fam 321:2:-1 by blue 991:9:-1 at gen346 Univ0 prob=0.953
AgeVaxH35.js:2293 339I x:ageGp:fam 864:6:-1 by blue 371:3:-1 at gen346 Univ0 prob=0.613
AgeVaxH35.js:2293 339I x:ageGp:fam 578:4:-1 by blue 932:7:-1 at gen346 Univ0 prob=0.782
AgeVaxH35.js:2293 339I x:ageGp:fam 846:6:-1 by red 901:6:-1 at gen346 Univ0 prob=0.948
AgeVaxH35.js:2293 343I x:ageGp:fam 182:2:-1 by blue 46:1:-1 at gen347 Univ0 prob=0.695
AgeVaxH35.js:2293 343I x:ageGp:fam 59:1:-1 by red 107:1:-1 at gen347 Univ0 prob=0.419
AgeVaxH35.js:2293 343I x:ageGp:fam 249:2:-1 by red 473:3:-1 at gen347 Univ0 prob=0.444
AgeVaxH35.js:2293 343I x:ageGp:fam 913:7:-1 by blue 520:3:-1 at gen347 Univ0 prob=0.956
AgeVaxH35.js:2293 348I x:ageGp:fam 658:4:-1 by red 2:0:-1 at gen348 Univ0 prob=0.823
AgeVaxH35.js:2293 348I x:ageGp:fam 748:5:-1 by blue 566:4:-1 at gen348 Univ0 prob=0.986
AgeVaxH35.js:2293 352I x:ageGp:fam 375:3:-1 by blue 464:3:-1 at gen349 Univ0 prob=0.786
AgeVaxH35.js:2293 352I x:ageGp:fam 667:4:-1 by blue 427:3:-1 at gen349 Univ0 prob=0.001
AgeVaxH35.js:2293 354I x:ageGp:fam 244:2:-1 by red 2:0:-1 at gen350 Univ0 prob=0.728
AgeVaxH35.js:2293 354I x:ageGp:fam 23:0:-1 by red 743:5:-1 at gen350 Univ0 prob=0.653
AgeVaxH35.js:2293 354I x:ageGp:fam 918:7:-1 by red 27:0:-1 at gen350 Univ0 prob=0.673
AgeVaxH35.js:2293 356I x:ageGp:fam 183:2:-1 by blue 55:1:-1 at gen351 Univ0 prob=0.182
AgeVaxH35.js:2293 356I x:ageGp:fam 172:2:-1 by red 478:3:-1 at gen351 Univ0 prob=0.101
AgeVaxH35.js:2293 356I x:ageGp:fam 190:2:-1 by blue 233:2:-1 at gen351 Univ0 prob=0.098
AgeVaxH35.js:2293 356I x:ageGp:fam 190:2:-1 by red 486:3:-1 at gen351 Univ0 prob=0.117
AgeVaxH35.js:2293 356I x:ageGp:fam 704:5:-1 by blue 427:3:-1 at gen351 Univ0 prob=0.933
AgeVaxH35.js:2293 356I x:ageGp:fam 524:3:-1 by blue 898:6:-1 at gen351 Univ0 prob=0.199
AgeVaxH35.js:2293 356I x:ageGp:fam 941:7:-1 by blue 740:5:-1 at gen351 Univ0 prob=0.799
AgeVaxH35.js:2293 359I x:ageGp:fam 22:0:-1 by blue 498:3:-1 at gen352 Univ0 prob=0.499
AgeVaxH35.js:2293 359I x:ageGp:fam 118:1:-1 by red 109:1:-1 at gen352 Univ0 prob=0.964
AgeVaxH35.js:2293 359I x:ageGp:fam 516:3:-1 by blue 205:2:-1 at gen352 Univ0 prob=0.520
AgeVaxH35.js:2293 359I x:ageGp:fam 407:3:-1 by blue 365:3:-1 at gen352 Univ0 prob=0.911
AgeVaxH35.js:2293 359I x:ageGp:fam 423:3:-1 by blue 928:7:-1 at gen352 Univ0 prob=0.214
AgeVaxH35.js:2293 359I x:ageGp:fam 952:8:-1 by red 486:3:-1 at gen352 Univ0 prob=0.658
AgeVaxH35.js:2293 359I x:ageGp:fam 641:4:-1 by blue 492:3:-1 at gen352 Univ0 prob=0.482
AgeVaxH35.js:2293 365I x:ageGp:fam 300:2:-1 by blue 932:7:-1 at gen353 Univ0 prob=0.677
AgeVaxH35.js:2293 365I x:ageGp:fam 353:2:-1 by red 323:2:-1 at gen353 Univ0 prob=0.280
AgeVaxH35.js:2293 365I x:ageGp:fam 459:3:-1 by red 396:3:-1 at gen353 Univ0 prob=0.428
AgeVaxH35.js:2293 365I x:ageGp:fam 584:4:-1 by red 652:4:-1 at gen353 Univ0 prob=0.150
AgeVaxH35.js:2293 365I x:ageGp:fam 633:4:-1 by blue 863:6:-1 at gen353 Univ0 prob=0.371
AgeVaxH35.js:2293 372I x:ageGp:fam 345:2:-1 by blue 73:1:-1 at gen354 Univ0 prob=0.492
AgeVaxH35.js:2293 372I x:ageGp:fam 89:1:-1 by blue 505:3:-1 at gen354 Univ0 prob=0.807
AgeVaxH35.js:2293 372I x:ageGp:fam 720:5:-1 by blue 192:2:-1 at gen354 Univ0 prob=0.363
AgeVaxH35.js:2293 372I x:ageGp:fam 729:5:-1 by red 652:4:-1 at gen354 Univ0 prob=0.772
AgeVaxH35.js:2293 377I x:ageGp:fam 97:1:-1 by blue 742:5:-1 at gen355 Univ0 prob=0.507
AgeVaxH35.js:2293 377I x:ageGp:fam 830:6:-1 by blue 115:1:-1 at gen355 Univ0 prob=0.139
AgeVaxH35.js:2293 377I x:ageGp:fam 583:4:-1 by blue 180:2:-1 at gen355 Univ0 prob=0.240
AgeVaxH35.js:2293 377I x:ageGp:fam 622:4:-1 by red 743:5:-1 at gen355 Univ0 prob=0.101
AgeVaxH35.js:2293 381I x:ageGp:fam 21:0:-1 by red 835:6:-1 at gen356 Univ0 prob=0.149
AgeVaxH35.js:2293 381I x:ageGp:fam 134:2:-1 by blue 868:6:-1 at gen356 Univ0 prob=0.929
AgeVaxH35.js:2293 381I x:ageGp:fam 569:4:-1 by red 960:8:-1 at gen356 Univ0 prob=0.448
AgeVaxH35.js:2293 381I x:ageGp:fam 787:5:-1 by blue 868:6:-1 at gen356 Univ0 prob=0.283
AgeVaxH35.js:2293 385I x:ageGp:fam 112:1:-1 by red 371:3:-1 at gen357 Univ0 prob=0.143
AgeVaxH35.js:2293 385I x:ageGp:fam 560:4:-1 by red 138:2:-1 at gen357 Univ0 prob=0.562
AgeVaxH35.js:2293 385I x:ageGp:fam 601:4:-1 by red 396:3:-1 at gen357 Univ0 prob=0.817
AgeVaxH35.js:2293 385I x:ageGp:fam 461:3:-1 by blue 428:3:-1 at gen357 Univ0 prob=0.165
AgeVaxH35.js:2293 389I x:ageGp:fam 136:2:-1 by blue 192:2:-1 at gen358 Univ0 prob=0.872
AgeVaxH35.js:2293 389I x:ageGp:fam 310:2:-1 by blue 753:5:-1 at gen358 Univ0 prob=0.029
AgeVaxH35.js:2293 389I x:ageGp:fam 406:3:-1 by red 946:7:-1 at gen358 Univ0 prob=0.832
AgeVaxH35.js:2293 389I x:ageGp:fam 517:3:-1 by red 603:4:-1 at gen358 Univ0 prob=0.568
AgeVaxH35.js:2293 389I x:ageGp:fam 812:5:-1 by red 928:7:-1 at gen358 Univ0 prob=0.209
AgeVaxH35.js:2293 389I x:ageGp:fam 858:6:-1 by blue 975:8:-1 at gen358 Univ0 prob=0.238
AgeVaxH35.js:2293 393I x:ageGp:fam 237:2:-1 by blue 46:1:-1 at gen359 Univ0 prob=0.290
AgeVaxH35.js:2293 393I x:ageGp:fam 124:1:-1 by blue 588:4:-1 at gen359 Univ0 prob=0.235
AgeVaxH35.js:2293 393I x:ageGp:fam 221:2:-1 by blue 209:2:-1 at gen359 Univ0 prob=0.546
AgeVaxH35.js:2293 393I x:ageGp:fam 379:3:-1 by blue 630:4:-1 at gen359 Univ0 prob=0.788
AgeVaxH35.js:2293 399I x:ageGp:fam 155:2:-1 by blue 60:1:-1 at gen360 Univ0 prob=0.926
AgeVaxH35.js:2293 399I x:ageGp:fam 176:2:-1 by red 835:6:-1 at gen360 Univ0 prob=0.971
AgeVaxH35.js:2293 403I x:ageGp:fam 331:2:-1 by blue 17:0:-1 at gen361 Univ0 prob=0.441
AgeVaxH35.js:2293 403I x:ageGp:fam 44:1:-1 by blue 55:1:-1 at gen361 Univ0 prob=0.188
AgeVaxH35.js:2293 403I x:ageGp:fam 44:1:-1 by red 637:4:-1 at gen361 Univ0 prob=0.903
AgeVaxH35.js:2293 403I x:ageGp:fam 243:2:-1 by blue 428:3:-1 at gen361 Univ0 prob=0.663
AgeVaxH35.js:2293 405I x:ageGp:fam 99:1:-1 by blue 919:7:-1 at gen362 Univ0 prob=0.061
AgeVaxH35.js:2293 405I x:ageGp:fam 255:2:-1 by red 533:3:-1 at gen362 Univ0 prob=0.666
AgeVaxH35.js:2293 405I x:ageGp:fam 525:3:-1 by red 304:2:-1 at gen362 Univ0 prob=0.048
AgeVaxH35.js:2293 405I x:ageGp:fam 511:3:-1 by blue 821:6:-1 at gen362 Univ0 prob=0.284
AgeVaxH35.js:2293 408I x:ageGp:fam 302:2:-1 by red 106:1:-1 at gen363 Univ0 prob=0.781
AgeVaxH35.js:2293 408I x:ageGp:fam 938:7:-1 by red 339:2:-1 at gen363 Univ0 prob=0.457
AgeVaxH35.js:2293 408I x:ageGp:fam 831:6:-1 by red 841:6:-1 at gen363 Univ0 prob=0.351
AgeVaxH35.js:2293 408I x:ageGp:fam 856:6:-1 by blue 948:7:-1 at gen363 Univ0 prob=0.713
AgeVaxH35.js:2293 412I x:ageGp:fam 598:4:-1 by red 2:0:-1 at gen364 Univ0 prob=0.571
AgeVaxH35.js:2293 412I x:ageGp:fam 14:0:-1 by blue 146:2:-1 at gen364 Univ0 prob=0.471
AgeVaxH35.js:2293 412I x:ageGp:fam 418:3:-1 by red 32:0:-1 at gen364 Univ0 prob=0.317
AgeVaxH35.js:2293 412I x:ageGp:fam 774:5:-1 by blue 205:2:-1 at gen364 Univ0 prob=0.485
AgeVaxH35.js:2293 412I x:ageGp:fam 364:3:-1 by blue 537:3:-1 at gen364 Univ0 prob=0.696
AgeVaxH35.js:2293 412I x:ageGp:fam 796:5:-1 by blue 514:3:-1 at gen364 Univ0 prob=0.477
AgeVaxH35.js:2293 412I x:ageGp:fam 944:7:-1 by red 652:4:-1 at gen364 Univ0 prob=0.180
AgeVaxH35.js:2293 412I x:ageGp:fam 808:5:-1 by yellow 825:6:-1 at gen364 Univ0 prob=0.654
AgeVaxH35.js:2293 412I x:ageGp:fam 809:5:-1 by blue 897:6:-1 at gen364 Univ0 prob=0.213
AgeVaxH35.js:2293 412I x:ageGp:fam 862:6:-1 by red 841:6:-1 at gen364 Univ0 prob=0.131
AgeVaxH35.js:2293 416I x:ageGp:fam 49:1:-1 by red 324:2:-1 at gen365 Univ0 prob=0.560
AgeVaxH35.js:2293 416I x:ageGp:fam 942:7:-1 by red 246:2:-1 at gen365 Univ0 prob=0.888
AgeVaxH35.js:2293 426I x:ageGp:fam 127:1:-1 by blue 365:3:-1 at gen366 Univ0 prob=0.383
AgeVaxH35.js:2293 426I x:ageGp:fam 231:2:-1 by red 743:5:-1 at gen366 Univ0 prob=0.143
AgeVaxH35.js:2293 426I x:ageGp:fam 874:6:-1 by red 324:2:-1 at gen366 Univ0 prob=0.075
AgeVaxH35.js:2293 426I x:ageGp:fam 326:2:-1 by blue 782:5:-1 at gen366 Univ0 prob=0.157
AgeVaxH35.js:2293 428I x:ageGp:fam 149:2:-1 by blue 514:3:-1 at gen367 Univ0 prob=0.207
AgeVaxH35.js:2293 428I x:ageGp:fam 248:2:-1 by blue 740:5:-1 at gen367 Univ0 prob=0.806
AgeVaxH35.js:2293 428I x:ageGp:fam 248:2:-1 by red 764:5:-1 at gen367 Univ0 prob=0.869
AgeVaxH35.js:2293 428I x:ageGp:fam 876:6:-1 by blue 740:5:-1 at gen367 Univ0 prob=0.887
AgeVaxH35.js:2293 432I x:ageGp:fam 888:6:-1 by red 106:1:-1 at gen368 Univ0 prob=0.459
AgeVaxH35.js:2293 432I x:ageGp:fam 123:1:-1 by red 819:5:-1 at gen368 Univ0 prob=0.196
AgeVaxH35.js:2293 432I x:ageGp:fam 692:5:-1 by blue 291:2:-1 at gen368 Univ0 prob=0.172
AgeVaxH35.js:2293 435I x:ageGp:fam 151:2:-1 by blue 859:6:-1 at gen369 Univ0 prob=0.354
AgeVaxH35.js:2293 435I x:ageGp:fam 834:6:-1 by blue 782:5:-1 at gen369 Univ0 prob=0.183
AgeVaxH35.js:2293 438I x:ageGp:fam 687:4:-1 by red 20:0:-1 at gen370 Univ0 prob=0.559
AgeVaxH35.js:2293 438I x:ageGp:fam 393:3:-1 by blue 116:1:-1 at gen370 Univ0 prob=0.440
AgeVaxH35.js:2293 438I x:ageGp:fam 891:6:-1 by yellow 220:2:-1 at gen370 Univ0 prob=0.831
AgeVaxH35.js:2293 438I x:ageGp:fam 306:2:-1 by blue 948:7:-1 at gen370 Univ0 prob=0.082
AgeVaxH35.js:2293 438I x:ageGp:fam 506:3:-1 by blue 507:3:-1 at gen370 Univ0 prob=0.129
AgeVaxH35.js:2293 438I x:ageGp:fam 970:8:-1 by blue 663:4:-1 at gen370 Univ0 prob=0.404
AgeVaxH35.js:2293 438I x:ageGp:fam 855:6:-1 by blue 989:9:-1 at gen370 Univ0 prob=0.209
AgeVaxH35.js:2293 440I x:ageGp:fam 162:2:-1 by red 27:0:-1 at gen371 Univ0 prob=0.956
AgeVaxH35.js:2293 440I x:ageGp:fam 51:1:-1 by blue 146:2:-1 at gen371 Univ0 prob=0.547
AgeVaxH35.js:2293 440I x:ageGp:fam 912:7:-1 by red 540:3:-1 at gen371 Univ0 prob=0.745
AgeVaxH35.js:2293 447I x:ageGp:fam 597:4:-1 by red 32:0:-1 at gen372 Univ0 prob=0.802
AgeVaxH35.js:2293 450I x:ageGp:fam 700:5:-1 by blue 116:1:-1 at gen373 Univ0 prob=0.434
AgeVaxH35.js:2293 450I x:ageGp:fam 545:4:-1 by red 230:2:-1 at gen373 Univ0 prob=0.011
AgeVaxH35.js:2293 450I x:ageGp:fam 936:7:-1 by red 324:2:-1 at gen373 Univ0 prob=0.704
AgeVaxH35.js:2293 450I x:ageGp:fam 629:4:-1 by red 396:3:-1 at gen373 Univ0 prob=0.360
AgeVaxH35.js:2293 450I x:ageGp:fam 508:3:-1 by blue 727:5:-1 at gen373 Univ0 prob=0.795
AgeVaxH35.js:2293 450I x:ageGp:fam 877:6:-1 by red 537:3:-1 at gen373 Univ0 prob=0.868
AgeVaxH35.js:2293 450I x:ageGp:fam 594:4:-1 by blue 591:4:-1 at gen373 Univ0 prob=0.158
AgeVaxH35.js:2293 451I x:ageGp:fam 82:1:-1 by blue 444:3:-1 at gen374 Univ0 prob=0.055
AgeVaxH35.js:2293 451I x:ageGp:fam 470:3:-1 by blue 121:1:-1 at gen374 Univ0 prob=0.579
AgeVaxH35.js:2293 451I x:ageGp:fam 621:4:-1 by blue 146:2:-1 at gen374 Univ0 prob=0.866
AgeVaxH35.js:2293 451I x:ageGp:fam 158:2:-1 by red 537:3:-1 at gen374 Univ0 prob=0.886
AgeVaxH35.js:2293 451I x:ageGp:fam 961:8:-1 by blue 427:3:-1 at gen374 Univ0 prob=0.624
AgeVaxH35.js:2293 451I x:ageGp:fam 615:4:-1 by blue 884:6:-1 at gen374 Univ0 prob=0.923
AgeVaxH35.js:2293 451I x:ageGp:fam 959:8:-1 by blue 624:4:-1 at gen374 Univ0 prob=0.462
AgeVaxH35.js:2293 451I x:ageGp:fam 682:4:-1 by blue 753:5:-1 at gen374 Univ0 prob=0.661
AgeVaxH35.js:2293 458I x:ageGp:fam 43:1:-1 by blue 868:6:-1 at gen375 Univ0 prob=0.738
AgeVaxH35.js:2293 458I x:ageGp:fam 675:4:-1 by red 46:1:-1 at gen375 Univ0 prob=0.281
AgeVaxH35.js:2293 458I x:ageGp:fam 411:3:-1 by blue 539:3:-1 at gen375 Univ0 prob=0.251
AgeVaxH35.js:2293 466I x:ageGp:fam 848:6:-1 by blue 64:1:-1 at gen376 Univ0 prob=0.786
AgeVaxH35.js:2293 466I x:ageGp:fam 436:3:-1 by blue 156:2:-1 at gen376 Univ0 prob=0.891
AgeVaxH35.js:2293 469I x:ageGp:fam 113:1:-1 by blue 727:5:-1 at gen377 Univ0 prob=0.028
AgeVaxH35.js:2293 469I x:ageGp:fam 179:2:-1 by blue 122:1:-1 at gen377 Univ0 prob=0.999
AgeVaxH35.js:2293 469I x:ageGp:fam 939:7:-1 by red 398:3:-1 at gen377 Univ0 prob=0.576
AgeVaxH35.js:2293 471I x:ageGp:fam 41:1:-1 by blue 146:2:-1 at gen378 Univ0 prob=0.051
AgeVaxH35.js:2293 471I x:ageGp:fam 173:2:-1 by blue 887:6:-1 at gen378 Univ0 prob=0.287
AgeVaxH35.js:2293 471I x:ageGp:fam 693:5:-1 by blue 220:2:-1 at gen378 Univ0 prob=0.248
AgeVaxH35.js:2293 471I x:ageGp:fam 861:6:-1 by red 387:3:-1 at gen378 Univ0 prob=0.112
AgeVaxH35.js:2293 471I x:ageGp:fam 713:5:-1 by red 725:5:-1 at gen378 Univ0 prob=0.009
AgeVaxH35.js:2293 474I x:ageGp:fam 282:2:-1 by red 27:0:-1 at gen379 Univ0 prob=0.433
AgeVaxH35.js:2293 474I x:ageGp:fam 145:2:-1 by blue 604:4:-1 at gen379 Univ0 prob=0.078
AgeVaxH35.js:2293 479I x:ageGp:fam 676:4:-1 by blue 73:1:-1 at gen380 Univ0 prob=0.662
AgeVaxH35.js:2293 479I x:ageGp:fam 226:2:-1 by blue 318:2:-1 at gen380 Univ0 prob=0.018
AgeVaxH35.js:2293 479I x:ageGp:fam 996:9:-1 by red 246:2:-1 at gen380 Univ0 prob=0.628
AgeVaxH35.js:2293 479I x:ageGp:fam 361:3:-1 by blue 505:3:-1 at gen380 Univ0 prob=0.125
AgeVaxH35.js:2293 479I x:ageGp:fam 628:4:-1 by blue 564:4:-1 at gen380 Univ0 prob=0.597
AgeVaxH35.js:2293 481I x:ageGp:fam 103:1:-1 by blue 348:2:-1 at gen381 Univ0 prob=0.302
AgeVaxH35.js:2293 481I x:ageGp:fam 955:8:-1 by red 805:5:-1 at gen381 Univ0 prob=0.993
AgeVaxH35.js:2293 488I x:ageGp:fam 657:4:-1 by blue 17:0:-1 at gen383 Univ0 prob=0.592
AgeVaxH35.js:2293 488I x:ageGp:fam 245:2:-1 by blue 66:1:-1 at gen383 Univ0 prob=0.719
AgeVaxH35.js:2293 488I x:ageGp:fam 616:4:-1 by red 230:2:-1 at gen383 Univ0 prob=0.608
AgeVaxH35.js:2293 488I x:ageGp:fam 236:2:-1 by red 835:6:-1 at gen383 Univ0 prob=0.079
AgeVaxH35.js:2293 488I x:ageGp:fam 336:2:-1 by blue 884:6:-1 at gen383 Univ0 prob=0.206
AgeVaxH35.js:2293 488I x:ageGp:fam 360:3:-1 by red 339:2:-1 at gen383 Univ0 prob=0.515
AgeVaxH35.js:2293 488I x:ageGp:fam 828:6:-1 by blue 987:9:-1 at gen383 Univ0 prob=0.661
AgeVaxH35.js:2293 488I x:ageGp:fam 680:4:-1 by blue 91:1:-1 at gen384 Univ0 prob=0.432
AgeVaxH35.js:2293 488I x:ageGp:fam 797:5:-1 by blue 363:3:-1 at gen384 Univ0 prob=0.057
AgeVaxH35.js:2293 495I x:ageGp:fam 144:2:-1 by red 138:2:-1 at gen385 Univ0 prob=0.856
AgeVaxH35.js:2293 495I x:ageGp:fam 807:5:-1 by red 540:3:-1 at gen385 Univ0 prob=0.931
AgeVaxH35.js:2293 497I x:ageGp:fam 298:2:-1 by blue 116:1:-1 at gen386 Univ0 prob=0.758
AgeVaxH35.js:2293 497I x:ageGp:fam 587:4:-1 by blue 715:5:-1 at gen386 Univ0 prob=0.080
AgeVaxH35.js:2293 499I x:ageGp:fam 185:2:-1 by red 763:5:-1 at gen387 Univ0 prob=0.853
AgeVaxH35.js:2293 501I x:ageGp:fam 744:5:-1 by blue 146:2:-1 at gen388 Univ0 prob=0.857
AgeVaxH35.js:2293 501I x:ageGp:fam 722:5:-1 by blue 199:2:-1 at gen388 Univ0 prob=0.558
AgeVaxH35.js:2293 501I x:ageGp:fam 380:3:-1 by blue 437:3:-1 at gen388 Univ0 prob=0.856
AgeVaxH35.js:2293 501I x:ageGp:fam 990:9:-1 by blue 839:6:-1 at gen388 Univ0 prob=0.386
AgeVaxH35.js:2293 502I x:ageGp:fam 24:0:-1 by blue 865:6:-1 at gen389 Univ0 prob=0.892
AgeVaxH35.js:2293 502I x:ageGp:fam 104:1:-1 by blue 767:5:-1 at gen389 Univ0 prob=0.607
AgeVaxH35.js:2293 502I x:ageGp:fam 529:3:-1 by blue 444:3:-1 at gen389 Univ0 prob=0.164
AgeVaxH35.js:2293 502I x:ageGp:fam 678:4:-1 by red 580:4:-1 at gen389 Univ0 prob=0.308
AgeVaxH35.js:2293 502I x:ageGp:fam 688:4:-1 by blue 624:4:-1 at gen389 Univ0 prob=0.860
AgeVaxH35.js:2293 502I x:ageGp:fam 801:5:-1 by blue 792:5:-1 at gen389 Univ0 prob=0.417
AgeVaxH35.js:2293 506I x:ageGp:fam 152:2:-1 by blue 427:3:-1 at gen390 Univ0 prob=0.324
AgeVaxH35.js:2293 512I x:ageGp:fam 178:2:-1 by red 371:3:-1 at gen391 Univ0 prob=0.800
AgeVaxH35.js:2293 512I x:ageGp:fam 732:5:-1 by blue 260:2:-1 at gen391 Univ0 prob=0.603
AgeVaxH35.js:2293 512I x:ageGp:fam 751:5:-1 by red 350:2:-1 at gen391 Univ0 prob=0.557
AgeVaxH35.js:2293 512I x:ageGp:fam 356:2:-1 by red 514:3:-1 at gen391 Univ0 prob=0.793
AgeVaxH35.js:2293 512I x:ageGp:fam 561:4:-1 by blue 821:6:-1 at gen391 Univ0 prob=0.145
AgeVaxH35.js:2293 513I x:ageGp:fam 329:2:-1 by blue 28:0:-1 at gen392 Univ0 prob=0.235
AgeVaxH35.js:2293 513I x:ageGp:fam 921:7:-1 by red 527:3:-1 at gen392 Univ0 prob=0.833
AgeVaxH35.js:2293 513I x:ageGp:fam 721:5:-1 by blue 885:6:-1 at gen392 Univ0 prob=0.468
AgeVaxH35.js:2293 513I x:ageGp:fam 995:9:-1 by red 743:5:-1 at gen392 Univ0 prob=0.509
AgeVaxH35.js:2293 518I x:ageGp:fam 62:1:-1 by blue 96:1:-1 at gen393 Univ0 prob=0.697
AgeVaxH35.js:2293 518I x:ageGp:fam 79:1:-1 by red 669:4:-1 at gen393 Univ0 prob=0.535
AgeVaxH35.js:2293 518I x:ageGp:fam 452:3:-1 by blue 205:2:-1 at gen393 Univ0 prob=0.626
AgeVaxH35.js:2293 518I x:ageGp:fam 270:2:-1 by blue 932:7:-1 at gen393 Univ0 prob=0.416
AgeVaxH35.js:2293 518I x:ageGp:fam 279:2:-1 by red 863:6:-1 at gen393 Univ0 prob=0.266
AgeVaxH35.js:2293 518I x:ageGp:fam 355:2:-1 by blue 322:2:-1 at gen393 Univ0 prob=0.139
AgeVaxH35.js:2293 518I x:ageGp:fam 723:5:-1 by blue 865:6:-1 at gen393 Univ0 prob=0.981
AgeVaxH35.js:2293 522I x:ageGp:fam 196:2:-1 by red 115:1:-1 at gen394 Univ0 prob=0.511
AgeVaxH35.js:2293 522I x:ageGp:fam 886:6:-1 by red 480:3:-1 at gen394 Univ0 prob=0.298
AgeVaxH35.js:2293 529I x:ageGp:fam 303:2:-1 by blue 17:0:-1 at gen395 Univ0 prob=0.119
AgeVaxH35.js:2293 529I x:ageGp:fam 53:1:-1 by blue 289:2:-1 at gen395 Univ0 prob=0.549
AgeVaxH35.js:2293 529I x:ageGp:fam 892:6:-1 by blue 137:2:-1 at gen395 Univ0 prob=0.495
AgeVaxH35.js:2293 529I x:ageGp:fam 731:5:-1 by blue 348:2:-1 at gen395 Univ0 prob=0.819
AgeVaxH35.js:2293 529I x:ageGp:fam 986:9:-1 by red 571:4:-1 at gen395 Univ0 prob=0.171
AgeVaxH35.js:2293 529I x:ageGp:fam 849:6:-1 by red 642:4:-1 at gen395 Univ0 prob=0.345
AgeVaxH35.js:2293 529I x:ageGp:fam 690:5:-1 by blue 903:7:-1 at gen395 Univ0 prob=0.487
AgeVaxH35.js:2293 531I x:ageGp:fam 467:3:-1 by yellow 59:1:-1 at gen396 Univ0 prob=0.546
AgeVaxH35.js:2293 531I x:ageGp:fam 521:3:-1 by red 75:1:-1 at gen396 Univ0 prob=0.126
AgeVaxH35.js:2293 531I x:ageGp:fam 135:2:-1 by blue 239:2:-1 at gen396 Univ0 prob=0.312
AgeVaxH35.js:2293 531I x:ageGp:fam 212:2:-1 by blue 884:6:-1 at gen396 Univ0 prob=0.879
AgeVaxH35.js:2293 531I x:ageGp:fam 467:3:-1 by blue 348:2:-1 at gen396 Univ0 prob=0.035
AgeVaxH35.js:2293 531I x:ageGp:fam 661:4:-1 by red 427:3:-1 at gen396 Univ0 prob=0.472
AgeVaxH35.js:2293 538I x:ageGp:fam 558:4:-1 by red 115:1:-1 at gen397 Univ0 prob=0.257
AgeVaxH35.js:2293 538I x:ageGp:fam 499:3:-1 by blue 420:3:-1 at gen397 Univ0 prob=0.503
AgeVaxH35.js:2293 538I x:ageGp:fam 592:4:-1 by blue 439:3:-1 at gen397 Univ0 prob=0.007
AgeVaxH35.js:2293 538I x:ageGp:fam 672:4:-1 by red 635:4:-1 at gen397 Univ0 prob=0.964
AgeVaxH35.js:2293 538I x:ageGp:fam 718:5:-1 by red 635:4:-1 at gen397 Univ0 prob=0.281
AgeVaxH35.js:2293 543I x:ageGp:fam 447:3:-1 by blue 260:2:-1 at gen398 Univ0 prob=0.307
AgeVaxH35.js:2293 543I x:ageGp:fam 273:2:-1 by red 991:9:-1 at gen398 Univ0 prob=0.430
AgeVaxH35.js:2293 543I x:ageGp:fam 973:8:-1 by red 446:3:-1 at gen398 Univ0 prob=0.983
AgeVaxH35.js:2293 543I x:ageGp:fam 482:3:-1 by blue 873:6:-1 at gen398 Univ0 prob=0.782
AgeVaxH35.js:2293 548I x:ageGp:fam 234:2:-1 by blue 28:0:-1 at gen399 Univ0 prob=0.716
AgeVaxH35.js:2293 548I x:ageGp:fam 94:1:-1 by blue 727:5:-1 at gen399 Univ0 prob=0.777
AgeVaxH35.js:2293 548I x:ageGp:fam 105:1:-1 by blue 659:4:-1 at gen399 Univ0 prob=0.950
AgeVaxH35.js:2293 548I x:ageGp:fam 268:2:-1 by blue 854:6:-1 at gen399 Univ0 prob=0.059
AgeVaxH35.js:2293 548I x:ageGp:fam 308:2:-1 by blue 988:9:-1 at gen399 Univ0 prob=0.439
AgeVaxH35.js:2293 548I x:ageGp:fam 993:9:-1 by red 642:4:-1 at gen399 Univ0 prob=0.811
AgeVaxH35.js:2293 548I x:ageGp:fam 654:4:-1 by red 715:5:-1 at gen399 Univ0 prob=0.202
AgeVaxH35.js:2293 548I x:ageGp:fam 926:7:-1 by red 663:4:-1 at gen399 Univ0 prob=0.046
AgeVaxH35.js:2293 552I x:ageGp:fam 58:1:-1 by blue 884:6:-1 at gen400 Univ0 prob=0.304
AgeVaxH35.js:2293 552I x:ageGp:fam 333:2:-1 by blue 846:6:-1 at gen400 Univ0 prob=0.608
AgeVaxH35.js:2293 552I x:ageGp:fam 474:3:-1 by red 619:4:-1 at gen400 Univ0 prob=0.386
AgeVaxH35.js:2293 552I x:ageGp:fam 576:4:-1 by red 923:7:-1 at gen400 Univ0 prob=0.387
AgeVaxH35.js:2293 560I x:ageGp:fam 370:3:-1 by blue 156:2:-1 at gen401 Univ0 prob=0.372
AgeVaxH35.js:2293 560I x:ageGp:fam 980:8:-1 by blue 182:2:-1 at gen401 Univ0 prob=0.437
AgeVaxH35.js:2293 564I x:ageGp:fam 599:4:-1 by blue 119:1:-1 at gen402 Univ0 prob=0.293
AgeVaxH35.js:2293 564I x:ageGp:fam 167:2:-1 by blue 131:2:-1 at gen402 Univ0 prob=0.711
AgeVaxH35.js:2293 564I x:ageGp:fam 417:3:-1 by blue 161:2:-1 at gen402 Univ0 prob=0.254
AgeVaxH35.js:2293 564I x:ageGp:fam 554:4:-1 by red 168:2:-1 at gen402 Univ0 prob=0.747
AgeVaxH35.js:2293 564I x:ageGp:fam 510:3:-1 by blue 170:2:-1 at gen402 Univ0 prob=0.266
AgeVaxH35.js:2293 564I x:ageGp:fam 224:2:-1 by red 339:2:-1 at gen402 Univ0 prob=0.194
AgeVaxH35.js:2293 564I x:ageGp:fam 271:2:-1 by blue 685:4:-1 at gen402 Univ0 prob=0.760
AgeVaxH35.js:2293 564I x:ageGp:fam 541:4:-1 by red 714:5:-1 at gen402 Univ0 prob=0.152
AgeVaxH35.js:2293 564I x:ageGp:fam 542:4:-1 by blue 957:8:-1 at gen402 Univ0 prob=0.753
AgeVaxH35.js:2293 566I x:ageGp:fam 175:2:-1 by red 55:1:-1 at gen403 Univ0 prob=0.686
AgeVaxH35.js:2293 566I x:ageGp:fam 958:8:-1 by red 55:1:-1 at gen403 Univ0 prob=0.106
AgeVaxH35.js:2293 566I x:ageGp:fam 143:2:-1 by blue 170:2:-1 at gen403 Univ0 prob=0.539
AgeVaxH35.js:2293 566I x:ageGp:fam 187:2:-1 by blue 825:6:-1 at gen403 Univ0 prob=0.230
AgeVaxH35.js:2293 566I x:ageGp:fam 218:2:-1 by blue 519:3:-1 at gen403 Univ0 prob=0.739
AgeVaxH35.js:2293 566I x:ageGp:fam 293:2:-1 by red 225:2:-1 at gen403 Univ0 prob=0.951
AgeVaxH35.js:2293 566I x:ageGp:fam 509:3:-1 by blue 885:6:-1 at gen403 Univ0 prob=0.123
AgeVaxH35.js:2293 566I x:ageGp:fam 784:5:-1 by red 564:4:-1 at gen403 Univ0 prob=0.931
AgeVaxH35.js:2293 566I x:ageGp:fam 867:6:-1 by red 740:5:-1 at gen403 Univ0 prob=0.821
AgeVaxH35.js:2293 575I x:ageGp:fam 10:0:-1 by blue 435:3:-1 at gen404 Univ0 prob=0.301
AgeVaxH35.js:2293 575I x:ageGp:fam 10:0:-1 by blue 839:6:-1 at gen404 Univ0 prob=0.669
AgeVaxH35.js:2293 575I x:ageGp:fam 36:0:-1 by red 514:3:-1 at gen404 Univ0 prob=0.567
AgeVaxH35.js:2293 575I x:ageGp:fam 563:4:-1 by red 233:2:-1 at gen404 Univ0 prob=0.214
AgeVaxH35.js:2293 575I x:ageGp:fam 343:2:-1 by red 989:9:-1 at gen404 Univ0 prob=0.958
AgeVaxH35.js:2293 575I x:ageGp:fam 534:3:-1 by blue 999:9:-1 at gen404 Univ0 prob=0.154
AgeVaxH35.js:2293 575I x:ageGp:fam 998:9:-1 by blue 617:4:-1 at gen404 Univ0 prob=0.726
AgeVaxH35.js:2293 575I x:ageGp:fam 673:4:-1 by red 635:4:-1 at gen404 Univ0 prob=0.849
AgeVaxH35.js:2293 575I x:ageGp:fam 916:7:-1 by red 863:6:-1 at gen404 Univ0 prob=0.125
AgeVaxH35.js:2293 584I x:ageGp:fam 174:2:-1 by red 46:1:-1 at gen405 Univ0 prob=0.759
AgeVaxH35.js:2293 584I x:ageGp:fam 267:2:-1 by red 991:9:-1 at gen405 Univ0 prob=0.410
AgeVaxH35.js:2293 584I x:ageGp:fam 301:2:-1 by blue 407:3:-1 at gen405 Univ0 prob=0.019
AgeVaxH35.js:2293 584I x:ageGp:fam 362:3:-1 by blue 789:5:-1 at gen405 Univ0 prob=0.294
AgeVaxH35.js:2293 592I x:ageGp:fam 40:1:-1 by blue 96:1:-1 at gen406 Univ0 prob=0.251
AgeVaxH35.js:2293 592I x:ageGp:fam 695:5:-1 by red 60:1:-1 at gen406 Univ0 prob=0.300
AgeVaxH35.js:2293 592I x:ageGp:fam 851:6:-1 by blue 214:2:-1 at gen406 Univ0 prob=0.177
AgeVaxH35.js:2293 592I x:ageGp:fam 964:8:-1 by blue 214:2:-1 at gen406 Univ0 prob=0.092
AgeVaxH35.js:2293 592I x:ageGp:fam 929:7:-1 by red 348:2:-1 at gen406 Univ0 prob=0.067
AgeVaxH35.js:2293 592I x:ageGp:fam 798:5:-1 by blue 377:3:-1 at gen406 Univ0 prob=0.574
AgeVaxH35.js:2293 592I x:ageGp:fam 802:5:-1 by red 394:3:-1 at gen406 Univ0 prob=0.957
AgeVaxH35.js:2293 592I x:ageGp:fam 950:8:-1 by blue 435:3:-1 at gen406 Univ0 prob=0.352
AgeVaxH35.js:2293 592I x:ageGp:fam 609:4:-1 by red 527:3:-1 at gen406 Univ0 prob=0.578
AgeVaxH35.js:2293 596I x:ageGp:fam 733:5:-1 by red 32:0:-1 at gen407 Univ0 prob=0.546
AgeVaxH35.js:2293 596I x:ageGp:fam 163:2:-1 by red 571:4:-1 at gen407 Univ0 prob=0.307
AgeVaxH35.js:2293 596I x:ageGp:fam 296:2:-1 by blue 500:3:-1 at gen407 Univ0 prob=0.726
AgeVaxH35.js:2293 605I x:ageGp:fam 203:2:-1 by blue 644:4:-1 at gen408 Univ0 prob=0.578
AgeVaxH35.js:2293 608I x:ageGp:fam 257:2:-1 by blue 403:3:-1 at gen409 Univ0 prob=0.922
AgeVaxH35.js:2293 608I x:ageGp:fam 708:5:-1 by blue 976:8:-1 at gen409 Univ0 prob=0.666
AgeVaxH35.js:2293 608I x:ageGp:fam 711:5:-1 by red 919:7:-1 at gen409 Univ0 prob=0.535
AgeVaxH35.js:2293 609I x:ageGp:fam 3:0:-1 by red 520:3:-1 at gen410 Univ0 prob=0.085
AgeVaxH35.js:2293 609I x:ageGp:fam 290:2:-1 by blue 903:7:-1 at gen410 Univ0 prob=0.892
AgeVaxH35.js:2293 609I x:ageGp:fam 902:7:-1 by blue 300:2:-1 at gen410 Univ0 prob=0.495
AgeVaxH35.js:2293 609I x:ageGp:fam 442:3:-1 by blue 596:4:-1 at gen410 Univ0 prob=0.395
AgeVaxH35.js:2293 612I x:ageGp:fam 780:5:-1 by blue 156:2:-1 at gen411 Univ0 prob=0.106
AgeVaxH35.js:2293 612I x:ageGp:fam 346:2:-1 by red 205:2:-1 at gen411 Univ0 prob=0.105
AgeVaxH35.js:2293 612I x:ageGp:fam 294:2:-1 by blue 685:4:-1 at gen411 Univ0 prob=0.743
AgeVaxH35.js:2293 612I x:ageGp:fam 668:4:-1 by blue 557:4:-1 at gen411 Univ0 prob=0.511
AgeVaxH35.js:2293 612I x:ageGp:fam 790:5:-1 by red 659:4:-1 at gen411 Univ0 prob=0.528
AgeVaxH35.js:2293 616I x:ageGp:fam 72:1:-1 by blue 119:1:-1 at gen412 Univ0 prob=0.880
AgeVaxH35.js:2293 616I x:ageGp:fam 285:2:-1 by red 115:1:-1 at gen412 Univ0 prob=0.867
AgeVaxH35.js:2293 616I x:ageGp:fam 543:4:-1 by blue 981:8:-1 at gen412 Univ0 prob=0.237
AgeVaxH35.js:2293 621I x:ageGp:fam 78:1:-1 by yellow 598:4:-1 at gen413 Univ0 prob=0.720
AgeVaxH35.js:2293 621I x:ageGp:fam 80:1:-1 by blue 778:5:-1 at gen413 Univ0 prob=0.937
AgeVaxH35.js:2293 621I x:ageGp:fam 83:1:-1 by red 663:4:-1 at gen413 Univ0 prob=0.006
AgeVaxH35.js:2293 621I x:ageGp:fam 773:5:-1 by red 146:2:-1 at gen413 Univ0 prob=0.536
AgeVaxH35.js:2293 621I x:ageGp:fam 165:2:-1 by blue 585:4:-1 at gen413 Univ0 prob=0.235
AgeVaxH35.js:2293 621I x:ageGp:fam 502:3:-1 by blue 219:2:-1 at gen413 Univ0 prob=0.374
AgeVaxH35.js:2293 621I x:ageGp:fam 357:2:-1 by blue 909:7:-1 at gen413 Univ0 prob=0.637
AgeVaxH35.js:2293 624I x:ageGp:fam 25:0:-1 by red 64:1:-1 at gen414 Univ0 prob=0.611
AgeVaxH35.js:2293 624I x:ageGp:fam 719:5:-1 by blue 37:0:-1 at gen414 Univ0 prob=0.780
AgeVaxH35.js:2293 624I x:ageGp:fam 128:1:-1 by red 394:3:-1 at gen414 Univ0 prob=0.273
AgeVaxH35.js:2293 624I x:ageGp:fam 287:2:-1 by blue 434:3:-1 at gen414 Univ0 prob=0.325
AgeVaxH35.js:2293 631I x:ageGp:fam 895:6:-1 by blue 66:1:-1 at gen415 Univ0 prob=0.632
AgeVaxH35.js:2293 631I x:ageGp:fam 726:5:-1 by blue 221:2:-1 at gen415 Univ0 prob=0.793
AgeVaxH35.js:2293 631I x:ageGp:fam 351:2:-1 by red 965:8:-1 at gen415 Univ0 prob=0.249
AgeVaxH35.js:2293 631I x:ageGp:fam 953:8:-1 by red 439:3:-1 at gen415 Univ0 prob=0.561
AgeVaxH35.js:2293 631I x:ageGp:fam 815:5:-1 by red 527:3:-1 at gen415 Univ0 prob=0.475
AgeVaxH35.js:2293 631I x:ageGp:fam 847:6:-1 by red 588:4:-1 at gen415 Univ0 prob=0.893
AgeVaxH35.js:2293 631I x:ageGp:fam 811:5:-1 by blue 976:8:-1 at gen415 Univ0 prob=0.088
AgeVaxH35.js:2293 631I x:ageGp:fam 844:6:-1 by red 948:7:-1 at gen415 Univ0 prob=0.477
AgeVaxH35.js:2293 631I x:ageGp:fam 978:8:-1 by blue 911:7:-1 at gen415 Univ0 prob=0.852
AgeVaxH35.js:2293 635I x:ageGp:fam 559:4:-1 by blue 69:1:-1 at gen416 Univ0 prob=0.456
AgeVaxH35.js:2293 635I x:ageGp:fam 526:3:-1 by blue 344:2:-1 at gen416 Univ0 prob=0.339
AgeVaxH35.js:2293 635I x:ageGp:fam 549:4:-1 by red 427:3:-1 at gen416 Univ0 prob=0.877
AgeVaxH35.js:2293 635I x:ageGp:fam 908:7:-1 by red 975:8:-1 at gen416 Univ0 prob=0.931
AgeVaxH35.js:2293 644I x:ageGp:fam 813:5:-1 by blue 23:0:-1 at gen417 Univ0 prob=0.763
AgeVaxH35.js:2293 644I x:ageGp:fam 755:5:-1 by yellow 151:2:-1 at gen417 Univ0 prob=0.952
AgeVaxH35.js:2293 644I x:ageGp:fam 201:2:-1 by blue 632:4:-1 at gen417 Univ0 prob=0.132
AgeVaxH35.js:2293 644I x:ageGp:fam 204:2:-1 by red 611:4:-1 at gen417 Univ0 prob=0.465
AgeVaxH35.js:2293 644I x:ageGp:fam 829:6:-1 by blue 414:3:-1 at gen417 Univ0 prob=0.732
AgeVaxH35.js:2293 644I x:ageGp:fam 703:5:-1 by blue 600:4:-1 at gen417 Univ0 prob=0.019
AgeVaxH35.js:2293 648I x:ageGp:fam 280:2:-1 by red 169:2:-1 at gen418 Univ0 prob=0.505
AgeVaxH35.js:2293 648I x:ageGp:fam 737:5:-1 by red 209:2:-1 at gen418 Univ0 prob=0.148
AgeVaxH35.js:2293 648I x:ageGp:fam 283:2:-1 by blue 440:3:-1 at gen418 Univ0 prob=0.616
AgeVaxH35.js:2293 648I x:ageGp:fam 535:3:-1 by blue 820:5:-1 at gen418 Univ0 prob=0.604
AgeVaxH35.js:2293 648I x:ageGp:fam 838:6:-1 by blue 785:5:-1 at gen418 Univ0 prob=0.982
AgeVaxH35.js:2293 654I x:ageGp:fam 297:2:-1 by blue 86:1:-1 at gen419 Univ0 prob=0.588
AgeVaxH35.js:2293 654I x:ageGp:fam 256:2:-1 by blue 402:3:-1 at gen419 Univ0 prob=0.677
AgeVaxH35.js:2293 654I x:ageGp:fam 316:2:-1 by blue 869:6:-1 at gen419 Univ0 prob=0.822
AgeVaxH35.js:2293 654I x:ageGp:fam 905:7:-1 by red 363:3:-1 at gen419 Univ0 prob=0.917
AgeVaxH35.js:2293 654I x:ageGp:fam 914:7:-1 by blue 707:5:-1 at gen419 Univ0 prob=0.387
AgeVaxH35.js:2293 659I x:ageGp:fam 9:0:-1 by blue 26:0:-1 at gen420 Univ0 prob=0.339
AgeVaxH35.js:2293 659I x:ageGp:fam 651:4:-1 by red 32:0:-1 at gen420 Univ0 prob=0.906
AgeVaxH35.js:2293 659I x:ageGp:fam 39:0:-1 by red 156:2:-1 at gen420 Univ0 prob=0.684
AgeVaxH35.js:2293 659I x:ageGp:fam 45:1:-1 by blue 379:3:-1 at gen420 Univ0 prob=0.147
AgeVaxH35.js:2293 659I x:ageGp:fam 117:1:-1 by red 520:3:-1 at gen420 Univ0 prob=0.457
AgeVaxH35.js:2293 659I x:ageGp:fam 419:3:-1 by red 976:8:-1 at gen420 Univ0 prob=0.024
AgeVaxH35.js:2293 659I x:ageGp:fam 803:5:-1 by blue 778:5:-1 at gen420 Univ0 prob=0.716
AgeVaxH35.js:2293 664I x:ageGp:fam 100:1:-1 by blue 500:3:-1 at gen421 Univ0 prob=0.024
AgeVaxH35.js:2293 664I x:ageGp:fam 400:3:-1 by yellow 877:6:-1 at gen421 Univ0 prob=0.005
AgeVaxH35.js:2293 664I x:ageGp:fam 698:5:-1 by blue 519:3:-1 at gen421 Univ0 prob=0.443
AgeVaxH35.js:2293 671I x:ageGp:fam 211:2:-1 by blue 538:3:-1 at gen422 Univ0 prob=0.934
AgeVaxH35.js:2293 671I x:ageGp:fam 618:4:-1 by blue 869:6:-1 at gen422 Univ0 prob=0.884
AgeVaxH35.js:2293 674I x:ageGp:fam 756:5:-1 by blue 23:0:-1 at gen423 Univ0 prob=0.882
AgeVaxH35.js:2293 674I x:ageGp:fam 258:2:-1 by red 46:1:-1 at gen423 Univ0 prob=0.421
AgeVaxH35.js:2293 674I x:ageGp:fam 120:1:-1 by blue 372:3:-1 at gen423 Univ0 prob=0.403
AgeVaxH35.js:2293 674I x:ageGp:fam 369:3:-1 by yellow 629:4:-1 at gen423 Univ0 prob=0.136
AgeVaxH35.js:2293 674I x:ageGp:fam 866:6:-1 by red 439:3:-1 at gen423 Univ0 prob=0.505
AgeVaxH35.js:2293 674I x:ageGp:fam 666:4:-1 by red 590:4:-1 at gen423 Univ0 prob=0.648
AgeVaxH35.js:2293 674I x:ageGp:fam 645:4:-1 by red 898:6:-1 at gen423 Univ0 prob=0.668
AgeVaxH35.js:2293 676I x:ageGp:fam 443:3:-1 by red 239:2:-1 at gen424 Univ0 prob=0.476
AgeVaxH35.js:2293 676I x:ageGp:fam 325:2:-1 by blue 440:3:-1 at gen424 Univ0 prob=0.088
AgeVaxH35.js:2293 676I x:ageGp:fam 424:3:-1 by blue 766:5:-1 at gen424 Univ0 prob=0.554
AgeVaxH35.js:2293 676I x:ageGp:fam 424:3:-1 by blue 824:6:-1 at gen424 Univ0 prob=0.282
AgeVaxH35.js:2293 676I x:ageGp:fam 433:3:-1 by red 590:4:-1 at gen424 Univ0 prob=0.230
AgeVaxH35.js:2293 676I x:ageGp:fam 501:3:-1 by red 662:4:-1 at gen424 Univ0 prob=0.148
AgeVaxH35.js:2293 676I x:ageGp:fam 770:5:-1 by blue 511:3:-1 at gen424 Univ0 prob=0.550
AgeVaxH35.js:2293 676I x:ageGp:fam 997:9:-1 by blue 941:7:-1 at gen424 Univ0 prob=0.294
AgeVaxH35.js:2293 683I x:ageGp:fam 574:4:-1 by blue 583:4:-1 at gen425 Univ0 prob=0.145
AgeVaxH35.js:2293 690I x:ageGp:fam 311:2:-1 by blue 183:2:-1 at gen426 Univ0 prob=0.622
AgeVaxH35.js:2293 690I x:ageGp:fam 242:2:-1 by red 289:2:-1 at gen426 Univ0 prob=0.431
AgeVaxH35.js:2293 691I x:ageGp:fam 177:2:-1 by blue 23:0:-1 at gen427 Univ0 prob=0.244
AgeVaxH35.js:2293 691I x:ageGp:fam 108:1:-1 by red 590:4:-1 at gen427 Univ0 prob=0.027
AgeVaxH35.js:2293 691I x:ageGp:fam 570:4:-1 by blue 161:2:-1 at gen427 Univ0 prob=0.845
AgeVaxH35.js:2293 691I x:ageGp:fam 940:7:-1 by blue 377:3:-1 at gen427 Univ0 prob=0.285
AgeVaxH35.js:2293 691I x:ageGp:fam 968:8:-1 by blue 865:6:-1 at gen427 Univ0 prob=0.071
AgeVaxH35.js:2293 693I x:ageGp:fam 31:0:-1 by red 428:3:-1 at gen428 Univ0 prob=0.211
AgeVaxH35.js:2293 693I x:ageGp:fam 142:2:-1 by blue 459:3:-1 at gen428 Univ0 prob=0.029
AgeVaxH35.js:2293 693I x:ageGp:fam 760:5:-1 by blue 214:2:-1 at gen428 Univ0 prob=0.122
AgeVaxH35.js:2293 693I x:ageGp:fam 229:2:-1 by red 350:2:-1 at gen428 Univ0 prob=0.914
AgeVaxH35.js:2293 693I x:ageGp:fam 352:2:-1 by red 742:5:-1 at gen428 Univ0 prob=0.434
AgeVaxH35.js:2293 693I x:ageGp:fam 475:3:-1 by red 445:3:-1 at gen428 Univ0 prob=0.893
AgeVaxH35.js:2293 693I x:ageGp:fam 900:6:-1 by red 727:5:-1 at gen428 Univ0 prob=0.009
AgeVaxH35.js:2293 693I x:ageGp:fam 739:5:-1 by blue 918:7:-1 at gen428 Univ0 prob=0.153
AgeVaxH35.js:2293 698I x:ageGp:fam 550:4:-1 by blue 28:0:-1 at gen429 Univ0 prob=0.373
AgeVaxH35.js:2293 698I x:ageGp:fam 35:0:-1 by red 66:1:-1 at gen429 Univ0 prob=0.583
AgeVaxH35.js:2293 698I x:ageGp:fam 277:2:-1 by blue 555:4:-1 at gen429 Univ0 prob=0.407
AgeVaxH35.js:2293 698I x:ageGp:fam 481:3:-1 by blue 754:5:-1 at gen429 Univ0 prob=0.442
AgeVaxH35.js:2293 698I x:ageGp:fam 922:7:-1 by red 505:3:-1 at gen429 Univ0 prob=0.061
AgeVaxH35.js:2293 706I x:ageGp:fam 259:2:-1 by blue 406:3:-1 at gen430 Univ0 prob=0.803
AgeVaxH35.js:2293 706I x:ageGp:fam 683:4:-1 by blue 344:2:-1 at gen430 Univ0 prob=0.918
AgeVaxH35.js:2293 706I x:ageGp:fam 788:5:-1 by red 448:3:-1 at gen430 Univ0 prob=0.711
AgeVaxH35.js:2293 711I x:ageGp:fam 681:4:-1 by red 131:2:-1 at gen431 Univ0 prob=0.276
AgeVaxH35.js:2293 711I x:ageGp:fam 749:5:-1 by blue 222:2:-1 at gen431 Univ0 prob=0.197
AgeVaxH35.js:2293 711I x:ageGp:fam 489:3:-1 by blue 539:3:-1 at gen431 Univ0 prob=0.538
AgeVaxH35.js:2293 714I x:ageGp:fam 568:4:-1 by red 965:8:-1 at gen432 Univ0 prob=0.937
AgeVaxH35.js:2293 717I x:ageGp:fam 852:6:-1 by red 323:2:-1 at gen433 Univ0 prob=0.730
AgeVaxH35.js:2293 717I x:ageGp:fam 799:5:-1 by red 769:5:-1 at gen433 Univ0 prob=0.901
AgeVaxH35.js:2293 718I x:ageGp:fam 330:2:-1 by blue 999:9:-1 at gen434 Univ0 prob=0.015
AgeVaxH35.js:2293 718I x:ageGp:fam 907:7:-1 by blue 390:3:-1 at gen434 Univ0 prob=0.272
AgeVaxH35.js:2293 720I x:ageGp:fam 589:4:-1 by blue 86:1:-1 at gen435 Univ0 prob=0.176
AgeVaxH35.js:2293 720I x:ageGp:fam 276:2:-1 by blue 560:4:-1 at gen435 Univ0 prob=0.630
AgeVaxH35.js:2293 720I x:ageGp:fam 728:5:-1 by blue 401:3:-1 at gen435 Univ0 prob=0.592
AgeVaxH35.js:2293 720I x:ageGp:fam 728:5:-1 by red 659:4:-1 at gen435 Univ0 prob=0.897
AgeVaxH35.js:2293 722I x:ageGp:fam 1:0:-1 by blue 220:2:-1 at gen436 Univ0 prob=0.612
AgeVaxH35.js:2293 722I x:ageGp:fam 374:3:-1 by blue 22:0:-1 at gen436 Univ0 prob=0.337
AgeVaxH35.js:2293 722I x:ageGp:fam 87:1:-1 by blue 913:7:-1 at gen436 Univ0 prob=0.666
AgeVaxH35.js:2293 722I x:ageGp:fam 210:2:-1 by red 318:2:-1 at gen436 Univ0 prob=0.124
AgeVaxH35.js:2293 722I x:ageGp:fam 235:2:-1 by blue 869:6:-1 at gen436 Univ0 prob=0.754
AgeVaxH35.js:2293 722I x:ageGp:fam 931:7:-1 by blue 261:2:-1 at gen436 Univ0 prob=0.147
AgeVaxH35.js:2293 722I x:ageGp:fam 366:3:-1 by red 642:4:-1 at gen436 Univ0 prob=0.818
AgeVaxH35.js:2293 725I x:ageGp:fam 382:3:-1 by red 865:6:-1 at gen437 Univ0 prob=0.562
AgeVaxH35.js:2293 725I x:ageGp:fam 438:3:-1 by blue 936:7:-1 at gen437 Univ0 prob=0.863
AgeVaxH35.js:2293 725I x:ageGp:fam 462:3:-1 by blue 858:6:-1 at gen437 Univ0 prob=0.962
AgeVaxH35.js:2293 725I x:ageGp:fam 491:3:-1 by blue 530:3:-1 at gen437 Univ0 prob=0.355
AgeVaxH35.js:2293 725I x:ageGp:fam 992:9:-1 by blue 831:6:-1 at gen437 Univ0 prob=0.258
AgeVaxH35.js:2293 732I x:ageGp:fam 252:2:-1 by blue 147:2:-1 at gen438 Univ0 prob=0.729
AgeVaxH35.js:2293 732I x:ageGp:fam 358:2:-1 by blue 704:5:-1 at gen438 Univ0 prob=0.911
AgeVaxH35.js:2293 732I x:ageGp:fam 389:3:-1 by blue 517:3:-1 at gen438 Univ0 prob=0.836
AgeVaxH35.js:2293 732I x:ageGp:fam 984:9:-1 by blue 508:3:-1 at gen438 Univ0 prob=0.106
AgeVaxH35.js:2293 732I x:ageGp:fam 966:8:-1 by blue 768:5:-1 at gen438 Univ0 prob=0.880
AgeVaxH35.js:2293 737I x:ageGp:fam 342:2:-1 by red 7:0:-1 at gen439 Univ0 prob=0.441
AgeVaxH35.js:2293 737I x:ageGp:fam 61:1:-1 by red 648:4:-1 at gen439 Univ0 prob=0.583
AgeVaxH35.js:2293 737I x:ageGp:fam 340:2:-1 by red 427:3:-1 at gen439 Univ0 prob=0.706
AgeVaxH35.js:2293 737I x:ageGp:fam 679:4:-1 by blue 552:4:-1 at gen439 Univ0 prob=0.317
AgeVaxH35.js:2293 737I x:ageGp:fam 694:5:-1 by red 557:4:-1 at gen439 Univ0 prob=0.090
AgeVaxH35.js:2293 742I x:ageGp:fam 272:2:-1 by blue 119:1:-1 at gen440 Univ0 prob=0.991
AgeVaxH35.js:2293 742I x:ageGp:fam 130:1:-1 by blue 344:2:-1 at gen440 Univ0 prob=0.367
AgeVaxH35.js:2293 742I x:ageGp:fam 395:3:-1 by blue 255:2:-1 at gen440 Univ0 prob=0.240
AgeVaxH35.js:2293 742I x:ageGp:fam 299:2:-1 by red 523:3:-1 at gen440 Univ0 prob=0.623
AgeVaxH35.js:2293 742I x:ageGp:fam 670:4:-1 by blue 809:5:-1 at gen440 Univ0 prob=0.484
AgeVaxH35.js:2293 742I x:ageGp:fam 881:6:-1 by blue 979:8:-1 at gen440 Univ0 prob=0.128
AgeVaxH35.js:2293 747I x:ageGp:fam 347:2:-1 by blue 89:1:-1 at gen441 Univ0 prob=0.512
AgeVaxH35.js:2293 747I x:ageGp:fam 608:4:-1 by red 146:2:-1 at gen441 Univ0 prob=0.315
AgeVaxH35.js:2293 753I x:ageGp:fam 4:0:-1 by red 341:2:-1 at gen442 Univ0 prob=0.686
AgeVaxH35.js:2293 753I x:ageGp:fam 52:1:-1 by blue 974:8:-1 at gen442 Univ0 prob=0.244
AgeVaxH35.js:2293 753I x:ageGp:fam 469:3:-1 by blue 231:2:-1 at gen442 Univ0 prob=0.919
AgeVaxH35.js:2293 753I x:ageGp:fam 779:5:-1 by blue 231:2:-1 at gen442 Univ0 prob=0.970
AgeVaxH35.js:2293 753I x:ageGp:fam 786:5:-1 by red 291:2:-1 at gen442 Univ0 prob=0.437
AgeVaxH35.js:2293 753I x:ageGp:fam 493:3:-1 by blue 364:3:-1 at gen442 Univ0 prob=0.871
AgeVaxH35.js:2293 753I x:ageGp:fam 451:3:-1 by blue 830:6:-1 at gen442 Univ0 prob=0.719
AgeVaxH35.js:2293 753I x:ageGp:fam 575:4:-1 by blue 979:8:-1 at gen442 Univ0 prob=0.655
AgeVaxH35.js:2293 755I x:ageGp:fam 386:3:-1 by blue 862:6:-1 at gen443 Univ0 prob=0.584
AgeVaxH35.js:2293 755I x:ageGp:fam 937:7:-1 by red 557:4:-1 at gen443 Univ0 prob=0.452
AgeVaxH35.js:2293 755I x:ageGp:fam 567:4:-1 by red 647:4:-1 at gen443 Univ0 prob=0.773
AgeVaxH35.js:2293 755I x:ageGp:fam 750:5:-1 by red 590:4:-1 at gen443 Univ0 prob=0.883
AgeVaxH35.js:2293 755I x:ageGp:fam 684:4:-1 by blue 720:5:-1 at gen443 Univ0 prob=0.386
AgeVaxH35.js:2293 755I x:ageGp:fam 724:5:-1 by red 768:5:-1 at gen443 Univ0 prob=0.967
AgeVaxH35.js:2293 763I x:ageGp:fam 314:2:-1 by blue 69:1:-1 at gen444 Univ0 prob=0.743
AgeVaxH35.js:2293 763I x:ageGp:fam 164:2:-1 by blue 221:2:-1 at gen444 Univ0 prob=0.385
AgeVaxH35.js:2293 763I x:ageGp:fam 431:3:-1 by blue 321:2:-1 at gen444 Univ0 prob=0.496
AgeVaxH35.js:2293 763I x:ageGp:fam 671:4:-1 by red 388:3:-1 at gen444 Univ0 prob=0.039
AgeVaxH35.js:2293 763I x:ageGp:fam 490:3:-1 by blue 990:9:-1 at gen444 Univ0 prob=0.953
AgeVaxH35.js:2293 763I x:ageGp:fam 972:8:-1 by blue 524:3:-1 at gen444 Univ0 prob=0.313
AgeVaxH35.js:2293 775I x:ageGp:fam 463:3:-1 by red 222:2:-1 at gen446 Univ0 prob=0.483
AgeVaxH35.js:2293 775I x:ageGp:fam 251:2:-1 by red 948:7:-1 at gen446 Univ0 prob=0.576
AgeVaxH35.js:2293 775I x:ageGp:fam 93:1:-1 by blue 927:7:-1 at gen447 Univ0 prob=0.055
AgeVaxH35.js:2293 775I x:ageGp:fam 338:2:-1 by blue 124:1:-1 at gen447 Univ0 prob=0.709
AgeVaxH35.js:2293 775I x:ageGp:fam 415:3:-1 by red 169:2:-1 at gen447 Univ0 prob=0.071
AgeVaxH35.js:2293 775I x:ageGp:fam 636:4:-1 by blue 236:2:-1 at gen447 Univ0 prob=0.147
AgeVaxH35.js:2293 775I x:ageGp:fam 288:2:-1 by red 390:3:-1 at gen447 Univ0 prob=0.045
AgeVaxH35.js:2293 775I x:ageGp:fam 391:3:-1 by red 388:3:-1 at gen447 Univ0 prob=0.194
AgeVaxH35.js:2293 775I x:ageGp:fam 697:5:-1 by blue 629:4:-1 at gen447 Univ0 prob=0.181
AgeVaxH35.js:2293 777I x:ageGp:fam 215:2:-1 by blue 592:4:-1 at gen448 Univ0 prob=0.949
AgeVaxH35.js:2293 777I x:ageGp:fam 893:6:-1 by blue 249:2:-1 at gen448 Univ0 prob=0.367
AgeVaxH35.js:2293 784I x:ageGp:fam 74:1:-1 by red 753:5:-1 at gen449 Univ0 prob=0.893
AgeVaxH35.js:2293 784I x:ageGp:fam 586:4:-1 by red 635:4:-1 at gen449 Univ0 prob=0.722
AgeVaxH35.js:2293 788I x:ageGp:fam 730:5:-1 by red 26:0:-1 at gen451 Univ0 prob=0.793
AgeVaxH35.js:2293 788I x:ageGp:fam 98:1:-1 by blue 195:2:-1 at gen451 Univ0 prob=0.944
AgeVaxH35.js:2293 788I x:ageGp:fam 553:4:-1 by blue 538:3:-1 at gen451 Univ0 prob=0.185
AgeVaxH35.js:2293 788I x:ageGp:fam 455:3:-1 by red 7:0:-1 at gen452 Univ0 prob=0.939
AgeVaxH35.js:2293 788I x:ageGp:fam 228:2:-1 by blue 302:2:-1 at gen452 Univ0 prob=0.292
AgeVaxH35.js:2293 788I x:ageGp:fam 315:2:-1 by blue 244:2:-1 at gen452 Univ0 prob=0.410
AgeVaxH35.js:2293 788I x:ageGp:fam 465:3:-1 by blue 459:3:-1 at gen452 Univ0 prob=0.224
AgeVaxH35.js:2293 791I x:ageGp:fam 487:3:-1 by red 116:1:-1 at gen453 Univ0 prob=0.026
AgeVaxH35.js:2293 791I x:ageGp:fam 857:6:-1 by red 119:1:-1 at gen453 Univ0 prob=0.832
AgeVaxH35.js:2293 791I x:ageGp:fam 139:2:-1 by blue 393:3:-1 at gen453 Univ0 prob=0.076
AgeVaxH35.js:2293 791I x:ageGp:fam 253:2:-1 by blue 996:9:-1 at gen453 Univ0 prob=0.259
AgeVaxH35.js:2293 791I x:ageGp:fam 853:6:-1 by blue 306:2:-1 at gen453 Univ0 prob=0.083
AgeVaxH35.js:2293 791I x:ageGp:fam 762:5:-1 by blue 508:3:-1 at gen453 Univ0 prob=0.632
AgeVaxH35.js:2293 791I x:ageGp:fam 602:4:-1 by blue 952:8:-1 at gen453 Univ0 prob=0.896
AgeVaxH35.js:2293 791I x:ageGp:fam 872:6:-1 by blue 996:9:-1 at gen453 Univ0 prob=0.498
AgeVaxH35.js:2293 795I x:ageGp:fam 110:1:-1 by blue 21:0:-1 at gen454 Univ0 prob=0.475
AgeVaxH35.js:2293 795I x:ageGp:fam 38:0:-1 by blue 970:8:-1 at gen454 Univ0 prob=0.153
AgeVaxH35.js:2293 795I x:ageGp:fam 125:1:-1 by blue 911:7:-1 at gen454 Univ0 prob=0.964
AgeVaxH35.js:2293 795I x:ageGp:fam 381:3:-1 by blue 298:2:-1 at gen454 Univ0 prob=0.248
AgeVaxH35.js:2293 795I x:ageGp:fam 412:3:-1 by red 401:3:-1 at gen454 Univ0 prob=0.570
AgeVaxH35.js:2293 795I x:ageGp:fam 746:5:-1 by blue 470:3:-1 at gen454 Univ0 prob=0.766
AgeVaxH35.js:2293 803I x:ageGp:fam 54:1:-1 by blue 633:4:-1 at gen455 Univ0 prob=0.891
AgeVaxH35.js:2293 809I x:ageGp:fam 579:4:-1 by blue 331:2:-1 at gen456 Univ0 prob=0.483
AgeVaxH35.js:2293 809I x:ageGp:fam 833:6:-1 by blue 418:3:-1 at gen456 Univ0 prob=0.831
AgeVaxH35.js:2293 809I x:ageGp:fam 906:7:-1 by blue 958:8:-1 at gen456 Univ0 prob=0.556
AgeVaxH35.js:2293 810I x:ageGp:fam 68:1:-1 by red 624:4:-1 at gen457 Univ0 prob=0.105
AgeVaxH35.js:2293 810I x:ageGp:fam 206:2:-1 by blue 672:4:-1 at gen457 Univ0 prob=0.688
AgeVaxH35.js:2293 810I x:ageGp:fam 266:2:-1 by blue 633:4:-1 at gen457 Univ0 prob=0.154
AgeVaxH35.js:2293 810I x:ageGp:fam 468:3:-1 by blue 326:2:-1 at gen457 Univ0 prob=0.411
AgeVaxH35.js:2293 810I x:ageGp:fam 924:7:-1 by red 903:7:-1 at gen457 Univ0 prob=0.811
AgeVaxH35.js:2293 813I x:ageGp:fam 430:3:-1 by blue 151:2:-1 at gen458 Univ0 prob=0.179
AgeVaxH35.js:2293 813I x:ageGp:fam 194:2:-1 by red 776:5:-1 at gen458 Univ0 prob=0.651
AgeVaxH35.js:2293 813I x:ageGp:fam 870:6:-1 by blue 298:2:-1 at gen458 Univ0 prob=0.201
AgeVaxH35.js:2293 813I x:ageGp:fam 883:6:-1 by blue 331:2:-1 at gen458 Univ0 prob=0.815
AgeVaxH35.js:2293 813I x:ageGp:fam 483:3:-1 by blue 867:6:-1 at gen458 Univ0 prob=0.733
AgeVaxH35.js:2293 813I x:ageGp:fam 536:3:-1 by red 778:5:-1 at gen458 Univ0 prob=0.988
AgeVaxH35.js:2293 813I x:ageGp:fam 882:6:-1 by blue 888:6:-1 at gen458 Univ0 prob=0.535
AgeVaxH35.js:2293 818I x:ageGp:fam 532:3:-1 by blue 51:1:-1 at gen459 Univ0 prob=0.925
AgeVaxH35.js:2293 818I x:ageGp:fam 454:3:-1 by blue 123:1:-1 at gen459 Univ0 prob=0.003
AgeVaxH35.js:2293 818I x:ageGp:fam 126:1:-1 by red 445:3:-1 at gen459 Univ0 prob=0.115
AgeVaxH35.js:2293 818I x:ageGp:fam 614:4:-1 by blue 986:9:-1 at gen459 Univ0 prob=0.583
AgeVaxH35.js:2293 825I x:ageGp:fam 133:2:-1 by red 26:0:-1 at gen460 Univ0 prob=0.791
AgeVaxH35.js:2293 825I x:ageGp:fam 67:1:-1 by blue 461:3:-1 at gen460 Univ0 prob=0.435
AgeVaxH35.js:2293 825I x:ageGp:fam 977:8:-1 by red 208:2:-1 at gen460 Univ0 prob=0.436
AgeVaxH35.js:2293 825I x:ageGp:fam 413:3:-1 by red 390:3:-1 at gen460 Univ0 prob=0.856
AgeVaxH35.js:2293 829I x:ageGp:fam 450:3:-1 by blue 136:2:-1 at gen461 Univ0 prob=0.526
AgeVaxH35.js:2293 829I x:ageGp:fam 188:2:-1 by red 445:3:-1 at gen461 Univ0 prob=0.622
AgeVaxH35.js:2293 833I x:ageGp:fam 985:9:-1 by blue 179:2:-1 at gen462 Univ0 prob=0.763
AgeVaxH35.js:2293 835I x:ageGp:fam 29:0:-1 by blue 729:5:-1 at gen463 Univ0 prob=0.772
AgeVaxH35.js:2293 835I x:ageGp:fam 111:1:-1 by red 736:5:-1 at gen463 Univ0 prob=0.244
AgeVaxH35.js:2293 835I x:ageGp:fam 274:2:-1 by blue 336:2:-1 at gen463 Univ0 prob=0.583
AgeVaxH35.js:2293 836I x:ageGp:fam 5:0:-1 by blue 356:2:-1 at gen464 Univ0 prob=0.298
AgeVaxH35.js:2293 836I x:ageGp:fam 129:1:-1 by red 706:5:-1 at gen464 Univ0 prob=0.481
AgeVaxH35.js:2293 836I x:ageGp:fam 581:4:-1 by blue 380:3:-1 at gen464 Univ0 prob=0.674
AgeVaxH35.js:2293 836I x:ageGp:fam 385:3:-1 by blue 555:4:-1 at gen464 Univ0 prob=0.712
AgeVaxH35.js:2293 836I x:ageGp:fam 845:6:-1 by red 539:3:-1 at gen464 Univ0 prob=0.972
AgeVaxH35.js:2293 836I x:ageGp:fam 934:7:-1 by red 767:5:-1 at gen464 Univ0 prob=0.187
AgeVaxH35.js:2293 839I x:ageGp:fam 11:0:-1 by blue 678:4:-1 at gen465 Univ0 prob=0.289
AgeVaxH35.js:2293 839I x:ageGp:fam 896:6:-1 by blue 298:2:-1 at gen465 Univ0 prob=0.923
AgeVaxH35.js:2293 839I x:ageGp:fam 623:4:-1 by red 327:2:-1 at gen465 Univ0 prob=0.389
AgeVaxH35.js:2293 839I x:ageGp:fam 712:5:-1 by yellow 847:6:-1 at gen465 Univ0 prob=0.347
AgeVaxH35.js:2293 845I x:ageGp:fam 826:6:-1 by blue 80:1:-1 at gen466 Univ0 prob=0.713
AgeVaxH35.js:2293 845I x:ageGp:fam 359:3:-1 by blue 942:7:-1 at gen466 Univ0 prob=0.922
AgeVaxH35.js:2293 845I x:ageGp:fam 367:3:-1 by red 903:7:-1 at gen466 Univ0 prob=0.217
AgeVaxH35.js:2293 845I x:ageGp:fam 656:4:-1 by red 604:4:-1 at gen466 Univ0 prob=0.052
AgeVaxH35.js:2293 849I x:ageGp:fam 457:3:-1 by blue 959:8:-1 at gen467 Univ0 prob=0.711
AgeVaxH35.js:2293 849I x:ageGp:fam 752:5:-1 by red 859:6:-1 at gen467 Univ0 prob=0.558
AgeVaxH35.js:2293 853I x:ageGp:fam 967:8:-1 by blue 99:1:-1 at gen468 Univ0 prob=0.856
AgeVaxH35.js:2293 853I x:ageGp:fam 207:2:-1 by red 183:2:-1 at gen468 Univ0 prob=0.590
AgeVaxH35.js:2293 853I x:ageGp:fam 307:2:-1 by blue 801:5:-1 at gen468 Univ0 prob=0.408
AgeVaxH35.js:2293 855I x:ageGp:fam 18:0:-1 by blue 996:9:-1 at gen469 Univ0 prob=0.989
AgeVaxH35.js:2293 855I x:ageGp:fam 232:2:-1 by red 658:4:-1 at gen469 Univ0 prob=0.673
AgeVaxH35.js:2293 855I x:ageGp:fam 238:2:-1 by red 515:3:-1 at gen469 Univ0 prob=0.916
AgeVaxH35.js:2293 855I x:ageGp:fam 254:2:-1 by red 664:4:-1 at gen469 Univ0 prob=0.339
AgeVaxH35.js:2293 855I x:ageGp:fam 449:3:-1 by red 742:5:-1 at gen469 Univ0 prob=0.104
AgeVaxH35.js:2293 855I x:ageGp:fam 626:4:-1 by blue 682:4:-1 at gen469 Univ0 prob=0.029
AgeVaxH35.js:2293 858I x:ageGp:fam 665:4:-1 by red 122:1:-1 at gen470 Univ0 prob=0.514
AgeVaxH35.js:2293 858I x:ageGp:fam 761:5:-1 by blue 678:4:-1 at gen470 Univ0 prob=0.621
AgeVaxH35.js:2293 864I x:ageGp:fam 56:1:-1 by blue 851:6:-1 at gen471 Univ0 prob=0.470
AgeVaxH35.js:2293 864I x:ageGp:fam 319:2:-1 by blue 892:6:-1 at gen471 Univ0 prob=0.308
AgeVaxH35.js:2293 864I x:ageGp:fam 806:5:-1 by red 767:5:-1 at gen471 Univ0 prob=0.470
AgeVaxH35.js:2293 869I x:ageGp:fam 70:1:-1 by red 403:3:-1 at gen473 Univ0 prob=0.371
AgeVaxH35.js:2293 869I x:ageGp:fam 548:4:-1 by red 880:6:-1 at gen473 Univ0 prob=0.637
AgeVaxH35.js:2293 869I x:ageGp:fam 982:9:-1 by red 825:6:-1 at gen474 Univ0 prob=0.089
AgeVaxH35.js:2293 871I x:ageGp:fam 90:1:-1 by red 503:3:-1 at gen475 Univ0 prob=0.520
AgeVaxH35.js:2293 873I x:ageGp:fam 198:2:-1 by blue 178:2:-1 at gen477 Univ0 prob=0.239
AgeVaxH35.js:2293 873I x:ageGp:fam 425:3:-1 by blue 311:2:-1 at gen477 Univ0 prob=0.358
AgeVaxH35.js:2293 873I x:ageGp:fam 582:4:-1 by red 275:2:-1 at gen478 Univ0 prob=0.145
AgeVaxH35.js:2293 873I x:ageGp:fam 705:5:-1 by red 289:2:-1 at gen478 Univ0 prob=0.682
AgeVaxH35.js:2293 873I x:ageGp:fam 610:4:-1 by blue 380:3:-1 at gen478 Univ0 prob=0.468
AgeVaxH35.js:2293 873I x:ageGp:fam 735:5:-1 by blue 798:5:-1 at gen478 Univ0 prob=0.104
AgeVaxH35.js:2293 873I x:ageGp:fam 949:8:-1 by blue 986:9:-1 at gen478 Univ0 prob=0.191
AgeVaxH35.js:2293 875I x:ageGp:fam 263:2:-1 by red 96:1:-1 at gen479 Univ0 prob=0.894
AgeVaxH35.js:2293 875I x:ageGp:fam 101:1:-1 by blue 892:6:-1 at gen479 Univ0 prob=0.994
AgeVaxH35.js:2293 875I x:ageGp:fam 197:2:-1 by blue 144:2:-1 at gen479 Univ0 prob=0.731
AgeVaxH35.js:2293 880I x:ageGp:fam 577:4:-1 by blue 713:5:-1 at gen480 Univ0 prob=0.282
AgeVaxH35.js:2293 880I x:ageGp:fam 620:4:-1 by blue 680:4:-1 at gen480 Univ0 prob=0.965
AgeVaxH35.js:2293 883I x:ageGp:fam 334:2:-1 by red 345:2:-1 at gen481 Univ0 prob=0.699
AgeVaxH35.js:2293 883I x:ageGp:fam 925:7:-1 by red 496:3:-1 at gen481 Univ0 prob=0.616
AgeVaxH35.js:2293 885I x:ageGp:fam 640:4:-1 by blue 40:1:-1 at gen482 Univ0 prob=0.746
AgeVaxH35.js:2293 885I x:ageGp:fam 426:3:-1 by red 979:8:-1 at gen482 Univ0 prob=0.753
AgeVaxH35.js:2293 885I x:ageGp:fam 606:4:-1 by red 644:4:-1 at gen482 Univ0 prob=0.585
AgeVaxH35.js:2293 887I x:ageGp:fam 875:6:-1 by blue 737:5:-1 at gen483 Univ0 prob=0.552
AgeVaxH35.js:2293 890I x:ageGp:fam 565:4:-1 by blue 661:4:-1 at gen484 Univ0 prob=0.154
AgeVaxH35.js:2293 891I x:ageGp:fam 141:2:-1 by blue 749:5:-1 at gen485 Univ0 prob=0.400
AgeVaxH35.js:2293 891I x:ageGp:fam 696:5:-1 by blue 780:5:-1 at gen485 Univ0 prob=0.141
AgeVaxH35.js:2293 892I x:ageGp:fam 734:5:-1 by blue 380:3:-1 at gen486 Univ0 prob=0.438
AgeVaxH35.js:2293 892I x:ageGp:fam 840:6:-1 by blue 955:8:-1 at gen486 Univ0 prob=0.416
AgeVaxH35.js:2293 894I x:ageGp:fam 945:7:-1 by blue 53:1:-1 at gen487 Univ0 prob=0.425
AgeVaxH35.js:2293 896I x:ageGp:fam 551:4:-1 by red 22:0:-1 at gen488 Univ0 prob=0.968
AgeVaxH35.js:2293 896I x:ageGp:fam 88:1:-1 by blue 996:9:-1 at gen488 Univ0 prob=0.031
AgeVaxH35.js:2293 897I x:ageGp:fam 709:5:-1 by blue 245:2:-1 at gen489 Univ0 prob=0.112
AgeVaxH35.js:2293 899I x:ageGp:fam 85:1:-1 by blue 210:2:-1 at gen490 Univ0 prob=0.988
AgeVaxH35.js:2293 899I x:ageGp:fam 504:3:-1 by red 248:2:-1 at gen490 Univ0 prob=0.962
AgeVaxH35.js:2293 899I x:ageGp:fam 250:2:-1 by blue 346:2:-1 at gen490 Univ0 prob=0.891
AgeVaxH35.js:2293 899I x:ageGp:fam 488:3:-1 by red 862:6:-1 at gen490 Univ0 prob=0.186
AgeVaxH35.js:2293 900I x:ageGp:fam 57:1:-1 by blue 813:5:-1 at gen491 Univ0 prob=0.870
AgeVaxH35.js:2293 900I x:ageGp:fam 378:3:-1 by red 275:2:-1 at gen491 Univ0 prob=0.787
AgeVaxH35.js:2293 904I x:ageGp:fam 42:1:-1 by red 774:5:-1 at gen492 Univ0 prob=0.801
AgeVaxH35.js:2293 904I x:ageGp:fam 951:8:-1 by red 884:6:-1 at gen492 Univ0 prob=0.240
AgeVaxH35.js:2293 906I x:ageGp:fam 562:4:-1 by red 227:2:-1 at gen493 Univ0 prob=0.546
AgeVaxH35.js:2293 909I x:ageGp:fam 16:0:-1 by blue 592:4:-1 at gen495 Univ0 prob=0.115
AgeVaxH35.js:2293 909I x:ageGp:fam 193:2:-1 by blue 828:6:-1 at gen495 Univ0 prob=0.539
AgeVaxH35.js:2293 909I x:ageGp:fam 278:2:-1 by red 506:3:-1 at gen495 Univ0 prob=0.296
AgeVaxH35.js:2293 912I x:ageGp:fam 184:2:-1 by blue 218:2:-1 at gen497 Univ0 prob=0.025
AgeVaxH35.js:2293 912I x:ageGp:fam 328:2:-1 by blue 711:5:-1 at gen498 Univ0 prob=0.359
AgeVaxH35.js:2293 914I x:ageGp:fam 573:4:-1 by blue 201:2:-1 at gen501 Univ0 prob=0.280
AgeVaxH35.js:2293 914I x:ageGp:fam 422:3:-1 by blue 921:7:-1 at gen501 Univ0 prob=0.429
AgeVaxH35.js:2293 914I x:ageGp:fam 76:1:-1 by red 77:1:-1 at gen502 Univ0 prob=0.101
AgeVaxH35.js:2293 916I x:ageGp:fam 781:5:-1 by red 147:2:-1 at gen503 Univ0 prob=0.400
AgeVaxH35.js:2293 916I x:ageGp:fam 994:9:-1 by red 766:5:-1 at gen503 Univ0 prob=0.485
AgeVaxH35.js:2293 917I x:ageGp:fam 933:7:-1 by red 181:2:-1 at gen504 Univ0 prob=0.563
AgeVaxH35.js:2293 917I x:ageGp:fam 745:5:-1 by red 793:5:-1 at gen504 Univ0 prob=0.113
AgeVaxH35.js:2293 919I x:ageGp:fam 354:2:-1 by red 628:4:-1 at gen505 Univ0 prob=0.619
AgeVaxH35.js:2293 921I x:ageGp:fam 202:2:-1 by blue 733:5:-1 at gen506 Univ0 prob=0.191
AgeVaxH35.js:2293 921I x:ageGp:fam 531:3:-1 by blue 756:5:-1 at gen506 Univ0 prob=0.962
AgeVaxH35.js:2293 924I x:ageGp:fam 456:3:-1 by red 286:2:-1 at gen508 Univ0 prob=0.041
AgeVaxH35.js:2293 924I x:ageGp:fam 292:2:-1 by blue 788:5:-1 at gen508 Univ0 prob=0.478
AgeVaxH35.js:2293 924I x:ageGp:fam 154:2:-1 by blue 343:2:-1 at gen509 Univ0 prob=0.769
AgeVaxH35.js:2293 924I x:ageGp:fam 613:4:-1 by blue 298:2:-1 at gen509 Univ0 prob=0.966
AgeVaxH35.js:2293 928I x:ageGp:fam 217:2:-1 by red 321:2:-1 at gen511 Univ0 prob=0.996
AgeVaxH35.js:2293 928I x:ageGp:fam 827:6:-1 by red 414:3:-1 at gen511 Univ0 prob=0.741
AgeVaxH35.js:2293 928I x:ageGp:fam 757:5:-1 by blue 724:5:-1 at gen511 Univ0 prob=0.888
AgeVaxH35.js:2293 928I x:ageGp:fam 166:2:-1 by red 721:5:-1 at gen512 Univ0 prob=0.093
AgeVaxH35.js:2293 928I x:ageGp:fam 405:3:-1 by red 820:5:-1 at gen512 Univ0 prob=0.786
AgeVaxH35.js:2293 928I x:ageGp:fam 842:6:-1 by red 496:3:-1 at gen512 Univ0 prob=0.556
AgeVaxH35.js:2293 934I x:ageGp:fam 63:1:-1 by red 729:5:-1 at gen515 Univ0 prob=0.627
AgeVaxH35.js:2293 934I x:ageGp:fam 140:2:-1 by blue 271:2:-1 at gen515 Univ0 prob=0.732
AgeVaxH35.js:2293 934I x:ageGp:fam 701:5:-1 by red 768:5:-1 at gen516 Univ0 prob=0.154
AgeVaxH35.js:2293 936I x:ageGp:fam 19:0:-1 by blue 273:2:-1 at gen517 Univ0 prob=0.806
AgeVaxH35.js:2293 936I x:ageGp:fam 19:0:-1 by blue 563:4:-1 at gen517 Univ0 prob=0.426
AgeVaxH35.js:2293 936I x:ageGp:fam 804:5:-1 by red 601:4:-1 at gen517 Univ0 prob=0.847
AgeVaxH35.js:2293 937I x:ageGp:fam 771:5:-1 by blue 902:7:-1 at gen518 Univ0 prob=0.415
AgeVaxH35.js:2293 939I x:ageGp:fam 625:4:-1 by red 136:2:-1 at gen519 Univ0 prob=0.003
AgeVaxH35.js:2293 939I x:ageGp:fam 650:4:-1 by red 990:9:-1 at gen519 Univ0 prob=0.965
AgeVaxH35.js:2293 942I x:ageGp:fam 471:3:-1 by red 361:3:-1 at gen521 Univ0 prob=0.990
AgeVaxH35.js:2293 943I x:ageGp:fam 758:5:-1 by red 249:2:-1 at gen525 Univ0 prob=0.272
AgeVaxH35.js:2293 943I x:ageGp:fam 783:5:-1 by blue 449:3:-1 at gen525 Univ0 prob=0.956
AgeVaxH35.js:2293 945I x:ageGp:fam 313:2:-1 by red 990:9:-1 at gen527 Univ0 prob=0.213
AgeVaxH35.js:2293 945I x:ageGp:fam 429:3:-1 by blue 315:2:-1 at gen527 Univ0 prob=0.653
AgeVaxH35.js:2293 945I x:ageGp:fam 777:5:-1 by red 40:1:-1 at gen528 Univ0 prob=0.660
AgeVaxH35.js:2293 945I x:ageGp:fam 889:6:-1 by red 423:3:-1 at gen528 Univ0 prob=0.044
AgeVaxH35.js:2293 945I x:ageGp:fam 935:7:-1 by red 892:6:-1 at gen528 Univ0 prob=0.653
AgeVaxH35.js:2293 947I x:ageGp:fam 216:2:-1 by blue 342:2:-1 at gen529 Univ0 prob=0.302
AgeVaxH35.js:2293 947I x:ageGp:fam 890:6:-1 by red 298:2:-1 at gen529 Univ0 prob=0.070
AgeVaxH35.js:2293 950I x:ageGp:fam 241:2:-1 by red 874:6:-1 at gen530 Univ0 prob=0.705
AgeVaxH35.js:2293 953I x:ageGp:fam 794:5:-1 by blue 833:6:-1 at gen532 Univ0 prob=0.721
AgeVaxH35.js:2293 953I x:ageGp:fam 65:1:-1 by red 234:2:-1 at gen533 Univ0 prob=0.495
AgeVaxH35.js:2293 953I x:ageGp:fam 416:3:-1 by red 187:2:-1 at gen533 Univ0 prob=0.828
AgeVaxH35.js:2293 953I x:ageGp:fam 404:3:-1 by blue 666:4:-1 at gen533 Univ0 prob=0.922
AgeVaxH35.js:2293 953I x:ageGp:fam 631:4:-1 by red 690:5:-1 at gen533 Univ0 prob=0.540
AgeVaxH35.js:2293 958I x:ageGp:fam 408:3:-1 by red 236:2:-1 at gen535 Univ0 prob=0.117
AgeVaxH35.js:2293 958I x:ageGp:fam 930:7:-1 by red 599:4:-1 at gen535 Univ0 prob=0.589
AgeVaxH35.js:2293 958I x:ageGp:fam 899:6:-1 by red 942:7:-1 at gen535 Univ0 prob=0.969
AgeVaxH35.js:2293 958I x:ageGp:fam 837:6:-1 by red 296:2:-1 at gen536 Univ0 prob=0.267
AgeVaxH35.js:2293 958I x:ageGp:fam 556:4:-1 by blue 985:9:-1 at gen536 Univ0 prob=0.484
AgeVaxH35.js:2293 963I x:ageGp:fam 638:4:-1 by red 218:2:-1 at gen539 Univ0 prob=0.275
AgeVaxH35.js:2293 963I x:ageGp:fam 607:4:-1 by blue 108:1:-1 at gen540 Univ0 prob=0.018
AgeVaxH35.js:2293 963I x:ageGp:fam 738:5:-1 by blue 845:6:-1 at gen540 Univ0 prob=0.859
AgeVaxH35.js:2293 966I x:ageGp:fam 765:5:-1 by red 952:8:-1 at gen542 Univ0 prob=0.512
AgeVaxH35.js:2293 966I x:ageGp:fam 843:6:-1 by yellow 278:2:-1 at gen543 Univ0 prob=0.982
AgeVaxH35.js:2293 967I x:ageGp:fam 823:6:-1 by red 53:1:-1 at gen544 Univ0 prob=0.276
AgeVaxH35.js:2293 967I x:ageGp:fam 822:6:-1 by blue 391:3:-1 at gen544 Univ0 prob=0.294
AgeVaxH35.js:2293 967I x:ageGp:fam 860:6:-1 by red 747:5:-1 at gen544 Univ0 prob=0.159
AgeVaxH35.js:2293 968I x:ageGp:fam 643:4:-1 by red 718:5:-1 at gen545 Univ0 prob=0.362
AgeVaxH35.js:2293 971I x:ageGp:fam 699:5:-1 by red 720:5:-1 at gen546 Univ0 prob=0.266
AgeVaxH35.js:2293 973I x:ageGp:fam 15:0:-1 by blue 931:7:-1 at gen550 Univ0 prob=0.438
AgeVaxH35.js:2293 973I x:ageGp:fam 48:1:-1 by red 737:5:-1 at gen550 Univ0 prob=0.601
AgeVaxH35.js:2293 973I x:ageGp:fam 189:2:-1 by blue 536:3:-1 at gen550 Univ0 prob=0.669
AgeVaxH35.js:2293 976I x:ageGp:fam 186:2:-1 by red 72:1:-1 at gen557 Univ0 prob=0.256
AgeVaxH35.js:2293 977I x:ageGp:fam 655:4:-1 by red 152:2:-1 at gen560 Univ0 prob=0.373
AgeVaxH35.js:2293 977I x:ageGp:fam 262:2:-1 by red 907:7:-1 at gen560 Univ0 prob=0.964
AgeVaxH35.js:2293 977I x:ageGp:fam 472:3:-1 by red 145:2:-1 at gen561 Univ0 prob=0.964
AgeVaxH35.js:2293 979I x:ageGp:fam 373:3:-1 by red 724:5:-1 at gen562 Univ0 prob=0.423
AgeVaxH35.js:2293 981I x:ageGp:fam 971:8:-1 by red 301:2:-1 at gen564 Univ0 prob=0.649
AgeVaxH35.js:2293 981I x:ageGp:fam 477:3:-1 by red 329:2:-1 at gen564 Univ0 prob=0.606
AgeVaxH35.js:2293 981I x:ageGp:fam 947:7:-1 by red 609:4:-1 at gen565 Univ0 prob=0.491
AgeVaxH35.js:2293 984I x:ageGp:fam 153:2:-1 by red 908:7:-1 at gen570 Univ0 prob=0.059
AgeVaxH35.js:2293 984I x:ageGp:fam 269:2:-1 by red 436:3:-1 at gen570 Univ0 prob=0.972
AgeVaxH35.js:2293 986I x:ageGp:fam 528:3:-1 by red 462:3:-1 at gen577 Univ0 prob=0.891
AgeVaxH35.js:2293 987I x:ageGp:fam 309:2:-1 by red 346:2:-1 at gen579 Univ0 prob=0.435
AgeVaxH35.js:2293 987I x:ageGp:fam 497:3:-1 by red 594:4:-1 at gen579 Univ0 prob=0.491
AgeVaxH35.js:2293 987I x:ageGp:fam 337:2:-1 by red 389:3:-1 at gen580 Univ0 prob=0.641
AgeVaxH35.js:2293 989I x:ageGp:fam 702:5:-1 by red 35:0:-1 at gen581 Univ0 prob=0.919
AgeVaxH35.js:2293 991I x:ageGp:fam 159:2:-1 by red 207:2:-1 at gen592 Univ0 prob=0.669
AgeVaxH35.js:2293 992I x:ageGp:fam 33:0:-1 by blue 625:4:-1 at gen595 Univ0 prob=0.082
AgeVaxH35.js:2293 992I x:ageGp:fam 677:4:-1 by red 872:6:-1 at gen595 Univ0 prob=0.011
AgeVaxH35.js:2293 994I x:ageGp:fam 674:4:-1 by red 550:4:-1 at gen600 Univ0 prob=0.561
AgeVaxH35.js:2293 995I x:ageGp:fam 512:3:-1 by red 872:6:-1 at gen617 Univ0 prob=0.196
AgeVaxH35.js:2293 996I x:ageGp:fam 800:5:-1 by red 431:3:-1 at gen624 Univ0 prob=0.083
AgeVaxH35.js:2293 997I x:ageGp:fam 148:2:-1 by red 206:2:-1 at gen656 Univ0 prob=0.022
