Some messages have been moved to the Issues panel.
AgeVaxH35.js:871 Sat Jan 23 2021 09:56:20 GMT-0800 (Pacific Standard Time)
AgeVaxH35.js:872 CovidSIMVL Mode1 and Mod2 Hybrid 35d
AgeVaxH35.js:873 Mode 1 >13 and <36 is 75%
AgeVaxH35.js:874 Mode 2 >28 is 95%; >13 and <29 is 75%
AgeVaxH35.js:4454 exit covidSim
AgeVaxH35.js:23 getAsText File {name: "Popn1000.csv", lastModified: 1611021598000, lastModifiedDate: Mon Jan 18 2021 17:59:58 GMT-0800 (Pacific Standard Time), webkitRelativePath: "", size: 23944, …}
AgeVaxH35.js:32 File {name: "Popn1000.csv", lastModified: 1611021598000, lastModifiedDate: Mon Jan 18 2021 17:59:58 GMT-0800 (Pacific Standard Time), webkitRelativePath: "", size: 23944, …}
AgeVaxH35.js:23 getAsText File {name: "VL1ageGp2.csv", lastModified: 1611004274000, lastModifiedDate: Mon Jan 18 2021 13:11:14 GMT-0800 (Pacific Standard Time), webkitRelativePath: "", size: 65, …}
AgeVaxH35.js:32 File {name: "VL1ageGp2.csv", lastModified: 1611004274000, lastModifiedDate: Mon Jan 18 2021 13:11:14 GMT-0800 (Pacific Standard Time), webkitRelativePath: "", size: 65, …}
AgeVaxH35.js:1674 Red Days changed to 9.9
AgeVaxH35.js:1696 New Hazard Radius = 1.3
AgeVaxH35.js:1710 new Mingle Factor = 7.5
AgeVaxH35.js:1718 Age Group 9,100 1st shot; 2nd auto in 35days
AgeVaxH35.js:1724 AgeGp =9 To be vaccinated=100%
AgeVaxH35.js:1735 []
AgeVaxH35.js:1751 ageGp9 count: 0 List: 
AgeVaxH35.js:1779 Vaccination list = 0
AgeVaxH35.js:1718 Age Group 9,100 1st shot; 2nd auto in 35days
AgeVaxH35.js:1724 AgeGp =9 To be vaccinated=100%
AgeVaxH35.js:1735 (1000) [0, 1, 2, 3, 4, 5, 6, 7, 8, 9, 10, 11, 12, 13, 14, 15, 16, 17, 18, 19, 20, 21, 22, 23, 24, 25, 26, 27, 28, 29, 30, 31, 32, 33, 34, 35, 36, 37, 38, 39, 40, 41, 42, 43, 44, 45, 46, 47, 48, 49, 50, 51, 52, 53, 54, 55, 56, 57, 58, 59, 60, 61, 62, 63, 64, 65, 66, 67, 68, 69, 70, 71, 72, 73, 74, 75, 76, 77, 78, 79, 80, 81, 82, 83, 84, 85, 86, 87, 88, 89, 90, 91, 92, 93, 94, 95, 96, 97, 98, 99, …]
AgeVaxH35.js:1751 ageGp9 count: 18 List: 982,983,984,985,986,987,988,989,990,991,992,993,994,995,996,997,998,999
AgeVaxH35.js:1779 Vaccination list = 18
AgeVaxH35.js:1793 AgeGp9 vaccinated 18 List: 998,996,994,999,988,983,985,982,989,991,997,992,986,987,993,990,984,995
AgeVaxH35.js:1718 Age Group 8,100 1st shot; 2nd auto in 35days
AgeVaxH35.js:1724 AgeGp =8 To be vaccinated=100%
AgeVaxH35.js:1735 (1000) [0, 1, 2, 3, 4, 5, 6, 7, 8, 9, 10, 11, 12, 13, 14, 15, 16, 17, 18, 19, 20, 21, 22, 23, 24, 25, 26, 27, 28, 29, 30, 31, 32, 33, 34, 35, 36, 37, 38, 39, 40, 41, 42, 43, 44, 45, 46, 47, 48, 49, 50, 51, 52, 53, 54, 55, 56, 57, 58, 59, 60, 61, 62, 63, 64, 65, 66, 67, 68, 69, 70, 71, 72, 73, 74, 75, 76, 77, 78, 79, 80, 81, 82, 83, 84, 85, 86, 87, 88, 89, 90, 91, 92, 93, 94, 95, 96, 97, 98, 99, …]
AgeVaxH35.js:1751 ageGp8 count: 33 List: 949,950,951,952,953,954,955,956,957,958,959,960,961,962,963,964,965,966,967,968,969,970,971,972,973,974,975,976,977,978,979,980,981
AgeVaxH35.js:1779 Vaccination list = 33
AgeVaxH35.js:1793 AgeGp8 vaccinated 33 List: 973,949,977,955,979,957,958,981,954,970,971,962,974,968,965,963,980,960,956,966,950,978,975,953,969,951,952,967,961,976,972,959,964
AgeVaxH35.js:1718 Age Group 7,100 1st shot; 2nd auto in 35days
AgeVaxH35.js:1724 AgeGp =7 To be vaccinated=100%
AgeVaxH35.js:1735 (1000) [0, 1, 2, 3, 4, 5, 6, 7, 8, 9, 10, 11, 12, 13, 14, 15, 16, 17, 18, 19, 20, 21, 22, 23, 24, 25, 26, 27, 28, 29, 30, 31, 32, 33, 34, 35, 36, 37, 38, 39, 40, 41, 42, 43, 44, 45, 46, 47, 48, 49, 50, 51, 52, 53, 54, 55, 56, 57, 58, 59, 60, 61, 62, 63, 64, 65, 66, 67, 68, 69, 70, 71, 72, 73, 74, 75, 76, 77, 78, 79, 80, 81, 82, 83, 84, 85, 86, 87, 88, 89, 90, 91, 92, 93, 94, 95, 96, 97, 98, 99, …]
AgeVaxH35.js:1751 ageGp7 count: 47 List: 902,903,904,905,906,907,908,909,910,911,912,913,914,915,916,917,918,919,920,921,922,923,924,925,926,927,928,929,930,931,932,933,934,935,936,937,938,939,940,941,942,943,944,945,946,947,948
AgeVaxH35.js:1779 Vaccination list = 47
AgeVaxH35.js:1793 AgeGp7 vaccinated 47 List: 940,911,910,938,902,939,914,913,921,903,912,936,919,930,931,905,928,934,948,932,925,933,906,909,915,945,926,927,943,941,937,942,918,935,917,904,907,922,916,924,923,944,929,920,947,908,946
AgeVaxH35.js:2299 1I x:ageGp:fam 954:8:-1 by blue 150:2:-1 at gen15 Univ0 prob=0.078
AgeVaxH35.js:2299 2I x:ageGp:fam 282:2:-1 by red 150:2:-1 at gen61 Univ0 prob=0.592
AgeVaxH35.js:2299 3I x:ageGp:fam 259:2:-1 by blue 954:8:-1 at gen77 Univ0 prob=0.884
AgeVaxH35.js:2299 4I x:ageGp:fam 709:5:-1 by red 150:2:-1 at gen79 Univ0 prob=0.801
AgeVaxH35.js:2299 5I x:ageGp:fam 646:4:-1 by red 150:2:-1 at gen81 Univ0 prob=0.640
AgeVaxH35.js:2299 6I x:ageGp:fam 804:5:-1 by red 150:2:-1 at gen92 Univ0 prob=0.307
AgeVaxH35.js:2299 7I x:ageGp:fam 602:4:-1 by blue 954:8:-1 at gen98 Univ0 prob=0.126
AgeVaxH35.js:2299 8I x:ageGp:fam 931:7:-1 by red 150:2:-1 at gen116 Univ0 prob=0.965
AgeVaxH35.js:2299 9I x:ageGp:fam 63:1:-1 by blue 646:4:-1 at gen142 Univ0 prob=0.405
AgeVaxH35.js:2299 10I x:ageGp:fam 230:2:-1 by blue 259:2:-1 at gen144 Univ0 prob=0.030
AgeVaxH35.js:2299 11I x:ageGp:fam 297:2:-1 by red 150:2:-1 at gen149 Univ0 prob=0.732
AgeVaxH35.js:2299 12I x:ageGp:fam 636:4:-1 by red 150:2:-1 at gen152 Univ0 prob=0.623
AgeVaxH35.js:2299 12I x:ageGp:fam 778:5:-1 by blue 259:2:-1 at gen153 Univ0 prob=0.675
AgeVaxH35.js:2299 13I x:ageGp:fam 323:2:-1 by blue 602:4:-1 at gen154 Univ0 prob=0.750
AgeVaxH35.js:2299 13I x:ageGp:fam 968:8:-1 by blue 709:5:-1 at gen154 Univ0 prob=0.197
AgeVaxH35.js:2299 16I x:ageGp:fam 707:5:-1 by yellow 931:7:-1 at gen164 Univ0 prob=0.887
AgeVaxH35.js:2299 17I x:ageGp:fam 770:5:-1 by blue 282:2:-1 at gen166 Univ0 prob=0.859
AgeVaxH35.js:2299 18I x:ageGp:fam 139:2:-1 by blue 259:2:-1 at gen169 Univ0 prob=0.517
AgeVaxH35.js:2299 19I x:ageGp:fam 196:2:-1 by red 954:8:-1 at gen172 Univ0 prob=0.394
AgeVaxH35.js:2299 19I x:ageGp:fam 222:2:-1 by blue 259:2:-1 at gen173 Univ0 prob=0.515
AgeVaxH35.js:2299 21I x:ageGp:fam 982:9:-1 by blue 259:2:-1 at gen183 Univ0 prob=0.666
AgeVaxH35.js:2299 21I x:ageGp:fam 722:5:-1 by blue 709:5:-1 at gen184 Univ0 prob=0.772
AgeVaxH35.js:2299 23I x:ageGp:fam 688:4:-1 by blue 709:5:-1 at gen189 Univ0 prob=0.294
AgeVaxH35.js:2299 23I x:ageGp:fam 663:4:-1 by blue 804:5:-1 at gen190 Univ0 prob=0.439
AgeVaxH35.js:2299 25I x:ageGp:fam 57:1:-1 by red 954:8:-1 at gen192 Univ0 prob=0.308
AgeVaxH35.js:2299 26I x:ageGp:fam 563:4:-1 by red 954:8:-1 at gen197 Univ0 prob=0.017
AgeVaxH35.js:2299 26I x:ageGp:fam 586:4:-1 by blue 709:5:-1 at gen197 Univ0 prob=0.888
AgeVaxH35.js:2299 28I x:ageGp:fam 260:2:-1 by blue 804:5:-1 at gen199 Univ0 prob=0.048
AgeVaxH35.js:2299 29I x:ageGp:fam 384:3:-1 by red 282:2:-1 at gen201 Univ0 prob=0.347
AgeVaxH35.js:2299 30I x:ageGp:fam 949:8:-1 by yellow 323:2:-1 at gen203 Univ0 prob=0.873
AgeVaxH35.js:2299 31I x:ageGp:fam 578:4:-1 by red 709:5:-1 at gen206 Univ0 prob=0.663
AgeVaxH35.js:2299 31I x:ageGp:fam 237:2:-1 by blue 636:4:-1 at gen207 Univ0 prob=0.343
AgeVaxH35.js:2299 33I x:ageGp:fam 434:3:-1 by red 954:8:-1 at gen211 Univ0 prob=0.100
AgeVaxH35.js:2299 33I x:ageGp:fam 822:6:-1 by blue 230:2:-1 at gen212 Univ0 prob=0.368
AgeVaxH35.js:2299 35I x:ageGp:fam 19:0:-1 by red 646:4:-1 at gen222 Univ0 prob=0.326
AgeVaxH35.js:2299 35I x:ageGp:fam 950:8:-1 by blue 707:5:-1 at gen223 Univ0 prob=0.688
AgeVaxH35.js:2299 36I x:ageGp:fam 213:2:-1 by red 259:2:-1 at gen224 Univ0 prob=0.908
AgeVaxH35.js:2299 36I x:ageGp:fam 618:4:-1 by blue 222:2:-1 at gen224 Univ0 prob=0.391
AgeVaxH35.js:2299 39I x:ageGp:fam 682:4:-1 by red 602:4:-1 at gen227 Univ0 prob=0.154
AgeVaxH35.js:2299 39I x:ageGp:fam 125:1:-1 by blue 968:8:-1 at gen228 Univ0 prob=0.638
AgeVaxH35.js:2299 41I x:ageGp:fam 16:0:-1 by blue 931:7:-1 at gen230 Univ0 prob=0.212
AgeVaxH35.js:2299 42I x:ageGp:fam 469:3:-1 by red 646:4:-1 at gen232 Univ0 prob=0.954
AgeVaxH35.js:2299 43I x:ageGp:fam 944:7:-1 by blue 968:8:-1 at gen234 Univ0 prob=0.640
AgeVaxH35.js:2299 44I x:ageGp:fam 382:3:-1 by red 646:4:-1 at gen239 Univ0 prob=0.205
AgeVaxH35.js:2299 45I x:ageGp:fam 105:1:-1 by blue 63:1:-1 at gen242 Univ0 prob=0.248
​ 45I x:ageGp:fam 30:0:-1 by blue 63:1:-1 at gen243 Univ0 prob=0.961
​ 45I x:ageGp:fam 517:3:-1 by blue 230:2:-1 at gen243 Univ0 prob=0.669
​ 45I x:ageGp:fam 644:4:-1 by blue 982:9:-1 at gen243 Univ0 prob=0.622
​ 46I x:ageGp:fam 894:6:-1 by blue 196:2:-1 at gen244 Univ0 prob=0.021
​ 49I x:ageGp:fam 285:2:-1 by blue 57:1:-1 at gen245 Univ0 prob=0.893
​ 49I x:ageGp:fam 789:5:-1 by red 602:4:-1 at gen245 Univ0 prob=0.913
​ 50I x:ageGp:fam 505:3:-1 by blue 139:2:-1 at gen246 Univ0 prob=0.380
​ 52I x:ageGp:fam 759:5:-1 by red 282:2:-1 at gen247 Univ0 prob=0.179
​ 54I x:ageGp:fam 131:2:-1 by red 709:5:-1 at gen250 Univ0 prob=0.805
​ 54I x:ageGp:fam 411:3:-1 by red 602:4:-1 at gen250 Univ0 prob=0.226
​ 54I x:ageGp:fam 532:3:-1 by red 646:4:-1 at gen250 Univ0 prob=0.006
​ 54I x:ageGp:fam 725:5:-1 by blue 63:1:-1 at gen251 Univ0 prob=0.721
​ 54I x:ageGp:fam 90:1:-1 by red 259:2:-1 at gen251 Univ0 prob=0.430
​ 54I x:ageGp:fam 194:2:-1 by blue 297:2:-1 at gen251 Univ0 prob=0.436
​ 60I x:ageGp:fam 49:1:-1 by blue 949:8:-1 at gen257 Univ0 prob=0.088
​ 60I x:ageGp:fam 474:3:-1 by blue 778:5:-1 at gen257 Univ0 prob=0.258
​ 60I x:ageGp:fam 22:0:-1 by blue 260:2:-1 at gen258 Univ0 prob=0.006
​ 60I x:ageGp:fam 757:5:-1 by blue 323:2:-1 at gen258 Univ0 prob=0.201
​ 62I x:ageGp:fam 294:2:-1 by yellow 474:3:-1 at gen259 Univ0 prob=0.350
​ 65I x:ageGp:fam 108:1:-1 by blue 663:4:-1 at gen263 Univ0 prob=0.272
​ 65I x:ageGp:fam 783:5:-1 by blue 196:2:-1 at gen263 Univ0 prob=0.529
​ 65I x:ageGp:fam 619:4:-1 by red 709:5:-1 at gen263 Univ0 prob=0.033
​ 65I x:ageGp:fam 39:0:-1 by blue 770:5:-1 at gen264 Univ0 prob=0.542
​ 68I x:ageGp:fam 590:4:-1 by blue 563:4:-1 at gen265 Univ0 prob=0.269
​ 69I x:ageGp:fam 528:3:-1 by red 646:4:-1 at gen266 Univ0 prob=0.639
​ 70I x:ageGp:fam 788:5:-1 by blue 139:2:-1 at gen267 Univ0 prob=0.808
​ 70I x:ageGp:fam 224:2:-1 by blue 688:4:-1 at gen267 Univ0 prob=0.853
​ 71I x:ageGp:fam 374:3:-1 by blue 982:9:-1 at gen268 Univ0 prob=0.126
​ 71I x:ageGp:fam 793:5:-1 by blue 578:4:-1 at gen268 Univ0 prob=0.742
​ 71I x:ageGp:fam 593:4:-1 by red 931:7:-1 at gen268 Univ0 prob=0.706
​ 76I x:ageGp:fam 597:4:-1 by blue 563:4:-1 at gen270 Univ0 prob=0.016
​ 76I x:ageGp:fam 403:3:-1 by blue 57:1:-1 at gen271 Univ0 prob=0.882
​ 76I x:ageGp:fam 858:6:-1 by red 709:5:-1 at gen271 Univ0 prob=0.172
​ 77I x:ageGp:fam 235:2:-1 by blue 563:4:-1 at gen272 Univ0 prob=0.602
​ 79I x:ageGp:fam 321:2:-1 by blue 222:2:-1 at gen273 Univ0 prob=0.057
​ 80I x:ageGp:fam 253:2:-1 by red 63:1:-1 at gen274 Univ0 prob=0.391
​ 81I x:ageGp:fam 300:2:-1 by blue 688:4:-1 at gen275 Univ0 prob=0.054
​ 81I x:ageGp:fam 726:5:-1 by blue 949:8:-1 at gen275 Univ0 prob=0.856
​ 84I x:ageGp:fam 402:3:-1 by red 778:5:-1 at gen277 Univ0 prob=0.710
​ 84I x:ageGp:fam 569:4:-1 by blue 618:4:-1 at gen278 Univ0 prob=0.463
​ 85I x:ageGp:fam 729:5:-1 by blue 822:6:-1 at gen279 Univ0 prob=0.883
​ 87I x:ageGp:fam 124:1:-1 by blue 578:4:-1 at gen281 Univ0 prob=0.041
​ 87I x:ageGp:fam 283:2:-1 by blue 125:1:-1 at gen281 Univ0 prob=0.791
​ 87I x:ageGp:fam 811:5:-1 by red 297:2:-1 at gen281 Univ0 prob=0.185
​ 87I x:ageGp:fam 313:2:-1 by blue 578:4:-1 at gen281 Univ0 prob=0.545
​ 87I x:ageGp:fam 448:3:-1 by blue 688:4:-1 at gen281 Univ0 prob=0.138
​ 87I x:ageGp:fam 706:5:-1 by blue 688:4:-1 at gen281 Univ0 prob=0.780
​ 87I x:ageGp:fam 705:5:-1 by red 297:2:-1 at gen282 Univ0 prob=0.639
​ 94I x:ageGp:fam 665:4:-1 by blue 949:8:-1 at gen284 Univ0 prob=0.121
​ 94I x:ageGp:fam 142:2:-1 by red 259:2:-1 at gen285 Univ0 prob=0.398
​ 94I x:ageGp:fam 786:5:-1 by blue 722:5:-1 at gen285 Univ0 prob=0.488
​ 95I x:ageGp:fam 941:7:-1 by blue 139:2:-1 at gen286 Univ0 prob=0.969
​ 95I x:ageGp:fam 677:4:-1 by blue 434:3:-1 at gen286 Univ0 prob=0.629
​ 97I x:ageGp:fam 149:2:-1 by blue 139:2:-1 at gen287 Univ0 prob=0.465
​ 97I x:ageGp:fam 155:2:-1 by red 259:2:-1 at gen287 Univ0 prob=0.099
​ 97I x:ageGp:fam 669:4:-1 by red 259:2:-1 at gen287 Univ0 prob=0.932
​ 102I x:ageGp:fam 564:4:-1 by blue 57:1:-1 at gen290 Univ0 prob=0.629
​ 103I x:ageGp:fam 212:2:-1 by red 636:4:-1 at gen292 Univ0 prob=0.197
​ 103I x:ageGp:fam 468:3:-1 by red 770:5:-1 at gen292 Univ0 prob=0.012
​ 103I x:ageGp:fam 683:4:-1 by red 636:4:-1 at gen293 Univ0 prob=0.810
​ 105I x:ageGp:fam 172:2:-1 by blue 222:2:-1 at gen294 Univ0 prob=0.786
​ 106I x:ageGp:fam 80:1:-1 by red 259:2:-1 at gen295 Univ0 prob=0.424
​ 106I x:ageGp:fam 207:2:-1 by red 931:7:-1 at gen295 Univ0 prob=0.574
​ 106I x:ageGp:fam 304:2:-1 by blue 688:4:-1 at gen295 Univ0 prob=0.037
​ 106I x:ageGp:fam 496:3:-1 by red 778:5:-1 at gen295 Univ0 prob=0.024
​ 107I x:ageGp:fam 742:5:-1 by blue 213:2:-1 at gen296 Univ0 prob=0.848
​ 107I x:ageGp:fam 904:7:-1 by red 602:4:-1 at gen296 Univ0 prob=0.453
​ 111I x:ageGp:fam 579:4:-1 by blue 105:1:-1 at gen297 Univ0 prob=0.215
​ 111I x:ageGp:fam 160:2:-1 by blue 384:3:-1 at gen297 Univ0 prob=0.361
​ 111I x:ageGp:fam 876:6:-1 by red 230:2:-1 at gen297 Univ0 prob=0.660
​ 111I x:ageGp:fam 700:5:-1 by red 259:2:-1 at gen297 Univ0 prob=0.964
​ 111I x:ageGp:fam 970:8:-1 by red 602:4:-1 at gen297 Univ0 prob=0.952
​ 113I x:ageGp:fam 58:1:-1 by blue 578:4:-1 at gen298 Univ0 prob=0.459
​ 113I x:ageGp:fam 401:3:-1 by blue 260:2:-1 at gen298 Univ0 prob=0.867
​ 113I x:ageGp:fam 666:4:-1 by red 323:2:-1 at gen298 Univ0 prob=0.945
​ 113I x:ageGp:fam 946:7:-1 by blue 384:3:-1 at gen298 Univ0 prob=0.444
​ 113I x:ageGp:fam 418:3:-1 by blue 663:4:-1 at gen298 Univ0 prob=0.937
​ 118I x:ageGp:fam 327:2:-1 by blue 19:0:-1 at gen299 Univ0 prob=0.131
​ 118I x:ageGp:fam 261:2:-1 by yellow 90:1:-1 at gen299 Univ0 prob=0.152
​ 118I x:ageGp:fam 490:3:-1 by blue 822:6:-1 at gen299 Univ0 prob=0.965
​ 118I x:ageGp:fam 686:4:-1 by yellow 532:3:-1 at gen299 Univ0 prob=0.379
​ 118I x:ageGp:fam 914:7:-1 by red 722:5:-1 at gen299 Univ0 prob=0.884
​ 123I x:ageGp:fam 749:5:-1 by blue 19:0:-1 at gen300 Univ0 prob=0.606
​ 123I x:ageGp:fam 543:4:-1 by blue 57:1:-1 at gen300 Univ0 prob=0.044
​ 123I x:ageGp:fam 174:2:-1 by red 931:7:-1 at gen300 Univ0 prob=0.667
​ 128I x:ageGp:fam 771:5:-1 by blue 213:2:-1 at gen301 Univ0 prob=0.675
​ 132I x:ageGp:fam 404:3:-1 by red 722:5:-1 at gen303 Univ0 prob=0.646
​ 132I x:ageGp:fam 964:8:-1 by blue 950:8:-1 at gen303 Univ0 prob=0.777
​ 132I x:ageGp:fam 112:1:-1 by blue 688:4:-1 at gen304 Univ0 prob=0.180
​ 132I x:ageGp:fam 740:5:-1 by red 778:5:-1 at gen304 Univ0 prob=0.658
​ 134I x:ageGp:fam 634:4:-1 by blue 384:3:-1 at gen305 Univ0 prob=0.901
​ 134I x:ageGp:fam 882:6:-1 by blue 682:4:-1 at gen305 Univ0 prob=0.442
​ 138I x:ageGp:fam 23:0:-1 by red 770:5:-1 at gen309 Univ0 prob=0.578
​ 138I x:ageGp:fam 400:3:-1 by blue 789:5:-1 at gen309 Univ0 prob=0.475
​ 138I x:ageGp:fam 541:4:-1 by blue 944:7:-1 at gen309 Univ0 prob=0.513
​ 138I x:ageGp:fam 565:4:-1 by red 968:8:-1 at gen309 Univ0 prob=0.139
​ 138I x:ageGp:fam 608:4:-1 by blue 688:4:-1 at gen309 Univ0 prob=0.130
​ 138I x:ageGp:fam 625:4:-1 by blue 789:5:-1 at gen309 Univ0 prob=0.112
​ 138I x:ageGp:fam 648:4:-1 by blue 688:4:-1 at gen309 Univ0 prob=0.164
​ 145I x:ageGp:fam 56:1:-1 by blue 944:7:-1 at gen311 Univ0 prob=0.415
​ 145I x:ageGp:fam 645:4:-1 by red 323:2:-1 at gen312 Univ0 prob=0.838
​ 145I x:ageGp:fam 808:5:-1 by blue 469:3:-1 at gen312 Univ0 prob=0.866
​ 146I x:ageGp:fam 419:3:-1 by red 770:5:-1 at gen313 Univ0 prob=0.730
​ 148I x:ageGp:fam 524:3:-1 by red 63:1:-1 at gen314 Univ0 prob=0.847
​ 149I x:ageGp:fam 945:7:-1 by blue 57:1:-1 at gen315 Univ0 prob=0.765
​ 149I x:ageGp:fam 885:6:-1 by red 602:4:-1 at gen315 Univ0 prob=0.684
​ 150I x:ageGp:fam 814:5:-1 by blue 125:1:-1 at gen316 Univ0 prob=0.821
​ 150I x:ageGp:fam 979:8:-1 by blue 294:2:-1 at gen316 Univ0 prob=0.838
​ 150I x:ageGp:fam 953:8:-1 by blue 949:8:-1 at gen316 Univ0 prob=0.110
​ 155I x:ageGp:fam 116:1:-1 by red 222:2:-1 at gen318 Univ0 prob=0.237
​ 155I x:ageGp:fam 753:5:-1 by red 196:2:-1 at gen318 Univ0 prob=0.572
​ 157I x:ageGp:fam 275:2:-1 by blue 950:8:-1 at gen320 Univ0 prob=0.328
​ 157I x:ageGp:fam 370:3:-1 by blue 822:6:-1 at gen320 Univ0 prob=0.951
​ 157I x:ageGp:fam 917:7:-1 by blue 469:3:-1 at gen320 Univ0 prob=0.996
​ 157I x:ageGp:fam 335:2:-1 by red 563:4:-1 at gen321 Univ0 prob=0.923
​ 157I x:ageGp:fam 857:6:-1 by red 636:4:-1 at gen321 Univ0 prob=0.015
​ 160I x:ageGp:fam 217:2:-1 by red 63:1:-1 at gen322 Univ0 prob=0.190
​ 160I x:ageGp:fam 903:7:-1 by red 63:1:-1 at gen322 Univ0 prob=0.844
​ 160I x:ageGp:fam 229:2:-1 by blue 590:4:-1 at gen322 Univ0 prob=0.584
​ 160I x:ageGp:fam 952:8:-1 by blue 237:2:-1 at gen322 Univ0 prob=0.516
​ 162I x:ageGp:fam 472:3:-1 by blue 19:0:-1 at gen323 Univ0 prob=0.231
​ 166I x:ageGp:fam 454:3:-1 by blue 30:0:-1 at gen324 Univ0 prob=0.093
​ 166I x:ageGp:fam 948:7:-1 by blue 194:2:-1 at gen324 Univ0 prob=0.349
​ 166I x:ageGp:fam 554:4:-1 by blue 894:6:-1 at gen324 Univ0 prob=0.583
​ 167I x:ageGp:fam 286:2:-1 by blue 125:1:-1 at gen325 Univ0 prob=0.803
​ 167I x:ageGp:fam 976:8:-1 by red 586:4:-1 at gen325 Univ0 prob=0.634
​ 170I x:ageGp:fam 89:1:-1 by red 139:2:-1 at gen326 Univ0 prob=0.957
​ 170I x:ageGp:fam 993:9:-1 by blue 90:1:-1 at gen326 Univ0 prob=0.776
​ 170I x:ageGp:fam 111:1:-1 by blue 858:6:-1 at gen326 Univ0 prob=0.948
​ 170I x:ageGp:fam 731:5:-1 by blue 618:4:-1 at gen326 Univ0 prob=0.435
​ 170I x:ageGp:fam 821:6:-1 by red 778:5:-1 at gen326 Univ0 prob=0.507
​ 172I x:ageGp:fam 269:2:-1 by red 323:2:-1 at gen327 Univ0 prob=0.544
​ 172I x:ageGp:fam 805:5:-1 by blue 725:5:-1 at gen327 Univ0 prob=0.836
​ 179I x:ageGp:fam 31:0:-1 by blue 950:8:-1 at gen329 Univ0 prob=0.415
​ 179I x:ageGp:fam 708:5:-1 by blue 49:1:-1 at gen329 Univ0 prob=0.730
​ 179I x:ageGp:fam 364:3:-1 by blue 569:4:-1 at gen329 Univ0 prob=0.706
​ 179I x:ageGp:fam 659:4:-1 by blue 789:5:-1 at gen329 Univ0 prob=0.916
​ 179I x:ageGp:fam 332:2:-1 by blue 474:3:-1 at gen330 Univ0 prob=0.466
​ 183I x:ageGp:fam 340:2:-1 by red 237:2:-1 at gen331 Univ0 prob=0.732
​ 183I x:ageGp:fam 359:3:-1 by red 563:4:-1 at gen331 Univ0 prob=0.601
​ 186I x:ageGp:fam 491:3:-1 by blue 789:5:-1 at gen333 Univ0 prob=0.406
​ 186I x:ageGp:fam 295:2:-1 by blue 105:1:-1 at gen334 Univ0 prob=0.415
​ 186I x:ageGp:fam 296:2:-1 by red 578:4:-1 at gen334 Univ0 prob=0.585
​ 186I x:ageGp:fam 322:2:-1 by blue 725:5:-1 at gen334 Univ0 prob=0.128
​ 186I x:ageGp:fam 933:7:-1 by red 563:4:-1 at gen334 Univ0 prob=0.514
​ 191I x:ageGp:fam 25:0:-1 by blue 253:2:-1 at gen336 Univ0 prob=0.257
​ 191I x:ageGp:fam 483:3:-1 by red 57:1:-1 at gen336 Univ0 prob=0.080
​ 191I x:ageGp:fam 605:4:-1 by red 982:9:-1 at gen336 Univ0 prob=0.944
​ 191I x:ageGp:fam 974:8:-1 by blue 669:4:-1 at gen336 Univ0 prob=0.722
​ 191I x:ageGp:fam 396:3:-1 by blue 39:0:-1 at gen337 Univ0 prob=0.320
​ 191I x:ageGp:fam 785:5:-1 by blue 108:1:-1 at gen337 Univ0 prob=0.982
​ 191I x:ageGp:fam 238:2:-1 by blue 235:2:-1 at gen337 Univ0 prob=0.885
​ 191I x:ageGp:fam 363:3:-1 by blue 294:2:-1 at gen337 Univ0 prob=0.060
​ 195I x:ageGp:fam 41:1:-1 by blue 705:5:-1 at gen338 Univ0 prob=0.506
​ 195I x:ageGp:fam 777:5:-1 by red 139:2:-1 at gen338 Univ0 prob=0.164
​ 195I x:ageGp:fam 550:4:-1 by blue 590:4:-1 at gen338 Univ0 prob=0.493
​ 202I x:ageGp:fam 347:2:-1 by red 57:1:-1 at gen340 Univ0 prob=0.316
​ 202I x:ageGp:fam 678:4:-1 by blue 105:1:-1 at gen340 Univ0 prob=0.737
​ 202I x:ageGp:fam 191:2:-1 by blue 793:5:-1 at gen340 Univ0 prob=0.713
​ 202I x:ageGp:fam 228:2:-1 by red 688:4:-1 at gen340 Univ0 prob=0.928
​ 202I x:ageGp:fam 622:4:-1 by blue 374:3:-1 at gen340 Univ0 prob=0.690
​ 202I x:ageGp:fam 234:2:-1 by red 931:7:-1 at gen341 Univ0 prob=0.780
​ 207I x:ageGp:fam 226:2:-1 by red 982:9:-1 at gen342 Univ0 prob=0.482
​ 207I x:ageGp:fam 851:6:-1 by red 434:3:-1 at gen342 Univ0 prob=0.839
​ 207I x:ageGp:fam 522:3:-1 by blue 665:4:-1 at gen342 Univ0 prob=0.887
​ 208I x:ageGp:fam 598:4:-1 by blue 212:2:-1 at gen343 Univ0 prob=0.391
​ 208I x:ageGp:fam 312:2:-1 by blue 528:3:-1 at gen343 Univ0 prob=0.392
​ 211I x:ageGp:fam 570:4:-1 by blue 285:2:-1 at gen344 Univ0 prob=0.803
​ 213I x:ageGp:fam 18:0:-1 by yellow 742:5:-1 at gen345 Univ0 prob=0.675
​ 213I x:ageGp:fam 361:3:-1 by blue 235:2:-1 at gen345 Univ0 prob=0.829
​ 213I x:ageGp:fam 281:2:-1 by blue 597:4:-1 at gen345 Univ0 prob=0.218
​ 213I x:ageGp:fam 345:2:-1 by blue 593:4:-1 at gen345 Univ0 prob=0.413
​ 214I x:ageGp:fam 48:1:-1 by blue 374:3:-1 at gen346 Univ0 prob=0.201
​ 214I x:ageGp:fam 129:1:-1 by red 434:3:-1 at gen346 Univ0 prob=0.152
​ 214I x:ageGp:fam 421:3:-1 by blue 285:2:-1 at gen346 Univ0 prob=0.346
​ 214I x:ageGp:fam 333:2:-1 by blue 590:4:-1 at gen346 Univ0 prob=0.326
​ 218I x:ageGp:fam 439:3:-1 by blue 105:1:-1 at gen347 Univ0 prob=0.289
​ 218I x:ageGp:fam 339:2:-1 by blue 285:2:-1 at gen347 Univ0 prob=0.434
​ 218I x:ageGp:fam 891:6:-1 by blue 725:5:-1 at gen347 Univ0 prob=0.377
​ 222I x:ageGp:fam 420:3:-1 by red 469:3:-1 at gen348 Univ0 prob=0.907
​ 225I x:ageGp:fam 398:3:-1 by blue 569:4:-1 at gen349 Univ0 prob=0.301
​ 225I x:ageGp:fam 523:3:-1 by red 636:4:-1 at gen349 Univ0 prob=0.452
​ 225I x:ageGp:fam 850:6:-1 by blue 528:3:-1 at gen349 Univ0 prob=0.186
​ 226I x:ageGp:fam 538:3:-1 by blue 22:0:-1 at gen350 Univ0 prob=0.920
​ 226I x:ageGp:fam 67:1:-1 by red 213:2:-1 at gen350 Univ0 prob=0.098
​ 226I x:ageGp:fam 798:5:-1 by red 139:2:-1 at gen350 Univ0 prob=0.382
​ 226I x:ageGp:fam 292:2:-1 by blue 382:3:-1 at gen350 Univ0 prob=0.229
​ 226I x:ageGp:fam 801:5:-1 by red 434:3:-1 at gen350 Univ0 prob=0.888
​ 229I x:ageGp:fam 818:5:-1 by red 323:2:-1 at gen351 Univ0 prob=0.906
​ 229I x:ageGp:fam 368:3:-1 by red 578:4:-1 at gen351 Univ0 prob=0.216
​ 234I x:ageGp:fam 744:5:-1 by blue 105:1:-1 at gen352 Univ0 prob=0.796
​ 234I x:ageGp:fam 482:3:-1 by blue 224:2:-1 at gen352 Univ0 prob=0.316
​ 234I x:ageGp:fam 671:4:-1 by blue 253:2:-1 at gen352 Univ0 prob=0.673
​ 236I x:ageGp:fam 94:1:-1 by red 297:2:-1 at gen353 Univ0 prob=0.109
​ 236I x:ageGp:fam 466:3:-1 by red 222:2:-1 at gen353 Univ0 prob=0.228
​ 236I x:ageGp:fam 348:2:-1 by red 778:5:-1 at gen353 Univ0 prob=0.499
​ 239I x:ageGp:fam 148:2:-1 by red 770:5:-1 at gen354 Univ0 prob=0.481
​ 239I x:ageGp:fam 427:3:-1 by red 382:3:-1 at gen354 Univ0 prob=0.193
​ 239I x:ageGp:fam 484:3:-1 by blue 700:5:-1 at gen354 Univ0 prob=0.544
​ 242I x:ageGp:fam 360:3:-1 by blue 160:2:-1 at gen355 Univ0 prob=0.190
​ 242I x:ageGp:fam 596:4:-1 by blue 194:2:-1 at gen355 Univ0 prob=0.575
​ 242I x:ageGp:fam 243:2:-1 by blue 401:3:-1 at gen355 Univ0 prob=0.873
​ 242I x:ageGp:fam 561:4:-1 by blue 593:4:-1 at gen355 Univ0 prob=0.570
​ 242I x:ageGp:fam 900:6:-1 by blue 858:6:-1 at gen355 Univ0 prob=0.850
​ 245I x:ageGp:fam 0:0:-1 by blue 619:4:-1 at gen356 Univ0 prob=0.048
​ 245I x:ageGp:fam 456:3:-1 by blue 108:1:-1 at gen356 Univ0 prob=0.010
​ 245I x:ageGp:fam 256:2:-1 by blue 686:4:-1 at gen356 Univ0 prob=0.726
​ 250I x:ageGp:fam 721:5:-1 by red 139:2:-1 at gen357 Univ0 prob=0.277
​ 250I x:ageGp:fam 943:7:-1 by red 196:2:-1 at gen357 Univ0 prob=0.847
​ 250I x:ageGp:fam 781:5:-1 by red 563:4:-1 at gen357 Univ0 prob=0.497
​ 250I x:ageGp:fam 673:4:-1 by red 949:8:-1 at gen357 Univ0 prob=0.412
​ 253I x:ageGp:fam 204:2:-1 by blue 142:2:-1 at gen358 Univ0 prob=0.440
​ 257I x:ageGp:fam 379:3:-1 by blue 705:5:-1 at gen359 Univ0 prob=0.883
​ 258I x:ageGp:fam 245:2:-1 by blue 108:1:-1 at gen360 Univ0 prob=0.778
​ 259I x:ageGp:fam 262:2:-1 by red 139:2:-1 at gen361 Univ0 prob=0.626
​ 259I x:ageGp:fam 161:2:-1 by red 944:7:-1 at gen361 Univ0 prob=0.532
​ 260I x:ageGp:fam 324:2:-1 by red 688:4:-1 at gen362 Univ0 prob=0.779
​ 262I x:ageGp:fam 211:2:-1 by blue 321:2:-1 at gen363 Univ0 prob=0.698
​ 262I x:ageGp:fam 270:2:-1 by blue 788:5:-1 at gen363 Univ0 prob=0.887
​ 262I x:ageGp:fam 302:2:-1 by blue 811:5:-1 at gen363 Univ0 prob=0.323
​ 262I x:ageGp:fam 816:5:-1 by red 968:8:-1 at gen363 Univ0 prob=0.314
​ 263I x:ageGp:fam 607:4:-1 by red 213:2:-1 at gen364 Univ0 prob=0.913
​ 263I x:ageGp:fam 337:2:-1 by blue 294:2:-1 at gen364 Univ0 prob=0.867
​ 267I x:ageGp:fam 201:2:-1 by blue 294:2:-1 at gen365 Univ0 prob=0.547
​ 267I x:ageGp:fam 279:2:-1 by blue 224:2:-1 at gen365 Univ0 prob=0.231
​ 267I x:ageGp:fam 494:3:-1 by red 237:2:-1 at gen365 Univ0 prob=0.721
​ 267I x:ageGp:fam 795:5:-1 by blue 788:5:-1 at gen365 Univ0 prob=0.424
​ 269I x:ageGp:fam 362:3:-1 by red 57:1:-1 at gen366 Univ0 prob=0.247
​ 273I x:ageGp:fam 103:1:-1 by blue 885:6:-1 at gen367 Univ0 prob=0.213
​ 273I x:ageGp:fam 498:3:-1 by red 105:1:-1 at gen367 Univ0 prob=0.113
​ 273I x:ageGp:fam 616:4:-1 by blue 155:2:-1 at gen367 Univ0 prob=0.261
​ 273I x:ageGp:fam 450:3:-1 by blue 783:5:-1 at gen367 Univ0 prob=0.091
​ 273I x:ageGp:fam 723:5:-1 by blue 528:3:-1 at gen367 Univ0 prob=0.462
​ 273I x:ageGp:fam 716:5:-1 by red 894:6:-1 at gen367 Univ0 prob=0.650
​ 274I x:ageGp:fam 301:2:-1 by blue 753:5:-1 at gen368 Univ0 prob=0.813
​ 274I x:ageGp:fam 555:4:-1 by blue 374:3:-1 at gen368 Univ0 prob=0.157
​ 280I x:ageGp:fam 692:5:-1 by red 57:1:-1 at gen369 Univ0 prob=0.447
​ 280I x:ageGp:fam 203:2:-1 by red 644:4:-1 at gen369 Univ0 prob=0.675
​ 280I x:ageGp:fam 599:4:-1 by red 237:2:-1 at gen369 Univ0 prob=0.896
​ 280I x:ageGp:fam 501:3:-1 by blue 253:2:-1 at gen369 Univ0 prob=0.347
​ 280I x:ageGp:fam 704:5:-1 by blue 294:2:-1 at gen369 Univ0 prob=0.598
​ 282I x:ageGp:fam 320:2:-1 by blue 783:5:-1 at gen370 Univ0 prob=0.240
​ 282I x:ageGp:fam 975:8:-1 by blue 401:3:-1 at gen370 Univ0 prob=0.860
​ 282I x:ageGp:fam 835:6:-1 by red 982:9:-1 at gen370 Univ0 prob=0.257
​ 287I x:ageGp:fam 638:4:-1 by blue 58:1:-1 at gen371 Univ0 prob=0.142
​ 287I x:ageGp:fam 732:5:-1 by blue 374:3:-1 at gen371 Univ0 prob=0.339
​ 287I x:ageGp:fam 376:3:-1 by blue 757:5:-1 at gen371 Univ0 prob=0.751
​ 287I x:ageGp:fam 393:3:-1 by blue 904:7:-1 at gen371 Univ0 prob=0.605
​ 287I x:ageGp:fam 828:6:-1 by blue 811:5:-1 at gen371 Univ0 prob=0.905
​ 290I x:ageGp:fam 438:3:-1 by blue 212:2:-1 at gen372 Univ0 prob=0.007
​ 290I x:ageGp:fam 441:3:-1 by blue 321:2:-1 at gen372 Univ0 prob=0.748
​ 290I x:ageGp:fam 606:4:-1 by blue 543:4:-1 at gen372 Univ0 prob=0.291
​ 290I x:ageGp:fam 848:6:-1 by blue 740:5:-1 at gen372 Univ0 prob=0.840
​ 295I x:ageGp:fam 429:3:-1 by red 30:0:-1 at gen373 Univ0 prob=0.727
​ 295I x:ageGp:fam 426:3:-1 by blue 593:4:-1 at gen373 Univ0 prob=0.548
​ 295I x:ageGp:fam 510:3:-1 by blue 496:3:-1 at gen373 Univ0 prob=0.677
​ 295I x:ageGp:fam 595:4:-1 by blue 811:5:-1 at gen373 Univ0 prob=0.116
​ 295I x:ageGp:fam 745:5:-1 by blue 749:5:-1 at gen373 Univ0 prob=0.930
​ 299I x:ageGp:fam 444:3:-1 by blue 49:1:-1 at gen374 Univ0 prob=0.255
​ 299I x:ageGp:fam 761:5:-1 by blue 543:4:-1 at gen374 Univ0 prob=0.593
​ 304I x:ageGp:fam 36:0:-1 by blue 964:8:-1 at gen375 Univ0 prob=0.994
​ 304I x:ageGp:fam 464:3:-1 by red 434:3:-1 at gen375 Univ0 prob=0.820
​ 306I x:ageGp:fam 365:3:-1 by red 722:5:-1 at gen376 Univ0 prob=0.696
​ 306I x:ageGp:fam 672:4:-1 by blue 740:5:-1 at gen376 Univ0 prob=0.444
​ 308I x:ageGp:fam 15:0:-1 by red 196:2:-1 at gen377 Univ0 prob=0.605
​ 308I x:ageGp:fam 210:2:-1 by blue 172:2:-1 at gen377 Univ0 prob=0.379
​ 308I x:ageGp:fam 381:3:-1 by blue 300:2:-1 at gen377 Univ0 prob=0.022
​ 310I x:ageGp:fam 8:0:-1 by red 688:4:-1 at gen378 Univ0 prob=0.435
​ 310I x:ageGp:fam 71:1:-1 by blue 174:2:-1 at gen378 Univ0 prob=0.600
​ 310I x:ageGp:fam 168:2:-1 by blue 89:1:-1 at gen378 Univ0 prob=0.493
​ 310I x:ageGp:fam 574:4:-1 by blue 174:2:-1 at gen378 Univ0 prob=0.853
​ 310I x:ageGp:fam 303:2:-1 by blue 665:4:-1 at gen378 Univ0 prob=0.566
​ 310I x:ageGp:fam 898:6:-1 by blue 313:2:-1 at gen378 Univ0 prob=0.360
​ 310I x:ageGp:fam 839:6:-1 by blue 402:3:-1 at gen378 Univ0 prob=0.379
​ 313I x:ageGp:fam 5:0:-1 by blue 283:2:-1 at gen379 Univ0 prob=0.062
​ 313I x:ageGp:fam 114:1:-1 by blue 952:8:-1 at gen379 Univ0 prob=0.166
​ 313I x:ageGp:fam 179:2:-1 by blue 666:4:-1 at gen379 Univ0 prob=0.206
​ 313I x:ageGp:fam 527:3:-1 by red 285:2:-1 at gen379 Univ0 prob=0.909
​ 313I x:ageGp:fam 316:2:-1 by blue 686:4:-1 at gen379 Univ0 prob=0.180
​ 313I x:ageGp:fam 837:6:-1 by red 323:2:-1 at gen379 Univ0 prob=0.183
​ 313I x:ageGp:fam 414:3:-1 by blue 401:3:-1 at gen379 Univ0 prob=0.544
​ 313I x:ageGp:fam 435:3:-1 by blue 706:5:-1 at gen379 Univ0 prob=0.297
​ 313I x:ageGp:fam 936:7:-1 by blue 665:4:-1 at gen379 Univ0 prob=0.054
​ 320I x:ageGp:fam 62:1:-1 by red 663:4:-1 at gen380 Univ0 prob=0.527
​ 320I x:ageGp:fam 695:5:-1 by red 108:1:-1 at gen380 Univ0 prob=0.735
​ 320I x:ageGp:fam 248:2:-1 by red 757:5:-1 at gen380 Univ0 prob=0.067
​ 329I x:ageGp:fam 869:6:-1 by red 139:2:-1 at gen381 Univ0 prob=0.736
​ 329I x:ageGp:fam 687:4:-1 by blue 235:2:-1 at gen381 Univ0 prob=0.790
​ 329I x:ageGp:fam 767:5:-1 by blue 472:3:-1 at gen381 Univ0 prob=0.902
​ 332I x:ageGp:fam 28:0:-1 by blue 564:4:-1 at gen382 Univ0 prob=0.586
​ 332I x:ageGp:fam 395:3:-1 by red 30:0:-1 at gen382 Univ0 prob=0.303
​ 332I x:ageGp:fam 47:1:-1 by blue 124:1:-1 at gen382 Univ0 prob=0.781
​ 332I x:ageGp:fam 83:1:-1 by blue 565:4:-1 at gen382 Univ0 prob=0.936
​ 332I x:ageGp:fam 104:1:-1 by blue 172:2:-1 at gen382 Univ0 prob=0.648
​ 332I x:ageGp:fam 170:2:-1 by blue 771:5:-1 at gen382 Univ0 prob=0.687
​ 332I x:ageGp:fam 288:2:-1 by red 586:4:-1 at gen382 Univ0 prob=0.342
​ 332I x:ageGp:fam 430:3:-1 by blue 964:8:-1 at gen382 Univ0 prob=0.606
​ 332I x:ageGp:fam 525:3:-1 by blue 669:4:-1 at gen382 Univ0 prob=0.809
​ 332I x:ageGp:fam 809:5:-1 by blue 541:4:-1 at gen382 Univ0 prob=0.752
​ 332I x:ageGp:fam 864:6:-1 by blue 686:4:-1 at gen382 Univ0 prob=0.871
​ 335I x:ageGp:fam 64:1:-1 by blue 111:1:-1 at gen383 Univ0 prob=0.166
​ 335I x:ageGp:fam 74:1:-1 by blue 786:5:-1 at gen383 Univ0 prob=0.022
​ 335I x:ageGp:fam 185:2:-1 by blue 155:2:-1 at gen383 Univ0 prob=0.255
​ 335I x:ageGp:fam 189:2:-1 by blue 593:4:-1 at gen383 Univ0 prob=0.049
​ 335I x:ageGp:fam 428:3:-1 by blue 904:7:-1 at gen383 Univ0 prob=0.567
​ 335I x:ageGp:fam 431:3:-1 by blue 564:4:-1 at gen383 Univ0 prob=0.016
​ 335I x:ageGp:fam 489:3:-1 by red 517:3:-1 at gen383 Univ0 prob=0.951
​ 335I x:ageGp:fam 552:4:-1 by blue 786:5:-1 at gen383 Univ0 prob=0.902
​ 335I x:ageGp:fam 557:4:-1 by blue 669:4:-1 at gen383 Univ0 prob=0.490
​ 346I x:ageGp:fam 132:2:-1 by red 789:5:-1 at gen384 Univ0 prob=0.134
​ 346I x:ageGp:fam 158:2:-1 by blue 418:3:-1 at gen384 Univ0 prob=0.885
​ 346I x:ageGp:fam 331:2:-1 by blue 993:9:-1 at gen384 Univ0 prob=0.463
​ 346I x:ageGp:fam 534:3:-1 by blue 683:4:-1 at gen384 Univ0 prob=0.178
​ 346I x:ageGp:fam 957:8:-1 by red 757:5:-1 at gen384 Univ0 prob=0.361
​ 355I x:ageGp:fam 227:2:-1 by blue 448:3:-1 at gen385 Univ0 prob=0.285
​ 355I x:ageGp:fam 239:2:-1 by blue 786:5:-1 at gen385 Univ0 prob=0.982
​ 355I x:ageGp:fam 385:3:-1 by blue 749:5:-1 at gen385 Univ0 prob=0.559
​ 355I x:ageGp:fam 603:4:-1 by blue 976:8:-1 at gen385 Univ0 prob=0.171
​ 360I x:ageGp:fam 571:4:-1 by red 139:2:-1 at gen386 Univ0 prob=0.376
​ 360I x:ageGp:fam 868:6:-1 by blue 229:2:-1 at gen386 Univ0 prob=0.395
​ 360I x:ageGp:fam 817:5:-1 by red 237:2:-1 at gen386 Univ0 prob=0.560
​ 360I x:ageGp:fam 514:3:-1 by red 382:3:-1 at gen386 Univ0 prob=0.845
​ 360I x:ageGp:fam 654:4:-1 by red 618:4:-1 at gen386 Univ0 prob=0.983
​ 364I x:ageGp:fam 117:1:-1 by blue 370:3:-1 at gen387 Univ0 prob=0.759
​ 364I x:ageGp:fam 225:2:-1 by blue 490:3:-1 at gen387 Univ0 prob=0.277
​ 364I x:ageGp:fam 650:4:-1 by blue 659:4:-1 at gen387 Univ0 prob=0.646
​ 369I x:ageGp:fam 7:0:-1 by blue 58:1:-1 at gen388 Univ0 prob=0.294
​ 369I x:ageGp:fam 198:2:-1 by red 260:2:-1 at gen388 Univ0 prob=0.735
​ 369I x:ageGp:fam 499:3:-1 by red 663:4:-1 at gen388 Univ0 prob=0.715
​ 372I x:ageGp:fam 481:3:-1 by blue 645:4:-1 at gen389 Univ0 prob=0.140
​ 375I x:ageGp:fam 803:5:-1 by red 39:0:-1 at gen390 Univ0 prob=0.379
​ 375I x:ageGp:fam 79:1:-1 by blue 448:3:-1 at gen390 Univ0 prob=0.612
​ 375I x:ageGp:fam 216:2:-1 by blue 777:5:-1 at gen390 Univ0 prob=0.172
​ 375I x:ageGp:fam 529:3:-1 by red 757:5:-1 at gen390 Univ0 prob=0.088
​ 376I x:ageGp:fam 17:0:-1 by red 16:0:-1 at gen391 Univ0 prob=0.157
​ 376I x:ageGp:fam 33:0:-1 by blue 914:7:-1 at gen391 Univ0 prob=0.837
​ 376I x:ageGp:fam 378:3:-1 by blue 116:1:-1 at gen391 Univ0 prob=0.263
​ 376I x:ageGp:fam 197:2:-1 by blue 677:4:-1 at gen391 Univ0 prob=0.730
​ 376I x:ageGp:fam 318:2:-1 by red 374:3:-1 at gen391 Univ0 prob=0.702
​ 376I x:ageGp:fam 343:2:-1 by blue 665:4:-1 at gen391 Univ0 prob=0.311
​ 376I x:ageGp:fam 349:2:-1 by blue 483:3:-1 at gen391 Univ0 prob=0.427
​ 376I x:ageGp:fam 406:3:-1 by blue 953:8:-1 at gen391 Univ0 prob=0.651
​ 376I x:ageGp:fam 479:3:-1 by red 505:3:-1 at gen391 Univ0 prob=0.457
​ 376I x:ageGp:fam 506:3:-1 by blue 541:4:-1 at gen391 Univ0 prob=0.039
​ 376I x:ageGp:fam 893:6:-1 by blue 706:5:-1 at gen391 Univ0 prob=0.214
​ 380I x:ageGp:fam 734:5:-1 by red 22:0:-1 at gen392 Univ0 prob=0.629
​ 380I x:ageGp:fam 741:5:-1 by blue 404:3:-1 at gen392 Univ0 prob=0.067
​ 391I x:ageGp:fam 487:3:-1 by red 16:0:-1 at gen393 Univ0 prob=0.477
​ 391I x:ageGp:fam 88:1:-1 by blue 124:1:-1 at gen393 Univ0 prob=0.011
​ 391I x:ageGp:fam 718:5:-1 by blue 155:2:-1 at gen393 Univ0 prob=0.039
​ 391I x:ageGp:fam 886:6:-1 by blue 229:2:-1 at gen393 Univ0 prob=0.445
​ 391I x:ageGp:fam 232:2:-1 by red 300:2:-1 at gen393 Univ0 prob=0.274
​ 391I x:ageGp:fam 380:3:-1 by blue 275:2:-1 at gen393 Univ0 prob=0.749
​ 391I x:ageGp:fam 485:3:-1 by red 411:3:-1 at gen393 Univ0 prob=0.075
​ 391I x:ageGp:fam 604:4:-1 by red 528:3:-1 at gen393 Univ0 prob=0.295
​ 391I x:ageGp:fam 702:5:-1 by blue 882:6:-1 at gen393 Univ0 prob=0.384
​ 393I x:ageGp:fam 356:2:-1 by blue 948:7:-1 at gen394 Univ0 prob=0.968
​ 393I x:ageGp:fam 612:4:-1 by red 374:3:-1 at gen394 Univ0 prob=0.865
​ 402I x:ageGp:fam 169:2:-1 by blue 174:2:-1 at gen395 Univ0 prob=0.676
​ 402I x:ageGp:fam 774:5:-1 by blue 295:2:-1 at gen395 Univ0 prob=0.446
​ 402I x:ageGp:fam 445:3:-1 by blue 749:5:-1 at gen395 Univ0 prob=0.511
​ 402I x:ageGp:fam 812:5:-1 by blue 524:3:-1 at gen395 Univ0 prob=0.772
​ 404I x:ageGp:fam 719:5:-1 by blue 25:0:-1 at gen396 Univ0 prob=0.900
​ 404I x:ageGp:fam 66:1:-1 by blue 207:2:-1 at gen396 Univ0 prob=0.912
​ 404I x:ageGp:fam 75:1:-1 by blue 948:7:-1 at gen396 Univ0 prob=0.700
​ 404I x:ageGp:fam 175:2:-1 by red 90:1:-1 at gen396 Univ0 prob=0.855
​ 404I x:ageGp:fam 442:3:-1 by blue 217:2:-1 at gen396 Univ0 prob=0.991
​ 404I x:ageGp:fam 325:2:-1 by blue 700:5:-1 at gen396 Univ0 prob=0.505
​ 404I x:ageGp:fam 863:6:-1 by blue 396:3:-1 at gen396 Univ0 prob=0.479
​ 404I x:ageGp:fam 779:5:-1 by red 469:3:-1 at gen396 Univ0 prob=0.770
​ 404I x:ageGp:fam 693:5:-1 by red 788:5:-1 at gen396 Univ0 prob=0.062
​ 408I x:ageGp:fam 934:7:-1 by blue 238:2:-1 at gen397 Univ0 prob=0.177
​ 417I x:ageGp:fam 20:0:-1 by blue 124:1:-1 at gen398 Univ0 prob=0.053
​ 417I x:ageGp:fam 372:3:-1 by red 49:1:-1 at gen398 Univ0 prob=0.229
​ 417I x:ageGp:fam 996:9:-1 by red 374:3:-1 at gen398 Univ0 prob=0.592
​ 417I x:ageGp:fam 459:3:-1 by blue 454:3:-1 at gen398 Univ0 prob=0.401
​ 418I x:ageGp:fam 730:5:-1 by blue 41:1:-1 at gen399 Univ0 prob=0.704
​ 418I x:ageGp:fam 254:2:-1 by blue 490:3:-1 at gen399 Univ0 prob=0.310
​ 418I x:ageGp:fam 562:4:-1 by red 619:4:-1 at gen399 Univ0 prob=0.131
​ 422I x:ageGp:fam 143:2:-1 by blue 993:9:-1 at gen400 Univ0 prob=0.888
​ 422I x:ageGp:fam 752:5:-1 by blue 226:2:-1 at gen400 Univ0 prob=0.058
​ 422I x:ageGp:fam 533:3:-1 by blue 490:3:-1 at gen400 Univ0 prob=0.436
​ 422I x:ageGp:fam 545:4:-1 by blue 496:3:-1 at gen400 Univ0 prob=0.219
​ 422I x:ageGp:fam 664:4:-1 by red 688:4:-1 at gen400 Univ0 prob=0.299
​ 425I x:ageGp:fam 346:2:-1 by red 90:1:-1 at gen401 Univ0 prob=0.110
​ 425I x:ageGp:fam 375:3:-1 by blue 172:2:-1 at gen401 Univ0 prob=0.230
​ 425I x:ageGp:fam 263:2:-1 by blue 370:3:-1 at gen401 Univ0 prob=0.075
​ 425I x:ageGp:fam 480:3:-1 by red 285:2:-1 at gen401 Univ0 prob=0.146
​ 425I x:ageGp:fam 813:5:-1 by blue 292:2:-1 at gen401 Univ0 prob=0.610
​ 425I x:ageGp:fam 594:4:-1 by blue 543:4:-1 at gen401 Univ0 prob=0.555
​ 430I x:ageGp:fam 156:2:-1 by red 563:4:-1 at gen402 Univ0 prob=0.600
​ 430I x:ageGp:fam 465:3:-1 by blue 785:5:-1 at gen402 Univ0 prob=0.408
​ 430I x:ageGp:fam 558:4:-1 by blue 964:8:-1 at gen402 Univ0 prob=0.591
​ 436I x:ageGp:fam 768:5:-1 by blue 31:0:-1 at gen403 Univ0 prob=0.880
​ 436I x:ageGp:fam 151:2:-1 by blue 708:5:-1 at gen403 Univ0 prob=0.087
​ 436I x:ageGp:fam 630:4:-1 by red 253:2:-1 at gen403 Univ0 prob=0.444
​ 439I x:ageGp:fam 546:4:-1 by blue 933:7:-1 at gen404 Univ0 prob=0.889
​ 443I x:ageGp:fam 202:2:-1 by blue 953:8:-1 at gen406 Univ0 prob=0.742
​ 443I x:ageGp:fam 205:2:-1 by red 982:9:-1 at gen406 Univ0 prob=0.796
​ 443I x:ageGp:fam 208:2:-1 by blue 335:2:-1 at gen406 Univ0 prob=0.291
​ 443I x:ageGp:fam 236:2:-1 by blue 659:4:-1 at gen406 Univ0 prob=0.997
​ 443I x:ageGp:fam 251:2:-1 by blue 945:7:-1 at gen406 Univ0 prob=0.015
​ 443I x:ageGp:fam 870:6:-1 by blue 579:4:-1 at gen406 Univ0 prob=0.057
​ 443I x:ageGp:fam 206:2:-1 by yellow 943:7:-1 at gen407 Univ0 prob=0.670
​ 443I x:ageGp:fam 566:4:-1 by blue 882:6:-1 at gen407 Univ0 prob=0.639
​ 443I x:ageGp:fam 727:5:-1 by blue 708:5:-1 at gen407 Univ0 prob=0.268
​ 449I x:ageGp:fam 109:1:-1 by blue 740:5:-1 at gen408 Univ0 prob=0.086
​ 449I x:ageGp:fam 115:1:-1 by red 783:5:-1 at gen408 Univ0 prob=0.413
​ 449I x:ageGp:fam 394:3:-1 by blue 805:5:-1 at gen408 Univ0 prob=0.004
​ 449I x:ageGp:fam 520:3:-1 by blue 472:3:-1 at gen408 Univ0 prob=0.183
​ 449I x:ageGp:fam 796:5:-1 by blue 904:7:-1 at gen408 Univ0 prob=0.390
​ 449I x:ageGp:fam 825:6:-1 by blue 821:6:-1 at gen408 Univ0 prob=0.860
​ 449I x:ageGp:fam 836:6:-1 by blue 933:7:-1 at gen408 Univ0 prob=0.979
​ 452I x:ageGp:fam 24:0:-1 by red 982:9:-1 at gen409 Univ0 prob=0.141
​ 452I x:ageGp:fam 266:2:-1 by blue 89:1:-1 at gen409 Univ0 prob=0.886
​ 452I x:ageGp:fam 710:5:-1 by red 402:3:-1 at gen409 Univ0 prob=0.540
​ 452I x:ageGp:fam 855:6:-1 by blue 484:3:-1 at gen409 Univ0 prob=0.061
​ 452I x:ageGp:fam 697:5:-1 by red 725:5:-1 at gen409 Univ0 prob=0.270
​ 459I x:ageGp:fam 880:6:-1 by blue 466:3:-1 at gen410 Univ0 prob=0.577
​ 459I x:ageGp:fam 637:4:-1 by red 619:4:-1 at gen410 Univ0 prob=0.755
​ 459I x:ageGp:fam 746:5:-1 by red 944:7:-1 at gen410 Univ0 prob=0.604
​ 464I x:ageGp:fam 85:1:-1 by yellow 262:2:-1 at gen411 Univ0 prob=0.239
​ 464I x:ageGp:fam 138:2:-1 by red 944:7:-1 at gen411 Univ0 prob=0.069
​ 464I x:ageGp:fam 176:2:-1 by blue 708:5:-1 at gen411 Univ0 prob=0.158
​ 464I x:ageGp:fam 280:2:-1 by red 941:7:-1 at gen411 Univ0 prob=0.658
​ 464I x:ageGp:fam 342:2:-1 by blue 850:6:-1 at gen411 Univ0 prob=0.821
​ 464I x:ageGp:fam 500:3:-1 by blue 686:4:-1 at gen411 Univ0 prob=0.459
​ 464I x:ageGp:fam 694:5:-1 by red 788:5:-1 at gen411 Univ0 prob=0.999
​ 467I x:ageGp:fam 61:1:-1 by red 260:2:-1 at gen412 Univ0 prob=0.231
​ 467I x:ageGp:fam 246:2:-1 by red 108:1:-1 at gen412 Univ0 prob=0.532
​ 467I x:ageGp:fam 214:2:-1 by blue 335:2:-1 at gen412 Univ0 prob=0.090
​ 467I x:ageGp:fam 306:2:-1 by blue 347:2:-1 at gen412 Univ0 prob=0.086
​ 467I x:ageGp:fam 601:4:-1 by blue 347:2:-1 at gen412 Univ0 prob=0.629
​ 467I x:ageGp:fam 461:3:-1 by blue 785:5:-1 at gen412 Univ0 prob=0.356
​ 467I x:ageGp:fam 733:5:-1 by red 669:4:-1 at gen412 Univ0 prob=0.271
​ 474I x:ageGp:fam 32:0:-1 by blue 454:3:-1 at gen413 Univ0 prob=0.399
​ 474I x:ageGp:fam 463:3:-1 by red 237:2:-1 at gen413 Univ0 prob=0.361
​ 474I x:ageGp:fam 884:6:-1 by red 285:2:-1 at gen413 Univ0 prob=0.967
​ 474I x:ageGp:fam 748:5:-1 by blue 292:2:-1 at gen413 Univ0 prob=0.269
​ 481I x:ageGp:fam 59:1:-1 by blue 565:4:-1 at gen414 Univ0 prob=0.815
​ 481I x:ageGp:fam 819:5:-1 by blue 332:2:-1 at gen414 Univ0 prob=0.818
​ 481I x:ageGp:fam 621:4:-1 by red 382:3:-1 at gen414 Univ0 prob=0.168
​ 481I x:ageGp:fam 769:5:-1 by red 468:3:-1 at gen414 Univ0 prob=0.641
​ 485I x:ageGp:fam 3:0:-1 by red 374:3:-1 at gen415 Univ0 prob=0.289
​ 485I x:ageGp:fam 29:0:-1 by blue 332:2:-1 at gen415 Univ0 prob=0.123
​ 485I x:ageGp:fam 128:1:-1 by blue 524:3:-1 at gen415 Univ0 prob=0.401
​ 485I x:ageGp:fam 862:6:-1 by yellow 211:2:-1 at gen415 Univ0 prob=0.777
​ 485I x:ageGp:fam 652:4:-1 by blue 821:6:-1 at gen415 Univ0 prob=0.435
​ 489I x:ageGp:fam 544:4:-1 by red 22:0:-1 at gen416 Univ0 prob=0.309
​ 489I x:ageGp:fam 477:3:-1 by blue 89:1:-1 at gen416 Univ0 prob=0.277
​ 489I x:ageGp:fam 177:2:-1 by red 822:6:-1 at gen416 Univ0 prob=0.345
​ 489I x:ageGp:fam 512:3:-1 by red 448:3:-1 at gen416 Univ0 prob=0.884
​ 489I x:ageGp:fam 549:4:-1 by blue 472:3:-1 at gen416 Univ0 prob=0.128
​ 489I x:ageGp:fam 883:6:-1 by blue 648:4:-1 at gen416 Univ0 prob=0.481
​ 494I x:ageGp:fam 354:2:-1 by red 22:0:-1 at gen417 Univ0 prob=0.455
​ 494I x:ageGp:fam 44:1:-1 by blue 427:3:-1 at gen417 Univ0 prob=0.585
​ 494I x:ageGp:fam 422:3:-1 by blue 174:2:-1 at gen417 Univ0 prob=0.601
​ 494I x:ageGp:fam 388:3:-1 by red 235:2:-1 at gen417 Univ0 prob=0.206
​ 494I x:ageGp:fam 457:3:-1 by red 532:3:-1 at gen417 Univ0 prob=0.982
​ 494I x:ageGp:fam 754:5:-1 by red 786:5:-1 at gen417 Univ0 prob=0.762
​ 500I x:ageGp:fam 326:2:-1 by blue 607:4:-1 at gen418 Univ0 prob=0.872
​ 500I x:ageGp:fam 871:6:-1 by red 469:3:-1 at gen418 Univ0 prob=0.556
​ 500I x:ageGp:fam 776:5:-1 by blue 622:4:-1 at gen418 Univ0 prob=0.459
​ 500I x:ageGp:fam 901:6:-1 by blue 795:5:-1 at gen418 Univ0 prob=0.730
​ 506I x:ageGp:fam 110:1:-1 by red 418:3:-1 at gen419 Univ0 prob=0.605
​ 506I x:ageGp:fam 758:5:-1 by blue 370:3:-1 at gen419 Univ0 prob=0.929
​ 506I x:ageGp:fam 495:3:-1 by blue 777:5:-1 at gen419 Univ0 prob=0.577
​ 506I x:ageGp:fam 627:4:-1 by blue 645:4:-1 at gen419 Univ0 prob=0.291
​ 506I x:ageGp:fam 735:5:-1 by blue 974:8:-1 at gen419 Univ0 prob=0.708
​ 506I x:ageGp:fam 765:5:-1 by red 982:9:-1 at gen419 Univ0 prob=0.522
​ 510I x:ageGp:fam 762:5:-1 by red 80:1:-1 at gen420 Univ0 prob=0.346
​ 510I x:ageGp:fam 887:6:-1 by red 237:2:-1 at gen420 Univ0 prob=0.428
​ 510I x:ageGp:fam 242:2:-1 by blue 269:2:-1 at gen420 Univ0 prob=0.144
​ 510I x:ageGp:fam 298:2:-1 by red 304:2:-1 at gen420 Univ0 prob=0.374
​ 510I x:ageGp:fam 471:3:-1 by red 327:2:-1 at gen420 Univ0 prob=0.279
​ 510I x:ageGp:fam 462:3:-1 by blue 605:4:-1 at gen420 Univ0 prob=0.484
​ 510I x:ageGp:fam 717:5:-1 by blue 900:6:-1 at gen420 Univ0 prob=0.864
​ 516I x:ageGp:fam 684:4:-1 by red 194:2:-1 at gen421 Univ0 prob=0.023
​ 516I x:ageGp:fam 289:2:-1 by blue 523:3:-1 at gen421 Univ0 prob=0.301
​ 516I x:ageGp:fam 780:5:-1 by blue 891:6:-1 at gen421 Univ0 prob=0.333
​ 523I x:ageGp:fam 367:3:-1 by blue 23:0:-1 at gen422 Univ0 prob=0.816
​ 523I x:ageGp:fam 218:2:-1 by blue 491:3:-1 at gen422 Univ0 prob=0.800
​ 526I x:ageGp:fam 182:2:-1 by red 155:2:-1 at gen423 Univ0 prob=0.545
​ 526I x:ageGp:fam 651:4:-1 by blue 347:2:-1 at gen423 Univ0 prob=0.841
​ 526I x:ageGp:fam 350:2:-1 by red 950:8:-1 at gen423 Univ0 prob=0.139
​ 528I x:ageGp:fam 592:4:-1 by blue 56:1:-1 at gen424 Univ0 prob=0.716
​ 528I x:ageGp:fam 329:2:-1 by blue 301:2:-1 at gen424 Univ0 prob=0.828
​ 528I x:ageGp:fam 689:4:-1 by red 706:5:-1 at gen424 Univ0 prob=0.437
​ 531I x:ageGp:fam 856:6:-1 by blue 89:1:-1 at gen425 Univ0 prob=0.043
​ 531I x:ageGp:fam 287:2:-1 by red 411:3:-1 at gen425 Univ0 prob=0.481
​ 531I x:ageGp:fam 478:3:-1 by blue 638:4:-1 at gen425 Univ0 prob=0.560
​ 534I x:ageGp:fam 14:0:-1 by blue 678:4:-1 at gen426 Univ0 prob=0.466
​ 534I x:ageGp:fam 51:1:-1 by red 783:5:-1 at gen426 Univ0 prob=0.951
​ 534I x:ageGp:fam 86:1:-1 by blue 538:3:-1 at gen426 Univ0 prob=0.423
​ 534I x:ageGp:fam 92:1:-1 by red 194:2:-1 at gen426 Univ0 prob=0.053
​ 534I x:ageGp:fam 98:1:-1 by blue 441:3:-1 at gen426 Univ0 prob=0.960
​ 534I x:ageGp:fam 775:5:-1 by blue 296:2:-1 at gen426 Univ0 prob=0.428
​ 534I x:ageGp:fam 392:3:-1 by red 742:5:-1 at gen426 Univ0 prob=0.491
​ 537I x:ageGp:fam 784:5:-1 by blue 89:1:-1 at gen427 Univ0 prob=0.741
​ 537I x:ageGp:fam 476:3:-1 by blue 217:2:-1 at gen427 Univ0 prob=0.773
​ 544I x:ageGp:fam 35:0:-1 by red 283:2:-1 at gen428 Univ0 prob=0.265
​ 544I x:ageGp:fam 223:2:-1 by blue 67:1:-1 at gen428 Univ0 prob=0.056
​ 546I x:ageGp:fam 81:1:-1 by blue 659:4:-1 at gen429 Univ0 prob=0.031
​ 546I x:ageGp:fam 137:2:-1 by red 469:3:-1 at gen429 Univ0 prob=0.924
​ 546I x:ageGp:fam 219:2:-1 by blue 952:8:-1 at gen429 Univ0 prob=0.586
​ 546I x:ageGp:fam 265:2:-1 by blue 347:2:-1 at gen429 Univ0 prob=0.430
​ 546I x:ageGp:fam 747:5:-1 by blue 427:3:-1 at gen429 Univ0 prob=0.268
​ 546I x:ageGp:fam 623:4:-1 by red 686:4:-1 at gen429 Univ0 prob=0.149
​ 548I x:ageGp:fam 215:2:-1 by blue 731:5:-1 at gen430 Univ0 prob=0.716
​ 548I x:ageGp:fam 715:5:-1 by blue 228:2:-1 at gen430 Univ0 prob=0.105
​ 548I x:ageGp:fam 391:3:-1 by red 235:2:-1 at gen430 Univ0 prob=0.547
​ 548I x:ageGp:fam 453:3:-1 by blue 281:2:-1 at gen430 Univ0 prob=0.815
​ 554I x:ageGp:fam 97:1:-1 by blue 900:6:-1 at gen431 Univ0 prob=0.830
​ 554I x:ageGp:fam 587:4:-1 by red 300:2:-1 at gen431 Univ0 prob=0.334
​ 558I x:ageGp:fam 12:0:-1 by red 876:6:-1 at gen432 Univ0 prob=0.537
​ 558I x:ageGp:fam 276:2:-1 by blue 292:2:-1 at gen432 Univ0 prob=0.775
​ 558I x:ageGp:fam 467:3:-1 by red 705:5:-1 at gen432 Univ0 prob=0.304
​ 558I x:ageGp:fam 896:6:-1 by blue 903:7:-1 at gen432 Univ0 prob=0.973
​ 560I x:ageGp:fam 54:1:-1 by red 108:1:-1 at gen433 Univ0 prob=0.042
​ 560I x:ageGp:fam 77:1:-1 by red 608:4:-1 at gen433 Univ0 prob=0.534
​ 560I x:ageGp:fam 493:3:-1 by blue 292:2:-1 at gen433 Univ0 prob=0.177
​ 560I x:ageGp:fam 535:3:-1 by blue 484:3:-1 at gen433 Univ0 prob=0.796
​ 564I x:ageGp:fam 268:2:-1 by blue 31:0:-1 at gen434 Univ0 prob=0.939
​ 564I x:ageGp:fam 497:3:-1 by blue 494:3:-1 at gen434 Univ0 prob=0.850
​ 564I x:ageGp:fam 526:3:-1 by red 946:7:-1 at gen434 Univ0 prob=0.393
​ 564I x:ageGp:fam 660:4:-1 by blue 622:4:-1 at gen434 Univ0 prob=0.418
​ 564I x:ageGp:fam 712:5:-1 by red 786:5:-1 at gen434 Univ0 prob=0.293
​ 568I x:ageGp:fam 87:1:-1 by blue 945:7:-1 at gen435 Univ0 prob=0.680
​ 568I x:ageGp:fam 314:2:-1 by red 706:5:-1 at gen435 Univ0 prob=0.534
​ 568I x:ageGp:fam 617:4:-1 by blue 337:2:-1 at gen435 Univ0 prob=0.014
​ 568I x:ageGp:fam 413:3:-1 by blue 805:5:-1 at gen435 Univ0 prob=0.218
​ 568I x:ageGp:fam 668:4:-1 by red 418:3:-1 at gen435 Univ0 prob=0.463
​ 568I x:ageGp:fam 840:6:-1 by blue 466:3:-1 at gen435 Univ0 prob=0.454
​ 568I x:ageGp:fam 577:4:-1 by red 625:4:-1 at gen435 Univ0 prob=0.289
​ 573I x:ageGp:fam 807:5:-1 by red 105:1:-1 at gen436 Univ0 prob=0.743
​ 573I x:ageGp:fam 676:4:-1 by blue 179:2:-1 at gen436 Univ0 prob=0.506
​ 573I x:ageGp:fam 760:5:-1 by blue 554:4:-1 at gen436 Univ0 prob=0.632
​ 580I x:ageGp:fam 221:2:-1 by blue 948:7:-1 at gen437 Univ0 prob=0.477
​ 580I x:ageGp:fam 865:6:-1 by red 418:3:-1 at gen437 Univ0 prob=0.199
​ 583I x:ageGp:fam 685:4:-1 by red 194:2:-1 at gen438 Univ0 prob=0.785
​ 583I x:ageGp:fam 437:3:-1 by red 858:6:-1 at gen438 Univ0 prob=0.245
​ 585I x:ageGp:fam 628:4:-1 by blue 111:1:-1 at gen439 Univ0 prob=0.159
​ 585I x:ageGp:fam 167:2:-1 by red 946:7:-1 at gen439 Univ0 prob=0.803
​ 585I x:ageGp:fam 739:5:-1 by red 666:4:-1 at gen439 Univ0 prob=0.963
​ 587I x:ageGp:fam 799:5:-1 by red 16:0:-1 at gen440 Univ0 prob=0.848
​ 587I x:ageGp:fam 46:1:-1 by blue 933:7:-1 at gen440 Univ0 prob=0.371
​ 587I x:ageGp:fam 120:1:-1 by blue 622:4:-1 at gen440 Univ0 prob=0.975
​ 587I x:ageGp:fam 277:2:-1 by blue 936:7:-1 at gen440 Univ0 prob=0.778
​ 587I x:ageGp:fam 521:3:-1 by red 950:8:-1 at gen440 Univ0 prob=0.084
​ 590I x:ageGp:fam 82:1:-1 by red 217:2:-1 at gen441 Univ0 prob=0.723
​ 590I x:ageGp:fam 443:3:-1 by blue 117:1:-1 at gen441 Univ0 prob=0.438
​ 590I x:ageGp:fam 328:2:-1 by red 634:4:-1 at gen441 Univ0 prob=0.659
​ 595I x:ageGp:fam 26:0:-1 by red 285:2:-1 at gen442 Univ0 prob=0.682
​ 595I x:ageGp:fam 353:2:-1 by red 579:4:-1 at gen442 Univ0 prob=0.779
​ 595I x:ageGp:fam 580:4:-1 by blue 622:4:-1 at gen442 Univ0 prob=0.968
​ 595I x:ageGp:fam 661:4:-1 by blue 704:5:-1 at gen442 Univ0 prob=0.971
​ 598I x:ageGp:fam 508:3:-1 by blue 48:1:-1 at gen443 Univ0 prob=0.443
​ 598I x:ageGp:fam 136:2:-1 by yellow 702:5:-1 at gen443 Univ0 prob=0.920
​ 598I x:ageGp:fam 341:2:-1 by red 857:6:-1 at gen443 Univ0 prob=0.732
​ 598I x:ageGp:fam 620:4:-1 by blue 494:3:-1 at gen443 Univ0 prob=0.327
​ 602I x:ageGp:fam 647:4:-1 by red 172:2:-1 at gen444 Univ0 prob=0.759
​ 602I x:ageGp:fam 336:2:-1 by blue 785:5:-1 at gen444 Univ0 prob=0.248
​ 602I x:ageGp:fam 881:6:-1 by red 726:5:-1 at gen444 Univ0 prob=0.395
​ 606I x:ageGp:fam 432:3:-1 by red 30:0:-1 at gen445 Univ0 prob=0.968
​ 606I x:ageGp:fam 674:4:-1 by blue 103:1:-1 at gen445 Univ0 prob=0.096
​ 606I x:ageGp:fam 802:5:-1 by red 708:5:-1 at gen445 Univ0 prob=0.916
​ 609I x:ageGp:fam 249:2:-1 by blue 851:6:-1 at gen446 Univ0 prob=0.562
​ 609I x:ageGp:fam 284:2:-1 by blue 363:3:-1 at gen446 Univ0 prob=0.252
​ 609I x:ageGp:fam 338:2:-1 by red 327:2:-1 at gen446 Univ0 prob=0.191
​ 609I x:ageGp:fam 560:4:-1 by red 976:8:-1 at gen446 Univ0 prob=0.995
​ 612I x:ageGp:fam 899:6:-1 by red 224:2:-1 at gen447 Univ0 prob=0.542
​ 612I x:ageGp:fam 408:3:-1 by red 882:6:-1 at gen447 Univ0 prob=0.881
​ 612I x:ageGp:fam 980:8:-1 by blue 596:4:-1 at gen447 Univ0 prob=0.817
​ 616I x:ageGp:fam 135:2:-1 by blue 347:2:-1 at gen448 Univ0 prob=0.080
​ 616I x:ageGp:fam 772:5:-1 by blue 650:4:-1 at gen448 Univ0 prob=0.812
​ 619I x:ageGp:fam 43:1:-1 by blue 816:5:-1 at gen449 Univ0 prob=0.547
​ 619I x:ageGp:fam 166:2:-1 by red 111:1:-1 at gen449 Univ0 prob=0.519
​ 619I x:ageGp:fam 728:5:-1 by blue 318:2:-1 at gen449 Univ0 prob=0.793
​ 619I x:ageGp:fam 902:7:-1 by blue 671:4:-1 at gen449 Univ0 prob=0.507
​ 621I x:ageGp:fam 21:0:-1 by red 142:2:-1 at gen450 Univ0 prob=0.880
​ 621I x:ageGp:fam 34:0:-1 by red 976:8:-1 at gen450 Univ0 prob=0.582
​ 621I x:ageGp:fam 559:4:-1 by blue 210:2:-1 at gen450 Univ0 prob=0.396
​ 621I x:ageGp:fam 657:4:-1 by blue 376:3:-1 at gen450 Univ0 prob=0.329
​ 621I x:ageGp:fam 409:3:-1 by blue 396:3:-1 at gen450 Univ0 prob=0.322
​ 621I x:ageGp:fam 888:6:-1 by red 400:3:-1 at gen450 Univ0 prob=0.101
​ 621I x:ageGp:fam 629:4:-1 by blue 745:5:-1 at gen450 Univ0 prob=0.395
​ 625I x:ageGp:fam 843:6:-1 by blue 15:0:-1 at gen451 Univ0 prob=0.020
​ 625I x:ageGp:fam 810:5:-1 by blue 94:1:-1 at gen451 Univ0 prob=0.540
​ 625I x:ageGp:fam 141:2:-1 by blue 745:5:-1 at gen451 Univ0 prob=0.806
​ 625I x:ageGp:fam 241:2:-1 by red 474:3:-1 at gen451 Univ0 prob=0.906
​ 625I x:ageGp:fam 711:5:-1 by blue 752:5:-1 at gen451 Univ0 prob=0.070
​ 632I x:ageGp:fam 568:4:-1 by red 49:1:-1 at gen452 Univ0 prob=0.356
​ 632I x:ageGp:fam 763:5:-1 by red 89:1:-1 at gen452 Univ0 prob=0.614
​ 637I x:ageGp:fam 192:2:-1 by blue 523:3:-1 at gen453 Univ0 prob=0.385
​ 637I x:ageGp:fam 572:4:-1 by blue 523:3:-1 at gen453 Univ0 prob=0.740
​ 637I x:ageGp:fam 588:4:-1 by blue 695:5:-1 at gen453 Univ0 prob=0.922
​ 637I x:ageGp:fam 750:5:-1 by red 811:5:-1 at gen453 Univ0 prob=0.558
​ 637I x:ageGp:fam 827:6:-1 by blue 898:6:-1 at gen453 Univ0 prob=0.545
​ 639I x:ageGp:fam 551:4:-1 by blue 66:1:-1 at gen454 Univ0 prob=0.859
​ 644I x:ageGp:fam 37:0:-1 by blue 900:6:-1 at gen455 Univ0 prob=0.991
​ 644I x:ageGp:fam 76:1:-1 by blue 431:3:-1 at gen455 Univ0 prob=0.500
​ 644I x:ageGp:fam 278:2:-1 by blue 243:2:-1 at gen455 Univ0 prob=0.183
​ 644I x:ageGp:fam 766:5:-1 by blue 303:2:-1 at gen455 Univ0 prob=0.732
​ 644I x:ageGp:fam 838:6:-1 by blue 431:3:-1 at gen455 Univ0 prob=0.704
​ 644I x:ageGp:fam 433:3:-1 by red 753:5:-1 at gen455 Univ0 prob=0.260
​ 644I x:ageGp:fam 755:5:-1 by red 857:6:-1 at gen455 Univ0 prob=0.725
​ 645I x:ageGp:fam 9:0:-1 by blue 337:2:-1 at gen456 Univ0 prob=0.057
​ 645I x:ageGp:fam 165:2:-1 by red 396:3:-1 at gen456 Univ0 prob=0.400
​ 645I x:ageGp:fam 199:2:-1 by blue 168:2:-1 at gen456 Univ0 prob=0.704
​ 645I x:ageGp:fam 536:3:-1 by blue 348:2:-1 at gen456 Univ0 prob=0.783
​ 645I x:ageGp:fam 451:3:-1 by blue 414:3:-1 at gen456 Univ0 prob=0.983
​ 645I x:ageGp:fam 942:7:-1 by blue 414:3:-1 at gen456 Univ0 prob=0.399
​ 645I x:ageGp:fam 910:7:-1 by blue 420:3:-1 at gen456 Univ0 prob=0.861
​ 652I x:ageGp:fam 68:1:-1 by blue 8:0:-1 at gen457 Univ0 prob=0.312
​ 652I x:ageGp:fam 252:2:-1 by blue 47:1:-1 at gen457 Univ0 prob=0.699
​ 652I x:ageGp:fam 162:2:-1 by blue 104:1:-1 at gen457 Univ0 prob=0.263
​ 652I x:ageGp:fam 173:2:-1 by blue 339:2:-1 at gen457 Univ0 prob=0.470
​ 652I x:ageGp:fam 250:2:-1 by blue 318:2:-1 at gen457 Univ0 prob=0.901
​ 652I x:ageGp:fam 293:2:-1 by blue 606:4:-1 at gen457 Univ0 prob=0.674
​ 659I x:ageGp:fam 981:8:-1 by blue 74:1:-1 at gen458 Univ0 prob=0.537
​ 659I x:ageGp:fam 310:2:-1 by blue 421:3:-1 at gen458 Univ0 prob=0.003
​ 659I x:ageGp:fam 357:2:-1 by blue 395:3:-1 at gen458 Univ0 prob=0.952
​ 659I x:ageGp:fam 613:4:-1 by blue 525:3:-1 at gen458 Univ0 prob=0.553
​ 665I x:ageGp:fam 181:2:-1 by red 683:4:-1 at gen459 Univ0 prob=0.610
​ 665I x:ageGp:fam 589:4:-1 by red 283:2:-1 at gen459 Univ0 prob=0.169
​ 669I x:ageGp:fam 140:2:-1 by red 543:4:-1 at gen460 Univ0 prob=0.984
​ 669I x:ageGp:fam 220:2:-1 by blue 869:6:-1 at gen460 Univ0 prob=0.032
​ 671I x:ageGp:fam 311:2:-1 by blue 179:2:-1 at gen461 Univ0 prob=0.659
​ 671I x:ageGp:fam 258:2:-1 by red 605:4:-1 at gen461 Univ0 prob=0.219
​ 671I x:ageGp:fam 925:7:-1 by red 659:4:-1 at gen461 Univ0 prob=0.412
​ 673I x:ageGp:fam 291:2:-1 by blue 606:4:-1 at gen462 Univ0 prob=0.857
​ 673I x:ageGp:fam 639:4:-1 by blue 372:3:-1 at gen462 Univ0 prob=0.186
​ 673I x:ageGp:fam 859:6:-1 by blue 427:3:-1 at gen462 Univ0 prob=0.534
​ 673I x:ageGp:fam 983:9:-1 by red 644:4:-1 at gen462 Univ0 prob=0.572
​ 676I x:ageGp:fam 446:3:-1 by blue 88:1:-1 at gen463 Univ0 prob=0.530
​ 676I x:ageGp:fam 460:3:-1 by blue 466:3:-1 at gen463 Univ0 prob=0.497
​ 676I x:ageGp:fam 833:6:-1 by yellow 621:4:-1 at gen463 Univ0 prob=0.672
​ 676I x:ageGp:fam 641:4:-1 by red 740:5:-1 at gen463 Univ0 prob=0.490
​ 680I x:ageGp:fam 425:3:-1 by blue 279:2:-1 at gen464 Univ0 prob=0.758
​ 684I x:ageGp:fam 73:1:-1 by blue 745:5:-1 at gen465 Univ0 prob=0.622
​ 684I x:ageGp:fam 273:2:-1 by red 124:1:-1 at gen465 Univ0 prob=0.859
​ 684I x:ageGp:fam 872:6:-1 by blue 170:2:-1 at gen465 Univ0 prob=0.041
​ 684I x:ageGp:fam 511:3:-1 by red 742:5:-1 at gen465 Univ0 prob=0.115
​ 684I x:ageGp:fam 782:5:-1 by yellow 652:4:-1 at gen465 Univ0 prob=0.896
​ 685I x:ageGp:fam 820:5:-1 by yellow 3:0:-1 at gen466 Univ0 prob=0.674
​ 685I x:ageGp:fam 231:2:-1 by red 286:2:-1 at gen466 Univ0 prob=0.454
​ 685I x:ageGp:fam 271:2:-1 by blue 704:5:-1 at gen466 Univ0 prob=0.643
​ 685I x:ageGp:fam 423:3:-1 by red 374:3:-1 at gen466 Univ0 prob=0.872
​ 685I x:ageGp:fam 743:5:-1 by red 903:7:-1 at gen466 Univ0 prob=0.929
​ 690I x:ageGp:fam 154:2:-1 by blue 561:4:-1 at gen467 Univ0 prob=0.051
​ 690I x:ageGp:fam 157:2:-1 by red 420:3:-1 at gen467 Univ0 prob=0.204
​ 690I x:ageGp:fam 369:3:-1 by blue 459:3:-1 at gen467 Univ0 prob=0.026
​ 690I x:ageGp:fam 631:4:-1 by red 474:3:-1 at gen467 Univ0 prob=0.052
​ 690I x:ageGp:fam 703:5:-1 by blue 574:4:-1 at gen467 Univ0 prob=0.364
​ 690I x:ageGp:fam 873:6:-1 by red 659:4:-1 at gen467 Univ0 prob=0.653
​ 690I x:ageGp:fam 681:4:-1 by blue 898:6:-1 at gen467 Univ0 prob=0.209
​ 690I x:ageGp:fam 874:6:-1 by blue 943:7:-1 at gen467 Univ0 prob=0.458
​ 695I x:ageGp:fam 611:4:-1 by red 31:0:-1 at gen468 Univ0 prob=0.549
​ 695I x:ageGp:fam 699:5:-1 by red 31:0:-1 at gen468 Univ0 prob=0.650
​ 695I x:ageGp:fam 153:2:-1 by red 753:5:-1 at gen468 Univ0 prob=0.630
​ 695I x:ageGp:fam 852:6:-1 by red 155:2:-1 at gen468 Univ0 prob=0.449
​ 695I x:ageGp:fam 264:2:-1 by blue 185:2:-1 at gen468 Univ0 prob=0.332
​ 695I x:ageGp:fam 633:4:-1 by red 708:5:-1 at gen468 Univ0 prob=0.120
​ 703I x:ageGp:fam 879:6:-1 by blue 129:1:-1 at gen469 Univ0 prob=0.574
​ 703I x:ageGp:fam 352:2:-1 by red 234:2:-1 at gen469 Univ0 prob=0.806
​ 703I x:ageGp:fam 424:3:-1 by blue 354:2:-1 at gen469 Univ0 prob=0.512
​ 703I x:ageGp:fam 515:3:-1 by blue 817:5:-1 at gen469 Univ0 prob=0.193
​ 709I x:ageGp:fam 42:1:-1 by blue 555:4:-1 at gen470 Univ0 prob=0.793
​ 709I x:ageGp:fam 576:4:-1 by red 160:2:-1 at gen470 Univ0 prob=0.290
​ 709I x:ageGp:fam 171:2:-1 by red 708:5:-1 at gen470 Univ0 prob=0.364
​ 709I x:ageGp:fam 971:8:-1 by red 400:3:-1 at gen470 Univ0 prob=0.496
​ 709I x:ageGp:fam 609:4:-1 by blue 816:5:-1 at gen470 Univ0 prob=0.393
​ 709I x:ageGp:fam 632:4:-1 by blue 716:5:-1 at gen470 Univ0 prob=0.020
​ 709I x:ageGp:fam 787:5:-1 by red 904:7:-1 at gen470 Univ0 prob=0.979
​ 709I x:ageGp:fam 832:6:-1 by blue 801:5:-1 at gen470 Univ0 prob=0.868
​ 713I x:ageGp:fam 824:6:-1 by blue 36:0:-1 at gen471 Univ0 prob=0.368
​ 713I x:ageGp:fam 518:3:-1 by blue 197:2:-1 at gen471 Univ0 prob=0.289
​ 713I x:ageGp:fam 351:2:-1 by blue 595:4:-1 at gen471 Univ0 prob=0.200
​ 713I x:ageGp:fam 351:2:-1 by red 619:4:-1 at gen471 Univ0 prob=0.016
​ 713I x:ageGp:fam 790:5:-1 by blue 936:7:-1 at gen471 Univ0 prob=0.087
​ 721I x:ageGp:fam 503:3:-1 by red 48:1:-1 at gen472 Univ0 prob=0.506
​ 721I x:ageGp:fam 475:3:-1 by blue 104:1:-1 at gen472 Univ0 prob=0.979
​ 721I x:ageGp:fam 486:3:-1 by blue 318:2:-1 at gen472 Univ0 prob=0.916
​ 721I x:ageGp:fam 794:5:-1 by red 360:3:-1 at gen472 Univ0 prob=0.509
​ 721I x:ageGp:fam 908:7:-1 by blue 438:3:-1 at gen472 Univ0 prob=0.801
​ 721I x:ageGp:fam 724:5:-1 by blue 744:5:-1 at gen472 Univ0 prob=0.234
​ 721I x:ageGp:fam 890:6:-1 by blue 839:6:-1 at gen472 Univ0 prob=0.348
​ 725I x:ageGp:fam 416:3:-1 by blue 254:2:-1 at gen473 Univ0 prob=0.544
​ 725I x:ageGp:fam 449:3:-1 by red 398:3:-1 at gen473 Univ0 prob=0.418
​ 725I x:ageGp:fam 412:3:-1 by blue 529:3:-1 at gen473 Univ0 prob=0.236
​ 725I x:ageGp:fam 488:3:-1 by blue 825:6:-1 at gen473 Univ0 prob=0.407
​ 725I x:ageGp:fam 792:5:-1 by red 964:8:-1 at gen473 Univ0 prob=0.444
​ 732I x:ageGp:fam 195:2:-1 by blue 168:2:-1 at gen474 Univ0 prob=0.415
​ 732I x:ageGp:fam 399:3:-1 by blue 723:5:-1 at gen474 Univ0 prob=0.181
​ 737I x:ageGp:fam 257:2:-1 by blue 185:2:-1 at gen475 Univ0 prob=0.198
​ 737I x:ageGp:fam 308:2:-1 by blue 256:2:-1 at gen475 Univ0 prob=0.017
​ 737I x:ageGp:fam 330:2:-1 by blue 426:3:-1 at gen475 Univ0 prob=0.783
​ 737I x:ageGp:fam 567:4:-1 by red 505:3:-1 at gen475 Univ0 prob=0.608
​ 743I x:ageGp:fam 1:0:-1 by red 798:5:-1 at gen477 Univ0 prob=0.967
​ 743I x:ageGp:fam 2:0:-1 by red 974:8:-1 at gen477 Univ0 prob=0.164
​ 743I x:ageGp:fam 13:0:-1 by blue 28:0:-1 at gen477 Univ0 prob=0.255
​ 743I x:ageGp:fam 373:3:-1 by blue 809:5:-1 at gen477 Univ0 prob=0.008
​ 743I x:ageGp:fam 307:2:-1 by blue 20:0:-1 at gen478 Univ0 prob=0.909
​ 743I x:ageGp:fam 624:4:-1 by red 111:1:-1 at gen478 Univ0 prob=0.042
​ 743I x:ageGp:fam 797:5:-1 by red 374:3:-1 at gen478 Univ0 prob=0.763
​ 743I x:ageGp:fam 878:6:-1 by blue 996:9:-1 at gen478 Univ0 prob=0.580
​ 747I x:ageGp:fam 11:0:-1 by red 339:2:-1 at gen479 Univ0 prob=0.431
​ 747I x:ageGp:fam 65:1:-1 by blue 813:5:-1 at gen479 Univ0 prob=0.430
​ 747I x:ageGp:fam 383:3:-1 by blue 202:2:-1 at gen479 Univ0 prob=0.089
​ 747I x:ageGp:fam 854:6:-1 by red 295:2:-1 at gen479 Univ0 prob=0.556
​ 747I x:ageGp:fam 860:6:-1 by red 404:3:-1 at gen479 Univ0 prob=0.575
​ 751I x:ageGp:fam 358:2:-1 by red 23:0:-1 at gen480 Univ0 prob=0.274
​ 751I x:ageGp:fam 53:1:-1 by red 111:1:-1 at gen480 Univ0 prob=0.732
​ 751I x:ageGp:fam 101:1:-1 by blue 571:4:-1 at gen480 Univ0 prob=0.539
​ 751I x:ageGp:fam 147:2:-1 by red 149:2:-1 at gen480 Univ0 prob=0.630
​ 751I x:ageGp:fam 575:4:-1 by red 204:2:-1 at gen480 Univ0 prob=0.615
​ 751I x:ageGp:fam 290:2:-1 by blue 324:2:-1 at gen480 Univ0 prob=0.876
​ 751I x:ageGp:fam 455:3:-1 by red 456:3:-1 at gen480 Univ0 prob=0.303
​ 751I x:ageGp:fam 667:4:-1 by blue 616:4:-1 at gen480 Univ0 prob=0.478
​ 756I x:ageGp:fam 84:1:-1 by red 781:5:-1 at gen481 Univ0 prob=0.704
​ 756I x:ageGp:fam 188:2:-1 by blue 86:1:-1 at gen481 Univ0 prob=0.014
​ 756I x:ageGp:fam 830:6:-1 by red 217:2:-1 at gen481 Univ0 prob=0.928
​ 756I x:ageGp:fam 583:4:-1 by red 427:3:-1 at gen481 Univ0 prob=0.585
​ 756I x:ageGp:fam 935:7:-1 by blue 779:5:-1 at gen481 Univ0 prob=0.978
​ 764I x:ageGp:fam 91:1:-1 by red 333:2:-1 at gen482 Univ0 prob=0.129
​ 764I x:ageGp:fam 100:1:-1 by red 374:3:-1 at gen482 Univ0 prob=0.825
​ 764I x:ageGp:fam 405:3:-1 by blue 884:6:-1 at gen482 Univ0 prob=0.770
​ 769I x:ageGp:fam 861:6:-1 by red 420:3:-1 at gen483 Univ0 prob=0.565
​ 769I x:ageGp:fam 918:7:-1 by blue 494:3:-1 at gen483 Univ0 prob=0.911
​ 769I x:ageGp:fam 585:4:-1 by blue 566:4:-1 at gen483 Univ0 prob=0.867
​ 772I x:ageGp:fam 240:2:-1 by blue 36:0:-1 at gen484 Univ0 prob=0.064
​ 772I x:ageGp:fam 738:5:-1 by red 94:1:-1 at gen484 Univ0 prob=0.871
​ 772I x:ageGp:fam 178:2:-1 by red 301:2:-1 at gen484 Univ0 prob=0.210
​ 772I x:ageGp:fam 187:2:-1 by blue 479:3:-1 at gen484 Univ0 prob=0.672
​ 775I x:ageGp:fam 10:0:-1 by red 174:2:-1 at gen485 Univ0 prob=0.592
​ 775I x:ageGp:fam 50:1:-1 by blue 342:2:-1 at gen485 Univ0 prob=0.945
​ 775I x:ageGp:fam 159:2:-1 by red 953:8:-1 at gen485 Univ0 prob=0.034
​ 779I x:ageGp:fam 72:1:-1 by blue 501:3:-1 at gen486 Univ0 prob=0.670
​ 779I x:ageGp:fam 244:2:-1 by blue 716:5:-1 at gen486 Univ0 prob=0.955
​ 779I x:ageGp:fam 662:4:-1 by blue 266:2:-1 at gen486 Univ0 prob=0.846
​ 779I x:ageGp:fam 504:3:-1 by red 721:5:-1 at gen486 Univ0 prob=0.052
​ 779I x:ageGp:fam 919:7:-1 by blue 761:5:-1 at gen486 Univ0 prob=0.222
​ 782I x:ageGp:fam 60:1:-1 by red 327:2:-1 at gen487 Univ0 prob=0.015
​ 782I x:ageGp:fam 107:1:-1 by blue 506:3:-1 at gen487 Univ0 prob=0.885
​ 782I x:ageGp:fam 107:1:-1 by red 742:5:-1 at gen487 Univ0 prob=0.756
​ 782I x:ageGp:fam 184:2:-1 by red 673:4:-1 at gen487 Univ0 prob=0.814
​ 782I x:ageGp:fam 186:2:-1 by blue 316:2:-1 at gen487 Univ0 prob=0.571
​ 791I x:ageGp:fam 713:5:-1 by blue 177:2:-1 at gen489 Univ0 prob=0.596
​ 791I x:ageGp:fam 649:4:-1 by red 876:6:-1 at gen489 Univ0 prob=0.829
​ 791I x:ageGp:fam 800:5:-1 by blue 693:5:-1 at gen489 Univ0 prob=0.301
​ 791I x:ageGp:fam 410:3:-1 by red 23:0:-1 at gen490 Univ0 prob=0.041
​ 791I x:ageGp:fam 720:5:-1 by red 149:2:-1 at gen490 Univ0 prob=0.486
​ 791I x:ageGp:fam 675:4:-1 by red 731:5:-1 at gen490 Univ0 prob=0.099
​ 794I x:ageGp:fam 45:1:-1 by red 108:1:-1 at gen491 Univ0 prob=0.783
​ 794I x:ageGp:fam 272:2:-1 by red 201:2:-1 at gen491 Univ0 prob=0.106
​ 797I x:ageGp:fam 127:1:-1 by red 798:5:-1 at gen492 Univ0 prob=0.824
​ 797I x:ageGp:fam 959:8:-1 by blue 182:2:-1 at gen492 Univ0 prob=0.909
​ 797I x:ageGp:fam 190:2:-1 by red 324:2:-1 at gen492 Univ0 prob=0.750
​ 797I x:ageGp:fam 736:5:-1 by red 295:2:-1 at gen492 Univ0 prob=0.406
​ 797I x:ageGp:fam 912:7:-1 by red 313:2:-1 at gen492 Univ0 prob=0.995
​ 797I x:ageGp:fam 440:3:-1 by blue 388:3:-1 at gen492 Univ0 prob=0.327
​ 797I x:ageGp:fam 516:3:-1 by blue 837:6:-1 at gen492 Univ0 prob=0.105
​ 797I x:ageGp:fam 737:5:-1 by red 900:6:-1 at gen492 Univ0 prob=0.197
​ 799I x:ageGp:fam 4:0:-1 by red 672:4:-1 at gen493 Univ0 prob=0.275
​ 799I x:ageGp:fam 317:2:-1 by blue 210:2:-1 at gen493 Univ0 prob=0.382
​ 799I x:ageGp:fam 995:9:-1 by red 212:2:-1 at gen493 Univ0 prob=0.866
​ 799I x:ageGp:fam 640:4:-1 by red 275:2:-1 at gen493 Univ0 prob=0.333
​ 799I x:ageGp:fam 315:2:-1 by red 828:6:-1 at gen493 Univ0 prob=0.849
​ 799I x:ageGp:fam 679:4:-1 by yellow 336:2:-1 at gen493 Univ0 prob=0.940
​ 807I x:ageGp:fam 680:4:-1 by blue 59:1:-1 at gen494 Univ0 prob=0.028
​ 807I x:ageGp:fam 130:1:-1 by blue 487:3:-1 at gen494 Univ0 prob=0.387
​ 807I x:ageGp:fam 714:5:-1 by red 857:6:-1 at gen494 Univ0 prob=0.924
​ 813I x:ageGp:fam 183:2:-1 by blue 206:2:-1 at gen495 Univ0 prob=0.684
​ 813I x:ageGp:fam 344:2:-1 by blue 868:6:-1 at gen495 Univ0 prob=0.623
​ 813I x:ageGp:fam 387:3:-1 by red 721:5:-1 at gen495 Univ0 prob=0.655
​ 813I x:ageGp:fam 584:4:-1 by blue 395:3:-1 at gen495 Univ0 prob=0.880
​ 816I x:ageGp:fam 539:3:-1 by blue 20:0:-1 at gen496 Univ0 prob=0.347
​ 816I x:ageGp:fam 134:2:-1 by red 36:0:-1 at gen496 Univ0 prob=0.348
​ 816I x:ageGp:fam 118:1:-1 by blue 284:2:-1 at gen496 Univ0 prob=0.202
​ 816I x:ageGp:fam 806:5:-1 by blue 512:3:-1 at gen496 Univ0 prob=0.517
​ 816I x:ageGp:fam 600:4:-1 by red 953:8:-1 at gen496 Univ0 prob=0.961
​ 820I x:ageGp:fam 200:2:-1 by red 229:2:-1 at gen497 Univ0 prob=0.276
​ 820I x:ageGp:fam 773:5:-1 by blue 216:2:-1 at gen497 Univ0 prob=0.645
​ 820I x:ageGp:fam 614:4:-1 by blue 562:4:-1 at gen497 Univ0 prob=0.172
​ 820I x:ageGp:fam 573:4:-1 by blue 774:5:-1 at gen497 Univ0 prob=0.262
​ 820I x:ageGp:fam 965:8:-1 by red 721:5:-1 at gen497 Univ0 prob=0.745
​ 825I x:ageGp:fam 581:4:-1 by red 28:0:-1 at gen498 Univ0 prob=0.455
​ 825I x:ageGp:fam 180:2:-1 by red 494:3:-1 at gen498 Univ0 prob=0.359
​ 825I x:ageGp:fam 509:3:-1 by blue 996:9:-1 at gen498 Univ0 prob=0.497
​ 830I x:ageGp:fam 334:2:-1 by red 435:3:-1 at gen499 Univ0 prob=0.001
​ 830I x:ageGp:fam 764:5:-1 by blue 392:3:-1 at gen499 Univ0 prob=0.541
​ 830I x:ageGp:fam 947:7:-1 by red 543:4:-1 at gen499 Univ0 prob=0.503
​ 833I x:ageGp:fam 973:8:-1 by blue 378:3:-1 at gen500 Univ0 prob=0.874
​ 836I x:ageGp:fam 867:6:-1 by red 124:1:-1 at gen501 Univ0 prob=0.827
​ 836I x:ageGp:fam 144:2:-1 by blue 865:6:-1 at gen501 Univ0 prob=0.148
​ 836I x:ageGp:fam 895:6:-1 by blue 289:2:-1 at gen501 Univ0 prob=0.206
​ 836I x:ageGp:fam 390:3:-1 by blue 754:5:-1 at gen501 Univ0 prob=0.683
​ 837I x:ageGp:fam 55:1:-1 by red 228:2:-1 at gen502 Univ0 prob=0.606
​ 837I x:ageGp:fam 610:4:-1 by blue 620:4:-1 at gen502 Univ0 prob=0.475
​ 841I x:ageGp:fam 751:5:-1 by red 362:3:-1 at gen503 Univ0 prob=0.637
​ 841I x:ageGp:fam 670:4:-1 by red 974:8:-1 at gen503 Univ0 prob=0.061
​ 843I x:ageGp:fam 978:8:-1 by blue 61:1:-1 at gen504 Univ0 prob=0.649
​ 843I x:ageGp:fam 93:1:-1 by blue 266:2:-1 at gen504 Univ0 prob=0.099
​ 843I x:ageGp:fam 209:2:-1 by blue 719:5:-1 at gen504 Univ0 prob=0.707
​ 843I x:ageGp:fam 823:6:-1 by blue 354:2:-1 at gen504 Univ0 prob=0.296
​ 843I x:ageGp:fam 875:6:-1 by blue 525:3:-1 at gen504 Univ0 prob=0.656
​ 845I x:ageGp:fam 530:3:-1 by blue 177:2:-1 at gen505 Univ0 prob=0.443
​ 845I x:ageGp:fam 866:6:-1 by red 848:6:-1 at gen505 Univ0 prob=0.657
​ 850I x:ageGp:fam 146:2:-1 by red 288:2:-1 at gen506 Univ0 prob=0.350
​ 852I x:ageGp:fam 655:4:-1 by blue 128:1:-1 at gen507 Univ0 prob=0.470
​ 852I x:ageGp:fam 626:4:-1 by red 484:3:-1 at gen507 Univ0 prob=0.523
​ 852I x:ageGp:fam 842:6:-1 by blue 621:4:-1 at gen507 Univ0 prob=0.150
​ 856I x:ageGp:fam 70:1:-1 by blue 77:1:-1 at gen509 Univ0 prob=0.488
​ 856I x:ageGp:fam 927:7:-1 by red 339:2:-1 at gen509 Univ0 prob=0.937
​ 858I x:ageGp:fam 615:4:-1 by blue 287:2:-1 at gen511 Univ0 prob=0.086
​ 858I x:ageGp:fam 78:1:-1 by red 430:3:-1 at gen512 Univ0 prob=0.927
​ 858I x:ageGp:fam 696:5:-1 by red 179:2:-1 at gen512 Univ0 prob=0.650
​ 858I x:ageGp:fam 841:6:-1 by red 269:2:-1 at gen512 Univ0 prob=0.094
​ 858I x:ageGp:fam 452:3:-1 by red 721:5:-1 at gen512 Univ0 prob=0.536
​ 858I x:ageGp:fam 470:3:-1 by blue 862:6:-1 at gen512 Univ0 prob=0.551
​ 858I x:ageGp:fam 537:3:-1 by blue 612:4:-1 at gen512 Univ0 prob=0.898
AgeVaxH35.js:2299 859I x:ageGp:fam 95:1:-1 by blue 775:5:-1 at gen513 Univ0 prob=0.917
AgeVaxH35.js:2299 859I x:ageGp:fam 998:9:-1 by blue 110:1:-1 at gen513 Univ0 prob=0.566
AgeVaxH35.js:2299 859I x:ageGp:fam 397:3:-1 by red 149:2:-1 at gen513 Univ0 prob=0.361
AgeVaxH35.js:2299 859I x:ageGp:fam 164:2:-1 by red 456:3:-1 at gen513 Univ0 prob=0.509
AgeVaxH35.js:2299 859I x:ageGp:fam 247:2:-1 by blue 735:5:-1 at gen513 Univ0 prob=0.290
AgeVaxH35.js:2299 865I x:ageGp:fam 844:6:-1 by red 672:4:-1 at gen514 Univ0 prob=0.895
AgeVaxH35.js:2299 870I x:ageGp:fam 319:2:-1 by red 952:8:-1 at gen515 Univ0 prob=0.097
AgeVaxH35.js:2299 870I x:ageGp:fam 847:6:-1 by red 444:3:-1 at gen515 Univ0 prob=0.407
AgeVaxH35.js:2299 871I x:ageGp:fam 513:3:-1 by blue 422:3:-1 at gen516 Univ0 prob=0.348
AgeVaxH35.js:2299 871I x:ageGp:fam 756:5:-1 by red 650:4:-1 at gen516 Univ0 prob=0.671
AgeVaxH35.js:2299 873I x:ageGp:fam 519:3:-1 by blue 549:4:-1 at gen517 Univ0 prob=0.466
AgeVaxH35.js:2299 875I x:ageGp:fam 829:6:-1 by blue 12:0:-1 at gen518 Univ0 prob=0.445
AgeVaxH35.js:2299 875I x:ageGp:fam 274:2:-1 by blue 661:4:-1 at gen518 Univ0 prob=0.473
AgeVaxH35.js:2299 875I x:ageGp:fam 791:5:-1 by blue 545:4:-1 at gen518 Univ0 prob=0.570
AgeVaxH35.js:2299 875I x:ageGp:fam 690:5:-1 by red 702:5:-1 at gen518 Univ0 prob=0.275
AgeVaxH35.js:2299 876I x:ageGp:fam 853:6:-1 by blue 392:3:-1 at gen519 Univ0 prob=0.455
AgeVaxH35.js:2299 876I x:ageGp:fam 930:7:-1 by red 442:3:-1 at gen519 Univ0 prob=0.970
AgeVaxH35.js:2299 882I x:ageGp:fam 69:1:-1 by red 900:6:-1 at gen521 Univ0 prob=0.839
AgeVaxH35.js:2299 882I x:ageGp:fam 582:4:-1 by red 132:2:-1 at gen521 Univ0 prob=0.370
AgeVaxH35.js:2299 882I x:ageGp:fam 355:2:-1 by red 343:2:-1 at gen521 Univ0 prob=0.058
AgeVaxH35.js:2299 882I x:ageGp:fam 507:3:-1 by red 404:3:-1 at gen521 Univ0 prob=0.520
AgeVaxH35.js:2299 882I x:ageGp:fam 531:3:-1 by blue 660:4:-1 at gen521 Univ0 prob=0.956
AgeVaxH35.js:2299 882I x:ageGp:fam 958:8:-1 by blue 825:6:-1 at gen521 Univ0 prob=0.556
AgeVaxH35.js:2299 882I x:ageGp:fam 999:9:-1 by red 36:0:-1 at gen522 Univ0 prob=0.292
AgeVaxH35.js:2299 882I x:ageGp:fam 267:2:-1 by blue 710:5:-1 at gen522 Univ0 prob=0.197
AgeVaxH35.js:2299 888I x:ageGp:fam 656:4:-1 by red 777:5:-1 at gen523 Univ0 prob=0.882
AgeVaxH35.js:2299 890I x:ageGp:fam 845:6:-1 by red 400:3:-1 at gen524 Univ0 prob=0.265
AgeVaxH35.js:2299 890I x:ageGp:fam 658:4:-1 by red 459:3:-1 at gen524 Univ0 prob=0.161
AgeVaxH35.js:2299 890I x:ageGp:fam 985:9:-1 by red 805:5:-1 at gen524 Univ0 prob=0.375
AgeVaxH35.js:2299 891I x:ageGp:fam 915:7:-1 by red 18:0:-1 at gen525 Univ0 prob=0.850
AgeVaxH35.js:2299 891I x:ageGp:fam 913:7:-1 by red 360:3:-1 at gen525 Univ0 prob=0.605
AgeVaxH35.js:2299 894I x:ageGp:fam 102:1:-1 by blue 167:2:-1 at gen526 Univ0 prob=0.260
AgeVaxH35.js:2299 894I x:ageGp:fam 163:2:-1 by red 438:3:-1 at gen526 Univ0 prob=0.377
AgeVaxH35.js:2299 894I x:ageGp:fam 415:3:-1 by blue 620:4:-1 at gen526 Univ0 prob=0.826
AgeVaxH35.js:2299 896I x:ageGp:fam 52:1:-1 by red 395:3:-1 at gen527 Univ0 prob=0.562
AgeVaxH35.js:2299 896I x:ageGp:fam 122:1:-1 by red 848:6:-1 at gen527 Univ0 prob=0.637
AgeVaxH35.js:2299 896I x:ageGp:fam 969:8:-1 by blue 241:2:-1 at gen527 Univ0 prob=0.032
AgeVaxH35.js:2299 896I x:ageGp:fam 371:3:-1 by red 340:2:-1 at gen527 Univ0 prob=0.293
AgeVaxH35.js:2299 896I x:ageGp:fam 458:3:-1 by blue 807:5:-1 at gen527 Univ0 prob=0.077
AgeVaxH35.js:2299 899I x:ageGp:fam 193:2:-1 by blue 37:0:-1 at gen528 Univ0 prob=0.908
AgeVaxH35.js:2299 904I x:ageGp:fam 986:9:-1 by blue 728:5:-1 at gen529 Univ0 prob=0.863
AgeVaxH35.js:2299 905I x:ageGp:fam 233:2:-1 by blue 544:4:-1 at gen530 Univ0 prob=0.603
AgeVaxH35.js:2299 905I x:ageGp:fam 831:6:-1 by red 595:4:-1 at gen530 Univ0 prob=0.250
AgeVaxH35.js:2299 905I x:ageGp:fam 966:8:-1 by blue 799:5:-1 at gen530 Univ0 prob=0.578
AgeVaxH35.js:2299 906I x:ageGp:fam 929:7:-1 by blue 98:1:-1 at gen531 Univ0 prob=0.737
AgeVaxH35.js:2299 909I x:ageGp:fam 877:6:-1 by blue 457:3:-1 at gen532 Univ0 prob=0.469
AgeVaxH35.js:2299 910I x:ageGp:fam 106:1:-1 by red 933:7:-1 at gen533 Univ0 prob=0.602
AgeVaxH35.js:2299 911I x:ageGp:fam 989:9:-1 by red 605:4:-1 at gen534 Univ0 prob=0.712
AgeVaxH35.js:2299 912I x:ageGp:fam 955:8:-1 by red 226:2:-1 at gen535 Univ0 prob=0.396
AgeVaxH35.js:2299 912I x:ageGp:fam 849:6:-1 by red 228:2:-1 at gen535 Univ0 prob=0.979
AgeVaxH35.js:2299 912I x:ageGp:fam 923:7:-1 by red 312:2:-1 at gen535 Univ0 prob=0.572
AgeVaxH35.js:2299 912I x:ageGp:fam 556:4:-1 by red 396:3:-1 at gen535 Univ0 prob=0.486
AgeVaxH35.js:2299 913I x:ageGp:fam 987:9:-1 by blue 192:2:-1 at gen536 Univ0 prob=0.908
AgeVaxH35.js:2299 917I x:ageGp:fam 96:1:-1 by red 744:5:-1 at gen537 Univ0 prob=0.185
AgeVaxH35.js:2299 917I x:ageGp:fam 133:2:-1 by red 550:4:-1 at gen537 Univ0 prob=0.605
AgeVaxH35.js:2299 918I x:ageGp:fam 447:3:-1 by red 855:6:-1 at gen538 Univ0 prob=0.897
AgeVaxH35.js:2299 920I x:ageGp:fam 366:3:-1 by blue 140:2:-1 at gen539 Univ0 prob=0.923
AgeVaxH35.js:2299 921I x:ageGp:fam 38:0:-1 by red 210:2:-1 at gen540 Univ0 prob=0.953
AgeVaxH35.js:2299 921I x:ageGp:fam 40:1:-1 by red 796:5:-1 at gen540 Univ0 prob=0.691
AgeVaxH35.js:2299 921I x:ageGp:fam 701:5:-1 by red 933:7:-1 at gen540 Univ0 prob=0.222
AgeVaxH35.js:2299 922I x:ageGp:fam 27:0:-1 by red 379:3:-1 at gen541 Univ0 prob=0.025
AgeVaxH35.js:2299 925I x:ageGp:fam 377:3:-1 by red 114:1:-1 at gen542 Univ0 prob=0.345
AgeVaxH35.js:2299 925I x:ageGp:fam 553:4:-1 by blue 187:2:-1 at gen542 Univ0 prob=0.104
AgeVaxH35.js:2299 925I x:ageGp:fam 299:2:-1 by blue 231:2:-1 at gen542 Univ0 prob=0.018
AgeVaxH35.js:2299 925I x:ageGp:fam 377:3:-1 by blue 293:2:-1 at gen542 Univ0 prob=0.878
AgeVaxH35.js:2299 925I x:ageGp:fam 691:5:-1 by red 605:4:-1 at gen542 Univ0 prob=0.941
AgeVaxH35.js:2299 926I x:ageGp:fam 548:4:-1 by blue 264:2:-1 at gen543 Univ0 prob=0.558
AgeVaxH35.js:2299 926I x:ageGp:fam 548:4:-1 by red 664:4:-1 at gen543 Univ0 prob=0.879
AgeVaxH35.js:2299 930I x:ageGp:fam 305:2:-1 by red 128:1:-1 at gen544 Univ0 prob=0.255
AgeVaxH35.js:2299 930I x:ageGp:fam 643:4:-1 by blue 268:2:-1 at gen544 Univ0 prob=0.098
AgeVaxH35.js:2299 930I x:ageGp:fam 846:6:-1 by red 292:2:-1 at gen544 Univ0 prob=0.204
AgeVaxH35.js:2299 930I x:ageGp:fam 897:6:-1 by blue 315:2:-1 at gen544 Univ0 prob=0.946
AgeVaxH35.js:2299 930I x:ageGp:fam 386:3:-1 by red 527:3:-1 at gen544 Univ0 prob=0.718
AgeVaxH35.js:2299 930I x:ageGp:fam 635:4:-1 by blue 443:3:-1 at gen544 Univ0 prob=0.647
AgeVaxH35.js:2299 937I x:ageGp:fam 126:1:-1 by red 59:1:-1 at gen546 Univ0 prob=0.161
AgeVaxH35.js:2299 937I x:ageGp:fam 255:2:-1 by blue 620:4:-1 at gen546 Univ0 prob=0.265
AgeVaxH35.js:2299 937I x:ageGp:fam 389:3:-1 by blue 879:6:-1 at gen547 Univ0 prob=0.660
AgeVaxH35.js:2299 939I x:ageGp:fam 892:6:-1 by blue 446:3:-1 at gen548 Univ0 prob=0.079
AgeVaxH35.js:2299 940I x:ageGp:fam 99:1:-1 by red 393:3:-1 at gen549 Univ0 prob=0.324
AgeVaxH35.js:2299 942I x:ageGp:fam 436:3:-1 by red 225:2:-1 at gen552 Univ0 prob=0.449
AgeVaxH35.js:2299 942I x:ageGp:fam 547:4:-1 by red 254:2:-1 at gen552 Univ0 prob=0.625
AgeVaxH35.js:2299 942I x:ageGp:fam 492:3:-1 by blue 572:4:-1 at gen552 Univ0 prob=0.906
AgeVaxH35.js:2299 942I x:ageGp:fam 123:1:-1 by red 229:2:-1 at gen553 Univ0 prob=0.670
AgeVaxH35.js:2299 945I x:ageGp:fam 889:6:-1 by blue 832:6:-1 at gen554 Univ0 prob=0.596
AgeVaxH35.js:2299 947I x:ageGp:fam 984:9:-1 by red 367:3:-1 at gen556 Univ0 prob=0.760
AgeVaxH35.js:2299 948I x:ageGp:fam 924:7:-1 by red 342:2:-1 at gen560 Univ0 prob=0.780
AgeVaxH35.js:2299 949I x:ageGp:fam 152:2:-1 by blue 358:2:-1 at gen562 Univ0 prob=0.327
AgeVaxH35.js:2299 949I x:ageGp:fam 407:3:-1 by blue 140:2:-1 at gen563 Univ0 prob=0.710
AgeVaxH35.js:2299 949I x:ageGp:fam 951:8:-1 by red 837:6:-1 at gen563 Univ0 prob=0.040
AgeVaxH35.js:2299 952I x:ageGp:fam 698:5:-1 by red 719:5:-1 at gen565 Univ0 prob=0.281
AgeVaxH35.js:2299 953I x:ageGp:fam 653:4:-1 by blue 511:3:-1 at gen569 Univ0 prob=0.138
AgeVaxH35.js:2299 954I x:ageGp:fam 540:3:-1 by red 809:5:-1 at gen576 Univ0 prob=0.404
AgeVaxH35.js:2299 954I x:ageGp:fam 119:1:-1 by red 463:3:-1 at gen577 Univ0 prob=0.597
AgeVaxH35.js:2299 956I x:ageGp:fam 121:1:-1 by blue 640:4:-1 at gen583 Univ0 prob=0.047
AgeVaxH35.js:2299 956I x:ageGp:fam 960:8:-1 by blue 272:2:-1 at gen584 Univ0 prob=0.401
AgeVaxH35.js:2299 956I x:ageGp:fam 916:7:-1 by blue 824:6:-1 at gen584 Univ0 prob=0.011
AgeVaxH35.js:2299 959I x:ageGp:fam 932:7:-1 by red 981:8:-1 at gen587 Univ0 prob=0.475
AgeVaxH35.js:2299 960I x:ageGp:fam 417:3:-1 by red 833:6:-1 at gen590 Univ0 prob=0.156
AgeVaxH35.js:2299 961I x:ageGp:fam 591:4:-1 by blue 209:2:-1 at gen594 Univ0 prob=0.677
AgeVaxH35.js:2299 962I x:ageGp:fam 956:8:-1 by red 162:2:-1 at gen596 Univ0 prob=0.039
AgeVaxH35.js:2299 962I x:ageGp:fam 309:2:-1 by red 167:2:-1 at gen597 Univ0 prob=0.753
AgeVaxH35.js:2299 964I x:ageGp:fam 834:6:-1 by red 162:2:-1 at gen600 Univ0 prob=0.123
AgeVaxH35.js:2299 964I x:ageGp:fam 940:7:-1 by blue 415:3:-1 at gen600 Univ0 prob=0.889
AgeVaxH35.js:2299 964I x:ageGp:fam 992:9:-1 by red 762:5:-1 at gen600 Univ0 prob=0.380
AgeVaxH35.js:2299 964I x:ageGp:fam 642:4:-1 by blue 507:3:-1 at gen601 Univ0 prob=0.202
AgeVaxH35.js:2299 967I x:ageGp:fam 826:6:-1 by red 248:2:-1 at gen602 Univ0 prob=0.728
AgeVaxH35.js:2299 969I x:ageGp:fam 473:3:-1 by blue 164:2:-1 at gen605 Univ0 prob=0.984
AgeVaxH35.js:2299 970I x:ageGp:fam 926:7:-1 by red 559:4:-1 at gen613 Univ0 prob=0.530
AgeVaxH35.js:2299 970I x:ageGp:fam 911:7:-1 by red 794:5:-1 at gen614 Univ0 prob=0.351
AgeVaxH35.js:2299 972I x:ageGp:fam 920:7:-1 by red 200:2:-1 at gen623 Univ0 prob=0.606
AgeVaxH35.js:2299 973I x:ageGp:fam 6:0:-1 by red 110:1:-1 at gen629 Univ0 prob=0.693
AgeVaxH35.js:2299 974I x:ageGp:fam 145:2:-1 by red 258:2:-1 at gen631 Univ0 prob=0.586
AgeVaxH35.js:2299 975I x:ageGp:fam 909:7:-1 by red 754:5:-1 at gen634 Univ0 prob=0.736
AgeVaxH35.js:2299 976I x:ageGp:fam 542:4:-1 by red 843:6:-1 at gen638 Univ0 prob=0.778
AgeVaxH35.js:2299 977I x:ageGp:fam 994:9:-1 by red 308:2:-1 at gen643 Univ0 prob=0.082
AgeVaxH35.js:2299 978I x:ageGp:fam 113:1:-1 by red 106:1:-1 at gen651 Univ0 prob=0.491
AgeVaxH35.js:2299 979I x:ageGp:fam 502:3:-1 by blue 553:4:-1 at gen656 Univ0 prob=0.339
AgeVaxH35.js:2299 980I x:ageGp:fam 815:5:-1 by red 807:5:-1 at gen663 Univ0 prob=0.542
AgeVaxH35.js:2299 981I x:ageGp:fam 937:7:-1 by red 932:7:-1 at gen788 Univ0 prob=0.030
