​ Wed Jan 20 2021 14:32:39 GMT-0800 (Pacific Standard Time)
​ CovidSIMVL Mode1 and Mod2 Hybrid 35d
​ Mode 1 >13 and <36 is 75%
​ Mode 2 >28 is 95%; >13 and <29 is 75%
​ exit covidSim
​ getAsText File {name: "Popn1000.csv", lastModified: 1611021598000, lastModifiedDate: Mon Jan 18 2021 17:59:58 GMT-0800 (Pacific Standard Time), webkitRelativePath: "", size: 23944, …}
​ File {name: "Popn1000.csv", lastModified: 1611021598000, lastModifiedDate: Mon Jan 18 2021 17:59:58 GMT-0800 (Pacific Standard Time), webkitRelativePath: "", size: 23944, …}
​ getAsText File {name: "VL1ageGp2.csv", lastModified: 1611004274000, lastModifiedDate: Mon Jan 18 2021 13:11:14 GMT-0800 (Pacific Standard Time), webkitRelativePath: "", size: 65, …}
​ File {name: "VL1ageGp2.csv", lastModified: 1611004274000, lastModifiedDate: Mon Jan 18 2021 13:11:14 GMT-0800 (Pacific Standard Time), webkitRelativePath: "", size: 65, …}
​ Red Days changed to 10
​ New Hazard Radius = 1.7
​ new Mingle Factor = 7
​ 1I j:ageGp:fam 403:3:-1 by blue 150:2:-1 at gen2 Univ0 prob=0.763
​ 2I j:ageGp:fam 496:3:-1 by blue 150:2:-1 at gen7 Univ0 prob=0.295
​ 2I j:ageGp:fam 832:6:-1 by blue 150:2:-1 at gen7 Univ0 prob=0.341
​ 4I j:ageGp:fam 184:2:-1 by blue 150:2:-1 at gen35 Univ0 prob=0.177
​ 5I j:ageGp:fam 739:5:-1 by red 150:2:-1 at gen43 Univ0 prob=0.884
​ 6I j:ageGp:fam 528:3:-1 by red 150:2:-1 at gen57 Univ0 prob=0.822
​ 7I j:ageGp:fam 812:5:-1 by blue 403:3:-1 at gen75 Univ0 prob=0.583
​ 8I j:ageGp:fam 200:2:-1 by red 150:2:-1 at gen77 Univ0 prob=0.521
​ 9I i:ageGp:fam 161:2:-1 by blue 832:6:-1 at gen83 Univ0 prob=0.768
​ 10I i:ageGp:fam 326:2:-1 by blue 403:3:-1 at gen88 Univ0 prob=0.099
​ 11I j:ageGp:fam 712:5:-1 by blue 496:3:-1 at gen90 Univ0 prob=0.285
​ 12I j:ageGp:fam 738:5:-1 by blue 403:3:-1 at gen95 Univ0 prob=0.856
​ 13I i:ageGp:fam 249:2:-1 by blue 832:6:-1 at gen98 Univ0 prob=0.294
​ 13I j:ageGp:fam 400:3:-1 by red 150:2:-1 at gen99 Univ0 prob=0.066
​ 15I j:ageGp:fam 686:4:-1 by red 150:2:-1 at gen107 Univ0 prob=0.073
​ 15I j:ageGp:fam 795:5:-1 by yellow 528:3:-1 at gen108 Univ0 prob=0.442
​ 16I j:ageGp:fam 965:8:-1 by blue 184:2:-1 at gen109 Univ0 prob=0.303
​ 18I j:ageGp:fam 815:5:-1 by blue 403:3:-1 at gen114 Univ0 prob=0.460
​ 18I j:ageGp:fam 456:3:-1 by blue 184:2:-1 at gen115 Univ0 prob=0.085
​ 19I j:ageGp:fam 497:3:-1 by yellow 456:3:-1 at gen116 Univ0 prob=0.697
​ 21I i:ageGp:fam 405:3:-1 by blue 832:6:-1 at gen118 Univ0 prob=0.528
​ 22I i:ageGp:fam 340:2:-1 by red 403:3:-1 at gen120 Univ0 prob=0.486
​ 22I i:ageGp:fam 586:4:-1 by blue 739:5:-1 at gen120 Univ0 prob=0.504
​ 24I i:ageGp:fam 205:2:-1 by blue 496:3:-1 at gen122 Univ0 prob=0.799
​ 25I j:ageGp:fam 802:5:-1 by blue 739:5:-1 at gen124 Univ0 prob=0.689
​ 25I i:ageGp:fam 168:2:-1 by blue 184:2:-1 at gen125 Univ0 prob=0.652
​ 26I j:ageGp:fam 601:4:-1 by blue 184:2:-1 at gen126 Univ0 prob=0.820
​ 28I i:ageGp:fam 158:2:-1 by yellow 205:2:-1 at gen128 Univ0 prob=0.638
​ 28I i:ageGp:fam 394:3:-1 by red 496:3:-1 at gen128 Univ0 prob=0.247
​ 28I i:ageGp:fam 279:2:-1 by red 832:6:-1 at gen129 Univ0 prob=0.683
​ 31I j:ageGp:fam 893:6:-1 by yellow 168:2:-1 at gen133 Univ0 prob=0.907
​ 31I j:ageGp:fam 516:3:-1 by red 150:2:-1 at gen134 Univ0 prob=0.185
​ 33I j:ageGp:fam 411:3:-1 by yellow 326:2:-1 at gen137 Univ0 prob=0.068
​ 34I j:ageGp:fam 914:7:-1 by blue 161:2:-1 at gen140 Univ0 prob=0.447
​ 34I j:ageGp:fam 622:4:-1 by red 403:3:-1 at gen140 Univ0 prob=0.967
​ 34I i:ageGp:fam 39:0:-1 by blue 184:2:-1 at gen141 Univ0 prob=0.427
​ 34I j:ageGp:fam 968:8:-1 by blue 184:2:-1 at gen141 Univ0 prob=0.440
​ 38I j:ageGp:fam 628:4:-1 by blue 200:2:-1 at gen145 Univ0 prob=0.123
​ 38I j:ageGp:fam 750:5:-1 by blue 184:2:-1 at gen146 Univ0 prob=0.661
​ 39I i:ageGp:fam 292:2:-1 by blue 528:3:-1 at gen147 Univ0 prob=0.092
​ 39I i:ageGp:fam 324:2:-1 by blue 528:3:-1 at gen147 Univ0 prob=0.300
​ 42I i:ageGp:fam 273:2:-1 by red 496:3:-1 at gen150 Univ0 prob=0.935
​ 43I j:ageGp:fam 618:4:-1 by red 496:3:-1 at gen153 Univ0 prob=0.587
​ 44I i:ageGp:fam 291:2:-1 by blue 812:5:-1 at gen156 Univ0 prob=0.139
​ 44I i:ageGp:fam 78:1:-1 by yellow 291:2:-1 at gen157 Univ0 prob=0.502
​ 46I i:ageGp:fam 36:0:-1 by blue 249:2:-1 at gen159 Univ0 prob=0.666
​ 46I i:ageGp:fam 278:2:-1 by red 832:6:-1 at gen159 Univ0 prob=0.611
​ 46I i:ageGp:fam 658:4:-1 by blue 739:5:-1 at gen159 Univ0 prob=0.788
​ 46I i:ageGp:fam 319:2:-1 by blue 528:3:-1 at gen160 Univ0 prob=0.689
​ 46I j:ageGp:fam 659:4:-1 by green 319:2:-1 at gen160 Univ0 prob=0.033
​ 49I i:ageGp:fam 482:3:-1 by red 496:3:-1 at gen161 Univ0 prob=0.913
​ 49I j:ageGp:fam 985:9:-1 by green 482:3:-1 at gen161 Univ0 prob=0.026
​ 49I i:ageGp:fam 668:4:-1 by red 832:6:-1 at gen161 Univ0 prob=0.431
​ 49I i:ageGp:fam 799:5:-1 by green 985:9:-1 at gen161 Univ0 prob=0.232
​ 55I j:ageGp:fam 198:2:-1 by blue 161:2:-1 at gen163 Univ0 prob=0.647
​ 56I j:ageGp:fam 917:7:-1 by blue 161:2:-1 at gen166 Univ0 prob=0.794
​ 56I j:ageGp:fam 698:5:-1 by red 184:2:-1 at gen167 Univ0 prob=0.771
​ 56I j:ageGp:fam 744:5:-1 by yellow 291:2:-1 at gen167 Univ0 prob=0.862
​ 56I j:ageGp:fam 777:5:-1 by blue 456:3:-1 at gen167 Univ0 prob=0.585
​ 57I i:ageGp:fam 287:2:-1 by yellow 622:4:-1 at gen168 Univ0 prob=0.677
​ 57I j:ageGp:fam 580:4:-1 by blue 405:3:-1 at gen168 Univ0 prob=0.820
​ 57I j:ageGp:fam 755:5:-1 by blue 405:3:-1 at gen168 Univ0 prob=0.736
​ 57I j:ageGp:fam 946:7:-1 by blue 456:3:-1 at gen168 Univ0 prob=0.612
​ 64I i:ageGp:fam 66:1:-1 by red 184:2:-1 at gen170 Univ0 prob=0.644
​ 64I j:ageGp:fam 576:4:-1 by yellow 205:2:-1 at gen170 Univ0 prob=0.306
​ 64I i:ageGp:fam 470:3:-1 by yellow 917:7:-1 at gen171 Univ0 prob=0.264
​ 66I j:ageGp:fam 858:6:-1 by blue 528:3:-1 at gen172 Univ0 prob=0.938
​ 67I j:ageGp:fam 294:2:-1 by yellow 66:1:-1 at gen173 Univ0 prob=0.518
​ 67I j:ageGp:fam 697:5:-1 by yellow 66:1:-1 at gen173 Univ0 prob=0.594
​ 67I i:ageGp:fam 126:1:-1 by red 496:3:-1 at gen173 Univ0 prob=0.204
​ 67I i:ageGp:fam 331:2:-1 by blue 586:4:-1 at gen173 Univ0 prob=0.478
​ 67I i:ageGp:fam 571:4:-1 by blue 586:4:-1 at gen173 Univ0 prob=0.658
​ 68I i:ageGp:fam 500:3:-1 by red 832:6:-1 at gen174 Univ0 prob=0.000
​ 73I j:ageGp:fam 359:3:-1 by blue 326:2:-1 at gen175 Univ0 prob=0.446
​ 74I i:ageGp:fam 154:2:-1 by blue 812:5:-1 at gen176 Univ0 prob=0.374
​ 74I i:ageGp:fam 212:2:-1 by red 403:3:-1 at gen176 Univ0 prob=0.100
​ 74I j:ageGp:fam 895:6:-1 by green 212:2:-1 at gen176 Univ0 prob=0.734
​ 74I j:ageGp:fam 895:6:-1 by red 403:3:-1 at gen176 Univ0 prob=0.243
​ 74I i:ageGp:fam 603:4:-1 by blue 686:4:-1 at gen176 Univ0 prob=0.639
​ 75I i:ageGp:fam 248:2:-1 by blue 456:3:-1 at gen177 Univ0 prob=0.418
​ 75I i:ageGp:fam 402:3:-1 by red 739:5:-1 at gen177 Univ0 prob=0.962
​ 79I j:ageGp:fam 638:4:-1 by yellow 359:3:-1 at gen178 Univ0 prob=0.326
​ 81I j:ageGp:fam 703:5:-1 by red 184:2:-1 at gen179 Univ0 prob=0.452
​ 81I j:ageGp:fam 665:4:-1 by blue 400:3:-1 at gen179 Univ0 prob=0.332
​ 81I i:ageGp:fam 506:3:-1 by blue 712:5:-1 at gen179 Univ0 prob=0.332
​ 82I i:ageGp:fam 320:2:-1 by blue 795:5:-1 at gen180 Univ0 prob=0.186
​ 85I j:ageGp:fam 167:2:-1 by blue 161:2:-1 at gen181 Univ0 prob=0.238
​ 85I j:ageGp:fam 876:6:-1 by blue 497:3:-1 at gen181 Univ0 prob=0.091
​ 88I i:ageGp:fam 651:4:-1 by red 739:5:-1 at gen183 Univ0 prob=0.128
​ 88I j:ageGp:fam 365:3:-1 by red 184:2:-1 at gen184 Univ0 prob=0.113
​ 88I j:ageGp:fam 901:6:-1 by red 184:2:-1 at gen184 Univ0 prob=0.219
​ 88I i:ageGp:fam 221:2:-1 by blue 738:5:-1 at gen184 Univ0 prob=0.802
​ 89I j:ageGp:fam 448:3:-1 by blue 249:2:-1 at gen185 Univ0 prob=0.214
​ 92I j:ageGp:fam 579:4:-1 by yellow 365:3:-1 at gen186 Univ0 prob=0.467
​ 92I i:ageGp:fam 534:3:-1 by red 832:6:-1 at gen186 Univ0 prob=0.381
​ 92I i:ageGp:fam 640:4:-1 by red 739:5:-1 at gen186 Univ0 prob=0.751
​ 93I i:ageGp:fam 145:2:-1 by red 739:5:-1 at gen187 Univ0 prob=0.847
​ 93I j:ageGp:fam 816:5:-1 by blue 161:2:-1 at gen187 Univ0 prob=0.430
​ 96I i:ageGp:fam 79:1:-1 by yellow 534:3:-1 at gen188 Univ0 prob=0.334
​ 96I j:ageGp:fam 947:7:-1 by blue 497:3:-1 at gen188 Univ0 prob=0.546
​ 98I j:ageGp:fam 883:6:-1 by blue 340:2:-1 at gen189 Univ0 prob=0.252
​ 98I j:ageGp:fam 866:6:-1 by blue 795:5:-1 at gen189 Univ0 prob=0.386
​ 100I i:ageGp:fam 142:2:-1 by blue 400:3:-1 at gen190 Univ0 prob=0.433
​ 100I i:ageGp:fam 483:3:-1 by yellow 534:3:-1 at gen190 Univ0 prob=0.009
​ 100I i:ageGp:fam 545:4:-1 by blue 965:8:-1 at gen190 Univ0 prob=0.585
​ 102I j:ageGp:fam 877:6:-1 by blue 249:2:-1 at gen191 Univ0 prob=0.572
​ 102I i:ageGp:fam 389:3:-1 by blue 497:3:-1 at gen191 Univ0 prob=0.620
​ 102I i:ageGp:fam 423:3:-1 by blue 456:3:-1 at gen191 Univ0 prob=0.418
​ 102I i:ageGp:fam 427:3:-1 by red 496:3:-1 at gen191 Univ0 prob=0.843
​ 102I j:ageGp:fam 986:9:-1 by blue 815:5:-1 at gen191 Univ0 prob=0.769
​ 105I j:ageGp:fam 711:5:-1 by blue 405:3:-1 at gen192 Univ0 prob=0.237
​ 110I j:ageGp:fam 554:4:-1 by red 403:3:-1 at gen193 Univ0 prob=0.838
​ 110I i:ageGp:fam 629:4:-1 by blue 712:5:-1 at gen193 Univ0 prob=0.252
​ 111I i:ageGp:fam 417:3:-1 by blue 497:3:-1 at gen194 Univ0 prob=0.927
​ 113I i:ageGp:fam 281:2:-1 by blue 965:8:-1 at gen195 Univ0 prob=0.372
​ 113I j:ageGp:fam 650:4:-1 by blue 340:2:-1 at gen195 Univ0 prob=0.764
​ 113I i:ageGp:fam 404:3:-1 by green 650:4:-1 at gen195 Univ0 prob=0.581
​ 114I j:ageGp:fam 288:2:-1 by blue 168:2:-1 at gen196 Univ0 prob=0.003
​ 117I j:ageGp:fam 728:5:-1 by blue 340:2:-1 at gen197 Univ0 prob=0.145
​ 117I i:ageGp:fam 385:3:-1 by yellow 650:4:-1 at gen197 Univ0 prob=0.210
​ 117I j:ageGp:fam 808:5:-1 by blue 411:3:-1 at gen197 Univ0 prob=0.491
​ 117I i:ageGp:fam 437:3:-1 by red 739:5:-1 at gen197 Univ0 prob=0.008
​ 117I j:ageGp:fam 975:8:-1 by blue 686:4:-1 at gen197 Univ0 prob=0.922
​ 118I j:ageGp:fam 512:3:-1 by blue 340:2:-1 at gen198 Univ0 prob=0.329
​ 118I j:ageGp:fam 572:4:-1 by blue 400:3:-1 at gen198 Univ0 prob=0.259
​ 118I i:ageGp:fam 510:3:-1 by blue 586:4:-1 at gen198 Univ0 prob=0.513
​ 118I i:ageGp:fam 524:3:-1 by blue 802:5:-1 at gen198 Univ0 prob=0.769
​ 118I j:ageGp:fam 913:7:-1 by blue 712:5:-1 at gen198 Univ0 prob=0.073
​ 123I i:ageGp:fam 204:2:-1 by blue 205:2:-1 at gen199 Univ0 prob=0.402
​ 123I i:ageGp:fam 563:4:-1 by blue 965:8:-1 at gen199 Univ0 prob=0.499
​ 128I j:ageGp:fam 817:5:-1 by blue 205:2:-1 at gen200 Univ0 prob=0.096
​ 128I i:ageGp:fam 215:2:-1 by red 739:5:-1 at gen200 Univ0 prob=0.407
​ 128I j:ageGp:fam 927:7:-1 by blue 686:4:-1 at gen200 Univ0 prob=0.073
​ 128I i:ageGp:fam 691:5:-1 by yellow 728:5:-1 at gen200 Univ0 prob=0.260
​ 130I i:ageGp:fam 43:1:-1 by red 496:3:-1 at gen201 Univ0 prob=0.838
​ 130I i:ageGp:fam 72:1:-1 by blue 168:2:-1 at gen201 Univ0 prob=0.205
​ 130I j:ageGp:fam 410:3:-1 by blue 200:2:-1 at gen201 Univ0 prob=0.480
​ 130I j:ageGp:fam 945:7:-1 by blue 200:2:-1 at gen201 Univ0 prob=0.868
​ 130I j:ageGp:fam 261:2:-1 by blue 249:2:-1 at gen201 Univ0 prob=0.935
​ 130I i:ageGp:fam 418:3:-1 by blue 795:5:-1 at gen201 Univ0 prob=0.295
​ 130I i:ageGp:fam 509:3:-1 by blue 628:4:-1 at gen201 Univ0 prob=0.520
​ 134I j:ageGp:fam 600:4:-1 by blue 326:2:-1 at gen202 Univ0 prob=0.790
​ 134I j:ageGp:fam 729:5:-1 by blue 326:2:-1 at gen202 Univ0 prob=0.651
​ 134I i:ageGp:fam 743:5:-1 by blue 795:5:-1 at gen202 Univ0 prob=0.712
​ 134I i:ageGp:fam 757:5:-1 by red 812:5:-1 at gen202 Univ0 prob=0.377
​ 141I j:ageGp:fam 685:4:-1 by red 326:2:-1 at gen203 Univ0 prob=0.201
​ 141I i:ageGp:fam 393:3:-1 by blue 815:5:-1 at gen203 Univ0 prob=0.864
​ 141I j:ageGp:fam 734:5:-1 by yellow 618:4:-1 at gen203 Univ0 prob=0.149
​ 141I j:ageGp:fam 767:5:-1 by blue 738:5:-1 at gen203 Univ0 prob=0.451
​ 145I i:ageGp:fam 162:2:-1 by blue 405:3:-1 at gen204 Univ0 prob=0.408
​ 145I j:ageGp:fam 994:9:-1 by blue 168:2:-1 at gen204 Univ0 prob=0.072
​ 145I i:ageGp:fam 192:2:-1 by yellow 512:3:-1 at gen204 Univ0 prob=0.636
​ 145I j:ageGp:fam 961:8:-1 by yellow 418:3:-1 at gen204 Univ0 prob=0.513
​ 145I i:ageGp:fam 432:3:-1 by green 994:9:-1 at gen204 Univ0 prob=0.059
​ 145I i:ageGp:fam 865:6:-1 by blue 914:7:-1 at gen204 Univ0 prob=0.112
​ 149I i:ageGp:fam 160:2:-1 by red 200:2:-1 at gen205 Univ0 prob=0.960
​ 149I j:ageGp:fam 885:6:-1 by red 403:3:-1 at gen205 Univ0 prob=0.574
​ 149I j:ageGp:fam 463:3:-1 by yellow 418:3:-1 at gen205 Univ0 prob=0.606
​ 149I j:ageGp:fam 899:6:-1 by blue 738:5:-1 at gen205 Univ0 prob=0.761
​ 155I i:ageGp:fam 381:3:-1 by blue 795:5:-1 at gen206 Univ0 prob=0.549
​ 155I i:ageGp:fam 422:3:-1 by blue 802:5:-1 at gen206 Univ0 prob=0.915
​ 159I i:ageGp:fam 94:1:-1 by red 832:6:-1 at gen207 Univ0 prob=0.234
​ 159I i:ageGp:fam 369:3:-1 by yellow 510:3:-1 at gen207 Univ0 prob=0.104
​ 159I i:ageGp:fam 681:4:-1 by red 739:5:-1 at gen207 Univ0 prob=0.157
​ 159I i:ageGp:fam 715:5:-1 by red 739:5:-1 at gen207 Univ0 prob=0.729
​ 161I j:ageGp:fam 564:4:-1 by red 200:2:-1 at gen208 Univ0 prob=0.716
​ 161I j:ageGp:fam 577:4:-1 by red 326:2:-1 at gen208 Univ0 prob=0.346
​ 161I j:ageGp:fam 811:5:-1 by blue 497:3:-1 at gen208 Univ0 prob=0.580
​ 161I i:ageGp:fam 763:5:-1 by blue 795:5:-1 at gen208 Univ0 prob=0.511
​ 165I i:ageGp:fam 13:0:-1 by blue 340:2:-1 at gen209 Univ0 prob=0.802
​ 165I j:ageGp:fam 468:3:-1 by yellow 160:2:-1 at gen209 Univ0 prob=0.641
​ 165I j:ageGp:fam 932:7:-1 by red 184:2:-1 at gen209 Univ0 prob=0.265
​ 165I i:ageGp:fam 303:2:-1 by blue 893:6:-1 at gen209 Univ0 prob=0.820
​ 165I j:ageGp:fam 898:6:-1 by yellow 564:4:-1 at gen209 Univ0 prob=0.860
​ 165I j:ageGp:fam 875:6:-1 by red 739:5:-1 at gen209 Univ0 prob=0.386
​ 169I j:ageGp:fam 910:7:-1 by blue 158:2:-1 at gen210 Univ0 prob=0.644
​ 169I i:ageGp:fam 227:2:-1 by blue 802:5:-1 at gen210 Univ0 prob=0.525
​ 175I i:ageGp:fam 15:0:-1 by blue 340:2:-1 at gen211 Univ0 prob=0.385
​ 175I i:ageGp:fam 654:4:-1 by blue 750:5:-1 at gen211 Univ0 prob=0.922
​ 177I j:ageGp:fam 504:3:-1 by red 496:3:-1 at gen212 Univ0 prob=0.062
​ 177I i:ageGp:fam 587:4:-1 by blue 968:8:-1 at gen212 Univ0 prob=0.979
​ 179I j:ageGp:fam 688:4:-1 by yellow 381:3:-1 at gen213 Univ0 prob=0.877
​ 179I j:ageGp:fam 920:7:-1 by blue 815:5:-1 at gen213 Univ0 prob=0.100
​ 181I i:ageGp:fam 171:2:-1 by red 712:5:-1 at gen214 Univ0 prob=0.120
​ 181I i:ageGp:fam 178:2:-1 by red 403:3:-1 at gen214 Univ0 prob=0.319
​ 183I i:ageGp:fam 14:0:-1 by blue 965:8:-1 at gen215 Univ0 prob=0.879
​ 183I j:ageGp:fam 751:5:-1 by blue 601:4:-1 at gen215 Univ0 prob=0.784
​ 183I i:ageGp:fam 764:5:-1 by blue 968:8:-1 at gen215 Univ0 prob=0.451
​ 185I i:ageGp:fam 77:1:-1 by blue 914:7:-1 at gen216 Univ0 prob=0.868
​ 185I i:ageGp:fam 98:1:-1 by yellow 751:5:-1 at gen216 Univ0 prob=0.124
​ 185I j:ageGp:fam 170:2:-1 by blue 168:2:-1 at gen216 Univ0 prob=0.411
​ 185I j:ageGp:fam 748:5:-1 by blue 497:3:-1 at gen216 Univ0 prob=0.335
​ 185I i:ageGp:fam 561:4:-1 by red 738:5:-1 at gen216 Univ0 prob=0.772
​ 188I i:ageGp:fam 40:1:-1 by blue 497:3:-1 at gen217 Univ0 prob=0.539
​ 188I i:ageGp:fam 155:2:-1 by blue 158:2:-1 at gen217 Univ0 prob=0.382
​ 188I i:ageGp:fam 364:3:-1 by blue 795:5:-1 at gen217 Univ0 prob=0.570
​ 188I j:ageGp:fam 718:5:-1 by blue 411:3:-1 at gen217 Univ0 prob=0.345
​ 188I j:ageGp:fam 672:4:-1 by blue 586:4:-1 at gen217 Univ0 prob=0.846
​ 188I i:ageGp:fam 827:6:-1 by blue 965:8:-1 at gen217 Univ0 prob=0.500
​ 193I j:ageGp:fam 299:2:-1 by blue 249:2:-1 at gen218 Univ0 prob=0.690
​ 193I j:ageGp:fam 998:9:-1 by blue 279:2:-1 at gen218 Univ0 prob=0.082
​ 193I j:ageGp:fam 652:4:-1 by blue 628:4:-1 at gen218 Univ0 prob=0.103
​ 193I j:ageGp:fam 765:5:-1 by blue 755:5:-1 at gen218 Univ0 prob=0.426
​ 193I j:ageGp:fam 977:8:-1 by blue 965:8:-1 at gen218 Univ0 prob=0.284
​ 199I j:ageGp:fam 511:3:-1 by yellow 66:1:-1 at gen219 Univ0 prob=0.515
​ 199I j:ageGp:fam 368:3:-1 by yellow 299:2:-1 at gen219 Univ0 prob=0.083
​ 199I i:ageGp:fam 322:2:-1 by blue 893:6:-1 at gen219 Univ0 prob=0.137
​ 199I j:ageGp:fam 533:3:-1 by blue 324:2:-1 at gen219 Univ0 prob=0.228
​ 204I i:ageGp:fam 702:5:-1 by red 712:5:-1 at gen220 Univ0 prob=0.040
​ 208I j:ageGp:fam 121:1:-1 by blue 39:0:-1 at gen221 Univ0 prob=0.767
​ 208I i:ageGp:fam 189:2:-1 by blue 198:2:-1 at gen221 Univ0 prob=0.785
​ 208I j:ageGp:fam 416:3:-1 by blue 279:2:-1 at gen221 Univ0 prob=0.499
​ 208I i:ageGp:fam 361:3:-1 by blue 985:9:-1 at gen221 Univ0 prob=0.348
​ 208I i:ageGp:fam 457:3:-1 by blue 965:8:-1 at gen221 Univ0 prob=0.198
​ 209I j:ageGp:fam 315:2:-1 by blue 39:0:-1 at gen222 Univ0 prob=0.924
​ 209I j:ageGp:fam 938:7:-1 by blue 158:2:-1 at gen222 Univ0 prob=0.303
​ 209I i:ageGp:fam 247:2:-1 by blue 968:8:-1 at gen222 Univ0 prob=0.130
​ 209I i:ageGp:fam 300:2:-1 by blue 658:4:-1 at gen222 Univ0 prob=0.660
​ 209I j:ageGp:fam 613:4:-1 by blue 340:2:-1 at gen222 Univ0 prob=0.804
​ 214I i:ageGp:fam 4:0:-1 by blue 893:6:-1 at gen223 Univ0 prob=0.678
​ 214I j:ageGp:fam 717:5:-1 by blue 205:2:-1 at gen223 Univ0 prob=0.927
​ 214I i:ageGp:fam 325:2:-1 by blue 411:3:-1 at gen223 Univ0 prob=0.295
​ 214I i:ageGp:fam 376:3:-1 by yellow 702:5:-1 at gen223 Univ0 prob=0.397
​ 214I i:ageGp:fam 617:4:-1 by red 712:5:-1 at gen223 Univ0 prob=0.228
​ 214I i:ageGp:fam 824:6:-1 by red 832:6:-1 at gen223 Univ0 prob=0.048
​ 219I i:ageGp:fam 89:1:-1 by blue 411:3:-1 at gen224 Univ0 prob=0.013
​ 219I i:ageGp:fam 191:2:-1 by red 400:3:-1 at gen224 Univ0 prob=0.974
​ 219I j:ageGp:fam 733:5:-1 by blue 279:2:-1 at gen224 Univ0 prob=0.056
​ 219I i:ageGp:fam 710:5:-1 by blue 802:5:-1 at gen224 Univ0 prob=0.395
​ 225I i:ageGp:fam 20:0:-1 by yellow 617:4:-1 at gen225 Univ0 prob=0.540
​ 225I i:ageGp:fam 118:1:-1 by blue 858:6:-1 at gen225 Univ0 prob=0.027
​ 225I i:ageGp:fam 395:3:-1 by blue 497:3:-1 at gen225 Univ0 prob=0.870
​ 229I j:ageGp:fam 662:4:-1 by red 161:2:-1 at gen226 Univ0 prob=0.514
​ 229I j:ageGp:fam 958:8:-1 by blue 205:2:-1 at gen226 Univ0 prob=0.013
​ 229I i:ageGp:fam 284:2:-1 by yellow 938:7:-1 at gen226 Univ0 prob=0.213
​ 229I j:ageGp:fam 907:7:-1 by yellow 359:3:-1 at gen226 Univ0 prob=0.003
​ 232I j:ageGp:fam 787:5:-1 by blue 205:2:-1 at gen227 Univ0 prob=0.603
​ 232I j:ageGp:fam 700:5:-1 by blue 340:2:-1 at gen227 Univ0 prob=0.483
​ 232I i:ageGp:fam 445:3:-1 by red 739:5:-1 at gen227 Univ0 prob=0.901
​ 232I j:ageGp:fam 769:5:-1 by yellow 638:4:-1 at gen227 Univ0 prob=0.080
​ 236I j:ageGp:fam 625:4:-1 by red 326:2:-1 at gen228 Univ0 prob=0.610
​ 236I j:ageGp:fam 549:4:-1 by blue 340:2:-1 at gen228 Univ0 prob=0.531
​ 236I i:ageGp:fam 438:3:-1 by yellow 700:5:-1 at gen228 Univ0 prob=0.640
​ 236I i:ageGp:fam 465:3:-1 by blue 665:4:-1 at gen228 Univ0 prob=0.582
​ 236I i:ageGp:fam 485:3:-1 by blue 893:6:-1 at gen228 Univ0 prob=0.773
​ 236I j:ageGp:fam 844:6:-1 by blue 755:5:-1 at gen228 Univ0 prob=0.415
​ 240I j:ageGp:fam 814:5:-1 by blue 405:3:-1 at gen229 Univ0 prob=0.175
​ 240I j:ageGp:fam 829:6:-1 by blue 456:3:-1 at gen229 Univ0 prob=0.111
​ 248I i:ageGp:fam 21:0:-1 by red 686:4:-1 at gen231 Univ0 prob=0.010
​ 248I i:ageGp:fam 401:3:-1 by red 686:4:-1 at gen232 Univ0 prob=0.793
​ 249I i:ageGp:fam 122:1:-1 by blue 405:3:-1 at gen233 Univ0 prob=0.860
​ 249I i:ageGp:fam 464:3:-1 by blue 750:5:-1 at gen233 Univ0 prob=0.364
​ 249I j:ageGp:fam 731:5:-1 by blue 571:4:-1 at gen233 Univ0 prob=0.139
​ 249I j:ageGp:fam 972:8:-1 by blue 628:4:-1 at gen233 Univ0 prob=0.533
​ 250I i:ageGp:fam 138:2:-1 by blue 320:2:-1 at gen234 Univ0 prob=0.169
​ 250I i:ageGp:fam 197:2:-1 by red 739:5:-1 at gen234 Univ0 prob=0.061
​ 250I i:ageGp:fam 308:2:-1 by red 400:3:-1 at gen234 Univ0 prob=0.393
​ 250I i:ageGp:fam 592:4:-1 by red 832:6:-1 at gen234 Univ0 prob=0.984
​ 254I i:ageGp:fam 91:1:-1 by blue 411:3:-1 at gen235 Univ0 prob=0.473
​ 254I j:ageGp:fam 637:4:-1 by red 184:2:-1 at gen235 Univ0 prob=0.472
​ 254I j:ageGp:fam 813:5:-1 by blue 291:2:-1 at gen235 Univ0 prob=0.680
​ 254I i:ageGp:fam 644:4:-1 by blue 946:7:-1 at gen235 Univ0 prob=0.993
​ 254I j:ageGp:fam 853:6:-1 by blue 665:4:-1 at gen235 Univ0 prob=0.907
​ 254I j:ageGp:fam 902:7:-1 by red 795:5:-1 at gen235 Univ0 prob=0.148
​ 258I j:ageGp:fam 328:2:-1 by red 200:2:-1 at gen236 Univ0 prob=0.442
​ 258I i:ageGp:fam 338:2:-1 by red 528:3:-1 at gen236 Univ0 prob=0.833
​ 258I i:ageGp:fam 607:4:-1 by red 738:5:-1 at gen236 Univ0 prob=0.308
​ 264I i:ageGp:fam 131:2:-1 by blue 448:3:-1 at gen237 Univ0 prob=0.993
​ 264I j:ageGp:fam 713:5:-1 by blue 294:2:-1 at gen237 Univ0 prob=0.330
​ 267I i:ageGp:fam 32:0:-1 by blue 319:2:-1 at gen238 Univ0 prob=0.229
​ 267I i:ageGp:fam 177:2:-1 by blue 482:3:-1 at gen238 Univ0 prob=0.385
​ 267I j:ageGp:fam 830:6:-1 by red 739:5:-1 at gen238 Univ0 prob=0.867
​ 267I i:ageGp:fam 868:6:-1 by blue 968:8:-1 at gen238 Univ0 prob=0.039
​ 267I j:ageGp:fam 935:7:-1 by blue 895:6:-1 at gen238 Univ0 prob=0.435
​ 269I i:ageGp:fam 444:3:-1 by red 965:8:-1 at gen239 Univ0 prob=0.026
​ 269I i:ageGp:fam 476:3:-1 by red 712:5:-1 at gen239 Univ0 prob=0.392
​ 269I j:ageGp:fam 804:5:-1 by blue 622:4:-1 at gen239 Univ0 prob=0.304
​ 274I i:ageGp:fam 2:0:-1 by red 815:5:-1 at gen240 Univ0 prob=0.460
​ 274I j:ageGp:fam 41:1:-1 by blue 36:0:-1 at gen240 Univ0 prob=0.492
​ 274I j:ageGp:fam 87:1:-1 by blue 36:0:-1 at gen240 Univ0 prob=0.852
​ 274I j:ageGp:fam 931:7:-1 by yellow 197:2:-1 at gen240 Univ0 prob=0.366
​ 274I j:ageGp:fam 912:7:-1 by blue 292:2:-1 at gen240 Univ0 prob=0.357
​ 274I j:ageGp:fam 984:9:-1 by blue 292:2:-1 at gen240 Univ0 prob=0.972
​ 274I i:ageGp:fam 383:3:-1 by red 812:5:-1 at gen240 Univ0 prob=0.310
​ 277I i:ageGp:fam 50:1:-1 by blue 287:2:-1 at gen241 Univ0 prob=0.135
​ 277I j:ageGp:fam 606:4:-1 by blue 78:1:-1 at gen241 Univ0 prob=0.468
​ 277I j:ageGp:fam 682:4:-1 by blue 287:2:-1 at gen241 Univ0 prob=0.188
​ 277I j:ageGp:fam 820:5:-1 by blue 622:4:-1 at gen241 Univ0 prob=0.938
​ 277I j:ageGp:fam 904:7:-1 by blue 777:5:-1 at gen241 Univ0 prob=0.303
​ 284I j:ageGp:fam 801:5:-1 by red 161:2:-1 at gen242 Univ0 prob=0.594
​ 284I i:ageGp:fam 241:2:-1 by blue 618:4:-1 at gen242 Univ0 prob=0.302
​ 284I j:ageGp:fam 940:7:-1 by green 241:2:-1 at gen242 Univ0 prob=0.948
​ 284I i:ageGp:fam 474:3:-1 by blue 482:3:-1 at gen242 Univ0 prob=0.892
​ 284I i:ageGp:fam 525:3:-1 by blue 901:6:-1 at gen242 Univ0 prob=0.126
​ 284I j:ageGp:fam 847:6:-1 by yellow 606:4:-1 at gen242 Univ0 prob=0.271
​ 289I j:ageGp:fam 949:8:-1 by blue 278:2:-1 at gen243 Univ0 prob=0.655
​ 295I i:ageGp:fam 29:0:-1 by blue 287:2:-1 at gen244 Univ0 prob=0.611
​ 295I i:ageGp:fam 280:2:-1 by yellow 288:2:-1 at gen244 Univ0 prob=0.430
​ 295I i:ageGp:fam 762:5:-1 by blue 914:7:-1 at gen244 Univ0 prob=0.751
​ 296I i:ageGp:fam 10:0:-1 by blue 394:3:-1 at gen245 Univ0 prob=0.648
​ 296I i:ageGp:fam 61:1:-1 by blue 744:5:-1 at gen245 Univ0 prob=0.624
​ 296I i:ageGp:fam 116:1:-1 by yellow 728:5:-1 at gen245 Univ0 prob=0.614
​ 296I j:ageGp:fam 667:4:-1 by red 249:2:-1 at gen245 Univ0 prob=0.151
​ 296I i:ageGp:fam 293:2:-1 by blue 659:4:-1 at gen245 Univ0 prob=0.044
​ 296I i:ageGp:fam 372:3:-1 by blue 651:4:-1 at gen245 Univ0 prob=0.958
​ 299I i:ageGp:fam 18:0:-1 by yellow 667:4:-1 at gen246 Univ0 prob=0.817
​ 299I i:ageGp:fam 112:1:-1 by blue 883:6:-1 at gen246 Univ0 prob=0.133
​ 299I i:ageGp:fam 164:2:-1 by blue 579:4:-1 at gen246 Univ0 prob=0.597
​ 299I j:ageGp:fam 433:3:-1 by blue 331:2:-1 at gen246 Univ0 prob=0.430
​ 299I j:ageGp:fam 803:5:-1 by blue 506:3:-1 at gen246 Univ0 prob=0.500
​ 305I i:ageGp:fam 64:1:-1 by blue 947:7:-1 at gen247 Univ0 prob=0.552
​ 305I i:ageGp:fam 76:1:-1 by blue 500:3:-1 at gen247 Univ0 prob=0.592
​ 305I i:ageGp:fam 242:2:-1 by red 326:2:-1 at gen247 Univ0 prob=0.504
​ 305I i:ageGp:fam 439:3:-1 by blue 470:3:-1 at gen247 Univ0 prob=0.979
​ 305I i:ageGp:fam 492:3:-1 by blue 668:4:-1 at gen247 Univ0 prob=0.420
​ 305I j:ageGp:fam 842:6:-1 by blue 576:4:-1 at gen247 Univ0 prob=0.669
​ 310I i:ageGp:fam 102:1:-1 by blue 640:4:-1 at gen248 Univ0 prob=0.001
​ 310I i:ageGp:fam 146:2:-1 by red 601:4:-1 at gen248 Univ0 prob=0.231
​ 310I j:ageGp:fam 849:6:-1 by red 405:3:-1 at gen248 Univ0 prob=0.433
​ 310I j:ageGp:fam 761:5:-1 by blue 697:5:-1 at gen248 Univ0 prob=0.635
​ 316I j:ageGp:fam 798:5:-1 by blue 66:1:-1 at gen249 Univ0 prob=0.780
​ 316I i:ageGp:fam 195:2:-1 by yellow 410:3:-1 at gen249 Univ0 prob=0.655
​ 316I i:ageGp:fam 471:3:-1 by blue 545:4:-1 at gen249 Univ0 prob=0.254
​ 320I i:ageGp:fam 194:2:-1 by blue 294:2:-1 at gen250 Univ0 prob=0.576
​ 320I i:ageGp:fam 264:2:-1 by red 815:5:-1 at gen250 Univ0 prob=0.579
​ 320I i:ageGp:fam 540:3:-1 by blue 698:5:-1 at gen250 Univ0 prob=0.337
​ 320I j:ageGp:fam 952:8:-1 by blue 808:5:-1 at gen250 Univ0 prob=0.402
​ 323I i:ageGp:fam 502:3:-1 by blue 603:4:-1 at gen251 Univ0 prob=0.970
​ 327I i:ageGp:fam 420:3:-1 by blue 985:9:-1 at gen252 Univ0 prob=0.377
​ 327I i:ageGp:fam 582:4:-1 by red 795:5:-1 at gen252 Univ0 prob=0.946
​ 328I i:ageGp:fam 75:1:-1 by red 184:2:-1 at gen253 Univ0 prob=0.011
​ 328I j:ageGp:fam 128:1:-1 by yellow 76:1:-1 at gen253 Univ0 prob=0.985
​ 328I i:ageGp:fam 148:2:-1 by blue 563:4:-1 at gen253 Univ0 prob=0.157
​ 328I i:ageGp:fam 239:2:-1 by blue 876:6:-1 at gen253 Univ0 prob=0.865
​ 328I i:ageGp:fam 298:2:-1 by blue 628:4:-1 at gen253 Univ0 prob=0.950
​ 328I i:ageGp:fam 452:3:-1 by blue 946:7:-1 at gen253 Univ0 prob=0.762
​ 328I j:ageGp:fam 840:6:-1 by blue 512:3:-1 at gen253 Univ0 prob=0.854
​ 328I i:ageGp:fam 709:5:-1 by blue 858:6:-1 at gen253 Univ0 prob=0.057
​ 328I i:ageGp:fam 724:5:-1 by yellow 767:5:-1 at gen253 Univ0 prob=0.838
​ 330I j:ageGp:fam 760:5:-1 by blue 162:2:-1 at gen254 Univ0 prob=0.290
​ 330I i:ageGp:fam 214:2:-1 by yellow 885:6:-1 at gen254 Univ0 prob=0.881
​ 330I i:ageGp:fam 240:2:-1 by blue 658:4:-1 at gen254 Univ0 prob=0.712
​ 330I i:ageGp:fam 382:3:-1 by blue 985:9:-1 at gen254 Univ0 prob=0.732
​ 330I j:ageGp:fam 565:4:-1 by red 405:3:-1 at gen254 Univ0 prob=0.885
​ 330I i:ageGp:fam 467:3:-1 by yellow 885:6:-1 at gen254 Univ0 prob=0.109
​ 339I j:ageGp:fam 550:4:-1 by yellow 240:2:-1 at gen255 Univ0 prob=0.663
​ 339I j:ageGp:fam 646:4:-1 by yellow 485:3:-1 at gen255 Univ0 prob=0.679
​ 339I i:ageGp:fam 608:4:-1 by blue 858:6:-1 at gen255 Univ0 prob=0.428
​ 345I i:ageGp:fam 42:1:-1 by red 815:5:-1 at gen256 Univ0 prob=0.250
​ 345I i:ageGp:fam 203:2:-1 by blue 703:5:-1 at gen256 Univ0 prob=0.519
​ 345I j:ageGp:fam 461:3:-1 by red 340:2:-1 at gen256 Univ0 prob=0.792
​ 345I j:ageGp:fam 553:4:-1 by blue 534:3:-1 at gen256 Univ0 prob=0.873
​ 345I j:ageGp:fam 612:4:-1 by blue 580:4:-1 at gen256 Univ0 prob=0.970
​ 345I j:ageGp:fam 878:6:-1 by blue 600:4:-1 at gen256 Univ0 prob=0.966
​ 345I i:ageGp:fam 614:4:-1 by blue 757:5:-1 at gen256 Univ0 prob=0.294
​ 348I i:ageGp:fam 92:1:-1 by red 456:3:-1 at gen257 Univ0 prob=0.253
​ 348I i:ageGp:fam 124:1:-1 by blue 744:5:-1 at gen257 Univ0 prob=0.765
​ 348I j:ageGp:fam 562:4:-1 by red 279:2:-1 at gen257 Univ0 prob=0.036
​ 348I i:ageGp:fam 349:2:-1 by blue 437:3:-1 at gen257 Univ0 prob=0.370
​ 348I j:ageGp:fam 967:8:-1 by blue 402:3:-1 at gen257 Univ0 prob=0.944
​ 355I i:ageGp:fam 93:1:-1 by red 326:2:-1 at gen258 Univ0 prob=0.596
​ 355I i:ageGp:fam 113:1:-1 by blue 750:5:-1 at gen258 Univ0 prob=0.124
​ 355I j:ageGp:fam 406:3:-1 by red 161:2:-1 at gen258 Univ0 prob=0.476
​ 355I i:ageGp:fam 272:2:-1 by blue 506:3:-1 at gen258 Univ0 prob=0.385
​ 360I i:ageGp:fam 81:1:-1 by red 497:3:-1 at gen259 Univ0 prob=0.232
​ 360I i:ageGp:fam 101:1:-1 by yellow 582:4:-1 at gen259 Univ0 prob=0.793
​ 360I j:ageGp:fam 746:5:-1 by blue 126:1:-1 at gen259 Univ0 prob=0.325
​ 360I i:ageGp:fam 149:2:-1 by blue 534:3:-1 at gen259 Univ0 prob=0.580
​ 360I i:ageGp:fam 297:2:-1 by yellow 299:2:-1 at gen259 Univ0 prob=0.722
​ 360I i:ageGp:fam 345:2:-1 by blue 365:3:-1 at gen259 Univ0 prob=0.973
​ 360I i:ageGp:fam 694:5:-1 by blue 703:5:-1 at gen259 Univ0 prob=0.702
​ 364I j:ageGp:fam 674:4:-1 by blue 79:1:-1 at gen260 Univ0 prob=0.293
​ 364I j:ageGp:fam 213:2:-1 by yellow 124:1:-1 at gen260 Univ0 prob=0.728
​ 364I j:ageGp:fam 623:4:-1 by red 200:2:-1 at gen260 Univ0 prob=0.809
​ 364I j:ageGp:fam 745:5:-1 by blue 331:2:-1 at gen260 Univ0 prob=0.756
​ 364I j:ageGp:fam 966:8:-1 by blue 876:6:-1 at gen260 Univ0 prob=0.388
​ 364I j:ageGp:fam 969:8:-1 by red 968:8:-1 at gen260 Univ0 prob=0.672
​ 371I i:ageGp:fam 33:0:-1 by blue 468:3:-1 at gen261 Univ0 prob=0.577
​ 371I i:ageGp:fam 103:1:-1 by blue 640:4:-1 at gen261 Univ0 prob=0.285
​ 371I i:ageGp:fam 263:2:-1 by blue 703:5:-1 at gen261 Univ0 prob=0.623
​ 371I i:ageGp:fam 276:2:-1 by blue 294:2:-1 at gen261 Univ0 prob=0.568
​ 371I i:ageGp:fam 332:2:-1 by yellow 969:8:-1 at gen261 Univ0 prob=0.384
​ 377I i:ageGp:fam 45:1:-1 by blue 198:2:-1 at gen262 Univ0 prob=0.672
​ 377I j:ageGp:fam 431:3:-1 by yellow 81:1:-1 at gen262 Univ0 prob=0.806
​ 377I i:ageGp:fam 135:2:-1 by blue 198:2:-1 at gen262 Univ0 prob=0.603
​ 377I i:ageGp:fam 141:2:-1 by blue 665:4:-1 at gen262 Univ0 prob=0.380
​ 377I j:ageGp:fam 791:5:-1 by blue 142:2:-1 at gen262 Univ0 prob=0.387
​ 377I j:ageGp:fam 675:4:-1 by yellow 178:2:-1 at gen262 Univ0 prob=0.424
​ 377I i:ageGp:fam 453:3:-1 by blue 895:6:-1 at gen262 Univ0 prob=0.163
​ 382I j:ageGp:fam 794:5:-1 by blue 15:0:-1 at gen263 Univ0 prob=0.687
​ 382I i:ageGp:fam 28:0:-1 by blue 777:5:-1 at gen263 Univ0 prob=0.739
​ 382I i:ageGp:fam 117:1:-1 by blue 858:6:-1 at gen263 Univ0 prob=0.390
​ 382I i:ageGp:fam 199:2:-1 by red 601:4:-1 at gen263 Univ0 prob=0.042
​ 382I j:ageGp:fam 806:5:-1 by red 279:2:-1 at gen263 Univ0 prob=0.729
​ 382I j:ageGp:fam 508:3:-1 by blue 423:3:-1 at gen263 Univ0 prob=0.852
​ 382I i:ageGp:fam 786:5:-1 by blue 895:6:-1 at gen263 Univ0 prob=0.109
​ 389I j:ageGp:fam 588:4:-1 by blue 78:1:-1 at gen264 Univ0 prob=0.985
​ 389I i:ageGp:fam 152:2:-1 by blue 432:3:-1 at gen264 Univ0 prob=0.010
​ 389I j:ageGp:fam 838:6:-1 by blue 167:2:-1 at gen264 Univ0 prob=0.876
​ 389I i:ageGp:fam 260:2:-1 by blue 291:2:-1 at gen264 Univ0 prob=0.335
​ 389I j:ageGp:fam 602:4:-1 by yellow 263:2:-1 at gen264 Univ0 prob=0.994
​ 389I i:ageGp:fam 339:2:-1 by red 528:3:-1 at gen264 Univ0 prob=0.964
​ 389I i:ageGp:fam 436:3:-1 by blue 729:5:-1 at gen264 Univ0 prob=0.175
​ 389I i:ageGp:fam 507:3:-1 by blue 750:5:-1 at gen264 Univ0 prob=0.774
​ 389I i:ageGp:fam 627:4:-1 by blue 651:4:-1 at gen264 Univ0 prob=0.694
​ 396I i:ageGp:fam 25:0:-1 by blue 994:9:-1 at gen265 Univ0 prob=0.320
​ 396I j:ageGp:fam 669:4:-1 by blue 36:0:-1 at gen265 Univ0 prob=0.325
​ 396I i:ageGp:fam 44:1:-1 by yellow 806:5:-1 at gen265 Univ0 prob=0.668
​ 396I j:ageGp:fam 615:4:-1 by blue 212:2:-1 at gen265 Univ0 prob=0.913
​ 396I j:ageGp:fam 426:3:-1 by blue 389:3:-1 at gen265 Univ0 prob=0.560
​ 396I i:ageGp:fam 490:3:-1 by blue 580:4:-1 at gen265 Univ0 prob=0.178
​ 396I i:ageGp:fam 641:4:-1 by blue 755:5:-1 at gen265 Univ0 prob=0.584
​ 405I j:ageGp:fam 631:4:-1 by yellow 155:2:-1 at gen266 Univ0 prob=0.335
​ 405I j:ageGp:fam 566:4:-1 by blue 545:4:-1 at gen266 Univ0 prob=0.921
​ 412I j:ageGp:fam 243:2:-1 by blue 79:1:-1 at gen267 Univ0 prob=0.379
​ 412I j:ageGp:fam 537:3:-1 by yellow 124:1:-1 at gen267 Univ0 prob=0.124
​ 412I i:ageGp:fam 176:2:-1 by blue 650:4:-1 at gen267 Univ0 prob=0.994
​ 412I i:ageGp:fam 255:2:-1 by blue 331:2:-1 at gen267 Univ0 prob=0.583
​ 412I j:ageGp:fam 962:8:-1 by blue 281:2:-1 at gen267 Univ0 prob=0.414
​ 412I i:ageGp:fam 309:2:-1 by blue 618:4:-1 at gen267 Univ0 prob=0.411
​ 412I i:ageGp:fam 380:3:-1 by blue 423:3:-1 at gen267 Univ0 prob=0.409
​ 412I j:ageGp:fam 425:3:-1 by blue 404:3:-1 at gen267 Univ0 prob=0.996
​ 412I j:ageGp:fam 597:4:-1 by blue 423:3:-1 at gen267 Univ0 prob=0.371
​ 414I j:ageGp:fam 539:3:-1 by blue 287:2:-1 at gen268 Univ0 prob=0.744
​ 414I i:ageGp:fam 704:5:-1 by blue 729:5:-1 at gen268 Univ0 prob=0.843
​ 414I j:ageGp:fam 852:6:-1 by blue 763:5:-1 at gen268 Univ0 prob=0.685
​ 423I i:ageGp:fam 23:0:-1 by blue 142:2:-1 at gen269 Univ0 prob=0.093
​ 423I j:ageGp:fam 737:5:-1 by blue 94:1:-1 at gen269 Univ0 prob=0.970
​ 423I j:ageGp:fam 245:2:-1 by yellow 189:2:-1 at gen269 Univ0 prob=0.791
​ 423I i:ageGp:fam 206:2:-1 by blue 385:3:-1 at gen269 Univ0 prob=0.195
​ 423I j:ageGp:fam 983:9:-1 by blue 331:2:-1 at gen269 Univ0 prob=0.575
​ 423I i:ageGp:fam 358:2:-1 by blue 927:7:-1 at gen269 Univ0 prob=0.292
​ 423I j:ageGp:fam 616:4:-1 by red 405:3:-1 at gen269 Univ0 prob=0.801
​ 423I i:ageGp:fam 547:4:-1 by blue 947:7:-1 at gen269 Univ0 prob=0.654
​ 423I i:ageGp:fam 575:4:-1 by red 914:7:-1 at gen269 Univ0 prob=0.793
​ 426I j:ageGp:fam 355:2:-1 by red 249:2:-1 at gen270 Univ0 prob=0.143
​ 426I j:ageGp:fam 855:6:-1 by blue 389:3:-1 at gen270 Univ0 prob=0.905
​ 426I i:ageGp:fam 639:4:-1 by blue 808:5:-1 at gen270 Univ0 prob=0.373
​ 426I j:ageGp:fam 800:5:-1 by blue 668:4:-1 at gen270 Univ0 prob=0.994
​ 435I i:ageGp:fam 37:0:-1 by blue 640:4:-1 at gen271 Univ0 prob=0.010
​ 435I i:ageGp:fam 106:1:-1 by blue 764:5:-1 at gen271 Univ0 prob=0.732
​ 435I i:ageGp:fam 127:1:-1 by blue 876:6:-1 at gen271 Univ0 prob=0.222
​ 435I j:ageGp:fam 770:5:-1 by blue 287:2:-1 at gen271 Univ0 prob=0.948
​ 435I j:ageGp:fam 693:5:-1 by blue 320:2:-1 at gen271 Univ0 prob=0.598
​ 435I i:ageGp:fam 334:2:-1 by blue 579:4:-1 at gen271 Univ0 prob=0.184
​ 435I i:ageGp:fam 371:3:-1 by blue 947:7:-1 at gen271 Univ0 prob=0.918
​ 435I j:ageGp:fam 666:4:-1 by blue 600:4:-1 at gen271 Univ0 prob=0.480
​ 435I j:ageGp:fam 655:4:-1 by blue 603:4:-1 at gen271 Univ0 prob=0.473
​ 435I i:ageGp:fam 930:7:-1 by blue 947:7:-1 at gen271 Univ0 prob=0.264
​ 439I i:ageGp:fam 16:0:-1 by red 279:2:-1 at gen272 Univ0 prob=0.037
​ 439I i:ageGp:fam 27:0:-1 by yellow 770:5:-1 at gen272 Univ0 prob=0.702
​ 439I j:ageGp:fam 295:2:-1 by blue 78:1:-1 at gen272 Univ0 prob=0.528
​ 439I i:ageGp:fam 220:2:-1 by blue 640:4:-1 at gen272 Univ0 prob=0.213
​ 439I j:ageGp:fam 735:5:-1 by blue 221:2:-1 at gen272 Univ0 prob=0.766
​ 439I j:ageGp:fam 831:6:-1 by blue 248:2:-1 at gen272 Univ0 prob=0.789
​ 439I i:ageGp:fam 267:2:-1 by blue 698:5:-1 at gen272 Univ0 prob=0.491
​ 439I i:ageGp:fam 283:2:-1 by blue 389:3:-1 at gen272 Univ0 prob=0.526
​ 439I i:ageGp:fam 428:3:-1 by red 586:4:-1 at gen272 Univ0 prob=0.047
​ 439I j:ageGp:fam 951:8:-1 by yellow 693:5:-1 at gen272 Univ0 prob=0.093
​ 439I j:ageGp:fam 973:8:-1 by red 750:5:-1 at gen272 Univ0 prob=0.531
​ 439I i:ageGp:fam 916:7:-1 by red 965:8:-1 at gen272 Univ0 prob=0.797
​ 449I j:ageGp:fam 85:1:-1 by yellow 23:0:-1 at gen273 Univ0 prob=0.875
​ 449I i:ageGp:fam 38:0:-1 by red 249:2:-1 at gen273 Univ0 prob=0.945
​ 449I j:ageGp:fam 501:3:-1 by red 168:2:-1 at gen273 Univ0 prob=0.781
​ 449I i:ageGp:fam 235:2:-1 by blue 524:3:-1 at gen273 Univ0 prob=0.366
​ 449I i:ageGp:fam 251:2:-1 by blue 320:2:-1 at gen273 Univ0 prob=0.734
​ 449I j:ageGp:fam 460:3:-1 by blue 281:2:-1 at gen273 Univ0 prob=0.218
​ 449I i:ageGp:fam 408:3:-1 by blue 728:5:-1 at gen273 Univ0 prob=0.441
​ 449I j:ageGp:fam 529:3:-1 by red 456:3:-1 at gen273 Univ0 prob=0.880
​ 449I j:ageGp:fam 905:7:-1 by red 812:5:-1 at gen273 Univ0 prob=0.089
​ 461I j:ageGp:fam 414:3:-1 by blue 278:2:-1 at gen274 Univ0 prob=0.763
​ 461I i:ageGp:fam 305:2:-1 by blue 369:3:-1 at gen274 Univ0 prob=0.935
​ 461I i:ageGp:fam 619:4:-1 by red 893:6:-1 at gen274 Univ0 prob=0.031
​ 461I j:ageGp:fam 974:8:-1 by blue 711:5:-1 at gen274 Univ0 prob=0.714
​ 461I j:ageGp:fam 955:8:-1 by blue 757:5:-1 at gen274 Univ0 prob=0.704
​ 470I i:ageGp:fam 133:2:-1 by blue 885:6:-1 at gen275 Univ0 prob=0.465
​ 470I i:ageGp:fam 201:2:-1 by blue 688:4:-1 at gen275 Univ0 prob=0.273
​ 470I j:ageGp:fam 921:7:-1 by blue 287:2:-1 at gen275 Univ0 prob=0.889
​ 470I i:ageGp:fam 290:2:-1 by blue 985:9:-1 at gen275 Univ0 prob=0.311
​ 470I i:ageGp:fam 312:2:-1 by red 893:6:-1 at gen275 Univ0 prob=0.292
​ 470I j:ageGp:fam 925:7:-1 by blue 534:3:-1 at gen275 Univ0 prob=0.092
​ 470I i:ageGp:fam 544:4:-1 by red 586:4:-1 at gen275 Univ0 prob=0.318
​ 470I i:ageGp:fam 591:4:-1 by blue 913:7:-1 at gen275 Univ0 prob=0.757
​ 470I j:ageGp:fam 670:4:-1 by blue 629:4:-1 at gen275 Univ0 prob=0.387
​ 470I i:ageGp:fam 781:5:-1 by blue 866:6:-1 at gen275 Univ0 prob=0.263
​ 475I j:ageGp:fam 419:3:-1 by red 39:0:-1 at gen276 Univ0 prob=0.227
​ 475I i:ageGp:fam 97:1:-1 by blue 600:4:-1 at gen276 Univ0 prob=0.651
​ 475I j:ageGp:fam 943:7:-1 by blue 98:1:-1 at gen276 Univ0 prob=0.543
​ 475I j:ageGp:fam 980:8:-1 by blue 145:2:-1 at gen276 Univ0 prob=0.921
​ 475I i:ageGp:fam 202:2:-1 by red 324:2:-1 at gen276 Univ0 prob=0.919
​ 475I i:ageGp:fam 253:2:-1 by blue 482:3:-1 at gen276 Univ0 prob=0.714
​ 475I j:ageGp:fam 611:4:-1 by blue 389:3:-1 at gen276 Univ0 prob=0.660
​ 475I j:ageGp:fam 957:8:-1 by blue 572:4:-1 at gen276 Univ0 prob=0.245
​ 485I j:ageGp:fam 783:5:-1 by blue 4:0:-1 at gen277 Univ0 prob=0.589
​ 485I j:ageGp:fam 120:1:-1 by blue 36:0:-1 at gen277 Univ0 prob=0.648
​ 485I i:ageGp:fam 73:1:-1 by blue 545:4:-1 at gen277 Univ0 prob=0.675
​ 485I j:ageGp:fam 979:8:-1 by green 73:1:-1 at gen277 Univ0 prob=0.007
​ 485I j:ageGp:fam 229:2:-1 by yellow 97:1:-1 at gen277 Univ0 prob=0.540
​ 485I j:ageGp:fam 756:5:-1 by blue 160:2:-1 at gen277 Univ0 prob=0.734
​ 485I i:ageGp:fam 187:2:-1 by yellow 662:4:-1 at gen277 Univ0 prob=0.205
​ 485I i:ageGp:fam 302:2:-1 by blue 755:5:-1 at gen277 Univ0 prob=0.384
​ 485I j:ageGp:fam 620:4:-1 by blue 510:3:-1 at gen277 Univ0 prob=0.745
​ 485I j:ageGp:fam 979:8:-1 by blue 545:4:-1 at gen277 Univ0 prob=0.906
​ 493I i:ageGp:fam 22:0:-1 by blue 545:4:-1 at gen278 Univ0 prob=0.543
​ 493I i:ageGp:fam 129:1:-1 by blue 625:4:-1 at gen278 Univ0 prob=0.430
​ 493I i:ageGp:fam 219:2:-1 by red 628:4:-1 at gen278 Univ0 prob=0.577
​ 493I i:ageGp:fam 231:2:-1 by blue 432:3:-1 at gen278 Univ0 prob=0.094
​ 493I j:ageGp:fam 347:2:-1 by yellow 312:2:-1 at gen278 Univ0 prob=0.579
​ 493I i:ageGp:fam 318:2:-1 by blue 817:5:-1 at gen278 Univ0 prob=0.396
​ 493I i:ageGp:fam 333:2:-1 by blue 511:3:-1 at gen278 Univ0 prob=0.937
​ 493I i:ageGp:fam 542:4:-1 by blue 640:4:-1 at gen278 Univ0 prob=0.447
​ 493I i:ageGp:fam 673:4:-1 by blue 743:5:-1 at gen278 Univ0 prob=0.008
​ 493I j:ageGp:fam 894:6:-1 by red 812:5:-1 at gen278 Univ0 prob=0.745
​ 493I j:ageGp:fam 948:7:-1 by blue 917:7:-1 at gen278 Univ0 prob=0.901
​ 502I i:ageGp:fam 70:1:-1 by blue 876:6:-1 at gen279 Univ0 prob=0.731
​ 502I j:ageGp:fam 915:7:-1 by blue 77:1:-1 at gen279 Univ0 prob=0.033
​ 502I j:ageGp:fam 370:3:-1 by blue 118:1:-1 at gen279 Univ0 prob=0.996
​ 502I j:ageGp:fam 514:3:-1 by yellow 241:2:-1 at gen279 Univ0 prob=0.907
​ 502I i:ageGp:fam 289:2:-1 by blue 331:2:-1 at gen279 Univ0 prob=0.408
​ 502I i:ageGp:fam 391:3:-1 by blue 506:3:-1 at gen279 Univ0 prob=0.776
​ 502I j:ageGp:fam 833:6:-1 by blue 571:4:-1 at gen279 Univ0 prob=0.478
​ 502I j:ageGp:fam 725:5:-1 by blue 685:4:-1 at gen279 Univ0 prob=0.949
​ 513I i:ageGp:fam 31:0:-1 by blue 994:9:-1 at gen280 Univ0 prob=0.623
​ 513I i:ageGp:fam 82:1:-1 by yellow 544:4:-1 at gen280 Univ0 prob=0.268
​ 513I j:ageGp:fam 450:3:-1 by red 400:3:-1 at gen280 Univ0 prob=0.646
​ 513I i:ageGp:fam 559:4:-1 by red 601:4:-1 at gen280 Univ0 prob=0.430
​ 521I i:ageGp:fam 26:0:-1 by blue 763:5:-1 at gen282 Univ0 prob=0.439
​ 521I i:ageGp:fam 104:1:-1 by blue 445:3:-1 at gen282 Univ0 prob=0.570
​ 521I i:ageGp:fam 296:2:-1 by red 893:6:-1 at gen282 Univ0 prob=0.973
​ 521I i:ageGp:fam 495:3:-1 by blue 986:9:-1 at gen282 Univ0 prob=0.049
​ 521I j:ageGp:fam 995:9:-1 by blue 506:3:-1 at gen282 Univ0 prob=0.064
​ 521I j:ageGp:fam 988:9:-1 by red 750:5:-1 at gen282 Univ0 prob=0.121
​ 521I j:ageGp:fam 950:8:-1 by blue 917:7:-1 at gen282 Univ0 prob=0.577
​ 526I j:ageGp:fam 252:2:-1 by blue 13:0:-1 at gen283 Univ0 prob=0.109
​ 526I j:ageGp:fam 595:4:-1 by yellow 82:1:-1 at gen283 Univ0 prob=0.200
​ 526I i:ageGp:fam 379:3:-1 by red 659:4:-1 at gen283 Univ0 prob=0.920
​ 526I j:ageGp:fam 805:5:-1 by blue 665:4:-1 at gen283 Univ0 prob=0.503
​ 533I i:ageGp:fam 51:1:-1 by yellow 296:2:-1 at gen284 Univ0 prob=0.707
​ 533I j:ageGp:fam 936:7:-1 by red 78:1:-1 at gen284 Univ0 prob=0.128
​ 533I i:ageGp:fam 110:1:-1 by yellow 673:4:-1 at gen284 Univ0 prob=0.567
​ 533I i:ageGp:fam 185:2:-1 by blue 814:5:-1 at gen284 Univ0 prob=0.985
​ 533I j:ageGp:fam 687:4:-1 by red 200:2:-1 at gen284 Univ0 prob=0.501
​ 533I j:ageGp:fam 869:6:-1 by blue 247:2:-1 at gen284 Univ0 prob=0.155
​ 533I j:ageGp:fam 538:3:-1 by blue 410:3:-1 at gen284 Univ0 prob=0.432
​ 533I j:ageGp:fam 851:6:-1 by blue 418:3:-1 at gen284 Univ0 prob=0.834
​ 533I j:ageGp:fam 863:6:-1 by blue 603:4:-1 at gen284 Univ0 prob=0.564
​ 533I j:ageGp:fam 964:8:-1 by blue 865:6:-1 at gen284 Univ0 prob=0.608
​ 537I i:ageGp:fam 159:2:-1 by blue 703:5:-1 at gen285 Univ0 prob=0.876
​ 537I j:ageGp:fam 828:6:-1 by blue 402:3:-1 at gen285 Univ0 prob=0.456
​ 537I j:ageGp:fam 790:5:-1 by blue 691:5:-1 at gen285 Univ0 prob=0.300
​ 547I j:ageGp:fam 274:2:-1 by blue 43:1:-1 at gen286 Univ0 prob=0.649
​ 547I i:ageGp:fam 153:2:-1 by yellow 790:5:-1 at gen286 Univ0 prob=0.069
​ 547I i:ageGp:fam 301:2:-1 by red 586:4:-1 at gen286 Univ0 prob=0.142
​ 547I j:ageGp:fam 719:5:-1 by blue 385:3:-1 at gen286 Univ0 prob=0.695
​ 547I j:ageGp:fam 771:5:-1 by red 394:3:-1 at gen286 Univ0 prob=0.916
​ 547I j:ageGp:fam 649:4:-1 by blue 448:3:-1 at gen286 Univ0 prob=0.441
​ 547I j:ageGp:fam 976:8:-1 by red 659:4:-1 at gen286 Univ0 prob=0.385
​ 547I i:ageGp:fam 706:5:-1 by red 914:7:-1 at gen286 Univ0 prob=0.998
​ 547I i:ageGp:fam 776:5:-1 by blue 972:8:-1 at gen286 Univ0 prob=0.489
​ 550I i:ageGp:fam 100:1:-1 by red 292:2:-1 at gen287 Univ0 prob=0.502
​ 550I i:ageGp:fam 478:3:-1 by red 815:5:-1 at gen287 Univ0 prob=0.182
​ 550I j:ageGp:fam 722:5:-1 by blue 711:5:-1 at gen287 Univ0 prob=0.257
​ 559I i:ageGp:fam 58:1:-1 by blue 171:2:-1 at gen288 Univ0 prob=0.945
​ 559I i:ageGp:fam 65:1:-1 by blue 432:3:-1 at gen288 Univ0 prob=0.137
​ 559I i:ageGp:fam 190:2:-1 by blue 688:4:-1 at gen288 Univ0 prob=0.238
​ 559I i:ageGp:fam 193:2:-1 by red 755:5:-1 at gen288 Univ0 prob=0.380
​ 559I j:ageGp:fam 519:3:-1 by red 273:2:-1 at gen288 Univ0 prob=0.963
​ 559I i:ageGp:fam 327:2:-1 by blue 418:3:-1 at gen288 Univ0 prob=0.782
​ 559I j:ageGp:fam 856:6:-1 by blue 385:3:-1 at gen288 Univ0 prob=0.363
​ 559I j:ageGp:fam 645:4:-1 by blue 563:4:-1 at gen288 Univ0 prob=0.973
​ 559I i:ageGp:fam 598:4:-1 by blue 603:4:-1 at gen288 Univ0 prob=0.959
​ 559I j:ageGp:fam 862:6:-1 by blue 743:5:-1 at gen288 Univ0 prob=0.978
​ 562I j:ageGp:fam 353:2:-1 by blue 40:1:-1 at gen289 Univ0 prob=0.428
​ 562I i:ageGp:fam 56:1:-1 by red 697:5:-1 at gen289 Univ0 prob=0.905
​ 562I j:ageGp:fam 522:3:-1 by blue 66:1:-1 at gen289 Univ0 prob=0.754
​ 562I j:ageGp:fam 626:4:-1 by yellow 101:1:-1 at gen289 Univ0 prob=0.782
​ 562I i:ageGp:fam 357:2:-1 by blue 385:3:-1 at gen289 Univ0 prob=0.299
​ 562I i:ageGp:fam 397:3:-1 by blue 638:4:-1 at gen289 Univ0 prob=0.063
​ 562I i:ageGp:fam 551:4:-1 by red 914:7:-1 at gen289 Univ0 prob=0.119
​ 562I i:ageGp:fam 569:4:-1 by blue 858:6:-1 at gen289 Univ0 prob=0.200
​ 562I j:ageGp:fam 908:7:-1 by blue 665:4:-1 at gen289 Univ0 prob=0.406
​ 562I j:ageGp:fam 871:6:-1 by blue 757:5:-1 at gen289 Univ0 prob=0.314
​ 562I j:ageGp:fam 933:7:-1 by blue 817:5:-1 at gen289 Univ0 prob=0.027
​ 572I i:ageGp:fam 17:0:-1 by blue 160:2:-1 at gen290 Univ0 prob=0.358
​ 572I i:ageGp:fam 55:1:-1 by blue 385:3:-1 at gen290 Univ0 prob=0.813
​ 572I i:ageGp:fam 84:1:-1 by blue 171:2:-1 at gen290 Univ0 prob=0.036
​ 572I i:ageGp:fam 163:2:-1 by blue 404:3:-1 at gen290 Univ0 prob=0.268
​ 572I i:ageGp:fam 285:2:-1 by blue 468:3:-1 at gen290 Univ0 prob=0.772
​ 572I j:ageGp:fam 937:7:-1 by blue 432:3:-1 at gen290 Univ0 prob=0.987
​ 572I j:ageGp:fam 889:6:-1 by red 586:4:-1 at gen290 Univ0 prob=0.837
​ 583I j:ageGp:fam 887:6:-1 by blue 4:0:-1 at gen291 Univ0 prob=0.408
​ 583I j:ageGp:fam 223:2:-1 by blue 13:0:-1 at gen291 Univ0 prob=0.608
​ 583I i:ageGp:fam 88:1:-1 by yellow 949:8:-1 at gen291 Univ0 prob=0.542
​ 583I j:ageGp:fam 690:5:-1 by blue 171:2:-1 at gen291 Univ0 prob=0.603
​ 583I j:ageGp:fam 543:4:-1 by yellow 213:2:-1 at gen291 Univ0 prob=0.110
​ 583I i:ageGp:fam 726:5:-1 by blue 751:5:-1 at gen291 Univ0 prob=0.007
​ 590I i:ageGp:fam 6:0:-1 by red 586:4:-1 at gen292 Univ0 prob=0.346
​ 590I i:ageGp:fam 12:0:-1 by blue 907:7:-1 at gen292 Univ0 prob=0.909
​ 590I j:ageGp:fam 236:2:-1 by yellow 75:1:-1 at gen292 Univ0 prob=0.098
​ 590I i:ageGp:fam 335:2:-1 by blue 718:5:-1 at gen292 Univ0 prob=0.973
​ 590I j:ageGp:fam 944:7:-1 by blue 885:6:-1 at gen292 Univ0 prob=0.890
​ 596I i:ageGp:fam 9:0:-1 by blue 121:1:-1 at gen293 Univ0 prob=0.326
​ 596I i:ageGp:fam 9:0:-1 by red 405:3:-1 at gen293 Univ0 prob=0.838
​ 596I i:ageGp:fam 119:1:-1 by blue 422:3:-1 at gen293 Univ0 prob=0.054
​ 596I i:ageGp:fam 139:2:-1 by red 411:3:-1 at gen293 Univ0 prob=0.737
​ 596I j:ageGp:fam 825:6:-1 by yellow 193:2:-1 at gen293 Univ0 prob=0.329
​ 596I i:ageGp:fam 316:2:-1 by blue 393:3:-1 at gen293 Univ0 prob=0.952
​ 596I j:ageGp:fam 352:2:-1 by blue 338:2:-1 at gen293 Univ0 prob=0.253
​ 596I i:ageGp:fam 530:3:-1 by blue 718:5:-1 at gen293 Univ0 prob=0.620
​ 596I i:ageGp:fam 568:4:-1 by blue 827:6:-1 at gen293 Univ0 prob=0.679
​ 596I i:ageGp:fam 590:4:-1 by blue 629:4:-1 at gen293 Univ0 prob=0.795
​ 596I i:ageGp:fam 656:4:-1 by blue 811:5:-1 at gen293 Univ0 prob=0.825
​ 596I i:ageGp:fam 924:7:-1 by blue 994:9:-1 at gen293 Univ0 prob=0.746
​ 601I i:ageGp:fam 156:2:-1 by red 319:2:-1 at gen294 Univ0 prob=0.644
​ 601I i:ageGp:fam 304:2:-1 by red 324:2:-1 at gen294 Univ0 prob=0.761
​ 601I j:ageGp:fam 886:6:-1 by blue 463:3:-1 at gen294 Univ0 prob=0.723
​ 601I i:ageGp:fam 520:3:-1 by blue 603:4:-1 at gen294 Univ0 prob=0.785
​ 601I j:ageGp:fam 926:7:-1 by yellow 551:4:-1 at gen294 Univ0 prob=0.609
​ 612I j:ageGp:fam 999:9:-1 by blue 365:3:-1 at gen295 Univ0 prob=0.019
​ 612I j:ageGp:fam 981:8:-1 by blue 506:3:-1 at gen295 Univ0 prob=0.454
​ 617I j:ageGp:fam 523:3:-1 by yellow 106:1:-1 at gen296 Univ0 prob=0.925
​ 617I j:ageGp:fam 232:2:-1 by blue 160:2:-1 at gen296 Univ0 prob=0.998
​ 617I i:ageGp:fam 181:2:-1 by blue 510:3:-1 at gen296 Univ0 prob=0.448
​ 617I j:ageGp:fam 513:3:-1 by red 331:2:-1 at gen296 Univ0 prob=0.215
​ 617I i:ageGp:fam 399:3:-1 by red 712:5:-1 at gen296 Univ0 prob=0.369
​ 617I i:ageGp:fam 555:4:-1 by blue 827:6:-1 at gen296 Univ0 prob=0.707
​ 617I i:ageGp:fam 624:4:-1 by blue 688:4:-1 at gen296 Univ0 prob=0.197
​ 617I i:ageGp:fam 721:5:-1 by blue 764:5:-1 at gen296 Univ0 prob=0.853
​ 617I j:ageGp:fam 843:6:-1 by red 750:5:-1 at gen296 Univ0 prob=0.480
​ 619I j:ageGp:fam 897:6:-1 by blue 77:1:-1 at gen297 Univ0 prob=0.868
​ 619I j:ageGp:fam 377:3:-1 by blue 116:1:-1 at gen297 Univ0 prob=0.044
​ 619I j:ageGp:fam 874:6:-1 by blue 118:1:-1 at gen297 Univ0 prob=0.721
​ 619I i:ageGp:fam 228:2:-1 by blue 763:5:-1 at gen297 Univ0 prob=0.490
​ 619I j:ageGp:fam 596:4:-1 by blue 320:2:-1 at gen297 Univ0 prob=0.462
​ 619I i:ageGp:fam 374:3:-1 by blue 975:8:-1 at gen297 Univ0 prob=0.720
​ 619I i:ageGp:fam 556:4:-1 by blue 654:4:-1 at gen297 Univ0 prob=0.911
​ 619I j:ageGp:fam 701:5:-1 by yellow 590:4:-1 at gen297 Univ0 prob=0.144
​ 619I j:ageGp:fam 758:5:-1 by blue 685:4:-1 at gen297 Univ0 prob=0.626
​ 619I j:ageGp:fam 732:5:-1 by blue 715:5:-1 at gen297 Univ0 prob=0.256
​ 628I i:ageGp:fam 8:0:-1 by blue 662:4:-1 at gen298 Univ0 prob=0.106
​ 628I j:ageGp:fam 362:3:-1 by blue 13:0:-1 at gen298 Univ0 prob=0.964
​ 628I j:ageGp:fam 541:4:-1 by yellow 16:0:-1 at gen298 Univ0 prob=0.361
​ 628I j:ageGp:fam 434:3:-1 by blue 118:1:-1 at gen298 Univ0 prob=0.949
​ 628I j:ageGp:fam 366:3:-1 by yellow 251:2:-1 at gen298 Univ0 prob=0.781
​ 628I j:ageGp:fam 488:3:-1 by yellow 374:3:-1 at gen298 Univ0 prob=0.183
​ 628I i:ageGp:fam 447:3:-1 by blue 901:6:-1 at gen298 Univ0 prob=0.104
​ 628I i:ageGp:fam 527:3:-1 by blue 672:4:-1 at gen298 Univ0 prob=0.519
​ 628I i:ageGp:fam 604:4:-1 by blue 638:4:-1 at gen298 Univ0 prob=0.141
​ 628I j:ageGp:fam 991:9:-1 by blue 811:5:-1 at gen298 Univ0 prob=0.476
​ 638I i:ageGp:fam 35:0:-1 by blue 751:5:-1 at gen299 Univ0 prob=0.315
​ 638I j:ageGp:fam 515:3:-1 by red 126:1:-1 at gen299 Univ0 prob=0.433
​ 638I j:ageGp:fam 992:9:-1 by blue 191:2:-1 at gen299 Univ0 prob=0.553
​ 638I i:ageGp:fam 277:2:-1 by red 750:5:-1 at gen299 Univ0 prob=0.681
​ 638I i:ageGp:fam 486:3:-1 by blue 865:6:-1 at gen299 Univ0 prob=0.959
​ 638I i:ageGp:fam 581:4:-1 by blue 682:4:-1 at gen299 Univ0 prob=0.982
​ 648I j:ageGp:fam 942:7:-1 by yellow 103:1:-1 at gen300 Univ0 prob=0.652
​ 648I j:ageGp:fam 574:4:-1 by blue 142:2:-1 at gen300 Univ0 prob=0.650
​ 648I j:ageGp:fam 233:2:-1 by red 158:2:-1 at gen300 Univ0 prob=0.611
​ 648I i:ageGp:fam 257:2:-1 by blue 423:3:-1 at gen300 Univ0 prob=0.620
​ 648I j:ageGp:fam 922:7:-1 by blue 315:2:-1 at gen300 Univ0 prob=0.403
​ 648I i:ageGp:fam 676:4:-1 by blue 811:5:-1 at gen300 Univ0 prob=0.238
​ 648I j:ageGp:fam 954:8:-1 by yellow 721:5:-1 at gen300 Univ0 prob=0.667
​ 654I i:ageGp:fam 69:1:-1 by blue 715:5:-1 at gen301 Univ0 prob=0.713
​ 654I j:ageGp:fam 535:3:-1 by red 78:1:-1 at gen301 Univ0 prob=0.320
​ 654I j:ageGp:fam 892:6:-1 by red 78:1:-1 at gen301 Univ0 prob=0.108
​ 654I j:ageGp:fam 342:2:-1 by blue 89:1:-1 at gen301 Univ0 prob=0.827
​ 654I j:ageGp:fam 891:6:-1 by blue 215:2:-1 at gen301 Univ0 prob=0.226
​ 654I i:ageGp:fam 311:2:-1 by blue 422:3:-1 at gen301 Univ0 prob=0.394
​ 654I i:ageGp:fam 367:3:-1 by blue 901:6:-1 at gen301 Univ0 prob=0.789
​ 654I j:ageGp:fam 723:5:-1 by blue 417:3:-1 at gen301 Univ0 prob=0.301
​ 654I j:ageGp:fam 891:6:-1 by red 668:4:-1 at gen301 Univ0 prob=0.771
​ 661I i:ageGp:fam 109:1:-1 by blue 625:4:-1 at gen302 Univ0 prob=0.864
​ 661I j:ageGp:fam 130:1:-1 by blue 118:1:-1 at gen302 Univ0 prob=0.795
​ 661I i:ageGp:fam 136:2:-1 by blue 945:7:-1 at gen302 Univ0 prob=0.243
​ 661I i:ageGp:fam 165:2:-1 by blue 572:4:-1 at gen302 Univ0 prob=0.544
​ 661I j:ageGp:fam 939:7:-1 by yellow 374:3:-1 at gen302 Univ0 prob=0.960
​ 661I i:ageGp:fam 384:3:-1 by blue 564:4:-1 at gen302 Univ0 prob=0.149
​ 661I j:ageGp:fam 792:5:-1 by red 400:3:-1 at gen302 Univ0 prob=0.318
​ 661I j:ageGp:fam 749:5:-1 by blue 525:3:-1 at gen302 Univ0 prob=0.458
​ 661I i:ageGp:fam 621:4:-1 by blue 718:5:-1 at gen302 Univ0 prob=0.555
​ 669I j:ageGp:fam 911:7:-1 by blue 2:0:-1 at gen303 Univ0 prob=0.800
​ 669I j:ageGp:fam 911:7:-1 by blue 20:0:-1 at gen303 Univ0 prob=0.266
​ 669I i:ageGp:fam 108:1:-1 by yellow 251:2:-1 at gen303 Univ0 prob=0.727
​ 669I i:ageGp:fam 218:2:-1 by blue 579:4:-1 at gen303 Univ0 prob=0.169
​ 669I j:ageGp:fam 859:6:-1 by red 287:2:-1 at gen303 Univ0 prob=0.132
​ 669I i:ageGp:fam 373:3:-1 by red 586:4:-1 at gen303 Univ0 prob=0.388
​ 669I i:ageGp:fam 429:3:-1 by blue 654:4:-1 at gen303 Univ0 prob=0.643
​ 669I i:ageGp:fam 747:5:-1 by blue 787:5:-1 at gen303 Univ0 prob=0.489
​ 669I i:ageGp:fam 860:6:-1 by blue 898:6:-1 at gen303 Univ0 prob=0.217
​ 678I j:ageGp:fam 584:4:-1 by blue 43:1:-1 at gen304 Univ0 prob=0.598
​ 678I j:ageGp:fam 888:6:-1 by blue 401:3:-1 at gen304 Univ0 prob=0.291
​ 678I i:ageGp:fam 435:3:-1 by blue 702:5:-1 at gen304 Univ0 prob=0.675
​ 678I i:ageGp:fam 442:3:-1 by blue 625:4:-1 at gen304 Univ0 prob=0.918
​ 678I i:ageGp:fam 558:4:-1 by red 968:8:-1 at gen304 Univ0 prob=0.062
​ 678I i:ageGp:fam 720:5:-1 by red 799:5:-1 at gen304 Univ0 prob=0.721
​ 686I i:ageGp:fam 47:1:-1 by blue 931:7:-1 at gen305 Univ0 prob=0.020
​ 686I i:ageGp:fam 48:1:-1 by red 638:4:-1 at gen305 Univ0 prob=0.790
​ 686I j:ageGp:fam 873:6:-1 by yellow 109:1:-1 at gen305 Univ0 prob=0.990
​ 686I j:ageGp:fam 963:8:-1 by blue 227:2:-1 at gen305 Univ0 prob=0.552
​ 686I j:ageGp:fam 846:6:-1 by red 405:3:-1 at gen305 Univ0 prob=0.391
​ 686I j:ageGp:fam 864:6:-1 by red 795:5:-1 at gen305 Univ0 prob=0.320
​ 692I j:ageGp:fam 854:6:-1 by blue 13:0:-1 at gen306 Univ0 prob=0.481
​ 692I j:ageGp:fam 459:3:-1 by blue 410:3:-1 at gen306 Univ0 prob=0.616
​ 698I j:ageGp:fam 789:5:-1 by blue 116:1:-1 at gen307 Univ0 prob=0.291
​ 698I i:ageGp:fam 210:2:-1 by red 799:5:-1 at gen307 Univ0 prob=0.582
​ 698I j:ageGp:fam 660:4:-1 by blue 308:2:-1 at gen307 Univ0 prob=0.914
​ 698I j:ageGp:fam 789:5:-1 by red 324:2:-1 at gen307 Univ0 prob=0.440
​ 698I i:ageGp:fam 532:3:-1 by yellow 887:6:-1 at gen307 Univ0 prob=0.358
​ 698I j:ageGp:fam 730:5:-1 by yellow 611:4:-1 at gen307 Univ0 prob=0.630
​ 698I j:ageGp:fam 730:5:-1 by blue 672:4:-1 at gen307 Univ0 prob=0.519
​ 700I i:ageGp:fam 526:3:-1 by blue 572:4:-1 at gen308 Univ0 prob=0.571
​ 700I j:ageGp:fam 635:4:-1 by yellow 611:4:-1 at gen308 Univ0 prob=0.875
​ 700I j:ageGp:fam 754:5:-1 by blue 629:4:-1 at gen308 Univ0 prob=0.053
​ 705I i:ageGp:fam 96:1:-1 by blue 300:2:-1 at gen309 Univ0 prob=0.930
​ 705I j:ageGp:fam 677:4:-1 by blue 197:2:-1 at gen309 Univ0 prob=0.250
​ 705I i:ageGp:fam 268:2:-1 by blue 875:6:-1 at gen309 Univ0 prob=0.871
​ 705I i:ageGp:fam 441:3:-1 by yellow 863:6:-1 at gen309 Univ0 prob=0.967
​ 705I i:ageGp:fam 484:3:-1 by blue 765:5:-1 at gen309 Univ0 prob=0.981
​ 705I j:ageGp:fam 810:5:-1 by blue 713:5:-1 at gen309 Univ0 prob=0.943
​ 708I j:ageGp:fam 329:2:-1 by blue 13:0:-1 at gen310 Univ0 prob=0.807
​ 708I j:ageGp:fam 224:2:-1 by blue 32:0:-1 at gen310 Univ0 prob=0.971
​ 708I j:ageGp:fam 996:9:-1 by yellow 69:1:-1 at gen310 Univ0 prob=0.617
​ 708I j:ageGp:fam 105:1:-1 by blue 77:1:-1 at gen310 Univ0 prob=0.454
​ 708I i:ageGp:fam 244:2:-1 by blue 438:3:-1 at gen310 Univ0 prob=0.243
​ 708I j:ageGp:fam 424:3:-1 by blue 272:2:-1 at gen310 Univ0 prob=0.497
​ 708I i:ageGp:fam 589:4:-1 by blue 700:5:-1 at gen310 Univ0 prob=0.611
​ 708I i:ageGp:fam 753:5:-1 by red 799:5:-1 at gen310 Univ0 prob=0.702
​ 708I i:ageGp:fam 753:5:-1 by red 968:8:-1 at gen310 Univ0 prob=0.497
​ 714I i:ageGp:fam 11:0:-1 by blue 804:5:-1 at gen311 Univ0 prob=0.061
​ 714I j:ageGp:fam 180:2:-1 by blue 118:1:-1 at gen311 Univ0 prob=0.237
​ 714I i:ageGp:fam 222:2:-1 by red 576:4:-1 at gen311 Univ0 prob=0.039
​ 714I i:ageGp:fam 259:2:-1 by blue 932:7:-1 at gen311 Univ0 prob=0.302
​ 714I i:ageGp:fam 265:2:-1 by blue 509:3:-1 at gen311 Univ0 prob=0.912
​ 714I i:ageGp:fam 392:3:-1 by blue 814:5:-1 at gen311 Univ0 prob=0.174
​ 714I j:ageGp:fam 997:9:-1 by red 586:4:-1 at gen311 Univ0 prob=0.762
​ 722I j:ageGp:fam 421:3:-1 by blue 50:1:-1 at gen312 Univ0 prob=0.273
​ 722I i:ageGp:fam 226:2:-1 by red 365:3:-1 at gen312 Univ0 prob=0.991
​ 722I i:ageGp:fam 234:2:-1 by yellow 720:5:-1 at gen312 Univ0 prob=0.697
​ 722I i:ageGp:fam 323:2:-1 by blue 613:4:-1 at gen312 Univ0 prob=0.722
​ 722I i:ageGp:fam 337:2:-1 by blue 637:4:-1 at gen312 Univ0 prob=0.766
​ 722I i:ageGp:fam 348:2:-1 by red 876:6:-1 at gen312 Univ0 prob=0.395
​ 722I j:ageGp:fam 583:4:-1 by red 402:3:-1 at gen312 Univ0 prob=0.193
​ 722I j:ageGp:fam 696:5:-1 by red 658:4:-1 at gen312 Univ0 prob=0.617
​ 722I j:ageGp:fam 881:6:-1 by red 816:5:-1 at gen312 Univ0 prob=0.795
​ 729I i:ageGp:fam 449:3:-1 by blue 731:5:-1 at gen313 Univ0 prob=0.679
​ 729I j:ageGp:fam 610:4:-1 by blue 600:4:-1 at gen313 Univ0 prob=0.941
​ 729I j:ageGp:fam 928:7:-1 by blue 702:5:-1 at gen313 Univ0 prob=0.383
​ 729I j:ageGp:fam 929:7:-1 by red 703:5:-1 at gen313 Univ0 prob=0.109
​ 738I i:ageGp:fam 68:1:-1 by blue 748:5:-1 at gen314 Univ0 prob=0.175
​ 738I i:ageGp:fam 151:2:-1 by blue 600:4:-1 at gen314 Univ0 prob=0.308
​ 738I j:ageGp:fam 819:5:-1 by red 205:2:-1 at gen314 Univ0 prob=0.536
​ 738I j:ageGp:fam 330:2:-1 by yellow 235:2:-1 at gen314 Univ0 prob=0.556
​ 738I i:ageGp:fam 238:2:-1 by blue 811:5:-1 at gen314 Univ0 prob=0.556
​ 738I j:ageGp:fam 766:5:-1 by blue 325:2:-1 at gen314 Univ0 prob=0.085
​ 738I j:ageGp:fam 779:5:-1 by blue 464:3:-1 at gen314 Univ0 prob=0.785
​ 742I i:ageGp:fam 46:1:-1 by red 622:4:-1 at gen315 Univ0 prob=0.951
​ 742I j:ageGp:fam 446:3:-1 by blue 138:2:-1 at gen315 Univ0 prob=0.407
​ 742I j:ageGp:fam 664:4:-1 by yellow 159:2:-1 at gen315 Univ0 prob=0.174
​ 742I i:ageGp:fam 169:2:-1 by red 500:3:-1 at gen315 Univ0 prob=0.374
​ 742I j:ageGp:fam 785:5:-1 by yellow 185:2:-1 at gen315 Univ0 prob=0.214
​ 742I i:ageGp:fam 250:2:-1 by blue 949:8:-1 at gen315 Univ0 prob=0.677
​ 742I j:ageGp:fam 788:5:-1 by blue 710:5:-1 at gen315 Univ0 prob=0.623
​ 742I j:ageGp:fam 872:6:-1 by red 858:6:-1 at gen315 Univ0 prob=0.890
​ 749I i:ageGp:fam 140:2:-1 by blue 322:2:-1 at gen316 Univ0 prob=0.955
​ 749I j:ageGp:fam 657:4:-1 by red 168:2:-1 at gen316 Univ0 prob=0.586
​ 749I i:ageGp:fam 605:4:-1 by blue 682:4:-1 at gen316 Univ0 prob=0.283
​ 757I j:ageGp:fam 699:5:-1 by red 36:0:-1 at gen317 Univ0 prob=0.122
​ 757I i:ageGp:fam 52:1:-1 by yellow 259:2:-1 at gen317 Univ0 prob=0.926
​ 757I i:ageGp:fam 86:1:-1 by red 777:5:-1 at gen317 Univ0 prob=0.001
​ 757I i:ageGp:fam 179:2:-1 by blue 293:2:-1 at gen317 Univ0 prob=0.309
​ 757I i:ageGp:fam 196:2:-1 by red 288:2:-1 at gen317 Univ0 prob=0.774
​ 757I i:ageGp:fam 262:2:-1 by blue 467:3:-1 at gen317 Univ0 prob=0.003
​ 757I j:ageGp:fam 970:8:-1 by red 497:3:-1 at gen317 Univ0 prob=0.816
​ 757I j:ageGp:fam 903:7:-1 by red 576:4:-1 at gen317 Univ0 prob=0.003
​ 757I j:ageGp:fam 890:6:-1 by blue 710:5:-1 at gen317 Univ0 prob=0.814
​ 757I i:ageGp:fam 714:5:-1 by blue 844:6:-1 at gen317 Univ0 prob=0.479
​ 757I i:ageGp:fam 773:5:-1 by blue 853:6:-1 at gen317 Univ0 prob=0.171
​ 760I i:ageGp:fam 336:2:-1 by blue 762:5:-1 at gen318 Univ0 prob=0.358
​ 760I j:ageGp:fam 742:5:-1 by red 437:3:-1 at gen318 Univ0 prob=0.316
​ 760I i:ageGp:fam 440:3:-1 by blue 511:3:-1 at gen318 Univ0 prob=0.777
​ 760I j:ageGp:fam 934:7:-1 by blue 743:5:-1 at gen318 Univ0 prob=0.797
​ 771I i:ageGp:fam 53:1:-1 by blue 91:1:-1 at gen319 Univ0 prob=0.882
​ 775I j:ageGp:fam 879:6:-1 by blue 511:3:-1 at gen320 Univ0 prob=0.407
​ 775I j:ageGp:fam 826:6:-1 by red 658:4:-1 at gen320 Univ0 prob=0.258
​ 775I j:ageGp:fam 870:6:-1 by red 738:5:-1 at gen320 Univ0 prob=0.164
​ 776I j:ageGp:fam 415:3:-1 by blue 29:0:-1 at gen321 Univ0 prob=0.998
​ 776I j:ageGp:fam 472:3:-1 by blue 29:0:-1 at gen321 Univ0 prob=0.878
​ 776I j:ageGp:fam 317:2:-1 by yellow 251:2:-1 at gen321 Univ0 prob=0.015
​ 776I j:ageGp:fam 793:5:-1 by blue 300:2:-1 at gen321 Univ0 prob=0.040
​ 776I j:ageGp:fam 695:5:-1 by blue 339:2:-1 at gen321 Univ0 prob=0.069
​ 776I i:ageGp:fam 363:3:-1 by red 665:4:-1 at gen321 Univ0 prob=0.129
​ 776I j:ageGp:fam 716:5:-1 by blue 408:3:-1 at gen321 Univ0 prob=0.001
​ 776I j:ageGp:fam 521:3:-1 by blue 416:3:-1 at gen321 Univ0 prob=0.867
​ 776I i:ageGp:fam 499:3:-1 by blue 587:4:-1 at gen321 Univ0 prob=0.672
​ 779I j:ageGp:fam 845:6:-1 by blue 2:0:-1 at gen322 Univ0 prob=0.236
​ 779I j:ageGp:fam 186:2:-1 by blue 75:1:-1 at gen322 Univ0 prob=0.960
​ 779I i:ageGp:fam 125:1:-1 by blue 751:5:-1 at gen322 Univ0 prob=0.524
​ 779I i:ageGp:fam 172:2:-1 by blue 644:4:-1 at gen322 Univ0 prob=0.391
​ 779I i:ageGp:fam 211:2:-1 by blue 485:3:-1 at gen322 Univ0 prob=0.517
​ 779I i:ageGp:fam 269:2:-1 by red 579:4:-1 at gen322 Univ0 prob=0.132
​ 779I i:ageGp:fam 310:2:-1 by red 600:4:-1 at gen322 Univ0 prob=0.940
​ 779I i:ageGp:fam 451:3:-1 by blue 961:8:-1 at gen322 Univ0 prob=0.365
​ 779I j:ageGp:fam 759:5:-1 by red 497:3:-1 at gen322 Univ0 prob=0.654
​ 779I j:ageGp:fam 906:7:-1 by blue 729:5:-1 at gen322 Univ0 prob=0.313
​ 779I i:ageGp:fam 736:5:-1 by blue 798:5:-1 at gen322 Univ0 prob=0.518
​ 779I j:ageGp:fam 900:6:-1 by yellow 758:5:-1 at gen322 Univ0 prob=0.427
​ 788I j:ageGp:fam 570:4:-1 by blue 162:2:-1 at gen323 Univ0 prob=0.846
​ 788I i:ageGp:fam 306:2:-1 by red 432:3:-1 at gen323 Univ0 prob=0.833
​ 788I i:ageGp:fam 344:2:-1 by blue 372:3:-1 at gen323 Univ0 prob=0.245
​ 788I i:ageGp:fam 360:3:-1 by yellow 535:3:-1 at gen323 Univ0 prob=0.513
​ 788I j:ageGp:fam 768:5:-1 by blue 439:3:-1 at gen323 Univ0 prob=0.767
​ 788I j:ageGp:fam 531:3:-1 by blue 468:3:-1 at gen323 Univ0 prob=0.288
​ 788I i:ageGp:fam 593:4:-1 by blue 637:4:-1 at gen323 Univ0 prob=0.154
​ 800I i:ageGp:fam 62:1:-1 by blue 838:6:-1 at gen324 Univ0 prob=0.395
​ 800I j:ageGp:fam 822:6:-1 by blue 178:2:-1 at gen324 Univ0 prob=0.595
​ 800I i:ageGp:fam 208:2:-1 by red 946:7:-1 at gen324 Univ0 prob=0.956
​ 800I i:ageGp:fam 346:2:-1 by blue 885:6:-1 at gen324 Univ0 prob=0.448
​ 800I i:ageGp:fam 489:3:-1 by red 968:8:-1 at gen324 Univ0 prob=0.417
​ 807I j:ageGp:fam 560:4:-1 by blue 75:1:-1 at gen325 Univ0 prob=0.316
​ 807I i:ageGp:fam 132:2:-1 by blue 806:5:-1 at gen325 Univ0 prob=0.925
​ 807I j:ageGp:fam 175:2:-1 by blue 135:2:-1 at gen325 Univ0 prob=0.375
​ 807I j:ageGp:fam 941:7:-1 by blue 298:2:-1 at gen325 Univ0 prob=0.746
​ 807I i:ageGp:fam 778:5:-1 by red 811:5:-1 at gen325 Univ0 prob=0.428
​ 812I i:ageGp:fam 67:1:-1 by blue 191:2:-1 at gen326 Univ0 prob=0.516
​ 812I j:ageGp:fam 390:3:-1 by blue 77:1:-1 at gen326 Univ0 prob=0.982
​ 812I i:ageGp:fam 313:2:-1 by red 968:8:-1 at gen326 Univ0 prob=0.677
​ 812I i:ageGp:fam 491:3:-1 by blue 798:5:-1 at gen326 Univ0 prob=0.701
​ 812I j:ageGp:fam 708:5:-1 by blue 607:4:-1 at gen326 Univ0 prob=0.888
​ 817I i:ageGp:fam 3:0:-1 by red 198:2:-1 at gen327 Univ0 prob=0.331
​ 817I j:ageGp:fam 378:3:-1 by green 3:0:-1 at gen327 Univ0 prob=0.349
​ 817I j:ageGp:fam 378:3:-1 by red 198:2:-1 at gen327 Univ0 prob=0.575
​ 817I i:ageGp:fam 209:2:-1 by red 601:4:-1 at gen327 Univ0 prob=0.849
​ 817I j:ageGp:fam 839:6:-1 by blue 401:3:-1 at gen327 Univ0 prob=0.837
​ 817I j:ageGp:fam 494:3:-1 by blue 492:3:-1 at gen327 Univ0 prob=0.541
​ 817I i:ageGp:fam 594:4:-1 by red 815:5:-1 at gen327 Univ0 prob=0.151
​ 817I j:ageGp:fam 841:6:-1 by yellow 736:5:-1 at gen327 Univ0 prob=0.428
​ 822I i:ageGp:fam 173:2:-1 by blue 364:3:-1 at gen328 Univ0 prob=0.743
​ 822I j:ageGp:fam 469:3:-1 by red 273:2:-1 at gen328 Univ0 prob=0.661
​ 822I i:ageGp:fam 341:2:-1 by red 417:3:-1 at gen328 Univ0 prob=0.874
​ 829I j:ageGp:fam 990:9:-1 by blue 15:0:-1 at gen329 Univ0 prob=0.650
​ 829I j:ageGp:fam 782:5:-1 by red 72:1:-1 at gen329 Univ0 prob=0.680
​ 829I j:ageGp:fam 990:9:-1 by blue 124:1:-1 at gen329 Univ0 prob=0.602
​ 832I j:ageGp:fam 648:4:-1 by red 79:1:-1 at gen330 Univ0 prob=0.890
​ 832I j:ageGp:fam 351:2:-1 by blue 189:2:-1 at gen330 Univ0 prob=0.173
​ 832I j:ageGp:fam 480:3:-1 by blue 299:2:-1 at gen330 Univ0 prob=0.255
​ 832I j:ageGp:fam 823:6:-1 by blue 370:3:-1 at gen330 Univ0 prob=0.127
​ 832I j:ageGp:fam 455:3:-1 by red 381:3:-1 at gen330 Univ0 prob=0.047
​ 832I j:ageGp:fam 647:4:-1 by blue 550:4:-1 at gen330 Univ0 prob=0.704
​ 834I j:ageGp:fam 217:2:-1 by red 14:0:-1 at gen331 Univ0 prob=0.870
​ 834I j:ageGp:fam 216:2:-1 by blue 177:2:-1 at gen331 Univ0 prob=0.327
​ 834I j:ageGp:fam 705:5:-1 by blue 318:2:-1 at gen331 Univ0 prob=0.558
​ 834I j:ageGp:fam 848:6:-1 by blue 731:5:-1 at gen331 Univ0 prob=0.821
​ 840I i:ageGp:fam 147:2:-1 by blue 201:2:-1 at gen332 Univ0 prob=0.549
​ 840I i:ageGp:fam 182:2:-1 by blue 602:4:-1 at gen332 Univ0 prob=0.616
​ 840I i:ageGp:fam 321:2:-1 by blue 912:7:-1 at gen332 Univ0 prob=0.817
​ 840I j:ageGp:fam 517:3:-1 by blue 364:3:-1 at gen332 Univ0 prob=0.190
​ 840I i:ageGp:fam 396:3:-1 by red 729:5:-1 at gen332 Univ0 prob=0.197
​ 840I i:ageGp:fam 398:3:-1 by red 734:5:-1 at gen332 Univ0 prob=0.574
​ 840I i:ageGp:fam 599:4:-1 by blue 973:8:-1 at gen332 Univ0 prob=0.622
​ 840I i:ageGp:fam 671:4:-1 by blue 798:5:-1 at gen332 Univ0 prob=0.115
​ 844I i:ageGp:fam 74:1:-1 by red 423:3:-1 at gen333 Univ0 prob=0.627
​ 844I i:ageGp:fam 123:1:-1 by yellow 538:3:-1 at gen333 Univ0 prob=0.536
​ 844I j:ageGp:fam 919:7:-1 by red 167:2:-1 at gen333 Univ0 prob=0.133
​ 844I j:ageGp:fam 462:3:-1 by blue 206:2:-1 at gen333 Univ0 prob=0.781
​ 844I i:ageGp:fam 503:3:-1 by blue 592:4:-1 at gen333 Univ0 prob=0.839
​ 844I i:ageGp:fam 740:5:-1 by red 914:7:-1 at gen333 Univ0 prob=0.700
​ 852I j:ageGp:fam 818:5:-1 by blue 45:1:-1 at gen334 Univ0 prob=0.436
​ 852I j:ageGp:fam 498:3:-1 by blue 206:2:-1 at gen334 Univ0 prob=0.182
​ 852I i:ageGp:fam 632:4:-1 by blue 966:8:-1 at gen334 Univ0 prob=0.514
​ 858I i:ageGp:fam 30:0:-1 by red 204:2:-1 at gen335 Univ0 prob=0.377
​ 858I j:ageGp:fam 689:4:-1 by blue 33:0:-1 at gen335 Univ0 prob=0.923
​ 858I i:ageGp:fam 34:0:-1 by red 422:3:-1 at gen335 Univ0 prob=0.186
​ 858I j:ageGp:fam 458:3:-1 by blue 138:2:-1 at gen335 Univ0 prob=0.960
​ 858I i:ageGp:fam 679:4:-1 by red 691:5:-1 at gen335 Univ0 prob=0.107
​ 858I i:ageGp:fam 880:6:-1 by red 975:8:-1 at gen335 Univ0 prob=0.294
​ 861I j:ageGp:fam 780:5:-1 by blue 141:2:-1 at gen336 Univ0 prob=0.289
​ 861I i:ageGp:fam 683:4:-1 by red 975:8:-1 at gen336 Univ0 prob=0.394
​ 867I i:ageGp:fam 230:2:-1 by blue 525:3:-1 at gen337 Univ0 prob=0.376
​ 867I i:ageGp:fam 266:2:-1 by yellow 532:3:-1 at gen337 Univ0 prob=0.677
​ 867I i:ageGp:fam 275:2:-1 by blue 433:3:-1 at gen337 Univ0 prob=0.840
​ 867I j:ageGp:fam 809:5:-1 by blue 436:3:-1 at gen337 Univ0 prob=0.811
​ 867I j:ageGp:fam 663:4:-1 by red 511:3:-1 at gen337 Univ0 prob=0.283
​ 867I j:ageGp:fam 837:6:-1 by red 516:3:-1 at gen337 Univ0 prob=0.884
​ 869I i:ageGp:fam 567:4:-1 by red 895:6:-1 at gen338 Univ0 prob=0.565
​ 875I i:ageGp:fam 5:0:-1 by blue 631:4:-1 at gen339 Univ0 prob=0.314
​ 875I i:ageGp:fam 207:2:-1 by blue 964:8:-1 at gen339 Univ0 prob=0.170
​ 875I j:ageGp:fam 557:4:-1 by yellow 329:2:-1 at gen339 Univ0 prob=0.840
​ 875I i:ageGp:fam 479:3:-1 by blue 502:3:-1 at gen339 Univ0 prob=0.733
​ 876I i:ageGp:fam 19:0:-1 by blue 431:3:-1 at gen340 Univ0 prob=0.316
​ 876I i:ageGp:fam 225:2:-1 by red 563:4:-1 at gen340 Univ0 prob=0.189
​ 876I i:ageGp:fam 271:2:-1 by red 658:4:-1 at gen340 Univ0 prob=0.062
​ 876I i:ageGp:fam 375:3:-1 by red 703:5:-1 at gen340 Univ0 prob=0.283
​ 876I i:ageGp:fam 407:3:-1 by blue 562:4:-1 at gen340 Univ0 prob=0.098
​ 876I i:ageGp:fam 413:3:-1 by blue 667:4:-1 at gen340 Univ0 prob=0.720
​ 876I j:ageGp:fam 642:4:-1 by blue 507:3:-1 at gen340 Univ0 prob=0.626
​ 876I j:ageGp:fam 989:9:-1 by red 580:4:-1 at gen340 Univ0 prob=0.940
​ 876I i:ageGp:fam 636:4:-1 by red 751:5:-1 at gen340 Univ0 prob=0.334
​ 876I j:ageGp:fam 909:7:-1 by blue 724:5:-1 at gen340 Univ0 prob=0.130
​ 880I i:ageGp:fam 90:1:-1 by blue 149:2:-1 at gen341 Univ0 prob=0.305
​ 890I j:ageGp:fam 174:2:-1 by blue 41:1:-1 at gen342 Univ0 prob=0.986
​ 890I i:ageGp:fam 350:2:-1 by red 728:5:-1 at gen342 Univ0 prob=0.977
​ 890I j:ageGp:fam 752:5:-1 by red 681:4:-1 at gen342 Univ0 prob=0.628
​ 891I j:ageGp:fam 987:9:-1 by blue 56:1:-1 at gen343 Univ0 prob=0.153
​ 891I j:ageGp:fam 183:2:-1 by blue 106:1:-1 at gen343 Univ0 prob=0.410
​ 891I j:ageGp:fam 861:6:-1 by blue 141:2:-1 at gen343 Univ0 prob=0.567
​ 891I i:ageGp:fam 388:3:-1 by red 463:3:-1 at gen343 Univ0 prob=0.291
​ 891I i:ageGp:fam 585:4:-1 by red 958:8:-1 at gen343 Univ0 prob=0.908
​ 894I j:ageGp:fam 884:6:-1 by blue 97:1:-1 at gen344 Univ0 prob=0.557
​ 894I i:ageGp:fam 144:2:-1 by blue 185:2:-1 at gen344 Univ0 prob=0.665
​ 894I i:ageGp:fam 144:2:-1 by blue 639:4:-1 at gen344 Univ0 prob=0.620
​ 894I i:ageGp:fam 246:2:-1 by blue 508:3:-1 at gen344 Univ0 prob=0.486
​ 894I j:ageGp:fam 923:7:-1 by blue 298:2:-1 at gen344 Univ0 prob=0.964
​ 894I j:ageGp:fam 978:8:-1 by yellow 348:2:-1 at gen344 Univ0 prob=0.964
​ 899I j:ageGp:fam 653:4:-1 by red 504:3:-1 at gen345 Univ0 prob=0.289
​ 899I j:ageGp:fam 680:4:-1 by red 576:4:-1 at gen345 Univ0 prob=0.128
​ 899I i:ageGp:fam 774:5:-1 by red 811:5:-1 at gen345 Univ0 prob=0.264
​ 904I j:ageGp:fam 807:5:-1 by red 66:1:-1 at gen346 Univ0 prob=0.160
​ 904I j:ageGp:fam 477:3:-1 by red 168:2:-1 at gen346 Univ0 prob=0.389
​ 904I i:ageGp:fam 256:2:-1 by blue 328:2:-1 at gen346 Univ0 prob=0.985
​ 904I i:ageGp:fam 386:3:-1 by blue 625:4:-1 at gen346 Univ0 prob=0.855
​ 904I i:ageGp:fam 466:3:-1 by blue 967:8:-1 at gen346 Univ0 prob=0.614
​ 907I i:ageGp:fam 137:2:-1 by red 958:8:-1 at gen347 Univ0 prob=0.637
AgeVaxH35.js:2202 907I j:ageGp:fam 578:4:-1 by blue 190:2:-1 at gen347 Univ0 prob=0.506
AgeVaxH35.js:2202 907I j:ageGp:fam 630:4:-1 by blue 243:2:-1 at gen347 Univ0 prob=0.368
AgeVaxH35.js:2202 912I j:ageGp:fam 412:3:-1 by blue 61:1:-1 at gen348 Univ0 prob=0.915
AgeVaxH35.js:2221 912I i:ageGp:fam 63:1:-1 by blue 921:7:-1 at gen348 Univ0 prob=0.980
AgeVaxH35.js:2202 912I j:ageGp:fam 678:4:-1 by blue 124:1:-1 at gen348 Univ0 prob=0.917
AgeVaxH35.js:2221 912I i:ageGp:fam 354:2:-1 by blue 550:4:-1 at gen348 Univ0 prob=0.855
AgeVaxH35.js:2221 912I i:ageGp:fam 430:3:-1 by blue 502:3:-1 at gen348 Univ0 prob=0.628
AgeVaxH35.js:2221 915I i:ageGp:fam 24:0:-1 by red 89:1:-1 at gen349 Univ0 prob=0.900
AgeVaxH35.js:2202 915I j:ageGp:fam 960:8:-1 by red 36:0:-1 at gen349 Univ0 prob=0.820
AgeVaxH35.js:2221 915I i:ageGp:fam 111:1:-1 by blue 667:4:-1 at gen349 Univ0 prob=0.642
AgeVaxH35.js:2202 915I j:ageGp:fam 956:8:-1 by red 154:2:-1 at gen349 Univ0 prob=0.723
AgeVaxH35.js:2221 915I i:ageGp:fam 237:2:-1 by blue 853:6:-1 at gen349 Univ0 prob=0.063
AgeVaxH35.js:2202 915I j:ageGp:fam 960:8:-1 by blue 349:2:-1 at gen349 Univ0 prob=0.580
AgeVaxH35.js:2202 915I j:ageGp:fam 505:3:-1 by blue 436:3:-1 at gen349 Univ0 prob=0.298
AgeVaxH35.js:2221 920I i:ageGp:fam 166:2:-1 by red 652:4:-1 at gen350 Univ0 prob=0.509
AgeVaxH35.js:2202 920I j:ageGp:fam 836:6:-1 by red 711:5:-1 at gen350 Univ0 prob=0.276
AgeVaxH35.js:2202 920I j:ageGp:fam 784:5:-1 by blue 761:5:-1 at gen350 Univ0 prob=0.526
AgeVaxH35.js:2221 926I i:ageGp:fam 60:1:-1 by red 482:3:-1 at gen351 Univ0 prob=0.466
AgeVaxH35.js:2221 926I i:ageGp:fam 114:1:-1 by blue 318:2:-1 at gen351 Univ0 prob=0.215
AgeVaxH35.js:2202 929I j:ageGp:fam 707:5:-1 by blue 84:1:-1 at gen352 Univ0 prob=0.637
AgeVaxH35.js:2221 929I i:ageGp:fam 107:1:-1 by red 910:7:-1 at gen352 Univ0 prob=0.967
AgeVaxH35.js:2221 929I i:ageGp:fam 254:2:-1 by red 629:4:-1 at gen352 Univ0 prob=0.760
AgeVaxH35.js:2221 931I i:ageGp:fam 95:1:-1 by red 448:3:-1 at gen353 Univ0 prob=0.853
AgeVaxH35.js:2221 931I i:ageGp:fam 188:2:-1 by blue 347:2:-1 at gen353 Univ0 prob=0.448
AgeVaxH35.js:2202 931I j:ageGp:fam 633:4:-1 by blue 219:2:-1 at gen353 Univ0 prob=0.366
AgeVaxH35.js:2202 931I j:ageGp:fam 546:4:-1 by blue 272:2:-1 at gen353 Univ0 prob=0.989
AgeVaxH35.js:2221 934I i:ageGp:fam 7:0:-1 by blue 514:3:-1 at gen354 Univ0 prob=0.346
AgeVaxH35.js:2221 934I i:ageGp:fam 548:4:-1 by blue 855:6:-1 at gen354 Univ0 prob=0.517
AgeVaxH35.js:2202 938I j:ageGp:fam 481:3:-1 by blue 26:0:-1 at gen355 Univ0 prob=0.368
AgeVaxH35.js:2202 940I j:ageGp:fam 918:7:-1 by red 365:3:-1 at gen356 Univ0 prob=0.201
AgeVaxH35.js:2202 940I j:ageGp:fam 796:5:-1 by red 463:3:-1 at gen356 Univ0 prob=0.772
AgeVaxH35.js:2202 941I j:ageGp:fam 409:3:-1 by red 41:1:-1 at gen357 Univ0 prob=0.416
AgeVaxH35.js:2202 941I j:ageGp:fam 552:4:-1 by yellow 166:2:-1 at gen357 Univ0 prob=0.655
AgeVaxH35.js:2221 943I i:ageGp:fam 1:0:-1 by blue 332:2:-1 at gen358 Univ0 prob=0.021
AgeVaxH35.js:2221 943I i:ageGp:fam 80:1:-1 by blue 562:4:-1 at gen358 Univ0 prob=0.444
AgeVaxH35.js:2202 943I j:ageGp:fam 727:5:-1 by red 427:3:-1 at gen358 Univ0 prob=0.406
AgeVaxH35.js:2202 943I j:ageGp:fam 982:9:-1 by blue 725:5:-1 at gen358 Univ0 prob=0.192
AgeVaxH35.js:2202 945I j:ageGp:fam 993:9:-1 by blue 219:2:-1 at gen359 Univ0 prob=0.629
AgeVaxH35.js:2221 945I i:ageGp:fam 258:2:-1 by blue 922:7:-1 at gen359 Univ0 prob=0.935
AgeVaxH35.js:2202 949I j:ageGp:fam 643:4:-1 by blue 190:2:-1 at gen360 Univ0 prob=0.776
AgeVaxH35.js:2202 949I j:ageGp:fam 684:4:-1 by red 273:2:-1 at gen360 Univ0 prob=0.466
AgeVaxH35.js:2221 949I i:ageGp:fam 387:3:-1 by blue 461:3:-1 at gen360 Univ0 prob=0.414
AgeVaxH35.js:2202 949I j:ageGp:fam 953:8:-1 by blue 575:4:-1 at gen360 Univ0 prob=0.758
AgeVaxH35.js:2221 951I i:ageGp:fam 71:1:-1 by red 482:3:-1 at gen361 Univ0 prob=0.839
AgeVaxH35.js:2202 951I j:ageGp:fam 573:4:-1 by red 138:2:-1 at gen361 Univ0 prob=0.138
AgeVaxH35.js:2221 955I i:ageGp:fam 314:2:-1 by blue 973:8:-1 at gen362 Univ0 prob=0.588
AgeVaxH35.js:2221 958I i:ageGp:fam 49:1:-1 by blue 327:2:-1 at gen364 Univ0 prob=0.303
AgeVaxH35.js:2202 958I j:ageGp:fam 775:5:-1 by blue 219:2:-1 at gen364 Univ0 prob=0.235
AgeVaxH35.js:2202 958I j:ageGp:fam 959:8:-1 by blue 297:2:-1 at gen364 Univ0 prob=0.188
AgeVaxH35.js:2202 958I j:ageGp:fam 797:5:-1 by red 765:5:-1 at gen364 Univ0 prob=0.553
AgeVaxH35.js:2202 958I j:ageGp:fam 850:6:-1 by red 799:5:-1 at gen365 Univ0 prob=0.097
AgeVaxH35.js:2221 958I i:ageGp:fam 835:6:-1 by blue 999:9:-1 at gen365 Univ0 prob=0.580
AgeVaxH35.js:2221 962I i:ageGp:fam 99:1:-1 by blue 152:2:-1 at gen366 Univ0 prob=0.122
AgeVaxH35.js:2202 964I j:ageGp:fam 143:2:-1 by blue 139:2:-1 at gen367 Univ0 prob=0.132
AgeVaxH35.js:2202 964I j:ageGp:fam 857:6:-1 by blue 502:3:-1 at gen367 Univ0 prob=0.479
AgeVaxH35.js:2202 965I j:ageGp:fam 493:3:-1 by blue 242:2:-1 at gen368 Univ0 prob=0.818
AgeVaxH35.js:2221 965I i:ageGp:fam 307:2:-1 by blue 590:4:-1 at gen368 Univ0 prob=0.282
AgeVaxH35.js:2221 965I i:ageGp:fam 834:6:-1 by blue 840:6:-1 at gen368 Univ0 prob=0.722
AgeVaxH35.js:2202 967I j:ageGp:fam 741:5:-1 by red 319:2:-1 at gen369 Univ0 prob=0.233
AgeVaxH35.js:2202 970I j:ageGp:fam 157:2:-1 by blue 135:2:-1 at gen370 Univ0 prob=0.673
AgeVaxH35.js:2202 970I j:ageGp:fam 454:3:-1 by blue 263:2:-1 at gen370 Univ0 prob=0.509
AgeVaxH35.js:2221 971I i:ageGp:fam 867:6:-1 by blue 926:7:-1 at gen371 Univ0 prob=0.419
AgeVaxH35.js:2202 973I j:ageGp:fam 270:2:-1 by red 40:1:-1 at gen372 Univ0 prob=0.003
AgeVaxH35.js:2221 973I i:ageGp:fam 134:2:-1 by blue 999:9:-1 at gen372 Univ0 prob=0.149
AgeVaxH35.js:2202 973I j:ageGp:fam 896:6:-1 by blue 316:2:-1 at gen372 Univ0 prob=0.683
AgeVaxH35.js:2202 974I j:ageGp:fam 634:4:-1 by blue 277:2:-1 at gen373 Univ0 prob=0.180
AgeVaxH35.js:2221 977I i:ageGp:fam 59:1:-1 by blue 69:1:-1 at gen374 Univ0 prob=0.442
AgeVaxH35.js:2221 977I i:ageGp:fam 83:1:-1 by blue 704:5:-1 at gen374 Univ0 prob=0.497
AgeVaxH35.js:2202 977I j:ageGp:fam 487:3:-1 by yellow 314:2:-1 at gen374 Univ0 prob=0.214
AgeVaxH35.js:2221 977I i:ageGp:fam 475:3:-1 by red 658:4:-1 at gen374 Univ0 prob=0.982
AgeVaxH35.js:2202 982I j:ageGp:fam 661:4:-1 by red 402:3:-1 at gen376 Univ0 prob=0.123
AgeVaxH35.js:2202 982I j:ageGp:fam 343:2:-1 by blue 108:1:-1 at gen377 Univ0 prob=0.470
AgeVaxH35.js:2221 983I i:ageGp:fam 286:2:-1 by blue 962:8:-1 at gen378 Univ0 prob=0.271
AgeVaxH35.js:2202 984I j:ageGp:fam 772:5:-1 by blue 380:3:-1 at gen379 Univ0 prob=0.131
AgeVaxH35.js:2202 986I j:ageGp:fam 971:8:-1 by blue 296:2:-1 at gen382 Univ0 prob=0.872
AgeVaxH35.js:2202 987I j:ageGp:fam 821:6:-1 by red 122:1:-1 at gen384 Univ0 prob=0.460
AgeVaxH35.js:2202 987I j:ageGp:fam 821:6:-1 by red 713:5:-1 at gen384 Univ0 prob=0.438
AgeVaxH35.js:2202 987I j:ageGp:fam 356:2:-1 by blue 139:2:-1 at gen385 Univ0 prob=0.410
AgeVaxH35.js:2202 988I j:ageGp:fam 518:3:-1 by red 124:1:-1 at gen386 Univ0 prob=0.342
AgeVaxH35.js:2202 990I j:ageGp:fam 882:6:-1 by blue 424:3:-1 at gen389 Univ0 prob=0.968
AgeVaxH35.js:2202 990I j:ageGp:fam 609:4:-1 by red 607:4:-1 at gen390 Univ0 prob=0.796
AgeVaxH35.js:2202 992I j:ageGp:fam 692:5:-1 by red 189:2:-1 at gen393 Univ0 prob=0.623
AgeVaxH35.js:2202 993I j:ageGp:fam 536:3:-1 by red 417:3:-1 at gen395 Univ0 prob=0.775
AgeVaxH35.js:2202 994I j:ageGp:fam 282:2:-1 by red 92:1:-1 at gen399 Univ0 prob=0.411
AgeVaxH35.js:2221 995I i:ageGp:fam 473:3:-1 by red 745:5:-1 at gen401 Univ0 prob=0.206
AgeVaxH35.js:2221 996I i:ageGp:fam 57:1:-1 by yellow 343:2:-1 at gen415 Univ0 prob=0.275
AgeVaxH35.js:2202 997I j:ageGp:fam 443:3:-1 by red 17:0:-1 at gen418 Univ0 prob=0.823
AgeVaxH35.js:2221 997I i:ageGp:fam 54:1:-1 by red 969:8:-1 at gen418 Univ0 prob=0.811
AgeVaxH35.js:2221 999I i:ageGp:fam 115:1:-1 by red 527:3:-1 at gen511 Univ0 prob=0.136
