Some messages have been moved to the Issues panel.
AgeVaxH35.js:871 Sat Jan 23 2021 15:19:30 GMT-0800 (Pacific Standard Time)
AgeVaxH35.js:872 CovidSIMVL Mode1 and Mod2 Hybrid 35d
AgeVaxH35.js:873 Mode 1 >13 and <36 is 75%
AgeVaxH35.js:874 Mode 2 >28 is 95%; >13 and <29 is 75%
AgeVaxH35.js:4464 exit covidSim
AgeVaxH35.js:23 getAsText File {name: "Popn1000.csv", lastModified: 1611430642000, lastModifiedDate: Sat Jan 23 2021 11:37:22 GMT-0800 (Pacific Standard Time), webkitRelativePath: "", size: 23944, …}
AgeVaxH35.js:32 File {name: "Popn1000.csv", lastModified: 1611430642000, lastModifiedDate: Sat Jan 23 2021 11:37:22 GMT-0800 (Pacific Standard Time), webkitRelativePath: "", size: 23944, …}
AgeVaxH35.js:23 getAsText File {name: "VL1ageGp2.csv", lastModified: 1611004274000, lastModifiedDate: Mon Jan 18 2021 13:11:14 GMT-0800 (Pacific Standard Time), webkitRelativePath: "", size: 65, …}
AgeVaxH35.js:32 File {name: "VL1ageGp2.csv", lastModified: 1611004274000, lastModifiedDate: Mon Jan 18 2021 13:11:14 GMT-0800 (Pacific Standard Time), webkitRelativePath: "", size: 65, …}
AgeVaxH35.js:1675 Red Days changed to 8,2
AgeVaxH35.js:1697 New Hazard Radius = 2.1
AgeVaxH35.js:1711 new Mingle Factor = 0.95
AgeVaxH35.js:1719 Age Group 9,100 1st shot; 2nd auto in 35days
AgeVaxH35.js:1725 AgeGp =9 To be vaccinated=100%
AgeVaxH35.js:1736 (1000) [0, 1, 2, 3, 4, 5, 6, 7, 8, 9, 10, 11, 12, 13, 14, 15, 16, 17, 18, 19, 20, 21, 22, 23, 24, 25, 26, 27, 28, 29, 30, 31, 32, 33, 34, 35, 36, 37, 38, 39, 40, 41, 42, 43, 44, 45, 46, 47, 48, 49, 50, 51, 52, 53, 54, 55, 56, 57, 58, 59, 60, 61, 62, 63, 64, 65, 66, 67, 68, 69, 70, 71, 72, 73, 74, 75, 76, 77, 78, 79, 80, 81, 82, 83, 84, 85, 86, 87, 88, 89, 90, 91, 92, 93, 94, 95, 96, 97, 98, 99, …]
AgeVaxH35.js:1752 ageGp9 count: 18 List: 982,983,984,985,986,987,988,989,990,991,992,993,994,995,996,997,998,999
AgeVaxH35.js:1780 Vaccination list = 18
AgeVaxH35.js:1794 AgeGp9 vaccinated 18 List: 990,989,997,998,982,983,988,995,991,993,985,986,992,999,994,984,987,996
AgeVaxH35.js:1719 Age Group 8,100 1st shot; 2nd auto in 35days
AgeVaxH35.js:1725 AgeGp =8 To be vaccinated=100%
AgeVaxH35.js:1736 (1000) [0, 1, 2, 3, 4, 5, 6, 7, 8, 9, 10, 11, 12, 13, 14, 15, 16, 17, 18, 19, 20, 21, 22, 23, 24, 25, 26, 27, 28, 29, 30, 31, 32, 33, 34, 35, 36, 37, 38, 39, 40, 41, 42, 43, 44, 45, 46, 47, 48, 49, 50, 51, 52, 53, 54, 55, 56, 57, 58, 59, 60, 61, 62, 63, 64, 65, 66, 67, 68, 69, 70, 71, 72, 73, 74, 75, 76, 77, 78, 79, 80, 81, 82, 83, 84, 85, 86, 87, 88, 89, 90, 91, 92, 93, 94, 95, 96, 97, 98, 99, …]
AgeVaxH35.js:1752 ageGp8 count: 33 List: 949,950,951,952,953,954,955,956,957,958,959,960,961,962,963,964,965,966,967,968,969,970,971,972,973,974,975,976,977,978,979,980,981
AgeVaxH35.js:1780 Vaccination list = 33
AgeVaxH35.js:1794 AgeGp8 vaccinated 33 List: 977,958,966,974,951,963,970,954,969,976,968,980,964,972,981,953,949,956,967,950,955,962,973,978,952,957,975,960,979,965,959,971,961
AgeVaxH35.js:1719 Age Group 7,100 1st shot; 2nd auto in 35days
AgeVaxH35.js:1725 AgeGp =7 To be vaccinated=100%
AgeVaxH35.js:1736 (1000) [0, 1, 2, 3, 4, 5, 6, 7, 8, 9, 10, 11, 12, 13, 14, 15, 16, 17, 18, 19, 20, 21, 22, 23, 24, 25, 26, 27, 28, 29, 30, 31, 32, 33, 34, 35, 36, 37, 38, 39, 40, 41, 42, 43, 44, 45, 46, 47, 48, 49, 50, 51, 52, 53, 54, 55, 56, 57, 58, 59, 60, 61, 62, 63, 64, 65, 66, 67, 68, 69, 70, 71, 72, 73, 74, 75, 76, 77, 78, 79, 80, 81, 82, 83, 84, 85, 86, 87, 88, 89, 90, 91, 92, 93, 94, 95, 96, 97, 98, 99, …]
AgeVaxH35.js:1752 ageGp7 count: 47 List: 902,903,904,905,906,907,908,909,910,911,912,913,914,915,916,917,918,919,920,921,922,923,924,925,926,927,928,929,930,931,932,933,934,935,936,937,938,939,940,941,942,943,944,945,946,947,948
AgeVaxH35.js:1780 Vaccination list = 47
AgeVaxH35.js:1794 AgeGp7 vaccinated 47 List: 942,908,922,920,935,904,918,916,912,917,921,927,932,944,910,902,948,931,945,934,914,919,928,923,909,924,925,906,937,938,936,939,940,915,929,941,907,933,946,947,943,913,926,930,911,905,903
​ 1I x:ageGp:fam 187:2:-1 by blue 150:2:-1 at gen3 Univ0 prob=0.423
​ 2I x:ageGp:fam 330:2:-1 by blue 150:2:-1 at gen15 Univ0 prob=0.898
​ 3I x:ageGp:fam 759:5:-1 by blue 150:2:-1 at gen26 Univ0 prob=0.853
​ 4I x:ageGp:fam 273:2:-1 by blue 150:2:-1 at gen37 Univ0 prob=0.076
​ 5I x:ageGp:fam 268:2:-1 by blue 187:2:-1 at gen77 Univ0 prob=0.154
​ 6I x:ageGp:fam 52:1:-1 by blue 187:2:-1 at gen81 Univ0 prob=0.355
​ 6I x:ageGp:fam 980:8:-1 by blue 187:2:-1 at gen82 Univ0 prob=0.937
​ 8I x:ageGp:fam 567:4:-1 by blue 759:5:-1 at gen85 Univ0 prob=0.330
​ 9I x:ageGp:fam 616:4:-1 by blue 330:2:-1 at gen88 Univ0 prob=0.340
​ 9I x:ageGp:fam 444:3:-1 by blue 187:2:-1 at gen89 Univ0 prob=0.006
​ 9I x:ageGp:fam 350:2:-1 by blue 330:2:-1 at gen89 Univ0 prob=0.029
​ 12I x:ageGp:fam 562:4:-1 by blue 330:2:-1 at gen91 Univ0 prob=0.282
​ 13I x:ageGp:fam 773:5:-1 by blue 187:2:-1 at gen103 Univ0 prob=0.867
​ 14I x:ageGp:fam 851:6:-1 by blue 330:2:-1 at gen107 Univ0 prob=0.675
​ 14I x:ageGp:fam 691:5:-1 by yellow 773:5:-1 at gen107 Univ0 prob=0.346
​ 16I x:ageGp:fam 200:2:-1 by blue 330:2:-1 at gen109 Univ0 prob=0.959
​ 17I x:ageGp:fam 146:2:-1 by blue 273:2:-1 at gen115 Univ0 prob=0.202
​ 18I x:ageGp:fam 523:3:-1 by blue 273:2:-1 at gen120 Univ0 prob=0.595
​ 18I x:ageGp:fam 341:2:-1 by blue 330:2:-1 at gen121 Univ0 prob=0.552
​ 20I x:ageGp:fam 871:6:-1 by yellow 52:1:-1 at gen131 Univ0 prob=0.452
​ 21I x:ageGp:fam 266:2:-1 by blue 268:2:-1 at gen143 Univ0 prob=0.361
​ 22I x:ageGp:fam 736:5:-1 by blue 268:2:-1 at gen150 Univ0 prob=0.128
​ 22I x:ageGp:fam 208:2:-1 by blue 268:2:-1 at gen151 Univ0 prob=0.517
​ 24I x:ageGp:fam 946:7:-1 by blue 52:1:-1 at gen155 Univ0 prob=0.841
​ 25I x:ageGp:fam 126:1:-1 by blue 691:5:-1 at gen157 Univ0 prob=0.392
​ 25I x:ageGp:fam 618:4:-1 by blue 268:2:-1 at gen157 Univ0 prob=0.189
​ 25I x:ageGp:fam 98:1:-1 by yellow 618:4:-1 at gen158 Univ0 prob=0.192
​ 28I x:ageGp:fam 427:3:-1 by blue 52:1:-1 at gen161 Univ0 prob=0.524
​ 28I x:ageGp:fam 495:3:-1 by blue 268:2:-1 at gen161 Univ0 prob=0.472
​ 28I x:ageGp:fam 233:2:-1 by blue 350:2:-1 at gen162 Univ0 prob=0.666
​ 31I x:ageGp:fam 642:4:-1 by blue 616:4:-1 at gen165 Univ0 prob=0.106
​ 32I x:ageGp:fam 552:4:-1 by blue 562:4:-1 at gen167 Univ0 prob=0.725
​ 33I x:ageGp:fam 807:5:-1 by blue 616:4:-1 at gen172 Univ0 prob=0.196
​ 33I x:ageGp:fam 441:3:-1 by blue 350:2:-1 at gen173 Univ0 prob=0.565
​ 35I x:ageGp:fam 977:8:-1 by blue 268:2:-1 at gen175 Univ0 prob=0.990
​ 35I x:ageGp:fam 452:3:-1 by blue 562:4:-1 at gen176 Univ0 prob=0.623
​ 37I x:ageGp:fam 568:4:-1 by blue 146:2:-1 at gen180 Univ0 prob=0.604
​ 38I x:ageGp:fam 368:3:-1 by blue 268:2:-1 at gen183 Univ0 prob=0.534
​ 39I x:ageGp:fam 465:3:-1 by blue 851:6:-1 at gen185 Univ0 prob=0.628
​ 40I x:ageGp:fam 202:2:-1 by blue 562:4:-1 at gen189 Univ0 prob=0.905
​ 41I x:ageGp:fam 730:5:-1 by blue 350:2:-1 at gen192 Univ0 prob=0.599
​ 41I x:ageGp:fam 174:2:-1 by blue 268:2:-1 at gen193 Univ0 prob=0.483
​ 42I x:ageGp:fam 995:9:-1 by blue 266:2:-1 at gen194 Univ0 prob=0.179
​ 42I x:ageGp:fam 584:4:-1 by blue 851:6:-1 at gen194 Univ0 prob=0.299
​ 43I x:ageGp:fam 353:2:-1 by yellow 174:2:-1 at gen195 Univ0 prob=0.930
​ 43I x:ageGp:fam 406:3:-1 by yellow 174:2:-1 at gen195 Univ0 prob=0.596
​ 43I x:ageGp:fam 710:5:-1 by green 406:3:-1 at gen195 Univ0 prob=0.884
​ 45I x:ageGp:fam 784:5:-1 by blue 146:2:-1 at gen196 Univ0 prob=0.801
​ 45I x:ageGp:fam 822:6:-1 by yellow 174:2:-1 at gen196 Univ0 prob=0.780
​ 50I x:ageGp:fam 673:4:-1 by blue 146:2:-1 at gen198 Univ0 prob=0.677
​ 50I x:ageGp:fam 962:8:-1 by blue 851:6:-1 at gen198 Univ0 prob=0.766
​ 50I x:ageGp:fam 645:4:-1 by blue 616:4:-1 at gen199 Univ0 prob=0.174
​ 53I x:ageGp:fam 442:3:-1 by blue 266:2:-1 at gen201 Univ0 prob=0.181
​ 53I x:ageGp:fam 488:3:-1 by blue 851:6:-1 at gen201 Univ0 prob=0.047
​ 55I x:ageGp:fam 732:5:-1 by blue 871:6:-1 at gen203 Univ0 prob=0.342
​ 55I x:ageGp:fam 6:0:-1 by blue 871:6:-1 at gen204 Univ0 prob=0.051
​ 57I x:ageGp:fam 53:1:-1 by blue 851:6:-1 at gen207 Univ0 prob=0.725
​ 57I x:ageGp:fam 524:3:-1 by yellow 6:0:-1 at gen208 Univ0 prob=0.655
​ 57I x:ageGp:fam 374:3:-1 by blue 208:2:-1 at gen208 Univ0 prob=0.292
​ 57I x:ageGp:fam 466:3:-1 by blue 444:3:-1 at gen208 Univ0 prob=0.168
​ 61I x:ageGp:fam 102:1:-1 by blue 266:2:-1 at gen211 Univ0 prob=0.025
​ 62I x:ageGp:fam 381:3:-1 by blue 618:4:-1 at gen213 Univ0 prob=0.511
​ 63I x:ageGp:fam 309:2:-1 by blue 146:2:-1 at gen215 Univ0 prob=0.763
​ 64I x:ageGp:fam 140:2:-1 by blue 851:6:-1 at gen218 Univ0 prob=0.241
​ 64I x:ageGp:fam 372:3:-1 by blue 523:3:-1 at gen219 Univ0 prob=0.571
​ 66I x:ageGp:fam 835:6:-1 by blue 146:2:-1 at gen222 Univ0 prob=0.749
​ 66I x:ageGp:fam 655:4:-1 by blue 946:7:-1 at gen222 Univ0 prob=0.645
​ 66I x:ageGp:fam 668:4:-1 by blue 691:5:-1 at gen222 Univ0 prob=0.672
​ 69I x:ageGp:fam 450:3:-1 by blue 736:5:-1 at gen224 Univ0 prob=0.721
​ 69I x:ageGp:fam 236:2:-1 by blue 427:3:-1 at gen225 Univ0 prob=0.151
​ 71I x:ageGp:fam 944:7:-1 by blue 266:2:-1 at gen227 Univ0 prob=0.288
​ 71I x:ageGp:fam 409:3:-1 by blue 208:2:-1 at gen228 Univ0 prob=0.511
​ 72I x:ageGp:fam 209:2:-1 by blue 208:2:-1 at gen229 Univ0 prob=0.115
​ 72I x:ageGp:fam 739:5:-1 by green 209:2:-1 at gen229 Univ0 prob=0.777
​ 72I x:ageGp:fam 438:3:-1 by blue 807:5:-1 at gen229 Univ0 prob=0.180
​ 73I x:ageGp:fam 113:1:-1 by blue 98:1:-1 at gen230 Univ0 prob=0.174
​ 76I x:ageGp:fam 56:1:-1 by blue 568:4:-1 at gen231 Univ0 prob=0.939
​ 76I x:ageGp:fam 344:2:-1 by blue 208:2:-1 at gen231 Univ0 prob=0.850
​ 76I x:ageGp:fam 534:3:-1 by blue 807:5:-1 at gen231 Univ0 prob=0.851
​ 80I x:ageGp:fam 224:2:-1 by blue 495:3:-1 at gen233 Univ0 prob=0.097
​ 80I x:ageGp:fam 474:3:-1 by blue 946:7:-1 at gen233 Univ0 prob=0.886
​ 80I x:ageGp:fam 637:4:-1 by blue 495:3:-1 at gen233 Univ0 prob=0.907
​ 83I x:ageGp:fam 881:6:-1 by blue 523:3:-1 at gen236 Univ0 prob=0.396
​ 84I x:ageGp:fam 531:3:-1 by yellow 784:5:-1 at gen245 Univ0 prob=0.619
​ 85I x:ageGp:fam 674:4:-1 by blue 642:4:-1 at gen250 Univ0 prob=0.294
​ 85I x:ageGp:fam 136:2:-1 by blue 208:2:-1 at gen251 Univ0 prob=0.772
​ 85I x:ageGp:fam 750:5:-1 by blue 822:6:-1 at gen251 Univ0 prob=0.039
​ 86I x:ageGp:fam 989:9:-1 by blue 452:3:-1 at gen252 Univ0 prob=0.610
​ 88I x:ageGp:fam 253:2:-1 by blue 174:2:-1 at gen253 Univ0 prob=0.097
​ 88I x:ageGp:fam 478:3:-1 by blue 233:2:-1 at gen253 Univ0 prob=0.444
​ 91I x:ageGp:fam 46:1:-1 by blue 673:4:-1 at gen256 Univ0 prob=0.038
​ 92I x:ageGp:fam 955:8:-1 by blue 368:3:-1 at gen260 Univ0 prob=0.162
​ 92I x:ageGp:fam 636:4:-1 by blue 495:3:-1 at gen260 Univ0 prob=0.690
​ 92I x:ageGp:fam 590:4:-1 by blue 673:4:-1 at gen260 Univ0 prob=0.906
​ 95I x:ageGp:fam 482:3:-1 by blue 977:8:-1 at gen262 Univ0 prob=0.708
​ 95I x:ageGp:fam 998:9:-1 by blue 202:2:-1 at gen263 Univ0 prob=0.843
​ 95I x:ageGp:fam 985:9:-1 by blue 381:3:-1 at gen263 Univ0 prob=0.575
​ 96I x:ageGp:fam 791:5:-1 by blue 368:3:-1 at gen264 Univ0 prob=0.133
​ 96I x:ageGp:fam 704:5:-1 by blue 584:4:-1 at gen264 Univ0 prob=0.138
​ 98I x:ageGp:fam 226:2:-1 by blue 946:7:-1 at gen265 Univ0 prob=0.386
​ 98I x:ageGp:fam 812:5:-1 by blue 732:5:-1 at gen265 Univ0 prob=0.926
​ 102I x:ageGp:fam 320:2:-1 by yellow 140:2:-1 at gen267 Univ0 prob=0.206
​ 102I x:ageGp:fam 247:2:-1 by blue 995:9:-1 at gen267 Univ0 prob=0.628
​ 102I x:ageGp:fam 323:2:-1 by blue 822:6:-1 at gen268 Univ0 prob=0.375
​ 102I x:ageGp:fam 506:3:-1 by blue 673:4:-1 at gen268 Univ0 prob=0.009
​ 102I x:ageGp:fam 698:5:-1 by blue 584:4:-1 at gen268 Univ0 prob=0.090
​ 104I x:ageGp:fam 319:2:-1 by blue 140:2:-1 at gen269 Univ0 prob=0.435
​ 104I x:ageGp:fam 230:2:-1 by blue 368:3:-1 at gen269 Univ0 prob=0.898
​ 104I x:ageGp:fam 399:3:-1 by blue 784:5:-1 at gen269 Univ0 prob=0.334
​ 107I x:ageGp:fam 91:1:-1 by blue 784:5:-1 at gen270 Univ0 prob=0.687
​ 107I x:ageGp:fam 614:4:-1 by blue 368:3:-1 at gen270 Univ0 prob=0.140
​ 107I x:ageGp:fam 907:7:-1 by blue 406:3:-1 at gen270 Univ0 prob=0.168
​ 107I x:ageGp:fam 598:4:-1 by blue 784:5:-1 at gen270 Univ0 prob=0.612
​ 110I x:ageGp:fam 85:1:-1 by blue 673:4:-1 at gen271 Univ0 prob=0.046
​ 110I x:ageGp:fam 184:2:-1 by blue 822:6:-1 at gen271 Univ0 prob=0.349
​ 110I x:ageGp:fam 930:7:-1 by blue 730:5:-1 at gen271 Univ0 prob=0.899
​ 114I x:ageGp:fam 267:2:-1 by blue 822:6:-1 at gen272 Univ0 prob=0.079
​ 117I x:ageGp:fam 734:5:-1 by blue 406:3:-1 at gen273 Univ0 prob=0.746
​ 117I x:ageGp:fam 515:3:-1 by blue 822:6:-1 at gen273 Univ0 prob=0.537
​ 117I x:ageGp:fam 537:3:-1 by blue 618:4:-1 at gen273 Univ0 prob=0.139
​ 118I x:ageGp:fam 48:1:-1 by blue 140:2:-1 at gen274 Univ0 prob=0.100
​ 118I x:ageGp:fam 118:1:-1 by blue 406:3:-1 at gen274 Univ0 prob=0.240
​ 118I x:ageGp:fam 702:5:-1 by blue 368:3:-1 at gen274 Univ0 prob=0.978
​ 118I x:ageGp:fam 837:6:-1 by blue 995:9:-1 at gen274 Univ0 prob=0.543
​ 125I x:ageGp:fam 298:2:-1 by blue 6:0:-1 at gen277 Univ0 prob=0.518
​ 125I x:ageGp:fam 279:2:-1 by blue 673:4:-1 at gen277 Univ0 prob=0.954
​ 125I x:ageGp:fam 348:2:-1 by yellow 409:3:-1 at gen277 Univ0 prob=0.568
​ 125I x:ageGp:fam 575:4:-1 by blue 465:3:-1 at gen278 Univ0 prob=0.574
​ 128I x:ageGp:fam 164:2:-1 by blue 368:3:-1 at gen279 Univ0 prob=0.916
​ 128I x:ageGp:fam 910:7:-1 by blue 441:3:-1 at gen279 Univ0 prob=0.116
​ 128I x:ageGp:fam 997:9:-1 by blue 732:5:-1 at gen279 Univ0 prob=0.693
​ 132I x:ageGp:fam 553:4:-1 by blue 524:3:-1 at gen281 Univ0 prob=0.348
​ 133I x:ageGp:fam 190:2:-1 by blue 406:3:-1 at gen283 Univ0 prob=0.801
​ 133I x:ageGp:fam 340:2:-1 by blue 353:2:-1 at gen284 Univ0 prob=0.998
​ 134I x:ageGp:fam 943:7:-1 by blue 710:5:-1 at gen285 Univ0 prob=0.782
​ 135I x:ageGp:fam 803:5:-1 by blue 474:3:-1 at gen286 Univ0 prob=0.248
​ 136I x:ageGp:fam 683:4:-1 by blue 309:2:-1 at gen287 Univ0 prob=0.210
​ 137I x:ageGp:fam 201:2:-1 by blue 524:3:-1 at gen288 Univ0 prob=0.292
​ 137I x:ageGp:fam 827:6:-1 by blue 524:3:-1 at gen288 Univ0 prob=0.903
​ 138I x:ageGp:fam 779:5:-1 by blue 140:2:-1 at gen289 Univ0 prob=0.007
​ 141I x:ageGp:fam 14:0:-1 by blue 442:3:-1 at gen291 Univ0 prob=0.276
​ 141I x:ageGp:fam 332:2:-1 by blue 995:9:-1 at gen291 Univ0 prob=0.078
​ 143I x:ageGp:fam 112:1:-1 by blue 568:4:-1 at gen295 Univ0 prob=0.468
​ 143I x:ageGp:fam 339:2:-1 by yellow 531:3:-1 at gen295 Univ0 prob=0.665
​ 143I x:ageGp:fam 876:6:-1 by blue 732:5:-1 at gen295 Univ0 prob=0.670
​ 143I x:ageGp:fam 882:6:-1 by blue 6:0:-1 at gen296 Univ0 prob=0.378
​ 146I x:ageGp:fam 259:2:-1 by blue 584:4:-1 at gen297 Univ0 prob=0.671
​ 146I x:ageGp:fam 280:2:-1 by blue 835:6:-1 at gen297 Univ0 prob=0.643
​ 147I x:ageGp:fam 606:4:-1 by blue 406:3:-1 at gen298 Univ0 prob=0.033
​ 149I x:ageGp:fam 220:2:-1 by blue 381:3:-1 at gen299 Univ0 prob=0.085
​ 149I x:ageGp:fam 255:2:-1 by yellow 674:4:-1 at gen299 Univ0 prob=0.168
​ 149I x:ageGp:fam 362:3:-1 by yellow 674:4:-1 at gen299 Univ0 prob=0.243
​ 149I x:ageGp:fam 376:3:-1 by blue 655:4:-1 at gen299 Univ0 prob=0.561
​ 150I x:ageGp:fam 47:1:-1 by blue 944:7:-1 at gen300 Univ0 prob=0.525
​ 154I x:ageGp:fam 65:1:-1 by blue 381:3:-1 at gen301 Univ0 prob=0.150
​ 154I x:ageGp:fam 137:2:-1 by blue 995:9:-1 at gen301 Univ0 prob=0.205
​ 154I x:ageGp:fam 577:4:-1 by blue 174:2:-1 at gen301 Univ0 prob=0.838
​ 158I x:ageGp:fam 55:1:-1 by blue 140:2:-1 at gen303 Univ0 prob=0.780
​ 158I x:ageGp:fam 310:2:-1 by blue 409:3:-1 at gen303 Univ0 prob=0.548
​ 158I x:ageGp:fam 975:8:-1 by blue 531:3:-1 at gen303 Univ0 prob=0.365
​ 158I x:ageGp:fam 647:4:-1 by blue 236:2:-1 at gen304 Univ0 prob=0.831
​ 161I x:ageGp:fam 608:4:-1 by blue 309:2:-1 at gen305 Univ0 prob=0.906
​ 162I x:ageGp:fam 173:2:-1 by blue 113:1:-1 at gen306 Univ0 prob=0.649
​ 164I x:ageGp:fam 950:8:-1 by blue 56:1:-1 at gen308 Univ0 prob=0.150
​ 164I x:ageGp:fam 158:2:-1 by blue 478:3:-1 at gen309 Univ0 prob=0.788
​ 166I x:ageGp:fam 123:1:-1 by blue 704:5:-1 at gen313 Univ0 prob=0.597
​ 166I x:ageGp:fam 952:8:-1 by blue 750:5:-1 at gen313 Univ0 prob=0.561
​ 168I x:ageGp:fam 10:0:-1 by yellow 399:3:-1 at gen318 Univ0 prob=0.670
​ 168I x:ageGp:fam 194:2:-1 by blue 531:3:-1 at gen318 Univ0 prob=0.650
​ 168I x:ageGp:fam 925:7:-1 by blue 466:3:-1 at gen318 Univ0 prob=0.225
​ 168I x:ageGp:fam 93:1:-1 by blue 590:4:-1 at gen319 Univ0 prob=0.722
​ 171I x:ageGp:fam 604:4:-1 by blue 474:3:-1 at gen320 Univ0 prob=0.584
​ 172I x:ageGp:fam 38:0:-1 by blue 955:8:-1 at gen321 Univ0 prob=0.617
​ 172I x:ageGp:fam 610:4:-1 by blue 46:1:-1 at gen321 Univ0 prob=0.622
​ 173I x:ageGp:fam 282:2:-1 by blue 636:4:-1 at gen322 Univ0 prob=0.776
​ 173I x:ageGp:fam 541:4:-1 by yellow 930:7:-1 at gen322 Univ0 prob=0.734
​ 175I x:ageGp:fam 365:3:-1 by blue 531:3:-1 at gen323 Univ0 prob=0.207
​ 175I x:ageGp:fam 429:3:-1 by blue 750:5:-1 at gen323 Univ0 prob=0.917
​ 179I x:ageGp:fam 718:5:-1 by blue 704:5:-1 at gen326 Univ0 prob=0.641
​ 179I x:ageGp:fam 576:4:-1 by blue 474:3:-1 at gen327 Univ0 prob=0.180
​ 179I x:ageGp:fam 808:5:-1 by blue 750:5:-1 at gen327 Univ0 prob=0.690
​ 180I x:ageGp:fam 830:6:-1 by yellow 279:2:-1 at gen328 Univ0 prob=0.465
​ 180I x:ageGp:fam 447:3:-1 by blue 298:2:-1 at gen328 Univ0 prob=0.645
​ 180I x:ageGp:fam 964:8:-1 by blue 298:2:-1 at gen328 Univ0 prob=0.575
​ 180I x:ageGp:fam 410:3:-1 by blue 474:3:-1 at gen328 Univ0 prob=0.360
​ 182I x:ageGp:fam 380:3:-1 by blue 46:1:-1 at gen329 Univ0 prob=0.838
​ 187I x:ageGp:fam 909:7:-1 by blue 91:1:-1 at gen331 Univ0 prob=0.507
​ 187I x:ageGp:fam 715:5:-1 by blue 184:2:-1 at gen332 Univ0 prob=0.022
​ 187I x:ageGp:fam 216:2:-1 by blue 279:2:-1 at gen332 Univ0 prob=0.825
​ 187I x:ageGp:fam 505:3:-1 by blue 881:6:-1 at gen332 Univ0 prob=0.903
​ 188I x:ageGp:fam 600:4:-1 by blue 636:4:-1 at gen333 Univ0 prob=0.586
​ 191I x:ageGp:fam 227:2:-1 by blue 482:3:-1 at gen334 Univ0 prob=0.394
​ 192I x:ageGp:fam 711:5:-1 by blue 506:3:-1 at gen335 Univ0 prob=0.358
​ 192I x:ageGp:fam 530:3:-1 by blue 636:4:-1 at gen335 Univ0 prob=0.138
​ 193I x:ageGp:fam 894:6:-1 by blue 113:1:-1 at gen336 Univ0 prob=0.035
​ 193I x:ageGp:fam 241:2:-1 by blue 190:2:-1 at gen336 Univ0 prob=0.630
​ 193I x:ageGp:fam 897:6:-1 by blue 309:2:-1 at gen336 Univ0 prob=0.378
​ 195I x:ageGp:fam 420:3:-1 by blue 85:1:-1 at gen337 Univ0 prob=0.709
​ 195I x:ageGp:fam 105:1:-1 by blue 319:2:-1 at gen337 Univ0 prob=0.711
​ 195I x:ageGp:fam 462:3:-1 by blue 636:4:-1 at gen337 Univ0 prob=0.916
​ Vax prevented 949 ageGp8 by 998 gen337
​ 198I x:ageGp:fam 9:0:-1 by blue 812:5:-1 at gen338 Univ0 prob=0.372
​ Vax prevented 949 ageGp8 by 998 gen338
​ 201I x:ageGp:fam 626:4:-1 by blue 803:5:-1 at gen339 Univ0 prob=0.272
​ Vax prevented 904 ageGp7 by 704 gen339
​ 201I x:ageGp:fam 817:5:-1 by blue 791:5:-1 at gen339 Univ0 prob=0.789
​ 202I x:ageGp:fam 2:0:-1 by blue 372:3:-1 at gen340 Univ0 prob=0.611
​ 202I x:ageGp:fam 51:1:-1 by blue 224:2:-1 at gen340 Univ0 prob=0.447
​ 202I x:ageGp:fam 144:2:-1 by blue 955:8:-1 at gen340 Univ0 prob=0.776
​ 202I x:ageGp:fam 765:5:-1 by blue 482:3:-1 at gen340 Univ0 prob=0.346
​ Vax prevented 925 ageGp7 by 989 gen340
​ 204I x:ageGp:fam 41:1:-1 by blue 247:2:-1 at gen341 Univ0 prob=0.375
​ 204I x:ageGp:fam 971:8:-1 by blue 319:2:-1 at gen341 Univ0 prob=0.751
​ 204I x:ageGp:fam 518:3:-1 by blue 702:5:-1 at gen341 Univ0 prob=0.580
​ 204I x:ageGp:fam 652:4:-1 by blue 812:5:-1 at gen341 Univ0 prob=0.213
​ Vax prevented 952 ageGp8 by 267 gen342
​ 208I x:ageGp:fam 507:3:-1 by blue 531:3:-1 at gen342 Univ0 prob=0.489
​ 208I x:ageGp:fam 737:5:-1 by blue 812:5:-1 at gen342 Univ0 prob=0.937
​ 212I x:ageGp:fam 585:4:-1 by blue 998:9:-1 at gen343 Univ0 prob=0.704
​ Vax prevented 952 ageGp8 by 943 gen343
​ 214I x:ageGp:fam 857:6:-1 by blue 56:1:-1 at gen344 Univ0 prob=0.282
​ 215I x:ageGp:fam 899:6:-1 by blue 614:4:-1 at gen345 Univ0 prob=0.092
​ Vax prevented 925 ageGp7 by 989 gen345
​ 216I x:ageGp:fam 480:3:-1 by blue 319:2:-1 at gen346 Univ0 prob=0.954
​ 216I x:ageGp:fam 596:4:-1 by blue 506:3:-1 at gen346 Univ0 prob=0.628
​ Vax prevented 918 ageGp7 by 164 gen347
​ 217I x:ageGp:fam 919:7:-1 by blue 298:2:-1 at gen347 Univ0 prob=0.906
​ Vax prevented 912 ageGp7 by 399 gen347
​ 217I x:ageGp:fam 684:4:-1 by blue 998:9:-1 at gen347 Univ0 prob=0.194
​ 219I x:ageGp:fam 754:5:-1 by blue 184:2:-1 at gen348 Univ0 prob=0.578
​ Vax prevented 912 ageGp7 by 399 gen348
​ 219I x:ageGp:fam 415:3:-1 by blue 734:5:-1 at gen348 Univ0 prob=0.622
​ Vax prevented 919 ageGp7 by 298 gen349
​ Vax prevented 912 ageGp7 by 399 gen349
​ 221I x:ageGp:fam 508:3:-1 by blue 590:4:-1 at gen349 Univ0 prob=0.001
​ Vax prevented 922 ageGp7 by 267 gen350
​ Vax prevented 907 ageGp7 by 614 gen350
​ 224I x:ageGp:fam 156:2:-1 by blue 704:5:-1 at gen351 Univ0 prob=0.756
​ 224I x:ageGp:fam 198:2:-1 by blue 702:5:-1 at gen351 Univ0 prob=0.241
​ 224I x:ageGp:fam 861:6:-1 by blue 930:7:-1 at gen351 Univ0 prob=0.074
​ 227I x:ageGp:fam 650:4:-1 by blue 48:1:-1 at gen353 Univ0 prob=0.559
​ 227I x:ageGp:fam 69:1:-1 by blue 698:5:-1 at gen354 Univ0 prob=0.641
​ 227I x:ageGp:fam 776:5:-1 by blue 590:4:-1 at gen354 Univ0 prob=0.381
​ 228I x:ageGp:fam 177:2:-1 by blue 702:5:-1 at gen355 Univ0 prob=0.547
​ 230I x:ageGp:fam 774:5:-1 by blue 702:5:-1 at gen356 Univ0 prob=0.216
​ Vax prevented 997 ageGp9 by 955 gen356
​ 231I x:ageGp:fam 243:2:-1 by blue 91:1:-1 at gen357 Univ0 prob=0.786
​ 231I x:ageGp:fam 139:2:-1 by blue 164:2:-1 at gen357 Univ0 prob=0.731
​ 231I x:ageGp:fam 527:3:-1 by blue 190:2:-1 at gen357 Univ0 prob=0.558
​ Vax prevented 955 ageGp8 by 997 gen357
​ Vax prevented 997 ageGp9 by 955 gen358
​ Vax prevented 970 ageGp8 by 184 gen359
​ 235I x:ageGp:fam 329:2:-1 by blue 837:6:-1 at gen359 Univ0 prob=0.494
​ 235I x:ageGp:fam 988:9:-1 by blue 226:2:-1 at gen360 Univ0 prob=0.985
​ 235I x:ageGp:fam 260:2:-1 by blue 750:5:-1 at gen360 Univ0 prob=0.235
​ 235I x:ageGp:fam 880:6:-1 by blue 553:4:-1 at gen360 Univ0 prob=0.931
​ 236I x:ageGp:fam 207:2:-1 by blue 506:3:-1 at gen361 Univ0 prob=0.026
​ 236I x:ageGp:fam 665:4:-1 by blue 779:5:-1 at gen361 Univ0 prob=0.735
​ Vax prevented 952 ageGp8 by 184 gen362
​ 239I x:ageGp:fam 619:4:-1 by blue 930:7:-1 at gen362 Univ0 prob=0.873
​ 239I x:ageGp:fam 757:5:-1 by blue 803:5:-1 at gen362 Univ0 prob=0.117
​ Vax prevented 970 ageGp8 by 952 gen362
​ Vax prevented 926 ageGp7 by 46 gen363
​ 241I x:ageGp:fam 101:1:-1 by blue 734:5:-1 at gen363 Univ0 prob=0.870
​ 243I x:ageGp:fam 214:2:-1 by blue 298:2:-1 at gen364 Univ0 prob=0.913
​ Vax prevented 998 ageGp9 by 320 gen366
​ 245I x:ageGp:fam 127:1:-1 by blue 506:3:-1 at gen367 Univ0 prob=0.515
​ 245I x:ageGp:fam 116:1:-1 by blue 876:6:-1 at gen368 Univ0 prob=0.101
​ Vax prevented 988 ageGp9 by 226 gen368
​ 245I x:ageGp:fam 525:3:-1 by blue 247:2:-1 at gen368 Univ0 prob=0.653
​ Vax prevented 922 ageGp7 by 791 gen368
​ 246I x:ageGp:fam 682:4:-1 by blue 310:2:-1 at gen369 Univ0 prob=0.828
​ 248I x:ageGp:fam 62:1:-1 by blue 553:4:-1 at gen370 Univ0 prob=0.448
​ Vax prevented 943 ageGp7 by 332 gen370
​ 248I x:ageGp:fam 557:4:-1 by blue 950:8:-1 at gen370 Univ0 prob=0.221
​ Vax prevented 926 ageGp7 by 46 gen371
​ Vax prevented 958 ageGp8 by 47 gen371
​ 249I x:ageGp:fam 832:6:-1 by yellow 610:4:-1 at gen371 Univ0 prob=0.868
​ 251I x:ageGp:fam 34:0:-1 by blue 93:1:-1 at gen372 Univ0 prob=0.743
​ 251I x:ageGp:fam 926:7:-1 by blue 46:1:-1 at gen372 Univ0 prob=0.998
​ 251I x:ageGp:fam 820:5:-1 by blue 93:1:-1 at gen372 Univ0 prob=0.666
​ 251I x:ageGp:fam 458:3:-1 by blue 590:4:-1 at gen372 Univ0 prob=0.879
​ 251I x:ageGp:fam 747:5:-1 by blue 590:4:-1 at gen372 Univ0 prob=0.805
​ 252I x:ageGp:fam 222:2:-1 by blue 38:0:-1 at gen373 Univ0 prob=0.693
​ 252I x:ageGp:fam 43:1:-1 by blue 702:5:-1 at gen373 Univ0 prob=0.119
​ Vax prevented 926 ageGp7 by 46 gen373
​ 252I x:ageGp:fam 670:4:-1 by blue 298:2:-1 at gen373 Univ0 prob=0.993
​ Vax prevented 988 ageGp9 by 803 gen373
​ 257I x:ageGp:fam 42:1:-1 by blue 998:9:-1 at gen374 Univ0 prob=0.224
​ 257I x:ageGp:fam 135:2:-1 by blue 47:1:-1 at gen374 Univ0 prob=0.382
​ 257I x:ageGp:fam 782:5:-1 by blue 164:2:-1 at gen374 Univ0 prob=0.526
​ 257I x:ageGp:fam 434:3:-1 by blue 339:2:-1 at gen374 Univ0 prob=0.883
​ 264I x:ageGp:fam 88:1:-1 by blue 702:5:-1 at gen376 Univ0 prob=0.613
​ 264I x:ageGp:fam 221:2:-1 by blue 226:2:-1 at gen376 Univ0 prob=0.781
​ 264I x:ageGp:fam 858:6:-1 by blue 220:2:-1 at gen377 Univ0 prob=0.380
​ 264I x:ageGp:fam 229:2:-1 by blue 362:3:-1 at gen377 Univ0 prob=0.345
​ 264I x:ageGp:fam 346:2:-1 by blue 319:2:-1 at gen377 Univ0 prob=0.585
​ 264I x:ageGp:fam 595:4:-1 by blue 348:2:-1 at gen377 Univ0 prob=0.856
​ 264I x:ageGp:fam 418:3:-1 by blue 955:8:-1 at gen377 Univ0 prob=0.339
​ 271I x:ageGp:fam 743:5:-1 by blue 10:0:-1 at gen379 Univ0 prob=0.610
​ Vax prevented 970 ageGp8 by 184 gen380
​ 272I x:ageGp:fam 709:5:-1 by blue 85:1:-1 at gen381 Univ0 prob=0.608
​ 272I x:ageGp:fam 183:2:-1 by blue 410:3:-1 at gen381 Univ0 prob=0.534
​ 272I x:ageGp:fam 240:2:-1 by blue 310:2:-1 at gen381 Univ0 prob=0.152
​ 272I x:ageGp:fam 19:0:-1 by blue 376:3:-1 at gen382 Univ0 prob=0.403
​ 272I x:ageGp:fam 82:1:-1 by blue 606:4:-1 at gen382 Univ0 prob=0.427
​ 272I x:ageGp:fam 788:5:-1 by blue 702:5:-1 at gen382 Univ0 prob=0.702
​ Vax prevented 975 ageGp8 by 882 gen382
​ 278I x:ageGp:fam 54:1:-1 by blue 715:5:-1 at gen384 Univ0 prob=0.999
​ 278I x:ageGp:fam 119:1:-1 by blue 608:4:-1 at gen384 Univ0 prob=0.109
​ 278I x:ageGp:fam 455:3:-1 by blue 955:8:-1 at gen384 Univ0 prob=0.994
​ 281I x:ageGp:fam 612:4:-1 by blue 123:1:-1 at gen386 Univ0 prob=0.085
​ 281I x:ageGp:fam 767:5:-1 by blue 553:4:-1 at gen386 Univ0 prob=0.265
​ 281I x:ageGp:fam 58:1:-1 by blue 323:2:-1 at gen387 Univ0 prob=0.662
​ 281I x:ageGp:fam 801:5:-1 by blue 164:2:-1 at gen387 Univ0 prob=0.670
​ 281I x:ageGp:fam 970:8:-1 by blue 184:2:-1 at gen387 Univ0 prob=0.945
​ 283I x:ageGp:fam 842:6:-1 by blue 164:2:-1 at gen388 Univ0 prob=0.503
​ 283I x:ageGp:fam 271:2:-1 by blue 267:2:-1 at gen388 Univ0 prob=0.984
​ 288I x:ageGp:fam 70:1:-1 by yellow 765:5:-1 at gen391 Univ0 prob=0.161
​ 288I x:ageGp:fam 437:3:-1 by blue 575:4:-1 at gen391 Univ0 prob=0.018
​ 288I x:ageGp:fam 83:1:-1 by blue 164:2:-1 at gen392 Univ0 prob=0.576
​ 288I x:ageGp:fam 554:4:-1 by blue 93:1:-1 at gen392 Univ0 prob=0.176
​ 288I x:ageGp:fam 615:4:-1 by blue 158:2:-1 at gen392 Univ0 prob=0.182
​ 288I x:ageGp:fam 538:3:-1 by blue 765:5:-1 at gen392 Univ0 prob=0.665
​ 290I x:ageGp:fam 561:4:-1 by blue 10:0:-1 at gen393 Univ0 prob=0.616
​ 290I x:ageGp:fam 74:1:-1 by blue 975:8:-1 at gen393 Univ0 prob=0.196
​ 290I x:ageGp:fam 225:2:-1 by blue 93:1:-1 at gen393 Univ0 prob=0.367
​ 290I x:ageGp:fam 175:2:-1 by blue 897:6:-1 at gen393 Univ0 prob=0.185
​ 294I x:ageGp:fam 657:4:-1 by blue 909:7:-1 at gen394 Univ0 prob=0.670
​ 299I x:ageGp:fam 630:4:-1 by blue 971:8:-1 at gen396 Univ0 prob=0.064
​ 299I x:ageGp:fam 213:2:-1 by blue 765:5:-1 at gen397 Univ0 prob=0.789
​ 301I x:ageGp:fam 845:6:-1 by blue 952:8:-1 at gen400 Univ0 prob=0.345
​ 301I x:ageGp:fam 690:5:-1 by blue 38:0:-1 at gen401 Univ0 prob=0.594
​ 301I x:ageGp:fam 61:1:-1 by blue 830:6:-1 at gen401 Univ0 prob=0.978
​ Vax prevented 970 ageGp8 by 241 gen401
​ 301I x:ageGp:fam 412:3:-1 by blue 447:3:-1 at gen401 Univ0 prob=0.961
​ Vax prevented 904 ageGp7 by 779 gen401
​ 301I x:ageGp:fam 898:6:-1 by blue 919:7:-1 at gen401 Univ0 prob=0.570
​ 306I x:ageGp:fam 141:2:-1 by blue 505:3:-1 at gen403 Univ0 prob=0.927
​ 306I x:ageGp:fam 476:3:-1 by blue 173:2:-1 at gen404 Univ0 prob=0.108
​ 306I x:ageGp:fam 536:3:-1 by blue 380:3:-1 at gen404 Univ0 prob=0.742
​ 307I x:ageGp:fam 915:7:-1 by blue 447:3:-1 at gen405 Univ0 prob=0.903
​ 309I x:ageGp:fam 211:2:-1 by blue 105:1:-1 at gen406 Univ0 prob=0.138
​ 309I x:ageGp:fam 327:2:-1 by blue 518:3:-1 at gen406 Univ0 prob=0.009
​ 309I x:ageGp:fam 475:3:-1 by blue 508:3:-1 at gen406 Univ0 prob=0.493
​ 310I x:ageGp:fam 731:5:-1 by blue 10:0:-1 at gen407 Univ0 prob=0.317
​ Vax prevented 919 ageGp7 by 447 gen407
​ Vax prevented 918 ageGp7 by 876 gen407
​ 313I x:ageGp:fam 252:2:-1 by blue 817:5:-1 at gen408 Univ0 prob=0.907
​ 314I x:ageGp:fam 378:3:-1 by blue 38:0:-1 at gen409 Univ0 prob=0.788
​ 314I x:ageGp:fam 215:2:-1 by blue 650:4:-1 at gen409 Univ0 prob=0.453
​ 315I x:ageGp:fam 816:5:-1 by blue 227:2:-1 at gen410 Univ0 prob=0.072
​ 315I x:ageGp:fam 966:8:-1 by blue 880:6:-1 at gen410 Univ0 prob=0.823
​ 317I x:ageGp:fam 128:1:-1 by blue 9:0:-1 at gen411 Univ0 prob=0.497
​ 317I x:ageGp:fam 593:4:-1 by blue 715:5:-1 at gen411 Univ0 prob=0.974
​ 317I x:ageGp:fam 599:4:-1 by blue 626:4:-1 at gen411 Univ0 prob=0.345
​ 319I x:ageGp:fam 125:1:-1 by blue 9:0:-1 at gen412 Univ0 prob=0.613
​ Vax prevented 970 ageGp8 by 241 gen412
​ 319I x:ageGp:fam 999:9:-1 by blue 508:3:-1 at gen412 Univ0 prob=0.754
​ 319I x:ageGp:fam 904:7:-1 by blue 897:6:-1 at gen412 Univ0 prob=0.804
​ 322I x:ageGp:fam 912:7:-1 by blue 339:2:-1 at gen413 Univ0 prob=0.853
​ 322I x:ageGp:fam 707:5:-1 by blue 420:3:-1 at gen413 Univ0 prob=0.682
​ 325I x:ageGp:fam 120:1:-1 by blue 9:0:-1 at gen414 Univ0 prob=0.755
​ Vax prevented 904 ageGp7 by 216 gen414
​ Vax prevented 970 ageGp8 by 241 gen415
​ 327I x:ageGp:fam 307:2:-1 by blue 518:3:-1 at gen415 Univ0 prob=0.188
​ 329I x:ageGp:fam 265:2:-1 by blue 576:4:-1 at gen417 Univ0 prob=0.982
​ 329I x:ageGp:fam 758:5:-1 by blue 596:4:-1 at gen417 Univ0 prob=0.092
​ 329I x:ageGp:fam 848:6:-1 by blue 650:4:-1 at gen417 Univ0 prob=0.843
​ 329I x:ageGp:fam 186:2:-1 by blue 830:6:-1 at gen418 Univ0 prob=0.329
​ 329I x:ageGp:fam 846:6:-1 by blue 527:3:-1 at gen418 Univ0 prob=0.357
​ Vax prevented 968 ageGp8 by 626 gen418
​ 332I x:ageGp:fam 285:2:-1 by blue 41:1:-1 at gen419 Univ0 prob=0.884
​ Vax prevented 970 ageGp8 by 260 gen419
​ 332I x:ageGp:fam 459:3:-1 by blue 480:3:-1 at gen419 Univ0 prob=0.961
​ 332I x:ageGp:fam 658:4:-1 by blue 626:4:-1 at gen419 Univ0 prob=0.212
​ 334I x:ageGp:fam 564:4:-1 by blue 9:0:-1 at gen420 Univ0 prob=0.461
​ 334I x:ageGp:fam 351:2:-1 by blue 527:3:-1 at gen420 Univ0 prob=0.616
​ 334I x:ageGp:fam 351:2:-1 by blue 899:6:-1 at gen420 Univ0 prob=0.629
​ 334I x:ageGp:fam 605:4:-1 by blue 711:5:-1 at gen420 Univ0 prob=0.305
​ 340I x:ageGp:fam 762:5:-1 by blue 652:4:-1 at gen422 Univ0 prob=0.957
​ 340I x:ageGp:fam 81:1:-1 by blue 670:4:-1 at gen423 Univ0 prob=0.374
​ 340I x:ageGp:fam 218:2:-1 by blue 216:2:-1 at gen423 Univ0 prob=0.670
​ 340I x:ageGp:fam 242:2:-1 by blue 737:5:-1 at gen423 Univ0 prob=0.040
​ Vax prevented 971 ageGp8 by 480 gen423
​ 340I x:ageGp:fam 526:3:-1 by blue 518:3:-1 at gen423 Univ0 prob=0.160
​ 340I x:ageGp:fam 892:6:-1 by blue 576:4:-1 at gen423 Univ0 prob=0.703
​ Vax prevented 982 ageGp9 by 964 gen423
​ Vax prevented 982 ageGp9 by 964 gen424
​ 346I x:ageGp:fam 104:1:-1 by blue 670:4:-1 at gen426 Univ0 prob=0.035
​ 346I x:ageGp:fam 397:3:-1 by blue 919:7:-1 at gen426 Univ0 prob=0.252
​ Vax prevented 971 ageGp8 by 480 gen426
​ Vax prevented 966 ageGp8 by 69 gen427
​ Vax prevented 986 ageGp9 by 216 gen428
​ 348I x:ageGp:fam 424:3:-1 by blue 776:5:-1 at gen428 Univ0 prob=0.356
​ 348I x:ageGp:fam 713:5:-1 by blue 650:4:-1 at gen428 Univ0 prob=0.331
​ Vax prevented 924 ageGp7 by 650 gen429
​ Vax prevented 904 ageGp7 by 505 gen430
​ 350I x:ageGp:fam 766:5:-1 by blue 909:7:-1 at gen431 Univ0 prob=0.481
​ 350I x:ageGp:fam 148:2:-1 by blue 243:2:-1 at gen432 Univ0 prob=0.525
​ 350I x:ageGp:fam 435:3:-1 by blue 709:5:-1 at gen432 Univ0 prob=0.536
​ Vax prevented 904 ageGp7 by 505 gen432
​ 350I x:ageGp:fam 543:4:-1 by blue 743:5:-1 at gen432 Univ0 prob=0.033
​ 351I x:ageGp:fam 491:3:-1 by blue 596:4:-1 at gen433 Univ0 prob=0.719
​ 354I x:ageGp:fam 143:2:-1 by blue 69:1:-1 at gen434 Univ0 prob=0.199
​ 354I x:ageGp:fam 133:2:-1 by blue 718:5:-1 at gen434 Univ0 prob=0.260
​ Vax prevented 970 ageGp8 by 527 gen434
​ 354I x:ageGp:fam 804:5:-1 by blue 743:5:-1 at gen434 Univ0 prob=0.159
​ 355I x:ageGp:fam 863:6:-1 by blue 177:2:-1 at gen435 Univ0 prob=0.912
​ Vax prevented 970 ageGp8 by 260 gen436
​ Vax prevented 905 ageGp7 by 183 gen437
​ 359I x:ageGp:fam 920:7:-1 by blue 260:2:-1 at gen437 Univ0 prob=0.892
​ Vax prevented 945 ageGp7 by 964 gen437
​ 359I x:ageGp:fam 165:2:-1 by blue 429:3:-1 at gen438 Univ0 prob=0.137
​ 359I x:ageGp:fam 382:3:-1 by blue 207:2:-1 at gen438 Univ0 prob=0.232
​ 359I x:ageGp:fam 922:7:-1 by blue 282:2:-1 at gen438 Univ0 prob=0.820
​ 359I x:ageGp:fam 352:2:-1 by yellow 767:5:-1 at gen438 Univ0 prob=0.193
​ Vax prevented 904 ageGp7 by 830 gen438
​ 360I x:ageGp:fam 379:3:-1 by blue 177:2:-1 at gen439 Univ0 prob=0.540
​ 360I x:ageGp:fam 697:5:-1 by blue 964:8:-1 at gen439 Univ0 prob=0.819
​ 364I x:ageGp:fam 238:2:-1 by blue 139:2:-1 at gen440 Univ0 prob=0.234
​ 364I x:ageGp:fam 841:6:-1 by blue 216:2:-1 at gen440 Univ0 prob=0.543
​ Vax prevented 920 ageGp7 by 260 gen440
​ 366I x:ageGp:fam 231:2:-1 by blue 139:2:-1 at gen441 Univ0 prob=0.077
​ 368I x:ageGp:fam 31:0:-1 by blue 718:5:-1 at gen442 Univ0 prob=0.139
​ Vax prevented 918 ageGp7 by 70 gen442
​ 368I x:ageGp:fam 275:2:-1 by blue 380:3:-1 at gen442 Univ0 prob=0.380
​ 369I x:ageGp:fam 373:3:-1 by blue 116:1:-1 at gen443 Univ0 prob=0.840
​ 369I x:ageGp:fam 735:5:-1 by blue 207:2:-1 at gen443 Univ0 prob=0.949
​ Vax prevented 912 ageGp7 by 420 gen443
​ 369I x:ageGp:fam 522:3:-1 by blue 626:4:-1 at gen443 Univ0 prob=0.541
​ 369I x:ageGp:fam 560:4:-1 by blue 626:4:-1 at gen443 Univ0 prob=0.066
​ 371I x:ageGp:fam 100:1:-1 by blue 207:2:-1 at gen444 Univ0 prob=0.049
​ Vax prevented 904 ageGp7 by 505 gen444
​ Vax prevented 966 ageGp8 by 880 gen444
​ Vax prevented 920 ageGp7 by 899 gen444
​ 375I x:ageGp:fam 404:3:-1 by blue 83:1:-1 at gen445 Univ0 prob=0.412
​ 375I x:ageGp:fam 549:4:-1 by blue 480:3:-1 at gen445 Univ0 prob=0.688
​ 375I x:ageGp:fam 692:5:-1 by blue 682:4:-1 at gen445 Univ0 prob=0.934
​ 376I x:ageGp:fam 633:4:-1 by blue 62:1:-1 at gen446 Univ0 prob=0.937
​ Vax prevented 904 ageGp7 by 127 gen446
​ Vax prevented 922 ageGp7 by 241 gen446
​ 376I x:ageGp:fam 870:6:-1 by blue 670:4:-1 at gen446 Univ0 prob=0.941
​ Vax prevented 986 ageGp9 by 747 gen446
​ Vax prevented 920 ageGp7 by 527 gen447
​ Vax prevented 912 ageGp7 by 420 gen448
​ 381I x:ageGp:fam 520:3:-1 by blue 919:7:-1 at gen448 Univ0 prob=0.025
​ 381I x:ageGp:fam 678:4:-1 by blue 832:6:-1 at gen448 Univ0 prob=0.303
​ Vax prevented 904 ageGp7 by 127 gen449
​ Vax prevented 949 ageGp8 by 42 gen450
​ Vax prevented 949 ageGp8 by 42 gen451
​ 383I x:ageGp:fam 277:2:-1 by blue 135:2:-1 at gen451 Univ0 prob=0.056
​ Vax prevented 928 ageGp7 by 665 gen451
​ Vax prevented 974 ageGp8 by 670 gen451
​ 383I x:ageGp:fam 706:5:-1 by blue 260:2:-1 at gen452 Univ0 prob=0.041
​ Vax prevented 920 ageGp7 by 527 gen452
​ 384I x:ageGp:fam 949:8:-1 by blue 42:1:-1 at gen453 Univ0 prob=0.767
​ 384I x:ageGp:fam 712:5:-1 by blue 857:6:-1 at gen453 Univ0 prob=0.231
​ 385I x:ageGp:fam 296:2:-1 by blue 240:2:-1 at gen454 Univ0 prob=0.016
​ 388I x:ageGp:fam 276:2:-1 by blue 156:2:-1 at gen456 Univ0 prob=0.877
​ 388I x:ageGp:fam 510:3:-1 by blue 919:7:-1 at gen456 Univ0 prob=0.799
​ Vax prevented 903 ageGp7 by 525 gen456
​ 388I x:ageGp:fam 153:2:-1 by blue 9:0:-1 at gen457 Univ0 prob=0.788
​ 388I x:ageGp:fam 157:2:-1 by blue 198:2:-1 at gen457 Univ0 prob=0.297
​ 388I x:ageGp:fam 547:4:-1 by blue 657:4:-1 at gen457 Univ0 prob=0.290
​ 393I x:ageGp:fam 677:4:-1 by yellow 128:1:-1 at gen459 Univ0 prob=0.522
​ 393I x:ageGp:fam 749:5:-1 by blue 215:2:-1 at gen460 Univ0 prob=0.521
​ Vax prevented 904 ageGp7 by 127 gen461
​ 394I x:ageGp:fam 179:2:-1 by blue 508:3:-1 at gen461 Univ0 prob=0.020
​ 394I x:ageGp:fam 627:4:-1 by blue 801:5:-1 at gen461 Univ0 prob=0.920
​ Vax prevented 966 ageGp8 by 214 gen462
​ 395I x:ageGp:fam 586:4:-1 by blue 926:7:-1 at gen462 Univ0 prob=0.485
​ Vax prevented 904 ageGp7 by 127 gen463
​ 397I x:ageGp:fam 986:9:-1 by blue 743:5:-1 at gen463 Univ0 prob=0.779
​ 398I x:ageGp:fam 631:4:-1 by blue 999:9:-1 at gen464 Univ0 prob=0.895
​ 399I x:ageGp:fam 337:2:-1 by blue 327:2:-1 at gen465 Univ0 prob=0.443
​ 399I x:ageGp:fam 805:5:-1 by blue 475:3:-1 at gen465 Univ0 prob=0.968
​ Vax prevented 924 ageGp7 by 650 gen466
​ 400I x:ageGp:fam 786:5:-1 by blue 682:4:-1 at gen466 Univ0 prob=0.665
​ Vax prevented 966 ageGp8 by 214 gen467
​ Vax prevented 924 ageGp7 by 650 gen467
​ 402I x:ageGp:fam 695:5:-1 by blue 820:5:-1 at gen467 Univ0 prob=0.704
​ 403I x:ageGp:fam 895:6:-1 by blue 177:2:-1 at gen468 Univ0 prob=0.715
​ 404I x:ageGp:fam 239:2:-1 by blue 412:3:-1 at gen469 Univ0 prob=0.219
​ Vax prevented 903 ageGp7 by 615 gen470
​ No transmit 915 ageGp7 on 945 ageGp7 gen470
​ Vax prevented 982 ageGp9 by 915 gen470
​ No transmit 970 ageGp8 on 922 ageGp7 gen470
​ No transmit 970 ageGp8 on 922 ageGp7 gen471
​ Vax prevented 966 ageGp8 by 69 gen472
​ Vax prevented 922 ageGp7 by 271 gen472
​ 406I x:ageGp:fam 490:3:-1 by blue 892:6:-1 at gen472 Univ0 prob=0.237
​ Vax prevented 903 ageGp7 by 615 gen472
​ Vax prevented 966 ageGp8 by 62 gen475
​ Vax prevented 922 ageGp7 by 260 gen475
​ 407I x:ageGp:fam 504:3:-1 by blue 747:5:-1 at gen475 Univ0 prob=0.039
​ Vax prevented 922 ageGp7 by 970 gen475
​ 407I x:ageGp:fam 533:3:-1 by blue 43:1:-1 at gen476 Univ0 prob=0.169
​ 407I x:ageGp:fam 328:2:-1 by blue 61:1:-1 at gen476 Univ0 prob=0.331
​ Vax prevented 945 ageGp7 by 915 gen476
​ Vax prevented 953 ageGp8 by 845 gen477
​ No transmit 970 ageGp8 on 922 ageGp7 gen477
​ Vax prevented 966 ageGp8 by 62 gen478
​ 410I x:ageGp:fam 818:5:-1 by blue 630:4:-1 at gen478 Univ0 prob=0.432
​ 410I x:ageGp:fam 232:2:-1 by blue 713:5:-1 at gen479 Univ0 prob=0.708
​ 412I x:ageGp:fam 138:2:-1 by blue 175:2:-1 at gen482 Univ0 prob=0.386
​ 412I x:ageGp:fam 896:6:-1 by blue 892:6:-1 at gen482 Univ0 prob=0.372
​ Vax prevented 904 ageGp7 by 127 gen483
​ Vax prevented 986 ageGp9 by 743 gen483
​ 414I x:ageGp:fam 17:0:-1 by blue 999:9:-1 at gen484 Univ0 prob=0.185
​ 414I x:ageGp:fam 901:6:-1 by blue 435:3:-1 at gen484 Univ0 prob=0.522
​ 414I x:ageGp:fam 32:0:-1 by blue 605:4:-1 at gen485 Univ0 prob=0.022
​ Vax prevented 921 ageGp7 by 125 gen485
​ 414I x:ageGp:fam 924:7:-1 by blue 215:2:-1 at gen485 Univ0 prob=0.955
​ 414I x:ageGp:fam 445:3:-1 by blue 999:9:-1 at gen485 Univ0 prob=0.084
​ 414I x:ageGp:fam 582:4:-1 by blue 599:4:-1 at gen485 Univ0 prob=0.053
​ Vax prevented 966 ageGp8 by 767 gen485
​ 416I x:ageGp:fam 640:4:-1 by blue 898:6:-1 at gen486 Univ0 prob=0.342
​ 416I x:ageGp:fam 726:5:-1 by blue 709:5:-1 at gen486 Univ0 prob=0.518
​ Vax prevented 986 ageGp9 by 743 gen486
​ 422I x:ageGp:fam 588:4:-1 by blue 120:1:-1 at gen488 Univ0 prob=0.106
​ 422I x:ageGp:fam 414:3:-1 by blue 175:2:-1 at gen489 Univ0 prob=0.688
​ 423I x:ageGp:fam 36:0:-1 by blue 455:3:-1 at gen490 Univ0 prob=0.759
​ 423I x:ageGp:fam 308:2:-1 by yellow 231:2:-1 at gen490 Univ0 prob=0.591
​ 423I x:ageGp:fam 484:3:-1 by blue 915:7:-1 at gen490 Univ0 prob=0.853
​ 423I x:ageGp:fam 819:5:-1 by blue 846:6:-1 at gen490 Univ0 prob=0.358
​ 424I x:ageGp:fam 685:4:-1 by blue 128:1:-1 at gen491 Univ0 prob=0.496
​ 424I x:ageGp:fam 875:6:-1 by yellow 379:3:-1 at gen491 Univ0 prob=0.967
​ 428I x:ageGp:fam 470:3:-1 by blue 424:3:-1 at gen492 Univ0 prob=0.970
​ Vax prevented 904 ageGp7 by 758 gen492
​ 430I x:ageGp:fam 204:2:-1 by blue 327:2:-1 at gen493 Univ0 prob=0.172
​ 430I x:ageGp:fam 744:5:-1 by blue 707:5:-1 at gen493 Univ0 prob=0.495
​ Vax prevented 947 ageGp7 by 412 gen495
​ 433I x:ageGp:fam 433:3:-1 by blue 848:6:-1 at gen495 Univ0 prob=0.969
​ Vax prevented 903 ageGp7 by 762 gen495
​ 433I x:ageGp:fam 21:0:-1 by blue 455:3:-1 at gen496 Univ0 prob=0.889
​ 433I x:ageGp:fam 199:2:-1 by blue 692:5:-1 at gen496 Univ0 prob=0.331
​ 433I x:ageGp:fam 248:2:-1 by blue 692:5:-1 at gen496 Univ0 prob=0.867
​ Vax prevented 920 ageGp7 by 351 gen496
​ 433I x:ageGp:fam 903:7:-1 by blue 762:5:-1 at gen496 Univ0 prob=0.973
​ 434I x:ageGp:fam 64:1:-1 by blue 536:3:-1 at gen497 Univ0 prob=0.569
​ Vax prevented 974 ageGp8 by 522 gen497
​ 439I x:ageGp:fam 281:2:-1 by blue 709:5:-1 at gen499 Univ0 prob=0.974
​ 439I x:ageGp:fam 868:6:-1 by blue 522:3:-1 at gen499 Univ0 prob=0.866
​ 439I x:ageGp:fam 854:6:-1 by blue 870:6:-1 at gen499 Univ0 prob=0.733
​ 442I x:ageGp:fam 416:3:-1 by blue 31:0:-1 at gen501 Univ0 prob=0.823
​ 442I x:ageGp:fam 205:2:-1 by blue 892:6:-1 at gen501 Univ0 prob=0.902
​ Vax prevented 903 ageGp7 by 762 gen501
​ 442I x:ageGp:fam 189:2:-1 by blue 892:6:-1 at gen502 Univ0 prob=0.487
​ 442I x:ageGp:fam 828:6:-1 by blue 564:4:-1 at gen502 Univ0 prob=0.792
​ 442I x:ageGp:fam 611:4:-1 by blue 605:4:-1 at gen502 Univ0 prob=0.600
​ 444I x:ageGp:fam 498:3:-1 by blue 459:3:-1 at gen503 Univ0 prob=0.213
​ 447I x:ageGp:fam 419:3:-1 by blue 104:1:-1 at gen504 Univ0 prob=0.316
​ 447I x:ageGp:fam 300:2:-1 by blue 543:4:-1 at gen504 Univ0 prob=0.468
​ 447I x:ageGp:fam 358:2:-1 by blue 560:4:-1 at gen504 Univ0 prob=0.750
​ 447I x:ageGp:fam 823:6:-1 by blue 549:4:-1 at gen504 Univ0 prob=0.211
​ Vax prevented 954 ageGp8 by 554 gen504
​ Vax prevented 965 ageGp8 by 238 gen505
​ Vax prevented 934 ageGp7 by 378 gen505
​ 452I x:ageGp:fam 68:1:-1 by blue 491:3:-1 at gen509 Univ0 prob=0.295
​ 452I x:ageGp:fam 155:2:-1 by blue 128:1:-1 at gen509 Univ0 prob=0.727
​ 452I x:ageGp:fam 781:5:-1 by blue 382:3:-1 at gen510 Univ0 prob=0.977
​ 454I x:ageGp:fam 519:3:-1 by blue 491:3:-1 at gen511 Univ0 prob=0.077
​ 454I x:ageGp:fam 996:9:-1 by blue 697:5:-1 at gen511 Univ0 prob=0.896
​ 454I x:ageGp:fam 793:5:-1 by blue 912:7:-1 at gen511 Univ0 prob=0.999
​ 455I x:ageGp:fam 106:1:-1 by yellow 986:9:-1 at gen512 Univ0 prob=0.647
​ Vax prevented 979 ageGp8 by 459 gen512
​ 455I x:ageGp:fam 472:3:-1 by blue 605:4:-1 at gen512 Univ0 prob=0.809
​ 455I x:ageGp:fam 905:7:-1 by blue 762:5:-1 at gen512 Univ0 prob=0.875
​ 458I x:ageGp:fam 377:3:-1 by blue 605:4:-1 at gen513 Univ0 prob=0.195
​ 461I x:ageGp:fam 57:1:-1 by blue 848:6:-1 at gen514 Univ0 prob=0.285
​ 461I x:ageGp:fam 487:3:-1 by blue 841:6:-1 at gen514 Univ0 prob=0.744
​ Vax prevented 996 ageGp9 by 697 gen514
​ 462I x:ageGp:fam 852:6:-1 by blue 412:3:-1 at gen515 Univ0 prob=0.155
​ 462I x:ageGp:fam 468:3:-1 by yellow 631:4:-1 at gen515 Univ0 prob=0.874
​ 462I x:ageGp:fam 578:4:-1 by blue 564:4:-1 at gen515 Univ0 prob=0.438
​ 464I x:ageGp:fam 511:3:-1 by blue 549:4:-1 at gen516 Univ0 prob=0.615
​ 464I x:ageGp:fam 667:4:-1 by blue 560:4:-1 at gen516 Univ0 prob=0.119
​ 464I x:ageGp:fam 601:4:-1 by blue 762:5:-1 at gen516 Univ0 prob=0.525
​ 467I x:ageGp:fam 249:2:-1 by blue 522:3:-1 at gen517 Univ0 prob=0.241
​ Vax prevented 951 ageGp8 by 435 gen517
​ 470I x:ageGp:fam 558:4:-1 by blue 631:4:-1 at gen518 Univ0 prob=0.579
​ 471I x:ageGp:fam 664:4:-1 by blue 713:5:-1 at gen519 Univ0 prob=0.671
​ Vax prevented 951 ageGp8 by 435 gen520
​ 473I x:ageGp:fam 28:0:-1 by blue 100:1:-1 at gen521 Univ0 prob=0.958
​ 473I x:ageGp:fam 795:5:-1 by blue 238:2:-1 at gen521 Univ0 prob=0.799
​ 473I x:ageGp:fam 535:3:-1 by blue 491:3:-1 at gen522 Univ0 prob=0.128
​ Vax prevented 948 ageGp7 by 560 gen522
​ 475I x:ageGp:fam 529:3:-1 by blue 218:2:-1 at gen523 Univ0 prob=0.129
​ 475I x:ageGp:fam 326:2:-1 by blue 633:4:-1 at gen523 Univ0 prob=0.847
​ Vax prevented 948 ageGp7 by 560 gen523
​ 476I x:ageGp:fam 293:2:-1 by blue 125:1:-1 at gen524 Univ0 prob=0.547
​ 476I x:ageGp:fam 398:3:-1 by yellow 504:3:-1 at gen524 Univ0 prob=0.189
​ 480I x:ageGp:fam 620:4:-1 by blue 749:5:-1 at gen526 Univ0 prob=0.825
​ 480I x:ageGp:fam 463:3:-1 by blue 179:2:-1 at gen527 Univ0 prob=0.635
​ 481I x:ageGp:fam 84:1:-1 by blue 435:3:-1 at gen528 Univ0 prob=0.327
​ 482I x:ageGp:fam 107:1:-1 by blue 100:1:-1 at gen529 Univ0 prob=0.363
​ 482I x:ageGp:fam 775:5:-1 by blue 435:3:-1 at gen529 Univ0 prob=0.050
​ 483I x:ageGp:fam 856:6:-1 by blue 100:1:-1 at gen530 Univ0 prob=0.370
​ 483I x:ageGp:fam 566:4:-1 by blue 120:1:-1 at gen530 Univ0 prob=0.356
​ 485I x:ageGp:fam 824:6:-1 by blue 31:0:-1 at gen531 Univ0 prob=0.996
​ 485I x:ageGp:fam 270:2:-1 by blue 605:4:-1 at gen531 Univ0 prob=0.285
​ 485I x:ageGp:fam 551:4:-1 by blue 560:4:-1 at gen531 Univ0 prob=0.648
​ 487I x:ageGp:fam 257:2:-1 by blue 179:2:-1 at gen532 Univ0 prob=0.203
​ 487I x:ageGp:fam 571:4:-1 by blue 520:3:-1 at gen532 Univ0 prob=0.029
​ 490I x:ageGp:fam 865:6:-1 by yellow 901:6:-1 at gen533 Univ0 prob=0.652
​ Vax prevented 941 ageGp7 by 218 gen534
​ 492I x:ageGp:fam 244:2:-1 by blue 238:2:-1 at gen534 Univ0 prob=0.049
​ 493I x:ageGp:fam 521:3:-1 by blue 218:2:-1 at gen535 Univ0 prob=0.984
​ Vax prevented 941 ageGp7 by 218 gen535
​ Vax prevented 903 ageGp7 by 627 gen535
​ 494I x:ageGp:fam 333:2:-1 by blue 100:1:-1 at gen536 Univ0 prob=0.832
​ Vax prevented 941 ageGp7 by 218 gen537
​ Vax prevented 921 ageGp7 by 337 gen537
​ 496I x:ageGp:fam 502:3:-1 by blue 100:1:-1 at gen538 Univ0 prob=0.693
​ Vax prevented 941 ageGp7 by 218 gen538
​ 497I x:ageGp:fam 67:1:-1 by blue 522:3:-1 at gen541 Univ0 prob=0.909
​ Vax prevented 996 ageGp9 by 522 gen541
​ 497I x:ageGp:fam 869:6:-1 by blue 924:7:-1 at gen542 Univ0 prob=0.589
​ 498I x:ageGp:fam 693:5:-1 by blue 712:5:-1 at gen543 Univ0 prob=0.999
​ Vax prevented 996 ageGp9 by 697 gen543
​ 499I x:ageGp:fam 109:1:-1 by blue 382:3:-1 at gen544 Univ0 prob=0.071
​ 499I x:ageGp:fam 124:1:-1 by blue 510:3:-1 at gen544 Univ0 prob=0.263
​ Vax prevented 905 ageGp7 by 677 gen544
​ 500I x:ageGp:fam 473:3:-1 by yellow 199:2:-1 at gen545 Univ0 prob=0.196
​ Vax prevented 982 ageGp9 by 685 gen545
​ Vax prevented 905 ageGp7 by 677 gen546
​ 503I x:ageGp:fam 170:2:-1 by blue 490:3:-1 at gen547 Univ0 prob=0.265
​ Vax prevented 976 ageGp8 by 692 gen547
​ 504I x:ageGp:fam 689:4:-1 by blue 692:5:-1 at gen549 Univ0 prob=0.267
​ 504I x:ageGp:fam 72:1:-1 by blue 901:6:-1 at gen550 Univ0 prob=0.559
​ Vax prevented 987 ageGp9 by 179 gen551
​ Vax prevented 918 ageGp7 by 189 gen551
​ Vax prevented 987 ageGp9 by 179 gen552
​ 506I x:ageGp:fam 794:5:-1 by blue 986:9:-1 at gen552 Univ0 prob=0.039
​ Vax prevented 987 ageGp9 by 179 gen553
​ Vax prevented 987 ageGp9 by 179 gen556
​ 507I x:ageGp:fam 390:3:-1 by blue 735:5:-1 at gen557 Univ0 prob=0.244
​ 507I x:ageGp:fam 391:3:-1 by blue 445:3:-1 at gen557 Univ0 prob=0.241
​ 509I x:ageGp:fam 449:3:-1 by blue 823:6:-1 at gen560 Univ0 prob=0.273
​ 509I x:ageGp:fam 681:4:-1 by blue 588:4:-1 at gen561 Univ0 prob=0.177
​ 510I x:ageGp:fam 110:1:-1 by blue 549:4:-1 at gen562 Univ0 prob=0.801
​ 510I x:ageGp:fam 195:2:-1 by blue 901:6:-1 at gen562 Univ0 prob=0.981
​ 510I x:ageGp:fam 402:3:-1 by blue 582:4:-1 at gen562 Univ0 prob=0.511
​ 510I x:ageGp:fam 850:6:-1 by blue 445:3:-1 at gen562 Univ0 prob=0.638
​ 510I x:ageGp:fam 448:3:-1 by blue 924:7:-1 at gen562 Univ0 prob=0.156
​ 511I x:ageGp:fam 149:2:-1 by blue 32:0:-1 at gen563 Univ0 prob=0.356
​ 511I x:ageGp:fam 934:7:-1 by blue 308:2:-1 at gen563 Univ0 prob=0.932
​ 518I x:ageGp:fam 40:1:-1 by blue 685:4:-1 at gen565 Univ0 prob=0.778
​ Vax prevented 968 ageGp8 by 239 gen565
​ 518I x:ageGp:fam 867:6:-1 by blue 445:3:-1 at gen565 Univ0 prob=0.962
​ 518I x:ageGp:fam 900:6:-1 by blue 793:5:-1 at gen565 Univ0 prob=0.310
​ Vax prevented 987 ageGp9 by 179 gen566
​ 518I x:ageGp:fam 648:4:-1 by blue 588:4:-1 at gen566 Univ0 prob=0.025
​ 518I x:ageGp:fam 742:5:-1 by blue 695:5:-1 at gen566 Univ0 prob=0.168
​ 523I x:ageGp:fam 451:3:-1 by blue 337:2:-1 at gen568 Univ0 prob=0.935
​ 523I x:ageGp:fam 39:0:-1 by blue 433:3:-1 at gen569 Univ0 prob=0.836
​ 523I x:ageGp:fam 354:2:-1 by blue 685:4:-1 at gen569 Univ0 prob=0.409
​ Vax prevented 947 ageGp7 by 901 gen569
​ 524I x:ageGp:fam 947:7:-1 by blue 281:2:-1 at gen570 Univ0 prob=0.841
​ Vax prevented 949 ageGp8 by 749 gen570
​ Vax prevented 947 ageGp7 by 901 gen570
​ 526I x:ageGp:fam 581:4:-1 by blue 179:2:-1 at gen571 Univ0 prob=0.563
​ Vax prevented 947 ageGp7 by 901 gen571
​ 527I x:ageGp:fam 90:1:-1 by blue 32:0:-1 at gen572 Univ0 prob=0.317
​ 527I x:ageGp:fam 423:3:-1 by blue 640:4:-1 at gen572 Univ0 prob=0.577
​ Vax prevented 945 ageGp7 by 578 gen573
​ 530I x:ageGp:fam 703:5:-1 by blue 106:1:-1 at gen574 Univ0 prob=0.033
​ Vax prevented 968 ageGp8 by 239 gen574
​ 530I x:ageGp:fam 338:2:-1 by blue 695:5:-1 at gen574 Univ0 prob=0.263
​ 530I x:ageGp:fam 872:6:-1 by blue 868:6:-1 at gen575 Univ0 prob=0.211
​ Vax prevented 918 ageGp7 by 21 gen576
​ Vax prevented 921 ageGp7 by 896 gen576
​ Vax prevented 918 ageGp7 by 21 gen577
​ 533I x:ageGp:fam 392:3:-1 by blue 300:2:-1 at gen577 Univ0 prob=0.901
​ 533I x:ageGp:fam 654:4:-1 by blue 84:1:-1 at gen578 Univ0 prob=0.925
​ Vax prevented 921 ageGp7 by 896 gen578
​ Vax prevented 921 ageGp7 by 896 gen579
​ 535I x:ageGp:fam 763:5:-1 by blue 32:0:-1 at gen580 Univ0 prob=0.446
​ 535I x:ageGp:fam 839:6:-1 by blue 32:0:-1 at gen580 Univ0 prob=0.237
​ 535I x:ageGp:fam 700:5:-1 by yellow 257:2:-1 at gen581 Univ0 prob=0.207
​ 535I x:ageGp:fam 725:5:-1 by yellow 257:2:-1 at gen581 Univ0 prob=0.910
​ 535I x:ageGp:fam 264:2:-1 by yellow 865:6:-1 at gen581 Univ0 prob=0.047
​ 535I x:ageGp:fam 799:5:-1 by blue 823:6:-1 at gen581 Univ0 prob=0.488
​ 537I x:ageGp:fam 471:3:-1 by blue 57:1:-1 at gen582 Univ0 prob=0.895
​ 537I x:ageGp:fam 862:6:-1 by blue 463:3:-1 at gen582 Univ0 prob=0.173
​ 537I x:ageGp:fam 921:7:-1 by blue 896:6:-1 at gen582 Univ0 prob=0.756
​ 541I x:ageGp:fam 290:2:-1 by blue 781:5:-1 at gen583 Univ0 prob=0.788
​ 541I x:ageGp:fam 388:3:-1 by blue 504:3:-1 at gen583 Univ0 prob=0.356
​ 541I x:ageGp:fam 874:6:-1 by blue 924:7:-1 at gen583 Univ0 prob=0.540
​ 544I x:ageGp:fam 35:0:-1 by blue 588:4:-1 at gen584 Univ0 prob=0.864
​ Vax prevented 954 ageGp8 by 611 gen584
​ 547I x:ageGp:fam 436:3:-1 by blue 504:3:-1 at gen585 Univ0 prob=0.117
​ 547I x:ageGp:fam 672:4:-1 by blue 667:4:-1 at gen585 Univ0 prob=0.133
​ Vax prevented 968 ageGp8 by 726 gen585
​ 548I x:ageGp:fam 343:2:-1 by blue 433:3:-1 at gen586 Univ0 prob=0.804
​ 548I x:ageGp:fam 622:4:-1 by blue 775:5:-1 at gen586 Univ0 prob=0.320
​ 548I x:ageGp:fam 622:4:-1 by blue 901:6:-1 at gen586 Univ0 prob=0.745
​ Vax prevented 951 ageGp8 by 551 gen587
​ 552I x:ageGp:fam 197:2:-1 by blue 996:9:-1 at gen588 Univ0 prob=0.277
​ 552I x:ageGp:fam 305:2:-1 by blue 667:4:-1 at gen588 Univ0 prob=0.811
​ 552I x:ageGp:fam 628:4:-1 by blue 726:5:-1 at gen589 Univ0 prob=0.530
​ 554I x:ageGp:fam 386:3:-1 by blue 57:1:-1 at gen590 Univ0 prob=0.556
​ 554I x:ageGp:fam 756:5:-1 by blue 487:3:-1 at gen590 Univ0 prob=0.160
​ 555I x:ageGp:fam 831:6:-1 by blue 781:5:-1 at gen591 Univ0 prob=0.016
​ 558I x:ageGp:fam 796:5:-1 by blue 578:4:-1 at gen593 Univ0 prob=0.432
​ 558I x:ageGp:fam 796:5:-1 by blue 601:4:-1 at gen593 Univ0 prob=0.700
​ 558I x:ageGp:fam 607:4:-1 by blue 775:5:-1 at gen593 Univ0 prob=0.048
​ 558I x:ageGp:fam 250:2:-1 by blue 28:0:-1 at gen594 Univ0 prob=0.614
​ 558I x:ageGp:fam 597:4:-1 by blue 67:1:-1 at gen594 Univ0 prob=0.435
​ 558I x:ageGp:fam 336:2:-1 by blue 68:1:-1 at gen594 Univ0 prob=0.581
​ 558I x:ageGp:fam 152:2:-1 by blue 901:6:-1 at gen594 Univ0 prob=0.842
​ 558I x:ageGp:fam 263:2:-1 by blue 775:5:-1 at gen594 Univ0 prob=0.704
​ Vax prevented 996 ageGp9 by 358 gen594
​ 558I x:ageGp:fam 699:5:-1 by blue 468:3:-1 at gen594 Univ0 prob=0.923
​ Vax prevented 967 ageGp8 by 795 gen594
​ 560I x:ageGp:fam 829:6:-1 by blue 28:0:-1 at gen595 Univ0 prob=0.355
​ 560I x:ageGp:fam 838:6:-1 by blue 551:4:-1 at gen595 Univ0 prob=0.707
​ 566I x:ageGp:fam 349:2:-1 by blue 28:0:-1 at gen596 Univ0 prob=0.218
​ Vax prevented 945 ageGp7 by 36 gen596
​ 566I x:ageGp:fam 272:2:-1 by blue 535:3:-1 at gen596 Univ0 prob=0.377
​ 568I x:ageGp:fam 371:3:-1 by blue 155:2:-1 at gen597 Univ0 prob=0.212
​ 568I x:ageGp:fam 299:2:-1 by blue 270:2:-1 at gen597 Univ0 prob=0.210
​ 570I x:ageGp:fam 324:2:-1 by blue 107:1:-1 at gen598 Univ0 prob=0.510
​ Vax prevented 951 ageGp8 by 419 gen598
​ Vax prevented 982 ageGp9 by 685 gen598
​ 572I x:ageGp:fam 982:9:-1 by blue 685:4:-1 at gen599 Univ0 prob=0.997
​ Vax prevented 947 ageGp7 by 281 gen600
​ 574I x:ageGp:fam 27:0:-1 by blue 28:0:-1 at gen601 Univ0 prob=0.019
​ 574I x:ageGp:fam 719:5:-1 by blue 249:2:-1 at gen601 Univ0 prob=0.993
​ 574I x:ageGp:fam 33:0:-1 by blue 84:1:-1 at gen602 Univ0 prob=0.213
​ Vax prevented 921 ageGp7 by 578 gen602
​ 574I x:ageGp:fam 696:5:-1 by blue 726:5:-1 at gen602 Univ0 prob=0.381
​ 576I x:ageGp:fam 864:6:-1 by blue 28:0:-1 at gen603 Univ0 prob=0.427
​ 576I x:ageGp:fam 63:1:-1 by blue 775:5:-1 at gen603 Univ0 prob=0.947
​ 576I x:ageGp:fam 318:2:-1 by blue 535:3:-1 at gen603 Univ0 prob=0.895
​ 576I x:ageGp:fam 951:8:-1 by blue 419:3:-1 at gen603 Univ0 prob=0.818
​ 578I x:ageGp:fam 45:1:-1 by blue 433:3:-1 at gen604 Univ0 prob=0.191
​ 578I x:ageGp:fam 708:5:-1 by blue 529:3:-1 at gen604 Univ0 prob=0.048
​ 578I x:ageGp:fam 878:6:-1 by blue 535:3:-1 at gen604 Univ0 prob=0.295
​ Vax prevented 982 ageGp9 by 685 gen604
​ 582I x:ageGp:fam 460:3:-1 by blue 32:0:-1 at gen605 Univ0 prob=0.197
​ 582I x:ageGp:fam 383:3:-1 by blue 865:6:-1 at gen605 Univ0 prob=0.635
​ Vax prevented 951 ageGp8 by 419 gen605
​ Vax prevented 921 ageGp7 by 578 gen606
​ 587I x:ageGp:fam 722:5:-1 by blue 67:1:-1 at gen607 Univ0 prob=0.479
​ Vax prevented 941 ageGp7 by 106 gen607
​ 587I x:ageGp:fam 182:2:-1 by blue 824:6:-1 at gen607 Univ0 prob=0.956
​ 587I x:ageGp:fam 421:3:-1 by blue 775:5:-1 at gen607 Univ0 prob=0.100
​ Vax prevented 916 ageGp7 by 865 gen607
​ 590I x:ageGp:fam 443:3:-1 by blue 270:2:-1 at gen609 Univ0 prob=0.850
​ 591I x:ageGp:fam 646:4:-1 by blue 333:2:-1 at gen611 Univ0 prob=0.048
​ 591I x:ageGp:fam 512:3:-1 by blue 502:3:-1 at gen611 Univ0 prob=0.150
​ Vax prevented 965 ageGp8 by 155 gen612
​ Vax prevented 934 ageGp7 by 189 gen612
​ 593I x:ageGp:fam 941:7:-1 by blue 68:1:-1 at gen613 Univ0 prob=0.781
​ 593I x:ageGp:fam 548:4:-1 by blue 67:1:-1 at gen614 Univ0 prob=0.645
​ Vax prevented 908 ageGp7 by 775 gen614
​ Vax prevented 965 ageGp8 by 155 gen615
​ 594I x:ageGp:fam 768:5:-1 by blue 257:2:-1 at gen615 Univ0 prob=0.956
​ 594I x:ageGp:fam 959:8:-1 by blue 856:6:-1 at gen615 Univ0 prob=0.762
​ Vax prevented 965 ageGp8 by 155 gen616
​ 597I x:ageGp:fam 847:6:-1 by blue 472:3:-1 at gen617 Univ0 prob=0.810
​ 597I x:ageGp:fam 931:7:-1 by blue 40:1:-1 at gen618 Univ0 prob=0.755
​ 597I x:ageGp:fam 937:7:-1 by blue 293:2:-1 at gen618 Univ0 prob=0.776
​ Vax prevented 931 ageGp7 by 40 gen619
​ 600I x:ageGp:fam 727:5:-1 by yellow 90:1:-1 at gen621 Univ0 prob=0.167
​ 600I x:ageGp:fam 234:2:-1 by blue 402:3:-1 at gen622 Univ0 prob=0.749
​ 601I x:ageGp:fam 890:6:-1 by blue 68:1:-1 at gen623 Univ0 prob=0.995
​ 601I x:ageGp:fam 237:2:-1 by blue 149:2:-1 at gen623 Univ0 prob=0.702
​ 602I x:ageGp:fam 131:2:-1 by blue 109:1:-1 at gen624 Univ0 prob=0.528
​ Vax prevented 921 ageGp7 by 244 gen624
​ 602I x:ageGp:fam 461:3:-1 by blue 693:5:-1 at gen624 Univ0 prob=0.750
​ Vax prevented 951 ageGp8 by 852 gen624
​ 604I x:ageGp:fam 87:1:-1 by blue 90:1:-1 at gen625 Univ0 prob=0.125
​ 606I x:ageGp:fam 142:2:-1 by blue 391:3:-1 at gen626 Univ0 prob=0.490
​ 606I x:ageGp:fam 661:4:-1 by blue 551:4:-1 at gen626 Univ0 prob=0.507
​ Vax prevented 951 ageGp8 by 551 gen627
​ 609I x:ageGp:fam 431:3:-1 by blue 57:1:-1 at gen629 Univ0 prob=0.578
​ 609I x:ageGp:fam 629:4:-1 by blue 794:5:-1 at gen629 Univ0 prob=0.923
​ 609I x:ageGp:fam 122:1:-1 by blue 257:2:-1 at gen630 Univ0 prob=0.199
​ 611I x:ageGp:fam 8:0:-1 by blue 824:6:-1 at gen631 Univ0 prob=0.338
​ Vax prevented 979 ageGp8 by 110 gen631
​ 611I x:ageGp:fam 772:5:-1 by blue 905:7:-1 at gen631 Univ0 prob=0.680
​ 614I x:ageGp:fam 114:1:-1 by yellow 471:3:-1 at gen633 Univ0 prob=0.808
​ 614I x:ageGp:fam 303:2:-1 by blue 681:4:-1 at gen633 Univ0 prob=0.008
​ 614I x:ageGp:fam 111:1:-1 by blue 681:4:-1 at gen634 Univ0 prob=0.736
​ 616I x:ageGp:fam 787:5:-1 by blue 244:2:-1 at gen635 Univ0 prob=0.348
​ 616I x:ageGp:fam 806:5:-1 by blue 865:6:-1 at gen635 Univ0 prob=0.161
​ Vax prevented 992 ageGp9 by 40 gen636
​ 617I x:ageGp:fam 738:5:-1 by blue 149:2:-1 at gen636 Univ0 prob=0.811
​ 617I x:ageGp:fam 375:3:-1 by blue 390:3:-1 at gen636 Univ0 prob=0.421
​ 619I x:ageGp:fam 154:2:-1 by blue 681:4:-1 at gen637 Univ0 prob=0.436
​ 619I x:ageGp:fam 550:4:-1 by blue 449:3:-1 at gen637 Univ0 prob=0.891
​ 619I x:ageGp:fam 716:5:-1 by blue 799:5:-1 at gen637 Univ0 prob=0.628
​ 619I x:ageGp:fam 798:5:-1 by blue 850:6:-1 at gen637 Univ0 prob=0.145
​ 621I x:ageGp:fam 160:2:-1 by blue 39:0:-1 at gen638 Univ0 prob=0.108
​ 621I x:ageGp:fam 751:5:-1 by yellow 628:4:-1 at gen638 Univ0 prob=0.818
​ 625I x:ageGp:fam 37:0:-1 by blue 257:2:-1 at gen639 Univ0 prob=0.763
​ Vax prevented 917 ageGp7 by 40 gen640
​ Vax prevented 940 ageGp7 by 386 gen640
​ Vax prevented 981 ageGp8 by 402 gen640
​ 628I x:ageGp:fam 405:3:-1 by blue 40:1:-1 at gen641 Univ0 prob=0.248
​ 629I x:ageGp:fam 168:2:-1 by blue 681:4:-1 at gen643 Univ0 prob=0.559
​ 629I x:ageGp:fam 403:3:-1 by blue 402:3:-1 at gen643 Univ0 prob=0.592
​ 629I x:ageGp:fam 60:1:-1 by blue 39:0:-1 at gen644 Univ0 prob=0.175
​ 629I x:ageGp:fam 755:5:-1 by blue 471:3:-1 at gen644 Univ0 prob=0.756
​ 631I x:ageGp:fam 733:5:-1 by blue 39:0:-1 at gen645 Univ0 prob=0.091
​ 631I x:ageGp:fam 370:3:-1 by blue 336:2:-1 at gen645 Univ0 prob=0.558
​ 633I x:ageGp:fam 132:2:-1 by blue 270:2:-1 at gen646 Univ0 prob=0.746
​ 633I x:ageGp:fam 347:2:-1 by blue 693:5:-1 at gen646 Univ0 prob=0.256
​ 633I x:ageGp:fam 729:5:-1 by blue 390:3:-1 at gen646 Univ0 prob=0.280
​ Vax prevented 945 ageGp7 by 796 gen646
​ 635I x:ageGp:fam 477:3:-1 by blue 40:1:-1 at gen647 Univ0 prob=0.217
​ 635I x:ageGp:fam 256:2:-1 by blue 72:1:-1 at gen647 Univ0 prob=0.130
​ 635I x:ageGp:fam 617:4:-1 by blue 448:3:-1 at gen647 Univ0 prob=0.469
​ 638I x:ageGp:fam 345:2:-1 by blue 67:1:-1 at gen648 Univ0 prob=0.966
​ 638I x:ageGp:fam 545:4:-1 by blue 90:1:-1 at gen648 Univ0 prob=0.858
​ 641I x:ageGp:fam 363:3:-1 by blue 391:3:-1 at gen649 Univ0 prob=0.944
​ 641I x:ageGp:fam 457:3:-1 by blue 388:3:-1 at gen649 Univ0 prob=0.474
​ Vax prevented 990 ageGp9 by 402 gen649
​ 641I x:ageGp:fam 936:7:-1 by blue 448:3:-1 at gen649 Univ0 prob=0.891
​ 643I x:ageGp:fam 134:2:-1 by blue 290:2:-1 at gen650 Univ0 prob=0.750
​ 643I x:ageGp:fam 188:2:-1 by blue 354:2:-1 at gen650 Univ0 prob=0.504
​ Vax prevented 974 ageGp8 by 622 gen650
​ 646I x:ageGp:fam 810:5:-1 by blue 471:3:-1 at gen651 Univ0 prob=0.571
​ 648I x:ageGp:fam 916:7:-1 by blue 865:6:-1 at gen652 Univ0 prob=0.988
​ 649I x:ageGp:fam 555:4:-1 by blue 250:2:-1 at gen653 Univ0 prob=0.968
​ Vax prevented 916 ageGp7 by 865 gen653
​ 651I x:ageGp:fam 790:5:-1 by blue 471:3:-1 at gen655 Univ0 prob=0.284
​ Vax prevented 991 ageGp9 by 45 gen656
​ 651I x:ageGp:fam 289:2:-1 by blue 471:3:-1 at gen656 Univ0 prob=0.539
​ Vax prevented 979 ageGp8 by 799 gen656
​ Vax prevented 936 ageGp7 by 448 gen657
​ 653I x:ageGp:fam 94:1:-1 by blue 343:2:-1 at gen658 Univ0 prob=0.462
​ Vax prevented 933 ageGp7 by 696 gen658
​ 653I x:ageGp:fam 389:3:-1 by blue 35:0:-1 at gen659 Univ0 prob=0.729
​ 653I x:ageGp:fam 501:3:-1 by blue 460:3:-1 at gen659 Univ0 prob=0.898
​ Vax prevented 974 ageGp8 by 622 gen659
​ 654I x:ageGp:fam 15:0:-1 by blue 391:3:-1 at gen660 Univ0 prob=0.541
​ Vax prevented 979 ageGp8 by 110 gen660
​ Vax prevented 974 ageGp8 by 622 gen660
​ 656I x:ageGp:fam 29:0:-1 by blue 763:5:-1 at gen661 Univ0 prob=0.614
​ 656I x:ageGp:fam 75:1:-1 by blue 862:6:-1 at gen661 Univ0 prob=0.016
​ Vax prevented 979 ageGp8 by 110 gen661
​ Vax prevented 974 ageGp8 by 622 gen661
​ Vax prevented 979 ageGp8 by 110 gen662
​ 657I x:ageGp:fam 117:1:-1 by yellow 941:7:-1 at gen662 Univ0 prob=0.218
​ Vax prevented 979 ageGp8 by 110 gen664
​ Vax prevented 979 ageGp8 by 110 gen665
​ 660I x:ageGp:fam 159:2:-1 by blue 386:3:-1 at gen665 Univ0 prob=0.790
​ 660I x:ageGp:fam 254:2:-1 by blue 388:3:-1 at gen665 Univ0 prob=0.354
​ Vax prevented 916 ageGp7 by 947 gen665
​ 660I x:ageGp:fam 467:3:-1 by blue 681:4:-1 at gen666 Univ0 prob=0.708
​ 660I x:ageGp:fam 728:5:-1 by blue 921:7:-1 at gen666 Univ0 prob=0.271
​ 662I x:ageGp:fam 212:2:-1 by blue 35:0:-1 at gen667 Univ0 prob=0.324
​ 662I x:ageGp:fam 656:4:-1 by blue 681:4:-1 at gen667 Univ0 prob=0.030
​ Vax prevented 979 ageGp8 by 110 gen668
​ 664I x:ageGp:fam 565:4:-1 by blue 250:2:-1 at gen668 Univ0 prob=0.616
​ 664I x:ageGp:fam 454:3:-1 by blue 354:2:-1 at gen668 Univ0 prob=0.657
​ No transmit 947 ageGp7 on 916 ageGp7 gen668
​ 666I x:ageGp:fam 602:4:-1 by blue 35:0:-1 at gen669 Univ0 prob=0.868
​ 666I x:ageGp:fam 335:2:-1 by blue 699:5:-1 at gen669 Univ0 prob=0.134
​ Vax prevented 990 ageGp9 by 354 gen669
​ 668I x:ageGp:fam 171:2:-1 by blue 763:5:-1 at gen670 Univ0 prob=0.830
​ 668I x:ageGp:fam 635:4:-1 by blue 597:4:-1 at gen670 Univ0 prob=0.958
​ Vax prevented 991 ageGp9 by 45 gen671
​ 670I x:ageGp:fam 877:6:-1 by blue 388:3:-1 at gen671 Univ0 prob=0.181
​ 673I x:ageGp:fam 245:2:-1 by blue 448:3:-1 at gen673 Univ0 prob=0.903
​ 673I x:ageGp:fam 278:2:-1 by blue 354:2:-1 at gen673 Univ0 prob=0.025
​ Vax prevented 902 ageGp7 by 708 gen674
​ 675I x:ageGp:fam 632:4:-1 by blue 87:1:-1 at gen675 Univ0 prob=0.026
​ 675I x:ageGp:fam 364:3:-1 by blue 727:5:-1 at gen675 Univ0 prob=0.615
​ 677I x:ageGp:fam 322:2:-1 by blue 763:5:-1 at gen677 Univ0 prob=0.061
​ 677I x:ageGp:fam 778:5:-1 by blue 250:2:-1 at gen678 Univ0 prob=0.142
​ 677I x:ageGp:fam 287:2:-1 by blue 864:6:-1 at gen678 Univ0 prob=0.713
​ Vax prevented 968 ageGp8 by 305 gen678
​ 677I x:ageGp:fam 688:4:-1 by blue 318:2:-1 at gen678 Univ0 prob=0.288
​ Vax prevented 968 ageGp8 by 305 gen679
​ 678I x:ageGp:fam 355:2:-1 by blue 829:6:-1 at gen679 Univ0 prob=0.435
​ Vax prevented 931 ageGp7 by 696 gen679
​ Vax prevented 916 ageGp7 by 699 gen679
​ 681I x:ageGp:fam 228:2:-1 by blue 8:0:-1 at gen680 Univ0 prob=0.965
​ Vax prevented 968 ageGp8 by 628 gen680
​ Vax prevented 968 ageGp8 by 305 gen681
​ Vax prevented 916 ageGp7 by 947 gen681
​ Vax prevented 968 ageGp8 by 305 gen682
​ 683I x:ageGp:fam 496:3:-1 by blue 878:6:-1 at gen682 Univ0 prob=0.593
​ Vax prevented 931 ageGp7 by 696 gen682
​ 683I x:ageGp:fam 760:5:-1 by blue 722:5:-1 at gen682 Univ0 prob=0.763
​ 683I x:ageGp:fam 92:1:-1 by blue 436:3:-1 at gen683 Univ0 prob=0.857
​ 683I x:ageGp:fam 176:2:-1 by blue 343:2:-1 at gen683 Univ0 prob=0.735
​ 685I x:ageGp:fam 130:1:-1 by blue 388:3:-1 at gen684 Univ0 prob=0.935
​ 685I x:ageGp:fam 802:5:-1 by blue 829:6:-1 at gen684 Univ0 prob=0.379
​ Vax prevented 908 ageGp7 by 951 gen684
​ 689I x:ageGp:fam 151:2:-1 by blue 763:5:-1 at gen686 Univ0 prob=0.999
AgeVaxH35.js:2167 Vax prevented 968 ageGp8 by 305 gen686
AgeVaxH35.js:2167 Vax prevented 916 ageGp7 by 197 gen687
AgeVaxH35.js:2305 689I x:ageGp:fam 638:4:-1 by blue 548:4:-1 at gen687 Univ0 prob=0.814
AgeVaxH35.js:2167 Vax prevented 992 ageGp9 by 548 gen687
AgeVaxH35.js:2305 689I x:ageGp:fam 844:6:-1 by blue 862:6:-1 at gen687 Univ0 prob=0.303
AgeVaxH35.js:2167 Vax prevented 968 ageGp8 by 305 gen688
AgeVaxH35.js:2167 Vax prevented 979 ageGp8 by 461 gen688
AgeVaxH35.js:2305 692I x:ageGp:fam 23:0:-1 by blue 460:3:-1 at gen689 Univ0 prob=0.550
AgeVaxH35.js:2305 692I x:ageGp:fam 968:8:-1 by blue 305:2:-1 at gen689 Univ0 prob=0.754
AgeVaxH35.js:2305 694I x:ageGp:fam 26:0:-1 by blue 708:5:-1 at gen692 Univ0 prob=0.428
AgeVaxH35.js:2167 Vax prevented 987 ageGp9 by 646 gen692
AgeVaxH35.js:2167 Vax prevented 940 ageGp7 by 386 gen693
AgeVaxH35.js:2305 695I x:ageGp:fam 30:0:-1 by yellow 617:4:-1 at gen695 Univ0 prob=0.989
AgeVaxH35.js:2305 695I x:ageGp:fam 108:1:-1 by blue 160:2:-1 at gen696 Univ0 prob=0.074
AgeVaxH35.js:2305 695I x:ageGp:fam 884:6:-1 by blue 371:3:-1 at gen696 Univ0 prob=0.166
AgeVaxH35.js:2167 Vax prevented 940 ageGp7 by 386 gen696
AgeVaxH35.js:2305 696I x:ageGp:fam 172:2:-1 by blue 829:6:-1 at gen697 Univ0 prob=0.319
AgeVaxH35.js:2167 Vax prevented 979 ageGp8 by 461 gen697
AgeVaxH35.js:2167 Vax prevented 954 ageGp8 by 512 gen697
AgeVaxH35.js:2167 Vax prevented 908 ageGp7 by 33 gen698
AgeVaxH35.js:2305 698I x:ageGp:fam 393:3:-1 by blue 646:4:-1 at gen698 Univ0 prob=0.241
AgeVaxH35.js:2305 698I x:ageGp:fam 499:3:-1 by blue 982:9:-1 at gen698 Univ0 prob=0.298
AgeVaxH35.js:2167 Vax prevented 954 ageGp8 by 512 gen698
AgeVaxH35.js:2167 Vax prevented 987 ageGp9 by 646 gen698
AgeVaxH35.js:2305 698I x:ageGp:fam 723:5:-1 by blue 755:5:-1 at gen698 Univ0 prob=0.436
AgeVaxH35.js:2305 699I x:ageGp:fam 169:2:-1 by blue 388:3:-1 at gen699 Univ0 prob=0.235
AgeVaxH35.js:2167 Vax prevented 940 ageGp7 by 386 gen699
AgeVaxH35.js:2167 Vax prevented 987 ageGp9 by 646 gen699
AgeVaxH35.js:2305 702I x:ageGp:fam 783:5:-1 by blue 386:3:-1 at gen700 Univ0 prob=0.303
AgeVaxH35.js:2167 Vax prevented 940 ageGp7 by 386 gen700
AgeVaxH35.js:2305 702I x:ageGp:fam 687:4:-1 by blue 617:4:-1 at gen700 Univ0 prob=0.474
AgeVaxH35.js:2167 Vax prevented 913 ageGp7 by 629 gen702
AgeVaxH35.js:2305 705I x:ageGp:fam 789:5:-1 by blue 111:1:-1 at gen703 Univ0 prob=0.503
AgeVaxH35.js:2167 Vax prevented 936 ageGp7 by 431 gen703
AgeVaxH35.js:2167 Vax prevented 939 ageGp7 by 982 gen703
AgeVaxH35.js:2305 705I x:ageGp:fam 891:6:-1 by blue 931:7:-1 at gen704 Univ0 prob=0.461
AgeVaxH35.js:2305 706I x:ageGp:fam 889:6:-1 by blue 134:2:-1 at gen705 Univ0 prob=0.043
AgeVaxH35.js:2305 706I x:ageGp:fam 825:6:-1 by blue 959:8:-1 at gen705 Univ0 prob=0.405
AgeVaxH35.js:2305 707I x:ageGp:fam 78:1:-1 by blue 114:1:-1 at gen706 Univ0 prob=0.558
AgeVaxH35.js:2305 707I x:ageGp:fam 546:4:-1 by blue 460:3:-1 at gen706 Univ0 prob=0.956
AgeVaxH35.js:2167 Vax prevented 939 ageGp7 by 982 gen706
AgeVaxH35.js:2305 711I x:ageGp:fam 679:4:-1 by yellow 94:1:-1 at gen709 Univ0 prob=0.505
AgeVaxH35.js:2305 711I x:ageGp:fam 356:2:-1 by blue 237:2:-1 at gen709 Univ0 prob=0.656
AgeVaxH35.js:2167 Vax prevented 938 ageGp7 by 555 gen709
AgeVaxH35.js:2305 713I x:ageGp:fam 587:4:-1 by blue 160:2:-1 at gen711 Univ0 prob=0.565
AgeVaxH35.js:2305 713I x:ageGp:fam 569:4:-1 by blue 727:5:-1 at gen712 Univ0 prob=0.199
AgeVaxH35.js:2167 Vax prevented 941 ageGp7 by 122 gen715
AgeVaxH35.js:2167 Vax prevented 908 ageGp7 by 33 gen716
AgeVaxH35.js:2305 715I x:ageGp:fam 44:1:-1 by blue 916:7:-1 at gen716 Univ0 prob=0.111
AgeVaxH35.js:2305 715I x:ageGp:fam 539:3:-1 by blue 154:2:-1 at gen717 Univ0 prob=0.590
AgeVaxH35.js:2305 715I x:ageGp:fam 623:4:-1 by blue 389:3:-1 at gen717 Univ0 prob=0.425
AgeVaxH35.js:2305 715I x:ageGp:fam 514:3:-1 by blue 403:3:-1 at gen717 Univ0 prob=0.848
AgeVaxH35.js:2305 716I x:ageGp:fam 785:5:-1 by blue 467:3:-1 at gen718 Univ0 prob=0.856
AgeVaxH35.js:2305 716I x:ageGp:fam 686:4:-1 by blue 755:5:-1 at gen718 Univ0 prob=0.735
AgeVaxH35.js:2167 Vax prevented 981 ageGp8 by 454 gen719
AgeVaxH35.js:2305 721I x:ageGp:fam 720:5:-1 by blue 617:4:-1 at gen720 Univ0 prob=0.466
AgeVaxH35.js:2305 721I x:ageGp:fam 834:6:-1 by blue 729:5:-1 at gen720 Univ0 prob=0.395
AgeVaxH35.js:2167 Vax prevented 992 ageGp9 by 931 gen720
AgeVaxH35.js:2305 721I x:ageGp:fam 77:1:-1 by blue 457:3:-1 at gen721 Univ0 prob=0.065
AgeVaxH35.js:2305 721I x:ageGp:fam 292:2:-1 by blue 405:3:-1 at gen721 Univ0 prob=0.108
AgeVaxH35.js:2305 725I x:ageGp:fam 591:4:-1 by blue 188:2:-1 at gen723 Univ0 prob=0.623
AgeVaxH35.js:2305 725I x:ageGp:fam 180:2:-1 by blue 810:5:-1 at gen724 Univ0 prob=0.247
AgeVaxH35.js:2167 Vax prevented 928 ageGp7 by 234 gen724
AgeVaxH35.js:2305 725I x:ageGp:fam 331:2:-1 by blue 810:5:-1 at gen724 Univ0 prob=0.671
AgeVaxH35.js:2305 725I x:ageGp:fam 724:5:-1 by blue 733:5:-1 at gen724 Univ0 prob=0.591
AgeVaxH35.js:2305 725I x:ageGp:fam 800:5:-1 by blue 810:5:-1 at gen724 Univ0 prob=0.518
AgeVaxH35.js:2305 726I x:ageGp:fam 342:2:-1 by blue 477:3:-1 at gen725 Univ0 prob=0.358
AgeVaxH35.js:2305 726I x:ageGp:fam 717:5:-1 by blue 617:4:-1 at gen725 Univ0 prob=0.230
AgeVaxH35.js:2167 Vax prevented 993 ageGp9 by 29 gen726
AgeVaxH35.js:2305 732I x:ageGp:fam 752:5:-1 by blue 370:3:-1 at gen727 Univ0 prob=0.740
AgeVaxH35.js:2305 732I x:ageGp:fam 873:6:-1 by blue 370:3:-1 at gen727 Univ0 prob=0.555
AgeVaxH35.js:2305 732I x:ageGp:fam 316:2:-1 by blue 405:3:-1 at gen728 Univ0 prob=0.182
AgeVaxH35.js:2167 Vax prevented 928 ageGp7 by 234 gen729
AgeVaxH35.js:2305 734I x:ageGp:fam 594:4:-1 by yellow 778:5:-1 at gen729 Univ0 prob=0.687
AgeVaxH35.js:2305 735I x:ageGp:fam 80:1:-1 by blue 29:0:-1 at gen730 Univ0 prob=0.328
AgeVaxH35.js:2305 735I x:ageGp:fam 494:3:-1 by blue 237:2:-1 at gen730 Univ0 prob=0.320
AgeVaxH35.js:2167 Vax prevented 928 ageGp7 by 234 gen731
AgeVaxH35.js:2305 736I x:ageGp:fam 797:5:-1 by blue 287:2:-1 at gen731 Univ0 prob=0.016
AgeVaxH35.js:2167 Vax prevented 913 ageGp7 by 550 gen731
AgeVaxH35.js:2305 736I x:ageGp:fam 580:4:-1 by blue 931:7:-1 at gen731 Univ0 prob=0.832
AgeVaxH35.js:2305 738I x:ageGp:fam 481:3:-1 by blue 15:0:-1 at gen732 Univ0 prob=0.309
AgeVaxH35.js:2305 738I x:ageGp:fam 86:1:-1 by blue 134:2:-1 at gen732 Univ0 prob=0.569
AgeVaxH35.js:2167 Vax prevented 993 ageGp9 by 29 gen733
AgeVaxH35.js:2305 740I x:ageGp:fam 246:2:-1 by blue 160:2:-1 at gen733 Univ0 prob=0.857
AgeVaxH35.js:2305 740I x:ageGp:fam 192:2:-1 by blue 802:5:-1 at gen733 Univ0 prob=0.981
AgeVaxH35.js:2167 Vax prevented 928 ageGp7 by 234 gen734
AgeVaxH35.js:2305 744I x:ageGp:fam 579:4:-1 by blue 159:2:-1 at gen735 Univ0 prob=0.079
AgeVaxH35.js:2305 744I x:ageGp:fam 659:4:-1 by blue 778:5:-1 at gen735 Univ0 prob=0.292
AgeVaxH35.js:2167 Vax prevented 929 ageGp7 by 87 gen736
AgeVaxH35.js:2305 746I x:ageGp:fam 440:3:-1 by blue 477:3:-1 at gen737 Univ0 prob=0.728
AgeVaxH35.js:2305 746I x:ageGp:fam 746:5:-1 by blue 87:1:-1 at gen738 Univ0 prob=0.981
AgeVaxH35.js:2167 Vax prevented 913 ageGp7 by 550 gen738
AgeVaxH35.js:2305 747I x:ageGp:fam 314:2:-1 by blue 94:1:-1 at gen739 Univ0 prob=0.779
AgeVaxH35.js:2305 747I x:ageGp:fam 161:2:-1 by blue 130:1:-1 at gen739 Univ0 prob=0.052
AgeVaxH35.js:2305 747I x:ageGp:fam 384:3:-1 by blue 212:2:-1 at gen739 Univ0 prob=0.851
AgeVaxH35.js:2167 Vax prevented 932 ageGp7 by 60 gen740
AgeVaxH35.js:2305 748I x:ageGp:fam 573:4:-1 by blue 212:2:-1 at gen740 Univ0 prob=0.208
AgeVaxH35.js:2305 748I x:ageGp:fam 771:5:-1 by blue 289:2:-1 at gen740 Univ0 prob=0.400
AgeVaxH35.js:2305 748I x:ageGp:fam 425:3:-1 by blue 790:5:-1 at gen740 Univ0 prob=0.175
AgeVaxH35.js:2305 748I x:ageGp:fam 705:5:-1 by blue 790:5:-1 at gen740 Univ0 prob=0.113
AgeVaxH35.js:2167 Vax prevented 932 ageGp7 by 60 gen741
AgeVaxH35.js:2305 751I x:ageGp:fam 570:4:-1 by blue 355:2:-1 at gen741 Univ0 prob=0.252
AgeVaxH35.js:2305 755I x:ageGp:fam 811:5:-1 by blue 160:2:-1 at gen742 Univ0 prob=0.810
AgeVaxH35.js:2167 Vax prevented 967 ageGp8 by 212 gen742
AgeVaxH35.js:2167 Vax prevented 991 ageGp9 by 755 gen742
AgeVaxH35.js:2305 756I x:ageGp:fam 885:6:-1 by blue 176:2:-1 at gen743 Univ0 prob=0.876
AgeVaxH35.js:2167 Vax prevented 932 ageGp7 by 60 gen744
AgeVaxH35.js:2305 757I x:ageGp:fam 666:4:-1 by blue 94:1:-1 at gen744 Univ0 prob=0.983
AgeVaxH35.js:2305 757I x:ageGp:fam 694:5:-1 by blue 134:2:-1 at gen744 Univ0 prob=0.738
AgeVaxH35.js:2305 757I x:ageGp:fam 185:2:-1 by blue 454:3:-1 at gen744 Univ0 prob=0.690
AgeVaxH35.js:2305 757I x:ageGp:fam 295:2:-1 by blue 254:2:-1 at gen744 Univ0 prob=0.927
AgeVaxH35.js:2305 757I x:ageGp:fam 914:7:-1 by blue 457:3:-1 at gen744 Univ0 prob=0.991
AgeVaxH35.js:2305 757I x:ageGp:fam 927:7:-1 by blue 877:6:-1 at gen744 Univ0 prob=0.955
AgeVaxH35.js:2167 Vax prevented 927 ageGp7 by 877 gen745
AgeVaxH35.js:2167 Vax prevented 927 ageGp7 by 877 gen746
AgeVaxH35.js:2305 764I x:ageGp:fam 883:6:-1 by blue 75:1:-1 at gen747 Univ0 prob=0.973
AgeVaxH35.js:2305 765I x:ageGp:fam 761:5:-1 by blue 94:1:-1 at gen749 Univ0 prob=0.493
AgeVaxH35.js:2167 Vax prevented 956 ageGp8 by 355 gen749
AgeVaxH35.js:2167 Vax prevented 991 ageGp9 by 755 gen750
AgeVaxH35.js:2305 766I x:ageGp:fam 826:6:-1 by blue 151:2:-1 at gen751 Univ0 prob=0.412
AgeVaxH35.js:2305 766I x:ageGp:fam 589:4:-1 by blue 467:3:-1 at gen751 Univ0 prob=0.862
AgeVaxH35.js:2167 Vax prevented 956 ageGp8 by 355 gen752
AgeVaxH35.js:2305 766I x:ageGp:fam 843:6:-1 by blue 688:4:-1 at gen752 Univ0 prob=0.973
AgeVaxH35.js:2305 768I x:ageGp:fam 493:3:-1 by blue 30:0:-1 at gen753 Univ0 prob=0.984
AgeVaxH35.js:2305 768I x:ageGp:fam 853:6:-1 by blue 117:1:-1 at gen753 Univ0 prob=0.373
AgeVaxH35.js:2305 768I x:ageGp:fam 928:7:-1 by blue 389:3:-1 at gen753 Univ0 prob=0.978
AgeVaxH35.js:2167 Vax prevented 981 ageGp8 by 454 gen753
AgeVaxH35.js:2305 769I x:ageGp:fam 385:3:-1 by blue 159:2:-1 at gen754 Univ0 prob=0.940
AgeVaxH35.js:2305 769I x:ageGp:fam 887:6:-1 by blue 278:2:-1 at gen754 Univ0 prob=0.101
AgeVaxH35.js:2167 Vax prevented 981 ageGp8 by 454 gen754
AgeVaxH35.js:2167 Vax prevented 983 ageGp9 by 755 gen754
AgeVaxH35.js:2305 772I x:ageGp:fam 663:4:-1 by blue 287:2:-1 at gen755 Univ0 prob=0.251
AgeVaxH35.js:2305 772I x:ageGp:fam 532:3:-1 by blue 496:3:-1 at gen755 Univ0 prob=0.759
AgeVaxH35.js:2167 Vax prevented 983 ageGp9 by 755 gen755
AgeVaxH35.js:2167 Vax prevented 981 ageGp8 by 454 gen756
AgeVaxH35.js:2305 776I x:ageGp:fam 769:5:-1 by blue 151:2:-1 at gen759 Univ0 prob=0.604
AgeVaxH35.js:2305 777I x:ageGp:fam 503:3:-1 by blue 889:6:-1 at gen761 Univ0 prob=0.670
AgeVaxH35.js:2305 777I x:ageGp:fam 855:6:-1 by blue 130:1:-1 at gen762 Univ0 prob=0.783
AgeVaxH35.js:2305 777I x:ageGp:fam 792:5:-1 by blue 467:3:-1 at gen762 Univ0 prob=0.173
AgeVaxH35.js:2305 777I x:ageGp:fam 625:4:-1 by blue 638:4:-1 at gen762 Univ0 prob=0.691
AgeVaxH35.js:2305 778I x:ageGp:fam 400:3:-1 by blue 355:2:-1 at gen763 Univ0 prob=0.978
AgeVaxH35.js:2167 Vax prevented 987 ageGp9 by 733 gen763
AgeVaxH35.js:2305 781I x:ageGp:fam 304:2:-1 by blue 188:2:-1 at gen764 Univ0 prob=0.794
AgeVaxH35.js:2167 Vax prevented 987 ageGp9 by 733 gen764
AgeVaxH35.js:2305 783I x:ageGp:fam 360:3:-1 by blue 467:3:-1 at gen766 Univ0 prob=0.229
AgeVaxH35.js:2167 Vax prevented 942 ageGp7 by 638 gen766
AgeVaxH35.js:2305 784I x:ageGp:fam 16:0:-1 by blue 23:0:-1 at gen768 Univ0 prob=0.295
AgeVaxH35.js:2305 784I x:ageGp:fam 840:6:-1 by blue 23:0:-1 at gen768 Univ0 prob=0.521
AgeVaxH35.js:2305 784I x:ageGp:fam 394:3:-1 by blue 94:1:-1 at gen768 Univ0 prob=0.718
AgeVaxH35.js:2167 Vax prevented 942 ageGp7 by 638 gen768
AgeVaxH35.js:2305 784I x:ageGp:fam 369:3:-1 by blue 289:2:-1 at gen769 Univ0 prob=0.802
AgeVaxH35.js:2305 784I x:ageGp:fam 542:4:-1 by blue 635:4:-1 at gen769 Univ0 prob=0.307
AgeVaxH35.js:2305 789I x:ageGp:fam 89:1:-1 by blue 499:3:-1 at gen771 Univ0 prob=0.257
AgeVaxH35.js:2305 789I x:ageGp:fam 145:2:-1 by blue 565:4:-1 at gen771 Univ0 prob=0.376
AgeVaxH35.js:2305 789I x:ageGp:fam 701:5:-1 by blue 151:2:-1 at gen771 Univ0 prob=0.805
AgeVaxH35.js:2167 Vax prevented 917 ageGp7 by 623 gen771
AgeVaxH35.js:2305 789I x:ageGp:fam 210:2:-1 by blue 151:2:-1 at gen772 Univ0 prob=0.865
AgeVaxH35.js:2305 792I x:ageGp:fam 486:3:-1 by blue 180:2:-1 at gen773 Univ0 prob=0.188
AgeVaxH35.js:2305 792I x:ageGp:fam 297:2:-1 by blue 968:8:-1 at gen773 Univ0 prob=0.523
AgeVaxH35.js:2305 795I x:ageGp:fam 396:3:-1 by blue 29:0:-1 at gen775 Univ0 prob=0.802
AgeVaxH35.js:2305 795I x:ageGp:fam 430:3:-1 by blue 565:4:-1 at gen776 Univ0 prob=0.737
AgeVaxH35.js:2305 797I x:ageGp:fam 886:6:-1 by blue 23:0:-1 at gen778 Univ0 prob=0.526
AgeVaxH35.js:2167 Vax prevented 987 ageGp9 by 724 gen778
AgeVaxH35.js:2167 Vax prevented 967 ageGp8 by 891 gen778
AgeVaxH35.js:2167 Vax prevented 983 ageGp9 by 108 gen779
AgeVaxH35.js:2305 797I x:ageGp:fam 217:2:-1 by blue 565:4:-1 at gen779 Univ0 prob=0.790
AgeVaxH35.js:2167 Vax prevented 935 ageGp7 by 355 gen779
AgeVaxH35.js:2167 Vax prevented 928 ageGp7 by 389 gen779
AgeVaxH35.js:2305 797I x:ageGp:fam 453:3:-1 by blue 565:4:-1 at gen779 Univ0 prob=0.435
AgeVaxH35.js:2167 Vax prevented 929 ageGp7 by 151 gen780
AgeVaxH35.js:2305 800I x:ageGp:fam 129:1:-1 by blue 783:5:-1 at gen783 Univ0 prob=0.870
AgeVaxH35.js:2305 800I x:ageGp:fam 500:3:-1 by blue 679:4:-1 at gen783 Univ0 prob=0.601
AgeVaxH35.js:2167 Vax prevented 991 ageGp9 by 78 gen784
AgeVaxH35.js:2305 800I x:ageGp:fam 286:2:-1 by blue 172:2:-1 at gen784 Univ0 prob=0.008
​ 802I x:ageGp:fam 193:2:-1 by blue 151:2:-1 at gen785 Univ0 prob=0.794
​ 802I x:ageGp:fam 251:2:-1 by blue 245:2:-1 at gen785 Univ0 prob=0.689
​ 803I x:ageGp:fam 572:4:-1 by blue 316:2:-1 at gen786 Univ0 prob=0.915
​ 805I x:ageGp:fam 583:4:-1 by blue 151:2:-1 at gen787 Univ0 prob=0.416
​ 805I x:ageGp:fam 439:3:-1 by blue 587:4:-1 at gen787 Univ0 prob=0.083
​ 806I x:ageGp:fam 483:3:-1 by blue 802:5:-1 at gen788 Univ0 prob=0.393
​ 809I x:ageGp:fam 258:2:-1 by blue 688:4:-1 at gen791 Univ0 prob=0.506
​ Vax prevented 991 ageGp9 by 723 gen793
​ 810I x:ageGp:fam 334:2:-1 by blue 180:2:-1 at gen794 Univ0 prob=0.533
​ Vax prevented 956 ageGp8 by 287 gen794
​ 810I x:ageGp:fam 203:2:-1 by blue 688:4:-1 at gen795 Univ0 prob=0.166
​ 811I x:ageGp:fam 516:3:-1 by blue 292:2:-1 at gen796 Univ0 prob=0.444
​ Vax prevented 983 ageGp9 by 108 gen797
​ Vax prevented 992 ageGp9 by 384 gen797
​ Vax prevented 923 ageGp7 by 797 gen798
​ 813I x:ageGp:fam 167:2:-1 by blue 797:5:-1 at gen799 Univ0 prob=0.406
​ 813I x:ageGp:fam 288:2:-1 by blue 331:2:-1 at gen799 Univ0 prob=0.722
​ 813I x:ageGp:fam 813:5:-1 by blue 481:3:-1 at gen799 Univ0 prob=0.955
​ 816I x:ageGp:fam 223:2:-1 by blue 331:2:-1 at gen801 Univ0 prob=0.433
​ 816I x:ageGp:fam 312:2:-1 by blue 594:4:-1 at gen802 Univ0 prob=0.013
​ 817I x:ageGp:fam 464:3:-1 by blue 546:4:-1 at gen803 Univ0 prob=0.907
​ 817I x:ageGp:fam 836:6:-1 by blue 873:6:-1 at gen803 Univ0 prob=0.379
​ 820I x:ageGp:fam 166:2:-1 by blue 316:2:-1 at gen808 Univ0 prob=0.086
​ 820I x:ageGp:fam 603:4:-1 by blue 546:4:-1 at gen808 Univ0 prob=0.278
​ 822I x:ageGp:fam 317:2:-1 by blue 86:1:-1 at gen810 Univ0 prob=0.762
​ 823I x:ageGp:fam 313:2:-1 by blue 77:1:-1 at gen812 Univ0 prob=0.724
​ 823I x:ageGp:fam 641:4:-1 by blue 86:1:-1 at gen813 Univ0 prob=0.935
​ Vax prevented 942 ageGp7 by 384 gen813
​ 824I x:ageGp:fam 0:0:-1 by blue 331:2:-1 at gen814 Univ0 prob=0.163
​ Vax prevented 928 ageGp7 by 789 gen815
​ Vax prevented 990 ageGp9 by 185 gen818
​ 826I x:ageGp:fam 306:2:-1 by blue 666:4:-1 at gen818 Univ0 prob=0.422
​ Vax prevented 906 ageGp7 by 425 gen818
​ Vax prevented 942 ageGp7 by 384 gen819
​ 826I x:ageGp:fam 745:5:-1 by blue 889:6:-1 at gen819 Univ0 prob=0.844
​ Vax prevented 906 ageGp7 by 425 gen820
​ 828I x:ageGp:fam 147:2:-1 by blue 666:4:-1 at gen821 Univ0 prob=0.566
​ 828I x:ageGp:fam 407:3:-1 by blue 889:6:-1 at gen822 Univ0 prob=0.458
​ Vax prevented 994 ageGp9 by 797 gen822
​ 830I x:ageGp:fam 574:4:-1 by blue 145:2:-1 at gen824 Univ0 prob=0.044
​ 830I x:ageGp:fam 649:4:-1 by blue 579:4:-1 at gen824 Univ0 prob=0.474
​ Vax prevented 987 ageGp9 by 246 gen825
​ 830I x:ageGp:fam 609:4:-1 by blue 481:3:-1 at gen825 Univ0 prob=0.085
​ 830I x:ageGp:fam 879:6:-1 by blue 594:4:-1 at gen825 Univ0 prob=0.441
​ 832I x:ageGp:fam 76:1:-1 by blue 579:4:-1 at gen826 Univ0 prob=0.161
​ Vax prevented 987 ageGp9 by 246 gen826
​ Vax prevented 928 ageGp7 by 589 gen826
​ 834I x:ageGp:fam 178:2:-1 by blue 594:4:-1 at gen827 Univ0 prob=0.480
​ Vax prevented 942 ageGp7 by 384 gen827
​ Vax prevented 929 ageGp7 by 746 gen827
​ 834I x:ageGp:fam 753:5:-1 by blue 883:6:-1 at gen827 Univ0 prob=0.989
​ Vax prevented 942 ageGp7 by 384 gen828
​ Vax prevented 913 ageGp7 by 853 gen829
​ 837I x:ageGp:fam 163:2:-1 by blue 86:1:-1 at gen832 Univ0 prob=0.470
​ Vax prevented 963 ageGp8 by 385 gen832
​ Vax prevented 913 ageGp7 by 853 gen832
​ Vax prevented 913 ageGp7 by 77 gen833
​ Vax prevented 992 ageGp9 by 292 gen834
​ 838I x:ageGp:fam 660:4:-1 by blue 843:6:-1 at gen834 Univ0 prob=0.137
​ 838I x:ageGp:fam 1:0:-1 by blue 251:2:-1 at gen835 Univ0 prob=0.242
​ 838I x:ageGp:fam 301:2:-1 by blue 792:5:-1 at gen835 Univ0 prob=0.039
​ Vax prevented 991 ageGp9 by 394 gen835
​ Vax prevented 913 ageGp7 by 77 gen836
​ 841I x:ageGp:fam 556:4:-1 by blue 314:2:-1 at gen837 Univ0 prob=0.867
​ 841I x:ageGp:fam 721:5:-1 by blue 400:3:-1 at gen837 Univ0 prob=0.151
​ Vax prevented 927 ageGp7 by 77 gen839
​ Vax prevented 992 ageGp9 by 542 gen843
​ Vax prevented 992 ageGp9 by 542 gen845
​ 843I x:ageGp:fam 446:3:-1 by blue 192:2:-1 at gen846 Univ0 prob=0.885
​ Vax prevented 992 ageGp9 by 542 gen846
​ 843I x:ageGp:fam 206:2:-1 by blue 771:5:-1 at gen847 Univ0 prob=0.960
​ Vax prevented 992 ageGp9 by 542 gen850
​ 845I x:ageGp:fam 815:5:-1 by blue 86:1:-1 at gen851 Univ0 prob=0.045
​ 845I x:ageGp:fam 12:0:-1 by blue 312:2:-1 at gen852 Univ0 prob=0.614
AgeVaxH35.js:2167 Vax prevented 974 ageGp8 by 297 gen853
AgeVaxH35.js:2167 Vax prevented 987 ageGp9 by 295 gen857
AgeVaxH35.js:2167 Vax prevented 981 ageGp8 by 304 gen858
AgeVaxH35.js:2167 Vax prevented 981 ageGp8 by 304 gen860
AgeVaxH35.js:2167 Vax prevented 917 ageGp7 by 572 gen860
AgeVaxH35.js:2305 847I x:ageGp:fam 809:5:-1 by blue 251:2:-1 at gen861 Univ0 prob=0.677
AgeVaxH35.js:2167 Vax prevented 994 ageGp9 by 145 gen863
AgeVaxH35.js:2305 848I x:ageGp:fam 262:2:-1 by blue 439:3:-1 at gen863 Univ0 prob=0.988
AgeVaxH35.js:2305 848I x:ageGp:fam 262:2:-1 by blue 843:6:-1 at gen863 Univ0 prob=0.205
AgeVaxH35.js:2305 848I x:ageGp:fam 387:3:-1 by blue 297:2:-1 at gen863 Univ0 prob=0.711
AgeVaxH35.js:2167 Vax prevented 987 ageGp9 by 295 gen864
AgeVaxH35.js:2167 Vax prevented 994 ageGp9 by 145 gen865
AgeVaxH35.js:2305 850I x:ageGp:fam 235:2:-1 by blue 439:3:-1 at gen865 Univ0 prob=0.438
AgeVaxH35.js:2167 Vax prevented 981 ageGp8 by 304 gen866
AgeVaxH35.js:2305 851I x:ageGp:fam 432:3:-1 by blue 430:3:-1 at gen867 Univ0 prob=0.480
AgeVaxH35.js:2167 Vax prevented 917 ageGp7 by 572 gen867
AgeVaxH35.js:2305 852I x:ageGp:fam 994:9:-1 by blue 145:2:-1 at gen869 Univ0 prob=0.993
AgeVaxH35.js:2167 Vax prevented 917 ageGp7 by 572 gen869
AgeVaxH35.js:2167 Vax prevented 917 ageGp7 by 572 gen870
AgeVaxH35.js:2305 853I x:ageGp:fam 11:0:-1 by blue 430:3:-1 at gen872 Univ0 prob=0.273
AgeVaxH35.js:2167 Vax prevented 993 ageGp9 by 312 gen875
AgeVaxH35.js:2167 Vax prevented 993 ageGp9 by 464 gen879
AgeVaxH35.js:2167 Vax prevented 993 ageGp9 by 312 gen880
AgeVaxH35.js:2167 Vax prevented 993 ageGp9 by 312 gen883
AgeVaxH35.js:2305 854I x:ageGp:fam 367:3:-1 by blue 317:2:-1 at gen883 Univ0 prob=0.970
AgeVaxH35.js:2305 854I x:ageGp:fam 95:1:-1 by blue 286:2:-1 at gen884 Univ0 prob=0.581
AgeVaxH35.js:2305 854I x:ageGp:fam 196:2:-1 by blue 439:3:-1 at gen884 Univ0 prob=0.680
AgeVaxH35.js:2167 Vax prevented 935 ageGp7 by 317 gen885
AgeVaxH35.js:2167 Vax prevented 984 ageGp9 by 572 gen885
AgeVaxH35.js:2305 857I x:ageGp:fam 780:5:-1 by blue 145:2:-1 at gen886 Univ0 prob=0.915
AgeVaxH35.js:2305 857I x:ageGp:fam 96:1:-1 by blue 641:4:-1 at gen887 Univ0 prob=0.283
AgeVaxH35.js:2305 858I x:ageGp:fam 639:4:-1 by blue 439:3:-1 at gen888 Univ0 prob=0.086
AgeVaxH35.js:2167 Vax prevented 929 ageGp7 by 430 gen889
AgeVaxH35.js:2305 859I x:ageGp:fam 634:4:-1 by blue 641:4:-1 at gen889 Univ0 prob=0.716
AgeVaxH35.js:2305 861I x:ageGp:fam 929:7:-1 by blue 193:2:-1 at gen895 Univ0 prob=0.958
AgeVaxH35.js:2305 861I x:ageGp:fam 748:5:-1 by blue 753:5:-1 at gen895 Univ0 prob=0.794
AgeVaxH35.js:2167 Vax prevented 973 ageGp8 by 312 gen899
AgeVaxH35.js:2167 Vax prevented 983 ageGp9 by 288 gen901
AgeVaxH35.js:2305 863I x:ageGp:fam 269:2:-1 by blue 163:2:-1 at gen905 Univ0 prob=0.598
AgeVaxH35.js:2167 Vax prevented 994 ageGp9 by 167 gen905
AgeVaxH35.js:2167 Vax prevented 940 ageGp7 by 649 gen909
AgeVaxH35.js:2305 864I x:ageGp:fam 274:2:-1 by blue 203:2:-1 at gen910 Univ0 prob=0.802
AgeVaxH35.js:2167 Vax prevented 991 ageGp9 by 306 gen911
AgeVaxH35.js:2305 865I x:ageGp:fam 714:5:-1 by blue 809:5:-1 at gen912 Univ0 prob=0.264
AgeVaxH35.js:2305 865I x:ageGp:fam 492:3:-1 by blue 203:2:-1 at gen913 Univ0 prob=0.370
AgeVaxH35.js:2305 865I x:ageGp:fam 261:2:-1 by blue 407:3:-1 at gen913 Univ0 prob=0.883
AgeVaxH35.js:2305 865I x:ageGp:fam 401:3:-1 by blue 407:3:-1 at gen913 Univ0 prob=0.213
AgeVaxH35.js:2305 869I x:ageGp:fam 621:4:-1 by blue 407:3:-1 at gen915 Univ0 prob=0.835
AgeVaxH35.js:2305 870I x:ageGp:fam 20:0:-1 by blue 815:5:-1 at gen918 Univ0 prob=0.125
AgeVaxH35.js:2167 Vax prevented 983 ageGp9 by 306 gen918
AgeVaxH35.js:2305 870I x:ageGp:fam 860:6:-1 by blue 0:0:-1 at gen919 Univ0 prob=0.919
AgeVaxH35.js:2305 870I x:ageGp:fam 669:4:-1 by blue 446:3:-1 at gen919 Univ0 prob=0.648
AgeVaxH35.js:2305 873I x:ageGp:fam 291:2:-1 by blue 815:5:-1 at gen921 Univ0 prob=0.315
AgeVaxH35.js:2305 874I x:ageGp:fam 426:3:-1 by blue 262:2:-1 at gen926 Univ0 prob=0.772
AgeVaxH35.js:2305 875I x:ageGp:fam 893:6:-1 by blue 815:5:-1 at gen929 Univ0 prob=0.107
AgeVaxH35.js:2167 Vax prevented 972 ageGp8 by 262 gen930
AgeVaxH35.js:2305 876I x:ageGp:fam 993:9:-1 by blue 879:6:-1 at gen933 Univ0 prob=0.997
AgeVaxH35.js:2305 877I x:ageGp:fam 849:6:-1 by blue 262:2:-1 at gen936 Univ0 prob=0.970
AgeVaxH35.js:2305 877I x:ageGp:fam 983:9:-1 by blue 306:2:-1 at gen937 Univ0 prob=0.970
AgeVaxH35.js:2305 879I x:ageGp:fam 517:3:-1 by blue 163:2:-1 at gen940 Univ0 prob=0.610
AgeVaxH35.js:2167 Vax prevented 960 ageGp8 by 262 gen943
AgeVaxH35.js:2305 880I x:ageGp:fam 671:4:-1 by blue 432:3:-1 at gen946 Univ0 prob=0.564
AgeVaxH35.js:2305 881I x:ageGp:fam 49:1:-1 by blue 235:2:-1 at gen958 Univ0 prob=0.780
AgeVaxH35.js:2305 882I x:ageGp:fam 972:8:-1 by blue 262:2:-1 at gen961 Univ0 prob=0.998
AgeVaxH35.js:2305 882I x:ageGp:fam 302:2:-1 by blue 634:4:-1 at gen961 Univ0 prob=0.168
AgeVaxH35.js:2305 882I x:ageGp:fam 456:3:-1 by blue 367:3:-1 at gen961 Univ0 prob=0.531
AgeVaxH35.js:2305 885I x:ageGp:fam 479:3:-1 by blue 994:9:-1 at gen964 Univ0 prob=0.052
AgeVaxH35.js:2305 886I x:ageGp:fam 662:4:-1 by blue 994:9:-1 at gen972 Univ0 prob=0.843
AgeVaxH35.js:2167 Vax prevented 929 ageGp7 by 11 gen973
AgeVaxH35.js:2305 887I x:ageGp:fam 99:1:-1 by blue 367:3:-1 at gen974 Univ0 prob=0.599
AgeVaxH35.js:2305 887I x:ageGp:fam 59:1:-1 by blue 809:5:-1 at gen975 Univ0 prob=0.319
AgeVaxH35.js:2305 888I x:ageGp:fam 814:5:-1 by blue 809:5:-1 at gen976 Univ0 prob=0.954
AgeVaxH35.js:2167 Vax prevented 972 ageGp8 by 748 gen977
AgeVaxH35.js:2167 Vax prevented 973 ageGp8 by 432 gen980
AgeVaxH35.js:2167 Vax prevented 973 ageGp8 by 432 gen981
AgeVaxH35.js:2305 890I x:ageGp:fam 741:5:-1 by blue 748:5:-1 at gen983 Univ0 prob=0.397
AgeVaxH35.js:2305 890I x:ageGp:fam 740:5:-1 by blue 714:5:-1 at gen984 Univ0 prob=0.053
AgeVaxH35.js:2305 892I x:ageGp:fam 653:4:-1 by blue 261:2:-1 at gen986 Univ0 prob=0.473
AgeVaxH35.js:2305 893I x:ageGp:fam 5:0:-1 by blue 748:5:-1 at gen988 Univ0 prob=0.151
AgeVaxH35.js:2167 Vax prevented 960 ageGp8 by 291 gen990
AgeVaxH35.js:2305 894I x:ageGp:fam 73:1:-1 by blue 291:2:-1 at gen994 Univ0 prob=0.320
AgeVaxH35.js:2167 Vax prevented 960 ageGp8 by 291 gen995
AgeVaxH35.js:2167 Vax prevented 960 ageGp8 by 291 gen997
AgeVaxH35.js:2305 895I x:ageGp:fam 651:4:-1 by blue 748:5:-1 at gen998 Univ0 prob=0.477
AgeVaxH35.js:2167 Vax prevented 960 ageGp8 by 291 gen999
AgeVaxH35.js:2305 895I x:ageGp:fam 613:4:-1 by blue 893:6:-1 at gen999 Univ0 prob=0.607
AgeVaxH35.js:2167 Vax prevented 960 ageGp8 by 291 gen1001
AgeVaxH35.js:2305 897I x:ageGp:fam 219:2:-1 by blue 748:5:-1 at gen1005 Univ0 prob=0.477
AgeVaxH35.js:2167 Vax prevented 902 ageGp7 by 492 gen1005
AgeVaxH35.js:2305 898I x:ageGp:fam 833:6:-1 by blue 860:6:-1 at gen1021 Univ0 prob=0.330
AgeVaxH35.js:2305 899I x:ageGp:fam 563:4:-1 by blue 893:6:-1 at gen1025 Univ0 prob=0.287
AgeVaxH35.js:2167 Vax prevented 960 ageGp8 by 893 gen1025
AgeVaxH35.js:2305 900I x:ageGp:fam 115:1:-1 by blue 893:6:-1 at gen1028 Univ0 prob=0.707
AgeVaxH35.js:2305 900I x:ageGp:fam 395:3:-1 by blue 669:4:-1 at gen1028 Univ0 prob=0.198
AgeVaxH35.js:2167 Vax prevented 963 ageGp8 by 814 gen1033
AgeVaxH35.js:2305 902I x:ageGp:fam 485:3:-1 by blue 972:8:-1 at gen1036 Univ0 prob=0.507
AgeVaxH35.js:2305 902I x:ageGp:fam 497:3:-1 by blue 972:8:-1 at gen1036 Univ0 prob=0.692
AgeVaxH35.js:2305 904I x:ageGp:fam 675:4:-1 by blue 291:2:-1 at gen1038 Univ0 prob=0.582
AgeVaxH35.js:2305 905I x:ageGp:fam 4:0:-1 by blue 49:1:-1 at gen1055 Univ0 prob=0.798
AgeVaxH35.js:2167 Vax prevented 960 ageGp8 by 741 gen1055
AgeVaxH35.js:2167 Vax prevented 960 ageGp8 by 741 gen1056
AgeVaxH35.js:2167 Vax prevented 960 ageGp8 by 741 gen1057
AgeVaxH35.js:2167 Vax prevented 960 ageGp8 by 73 gen1064
AgeVaxH35.js:2167 Vax prevented 960 ageGp8 by 73 gen1070
AgeVaxH35.js:2167 Vax prevented 911 ageGp7 by 833 gen1070
AgeVaxH35.js:2305 906I x:ageGp:fam 71:1:-1 by blue 833:6:-1 at gen1076 Univ0 prob=0.049
AgeVaxH35.js:2167 Vax prevented 960 ageGp8 by 73 gen1090
AgeVaxH35.js:2305 907I x:ageGp:fam 181:2:-1 by blue 115:1:-1 at gen1101 Univ0 prob=0.494
AgeVaxH35.js:2305 908I x:ageGp:fam 489:3:-1 by blue 115:1:-1 at gen1118 Univ0 prob=0.477
AgeVaxH35.js:2305 909I x:ageGp:fam 624:4:-1 by blue 71:1:-1 at gen1156 Univ0 prob=0.476
AgeVaxH35.js:2305 910I x:ageGp:fam 764:5:-1 by blue 71:1:-1 at gen1169 Univ0 prob=0.843
AgeVaxH35.js:2305 911I x:ageGp:fam 50:1:-1 by blue 489:3:-1 at gen1209 Univ0 prob=0.939
AgeVaxH35.js:2167 Vax prevented 911 ageGp7 by 764 gen1246
AgeVaxH35.js:2167 Vax prevented 911 ageGp7 by 764 gen1247
AgeVaxH35.js:2167 Vax prevented 911 ageGp7 by 764 gen1248
