Some messages have been moved to the Issues panel.
​ Sat Jan 23 2021 00:20:26 GMT-0800 (Pacific Standard Time)
​ CovidSIMVL Mode1 and Mod2 Hybrid 35d
​ Mode 1 >13 and <36 is 75%
​ Mode 2 >28 is 95%; >13 and <29 is 75%
​ exit covidSim
​ getAsText File {name: "Popn1000.csv", lastModified: 1611021598000, lastModifiedDate: Mon Jan 18 2021 17:59:58 GMT-0800 (Pacific Standard Time), webkitRelativePath: "", size: 23944, …}
​ File {name: "Popn1000.csv", lastModified: 1611021598000, lastModifiedDate: Mon Jan 18 2021 17:59:58 GMT-0800 (Pacific Standard Time), webkitRelativePath: "", size: 23944, …}
​ getAsText File {name: "VL1ageGp2.csv", lastModified: 1611004274000, lastModifiedDate: Mon Jan 18 2021 13:11:14 GMT-0800 (Pacific Standard Time), webkitRelativePath: "", size: 65, …}
​ File {name: "VL1ageGp2.csv", lastModified: 1611004274000, lastModifiedDate: Mon Jan 18 2021 13:11:14 GMT-0800 (Pacific Standard Time), webkitRelativePath: "", size: 65, …}
​ Red Days changed to 9.9
​ New Hazard Radius = 1.3
​ new Mingle Factor = 7.5
​ 1I x:ageGp:fam 541:4:-1 by blue 150:2:-1 at gen34 Univ0 prob=0.461
​ 2I x:ageGp:fam 564:4:-1 by red 150:2:-1 at gen73 Univ0 prob=0.341
​ 3I x:ageGp:fam 617:4:-1 by yellow 541:4:-1 at gen82 Univ0 prob=0.778
​ 4I x:ageGp:fam 901:6:-1 by blue 541:4:-1 at gen110 Univ0 prob=0.257
​ 4I x:ageGp:fam 754:5:-1 by red 150:2:-1 at gen111 Univ0 prob=0.679
​ 6I x:ageGp:fam 481:3:-1 by red 150:2:-1 at gen118 Univ0 prob=0.481
​ 7I x:ageGp:fam 930:7:-1 by red 150:2:-1 at gen123 Univ0 prob=0.579
​ 8I x:ageGp:fam 168:2:-1 by blue 541:4:-1 at gen133 Univ0 prob=0.381
​ 8I x:ageGp:fam 354:2:-1 by blue 541:4:-1 at gen133 Univ0 prob=0.502
​ 10I x:ageGp:fam 293:2:-1 by blue 541:4:-1 at gen136 Univ0 prob=0.128
​ 11I x:ageGp:fam 101:1:-1 by yellow 168:2:-1 at gen138 Univ0 prob=0.208
​ 12I x:ageGp:fam 580:4:-1 by blue 564:4:-1 at gen148 Univ0 prob=0.603
​ 13I x:ageGp:fam 380:3:-1 by red 541:4:-1 at gen161 Univ0 prob=0.254
​ 14I x:ageGp:fam 993:9:-1 by blue 564:4:-1 at gen165 Univ0 prob=0.673
​ 15I x:ageGp:fam 73:1:-1 by blue 564:4:-1 at gen167 Univ0 prob=0.777
​ 16I x:ageGp:fam 854:6:-1 by blue 617:4:-1 at gen172 Univ0 prob=0.017
​ 17I x:ageGp:fam 764:5:-1 by red 541:4:-1 at gen175 Univ0 prob=0.948
​ 18I x:ageGp:fam 600:4:-1 by blue 930:7:-1 at gen182 Univ0 prob=0.638
​ 19I x:ageGp:fam 950:8:-1 by blue 754:5:-1 at gen187 Univ0 prob=0.758
​ 19I x:ageGp:fam 54:1:-1 by blue 901:6:-1 at gen188 Univ0 prob=0.837
​ 19I x:ageGp:fam 836:6:-1 by blue 754:5:-1 at gen188 Univ0 prob=0.081
​ 20I x:ageGp:fam 232:2:-1 by blue 617:4:-1 at gen189 Univ0 prob=0.904
​ 23I x:ageGp:fam 257:2:-1 by blue 930:7:-1 at gen197 Univ0 prob=0.327
​ 23I x:ageGp:fam 882:6:-1 by red 541:4:-1 at gen198 Univ0 prob=0.670
​ 25I x:ageGp:fam 684:4:-1 by blue 481:3:-1 at gen202 Univ0 prob=0.013
​ 26I x:ageGp:fam 508:3:-1 by yellow 882:6:-1 at gen204 Univ0 prob=0.577
​ 26I x:ageGp:fam 172:2:-1 by yellow 882:6:-1 at gen205 Univ0 prob=0.333
​ 28I x:ageGp:fam 735:5:-1 by blue 293:2:-1 at gen208 Univ0 prob=0.593
​ 29I x:ageGp:fam 277:2:-1 by blue 481:3:-1 at gen211 Univ0 prob=0.529
​ 29I x:ageGp:fam 792:5:-1 by red 617:4:-1 at gen211 Univ0 prob=0.221
​ 31I x:ageGp:fam 665:4:-1 by red 617:4:-1 at gen214 Univ0 prob=0.459
​ 32I x:ageGp:fam 507:3:-1 by blue 354:2:-1 at gen223 Univ0 prob=0.801
​ 32I x:ageGp:fam 837:6:-1 by blue 754:5:-1 at gen223 Univ0 prob=0.469
​ 32I x:ageGp:fam 878:6:-1 by blue 293:2:-1 at gen224 Univ0 prob=0.555
​ 34I x:ageGp:fam 365:3:-1 by red 617:4:-1 at gen225 Univ0 prob=0.642
​ 36I x:ageGp:fam 561:4:-1 by red 617:4:-1 at gen230 Univ0 prob=0.507
​ 36I x:ageGp:fam 704:5:-1 by blue 580:4:-1 at gen230 Univ0 prob=0.826
​ 38I x:ageGp:fam 263:2:-1 by yellow 54:1:-1 at gen238 Univ0 prob=0.718
​ 39I x:ageGp:fam 64:1:-1 by blue 380:3:-1 at gen244 Univ0 prob=0.837
​ 39I x:ageGp:fam 364:3:-1 by red 617:4:-1 at gen245 Univ0 prob=0.412
​ 39I x:ageGp:fam 829:6:-1 by green 364:3:-1 at gen245 Univ0 prob=0.325
​ 42I x:ageGp:fam 45:1:-1 by red 541:4:-1 at gen247 Univ0 prob=0.526
​ 42I x:ageGp:fam 84:1:-1 by red 564:4:-1 at gen247 Univ0 prob=0.811
​ 42I x:ageGp:fam 807:5:-1 by blue 854:6:-1 at gen247 Univ0 prob=0.379
​ 45I x:ageGp:fam 341:2:-1 by blue 854:6:-1 at gen250 Univ0 prob=0.832
​ 46I x:ageGp:fam 143:2:-1 by red 541:4:-1 at gen252 Univ0 prob=0.537
​ 46I x:ageGp:fam 823:6:-1 by red 754:5:-1 at gen252 Univ0 prob=0.463
​ 46I x:ageGp:fam 942:7:-1 by red 481:3:-1 at gen253 Univ0 prob=0.653
​ 49I x:ageGp:fam 524:3:-1 by blue 580:4:-1 at gen255 Univ0 prob=0.365
​ 49I x:ageGp:fam 693:5:-1 by blue 764:5:-1 at gen255 Univ0 prob=0.505
​ 49I x:ageGp:fam 185:2:-1 by blue 764:5:-1 at gen256 Univ0 prob=0.474
​ 52I x:ageGp:fam 315:2:-1 by red 168:2:-1 at gen258 Univ0 prob=0.130
​ 52I x:ageGp:fam 230:2:-1 by blue 73:1:-1 at gen259 Univ0 prob=0.464
​ 53I x:ageGp:fam 611:4:-1 by red 617:4:-1 at gen260 Univ0 prob=0.404
​ 55I x:ageGp:fam 659:4:-1 by red 564:4:-1 at gen263 Univ0 prob=0.386
​ 55I x:ageGp:fam 707:5:-1 by red 564:4:-1 at gen263 Univ0 prob=0.734
​ 55I x:ageGp:fam 689:4:-1 by red 754:5:-1 at gen263 Univ0 prob=0.271
​ 58I x:ageGp:fam 247:2:-1 by blue 380:3:-1 at gen265 Univ0 prob=0.212
​ 59I x:ageGp:fam 804:5:-1 by blue 54:1:-1 at gen268 Univ0 prob=0.243
​ 59I x:ageGp:fam 853:6:-1 by red 617:4:-1 at gen268 Univ0 prob=0.232
​ 61I x:ageGp:fam 295:2:-1 by blue 882:6:-1 at gen271 Univ0 prob=0.508
​ 61I x:ageGp:fam 719:5:-1 by blue 993:9:-1 at gen271 Univ0 prob=0.748
​ 63I x:ageGp:fam 231:2:-1 by red 354:2:-1 at gen273 Univ0 prob=0.538
​ 63I x:ageGp:fam 24:0:-1 by blue 684:4:-1 at gen274 Univ0 prob=0.764
​ 65I x:ageGp:fam 437:3:-1 by blue 882:6:-1 at gen276 Univ0 prob=0.083
​ 65I x:ageGp:fam 214:2:-1 by blue 54:1:-1 at gen277 Univ0 prob=0.903
​ 67I x:ageGp:fam 484:3:-1 by red 293:2:-1 at gen279 Univ0 prob=0.361
​ 67I x:ageGp:fam 392:3:-1 by red 993:9:-1 at gen279 Univ0 prob=0.905
​ 67I x:ageGp:fam 921:7:-1 by red 901:6:-1 at gen279 Univ0 prob=0.060
​ 67I x:ageGp:fam 390:3:-1 by blue 257:2:-1 at gen280 Univ0 prob=0.594
​ 67I x:ageGp:fam 321:2:-1 by red 564:4:-1 at gen280 Univ0 prob=0.589
​ 67I x:ageGp:fam 404:3:-1 by red 993:9:-1 at gen280 Univ0 prob=0.872
​ 73I x:ageGp:fam 137:2:-1 by blue 735:5:-1 at gen282 Univ0 prob=0.391
​ 73I x:ageGp:fam 733:5:-1 by red 481:3:-1 at gen282 Univ0 prob=0.891
​ 73I x:ageGp:fam 999:9:-1 by red 754:5:-1 at gen282 Univ0 prob=0.199
​ 73I x:ageGp:fam 897:6:-1 by blue 882:6:-1 at gen282 Univ0 prob=0.827
​ 73I x:ageGp:fam 434:3:-1 by red 380:3:-1 at gen283 Univ0 prob=0.230
​ 73I x:ageGp:fam 778:5:-1 by blue 882:6:-1 at gen283 Univ0 prob=0.651
​ 77I x:ageGp:fam 519:3:-1 by blue 172:2:-1 at gen284 Univ0 prob=0.229
​ 77I x:ageGp:fam 186:2:-1 by red 293:2:-1 at gen284 Univ0 prob=0.149
​ 77I x:ageGp:fam 471:3:-1 by blue 684:4:-1 at gen284 Univ0 prob=0.121
​ 79I x:ageGp:fam 43:1:-1 by red 564:4:-1 at gen285 Univ0 prob=0.878
​ 79I x:ageGp:fam 913:7:-1 by blue 277:2:-1 at gen285 Univ0 prob=0.597
​ 82I x:ageGp:fam 344:2:-1 by blue 172:2:-1 at gen286 Univ0 prob=0.821
​ 82I x:ageGp:fam 278:2:-1 by red 617:4:-1 at gen286 Univ0 prob=0.784
​ 82I x:ageGp:fam 305:2:-1 by blue 882:6:-1 at gen286 Univ0 prob=0.486
​ 84I x:ageGp:fam 340:2:-1 by red 101:1:-1 at gen287 Univ0 prob=0.527
​ 88I x:ageGp:fam 869:6:-1 by red 293:2:-1 at gen290 Univ0 prob=0.453
​ 89I x:ageGp:fam 637:4:-1 by red 73:1:-1 at gen292 Univ0 prob=0.447
​ 89I x:ageGp:fam 870:6:-1 by red 101:1:-1 at gen293 Univ0 prob=0.565
​ 91I x:ageGp:fam 593:4:-1 by blue 54:1:-1 at gen295 Univ0 prob=0.328
​ 91I x:ageGp:fam 621:4:-1 by blue 735:5:-1 at gen295 Univ0 prob=0.553
​ 91I x:ageGp:fam 984:9:-1 by blue 600:4:-1 at gen296 Univ0 prob=0.130
​ 91I x:ageGp:fam 852:6:-1 by blue 950:8:-1 at gen296 Univ0 prob=0.903
​ 93I x:ageGp:fam 531:3:-1 by blue 600:4:-1 at gen297 Univ0 prob=0.707
​ 93I x:ageGp:fam 771:5:-1 by red 993:9:-1 at gen297 Univ0 prob=0.579
​ 93I x:ageGp:fam 980:8:-1 by red 930:7:-1 at gen297 Univ0 prob=0.191
​ 95I x:ageGp:fam 192:2:-1 by red 930:7:-1 at gen298 Univ0 prob=0.032
​ 98I x:ageGp:fam 44:1:-1 by red 168:2:-1 at gen299 Univ0 prob=0.548
​ 99I x:ageGp:fam 602:4:-1 by blue 836:6:-1 at gen300 Univ0 prob=0.579
​ 101I x:ageGp:fam 986:9:-1 by blue 837:6:-1 at gen302 Univ0 prob=0.686
​ 102I x:ageGp:fam 49:1:-1 by blue 277:2:-1 at gen305 Univ0 prob=0.415
​ 102I x:ageGp:fam 407:3:-1 by blue 561:4:-1 at gen305 Univ0 prob=0.605
​ 102I x:ageGp:fam 412:3:-1 by red 600:4:-1 at gen305 Univ0 prob=0.935
​ 102I x:ageGp:fam 800:5:-1 by blue 684:4:-1 at gen305 Univ0 prob=0.833
​ 102I x:ageGp:fam 83:1:-1 by red 600:4:-1 at gen306 Univ0 prob=0.742
​ 102I x:ageGp:fam 587:4:-1 by red 754:5:-1 at gen306 Univ0 prob=0.013
​ 102I x:ageGp:fam 990:9:-1 by red 600:4:-1 at gen306 Univ0 prob=0.681
​ 102I x:ageGp:fam 972:8:-1 by blue 735:5:-1 at gen306 Univ0 prob=0.901
​ 102I x:ageGp:fam 761:5:-1 by red 993:9:-1 at gen306 Univ0 prob=0.536
​ 106I x:ageGp:fam 124:1:-1 by blue 54:1:-1 at gen307 Univ0 prob=0.223
​ 111I x:ageGp:fam 197:2:-1 by red 73:1:-1 at gen308 Univ0 prob=0.899
​ 111I x:ageGp:fam 939:7:-1 by blue 704:5:-1 at gen308 Univ0 prob=0.706
​ 114I x:ageGp:fam 58:1:-1 by blue 263:2:-1 at gen310 Univ0 prob=0.879
​ 114I x:ageGp:fam 679:4:-1 by red 993:9:-1 at gen310 Univ0 prob=0.466
​ 114I x:ageGp:fam 818:5:-1 by blue 837:6:-1 at gen310 Univ0 prob=0.088
​ 114I x:ageGp:fam 218:2:-1 by red 54:1:-1 at gen311 Univ0 prob=0.397
​ 114I x:ageGp:fam 995:9:-1 by red 168:2:-1 at gen311 Univ0 prob=0.413
​ 114I x:ageGp:fam 297:2:-1 by red 600:4:-1 at gen311 Univ0 prob=0.324
​ 117I x:ageGp:fam 452:3:-1 by red 901:6:-1 at gen312 Univ0 prob=0.537
​ 120I x:ageGp:fam 708:5:-1 by blue 84:1:-1 at gen313 Univ0 prob=0.654
​ 120I x:ageGp:fam 294:2:-1 by yellow 689:4:-1 at gen313 Univ0 prob=0.180
​ 123I x:ageGp:fam 632:4:-1 by blue 247:2:-1 at gen315 Univ0 prob=0.576
​ 123I x:ageGp:fam 213:2:-1 by red 354:2:-1 at gen316 Univ0 prob=0.371
​ 124I x:ageGp:fam 82:1:-1 by blue 143:2:-1 at gen317 Univ0 prob=0.532
​ 124I x:ageGp:fam 87:1:-1 by red 993:9:-1 at gen317 Univ0 prob=0.905
​ 124I x:ageGp:fam 655:4:-1 by blue 277:2:-1 at gen317 Univ0 prob=0.364
​ 125I x:ageGp:fam 88:1:-1 by blue 172:2:-1 at gen318 Univ0 prob=0.935
​ 125I x:ageGp:fam 962:8:-1 by blue 364:3:-1 at gen318 Univ0 prob=0.768
​ 130I x:ageGp:fam 144:2:-1 by blue 45:1:-1 at gen320 Univ0 prob=0.645
​ 130I x:ageGp:fam 316:2:-1 by red 930:7:-1 at gen321 Univ0 prob=0.881
​ 130I x:ageGp:fam 946:7:-1 by red 854:6:-1 at gen321 Univ0 prob=0.849
​ 131I x:ageGp:fam 781:5:-1 by yellow 231:2:-1 at gen322 Univ0 prob=0.206
​ 131I x:ageGp:fam 261:2:-1 by red 901:6:-1 at gen322 Univ0 prob=0.466
​ 131I x:ageGp:fam 996:9:-1 by blue 365:3:-1 at gen322 Univ0 prob=0.949
​ 133I x:ageGp:fam 790:5:-1 by blue 341:2:-1 at gen323 Univ0 prob=0.289
​ 133I x:ageGp:fam 413:3:-1 by blue 829:6:-1 at gen323 Univ0 prob=0.628
​ 133I x:ageGp:fam 563:4:-1 by red 901:6:-1 at gen323 Univ0 prob=0.191
​ 136I x:ageGp:fam 898:6:-1 by red 54:1:-1 at gen324 Univ0 prob=0.179
​ 136I x:ageGp:fam 138:2:-1 by red 232:2:-1 at gen324 Univ0 prob=0.289
​ 139I x:ageGp:fam 139:2:-1 by red 168:2:-1 at gen325 Univ0 prob=0.087
​ 139I x:ageGp:fam 274:2:-1 by yellow 214:2:-1 at gen325 Univ0 prob=0.124
​ 141I x:ageGp:fam 725:5:-1 by red 600:4:-1 at gen326 Univ0 prob=0.023
​ 143I x:ageGp:fam 291:2:-1 by red 901:6:-1 at gen327 Univ0 prob=0.079
​ 143I x:ageGp:fam 987:9:-1 by blue 823:6:-1 at gen327 Univ0 prob=0.254
​ 144I x:ageGp:fam 649:4:-1 by blue 64:1:-1 at gen328 Univ0 prob=0.295
​ 146I x:ageGp:fam 588:4:-1 by red 101:1:-1 at gen329 Univ0 prob=0.863
​ 146I x:ageGp:fam 270:2:-1 by blue 315:2:-1 at gen329 Univ0 prob=0.387
​ 146I x:ageGp:fam 549:4:-1 by red 600:4:-1 at gen329 Univ0 prob=0.877
​ 147I x:ageGp:fam 358:2:-1 by blue 214:2:-1 at gen330 Univ0 prob=0.955
​ 147I x:ageGp:fam 430:3:-1 by blue 277:2:-1 at gen330 Univ0 prob=0.292
​ 147I x:ageGp:fam 535:3:-1 by red 293:2:-1 at gen330 Univ0 prob=0.150
​ 147I x:ageGp:fam 590:4:-1 by red 950:8:-1 at gen330 Univ0 prob=0.692
​ 147I x:ageGp:fam 961:8:-1 by yellow 921:7:-1 at gen330 Univ0 prob=0.128
​ 150I x:ageGp:fam 41:1:-1 by blue 45:1:-1 at gen331 Univ0 prob=0.272
​ 155I x:ageGp:fam 934:7:-1 by red 54:1:-1 at gen332 Univ0 prob=0.749
​ 155I x:ageGp:fam 63:1:-1 by red 73:1:-1 at gen332 Univ0 prob=0.610
​ 155I x:ageGp:fam 547:4:-1 by red 354:2:-1 at gen332 Univ0 prob=0.919
​ 155I x:ageGp:fam 562:4:-1 by blue 611:4:-1 at gen332 Univ0 prob=0.269
​ 155I x:ageGp:fam 669:4:-1 by red 993:9:-1 at gen332 Univ0 prob=0.824
​ 156I x:ageGp:fam 449:3:-1 by red 600:4:-1 at gen333 Univ0 prob=0.962
​ 161I x:ageGp:fam 785:5:-1 by blue 45:1:-1 at gen334 Univ0 prob=0.819
​ 161I x:ageGp:fam 495:3:-1 by red 168:2:-1 at gen334 Univ0 prob=0.469
​ 161I x:ageGp:fam 557:4:-1 by red 168:2:-1 at gen334 Univ0 prob=0.455
​ 161I x:ageGp:fam 335:2:-1 by blue 214:2:-1 at gen334 Univ0 prob=0.580
​ 161I x:ageGp:fam 501:3:-1 by red 950:8:-1 at gen334 Univ0 prob=0.560
​ 161I x:ageGp:fam 666:4:-1 by red 950:8:-1 at gen334 Univ0 prob=0.386
​ 168I x:ageGp:fam 874:6:-1 by blue 807:5:-1 at gen337 Univ0 prob=0.808
​ 168I x:ageGp:fam 114:1:-1 by red 854:6:-1 at gen338 Univ0 prob=0.159
​ 168I x:ageGp:fam 325:2:-1 by red 168:2:-1 at gen338 Univ0 prob=0.916
​ 168I x:ageGp:fam 940:7:-1 by blue 341:2:-1 at gen338 Univ0 prob=0.126
​ 168I x:ageGp:fam 399:3:-1 by red 882:6:-1 at gen338 Univ0 prob=0.239
​ 168I x:ageGp:fam 700:5:-1 by blue 829:6:-1 at gen338 Univ0 prob=0.816
​ 168I x:ageGp:fam 904:7:-1 by blue 829:6:-1 at gen338 Univ0 prob=0.411
​ 169I x:ageGp:fam 883:6:-1 by blue 185:2:-1 at gen339 Univ0 prob=0.932
​ 169I x:ageGp:fam 567:4:-1 by blue 561:4:-1 at gen339 Univ0 prob=0.493
​ 175I x:ageGp:fam 162:2:-1 by blue 230:2:-1 at gen340 Univ0 prob=0.846
​ 175I x:ageGp:fam 389:3:-1 by blue 295:2:-1 at gen340 Univ0 prob=0.302
​ 175I x:ageGp:fam 728:5:-1 by red 993:9:-1 at gen340 Univ0 prob=0.400
​ 177I x:ageGp:fam 890:6:-1 by red 168:2:-1 at gen341 Univ0 prob=0.379
​ 177I x:ageGp:fam 251:2:-1 by red 354:2:-1 at gen341 Univ0 prob=0.066
​ 180I x:ageGp:fam 225:2:-1 by red 73:1:-1 at gen342 Univ0 prob=0.332
​ 180I x:ageGp:fam 425:3:-1 by red 277:2:-1 at gen342 Univ0 prob=0.271
​ 180I x:ageGp:fam 545:4:-1 by blue 295:2:-1 at gen342 Univ0 prob=0.529
​ 180I x:ageGp:fam 545:4:-1 by blue 611:4:-1 at gen342 Univ0 prob=0.835
​ 180I x:ageGp:fam 905:7:-1 by blue 704:5:-1 at gen342 Univ0 prob=0.761
​ 186I x:ageGp:fam 215:2:-1 by blue 230:2:-1 at gen344 Univ0 prob=0.408
​ 186I x:ageGp:fam 210:2:-1 by red 380:3:-1 at gen345 Univ0 prob=0.953
​ 186I x:ageGp:fam 686:4:-1 by red 882:6:-1 at gen345 Univ0 prob=0.659
​ 186I x:ageGp:fam 849:6:-1 by red 930:7:-1 at gen345 Univ0 prob=0.573
​ 187I x:ageGp:fam 415:3:-1 by blue 143:2:-1 at gen346 Univ0 prob=0.659
​ 187I x:ageGp:fam 828:6:-1 by red 257:2:-1 at gen346 Univ0 prob=0.344
​ 187I x:ageGp:fam 306:2:-1 by blue 829:6:-1 at gen346 Univ0 prob=0.139
​ 190I x:ageGp:fam 838:6:-1 by blue 230:2:-1 at gen347 Univ0 prob=0.555
​ 190I x:ageGp:fam 556:4:-1 by blue 247:2:-1 at gen347 Univ0 prob=0.303
​ 190I x:ageGp:fam 367:3:-1 by red 600:4:-1 at gen347 Univ0 prob=0.664
​ 193I x:ageGp:fam 598:4:-1 by red 73:1:-1 at gen348 Univ0 prob=0.669
​ 193I x:ageGp:fam 523:3:-1 by blue 84:1:-1 at gen348 Univ0 prob=0.019
​ 193I x:ageGp:fam 730:5:-1 by blue 231:2:-1 at gen348 Univ0 prob=0.932
​ 193I x:ageGp:fam 956:8:-1 by blue 434:3:-1 at gen348 Univ0 prob=0.298
​ 193I x:ageGp:fam 809:5:-1 by red 684:4:-1 at gen348 Univ0 prob=0.113
​ 196I x:ageGp:fam 450:3:-1 by red 507:3:-1 at gen349 Univ0 prob=0.975
​ 201I x:ageGp:fam 93:1:-1 by red 993:9:-1 at gen350 Univ0 prob=0.585
​ 201I x:ageGp:fam 490:3:-1 by red 101:1:-1 at gen350 Univ0 prob=0.384
​ 201I x:ageGp:fam 671:4:-1 by red 354:2:-1 at gen350 Univ0 prob=0.943
​ 201I x:ageGp:fam 582:4:-1 by red 380:3:-1 at gen350 Univ0 prob=0.227
​ 202I x:ageGp:fam 27:0:-1 by blue 913:7:-1 at gen351 Univ0 prob=0.767
​ 202I x:ageGp:fam 909:7:-1 by blue 693:5:-1 at gen351 Univ0 prob=0.246
​ 206I x:ageGp:fam 603:4:-1 by red 257:2:-1 at gen352 Univ0 prob=0.734
​ 206I x:ageGp:fam 474:3:-1 by red 580:4:-1 at gen352 Univ0 prob=0.571
​ 206I x:ageGp:fam 751:5:-1 by blue 689:4:-1 at gen352 Univ0 prob=0.677
​ 208I x:ageGp:fam 373:3:-1 by blue 231:2:-1 at gen353 Univ0 prob=0.183
​ 208I x:ageGp:fam 773:5:-1 by blue 392:3:-1 at gen353 Univ0 prob=0.687
​ 211I x:ageGp:fam 405:3:-1 by blue 531:3:-1 at gen354 Univ0 prob=0.539
​ 213I x:ageGp:fam 640:4:-1 by red 168:2:-1 at gen355 Univ0 prob=0.332
​ 213I x:ageGp:fam 248:2:-1 by blue 404:3:-1 at gen355 Univ0 prob=0.607
​ 213I x:ageGp:fam 572:4:-1 by red 380:3:-1 at gen355 Univ0 prob=0.738
​ 214I x:ageGp:fam 160:2:-1 by red 764:5:-1 at gen356 Univ0 prob=0.642
​ 214I x:ageGp:fam 260:2:-1 by red 232:2:-1 at gen356 Univ0 prob=0.145
​ 214I x:ageGp:fam 462:3:-1 by blue 921:7:-1 at gen356 Univ0 prob=0.885
​ 214I x:ageGp:fam 793:5:-1 by blue 471:3:-1 at gen356 Univ0 prob=0.970
​ 217I x:ageGp:fam 963:8:-1 by blue 230:2:-1 at gen357 Univ0 prob=0.269
​ 217I x:ageGp:fam 436:3:-1 by blue 829:6:-1 at gen357 Univ0 prob=0.137
​ 217I x:ageGp:fam 780:5:-1 by blue 659:4:-1 at gen357 Univ0 prob=0.702
​ 217I x:ageGp:fam 843:6:-1 by blue 999:9:-1 at gen357 Univ0 prob=0.595
​ 221I x:ageGp:fam 164:2:-1 by blue 43:1:-1 at gen358 Univ0 prob=0.320
​ 221I x:ageGp:fam 60:1:-1 by blue 689:4:-1 at gen358 Univ0 prob=0.681
​ 221I x:ageGp:fam 857:6:-1 by blue 637:4:-1 at gen358 Univ0 prob=0.244
​ 225I x:ageGp:fam 220:2:-1 by blue 137:2:-1 at gen359 Univ0 prob=0.744
​ 228I x:ageGp:fam 189:2:-1 by blue 278:2:-1 at gen360 Univ0 prob=0.714
​ 229I x:ageGp:fam 903:7:-1 by blue 519:3:-1 at gen361 Univ0 prob=0.302
​ 230I x:ageGp:fam 701:5:-1 by red 365:3:-1 at gen362 Univ0 prob=0.378
​ 230I x:ageGp:fam 673:4:-1 by blue 637:4:-1 at gen362 Univ0 prob=0.776
​ 231I x:ageGp:fam 159:2:-1 by blue 58:1:-1 at gen363 Univ0 prob=0.372
​ 231I x:ageGp:fam 67:1:-1 by blue 519:3:-1 at gen363 Univ0 prob=0.522
​ 231I x:ageGp:fam 426:3:-1 by blue 870:6:-1 at gen363 Univ0 prob=0.316
​ 231I x:ageGp:fam 864:6:-1 by red 508:3:-1 at gen363 Univ0 prob=0.132
​ 231I x:ageGp:fam 928:7:-1 by blue 693:5:-1 at gen363 Univ0 prob=0.480
​ 231I x:ageGp:fam 891:6:-1 by red 854:6:-1 at gen363 Univ0 prob=0.364
​ 233I x:ageGp:fam 779:5:-1 by blue 297:2:-1 at gen364 Univ0 prob=0.016
​ 233I x:ageGp:fam 954:8:-1 by blue 315:2:-1 at gen364 Univ0 prob=0.057
​ 239I x:ageGp:fam 4:0:-1 by blue 602:4:-1 at gen365 Univ0 prob=0.404
​ 239I x:ageGp:fam 795:5:-1 by yellow 87:1:-1 at gen365 Univ0 prob=0.968
​ 239I x:ageGp:fam 191:2:-1 by red 380:3:-1 at gen365 Univ0 prob=0.185
​ 239I x:ageGp:fam 865:6:-1 by blue 434:3:-1 at gen365 Univ0 prob=0.555
​ 239I x:ageGp:fam 924:7:-1 by blue 771:5:-1 at gen365 Univ0 prob=0.658
​ 241I x:ageGp:fam 207:2:-1 by blue 143:2:-1 at gen366 Univ0 prob=0.813
​ 241I x:ageGp:fam 416:3:-1 by blue 341:2:-1 at gen366 Univ0 prob=0.699
​ 241I x:ageGp:fam 831:6:-1 by blue 341:2:-1 at gen366 Univ0 prob=0.991
​ 246I x:ageGp:fam 61:1:-1 by red 365:3:-1 at gen367 Univ0 prob=0.128
​ 246I x:ageGp:fam 395:3:-1 by red 380:3:-1 at gen367 Univ0 prob=0.605
​ 246I x:ageGp:fam 955:8:-1 by red 854:6:-1 at gen367 Univ0 prob=0.132
​ 249I x:ageGp:fam 108:1:-1 by blue 659:4:-1 at gen368 Univ0 prob=0.816
​ 249I x:ageGp:fam 328:2:-1 by blue 939:7:-1 at gen368 Univ0 prob=0.300
​ 252I x:ageGp:fam 607:4:-1 by red 54:1:-1 at gen369 Univ0 prob=0.411
​ 252I x:ageGp:fam 281:2:-1 by blue 984:9:-1 at gen369 Univ0 prob=0.039
​ 254I x:ageGp:fam 18:0:-1 by red 829:6:-1 at gen370 Univ0 prob=0.717
​ 254I x:ageGp:fam 75:1:-1 by red 950:8:-1 at gen370 Univ0 prob=0.916
​ 254I x:ageGp:fam 978:8:-1 by red 172:2:-1 at gen370 Univ0 prob=0.618
​ 256I x:ageGp:fam 32:0:-1 by blue 185:2:-1 at gen371 Univ0 prob=0.310
​ 256I x:ageGp:fam 461:3:-1 by blue 294:2:-1 at gen371 Univ0 prob=0.180
​ 256I x:ageGp:fam 979:8:-1 by blue 344:2:-1 at gen371 Univ0 prob=0.197
​ 256I x:ageGp:fam 862:6:-1 by blue 434:3:-1 at gen371 Univ0 prob=0.973
​ 256I x:ageGp:fam 438:3:-1 by blue 679:4:-1 at gen371 Univ0 prob=0.420
​ 256I x:ageGp:fam 937:7:-1 by blue 733:5:-1 at gen371 Univ0 prob=0.818
​ 259I x:ageGp:fam 167:2:-1 by blue 278:2:-1 at gen372 Univ0 prob=0.173
​ 259I x:ageGp:fam 275:2:-1 by blue 484:3:-1 at gen372 Univ0 prob=0.454
​ 259I x:ageGp:fam 822:6:-1 by blue 390:3:-1 at gen372 Univ0 prob=0.003
​ 259I x:ageGp:fam 546:4:-1 by red 508:3:-1 at gen372 Univ0 prob=0.115
​ 259I x:ageGp:fam 931:7:-1 by blue 897:6:-1 at gen372 Univ0 prob=0.386
​ 265I x:ageGp:fam 494:3:-1 by blue 137:2:-1 at gen373 Univ0 prob=0.317
​ 265I x:ageGp:fam 165:2:-1 by blue 659:4:-1 at gen373 Univ0 prob=0.856
​ 265I x:ageGp:fam 337:2:-1 by blue 278:2:-1 at gen373 Univ0 prob=0.648
​ 265I x:ageGp:fam 606:4:-1 by red 684:4:-1 at gen373 Univ0 prob=0.079
​ 265I x:ageGp:fam 715:5:-1 by blue 621:4:-1 at gen373 Univ0 prob=0.196
​ 270I x:ageGp:fam 57:1:-1 by red 561:4:-1 at gen374 Univ0 prob=0.590
​ 270I x:ageGp:fam 916:7:-1 by blue 305:2:-1 at gen374 Univ0 prob=0.743
​ 275I x:ageGp:fam 53:1:-1 by yellow 987:9:-1 at gen375 Univ0 prob=0.982
​ 275I x:ageGp:fam 66:1:-1 by blue 632:4:-1 at gen375 Univ0 prob=0.254
​ 275I x:ageGp:fam 477:3:-1 by blue 278:2:-1 at gen375 Univ0 prob=0.251
​ 275I x:ageGp:fam 677:4:-1 by red 764:5:-1 at gen375 Univ0 prob=0.538
​ 277I x:ageGp:fam 815:5:-1 by blue 24:0:-1 at gen376 Univ0 prob=0.645
​ 277I x:ageGp:fam 810:5:-1 by red 257:2:-1 at gen376 Univ0 prob=0.524
​ 277I x:ageGp:fam 877:6:-1 by red 341:2:-1 at gen376 Univ0 prob=0.092
​ 281I x:ageGp:fam 28:0:-1 by red 882:6:-1 at gen377 Univ0 prob=0.633
​ 281I x:ageGp:fam 97:1:-1 by blue 404:3:-1 at gen377 Univ0 prob=0.818
​ 281I x:ageGp:fam 209:2:-1 by blue 869:6:-1 at gen377 Univ0 prob=0.568
​ 281I x:ageGp:fam 331:2:-1 by blue 587:4:-1 at gen377 Univ0 prob=0.664
​ 284I x:ageGp:fam 25:0:-1 by blue 49:1:-1 at gen378 Univ0 prob=0.522
​ 284I x:ageGp:fam 163:2:-1 by red 54:1:-1 at gen378 Univ0 prob=0.537
​ 284I x:ageGp:fam 70:1:-1 by blue 761:5:-1 at gen378 Univ0 prob=0.230
​ 288I x:ageGp:fam 153:2:-1 by red 836:6:-1 at gen379 Univ0 prob=0.103
​ 288I x:ageGp:fam 299:2:-1 by blue 471:3:-1 at gen379 Univ0 prob=0.788
​ 288I x:ageGp:fam 362:3:-1 by blue 632:4:-1 at gen379 Univ0 prob=0.618
​ 288I x:ageGp:fam 625:4:-1 by blue 990:9:-1 at gen379 Univ0 prob=0.515
​ 291I x:ageGp:fam 886:6:-1 by blue 44:1:-1 at gen380 Univ0 prob=0.276
​ 291I x:ageGp:fam 130:1:-1 by red 693:5:-1 at gen380 Univ0 prob=0.076
​ 291I x:ageGp:fam 692:5:-1 by blue 972:8:-1 at gen380 Univ0 prob=0.615
​ 295I x:ageGp:fam 309:2:-1 by red 792:5:-1 at gen381 Univ0 prob=0.822
​ 295I x:ageGp:fam 551:4:-1 by blue 413:3:-1 at gen381 Univ0 prob=0.379
​ 295I x:ageGp:fam 512:3:-1 by red 823:6:-1 at gen381 Univ0 prob=0.282
​ 298I x:ageGp:fam 798:5:-1 by blue 197:2:-1 at gen382 Univ0 prob=0.424
​ 298I x:ageGp:fam 482:3:-1 by blue 295:2:-1 at gen382 Univ0 prob=0.407
​ 298I x:ageGp:fam 656:4:-1 by red 693:5:-1 at gen382 Univ0 prob=0.720
​ 301I x:ageGp:fam 466:3:-1 by blue 87:1:-1 at gen383 Univ0 prob=0.261
​ 301I x:ageGp:fam 174:2:-1 by blue 852:6:-1 at gen383 Univ0 prob=0.214
​ 301I x:ageGp:fam 502:3:-1 by blue 192:2:-1 at gen383 Univ0 prob=0.745
​ 301I x:ageGp:fam 756:5:-1 by blue 297:2:-1 at gen383 Univ0 prob=0.199
​ 301I x:ageGp:fam 908:7:-1 by blue 297:2:-1 at gen383 Univ0 prob=0.912
​ 301I x:ageGp:fam 314:2:-1 by red 693:5:-1 at gen383 Univ0 prob=0.264
​ 301I x:ageGp:fam 703:5:-1 by red 561:4:-1 at gen383 Univ0 prob=0.298
​ 304I x:ageGp:fam 239:2:-1 by red 73:1:-1 at gen384 Univ0 prob=0.694
​ 311I x:ageGp:fam 33:0:-1 by blue 778:5:-1 at gen385 Univ0 prob=0.374
​ 311I x:ageGp:fam 228:2:-1 by blue 139:2:-1 at gen385 Univ0 prob=0.639
​ 311I x:ageGp:fam 579:4:-1 by blue 297:2:-1 at gen385 Univ0 prob=0.460
​ 311I x:ageGp:fam 661:4:-1 by blue 297:2:-1 at gen385 Univ0 prob=0.275
​ 312I x:ageGp:fam 131:2:-1 by blue 602:4:-1 at gen386 Univ0 prob=0.281
​ 312I x:ageGp:fam 973:8:-1 by blue 452:3:-1 at gen386 Univ0 prob=0.482
​ 312I x:ageGp:fam 479:3:-1 by blue 990:9:-1 at gen386 Univ0 prob=0.129
​ 312I x:ageGp:fam 759:5:-1 by blue 602:4:-1 at gen386 Univ0 prob=0.665
​ 316I x:ageGp:fam 741:5:-1 by blue 44:1:-1 at gen387 Univ0 prob=0.001
​ 316I x:ageGp:fam 676:4:-1 by blue 519:3:-1 at gen387 Univ0 prob=0.344
​ 316I x:ageGp:fam 642:4:-1 by blue 870:6:-1 at gen387 Univ0 prob=0.641
​ 316I x:ageGp:fam 855:6:-1 by blue 897:6:-1 at gen387 Univ0 prob=0.202
​ 320I x:ageGp:fam 36:0:-1 by blue 197:2:-1 at gen388 Univ0 prob=0.065
​ 320I x:ageGp:fam 206:2:-1 by blue 404:3:-1 at gen388 Univ0 prob=0.948
​ 320I x:ageGp:fam 834:6:-1 by red 950:8:-1 at gen388 Univ0 prob=0.092
​ 324I x:ageGp:fam 9:0:-1 by blue 602:4:-1 at gen389 Univ0 prob=0.168
​ 324I x:ageGp:fam 216:2:-1 by blue 63:1:-1 at gen389 Univ0 prob=0.860
​ 324I x:ageGp:fam 534:3:-1 by blue 63:1:-1 at gen389 Univ0 prob=0.909
​ 324I x:ageGp:fam 514:3:-1 by blue 214:2:-1 at gen389 Univ0 prob=0.600
​ 324I x:ageGp:fam 947:7:-1 by red 277:2:-1 at gen389 Univ0 prob=0.956
​ 327I x:ageGp:fam 50:1:-1 by blue 986:9:-1 at gen390 Univ0 prob=0.359
​ 327I x:ageGp:fam 998:9:-1 by red 854:6:-1 at gen390 Univ0 prob=0.036
​ 332I x:ageGp:fam 149:2:-1 by red 341:2:-1 at gen391 Univ0 prob=0.265
​ 332I x:ageGp:fam 841:6:-1 by blue 231:2:-1 at gen391 Univ0 prob=0.694
​ 334I x:ageGp:fam 264:2:-1 by blue 214:2:-1 at gen392 Univ0 prob=0.313
​ 334I x:ageGp:fam 255:2:-1 by blue 669:4:-1 at gen392 Univ0 prob=0.305
​ 334I x:ageGp:fam 419:3:-1 by blue 321:2:-1 at gen392 Univ0 prob=0.790
​ 334I x:ageGp:fam 724:5:-1 by red 665:4:-1 at gen392 Univ0 prob=0.398
​ 336I x:ageGp:fam 634:4:-1 by red 172:2:-1 at gen393 Univ0 prob=0.378
​ 336I x:ageGp:fam 470:3:-1 by red 277:2:-1 at gen393 Univ0 prob=0.899
​ 336I x:ageGp:fam 783:5:-1 by blue 278:2:-1 at gen393 Univ0 prob=0.620
​ 336I x:ageGp:fam 868:6:-1 by blue 999:9:-1 at gen393 Univ0 prob=0.452
​ 340I x:ageGp:fam 571:4:-1 by blue 82:1:-1 at gen394 Univ0 prob=0.603
​ 344I x:ageGp:fam 217:2:-1 by blue 781:5:-1 at gen395 Univ0 prob=0.668
​ 344I x:ageGp:fam 290:2:-1 by blue 251:2:-1 at gen395 Univ0 prob=0.724
​ 344I x:ageGp:fam 824:6:-1 by red 295:2:-1 at gen395 Univ0 prob=0.409
​ 344I x:ageGp:fam 555:4:-1 by red 561:4:-1 at gen395 Univ0 prob=0.011
​ 344I x:ageGp:fam 645:4:-1 by blue 987:9:-1 at gen395 Univ0 prob=0.537
​ 345I x:ageGp:fam 736:5:-1 by red 837:6:-1 at gen396 Univ0 prob=0.134
​ 350I x:ageGp:fam 115:1:-1 by blue 192:2:-1 at gen397 Univ0 prob=0.768
​ 350I x:ageGp:fam 286:2:-1 by blue 425:3:-1 at gen397 Univ0 prob=0.375
​ 350I x:ageGp:fam 503:3:-1 by blue 632:4:-1 at gen397 Univ0 prob=0.007
​ 350I x:ageGp:fam 575:4:-1 by blue 637:4:-1 at gen397 Univ0 prob=0.783
​ 351I x:ageGp:fam 981:8:-1 by blue 41:1:-1 at gen398 Univ0 prob=0.933
​ 351I x:ageGp:fam 428:3:-1 by blue 412:3:-1 at gen398 Univ0 prob=0.080
​ 351I x:ageGp:fam 720:5:-1 by red 508:3:-1 at gen398 Univ0 prob=0.114
​ 351I x:ageGp:fam 716:5:-1 by blue 781:5:-1 at gen398 Univ0 prob=0.025
​ 351I x:ageGp:fam 925:7:-1 by blue 921:7:-1 at gen398 Univ0 prob=0.676
​ 355I x:ageGp:fam 605:4:-1 by red 84:1:-1 at gen399 Univ0 prob=0.807
​ 355I x:ageGp:fam 219:2:-1 by red 484:3:-1 at gen399 Univ0 prob=0.437
​ 355I x:ageGp:fam 811:5:-1 by blue 294:2:-1 at gen399 Univ0 prob=0.449
​ 355I x:ageGp:fam 840:6:-1 by red 390:3:-1 at gen399 Univ0 prob=0.498
​ 360I x:ageGp:fam 47:1:-1 by red 45:1:-1 at gen400 Univ0 prob=0.673
​ 360I x:ageGp:fam 797:5:-1 by blue 939:7:-1 at gen400 Univ0 prob=0.277
​ 364I x:ageGp:fam 433:3:-1 by blue 412:3:-1 at gen401 Univ0 prob=0.051
​ 364I x:ageGp:fam 473:3:-1 by red 719:5:-1 at gen401 Univ0 prob=0.296
​ 366I x:ageGp:fam 16:0:-1 by blue 392:3:-1 at gen402 Univ0 prob=0.246
​ 366I x:ageGp:fam 102:1:-1 by blue 413:3:-1 at gen402 Univ0 prob=0.626
​ 366I x:ageGp:fam 989:9:-1 by red 214:2:-1 at gen402 Univ0 prob=0.516
​ 366I x:ageGp:fam 846:6:-1 by red 257:2:-1 at gen402 Univ0 prob=0.308
​ 366I x:ageGp:fam 589:4:-1 by red 807:5:-1 at gen402 Univ0 prob=0.489
​ 366I x:ageGp:fam 729:5:-1 by blue 986:9:-1 at gen402 Univ0 prob=0.887
​ 368I x:ageGp:fam 182:2:-1 by red 315:2:-1 at gen403 Univ0 prob=0.691
​ 368I x:ageGp:fam 393:3:-1 by blue 213:2:-1 at gen403 Univ0 prob=0.535
​ 368I x:ageGp:fam 224:2:-1 by blue 567:4:-1 at gen403 Univ0 prob=0.063
​ 368I x:ageGp:fam 393:3:-1 by red 263:2:-1 at gen403 Univ0 prob=0.436
​ 368I x:ageGp:fam 304:2:-1 by blue 588:4:-1 at gen403 Univ0 prob=0.107
​ 368I x:ageGp:fam 977:8:-1 by blue 852:6:-1 at gen403 Univ0 prob=0.365
​ 374I x:ageGp:fam 118:1:-1 by yellow 773:5:-1 at gen404 Univ0 prob=0.117
​ 374I x:ageGp:fam 323:2:-1 by blue 939:7:-1 at gen404 Univ0 prob=0.750
​ 374I x:ageGp:fam 475:3:-1 by red 365:3:-1 at gen404 Univ0 prob=0.598
​ 379I x:ageGp:fam 253:2:-1 by red 437:3:-1 at gen405 Univ0 prob=0.321
​ 379I x:ageGp:fam 378:3:-1 by red 684:4:-1 at gen405 Univ0 prob=0.038
​ 379I x:ageGp:fam 631:4:-1 by blue 556:4:-1 at gen405 Univ0 prob=0.593
​ 379I x:ageGp:fam 740:5:-1 by blue 995:9:-1 at gen405 Univ0 prob=0.347
​ 382I x:ageGp:fam 276:2:-1 by red 704:5:-1 at gen406 Univ0 prob=0.915
​ 386I x:ageGp:fam 122:1:-1 by red 693:5:-1 at gen407 Univ0 prob=0.386
​ 386I x:ageGp:fam 581:4:-1 by blue 248:2:-1 at gen407 Univ0 prob=0.132
​ 387I x:ageGp:fam 173:2:-1 by blue 666:4:-1 at gen408 Univ0 prob=0.108
​ 387I x:ageGp:fam 199:2:-1 by blue 270:2:-1 at gen408 Univ0 prob=0.446
​ 387I x:ageGp:fam 241:2:-1 by blue 412:3:-1 at gen408 Univ0 prob=0.599
​ 387I x:ageGp:fam 333:2:-1 by blue 598:4:-1 at gen408 Univ0 prob=0.594
​ 387I x:ageGp:fam 594:4:-1 by blue 761:5:-1 at gen408 Univ0 prob=0.512
​ 389I x:ageGp:fam 11:0:-1 by blue 730:5:-1 at gen409 Univ0 prob=0.548
​ 389I x:ageGp:fam 835:6:-1 by blue 297:2:-1 at gen409 Univ0 prob=0.377
​ 389I x:ageGp:fam 385:3:-1 by blue 462:3:-1 at gen409 Univ0 prob=0.431
​ 389I x:ageGp:fam 658:4:-1 by blue 730:5:-1 at gen409 Univ0 prob=0.463
​ 394I x:ageGp:fam 86:1:-1 by blue 857:6:-1 at gen410 Univ0 prob=0.845
​ 394I x:ageGp:fam 181:2:-1 by blue 412:3:-1 at gen410 Univ0 prob=0.821
​ 394I x:ageGp:fam 929:7:-1 by blue 771:5:-1 at gen410 Univ0 prob=0.526
​ 398I x:ageGp:fam 592:4:-1 by blue 60:1:-1 at gen411 Univ0 prob=0.816
​ 398I x:ageGp:fam 453:3:-1 by blue 679:4:-1 at gen411 Univ0 prob=0.413
​ 398I x:ageGp:fam 827:6:-1 by red 507:3:-1 at gen411 Univ0 prob=0.478
​ 401I x:ageGp:fam 268:2:-1 by blue 940:7:-1 at gen412 Univ0 prob=0.475
​ 404I x:ageGp:fam 34:0:-1 by blue 335:2:-1 at gen413 Univ0 prob=0.200
​ 404I x:ageGp:fam 78:1:-1 by blue 335:2:-1 at gen413 Univ0 prob=0.800
​ 404I x:ageGp:fam 982:9:-1 by blue 197:2:-1 at gen413 Univ0 prob=0.170
​ 404I x:ageGp:fam 763:5:-1 by red 231:2:-1 at gen413 Univ0 prob=0.184
​ 404I x:ageGp:fam 851:6:-1 by red 232:2:-1 at gen413 Univ0 prob=0.930
​ 404I x:ageGp:fam 500:3:-1 by red 257:2:-1 at gen413 Univ0 prob=0.363
​ 404I x:ageGp:fam 319:2:-1 by red 519:3:-1 at gen413 Univ0 prob=0.138
​ 404I x:ageGp:fam 334:2:-1 by blue 934:7:-1 at gen413 Univ0 prob=0.343
​ 404I x:ageGp:fam 510:3:-1 by blue 890:6:-1 at gen413 Univ0 prob=0.489
​ 404I x:ageGp:fam 542:4:-1 by blue 669:4:-1 at gen413 Univ0 prob=0.012
​ 405I x:ageGp:fam 839:6:-1 by blue 144:2:-1 at gen414 Univ0 prob=0.326
​ 405I x:ageGp:fam 396:3:-1 by blue 898:6:-1 at gen414 Univ0 prob=0.980
​ 405I x:ageGp:fam 899:6:-1 by red 434:3:-1 at gen414 Univ0 prob=0.485
​ 405I x:ageGp:fam 525:3:-1 by blue 549:4:-1 at gen414 Univ0 prob=0.781
​ 415I x:ageGp:fam 387:3:-1 by blue 124:1:-1 at gen415 Univ0 prob=0.951
​ 415I x:ageGp:fam 237:2:-1 by blue 898:6:-1 at gen415 Univ0 prob=0.096
​ 415I x:ageGp:fam 249:2:-1 by red 913:7:-1 at gen415 Univ0 prob=0.458
​ 419I x:ageGp:fam 26:0:-1 by blue 567:4:-1 at gen416 Univ0 prob=0.854
​ 419I x:ageGp:fam 227:2:-1 by blue 261:2:-1 at gen416 Univ0 prob=0.672
​ 419I x:ageGp:fam 262:2:-1 by red 836:6:-1 at gen416 Univ0 prob=0.596
​ 419I x:ageGp:fam 292:2:-1 by blue 549:4:-1 at gen416 Univ0 prob=0.595
​ 419I x:ageGp:fam 317:2:-1 by blue 632:4:-1 at gen416 Univ0 prob=0.872
​ 419I x:ageGp:fam 789:5:-1 by blue 773:5:-1 at gen416 Univ0 prob=0.725
​ 422I x:ageGp:fam 180:2:-1 by blue 588:4:-1 at gen417 Univ0 prob=0.901
​ 422I x:ageGp:fam 451:3:-1 by blue 213:2:-1 at gen417 Univ0 prob=0.146
​ 422I x:ageGp:fam 280:2:-1 by blue 905:7:-1 at gen417 Univ0 prob=0.938
​ 422I x:ageGp:fam 976:8:-1 by blue 413:3:-1 at gen417 Univ0 prob=0.735
​ 422I x:ageGp:fam 458:3:-1 by blue 849:6:-1 at gen417 Univ0 prob=0.390
​ 422I x:ageGp:fam 643:4:-1 by blue 891:6:-1 at gen417 Univ0 prob=0.965
​ 428I x:ageGp:fam 349:2:-1 by red 999:9:-1 at gen418 Univ0 prob=0.959
​ 434I x:ageGp:fam 554:4:-1 by blue 93:1:-1 at gen419 Univ0 prob=0.235
​ 434I x:ageGp:fam 324:2:-1 by blue 725:5:-1 at gen419 Univ0 prob=0.797
​ 434I x:ageGp:fam 406:3:-1 by blue 562:4:-1 at gen419 Univ0 prob=0.433
​ 434I x:ageGp:fam 554:4:-1 by blue 849:6:-1 at gen419 Univ0 prob=0.984
​ 435I x:ageGp:fam 14:0:-1 by red 621:4:-1 at gen420 Univ0 prob=0.057
​ 435I x:ageGp:fam 796:5:-1 by red 247:2:-1 at gen420 Univ0 prob=0.834
​ 435I x:ageGp:fam 536:3:-1 by red 980:8:-1 at gen420 Univ0 prob=0.398
​ 438I x:ageGp:fam 188:2:-1 by red 230:2:-1 at gen421 Univ0 prob=0.884
​ 438I x:ageGp:fam 760:5:-1 by blue 425:3:-1 at gen421 Univ0 prob=0.700
​ 438I x:ageGp:fam 488:3:-1 by blue 940:7:-1 at gen421 Univ0 prob=0.381
​ 438I x:ageGp:fam 746:5:-1 by blue 547:4:-1 at gen421 Univ0 prob=0.340
​ 438I x:ageGp:fam 697:5:-1 by blue 996:9:-1 at gen421 Univ0 prob=0.503
​ 438I x:ageGp:fam 992:9:-1 by blue 730:5:-1 at gen421 Univ0 prob=0.983
​ 441I x:ageGp:fam 29:0:-1 by red 214:2:-1 at gen422 Univ0 prob=0.395
​ 441I x:ageGp:fam 867:6:-1 by blue 291:2:-1 at gen422 Univ0 prob=0.268
​ 441I x:ageGp:fam 711:5:-1 by blue 449:3:-1 at gen422 Univ0 prob=0.048
​ 441I x:ageGp:fam 468:3:-1 by blue 849:6:-1 at gen422 Univ0 prob=0.588
​ 441I x:ageGp:fam 923:7:-1 by blue 995:9:-1 at gen422 Univ0 prob=0.296
​ 447I x:ageGp:fam 240:2:-1 by red 984:9:-1 at gen423 Univ0 prob=0.097
​ 447I x:ageGp:fam 833:6:-1 by blue 655:4:-1 at gen423 Univ0 prob=0.985
​ 447I x:ageGp:fam 880:6:-1 by blue 728:5:-1 at gen423 Univ0 prob=0.309
​ 452I x:ageGp:fam 273:2:-1 by yellow 167:2:-1 at gen424 Univ0 prob=0.025
​ 452I x:ageGp:fam 842:6:-1 by red 341:2:-1 at gen424 Univ0 prob=0.132
​ 452I x:ageGp:fam 454:3:-1 by red 365:3:-1 at gen424 Univ0 prob=0.378
​ 452I x:ageGp:fam 511:3:-1 by blue 972:8:-1 at gen424 Univ0 prob=0.019
​ 452I x:ageGp:fam 691:5:-1 by blue 883:6:-1 at gen424 Univ0 prob=0.783
​ 455I x:ageGp:fam 30:0:-1 by blue 883:6:-1 at gen425 Univ0 prob=0.641
​ 455I x:ageGp:fam 106:1:-1 by red 665:4:-1 at gen425 Univ0 prob=0.318
​ 455I x:ageGp:fam 126:1:-1 by blue 557:4:-1 at gen425 Univ0 prob=0.269
​ 455I x:ageGp:fam 307:2:-1 by blue 956:8:-1 at gen425 Univ0 prob=0.511
​ 455I x:ageGp:fam 568:4:-1 by red 341:2:-1 at gen425 Univ0 prob=0.877
​ 455I x:ageGp:fam 651:4:-1 by red 778:5:-1 at gen425 Univ0 prob=0.908
​ 455I x:ageGp:fam 755:5:-1 by blue 995:9:-1 at gen425 Univ0 prob=0.073
​ 460I x:ageGp:fam 166:2:-1 by red 390:3:-1 at gen426 Univ0 prob=0.622
​ 460I x:ageGp:fam 994:9:-1 by red 315:2:-1 at gen426 Univ0 prob=0.182
​ 460I x:ageGp:fam 518:3:-1 by blue 325:2:-1 at gen426 Univ0 prob=0.583
​ 467I x:ageGp:fam 322:2:-1 by red 829:6:-1 at gen427 Univ0 prob=0.160
​ 467I x:ageGp:fam 347:2:-1 by blue 956:8:-1 at gen427 Univ0 prob=0.686
​ 467I x:ageGp:fam 553:4:-1 by blue 669:4:-1 at gen427 Univ0 prob=0.456
​ 467I x:ageGp:fam 742:5:-1 by blue 700:5:-1 at gen427 Univ0 prob=0.120
​ 467I x:ageGp:fam 948:7:-1 by blue 785:5:-1 at gen427 Univ0 prob=0.931
​ 470I x:ageGp:fam 55:1:-1 by red 587:4:-1 at gen428 Univ0 prob=0.566
​ 470I x:ageGp:fam 68:1:-1 by blue 934:7:-1 at gen428 Univ0 prob=0.924
​ 470I x:ageGp:fam 969:8:-1 by blue 367:3:-1 at gen428 Univ0 prob=0.954
​ 470I x:ageGp:fam 772:5:-1 by blue 909:7:-1 at gen428 Univ0 prob=0.451
​ 475I x:ageGp:fam 31:0:-1 by blue 167:2:-1 at gen429 Univ0 prob=0.385
​ 475I x:ageGp:fam 310:2:-1 by blue 495:3:-1 at gen429 Univ0 prob=0.288
​ 475I x:ageGp:fam 714:5:-1 by blue 405:3:-1 at gen429 Univ0 prob=0.317
​ 475I x:ageGp:fam 721:5:-1 by blue 490:3:-1 at gen429 Univ0 prob=0.246
​ 475I x:ageGp:fam 935:7:-1 by blue 490:3:-1 at gen429 Univ0 prob=0.582
​ 475I x:ageGp:fam 612:4:-1 by blue 708:5:-1 at gen429 Univ0 prob=0.809
​ 479I x:ageGp:fam 100:1:-1 by blue 399:3:-1 at gen430 Univ0 prob=0.485
​ 479I x:ageGp:fam 875:6:-1 by blue 160:2:-1 at gen430 Univ0 prob=0.633
​ 479I x:ageGp:fam 933:7:-1 by yellow 551:4:-1 at gen430 Univ0 prob=0.766
​ 479I x:ageGp:fam 576:4:-1 by blue 790:5:-1 at gen430 Univ0 prob=0.639
​ 485I x:ageGp:fam 152:2:-1 by blue 75:1:-1 at gen431 Univ0 prob=0.412
​ 485I x:ageGp:fam 401:3:-1 by blue 909:7:-1 at gen431 Univ0 prob=0.442
​ 485I x:ageGp:fam 794:5:-1 by red 602:4:-1 at gen431 Univ0 prob=0.817
​ 489I x:ageGp:fam 157:2:-1 by blue 260:2:-1 at gen432 Univ0 prob=0.085
​ 489I x:ageGp:fam 858:6:-1 by blue 261:2:-1 at gen432 Univ0 prob=0.887
​ 489I x:ageGp:fam 423:3:-1 by blue 779:5:-1 at gen432 Univ0 prob=0.001
​ 492I x:ageGp:fam 5:0:-1 by blue 316:2:-1 at gen433 Univ0 prob=0.660
​ 492I x:ageGp:fam 69:1:-1 by red 807:5:-1 at gen433 Univ0 prob=0.110
​ 492I x:ageGp:fam 170:2:-1 by blue 415:3:-1 at gen433 Univ0 prob=0.535
​ 492I x:ageGp:fam 911:7:-1 by red 214:2:-1 at gen433 Univ0 prob=0.237
​ 492I x:ageGp:fam 964:8:-1 by red 278:2:-1 at gen433 Univ0 prob=0.615
​ 492I x:ageGp:fam 690:5:-1 by red 390:3:-1 at gen433 Univ0 prob=0.234
​ 492I x:ageGp:fam 674:4:-1 by blue 535:3:-1 at gen433 Univ0 prob=0.139
​ 492I x:ageGp:fam 731:5:-1 by blue 655:4:-1 at gen433 Univ0 prob=0.386
​ 495I x:ageGp:fam 599:4:-1 by yellow 131:2:-1 at gen434 Univ0 prob=0.064
​ 495I x:ageGp:fam 134:2:-1 by blue 898:6:-1 at gen434 Univ0 prob=0.023
​ 495I x:ageGp:fam 171:2:-1 by red 761:5:-1 at gen434 Univ0 prob=0.466
​ 495I x:ageGp:fam 211:2:-1 by red 621:4:-1 at gen434 Univ0 prob=0.653
​ 495I x:ageGp:fam 223:2:-1 by red 230:2:-1 at gen434 Univ0 prob=0.643
​ 495I x:ageGp:fam 379:3:-1 by blue 405:3:-1 at gen434 Univ0 prob=0.647
​ 495I x:ageGp:fam 469:3:-1 by red 980:8:-1 at gen434 Univ0 prob=0.285
​ 495I x:ageGp:fam 599:4:-1 by blue 728:5:-1 at gen434 Univ0 prob=0.256
​ 503I x:ageGp:fam 136:2:-1 by red 218:2:-1 at gen435 Univ0 prob=0.665
​ 503I x:ageGp:fam 259:2:-1 by red 602:4:-1 at gen435 Univ0 prob=0.047
​ 503I x:ageGp:fam 520:3:-1 by blue 673:4:-1 at gen435 Univ0 prob=0.446
​ 510I x:ageGp:fam 515:3:-1 by red 45:1:-1 at gen436 Univ0 prob=0.761
​ 510I x:ageGp:fam 615:4:-1 by red 392:3:-1 at gen436 Univ0 prob=0.061
​ 510I x:ageGp:fam 723:5:-1 by blue 903:7:-1 at gen436 Univ0 prob=0.644
​ 510I x:ageGp:fam 803:5:-1 by blue 934:7:-1 at gen436 Univ0 prob=0.896
​ 513I x:ageGp:fam 243:2:-1 by blue 780:5:-1 at gen437 Univ0 prob=0.932
​ 513I x:ageGp:fam 646:4:-1 by red 412:3:-1 at gen437 Univ0 prob=0.151
​ 513I x:ageGp:fam 646:4:-1 by red 434:3:-1 at gen437 Univ0 prob=0.162
​ 513I x:ageGp:fam 788:5:-1 by blue 883:6:-1 at gen437 Univ0 prob=0.105
​ 517I x:ageGp:fam 38:0:-1 by red 708:5:-1 at gen438 Univ0 prob=0.868
​ 517I x:ageGp:fam 103:1:-1 by blue 389:3:-1 at gen438 Univ0 prob=0.709
​ 517I x:ageGp:fam 177:2:-1 by red 531:3:-1 at gen438 Univ0 prob=0.510
​ 517I x:ageGp:fam 574:4:-1 by red 392:3:-1 at gen438 Univ0 prob=0.566
​ 517I x:ageGp:fam 540:3:-1 by red 980:8:-1 at gen438 Univ0 prob=0.707
​ 520I x:ageGp:fam 133:2:-1 by red 818:5:-1 at gen439 Univ0 prob=0.259
​ 520I x:ageGp:fam 193:2:-1 by blue 831:6:-1 at gen439 Univ0 prob=0.112
​ 520I x:ageGp:fam 765:5:-1 by blue 725:5:-1 at gen439 Univ0 prob=0.873
​ 525I x:ageGp:fam 896:6:-1 by blue 4:0:-1 at gen440 Univ0 prob=0.453
​ 525I x:ageGp:fam 65:1:-1 by blue 924:7:-1 at gen440 Univ0 prob=0.589
​ 525I x:ageGp:fam 200:2:-1 by red 294:2:-1 at gen440 Univ0 prob=0.316
​ 525I x:ageGp:fam 250:2:-1 by blue 556:4:-1 at gen440 Univ0 prob=0.531
​ 525I x:ageGp:fam 813:5:-1 by blue 358:2:-1 at gen440 Univ0 prob=0.527
​ 525I x:ageGp:fam 906:7:-1 by blue 367:3:-1 at gen440 Univ0 prob=0.354
​ 525I x:ageGp:fam 624:4:-1 by blue 934:7:-1 at gen440 Univ0 prob=0.392
​ 525I x:ageGp:fam 902:7:-1 by blue 728:5:-1 at gen440 Univ0 prob=0.399
​ 528I x:ageGp:fam 745:5:-1 by red 124:1:-1 at gen441 Univ0 prob=0.916
​ 528I x:ageGp:fam 613:4:-1 by blue 291:2:-1 at gen441 Univ0 prob=0.905
​ 528I x:ageGp:fam 361:3:-1 by blue 328:2:-1 at gen441 Univ0 prob=0.264
​ 528I x:ageGp:fam 342:2:-1 by blue 413:3:-1 at gen441 Univ0 prob=0.529
​ 528I x:ageGp:fam 376:3:-1 by red 995:9:-1 at gen441 Univ0 prob=0.507
​ 528I x:ageGp:fam 850:6:-1 by blue 413:3:-1 at gen441 Univ0 prob=0.585
​ 528I x:ageGp:fam 446:3:-1 by red 939:7:-1 at gen441 Univ0 prob=0.565
​ 528I x:ageGp:fam 591:4:-1 by blue 547:4:-1 at gen441 Univ0 prob=0.082
​ 536I x:ageGp:fam 140:2:-1 by red 24:0:-1 at gen442 Univ0 prob=0.928
​ 536I x:ageGp:fam 975:8:-1 by red 138:2:-1 at gen442 Univ0 prob=0.054
​ 536I x:ageGp:fam 881:6:-1 by blue 207:2:-1 at gen442 Univ0 prob=0.653
​ 536I x:ageGp:fam 548:4:-1 by blue 215:2:-1 at gen442 Univ0 prob=0.591
​ 536I x:ageGp:fam 538:3:-1 by blue 903:7:-1 at gen442 Univ0 prob=0.726
​ 536I x:ageGp:fam 705:5:-1 by blue 572:4:-1 at gen442 Univ0 prob=0.787
​ 536I x:ageGp:fam 861:6:-1 by red 679:4:-1 at gen442 Univ0 prob=0.690
​ 544I x:ageGp:fam 142:2:-1 by blue 248:2:-1 at gen443 Univ0 prob=0.106
​ 544I x:ageGp:fam 327:2:-1 by blue 274:2:-1 at gen443 Univ0 prob=0.075
​ 544I x:ageGp:fam 320:2:-1 by blue 389:3:-1 at gen443 Univ0 prob=0.050
​ 544I x:ageGp:fam 784:5:-1 by blue 603:4:-1 at gen443 Univ0 prob=0.805
​ 544I x:ageGp:fam 960:8:-1 by blue 666:4:-1 at gen443 Univ0 prob=0.303
​ 551I x:ageGp:fam 8:0:-1 by blue 426:3:-1 at gen444 Univ0 prob=0.295
​ 551I x:ageGp:fam 786:5:-1 by red 49:1:-1 at gen444 Univ0 prob=0.359
​ 551I x:ageGp:fam 71:1:-1 by blue 63:1:-1 at gen444 Univ0 prob=0.899
​ 551I x:ageGp:fam 464:3:-1 by red 64:1:-1 at gen444 Univ0 prob=0.636
​ 551I x:ageGp:fam 258:2:-1 by blue 331:2:-1 at gen444 Univ0 prob=0.700
​ 551I x:ageGp:fam 949:8:-1 by red 263:2:-1 at gen444 Univ0 prob=0.469
​ 551I x:ageGp:fam 895:6:-1 by red 392:3:-1 at gen444 Univ0 prob=0.388
​ 556I x:ageGp:fam 62:1:-1 by blue 724:5:-1 at gen445 Univ0 prob=0.366
​ 556I x:ageGp:fam 105:1:-1 by blue 495:3:-1 at gen445 Univ0 prob=0.590
​ 556I x:ageGp:fam 566:4:-1 by red 693:5:-1 at gen445 Univ0 prob=0.617
​ 563I x:ageGp:fam 492:3:-1 by red 192:2:-1 at gen446 Univ0 prob=0.023
​ 563I x:ageGp:fam 816:5:-1 by blue 210:2:-1 at gen446 Univ0 prob=0.858
​ 563I x:ageGp:fam 550:4:-1 by blue 270:2:-1 at gen446 Univ0 prob=0.436
​ 563I x:ageGp:fam 819:5:-1 by blue 274:2:-1 at gen446 Univ0 prob=0.236
​ 563I x:ageGp:fam 359:3:-1 by blue 556:4:-1 at gen446 Univ0 prob=0.360
​ 563I x:ageGp:fam 638:4:-1 by blue 426:3:-1 at gen446 Univ0 prob=0.135
​ 563I x:ageGp:fam 663:4:-1 by blue 793:5:-1 at gen446 Univ0 prob=0.837
​ 563I x:ageGp:fam 717:5:-1 by red 999:9:-1 at gen446 Univ0 prob=0.023
​ 563I x:ageGp:fam 727:5:-1 by red 962:8:-1 at gen446 Univ0 prob=0.020
​ 566I x:ageGp:fam 51:1:-1 by red 218:2:-1 at gen447 Univ0 prob=0.007
​ 566I x:ageGp:fam 383:3:-1 by blue 883:6:-1 at gen447 Univ0 prob=0.534
​ 566I x:ageGp:fam 578:4:-1 by red 807:5:-1 at gen447 Univ0 prob=0.149
​ 566I x:ageGp:fam 630:4:-1 by red 649:4:-1 at gen447 Univ0 prob=0.782
​ 566I x:ageGp:fam 678:4:-1 by red 913:7:-1 at gen447 Univ0 prob=0.777
​ 566I x:ageGp:fam 888:6:-1 by blue 954:8:-1 at gen447 Univ0 prob=0.148
​ 575I x:ageGp:fam 120:1:-1 by red 593:4:-1 at gen448 Univ0 prob=0.223
​ 575I x:ageGp:fam 355:2:-1 by blue 264:2:-1 at gen448 Univ0 prob=0.518
​ 575I x:ageGp:fam 544:4:-1 by blue 779:5:-1 at gen448 Univ0 prob=0.783
​ 575I x:ageGp:fam 770:5:-1 by blue 701:5:-1 at gen448 Univ0 prob=0.813
​ 575I x:ageGp:fam 988:9:-1 by red 913:7:-1 at gen448 Univ0 prob=0.357
​ 575I x:ageGp:fam 922:7:-1 by blue 928:7:-1 at gen448 Univ0 prob=0.886
​ 581I x:ageGp:fam 123:1:-1 by blue 490:3:-1 at gen449 Univ0 prob=0.773
​ 581I x:ageGp:fam 713:5:-1 by blue 206:2:-1 at gen449 Univ0 prob=0.448
​ 581I x:ageGp:fam 738:5:-1 by blue 228:2:-1 at gen449 Univ0 prob=0.542
​ 581I x:ageGp:fam 382:3:-1 by red 818:5:-1 at gen449 Univ0 prob=0.337
​ 581I x:ageGp:fam 866:6:-1 by blue 470:3:-1 at gen449 Univ0 prob=0.623
​ 581I x:ageGp:fam 702:5:-1 by blue 557:4:-1 at gen449 Univ0 prob=0.879
​ 581I x:ageGp:fam 943:7:-1 by blue 809:5:-1 at gen449 Univ0 prob=0.689
​ 587I x:ageGp:fam 952:8:-1 by red 58:1:-1 at gen450 Univ0 prob=0.963
​ 587I x:ageGp:fam 288:2:-1 by blue 159:2:-1 at gen450 Univ0 prob=0.476
​ 587I x:ageGp:fam 447:3:-1 by blue 547:4:-1 at gen450 Univ0 prob=0.621
​ 587I x:ageGp:fam 619:4:-1 by blue 890:6:-1 at gen450 Univ0 prob=0.959
​ 587I x:ageGp:fam 620:4:-1 by blue 891:6:-1 at gen450 Univ0 prob=0.664
​ 587I x:ageGp:fam 957:8:-1 by blue 686:4:-1 at gen450 Univ0 prob=0.898
​ 594I x:ageGp:fam 48:1:-1 by red 213:2:-1 at gen451 Univ0 prob=0.541
​ 594I x:ageGp:fam 52:1:-1 by red 870:6:-1 at gen451 Univ0 prob=0.245
​ 594I x:ageGp:fam 117:1:-1 by blue 603:4:-1 at gen451 Univ0 prob=0.680
​ 594I x:ageGp:fam 687:4:-1 by blue 165:2:-1 at gen451 Univ0 prob=0.003
​ 594I x:ageGp:fam 377:3:-1 by blue 405:3:-1 at gen451 Univ0 prob=0.304
​ 594I x:ageGp:fam 456:3:-1 by red 524:3:-1 at gen451 Univ0 prob=0.682
​ 594I x:ageGp:fam 744:5:-1 by blue 773:5:-1 at gen451 Univ0 prob=0.903
​ 600I x:ageGp:fam 179:2:-1 by blue 225:2:-1 at gen452 Univ0 prob=0.069
​ 600I x:ageGp:fam 345:2:-1 by blue 728:5:-1 at gen452 Univ0 prob=0.297
​ 607I x:ageGp:fam 652:4:-1 by red 186:2:-1 at gen453 Univ0 prob=0.610
​ 607I x:ageGp:fam 457:3:-1 by blue 331:2:-1 at gen453 Univ0 prob=0.274
​ 607I x:ageGp:fam 346:2:-1 by red 700:5:-1 at gen453 Univ0 prob=0.538
​ 607I x:ageGp:fam 516:3:-1 by blue 425:3:-1 at gen453 Univ0 prob=0.464
​ 607I x:ageGp:fam 485:3:-1 by blue 625:4:-1 at gen453 Univ0 prob=0.015
​ 607I x:ageGp:fam 586:4:-1 by red 898:6:-1 at gen453 Univ0 prob=0.786
​ 609I x:ageGp:fam 6:0:-1 by blue 671:4:-1 at gen454 Univ0 prob=0.109
​ 609I x:ageGp:fam 128:1:-1 by blue 840:6:-1 at gen454 Univ0 prob=0.527
​ 609I x:ageGp:fam 158:2:-1 by blue 625:4:-1 at gen454 Univ0 prob=0.363
​ 609I x:ageGp:fam 352:2:-1 by blue 163:2:-1 at gen454 Univ0 prob=0.233
​ 609I x:ageGp:fam 752:5:-1 by blue 937:7:-1 at gen454 Univ0 prob=0.598
​ 615I x:ageGp:fam 856:6:-1 by blue 153:2:-1 at gen455 Univ0 prob=0.411
​ 615I x:ageGp:fam 332:2:-1 by blue 973:8:-1 at gen455 Univ0 prob=0.142
​ 615I x:ageGp:fam 662:4:-1 by blue 909:7:-1 at gen455 Univ0 prob=0.686
​ 620I x:ageGp:fam 17:0:-1 by red 563:4:-1 at gen456 Univ0 prob=0.983
​ 620I x:ageGp:fam 112:1:-1 by blue 841:6:-1 at gen456 Univ0 prob=0.950
​ 620I x:ageGp:fam 129:1:-1 by red 364:3:-1 at gen456 Univ0 prob=0.835
​ 620I x:ageGp:fam 148:2:-1 by blue 603:4:-1 at gen456 Univ0 prob=0.871
​ 620I x:ageGp:fam 439:3:-1 by blue 225:2:-1 at gen456 Univ0 prob=0.241
​ 620I x:ageGp:fam 256:2:-1 by blue 362:3:-1 at gen456 Univ0 prob=0.811
​ 620I x:ageGp:fam 427:3:-1 by blue 874:6:-1 at gen456 Univ0 prob=0.471
​ 623I x:ageGp:fam 444:3:-1 by blue 239:2:-1 at gen457 Univ0 prob=0.716
​ 623I x:ageGp:fam 308:2:-1 by blue 555:4:-1 at gen457 Univ0 prob=0.929
​ 630I x:ageGp:fam 56:1:-1 by red 434:3:-1 at gen458 Univ0 prob=0.363
​ 630I x:ageGp:fam 92:1:-1 by blue 567:4:-1 at gen458 Univ0 prob=0.426
​ 630I x:ageGp:fam 775:5:-1 by blue 462:3:-1 at gen458 Univ0 prob=0.552
​ 630I x:ageGp:fam 920:7:-1 by blue 903:7:-1 at gen458 Univ0 prob=1.000
​ 632I x:ageGp:fam 99:1:-1 by red 49:1:-1 at gen459 Univ0 prob=0.381
​ 632I x:ageGp:fam 98:1:-1 by blue 189:2:-1 at gen459 Univ0 prob=0.453
​ 632I x:ageGp:fam 529:3:-1 by blue 425:3:-1 at gen459 Univ0 prob=0.665
​ 632I x:ageGp:fam 448:3:-1 by red 785:5:-1 at gen459 Univ0 prob=0.250
​ 636I x:ageGp:fam 597:4:-1 by blue 260:2:-1 at gen460 Univ0 prob=0.571
​ 636I x:ageGp:fam 608:4:-1 by blue 701:5:-1 at gen460 Univ0 prob=0.516
​ 640I x:ageGp:fam 907:7:-1 by red 291:2:-1 at gen461 Univ0 prob=0.050
​ 640I x:ageGp:fam 336:2:-1 by red 800:5:-1 at gen461 Univ0 prob=0.561
​ 640I x:ageGp:fam 369:3:-1 by red 561:4:-1 at gen461 Univ0 prob=0.100
​ 640I x:ageGp:fam 968:8:-1 by red 449:3:-1 at gen461 Univ0 prob=0.047
​ 640I x:ageGp:fam 872:6:-1 by blue 490:3:-1 at gen461 Univ0 prob=0.214
​ 640I x:ageGp:fam 528:3:-1 by red 587:4:-1 at gen461 Univ0 prob=0.801
​ 640I x:ageGp:fam 565:4:-1 by blue 582:4:-1 at gen461 Univ0 prob=0.137
​ 640I x:ageGp:fam 945:7:-1 by red 781:5:-1 at gen461 Univ0 prob=0.683
​ 642I x:ageGp:fam 2:0:-1 by blue 438:3:-1 at gen462 Univ0 prob=0.842
​ 650I x:ageGp:fam 303:2:-1 by red 215:2:-1 at gen463 Univ0 prob=0.222
​ 650I x:ageGp:fam 860:6:-1 by blue 337:2:-1 at gen463 Univ0 prob=0.594
​ 650I x:ageGp:fam 539:3:-1 by red 987:9:-1 at gen463 Univ0 prob=0.835
​ 650I x:ageGp:fam 776:5:-1 by red 990:9:-1 at gen463 Univ0 prob=0.934
​ 651I x:ageGp:fam 1:0:-1 by red 649:4:-1 at gen464 Univ0 prob=0.950
​ 651I x:ageGp:fam 37:0:-1 by red 942:7:-1 at gen464 Univ0 prob=0.106
​ 651I x:ageGp:fam 718:5:-1 by blue 67:1:-1 at gen464 Univ0 prob=0.647
​ 651I x:ageGp:fam 85:1:-1 by red 295:2:-1 at gen464 Univ0 prob=0.777
​ 651I x:ageGp:fam 917:7:-1 by blue 281:2:-1 at gen464 Univ0 prob=0.342
​ 651I x:ageGp:fam 443:3:-1 by red 984:9:-1 at gen464 Univ0 prob=0.657
​ 651I x:ageGp:fam 499:3:-1 by blue 795:5:-1 at gen464 Univ0 prob=0.426
​ 655I x:ageGp:fam 623:4:-1 by red 45:1:-1 at gen465 Univ0 prob=0.613
​ 655I x:ageGp:fam 487:3:-1 by blue 93:1:-1 at gen465 Univ0 prob=0.257
​ 655I x:ageGp:fam 914:7:-1 by red 114:1:-1 at gen465 Univ0 prob=0.079
​ 655I x:ageGp:fam 146:2:-1 by red 358:2:-1 at gen465 Univ0 prob=0.239
​ 655I x:ageGp:fam 628:4:-1 by blue 227:2:-1 at gen465 Univ0 prob=0.102
​ 655I x:ageGp:fam 777:5:-1 by red 315:2:-1 at gen465 Univ0 prob=0.626
​ 655I x:ageGp:fam 400:3:-1 by blue 462:3:-1 at gen465 Univ0 prob=0.662
​ 655I x:ageGp:fam 577:4:-1 by red 430:3:-1 at gen465 Univ0 prob=0.960
​ 655I x:ageGp:fam 863:6:-1 by blue 433:3:-1 at gen465 Univ0 prob=0.573
​ 655I x:ageGp:fam 472:3:-1 by blue 864:6:-1 at gen465 Univ0 prob=0.417
​ 655I x:ageGp:fam 486:3:-1 by red 987:9:-1 at gen465 Univ0 prob=0.948
​ 655I x:ageGp:fam 493:3:-1 by blue 514:3:-1 at gen465 Univ0 prob=0.622
​ 655I x:ageGp:fam 712:5:-1 by red 531:3:-1 at gen465 Univ0 prob=0.421
​ 662I x:ageGp:fam 265:2:-1 by red 934:7:-1 at gen466 Univ0 prob=0.072
​ 675I x:ageGp:fam 696:5:-1 by red 139:2:-1 at gen467 Univ0 prob=0.630
​ 675I x:ageGp:fam 147:2:-1 by blue 159:2:-1 at gen467 Univ0 prob=0.092
​ 675I x:ageGp:fam 641:4:-1 by red 251:2:-1 at gen467 Univ0 prob=0.556
​ 675I x:ageGp:fam 664:4:-1 by blue 290:2:-1 at gen467 Univ0 prob=0.535
​ 675I x:ageGp:fam 420:3:-1 by red 556:4:-1 at gen467 Univ0 prob=0.715
​ 675I x:ageGp:fam 463:3:-1 by red 778:5:-1 at gen467 Univ0 prob=0.524
​ 675I x:ageGp:fam 873:6:-1 by blue 598:4:-1 at gen467 Univ0 prob=0.801
​ 676I x:ageGp:fam 79:1:-1 by blue 676:4:-1 at gen468 Univ0 prob=0.571
​ 676I x:ageGp:fam 460:3:-1 by blue 130:1:-1 at gen468 Univ0 prob=0.773
​ 676I x:ageGp:fam 221:2:-1 by red 809:5:-1 at gen468 Univ0 prob=0.243
​ 676I x:ageGp:fam 526:3:-1 by blue 555:4:-1 at gen468 Univ0 prob=0.420
​ 683I x:ageGp:fam 13:0:-1 by blue 97:1:-1 at gen469 Univ0 prob=0.850
​ 683I x:ageGp:fam 22:0:-1 by red 405:3:-1 at gen469 Univ0 prob=0.148
​ 683I x:ageGp:fam 90:1:-1 by blue 53:1:-1 at gen469 Univ0 prob=0.760
​ 683I x:ageGp:fam 196:2:-1 by blue 642:4:-1 at gen469 Univ0 prob=0.594
​ 683I x:ageGp:fam 959:8:-1 by red 247:2:-1 at gen469 Univ0 prob=0.734
​ 683I x:ageGp:fam 915:7:-1 by blue 255:2:-1 at gen469 Univ0 prob=0.484
​ 683I x:ageGp:fam 353:2:-1 by yellow 324:2:-1 at gen469 Univ0 prob=0.120
​ 683I x:ageGp:fam 894:6:-1 by red 340:2:-1 at gen469 Univ0 prob=0.255
​ 687I x:ageGp:fam 233:2:-1 by red 519:3:-1 at gen470 Univ0 prob=0.975
​ 687I x:ageGp:fam 496:3:-1 by red 305:2:-1 at gen470 Univ0 prob=0.857
​ 687I x:ageGp:fam 394:3:-1 by red 563:4:-1 at gen470 Univ0 prob=0.234
​ 695I x:ageGp:fam 372:3:-1 by red 412:3:-1 at gen471 Univ0 prob=0.295
​ 695I x:ageGp:fam 944:7:-1 by blue 606:4:-1 at gen471 Univ0 prob=0.981
​ 698I x:ageGp:fam 442:3:-1 by blue 9:0:-1 at gen472 Univ0 prob=0.224
​ 698I x:ageGp:fam 15:0:-1 by blue 26:0:-1 at gen472 Univ0 prob=0.391
​ 698I x:ageGp:fam 284:2:-1 by blue 115:1:-1 at gen472 Univ0 prob=0.299
​ 698I x:ageGp:fam 411:3:-1 by blue 720:5:-1 at gen472 Univ0 prob=0.928
​ 700I x:ageGp:fam 119:1:-1 by blue 395:3:-1 at gen473 Univ0 prob=0.155
​ 700I x:ageGp:fam 135:2:-1 by blue 822:6:-1 at gen473 Univ0 prob=0.541
​ 700I x:ageGp:fam 682:4:-1 by blue 216:2:-1 at gen473 Univ0 prob=0.954
​ 700I x:ageGp:fam 769:5:-1 by red 437:3:-1 at gen473 Univ0 prob=0.527
​ 700I x:ageGp:fam 753:5:-1 by blue 512:3:-1 at gen473 Univ0 prob=0.672
​ 700I x:ageGp:fam 513:3:-1 by red 986:9:-1 at gen473 Univ0 prob=0.997
​ 700I x:ageGp:fam 782:5:-1 by red 598:4:-1 at gen473 Univ0 prob=0.848
​ 700I x:ageGp:fam 936:7:-1 by blue 645:4:-1 at gen473 Univ0 prob=0.341
​ 704I x:ageGp:fam 357:2:-1 by blue 86:1:-1 at gen474 Univ0 prob=0.881
​ 704I x:ageGp:fam 417:3:-1 by red 88:1:-1 at gen474 Univ0 prob=0.148
​ 704I x:ageGp:fam 932:7:-1 by red 874:6:-1 at gen474 Univ0 prob=0.441
​ 712I x:ageGp:fam 169:2:-1 by blue 16:0:-1 at gen475 Univ0 prob=0.500
​ 712I x:ageGp:fam 338:2:-1 by blue 122:1:-1 at gen475 Univ0 prob=0.404
​ 712I x:ageGp:fam 801:5:-1 by blue 206:2:-1 at gen475 Univ0 prob=0.797
​ 712I x:ageGp:fam 787:5:-1 by red 274:2:-1 at gen475 Univ0 prob=0.520
​ 712I x:ageGp:fam 688:4:-1 by blue 589:4:-1 at gen475 Univ0 prob=0.061
​ 715I x:ageGp:fam 208:2:-1 by blue 323:2:-1 at gen476 Univ0 prob=0.507
​ 715I x:ageGp:fam 311:2:-1 by blue 865:6:-1 at gen476 Univ0 prob=0.465
​ 715I x:ageGp:fam 667:4:-1 by red 669:4:-1 at gen476 Univ0 prob=0.692
​ 720I x:ageGp:fam 234:2:-1 by red 192:2:-1 at gen477 Univ0 prob=0.812
​ 720I x:ageGp:fam 329:2:-1 by red 535:3:-1 at gen477 Univ0 prob=0.865
​ 720I x:ageGp:fam 370:3:-1 by red 367:3:-1 at gen477 Univ0 prob=0.797
​ 720I x:ageGp:fam 584:4:-1 by blue 433:3:-1 at gen477 Univ0 prob=0.353
​ 723I x:ageGp:fam 145:2:-1 by blue 275:2:-1 at gen478 Univ0 prob=0.616
​ 723I x:ageGp:fam 530:3:-1 by red 231:2:-1 at gen478 Univ0 prob=0.911
​ 723I x:ageGp:fam 596:4:-1 by red 567:4:-1 at gen478 Univ0 prob=0.644
​ 723I x:ageGp:fam 805:5:-1 by red 725:5:-1 at gen478 Univ0 prob=0.557
​ 727I x:ageGp:fam 113:1:-1 by blue 840:6:-1 at gen479 Univ0 prob=0.763
​ 727I x:ageGp:fam 445:3:-1 by blue 228:2:-1 at gen479 Univ0 prob=0.846
​ 727I x:ageGp:fam 246:2:-1 by red 640:4:-1 at gen479 Univ0 prob=0.285
​ 727I x:ageGp:fam 817:5:-1 by blue 479:3:-1 at gen479 Univ0 prob=0.889
​ 727I x:ageGp:fam 706:5:-1 by red 531:3:-1 at gen479 Univ0 prob=0.421
​ 731I x:ageGp:fam 96:1:-1 by red 708:5:-1 at gen480 Univ0 prob=0.425
​ 731I x:ageGp:fam 313:2:-1 by red 210:2:-1 at gen480 Univ0 prob=0.374
​ 731I x:ageGp:fam 343:2:-1 by red 274:2:-1 at gen480 Univ0 prob=0.289
​ 731I x:ageGp:fam 799:5:-1 by blue 661:4:-1 at gen480 Univ0 prob=0.028
​ 736I x:ageGp:fam 808:5:-1 by blue 228:2:-1 at gen481 Univ0 prob=0.048
​ 736I x:ageGp:fam 289:2:-1 by yellow 935:7:-1 at gen481 Univ0 prob=0.252
​ 736I x:ageGp:fam 660:4:-1 by blue 466:3:-1 at gen481 Univ0 prob=0.385
​ 736I x:ageGp:fam 647:4:-1 by blue 763:5:-1 at gen481 Univ0 prob=0.425
​ 736I x:ageGp:fam 847:6:-1 by red 773:5:-1 at gen481 Univ0 prob=0.113
​ 740I x:ageGp:fam 175:2:-1 by blue 78:1:-1 at gen482 Univ0 prob=0.333
​ 740I x:ageGp:fam 111:1:-1 by red 771:5:-1 at gen482 Univ0 prob=0.086
​ 740I x:ageGp:fam 900:6:-1 by blue 181:2:-1 at gen482 Univ0 prob=0.384
​ 740I x:ageGp:fam 330:2:-1 by blue 209:2:-1 at gen482 Univ0 prob=0.611
​ 740I x:ageGp:fam 435:3:-1 by blue 642:4:-1 at gen482 Univ0 prob=0.754
​ 745I x:ageGp:fam 825:6:-1 by blue 61:1:-1 at gen483 Univ0 prob=0.052
​ 745I x:ageGp:fam 974:8:-1 by red 325:2:-1 at gen483 Univ0 prob=0.071
​ 745I x:ageGp:fam 953:8:-1 by blue 362:3:-1 at gen483 Univ0 prob=0.754
​ 750I x:ageGp:fam 212:2:-1 by blue 581:4:-1 at gen484 Univ0 prob=0.104
​ 750I x:ageGp:fam 266:2:-1 by red 563:4:-1 at gen484 Univ0 prob=0.247
​ 750I x:ageGp:fam 312:2:-1 by red 415:3:-1 at gen484 Univ0 prob=0.045
​ 750I x:ageGp:fam 970:8:-1 by red 669:4:-1 at gen484 Univ0 prob=0.893
​ 753I x:ageGp:fam 198:2:-1 by blue 108:1:-1 at gen485 Univ0 prob=0.508
​ 753I x:ageGp:fam 668:4:-1 by red 251:2:-1 at gen485 Univ0 prob=0.676
​ 753I x:ageGp:fam 368:3:-1 by red 773:5:-1 at gen485 Univ0 prob=0.972
​ 753I x:ageGp:fam 871:6:-1 by blue 886:6:-1 at gen485 Univ0 prob=0.351
​ 757I x:ageGp:fam 285:2:-1 by blue 31:0:-1 at gen486 Univ0 prob=0.662
​ 757I x:ageGp:fam 202:2:-1 by red 43:1:-1 at gen486 Univ0 prob=0.417
​ 757I x:ageGp:fam 991:9:-1 by blue 68:1:-1 at gen486 Univ0 prob=0.149
​ 757I x:ageGp:fam 388:3:-1 by red 124:1:-1 at gen486 Univ0 prob=0.268
​ 757I x:ageGp:fam 504:3:-1 by red 160:2:-1 at gen486 Univ0 prob=0.134
​ 757I x:ageGp:fam 418:3:-1 by blue 756:5:-1 at gen486 Univ0 prob=0.686
​ 757I x:ageGp:fam 569:4:-1 by red 587:4:-1 at gen486 Univ0 prob=0.609
​ 761I x:ageGp:fam 478:3:-1 by blue 53:1:-1 at gen487 Univ0 prob=0.840
​ 761I x:ageGp:fam 95:1:-1 by blue 811:5:-1 at gen487 Univ0 prob=0.700
​ 761I x:ageGp:fam 161:2:-1 by blue 815:5:-1 at gen487 Univ0 prob=0.729
​ 761I x:ageGp:fam 610:4:-1 by red 261:2:-1 at gen487 Univ0 prob=0.399
​ 761I x:ageGp:fam 521:3:-1 by blue 631:4:-1 at gen487 Univ0 prob=0.803
​ 761I x:ageGp:fam 884:6:-1 by red 673:4:-1 at gen487 Univ0 prob=0.675
​ 768I x:ageGp:fam 0:0:-1 by blue 642:4:-1 at gen488 Univ0 prob=0.038
​ 768I x:ageGp:fam 983:9:-1 by blue 16:0:-1 at gen488 Univ0 prob=0.530
​ 768I x:ageGp:fam 204:2:-1 by red 27:0:-1 at gen488 Univ0 prob=0.734
​ 768I x:ageGp:fam 107:1:-1 by blue 973:8:-1 at gen488 Univ0 prob=0.706
​ 774I x:ageGp:fam 683:4:-1 by blue 26:0:-1 at gen489 Univ0 prob=0.329
​ 774I x:ageGp:fam 116:1:-1 by red 344:2:-1 at gen489 Univ0 prob=0.928
​ 774I x:ageGp:fam 356:2:-1 by red 159:2:-1 at gen489 Univ0 prob=0.832
​ 774I x:ageGp:fam 183:2:-1 by blue 855:6:-1 at gen489 Univ0 prob=0.422
​ 774I x:ageGp:fam 371:3:-1 by blue 292:2:-1 at gen489 Univ0 prob=0.579
​ 774I x:ageGp:fam 543:4:-1 by red 986:9:-1 at gen489 Univ0 prob=0.125
​ 774I x:ageGp:fam 814:5:-1 by blue 797:5:-1 at gen489 Univ0 prob=0.956
​ 774I x:ageGp:fam 919:7:-1 by red 831:6:-1 at gen489 Univ0 prob=0.003
​ 774I x:ageGp:fam 919:7:-1 by red 898:6:-1 at gen489 Univ0 prob=0.707
​ 778I x:ageGp:fam 154:2:-1 by blue 26:0:-1 at gen490 Univ0 prob=0.829
​ 778I x:ageGp:fam 748:5:-1 by blue 26:0:-1 at gen490 Univ0 prob=0.378
​ 778I x:ageGp:fam 672:4:-1 by blue 173:2:-1 at gen490 Univ0 prob=0.796
​ 786I x:ageGp:fam 595:4:-1 by red 49:1:-1 at gen491 Univ0 prob=0.125
​ 786I x:ageGp:fam 89:1:-1 by red 972:8:-1 at gen491 Univ0 prob=0.934
​ 786I x:ageGp:fam 941:7:-1 by blue 134:2:-1 at gen491 Univ0 prob=0.647
​ 786I x:ageGp:fam 892:6:-1 by blue 180:2:-1 at gen491 Univ0 prob=0.787
​ 786I x:ageGp:fam 859:6:-1 by blue 643:4:-1 at gen491 Univ0 prob=0.298
​ 786I x:ageGp:fam 670:4:-1 by red 828:6:-1 at gen491 Univ0 prob=0.908
​ 789I x:ageGp:fam 20:0:-1 by red 337:2:-1 at gen492 Univ0 prob=0.283
​ 789I x:ageGp:fam 141:2:-1 by blue 554:4:-1 at gen492 Univ0 prob=0.078
​ 789I x:ageGp:fam 517:3:-1 by red 990:9:-1 at gen492 Univ0 prob=0.689
​ 789I x:ageGp:fam 938:7:-1 by blue 605:4:-1 at gen492 Univ0 prob=0.147
​ 795I x:ageGp:fam 12:0:-1 by blue 262:2:-1 at gen493 Univ0 prob=0.849
​ 795I x:ageGp:fam 35:0:-1 by blue 362:3:-1 at gen493 Univ0 prob=0.733
​ 795I x:ageGp:fam 424:3:-1 by blue 554:4:-1 at gen493 Univ0 prob=0.992
​ 795I x:ageGp:fam 429:3:-1 by red 494:3:-1 at gen493 Univ0 prob=0.559
​ 799I x:ageGp:fam 885:6:-1 by blue 131:2:-1 at gen494 Univ0 prob=0.865
​ 799I x:ageGp:fam 156:2:-1 by blue 899:6:-1 at gen494 Univ0 prob=0.706
​ 799I x:ageGp:fam 654:4:-1 by red 621:4:-1 at gen494 Univ0 prob=0.338
​ 799I x:ageGp:fam 699:5:-1 by blue 846:6:-1 at gen494 Univ0 prob=0.319
​ 799I x:ageGp:fam 732:5:-1 by yellow 949:8:-1 at gen494 Univ0 prob=0.239
​ 803I x:ageGp:fam 965:8:-1 by red 44:1:-1 at gen495 Univ0 prob=0.523
​ 808I x:ageGp:fam 912:7:-1 by red 43:1:-1 at gen496 Univ0 prob=0.258
​ 808I x:ageGp:fam 226:2:-1 by red 309:2:-1 at gen496 Univ0 prob=0.688
​ 808I x:ageGp:fam 242:2:-1 by red 962:8:-1 at gen496 Univ0 prob=0.697
​ 808I x:ageGp:fam 537:3:-1 by blue 268:2:-1 at gen496 Univ0 prob=0.368
​ 809I x:ageGp:fam 375:3:-1 by yellow 120:1:-1 at gen497 Univ0 prob=0.798
​ 813I x:ageGp:fam 74:1:-1 by red 637:4:-1 at gen498 Univ0 prob=0.608
​ 813I x:ageGp:fam 397:3:-1 by blue 78:1:-1 at gen498 Univ0 prob=0.178
​ 813I x:ageGp:fam 127:1:-1 by red 316:2:-1 at gen498 Univ0 prob=0.816
​ 813I x:ageGp:fam 958:8:-1 by blue 568:4:-1 at gen498 Univ0 prob=0.502
​ 814I x:ageGp:fam 421:3:-1 by blue 797:5:-1 at gen499 Univ0 prob=0.628
​ 814I x:ageGp:fam 614:4:-1 by red 874:6:-1 at gen499 Univ0 prob=0.297
​ 818I x:ageGp:fam 927:7:-1 by blue 387:3:-1 at gen500 Univ0 prob=0.124
​ 818I x:ageGp:fam 722:5:-1 by red 800:5:-1 at gen500 Univ0 prob=0.066
​ 820I x:ageGp:fam 236:2:-1 by blue 772:5:-1 at gen501 Univ0 prob=0.284
​ 820I x:ageGp:fam 326:2:-1 by blue 488:3:-1 at gen501 Univ0 prob=0.385
​ 820I x:ageGp:fam 768:5:-1 by red 362:3:-1 at gen501 Univ0 prob=0.479
​ 820I x:ageGp:fam 363:3:-1 by red 531:3:-1 at gen501 Univ0 prob=0.347
​ 820I x:ageGp:fam 498:3:-1 by red 795:5:-1 at gen501 Univ0 prob=0.072
​ 822I x:ageGp:fam 10:0:-1 by blue 322:2:-1 at gen502 Univ0 prob=0.813
​ 822I x:ageGp:fam 455:3:-1 by red 82:1:-1 at gen502 Univ0 prob=0.439
​ 822I x:ageGp:fam 570:4:-1 by red 551:4:-1 at gen502 Univ0 prob=0.261
​ 827I x:ageGp:fam 743:5:-1 by blue 166:2:-1 at gen503 Univ0 prob=0.647
​ 827I x:ageGp:fam 252:2:-1 by red 715:5:-1 at gen503 Univ0 prob=0.077
​ 827I x:ageGp:fam 339:2:-1 by red 474:3:-1 at gen503 Univ0 prob=0.633
​ 830I x:ageGp:fam 109:1:-1 by red 438:3:-1 at gen504 Univ0 prob=0.092
​ 830I x:ageGp:fam 110:1:-1 by blue 393:3:-1 at gen504 Univ0 prob=0.239
​ 830I x:ageGp:fam 205:2:-1 by red 864:6:-1 at gen504 Univ0 prob=0.217
​ 830I x:ageGp:fam 622:4:-1 by blue 952:8:-1 at gen504 Univ0 prob=0.902
​ 833I x:ageGp:fam 609:4:-1 by blue 78:1:-1 at gen505 Univ0 prob=0.552
​ 833I x:ageGp:fam 94:1:-1 by red 661:4:-1 at gen505 Univ0 prob=0.001
​ 833I x:ageGp:fam 267:2:-1 by blue 948:7:-1 at gen505 Univ0 prob=0.720
​ 833I x:ageGp:fam 298:2:-1 by blue 314:2:-1 at gen505 Univ0 prob=0.956
​ 833I x:ageGp:fam 585:4:-1 by blue 466:3:-1 at gen505 Univ0 prob=0.696
​ 837I x:ageGp:fam 465:3:-1 by red 934:7:-1 at gen506 Univ0 prob=0.518
​ 837I x:ageGp:fam 650:4:-1 by red 998:9:-1 at gen506 Univ0 prob=0.323
​ 842I x:ageGp:fam 244:2:-1 by red 588:4:-1 at gen507 Univ0 prob=0.665
​ 842I x:ageGp:fam 283:2:-1 by red 563:4:-1 at gen507 Univ0 prob=0.325
​ 842I x:ageGp:fam 386:3:-1 by blue 317:2:-1 at gen507 Univ0 prob=0.923
​ 842I x:ageGp:fam 366:3:-1 by blue 323:2:-1 at gen507 Univ0 prob=0.892
​ 842I x:ageGp:fam 694:5:-1 by red 373:3:-1 at gen507 Univ0 prob=0.415
​ 842I x:ageGp:fam 480:3:-1 by blue 451:3:-1 at gen507 Univ0 prob=0.790
​ 844I x:ageGp:fam 348:2:-1 by red 877:6:-1 at gen508 Univ0 prob=0.588
​ 850I x:ageGp:fam 76:1:-1 by red 632:4:-1 at gen509 Univ0 prob=0.130
​ 850I x:ageGp:fam 272:2:-1 by red 159:2:-1 at gen509 Univ0 prob=0.609
​ 850I x:ageGp:fam 254:2:-1 by red 294:2:-1 at gen509 Univ0 prob=0.499
​ 850I x:ageGp:fam 680:4:-1 by blue 976:8:-1 at gen509 Univ0 prob=0.737
​ 851I x:ageGp:fam 552:4:-1 by blue 148:2:-1 at gen510 Univ0 prob=0.124
​ 851I x:ageGp:fam 235:2:-1 by red 294:2:-1 at gen510 Univ0 prob=0.270
​ 851I x:ageGp:fam 616:4:-1 by red 297:2:-1 at gen510 Univ0 prob=0.493
​ 855I x:ageGp:fam 604:4:-1 by blue 16:0:-1 at gen511 Univ0 prob=0.979
​ 858I x:ageGp:fam 821:6:-1 by blue 510:3:-1 at gen512 Univ0 prob=0.872
​ 859I x:ageGp:fam 296:2:-1 by red 602:4:-1 at gen513 Univ0 prob=0.336
​ 860I x:ageGp:fam 408:3:-1 by red 557:4:-1 at gen514 Univ0 prob=0.445
​ 860I x:ageGp:fam 967:8:-1 by blue 744:5:-1 at gen514 Univ0 prob=0.736
​ 861I x:ageGp:fam 560:4:-1 by blue 38:0:-1 at gen515 Univ0 prob=0.590
​ 861I x:ageGp:fam 626:4:-1 by yellow 628:4:-1 at gen515 Univ0 prob=0.992
​ 861I x:ageGp:fam 845:6:-1 by blue 906:7:-1 at gen515 Univ0 prob=0.688
​ 863I x:ageGp:fam 497:3:-1 by red 264:2:-1 at gen516 Univ0 prob=0.584
​ 863I x:ageGp:fam 806:5:-1 by blue 914:7:-1 at gen516 Univ0 prob=0.341
​ 866I x:ageGp:fam 633:4:-1 by blue 65:1:-1 at gen517 Univ0 prob=0.210
​ 866I x:ageGp:fam 889:6:-1 by red 216:2:-1 at gen517 Univ0 prob=0.341
​ 866I x:ageGp:fam 910:7:-1 by blue 262:2:-1 at gen517 Univ0 prob=0.785
​ 866I x:ageGp:fam 318:2:-1 by blue 320:2:-1 at gen517 Univ0 prob=0.034
​ 868I x:ageGp:fam 398:3:-1 by red 955:8:-1 at gen518 Univ0 prob=0.998
​ 868I x:ageGp:fam 812:5:-1 by red 798:5:-1 at gen518 Univ0 prob=0.425
​ 872I x:ageGp:fam 104:1:-1 by red 883:6:-1 at gen519 Univ0 prob=0.856
​ 872I x:ageGp:fam 381:3:-1 by blue 320:2:-1 at gen519 Univ0 prob=0.338
​ 872I x:ageGp:fam 381:3:-1 by blue 454:3:-1 at gen519 Univ0 prob=0.774
​ 874I x:ageGp:fam 176:2:-1 by blue 55:1:-1 at gen520 Univ0 prob=0.667
​ 874I x:ageGp:fam 558:4:-1 by blue 518:3:-1 at gen520 Univ0 prob=0.048
​ 874I x:ageGp:fam 971:8:-1 by blue 765:5:-1 at gen520 Univ0 prob=0.519
​ 876I x:ageGp:fam 653:4:-1 by blue 851:6:-1 at gen521 Univ0 prob=0.297
​ 879I x:ageGp:fam 271:2:-1 by blue 915:7:-1 at gen522 Univ0 prob=0.649
​ 879I x:ageGp:fam 301:2:-1 by red 562:4:-1 at gen522 Univ0 prob=0.195
AgeVaxH35.js:2299 879I x:ageGp:fam 997:9:-1 by blue 458:3:-1 at gen522 Univ0 prob=0.930
AgeVaxH35.js:2299 880I x:ageGp:fam 527:3:-1 by red 358:2:-1 at gen523 Univ0 prob=0.260
AgeVaxH35.js:2299 883I x:ageGp:fam 178:2:-1 by red 567:4:-1 at gen524 Univ0 prob=0.951
AgeVaxH35.js:2299 883I x:ageGp:fam 726:5:-1 by blue 881:6:-1 at gen524 Univ0 prob=0.787
AgeVaxH35.js:2299 884I x:ageGp:fam 300:2:-1 by red 49:1:-1 at gen525 Univ0 prob=0.664
AgeVaxH35.js:2299 884I x:ageGp:fam 403:3:-1 by red 904:7:-1 at gen525 Univ0 prob=0.326
AgeVaxH35.js:2299 884I x:ageGp:fam 709:5:-1 by blue 511:3:-1 at gen525 Univ0 prob=0.841
AgeVaxH35.js:2299 884I x:ageGp:fam 573:4:-1 by red 785:5:-1 at gen525 Univ0 prob=0.166
AgeVaxH35.js:2299 884I x:ageGp:fam 648:4:-1 by red 588:4:-1 at gen525 Univ0 prob=0.442
AgeVaxH35.js:2299 886I x:ageGp:fam 23:0:-1 by red 903:7:-1 at gen526 Univ0 prob=0.749
AgeVaxH35.js:2299 886I x:ageGp:fam 350:2:-1 by blue 120:1:-1 at gen526 Univ0 prob=0.850
AgeVaxH35.js:2299 891I x:ageGp:fam 40:1:-1 by blue 760:5:-1 at gen527 Univ0 prob=0.292
AgeVaxH35.js:2299 891I x:ageGp:fam 533:3:-1 by red 97:1:-1 at gen527 Univ0 prob=0.866
AgeVaxH35.js:2299 891I x:ageGp:fam 758:5:-1 by blue 516:3:-1 at gen527 Univ0 prob=0.682
AgeVaxH35.js:2299 893I x:ageGp:fam 3:0:-1 by blue 753:5:-1 at gen528 Univ0 prob=0.790
AgeVaxH35.js:2299 893I x:ageGp:fam 414:3:-1 by blue 345:2:-1 at gen528 Univ0 prob=0.061
AgeVaxH35.js:2299 893I x:ageGp:fam 483:3:-1 by blue 851:6:-1 at gen528 Univ0 prob=0.885
AgeVaxH35.js:2299 899I x:ageGp:fam 402:3:-1 by red 840:6:-1 at gen530 Univ0 prob=0.399
AgeVaxH35.js:2299 899I x:ageGp:fam 489:3:-1 by red 759:5:-1 at gen530 Univ0 prob=0.749
AgeVaxH35.js:2299 899I x:ageGp:fam 506:3:-1 by blue 842:6:-1 at gen530 Univ0 prob=0.011
AgeVaxH35.js:2299 899I x:ageGp:fam 636:4:-1 by blue 193:2:-1 at gen531 Univ0 prob=0.706
AgeVaxH35.js:2299 899I x:ageGp:fam 222:2:-1 by red 362:3:-1 at gen531 Univ0 prob=0.327
AgeVaxH35.js:2299 902I x:ageGp:fam 19:0:-1 by blue 444:3:-1 at gen532 Univ0 prob=0.001
AgeVaxH35.js:2299 904I x:ageGp:fam 229:2:-1 by blue 377:3:-1 at gen533 Univ0 prob=0.142
AgeVaxH35.js:2299 904I x:ageGp:fam 830:6:-1 by blue 770:5:-1 at gen533 Univ0 prob=0.957
AgeVaxH35.js:2299 905I x:ageGp:fam 194:2:-1 by blue 819:5:-1 at gen534 Univ0 prob=0.360
AgeVaxH35.js:2299 905I x:ageGp:fam 522:3:-1 by yellow 368:3:-1 at gen534 Univ0 prob=0.360
AgeVaxH35.js:2299 907I x:ageGp:fam 72:1:-1 by red 728:5:-1 at gen535 Univ0 prob=0.017
AgeVaxH35.js:2299 907I x:ageGp:fam 190:2:-1 by red 708:5:-1 at gen535 Univ0 prob=0.679
AgeVaxH35.js:2299 907I x:ageGp:fam 966:8:-1 by blue 336:2:-1 at gen535 Univ0 prob=0.202
AgeVaxH35.js:2299 909I x:ageGp:fam 583:4:-1 by red 255:2:-1 at gen536 Univ0 prob=0.395
AgeVaxH35.js:2299 909I x:ageGp:fam 767:5:-1 by blue 697:5:-1 at gen536 Univ0 prob=0.350
AgeVaxH35.js:2299 912I x:ageGp:fam 121:1:-1 by blue 875:6:-1 at gen537 Univ0 prob=0.317
AgeVaxH35.js:2299 912I x:ageGp:fam 532:3:-1 by red 645:4:-1 at gen537 Univ0 prob=0.562
AgeVaxH35.js:2299 914I x:ageGp:fam 282:2:-1 by blue 56:1:-1 at gen538 Univ0 prob=0.471
AgeVaxH35.js:2299 914I x:ageGp:fam 685:4:-1 by red 61:1:-1 at gen538 Univ0 prob=0.804
AgeVaxH35.js:2299 918I x:ageGp:fam 91:1:-1 by blue 705:5:-1 at gen540 Univ0 prob=0.922
AgeVaxH35.js:2299 918I x:ageGp:fam 918:7:-1 by red 867:6:-1 at gen540 Univ0 prob=0.844
AgeVaxH35.js:2299 920I x:ageGp:fam 832:6:-1 by red 36:0:-1 at gen542 Univ0 prob=0.773
AgeVaxH35.js:2299 920I x:ageGp:fam 351:2:-1 by red 555:4:-1 at gen542 Univ0 prob=0.064
AgeVaxH35.js:2299 920I x:ageGp:fam 618:4:-1 by blue 712:5:-1 at gen542 Univ0 prob=0.047
AgeVaxH35.js:2299 920I x:ageGp:fam 879:6:-1 by red 700:5:-1 at gen542 Univ0 prob=0.890
AgeVaxH35.js:2299 920I x:ageGp:fam 39:0:-1 by blue 200:2:-1 at gen543 Univ0 prob=0.368
AgeVaxH35.js:2299 920I x:ageGp:fam 42:1:-1 by red 669:4:-1 at gen543 Univ0 prob=0.480
AgeVaxH35.js:2299 920I x:ageGp:fam 802:5:-1 by red 406:3:-1 at gen543 Univ0 prob=0.048
AgeVaxH35.js:2299 924I x:ageGp:fam 749:5:-1 by red 159:2:-1 at gen544 Univ0 prob=0.487
AgeVaxH35.js:2299 928I x:ageGp:fam 791:5:-1 by red 426:3:-1 at gen546 Univ0 prob=0.815
AgeVaxH35.js:2299 928I x:ageGp:fam 848:6:-1 by red 415:3:-1 at gen547 Univ0 prob=0.805
AgeVaxH35.js:2299 928I x:ageGp:fam 876:6:-1 by red 724:5:-1 at gen547 Univ0 prob=0.134
AgeVaxH35.js:2299 929I x:ageGp:fam 46:1:-1 by red 358:2:-1 at gen548 Univ0 prob=0.694
AgeVaxH35.js:2299 931I x:ageGp:fam 762:5:-1 by red 677:4:-1 at gen549 Univ0 prob=0.582
AgeVaxH35.js:2299 932I x:ageGp:fam 675:4:-1 by red 328:2:-1 at gen550 Univ0 prob=0.185
AgeVaxH35.js:2299 933I x:ageGp:fam 601:4:-1 by red 490:3:-1 at gen551 Univ0 prob=0.332
AgeVaxH35.js:2299 934I x:ageGp:fam 238:2:-1 by red 159:2:-1 at gen552 Univ0 prob=0.614
AgeVaxH35.js:2299 934I x:ageGp:fam 384:3:-1 by red 206:2:-1 at gen552 Univ0 prob=0.214
AgeVaxH35.js:2299 934I x:ageGp:fam 893:6:-1 by blue 960:8:-1 at gen552 Univ0 prob=0.268
AgeVaxH35.js:2299 935I x:ageGp:fam 467:3:-1 by red 780:5:-1 at gen553 Univ0 prob=0.624
AgeVaxH35.js:2299 935I x:ageGp:fam 695:5:-1 by blue 688:4:-1 at gen553 Univ0 prob=0.253
AgeVaxH35.js:2299 938I x:ageGp:fam 360:3:-1 by red 328:2:-1 at gen554 Univ0 prob=0.131
AgeVaxH35.js:2299 938I x:ageGp:fam 410:3:-1 by red 545:4:-1 at gen554 Univ0 prob=0.897
AgeVaxH35.js:2299 940I x:ageGp:fam 7:0:-1 by red 934:7:-1 at gen555 Univ0 prob=0.710
AgeVaxH35.js:2299 940I x:ageGp:fam 734:5:-1 by red 262:2:-1 at gen555 Univ0 prob=0.898
AgeVaxH35.js:2299 942I x:ageGp:fam 681:4:-1 by blue 745:5:-1 at gen556 Univ0 prob=0.864
AgeVaxH35.js:2299 942I x:ageGp:fam 739:5:-1 by red 834:6:-1 at gen556 Univ0 prob=0.184
AgeVaxH35.js:2299 946I x:ageGp:fam 737:5:-1 by blue 850:6:-1 at gen558 Univ0 prob=0.974
AgeVaxH35.js:2299 946I x:ageGp:fam 657:4:-1 by red 525:3:-1 at gen559 Univ0 prob=0.575
AgeVaxH35.js:2299 947I x:ageGp:fam 441:3:-1 by red 69:1:-1 at gen560 Univ0 prob=0.055
AgeVaxH35.js:2299 947I x:ageGp:fam 750:5:-1 by blue 667:4:-1 at gen560 Univ0 prob=0.873
AgeVaxH35.js:2299 948I x:ageGp:fam 77:1:-1 by red 177:2:-1 at gen561 Univ0 prob=0.747
AgeVaxH35.js:2299 948I x:ageGp:fam 926:7:-1 by red 998:9:-1 at gen561 Univ0 prob=0.646
AgeVaxH35.js:2299 950I x:ageGp:fam 287:2:-1 by blue 113:1:-1 at gen562 Univ0 prob=0.570
AgeVaxH35.js:2299 952I x:ageGp:fam 431:3:-1 by blue 448:3:-1 at gen563 Univ0 prob=0.500
AgeVaxH35.js:2299 954I x:ageGp:fam 80:1:-1 by red 474:3:-1 at gen566 Univ0 prob=0.547
AgeVaxH35.js:2299 954I x:ageGp:fam 245:2:-1 by blue 641:4:-1 at gen566 Univ0 prob=0.901
AgeVaxH35.js:2299 956I x:ageGp:fam 151:2:-1 by red 841:6:-1 at gen568 Univ0 prob=0.469
AgeVaxH35.js:2299 956I x:ageGp:fam 757:5:-1 by red 630:4:-1 at gen569 Univ0 prob=0.186
AgeVaxH35.js:2299 957I x:ageGp:fam 59:1:-1 by red 864:6:-1 at gen570 Univ0 prob=0.311
AgeVaxH35.js:2299 957I x:ageGp:fam 81:1:-1 by red 640:4:-1 at gen570 Univ0 prob=0.742
AgeVaxH35.js:2299 957I x:ageGp:fam 81:1:-1 by red 947:7:-1 at gen570 Univ0 prob=0.492
AgeVaxH35.js:2299 958I x:ageGp:fam 374:3:-1 by red 11:0:-1 at gen571 Univ0 prob=0.407
AgeVaxH35.js:2299 958I x:ageGp:fam 132:2:-1 by red 929:7:-1 at gen571 Univ0 prob=0.972
AgeVaxH35.js:2299 960I x:ageGp:fam 559:4:-1 by blue 308:2:-1 at gen572 Univ0 prob=0.130
AgeVaxH35.js:2299 960I x:ageGp:fam 509:3:-1 by red 851:6:-1 at gen572 Univ0 prob=0.916
AgeVaxH35.js:2299 962I x:ageGp:fam 201:2:-1 by red 55:1:-1 at gen573 Univ0 prob=0.177
AgeVaxH35.js:2299 962I x:ageGp:fam 195:2:-1 by blue 654:4:-1 at gen573 Univ0 prob=0.077
AgeVaxH35.js:2299 964I x:ageGp:fam 432:3:-1 by red 555:4:-1 at gen574 Univ0 prob=0.086
AgeVaxH35.js:2299 967I x:ageGp:fam 459:3:-1 by red 488:3:-1 at gen578 Univ0 prob=0.834
AgeVaxH35.js:2299 968I x:ageGp:fam 710:5:-1 by blue 623:4:-1 at gen581 Univ0 prob=0.459
AgeVaxH35.js:2299 969I x:ageGp:fam 644:4:-1 by red 134:2:-1 at gen583 Univ0 prob=0.331
AgeVaxH35.js:2299 970I x:ageGp:fam 826:6:-1 by blue 522:3:-1 at gen586 Univ0 prob=0.086
AgeVaxH35.js:2299 970I x:ageGp:fam 203:2:-1 by red 32:0:-1 at gen587 Univ0 prob=0.547
AgeVaxH35.js:2299 971I x:ageGp:fam 125:1:-1 by red 62:1:-1 at gen588 Univ0 prob=0.573
AgeVaxH35.js:2299 971I x:ageGp:fam 269:2:-1 by blue 417:3:-1 at gen588 Univ0 prob=0.733
AgeVaxH35.js:2299 971I x:ageGp:fam 491:3:-1 by blue 388:3:-1 at gen588 Univ0 prob=0.588
AgeVaxH35.js:2299 972I x:ageGp:fam 302:2:-1 by blue 958:8:-1 at gen589 Univ0 prob=0.596
AgeVaxH35.js:2299 975I x:ageGp:fam 409:3:-1 by red 705:5:-1 at gen590 Univ0 prob=0.021
AgeVaxH35.js:2299 977I x:ageGp:fam 505:3:-1 by red 705:5:-1 at gen598 Univ0 prob=0.028
AgeVaxH35.js:2299 978I x:ageGp:fam 951:8:-1 by blue 455:3:-1 at gen600 Univ0 prob=0.451
AgeVaxH35.js:2299 978I x:ageGp:fam 766:5:-1 by red 895:6:-1 at gen600 Univ0 prob=0.133
AgeVaxH35.js:2299 980I x:ageGp:fam 155:2:-1 by red 133:2:-1 at gen604 Univ0 prob=0.494
AgeVaxH35.js:2299 980I x:ageGp:fam 747:5:-1 by red 815:5:-1 at gen605 Univ0 prob=0.076
AgeVaxH35.js:2299 981I x:ageGp:fam 774:5:-1 by blue 204:2:-1 at gen606 Univ0 prob=0.990
AgeVaxH35.js:2299 983I x:ageGp:fam 184:2:-1 by red 970:8:-1 at gen608 Univ0 prob=0.278
AgeVaxH35.js:2299 983I x:ageGp:fam 820:5:-1 by red 488:3:-1 at gen609 Univ0 prob=0.840
AgeVaxH35.js:2299 985I x:ageGp:fam 887:6:-1 by red 92:1:-1 at gen612 Univ0 prob=0.783
AgeVaxH35.js:2299 985I x:ageGp:fam 627:4:-1 by red 796:5:-1 at gen612 Univ0 prob=0.455
AgeVaxH35.js:2299 985I x:ageGp:fam 440:3:-1 by red 788:5:-1 at gen613 Univ0 prob=0.987
AgeVaxH35.js:2299 988I x:ageGp:fam 698:5:-1 by red 0:0:-1 at gen615 Univ0 prob=0.276
AgeVaxH35.js:2299 988I x:ageGp:fam 639:4:-1 by red 846:6:-1 at gen615 Univ0 prob=0.693
AgeVaxH35.js:2299 990I x:ageGp:fam 629:4:-1 by red 504:3:-1 at gen624 Univ0 prob=0.184
AgeVaxH35.js:2299 991I x:ageGp:fam 422:3:-1 by red 272:2:-1 at gen636 Univ0 prob=0.634
AgeVaxH35.js:2299 992I x:ageGp:fam 635:4:-1 by red 134:2:-1 at gen644 Univ0 prob=0.053
AgeVaxH35.js:2299 992I x:ageGp:fam 844:6:-1 by red 688:4:-1 at gen645 Univ0 prob=0.953
AgeVaxH35.js:2299 994I x:ageGp:fam 476:3:-1 by red 448:3:-1 at gen648 Univ0 prob=0.098
AgeVaxH35.js:2299 995I x:ageGp:fam 187:2:-1 by red 876:6:-1 at gen673 Univ0 prob=0.733
AgeVaxH35.js:2299 996I x:ageGp:fam 279:2:-1 by red 59:1:-1 at gen688 Univ0 prob=0.468
AgeVaxH35.js:2299 997I x:ageGp:fam 985:9:-1 by red 628:4:-1 at gen693 Univ0 prob=0.472
AgeVaxH35.js:2299 998I x:ageGp:fam 391:3:-1 by red 848:6:-1 at gen716 Univ0 prob=0.114
AgeVaxH35.js:2299 999I x:ageGp:fam 21:0:-1 by red 155:2:-1 at gen790 Univ0 prob=0.586
