AgeVaxH35.js:871 Mon Jan 18 2021 23:13:03 GMT-0800 (Pacific Standard Time)
AgeVaxH35.js:872 CovidSIMVL Mode1 and Mod2 Hybrid 35d
AgeVaxH35.js:873 Mode 1 >13 and <36 is 75%
AgeVaxH35.js:874 Mode 2 >28 is 95%; >13 and <29 is 75%
AgeVaxH35.js:4370 exit covidSim
AgeVaxH35.js:23 getAsText File {name: "Popn1000.csv", lastModified: 1611021598000, lastModifiedDate: Mon Jan 18 2021 17:59:58 GMT-0800 (Pacific Standard Time), webkitRelativePath: "", size: 23944, …}
AgeVaxH35.js:32 File {name: "Popn1000.csv", lastModified: 1611021598000, lastModifiedDate: Mon Jan 18 2021 17:59:58 GMT-0800 (Pacific Standard Time), webkitRelativePath: "", size: 23944, …}
AgeVaxH35.js:23 getAsText File {name: "VL1ageGp2.csv", lastModified: 1611004274000, lastModifiedDate: Mon Jan 18 2021 13:11:14 GMT-0800 (Pacific Standard Time), webkitRelativePath: "", size: 65, …}
AgeVaxH35.js:32 File {name: "VL1ageGp2.csv", lastModified: 1611004274000, lastModifiedDate: Mon Jan 18 2021 13:11:14 GMT-0800 (Pacific Standard Time), webkitRelativePath: "", size: 65, …}
AgeVaxH35.js:1710 new Mingle Factor = 6
AgeVaxH35.js:1696 New Hazard Radius = 0.7
AgeVaxH35.js:1674 Red Days changed to 8.7
AgeVaxH35.js:2202 1I j:ageGp:fam 791:5:-1 by red 150:2:-1 at gen60 Univ0 prob=0.034
AgeVaxH35.js:2221 2I i:ageGp:fam 263:2:-1 by red 791:5:-1 at gen242 Univ0 prob=0.456
AgeVaxH35.js:2221 3I i:ageGp:fam 482:3:-1 by red 791:5:-1 at gen260 Univ0 prob=0.436
AgeVaxH35.js:2202 4I j:ageGp:fam 313:2:-1 by red 263:2:-1 at gen389 Univ0 prob=0.346
AgeVaxH35.js:2221 5I i:ageGp:fam 184:2:-1 by red 313:2:-1 at gen594 Univ0 prob=0.420
AgeVaxH35.js:2202 6I j:ageGp:fam 616:4:-1 by blue 184:2:-1 at gen668 Univ0 prob=0.642
AgeVaxH35.js:2202 7I j:ageGp:fam 744:5:-1 by blue 616:4:-1 at gen743 Univ0 prob=0.133
AgeVaxH35.js:2221 8I i:ageGp:fam 199:2:-1 by blue 616:4:-1 at gen749 Univ0 prob=0.473
AgeVaxH35.js:2221 9I i:ageGp:fam 197:2:-1 by blue 616:4:-1 at gen782 Univ0 prob=0.760
AgeVaxH35.js:2202 10I j:ageGp:fam 762:5:-1 by red 199:2:-1 at gen867 Univ0 prob=0.700
AgeVaxH35.js:2202 11I j:ageGp:fam 699:5:-1 by red 199:2:-1 at gen870 Univ0 prob=0.299
AgeVaxH35.js:2202 12I j:ageGp:fam 827:6:-1 by red 197:2:-1 at gen917 Univ0 prob=0.280
AgeVaxH35.js:2202 12I j:ageGp:fam 486:3:-1 by red 199:2:-1 at gen917 Univ0 prob=0.704
AgeVaxH35.js:2221 14I i:ageGp:fam 239:2:-1 by blue 762:5:-1 at gen950 Univ0 prob=0.021
AgeVaxH35.js:2221 14I i:ageGp:fam 702:5:-1 by blue 762:5:-1 at gen951 Univ0 prob=0.016
AgeVaxH35.js:2221 15I i:ageGp:fam 107:1:-1 by red 197:2:-1 at gen952 Univ0 prob=0.602
AgeVaxH35.js:2202 17I j:ageGp:fam 848:6:-1 by red 699:5:-1 at gen994 Univ0 prob=0.638
AgeVaxH35.js:2221 18I i:ageGp:fam 495:3:-1 by red 699:5:-1 at gen1003 Univ0 prob=0.773
AgeVaxH35.js:2221 19I i:ageGp:fam 34:0:-1 by blue 486:3:-1 at gen1008 Univ0 prob=0.688
AgeVaxH35.js:2202 19I j:ageGp:fam 370:3:-1 by blue 107:1:-1 at gen1008 Univ0 prob=0.986
AgeVaxH35.js:2202 21I j:ageGp:fam 644:4:-1 by blue 239:2:-1 at gen1038 Univ0 prob=0.130
AgeVaxH35.js:2221 22I i:ageGp:fam 5:0:-1 by red 486:3:-1 at gen1041 Univ0 prob=0.749
AgeVaxH35.js:2202 22I j:ageGp:fam 781:5:-1 by blue 702:5:-1 at gen1041 Univ0 prob=0.434
AgeVaxH35.js:2221 24I i:ageGp:fam 100:1:-1 by red 239:2:-1 at gen1071 Univ0 prob=0.448
AgeVaxH35.js:2202 25I j:ageGp:fam 874:6:-1 by red 486:3:-1 at gen1075 Univ0 prob=0.526
AgeVaxH35.js:2221 26I i:ageGp:fam 163:2:-1 by blue 848:6:-1 at gen1083 Univ0 prob=0.720
AgeVaxH35.js:2202 27I j:ageGp:fam 159:2:-1 by blue 34:0:-1 at gen1093 Univ0 prob=0.455
AgeVaxH35.js:2221 27I i:ageGp:fam 343:2:-1 by red 702:5:-1 at gen1093 Univ0 prob=0.424
AgeVaxH35.js:2202 29I j:ageGp:fam 373:3:-1 by blue 34:0:-1 at gen1099 Univ0 prob=0.108
AgeVaxH35.js:2202 30I j:ageGp:fam 668:4:-1 by blue 370:3:-1 at gen1104 Univ0 prob=0.599
AgeVaxH35.js:2221 31I i:ageGp:fam 27:0:-1 by blue 34:0:-1 at gen1106 Univ0 prob=0.496
AgeVaxH35.js:2202 32I j:ageGp:fam 689:4:-1 by red 486:3:-1 at gen1116 Univ0 prob=0.234
AgeVaxH35.js:2202 32I j:ageGp:fam 302:2:-1 by red 107:1:-1 at gen1117 Univ0 prob=0.603
AgeVaxH35.js:2202 34I j:ageGp:fam 524:3:-1 by blue 5:0:-1 at gen1128 Univ0 prob=0.855
AgeVaxH35.js:2221 35I i:ageGp:fam 214:2:-1 by blue 644:4:-1 at gen1130 Univ0 prob=0.325
AgeVaxH35.js:2202 36I j:ageGp:fam 682:4:-1 by blue 644:4:-1 at gen1147 Univ0 prob=0.184
AgeVaxH35.js:2202 36I j:ageGp:fam 476:3:-1 by blue 100:1:-1 at gen1148 Univ0 prob=0.509
AgeVaxH35.js:2202 38I j:ageGp:fam 734:5:-1 by blue 100:1:-1 at gen1173 Univ0 prob=0.700
AgeVaxH35.js:2221 38I i:ageGp:fam 665:4:-1 by blue 874:6:-1 at gen1174 Univ0 prob=0.110
AgeVaxH35.js:2202 40I j:ageGp:fam 659:4:-1 by blue 373:3:-1 at gen1176 Univ0 prob=0.862
AgeVaxH35.js:2221 41I i:ageGp:fam 36:0:-1 by red 781:5:-1 at gen1189 Univ0 prob=0.153
AgeVaxH35.js:2202 42I j:ageGp:fam 944:7:-1 by red 34:0:-1 at gen1193 Univ0 prob=0.436
AgeVaxH35.js:2202 42I j:ageGp:fam 992:9:-1 by blue 874:6:-1 at gen1194 Univ0 prob=0.206
AgeVaxH35.js:2221 44I i:ageGp:fam 314:2:-1 by blue 373:3:-1 at gen1197 Univ0 prob=0.589
AgeVaxH35.js:2202 45I j:ageGp:fam 542:4:-1 by blue 163:2:-1 at gen1199 Univ0 prob=0.831
AgeVaxH35.js:2221 45I i:ageGp:fam 269:2:-1 by blue 476:3:-1 at gen1200 Univ0 prob=0.647
AgeVaxH35.js:2202 47I j:ageGp:fam 242:2:-1 by blue 159:2:-1 at gen1207 Univ0 prob=0.703
AgeVaxH35.js:2221 48I i:ageGp:fam 475:3:-1 by red 644:4:-1 at gen1212 Univ0 prob=0.594
AgeVaxH35.js:2202 49I j:ageGp:fam 947:7:-1 by blue 524:3:-1 at gen1217 Univ0 prob=0.877
AgeVaxH35.js:2221 50I i:ageGp:fam 20:0:-1 by red 373:3:-1 at gen1227 Univ0 prob=0.383
AgeVaxH35.js:2221 50I i:ageGp:fam 703:5:-1 by red 781:5:-1 at gen1228 Univ0 prob=0.199
AgeVaxH35.js:2221 52I i:ageGp:fam 496:3:-1 by red 874:6:-1 at gen1261 Univ0 prob=0.453
AgeVaxH35.js:2221 53I i:ageGp:fam 126:1:-1 by red 874:6:-1 at gen1265 Univ0 prob=0.460
AgeVaxH35.js:2221 53I i:ageGp:fam 651:4:-1 by red 668:4:-1 at gen1266 Univ0 prob=0.179
AgeVaxH35.js:2202 55I j:ageGp:fam 939:7:-1 by red 689:4:-1 at gen1285 Univ0 prob=0.476
AgeVaxH35.js:2202 56I j:ageGp:fam 836:6:-1 by blue 242:2:-1 at gen1294 Univ0 prob=0.591
AgeVaxH35.js:2202 56I j:ageGp:fam 692:5:-1 by red 302:2:-1 at gen1294 Univ0 prob=0.361
AgeVaxH35.js:2221 56I i:ageGp:fam 23:0:-1 by red 668:4:-1 at gen1295 Univ0 prob=0.019
AgeVaxH35.js:2202 59I j:ageGp:fam 581:4:-1 by red 27:0:-1 at gen1301 Univ0 prob=0.842
AgeVaxH35.js:2221 60I i:ageGp:fam 613:4:-1 by red 659:4:-1 at gen1303 Univ0 prob=0.769
AgeVaxH35.js:2221 60I i:ageGp:fam 118:1:-1 by blue 269:2:-1 at gen1304 Univ0 prob=0.734
AgeVaxH35.js:2221 62I i:ageGp:fam 474:3:-1 by red 992:9:-1 at gen1314 Univ0 prob=0.269
AgeVaxH35.js:2221 63I i:ageGp:fam 168:2:-1 by red 992:9:-1 at gen1316 Univ0 prob=0.906
AgeVaxH35.js:2202 64I j:ageGp:fam 532:3:-1 by red 302:2:-1 at gen1322 Univ0 prob=0.260
AgeVaxH35.js:2202 65I j:ageGp:fam 377:3:-1 by red 269:2:-1 at gen1328 Univ0 prob=0.629
AgeVaxH35.js:2202 66I j:ageGp:fam 575:4:-1 by red 269:2:-1 at gen1364 Univ0 prob=0.307
AgeVaxH35.js:2221 67I i:ageGp:fam 153:2:-1 by red 542:4:-1 at gen1369 Univ0 prob=0.341
AgeVaxH35.js:2202 68I j:ageGp:fam 716:5:-1 by red 20:0:-1 at gen1388 Univ0 prob=0.669
AgeVaxH35.js:2202 68I j:ageGp:fam 816:5:-1 by blue 23:0:-1 at gen1389 Univ0 prob=0.977
AgeVaxH35.js:2202 68I j:ageGp:fam 445:3:-1 by red 269:2:-1 at gen1389 Univ0 prob=0.155
AgeVaxH35.js:2202 71I j:ageGp:fam 642:4:-1 by red 242:2:-1 at gen1394 Univ0 prob=0.235
AgeVaxH35.js:2202 72I j:ageGp:fam 923:7:-1 by blue 532:3:-1 at gen1397 Univ0 prob=0.820
AgeVaxH35.js:2202 73I j:ageGp:fam 700:5:-1 by red 496:3:-1 at gen1404 Univ0 prob=0.776
AgeVaxH35.js:2221 74I i:ageGp:fam 76:1:-1 by blue 377:3:-1 at gen1409 Univ0 prob=0.887
AgeVaxH35.js:2202 74I j:ageGp:fam 981:8:-1 by blue 581:4:-1 at gen1409 Univ0 prob=0.020
AgeVaxH35.js:2221 76I i:ageGp:fam 298:2:-1 by red 703:5:-1 at gen1411 Univ0 prob=0.600
AgeVaxH35.js:2202 76I j:ageGp:fam 739:5:-1 by blue 692:5:-1 at gen1412 Univ0 prob=0.414
AgeVaxH35.js:2202 78I j:ageGp:fam 877:6:-1 by red 474:3:-1 at gen1430 Univ0 prob=0.766
AgeVaxH35.js:2202 79I j:ageGp:fam 512:3:-1 by red 126:1:-1 at gen1451 Univ0 prob=0.335
AgeVaxH35.js:2221 80I i:ageGp:fam 686:4:-1 by red 836:6:-1 at gen1460 Univ0 prob=0.628
AgeVaxH35.js:2221 81I i:ageGp:fam 44:1:-1 by blue 575:4:-1 at gen1469 Univ0 prob=0.939
AgeVaxH35.js:2221 82I i:ageGp:fam 671:4:-1 by red 836:6:-1 at gen1471 Univ0 prob=0.174
AgeVaxH35.js:2202 82I j:ageGp:fam 954:8:-1 by red 692:5:-1 at gen1471 Univ0 prob=0.376
AgeVaxH35.js:2202 84I j:ageGp:fam 537:3:-1 by blue 298:2:-1 at gen1476 Univ0 prob=0.887
AgeVaxH35.js:2221 85I i:ageGp:fam 119:1:-1 by red 474:3:-1 at gen1486 Univ0 prob=0.313
AgeVaxH35.js:2202 86I j:ageGp:fam 867:6:-1 by blue 716:5:-1 at gen1502 Univ0 prob=0.862
AgeVaxH35.js:2221 86I i:ageGp:fam 363:3:-1 by blue 445:3:-1 at gen1503 Univ0 prob=0.666
AgeVaxH35.js:2221 88I i:ageGp:fam 559:4:-1 by blue 739:5:-1 at gen1520 Univ0 prob=0.657
AgeVaxH35.js:2202 88I j:ageGp:fam 777:5:-1 by blue 739:5:-1 at gen1520 Univ0 prob=0.583
AgeVaxH35.js:2202 90I j:ageGp:fam 949:8:-1 by blue 512:3:-1 at gen1528 Univ0 prob=0.182
AgeVaxH35.js:2221 91I i:ageGp:fam 55:1:-1 by red 642:4:-1 at gen1533 Univ0 prob=0.183
AgeVaxH35.js:2221 91I i:ageGp:fam 276:2:-1 by blue 512:3:-1 at gen1533 Univ0 prob=0.414
AgeVaxH35.js:2221 93I i:ageGp:fam 86:1:-1 by red 739:5:-1 at gen1535 Univ0 prob=0.530
AgeVaxH35.js:2221 94I i:ageGp:fam 372:3:-1 by blue 686:4:-1 at gen1537 Univ0 prob=0.952
AgeVaxH35.js:2202 95I j:ageGp:fam 831:6:-1 by blue 512:3:-1 at gen1539 Univ0 prob=0.209
AgeVaxH35.js:2202 96I j:ageGp:fam 946:7:-1 by red 816:5:-1 at gen1541 Univ0 prob=0.982
AgeVaxH35.js:2202 97I j:ageGp:fam 866:6:-1 by red 445:3:-1 at gen1549 Univ0 prob=0.776
AgeVaxH35.js:2202 97I j:ageGp:fam 468:3:-1 by red 445:3:-1 at gen1550 Univ0 prob=0.071
AgeVaxH35.js:2221 99I i:ageGp:fam 511:3:-1 by red 700:5:-1 at gen1564 Univ0 prob=0.354
AgeVaxH35.js:2221 100I i:ageGp:fam 339:2:-1 by blue 671:4:-1 at gen1568 Univ0 prob=0.981
AgeVaxH35.js:2202 100I j:ageGp:fam 829:6:-1 by blue 671:4:-1 at gen1568 Univ0 prob=0.329
AgeVaxH35.js:2202 102I j:ageGp:fam 883:6:-1 by blue 671:4:-1 at gen1577 Univ0 prob=0.838
AgeVaxH35.js:2202 102I j:ageGp:fam 224:2:-1 by blue 44:1:-1 at gen1578 Univ0 prob=0.725
AgeVaxH35.js:2221 104I i:ageGp:fam 341:2:-1 by red 923:7:-1 at gen1580 Univ0 prob=0.480
​ 105I i:ageGp:fam 1:0:-1 by red 877:6:-1 at gen1587 Univ0 prob=0.095
​ 106I j:ageGp:fam 503:3:-1 by red 44:1:-1 at gen1596 Univ0 prob=0.018
​ 107I i:ageGp:fam 64:1:-1 by blue 276:2:-1 at gen1608 Univ0 prob=0.775
​ 108I i:ageGp:fam 136:2:-1 by red 739:5:-1 at gen1610 Univ0 prob=0.531
​ 109I j:ageGp:fam 614:4:-1 by blue 559:4:-1 at gen1623 Univ0 prob=0.128
​ 109I i:ageGp:fam 207:2:-1 by blue 468:3:-1 at gen1624 Univ0 prob=0.271
​ 111I j:ageGp:fam 527:3:-1 by red 363:3:-1 at gen1629 Univ0 prob=0.162
​ 112I j:ageGp:fam 969:8:-1 by red 867:6:-1 at gen1631 Univ0 prob=0.939
​ 113I i:ageGp:fam 311:2:-1 by red 512:3:-1 at gen1635 Univ0 prob=0.664
​ 113I j:ageGp:fam 968:8:-1 by red 686:4:-1 at gen1635 Univ0 prob=0.047
​ 115I j:ageGp:fam 392:3:-1 by blue 276:2:-1 at gen1637 Univ0 prob=0.192
​ 116I i:ageGp:fam 811:5:-1 by red 954:8:-1 at gen1640 Univ0 prob=0.974
​ 117I i:ageGp:fam 785:5:-1 by blue 866:6:-1 at gen1644 Univ0 prob=0.750
​ 118I j:ageGp:fam 679:4:-1 by blue 339:2:-1 at gen1650 Univ0 prob=0.508
​ 119I i:ageGp:fam 854:6:-1 by red 949:8:-1 at gen1655 Univ0 prob=0.893
​ 120I j:ageGp:fam 374:3:-1 by red 363:3:-1 at gen1661 Univ0 prob=0.463
​ 121I j:ageGp:fam 488:3:-1 by red 119:1:-1 at gen1663 Univ0 prob=0.619
​ 122I j:ageGp:fam 870:6:-1 by red 559:4:-1 at gen1667 Univ0 prob=0.906
​ 122I j:ageGp:fam 402:3:-1 by red 44:1:-1 at gen1668 Univ0 prob=0.463
​ 124I j:ageGp:fam 855:6:-1 by red 777:5:-1 at gen1682 Univ0 prob=0.458
​ 125I j:ageGp:fam 325:2:-1 by blue 136:2:-1 at gen1694 Univ0 prob=0.513
​ 125I i:ageGp:fam 123:1:-1 by blue 207:2:-1 at gen1695 Univ0 prob=0.267
​ 127I i:ageGp:fam 295:2:-1 by red 777:5:-1 at gen1701 Univ0 prob=0.326
​ 127I i:ageGp:fam 376:3:-1 by red 831:6:-1 at gen1701 Univ0 prob=0.489
​ 129I i:ageGp:fam 104:1:-1 by red 829:6:-1 at gen1709 Univ0 prob=0.687
​ 129I i:ageGp:fam 246:2:-1 by red 883:6:-1 at gen1709 Univ0 prob=0.487
​ 131I i:ageGp:fam 43:1:-1 by blue 614:4:-1 at gen1722 Univ0 prob=0.281
​ 131I i:ageGp:fam 335:2:-1 by blue 679:4:-1 at gen1722 Univ0 prob=0.822
​ 133I j:ageGp:fam 529:3:-1 by blue 488:3:-1 at gen1736 Univ0 prob=0.928
​ 134I i:ageGp:fam 514:3:-1 by red 829:6:-1 at gen1742 Univ0 prob=0.169
​ 135I i:ageGp:fam 324:2:-1 by red 883:6:-1 at gen1744 Univ0 prob=0.294
​ 136I j:ageGp:fam 895:6:-1 by blue 402:3:-1 at gen1746 Univ0 prob=0.081
​ 137I j:ageGp:fam 908:7:-1 by red 503:3:-1 at gen1751 Univ0 prob=0.009
​ 137I i:ageGp:fam 755:5:-1 by red 883:6:-1 at gen1751 Univ0 prob=0.793
​ 139I j:ageGp:fam 931:7:-1 by red 224:2:-1 at gen1753 Univ0 prob=0.490
​ 140I i:ageGp:fam 955:8:-1 by red 969:8:-1 at gen1756 Univ0 prob=0.056
​ 140I i:ageGp:fam 47:1:-1 by blue 374:3:-1 at gen1757 Univ0 prob=0.347
​ 142I i:ageGp:fam 284:2:-1 by red 311:2:-1 at gen1760 Univ0 prob=0.443
​ 143I i:ageGp:fam 300:2:-1 by red 614:4:-1 at gen1763 Univ0 prob=0.454
​ 144I i:ageGp:fam 32:0:-1 by red 785:5:-1 at gen1767 Univ0 prob=0.536
​ 145I i:ageGp:fam 724:5:-1 by blue 855:6:-1 at gen1777 Univ0 prob=0.487
​ 146I i:ageGp:fam 410:3:-1 by red 527:3:-1 at gen1780 Univ0 prob=0.815
​ 146I j:ageGp:fam 705:5:-1 by blue 402:3:-1 at gen1781 Univ0 prob=0.066
​ 147I i:ageGp:fam 60:1:-1 by blue 325:2:-1 at gen1782 Univ0 prob=0.222
​ 148I j:ageGp:fam 761:5:-1 by blue 104:1:-1 at gen1783 Univ0 prob=0.196
​ 149I j:ageGp:fam 411:3:-1 by blue 402:3:-1 at gen1784 Univ0 prob=0.437
​ 151I j:ageGp:fam 609:4:-1 by blue 295:2:-1 at gen1787 Univ0 prob=0.036
​ 151I i:ageGp:fam 375:3:-1 by red 503:3:-1 at gen1787 Univ0 prob=0.650
​ 153I j:ageGp:fam 707:5:-1 by blue 104:1:-1 at gen1789 Univ0 prob=0.882
​ 153I i:ageGp:fam 342:2:-1 by red 785:5:-1 at gen1789 Univ0 prob=0.543
​ 155I j:ageGp:fam 588:4:-1 by red 136:2:-1 at gen1793 Univ0 prob=0.578
​ 156I j:ageGp:fam 706:5:-1 by red 402:3:-1 at gen1795 Univ0 prob=0.254
​ 157I i:ageGp:fam 181:2:-1 by red 679:4:-1 at gen1798 Univ0 prob=0.352
​ 158I i:ageGp:fam 41:1:-1 by red 854:6:-1 at gen1806 Univ0 prob=0.372
​ 159I j:ageGp:fam 603:4:-1 by blue 514:3:-1 at gen1814 Univ0 prob=0.741
​ 160I j:ageGp:fam 438:3:-1 by red 402:3:-1 at gen1821 Univ0 prob=0.598
​ 160I i:ageGp:fam 273:2:-1 by red 854:6:-1 at gen1822 Univ0 prob=0.798
​ 162I i:ageGp:fam 825:6:-1 by red 854:6:-1 at gen1824 Univ0 prob=0.775
​ 163I j:ageGp:fam 905:7:-1 by blue 104:1:-1 at gen1827 Univ0 prob=0.226
​ 163I i:ageGp:fam 782:5:-1 by red 969:8:-1 at gen1828 Univ0 prob=0.668
​ 165I i:ageGp:fam 678:4:-1 by red 811:5:-1 at gen1831 Univ0 prob=0.941
​ 166I j:ageGp:fam 499:3:-1 by red 295:2:-1 at gen1836 Univ0 prob=0.184
​ 167I i:ageGp:fam 226:2:-1 by blue 324:2:-1 at gen1839 Univ0 prob=0.531
​ 168I i:ageGp:fam 631:4:-1 by red 811:5:-1 at gen1841 Univ0 prob=0.242
​ 169I i:ageGp:fam 35:0:-1 by blue 529:3:-1 at gen1843 Univ0 prob=0.116
​ 170I j:ageGp:fam 828:6:-1 by blue 60:1:-1 at gen1846 Univ0 prob=0.802
​ 170I i:ageGp:fam 232:2:-1 by red 870:6:-1 at gen1847 Univ0 prob=0.047
​ 172I j:ageGp:fam 971:8:-1 by blue 705:5:-1 at gen1851 Univ0 prob=0.974
​ 172I j:ageGp:fam 458:3:-1 by blue 181:2:-1 at gen1852 Univ0 prob=0.832
​ 174I i:ageGp:fam 130:1:-1 by blue 375:3:-1 at gen1859 Univ0 prob=0.785
​ 175I i:ageGp:fam 222:2:-1 by blue 707:5:-1 at gen1862 Univ0 prob=0.544
​ 175I j:ageGp:fam 308:2:-1 by blue 181:2:-1 at gen1863 Univ0 prob=0.119
​ 177I j:ageGp:fam 920:7:-1 by blue 514:3:-1 at gen1865 Univ0 prob=0.980
​ 178I i:ageGp:fam 845:6:-1 by blue 931:7:-1 at gen1868 Univ0 prob=0.557
​ 179I i:ageGp:fam 283:2:-1 by yellow 845:6:-1 at gen1870 Univ0 prob=0.259
​ 180I i:ageGp:fam 294:2:-1 by red 529:3:-1 at gen1873 Univ0 prob=0.398
​ 181I i:ageGp:fam 25:0:-1 by red 123:1:-1 at gen1878 Univ0 prob=0.365
​ 181I j:ageGp:fam 554:4:-1 by blue 181:2:-1 at gen1878 Univ0 prob=0.636
​ 183I i:ageGp:fam 881:6:-1 by red 955:8:-1 at gen1886 Univ0 prob=0.695
​ 184I i:ageGp:fam 175:2:-1 by blue 724:5:-1 at gen1890 Univ0 prob=0.144
​ 185I i:ageGp:fam 17:0:-1 by blue 588:4:-1 at gen1892 Univ0 prob=0.607
​ 185I j:ageGp:fam 586:4:-1 by red 514:3:-1 at gen1892 Univ0 prob=0.934
​ 185I j:ageGp:fam 778:5:-1 by blue 41:1:-1 at gen1893 Univ0 prob=0.168
​ 187I i:ageGp:fam 768:5:-1 by red 908:7:-1 at gen1894 Univ0 prob=0.053
​ 189I i:ageGp:fam 140:2:-1 by red 529:3:-1 at gen1896 Univ0 prob=0.266
​ 190I j:ageGp:fam 231:2:-1 by blue 41:1:-1 at gen1899 Univ0 prob=0.334
​ 191I i:ageGp:fam 443:3:-1 by blue 609:4:-1 at gen1902 Univ0 prob=0.173
​ 192I j:ageGp:fam 757:5:-1 by red 32:0:-1 at gen1904 Univ0 prob=0.567
​ 193I i:ageGp:fam 621:4:-1 by blue 706:5:-1 at gen1907 Univ0 prob=0.313
​ 193I i:ageGp:fam 803:5:-1 by red 955:8:-1 at gen1907 Univ0 prob=0.207
​ 195I i:ageGp:fam 446:3:-1 by red 588:4:-1 at gen1911 Univ0 prob=0.940
​ 195I i:ageGp:fam 190:2:-1 by red 300:2:-1 at gen1912 Univ0 prob=0.853
​ 197I j:ageGp:fam 569:4:-1 by red 324:2:-1 at gen1919 Univ0 prob=0.025
​ 198I i:ageGp:fam 395:3:-1 by red 707:5:-1 at gen1922 Univ0 prob=0.861
​ 199I i:ageGp:fam 49:1:-1 by red 761:5:-1 at gen1924 Univ0 prob=0.234
​ 200I i:ageGp:fam 29:0:-1 by red 410:3:-1 at gen1931 Univ0 prob=0.880
​ 200I i:ageGp:fam 139:2:-1 by red 410:3:-1 at gen1931 Univ0 prob=0.318
​ 202I i:ageGp:fam 230:2:-1 by red 603:4:-1 at gen1933 Univ0 prob=0.287
​ 202I i:ageGp:fam 161:2:-1 by red 588:4:-1 at gen1934 Univ0 prob=0.686
​ 203I j:ageGp:fam 995:9:-1 by red 324:2:-1 at gen1935 Univ0 prob=0.547
​ 204I i:ageGp:fam 210:2:-1 by red 895:6:-1 at gen1936 Univ0 prob=0.206
​ 206I i:ageGp:fam 73:1:-1 by blue 232:2:-1 at gen1940 Univ0 prob=0.935
​ 206I j:ageGp:fam 879:6:-1 by red 342:2:-1 at gen1940 Univ0 prob=0.099
​ 206I i:ageGp:fam 78:1:-1 by red 375:3:-1 at gen1941 Univ0 prob=0.430
​ 209I j:ageGp:fam 204:2:-1 by red 41:1:-1 at gen1944 Univ0 prob=0.073
​ 209I i:ageGp:fam 278:2:-1 by red 603:4:-1 at gen1944 Univ0 prob=0.761
​ 209I i:ageGp:fam 50:1:-1 by red 342:2:-1 at gen1945 Univ0 prob=0.607
​ 212I j:ageGp:fam 766:5:-1 by red 375:3:-1 at gen1950 Univ0 prob=0.031
​ 212I i:ageGp:fam 564:4:-1 by red 761:5:-1 at gen1950 Univ0 prob=0.635
​ 214I i:ageGp:fam 48:1:-1 by red 705:5:-1 at gen1955 Univ0 prob=0.163
​ 214I j:ageGp:fam 245:2:-1 by blue 175:2:-1 at gen1955 Univ0 prob=0.697
​ 216I i:ageGp:fam 149:2:-1 by red 588:4:-1 at gen1957 Univ0 prob=0.163
​ 216I j:ageGp:fam 660:4:-1 by red 499:3:-1 at gen1958 Univ0 prob=0.930
​ 218I j:ageGp:fam 589:4:-1 by blue 231:2:-1 at gen1962 Univ0 prob=0.544
​ 218I j:ageGp:fam 901:6:-1 by red 761:5:-1 at gen1962 Univ0 prob=0.689
​ 218I j:ageGp:fam 643:4:-1 by blue 283:2:-1 at gen1963 Univ0 prob=0.338
​ 221I j:ageGp:fam 756:5:-1 by red 705:5:-1 at gen1968 Univ0 prob=0.945
​ 222I j:ageGp:fam 403:3:-1 by red 41:1:-1 at gen1971 Univ0 prob=0.063
​ 223I i:ageGp:fam 709:5:-1 by blue 881:6:-1 at gen1973 Univ0 prob=0.809
​ 223I j:ageGp:fam 650:4:-1 by red 342:2:-1 at gen1974 Univ0 prob=0.273
​ 224I j:ageGp:fam 170:2:-1 by blue 25:0:-1 at gen1975 Univ0 prob=0.239
​ 225I j:ageGp:fam 987:9:-1 by blue 175:2:-1 at gen1976 Univ0 prob=0.953
​ 227I i:ageGp:fam 633:4:-1 by blue 920:7:-1 at gen1979 Univ0 prob=0.378
​ 228I i:ageGp:fam 128:1:-1 by blue 222:2:-1 at gen1986 Univ0 prob=0.882
​ 228I i:ageGp:fam 137:2:-1 by red 273:2:-1 at gen1987 Univ0 prob=0.811
​ 228I j:ageGp:fam 428:3:-1 by blue 175:2:-1 at gen1987 Univ0 prob=0.845
​ 228I j:ageGp:fam 813:5:-1 by blue 443:3:-1 at gen1987 Univ0 prob=0.292
​ 228I j:ageGp:fam 938:7:-1 by red 905:7:-1 at gen1987 Univ0 prob=0.695
​ 229I i:ageGp:fam 758:5:-1 by yellow 879:6:-1 at gen1988 Univ0 prob=0.342
​ 234I j:ageGp:fam 437:3:-1 by blue 140:2:-1 at gen1997 Univ0 prob=0.028
​ 235I i:ageGp:fam 436:3:-1 by blue 586:4:-1 at gen2000 Univ0 prob=0.028
​ 236I j:ageGp:fam 369:3:-1 by blue 17:0:-1 at gen2004 Univ0 prob=0.442
​ 237I i:ageGp:fam 2:0:-1 by red 782:5:-1 at gen2010 Univ0 prob=0.059
​ 238I j:ageGp:fam 648:4:-1 by blue 48:1:-1 at gen2013 Univ0 prob=0.731
​ 239I i:ageGp:fam 429:3:-1 by blue 443:3:-1 at gen2015 Univ0 prob=0.314
​ 240I j:ageGp:fam 307:2:-1 by red 283:2:-1 at gen2017 Univ0 prob=0.790
​ 240I j:ageGp:fam 323:2:-1 by blue 161:2:-1 at gen2018 Univ0 prob=0.853
​ 242I j:ageGp:fam 878:6:-1 by blue 73:1:-1 at gen2020 Univ0 prob=0.509
​ 242I j:ageGp:fam 447:3:-1 by blue 204:2:-1 at gen2020 Univ0 prob=0.096
​ 242I i:ageGp:fam 24:0:-1 by red 905:7:-1 at gen2021 Univ0 prob=0.009
​ 242I j:ageGp:fam 264:2:-1 by red 140:2:-1 at gen2021 Univ0 prob=0.439
​ 246I j:ageGp:fam 889:6:-1 by blue 29:0:-1 at gen2027 Univ0 prob=0.526
​ 246I j:ageGp:fam 962:8:-1 by red 586:4:-1 at gen2027 Univ0 prob=0.268
​ 246I i:ageGp:fam 87:1:-1 by blue 245:2:-1 at gen2028 Univ0 prob=0.339
​ 246I j:ageGp:fam 367:3:-1 by blue 230:2:-1 at gen2028 Univ0 prob=0.125
​ 246I i:ageGp:fam 721:5:-1 by blue 879:6:-1 at gen2028 Univ0 prob=0.808
​ 248I j:ageGp:fam 178:2:-1 by red 130:1:-1 at gen2029 Univ0 prob=0.917
​ 251I j:ageGp:fam 598:4:-1 by red 140:2:-1 at gen2030 Univ0 prob=0.011
​ 253I i:ageGp:fam 543:4:-1 by blue 879:6:-1 at gen2045 Univ0 prob=0.468
​ 253I i:ageGp:fam 549:4:-1 by blue 643:4:-1 at gen2045 Univ0 prob=0.837
​ 253I j:ageGp:fam 897:6:-1 by red 768:5:-1 at gen2046 Univ0 prob=0.194
​ 256I j:ageGp:fam 321:2:-1 by blue 48:1:-1 at gen2050 Univ0 prob=0.371
​ 256I j:ageGp:fam 463:3:-1 by blue 245:2:-1 at gen2051 Univ0 prob=0.378
​ 258I i:ageGp:fam 117:1:-1 by red 569:4:-1 at gen2056 Univ0 prob=0.496
​ 259I i:ageGp:fam 718:5:-1 by red 757:5:-1 at gen2060 Univ0 prob=0.492
​ 260I i:ageGp:fam 16:0:-1 by blue 758:5:-1 at gen2062 Univ0 prob=0.878
​ 260I j:ageGp:fam 636:4:-1 by blue 589:4:-1 at gen2062 Univ0 prob=0.782
​ 262I i:ageGp:fam 71:1:-1 by red 778:5:-1 at gen2065 Univ0 prob=0.092
​ 262I j:ageGp:fam 800:5:-1 by blue 648:4:-1 at gen2065 Univ0 prob=0.408
​ 262I j:ageGp:fam 708:5:-1 by red 50:1:-1 at gen2066 Univ0 prob=0.524
​ 265I i:ageGp:fam 327:2:-1 by red 443:3:-1 at gen2069 Univ0 prob=0.012
​ 265I j:ageGp:fam 125:1:-1 by blue 48:1:-1 at gen2070 Univ0 prob=0.006
​ 267I j:ageGp:fam 110:1:-1 by red 48:1:-1 at gen2075 Univ0 prob=0.842
​ 268I i:ageGp:fam 81:1:-1 by blue 369:3:-1 at gen2077 Univ0 prob=0.826
​ 269I i:ageGp:fam 14:0:-1 by blue 709:5:-1 at gen2079 Univ0 prob=0.819
​ 270I j:ageGp:fam 704:5:-1 by blue 369:3:-1 at gen2083 Univ0 prob=0.589
​ 271I i:ageGp:fam 585:4:-1 by red 660:4:-1 at gen2086 Univ0 prob=0.841
​ 271I j:ageGp:fam 798:5:-1 by red 49:1:-1 at gen2087 Univ0 prob=0.783
​ 271I j:ageGp:fam 260:2:-1 by red 149:2:-1 at gen2087 Univ0 prob=0.227
​ 272I i:ageGp:fam 677:4:-1 by red 768:5:-1 at gen2088 Univ0 prob=0.448
​ 275I i:ageGp:fam 736:5:-1 by red 803:5:-1 at gen2094 Univ0 prob=0.326
​ 276I j:ageGp:fam 990:9:-1 by red 403:3:-1 at gen2096 Univ0 prob=0.148
​ 277I i:ageGp:fam 182:2:-1 by blue 429:3:-1 at gen2098 Univ0 prob=0.814
​ 278I i:ageGp:fam 535:3:-1 by blue 633:4:-1 at gen2102 Univ0 prob=0.455
​ 278I i:ageGp:fam 790:5:-1 by red 879:6:-1 at gen2102 Univ0 prob=0.554
​ 280I j:ageGp:fam 198:2:-1 by red 170:2:-1 at gen2104 Univ0 prob=0.274
​ 280I j:ageGp:fam 393:3:-1 by blue 367:3:-1 at gen2104 Univ0 prob=0.496
​ 280I j:ageGp:fam 896:6:-1 by red 564:4:-1 at gen2105 Univ0 prob=0.912
​ 283I i:ageGp:fam 66:1:-1 by blue 543:4:-1 at gen2109 Univ0 prob=0.665
​ 283I j:ageGp:fam 746:5:-1 by blue 367:3:-1 at gen2109 Univ0 prob=0.654
​ 285I i:ageGp:fam 385:3:-1 by red 564:4:-1 at gen2112 Univ0 prob=0.254
​ 286I i:ageGp:fam 590:4:-1 by blue 598:4:-1 at gen2116 Univ0 prob=0.811
​ 287I j:ageGp:fam 583:4:-1 by red 73:1:-1 at gen2118 Univ0 prob=0.534
​ 287I i:ageGp:fam 155:2:-1 by red 210:2:-1 at gen2118 Univ0 prob=0.849
​ 289I j:ageGp:fam 774:5:-1 by blue 636:4:-1 at gen2122 Univ0 prob=0.493
​ 290I j:ageGp:fam 349:2:-1 by blue 264:2:-1 at gen2124 Univ0 prob=0.841
​ 291I j:ageGp:fam 288:2:-1 by red 170:2:-1 at gen2126 Univ0 prob=0.050
​ 291I j:ageGp:fam 615:4:-1 by red 436:3:-1 at gen2126 Univ0 prob=0.552
​ 291I i:ageGp:fam 244:2:-1 by blue 718:5:-1 at gen2127 Univ0 prob=0.249
​ 293I j:ageGp:fam 685:4:-1 by blue 307:2:-1 at gen2128 Univ0 prob=0.769
​ 293I j:ageGp:fam 557:4:-1 by blue 549:4:-1 at gen2128 Univ0 prob=0.954
​ 294I i:ageGp:fam 91:1:-1 by red 756:5:-1 at gen2129 Univ0 prob=0.905
​ 297I i:ageGp:fam 96:1:-1 by red 437:3:-1 at gen2138 Univ0 prob=0.828
​ 297I j:ageGp:fam 961:8:-1 by blue 323:2:-1 at gen2138 Univ0 prob=0.162
​ 297I j:ageGp:fam 750:5:-1 by red 50:1:-1 at gen2139 Univ0 prob=0.401
​ 300I j:ageGp:fam 522:3:-1 by red 128:1:-1 at gen2144 Univ0 prob=0.198
​ 300I j:ageGp:fam 937:7:-1 by yellow 736:5:-1 at gen2144 Univ0 prob=0.103
​ 302I i:ageGp:fam 840:6:-1 by red 889:6:-1 at gen2146 Univ0 prob=0.020
​ 303I i:ageGp:fam 122:1:-1 by blue 321:2:-1 at gen2152 Univ0 prob=0.679
​ 304I j:ageGp:fam 386:3:-1 by red 323:2:-1 at gen2154 Univ0 prob=0.008
​ 304I j:ageGp:fam 989:9:-1 by blue 543:4:-1 at gen2154 Univ0 prob=0.871
​ 304I j:ageGp:fam 907:7:-1 by red 878:6:-1 at gen2155 Univ0 prob=0.372
​ 307I j:ageGp:fam 802:5:-1 by blue 260:2:-1 at gen2158 Univ0 prob=0.054
​ 308I i:ageGp:fam 238:2:-1 by red 758:5:-1 at gen2160 Univ0 prob=0.877
​ 309I j:ageGp:fam 540:3:-1 by blue 182:2:-1 at gen2163 Univ0 prob=0.635
​ 309I j:ageGp:fam 601:4:-1 by red 323:2:-1 at gen2163 Univ0 prob=0.053
​ 309I i:ageGp:fam 842:6:-1 by red 878:6:-1 at gen2164 Univ0 prob=0.580
​ 312I i:ageGp:fam 185:2:-1 by red 889:6:-1 at gen2167 Univ0 prob=0.802
​ 312I i:ageGp:fam 688:4:-1 by red 709:5:-1 at gen2167 Univ0 prob=0.934
​ 314I i:ageGp:fam 258:2:-1 by red 369:3:-1 at gen2169 Univ0 prob=0.555
​ 315I i:ageGp:fam 63:1:-1 by red 598:4:-1 at gen2179 Univ0 prob=0.119
​ 316I j:ageGp:fam 593:4:-1 by yellow 63:1:-1 at gen2185 Univ0 prob=0.859
​ 317I i:ageGp:fam 115:1:-1 by blue 244:2:-1 at gen2188 Univ0 prob=0.389
​ 318I j:ageGp:fam 808:5:-1 by blue 260:2:-1 at gen2191 Univ0 prob=0.446
​ 319I j:ageGp:fam 477:3:-1 by red 178:2:-1 at gen2194 Univ0 prob=0.672
​ 319I j:ageGp:fam 594:4:-1 by yellow 522:3:-1 at gen2194 Univ0 prob=0.127
​ 319I i:ageGp:fam 359:3:-1 by red 636:4:-1 at gen2195 Univ0 prob=0.730
​ 322I j:ageGp:fam 752:5:-1 by red 110:1:-1 at gen2198 Univ0 prob=0.262
​ 322I i:ageGp:fam 521:3:-1 by red 708:5:-1 at gen2199 Univ0 prob=0.831
​ 324I i:ageGp:fam 530:3:-1 by blue 746:5:-1 at gen2201 Univ0 prob=0.387
​ 324I j:ageGp:fam 795:5:-1 by red 16:0:-1 at gen2202 Univ0 prob=0.461
​ 325I j:ageGp:fam 869:6:-1 by red 429:3:-1 at gen2203 Univ0 prob=0.001
​ 327I j:ageGp:fam 732:5:-1 by red 585:4:-1 at gen2208 Univ0 prob=0.909
​ 327I j:ageGp:fam 904:7:-1 by red 800:5:-1 at gen2209 Univ0 prob=0.275
​ 328I j:ageGp:fam 793:5:-1 by red 307:2:-1 at gen2210 Univ0 prob=0.040
​ 330I i:ageGp:fam 113:1:-1 by red 648:4:-1 at gen2212 Univ0 prob=0.831
​ 331I j:ageGp:fam 712:5:-1 by blue 557:4:-1 at gen2216 Univ0 prob=0.640
​ 332I j:ageGp:fam 602:4:-1 by blue 522:3:-1 at gen2218 Univ0 prob=0.261
​ 333I j:ageGp:fam 975:8:-1 by red 71:1:-1 at gen2220 Univ0 prob=0.967
​ 333I j:ageGp:fam 622:4:-1 by blue 238:2:-1 at gen2220 Univ0 prob=0.977
​ 335I j:ageGp:fam 980:8:-1 by blue 590:4:-1 at gen2223 Univ0 prob=0.719
​ 335I j:ageGp:fam 991:9:-1 by blue 349:2:-1 at gen2224 Univ0 prob=0.294
​ 335I i:ageGp:fam 448:3:-1 by red 718:5:-1 at gen2224 Univ0 prob=0.917
​ 338I i:ageGp:fam 206:2:-1 by blue 386:3:-1 at gen2231 Univ0 prob=0.482
​ 338I j:ageGp:fam 814:5:-1 by blue 349:2:-1 at gen2232 Univ0 prob=0.471
​ 340I j:ageGp:fam 994:9:-1 by blue 386:3:-1 at gen2235 Univ0 prob=0.377
​ 340I j:ageGp:fam 432:3:-1 by blue 288:2:-1 at gen2236 Univ0 prob=0.570
​ 341I j:ageGp:fam 934:7:-1 by blue 96:1:-1 at gen2237 Univ0 prob=0.241
​ 341I i:ageGp:fam 366:3:-1 by blue 601:4:-1 at gen2237 Univ0 prob=0.811
​ 341I j:ageGp:fam 918:7:-1 by blue 840:6:-1 at gen2237 Univ0 prob=0.653
​ 345I j:ageGp:fam 853:6:-1 by blue 115:1:-1 at gen2249 Univ0 prob=0.505
​ 345I j:ageGp:fam 882:6:-1 by red 585:4:-1 at gen2249 Univ0 prob=0.791
​ 345I i:ageGp:fam 596:4:-1 by red 704:5:-1 at gen2249 Univ0 prob=0.423
​ 348I j:ageGp:fam 979:8:-1 by blue 63:1:-1 at gen2253 Univ0 prob=0.563
​ 349I j:ageGp:fam 760:5:-1 by red 615:4:-1 at gen2256 Univ0 prob=0.816
​ 349I i:ageGp:fam 4:0:-1 by red 704:5:-1 at gen2257 Univ0 prob=0.431
​ 351I i:ageGp:fam 194:2:-1 by red 750:5:-1 at gen2259 Univ0 prob=0.089
​ 352I i:ageGp:fam 253:2:-1 by red 708:5:-1 at gen2266 Univ0 prob=0.097
​ 352I j:ageGp:fam 751:5:-1 by blue 63:1:-1 at gen2267 Univ0 prob=0.651
​ 353I i:ageGp:fam 254:2:-1 by red 583:4:-1 at gen2268 Univ0 prob=0.347
​ 354I j:ageGp:fam 572:4:-1 by red 155:2:-1 at gen2269 Univ0 prob=0.023
​ 356I i:ageGp:fam 46:1:-1 by red 750:5:-1 at gen2272 Univ0 prob=0.215
​ 356I i:ageGp:fam 187:2:-1 by red 961:8:-1 at gen2273 Univ0 prob=0.478
​ 356I i:ageGp:fam 434:3:-1 by blue 795:5:-1 at gen2273 Univ0 prob=0.578
​ 357I j:ageGp:fam 469:3:-1 by blue 359:3:-1 at gen2274 Univ0 prob=0.730
​ 360I j:ageGp:fam 696:5:-1 by red 66:1:-1 at gen2278 Univ0 prob=0.955
​ 361I i:ageGp:fam 40:1:-1 by red 989:9:-1 at gen2280 Univ0 prob=0.016
​ 361I j:ageGp:fam 859:6:-1 by red 393:3:-1 at gen2280 Univ0 prob=0.626
​ 363I i:ageGp:fam 289:2:-1 by red 774:5:-1 at gen2282 Univ0 prob=0.354
​ 363I j:ageGp:fam 945:7:-1 by yellow 289:2:-1 at gen2283 Univ0 prob=0.729
​ 364I j:ageGp:fam 360:3:-1 by blue 185:2:-1 at gen2284 Univ0 prob=0.607
​ 364I i:ageGp:fam 607:4:-1 by blue 688:4:-1 at gen2284 Univ0 prob=0.392
​ 365I i:ageGp:fam 280:2:-1 by red 989:9:-1 at gen2285 Univ0 prob=0.425
​ 368I j:ageGp:fam 784:5:-1 by red 122:1:-1 at gen2288 Univ0 prob=0.531
​ 368I i:ageGp:fam 142:2:-1 by blue 712:5:-1 at gen2289 Univ0 prob=0.745
​ 370I i:ageGp:fam 315:2:-1 by blue 808:5:-1 at gen2293 Univ0 prob=0.059
​ 371I j:ageGp:fam 694:5:-1 by red 258:2:-1 at gen2298 Univ0 prob=0.329
​ 372I j:ageGp:fam 797:5:-1 by red 96:1:-1 at gen2306 Univ0 prob=0.507
​ 373I j:ageGp:fam 753:5:-1 by red 244:2:-1 at gen2311 Univ0 prob=0.514
​ 374I i:ageGp:fam 183:2:-1 by blue 814:5:-1 at gen2313 Univ0 prob=0.496
​ 374I i:ageGp:fam 211:2:-1 by blue 366:3:-1 at gen2313 Univ0 prob=0.020
​ 374I j:ageGp:fam 318:2:-1 by blue 206:2:-1 at gen2314 Univ0 prob=0.619
​ 377I i:ageGp:fam 37:0:-1 by red 185:2:-1 at gen2316 Univ0 prob=0.769
​ 377I i:ageGp:fam 112:1:-1 by blue 869:6:-1 at gen2316 Univ0 prob=0.754
​ 377I i:ageGp:fam 526:3:-1 by blue 530:3:-1 at gen2316 Univ0 prob=0.903
​ 377I j:ageGp:fam 265:2:-1 by yellow 183:2:-1 at gen2317 Univ0 prob=0.768
​ 381I i:ageGp:fam 546:4:-1 by red 594:4:-1 at gen2319 Univ0 prob=0.897
​ 382I j:ageGp:fam 841:6:-1 by red 185:2:-1 at gen2323 Univ0 prob=0.548
​ 382I i:ageGp:fam 320:2:-1 by red 477:3:-1 at gen2323 Univ0 prob=0.048
​ 384I i:ageGp:fam 154:2:-1 by blue 853:6:-1 at gen2327 Univ0 prob=0.038
​ 384I i:ageGp:fam 462:3:-1 by blue 934:7:-1 at gen2328 Univ0 prob=0.300
​ 386I i:ageGp:fam 59:1:-1 by blue 934:7:-1 at gen2331 Univ0 prob=0.246
​ 386I j:ageGp:fam 957:8:-1 by blue 596:4:-1 at gen2332 Univ0 prob=0.838
​ 388I i:ageGp:fam 19:0:-1 by blue 975:8:-1 at gen2336 Univ0 prob=0.057
​ 388I j:ageGp:fam 102:1:-1 by yellow 59:1:-1 at gen2336 Univ0 prob=0.649
​ 388I j:ageGp:fam 903:7:-1 by red 258:2:-1 at gen2336 Univ0 prob=0.264
​ 391I i:ageGp:fam 888:6:-1 by red 989:9:-1 at gen2338 Univ0 prob=0.761
​ 392I j:ageGp:fam 754:5:-1 by red 688:4:-1 at gen2340 Univ0 prob=0.949
​ 393I i:ageGp:fam 470:3:-1 by red 752:5:-1 at gen2343 Univ0 prob=0.172
​ 393I i:ageGp:fam 423:3:-1 by red 980:8:-1 at gen2344 Univ0 prob=0.256
​ 394I i:ageGp:fam 576:4:-1 by red 793:5:-1 at gen2345 Univ0 prob=0.311
​ 394I j:ageGp:fam 770:5:-1 by blue 696:5:-1 at gen2345 Univ0 prob=0.494
​ 397I i:ageGp:fam 727:5:-1 by blue 934:7:-1 at gen2348 Univ0 prob=0.756
​ 397I i:ageGp:fam 229:2:-1 by blue 934:7:-1 at gen2349 Univ0 prob=0.276
​ 397I i:ageGp:fam 330:2:-1 by blue 469:3:-1 at gen2349 Univ0 prob=0.072
​ 400I j:ageGp:fam 505:3:-1 by blue 142:2:-1 at gen2351 Univ0 prob=0.102
​ 400I j:ageGp:fam 876:6:-1 by red 63:1:-1 at gen2352 Univ0 prob=0.648
​ 400I i:ageGp:fam 267:2:-1 by blue 315:2:-1 at gen2352 Univ0 prob=0.532
​ 401I j:ageGp:fam 608:4:-1 by blue 366:3:-1 at gen2353 Univ0 prob=0.243
​ 404I i:ageGp:fam 144:2:-1 by blue 751:5:-1 at gen2355 Univ0 prob=0.694
​ 405I j:ageGp:fam 382:3:-1 by blue 254:2:-1 at gen2360 Univ0 prob=0.026
​ 405I i:ageGp:fam 533:3:-1 by red 688:4:-1 at gen2360 Univ0 prob=0.294
​ 407I i:ageGp:fam 333:2:-1 by blue 853:6:-1 at gen2362 Univ0 prob=0.079
​ 408I j:ageGp:fam 988:9:-1 by red 882:6:-1 at gen2364 Univ0 prob=0.741
​ 409I i:ageGp:fam 192:2:-1 by blue 696:5:-1 at gen2366 Univ0 prob=0.415
​ 409I i:ageGp:fam 89:1:-1 by red 448:3:-1 at gen2367 Univ0 prob=0.035
​ 409I i:ageGp:fam 418:3:-1 by blue 596:4:-1 at gen2367 Univ0 prob=0.779
​ 410I j:ageGp:fam 858:6:-1 by blue 434:3:-1 at gen2368 Univ0 prob=0.295
​ 413I i:ageGp:fam 624:4:-1 by red 869:6:-1 at gen2372 Univ0 prob=0.521
​ 413I j:ageGp:fam 929:7:-1 by red 712:5:-1 at gen2372 Univ0 prob=0.009
​ 415I i:ageGp:fam 322:2:-1 by red 530:3:-1 at gen2377 Univ0 prob=0.978
​ 416I i:ageGp:fam 233:2:-1 by blue 797:5:-1 at gen2380 Univ0 prob=0.230
​ 417I i:ageGp:fam 391:3:-1 by red 432:3:-1 at gen2383 Univ0 prob=0.993
​ 418I i:ageGp:fam 11:0:-1 by red 934:7:-1 at gen2386 Univ0 prob=0.559
​ 418I i:ageGp:fam 228:2:-1 by blue 315:2:-1 at gen2387 Univ0 prob=0.582
​ 418I i:ageGp:fam 693:5:-1 by red 751:5:-1 at gen2387 Univ0 prob=0.903
​ 419I j:ageGp:fam 958:8:-1 by blue 462:3:-1 at gen2388 Univ0 prob=0.548
​ 421I i:ageGp:fam 248:2:-1 by blue 253:2:-1 at gen2389 Univ0 prob=0.450
​ 423I j:ageGp:fam 550:4:-1 by red 530:3:-1 at gen2391 Univ0 prob=0.726
​ 423I i:ageGp:fam 837:6:-1 by red 975:8:-1 at gen2392 Univ0 prob=0.604
​ 425I i:ageGp:fam 640:4:-1 by red 712:5:-1 at gen2394 Univ0 prob=0.378
​ 426I i:ageGp:fam 368:3:-1 by red 793:5:-1 at gen2401 Univ0 prob=0.316
​ 427I j:ageGp:fam 645:4:-1 by blue 267:2:-1 at gen2404 Univ0 prob=0.534
​ 427I j:ageGp:fam 875:6:-1 by red 4:0:-1 at gen2405 Univ0 prob=0.273
​ 427I i:ageGp:fam 97:1:-1 by blue 211:2:-1 at gen2405 Univ0 prob=0.291
​ 428I i:ageGp:fam 357:2:-1 by red 602:4:-1 at gen2406 Univ0 prob=0.680
​ 431I i:ageGp:fam 666:4:-1 by red 859:6:-1 at gen2409 Univ0 prob=0.870
​ 432I i:ageGp:fam 275:2:-1 by red 607:4:-1 at gen2414 Univ0 prob=0.838
​ 432I j:ageGp:fam 191:2:-1 by red 46:1:-1 at gen2415 Univ0 prob=0.049
​ 434I i:ageGp:fam 441:3:-1 by yellow 858:6:-1 at gen2419 Univ0 prob=0.375
​ 434I i:ageGp:fam 652:4:-1 by blue 888:6:-1 at gen2420 Univ0 prob=0.178
​ 435I j:ageGp:fam 237:2:-1 by blue 229:2:-1 at gen2421 Univ0 prob=0.162
​ 437I j:ageGp:fam 408:3:-1 by red 289:2:-1 at gen2426 Univ0 prob=0.896
​ 438I i:ageGp:fam 460:3:-1 by blue 727:5:-1 at gen2428 Univ0 prob=0.734
​ 438I j:ageGp:fam 737:5:-1 by blue 112:1:-1 at gen2429 Univ0 prob=0.135
​ 440I i:ageGp:fam 250:2:-1 by red 853:6:-1 at gen2434 Univ0 prob=0.235
​ 441I i:ageGp:fam 316:2:-1 by red 360:3:-1 at gen2437 Univ0 prob=0.559
​ 442I j:ageGp:fam 959:8:-1 by red 434:3:-1 at gen2439 Univ0 prob=0.603
​ 442I j:ageGp:fam 999:9:-1 by red 797:5:-1 at gen2440 Univ0 prob=0.509
​ 444I j:ageGp:fam 520:3:-1 by blue 418:3:-1 at gen2445 Univ0 prob=0.378
​ 445I j:ageGp:fam 548:4:-1 by red 112:1:-1 at gen2450 Univ0 prob=0.344
​ 445I j:ageGp:fam 976:8:-1 by red 434:3:-1 at gen2450 Univ0 prob=0.280
​ 445I j:ageGp:fam 849:6:-1 by blue 233:2:-1 at gen2451 Univ0 prob=0.343
​ 448I j:ageGp:fam 354:2:-1 by blue 59:1:-1 at gen2453 Univ0 prob=0.326
​ 448I i:ageGp:fam 251:2:-1 by red 280:2:-1 at gen2454 Univ0 prob=0.341
​ 450I j:ageGp:fam 740:5:-1 by red 183:2:-1 at gen2458 Univ0 prob=0.253
​ 450I j:ageGp:fam 930:7:-1 by blue 228:2:-1 at gen2459 Univ0 prob=0.488
​ 452I j:ageGp:fam 518:3:-1 by red 102:1:-1 at gen2463 Univ0 prob=0.814
​ 453I i:ageGp:fam 202:2:-1 by red 876:6:-1 at gen2469 Univ0 prob=0.563
​ 453I j:ageGp:fam 868:6:-1 by blue 233:2:-1 at gen2469 Univ0 prob=0.209
​ 453I j:ageGp:fam 457:3:-1 by blue 382:3:-1 at gen2469 Univ0 prob=0.881
​ 456I j:ageGp:fam 414:3:-1 by red 154:2:-1 at gen2475 Univ0 prob=0.548
​ 457I i:ageGp:fam 203:2:-1 by red 470:3:-1 at gen2477 Univ0 prob=0.885
​ 457I i:ageGp:fam 45:1:-1 by red 318:2:-1 at gen2478 Univ0 prob=0.437
​ 457I i:ageGp:fam 103:1:-1 by red 546:4:-1 at gen2478 Univ0 prob=0.205
​ 460I j:ageGp:fam 407:3:-1 by yellow 45:1:-1 at gen2483 Univ0 prob=0.524
​ 461I j:ageGp:fam 787:5:-1 by blue 248:2:-1 at gen2485 Univ0 prob=0.291
​ 461I j:ageGp:fam 779:5:-1 by red 382:3:-1 at gen2486 Univ0 prob=0.717
​ 461I j:ageGp:fam 950:8:-1 by blue 693:5:-1 at gen2486 Univ0 prob=0.426
​ 464I j:ageGp:fam 776:5:-1 by red 59:1:-1 at gen2489 Univ0 prob=0.755
​ 465I i:ageGp:fam 8:0:-1 by red 470:3:-1 at gen2491 Univ0 prob=0.454
​ 465I j:ageGp:fam 599:4:-1 by red 102:1:-1 at gen2492 Univ0 prob=0.233
​ 467I j:ageGp:fam 639:4:-1 by red 112:1:-1 at gen2494 Univ0 prob=0.253
​ 468I j:ageGp:fam 388:3:-1 by red 320:2:-1 at gen2496 Univ0 prob=0.739
​ 469I i:ageGp:fam 180:2:-1 by blue 550:4:-1 at gen2498 Univ0 prob=0.881
​ 470I j:ageGp:fam 861:6:-1 by blue 441:3:-1 at gen2502 Univ0 prob=0.846
​ 470I j:ageGp:fam 670:4:-1 by red 418:3:-1 at gen2503 Univ0 prob=0.782
​ 472I j:ageGp:fam 720:5:-1 by blue 97:1:-1 at gen2507 Univ0 prob=0.795
​ 473I i:ageGp:fam 821:6:-1 by red 888:6:-1 at gen2509 Univ0 prob=0.255
​ 474I i:ageGp:fam 337:2:-1 by blue 737:5:-1 at gen2511 Univ0 prob=0.786
​ 475I j:ageGp:fam 450:3:-1 by red 192:2:-1 at gen2513 Univ0 prob=0.437
​ 476I j:ageGp:fam 941:7:-1 by red 228:2:-1 at gen2515 Univ0 prob=0.348
​ 476I j:ageGp:fam 674:4:-1 by red 533:3:-1 at gen2516 Univ0 prob=0.301
​ 478I j:ageGp:fam 365:3:-1 by red 333:2:-1 at gen2524 Univ0 prob=0.635
​ 478I i:ageGp:fam 358:2:-1 by blue 652:4:-1 at gen2525 Univ0 prob=0.115
​ 479I i:ageGp:fam 656:4:-1 by red 727:5:-1 at gen2526 Univ0 prob=0.555
​ 479I j:ageGp:fam 977:8:-1 by red 837:6:-1 at gen2526 Univ0 prob=0.663
​ 482I i:ageGp:fam 326:2:-1 by blue 930:7:-1 at gen2528 Univ0 prob=0.773
​ 483I j:ageGp:fam 730:5:-1 by red 645:4:-1 at gen2532 Univ0 prob=0.963
​ 484I j:ageGp:fam 629:4:-1 by red 229:2:-1 at gen2534 Univ0 prob=0.676
​ 484I j:ageGp:fam 935:7:-1 by red 533:3:-1 at gen2534 Univ0 prob=0.408
​ 486I i:ageGp:fam 635:4:-1 by red 958:8:-1 at gen2539 Univ0 prob=0.347
​ 487I i:ageGp:fam 459:3:-1 by red 770:5:-1 at gen2542 Univ0 prob=0.656
​ 488I i:ageGp:fam 985:9:-1 by red 988:9:-1 at gen2552 Univ0 prob=0.429
​ 489I j:ageGp:fam 592:4:-1 by red 228:2:-1 at gen2557 Univ0 prob=0.112
​ 489I j:ageGp:fam 997:9:-1 by red 97:1:-1 at gen2558 Univ0 prob=0.221
​ 491I i:ageGp:fam 303:2:-1 by red 624:4:-1 at gen2561 Univ0 prob=0.103
​ 491I j:ageGp:fam 461:3:-1 by red 408:3:-1 at gen2562 Univ0 prob=0.138
​ 492I i:ageGp:fam 577:4:-1 by red 959:8:-1 at gen2563 Univ0 prob=0.827
AgeVaxH35.js:2221 494I i:ageGp:fam 344:2:-1 by blue 414:3:-1 at gen2565 Univ0 prob=0.280
AgeVaxH35.js:2202 494I j:ageGp:fam 427:3:-1 by blue 388:3:-1 at gen2565 Univ0 prob=0.684
AgeVaxH35.js:2202 496I j:ageGp:fam 773:5:-1 by red 550:4:-1 at gen2568 Univ0 prob=0.246
AgeVaxH35.js:2221 497I i:ageGp:fam 174:2:-1 by blue 180:2:-1 at gen2571 Univ0 prob=0.548
AgeVaxH35.js:2221 497I i:ageGp:fam 88:1:-1 by red 97:1:-1 at gen2572 Univ0 prob=0.172
AgeVaxH35.js:2202 497I j:ageGp:fam 657:4:-1 by blue 457:3:-1 at gen2572 Univ0 prob=0.395
AgeVaxH35.js:2202 498I j:ageGp:fam 864:6:-1 by blue 548:4:-1 at gen2573 Univ0 prob=0.864
AgeVaxH35.js:2221 501I i:ageGp:fam 225:2:-1 by blue 599:4:-1 at gen2575 Univ0 prob=0.902
AgeVaxH35.js:2202 502I j:ageGp:fam 806:5:-1 by red 316:2:-1 at gen2578 Univ0 prob=0.308
AgeVaxH35.js:2221 503I i:ageGp:fam 252:2:-1 by blue 457:3:-1 at gen2581 Univ0 prob=0.472
AgeVaxH35.js:2221 503I i:ageGp:fam 340:2:-1 by blue 414:3:-1 at gen2582 Univ0 prob=0.608
AgeVaxH35.js:2221 505I i:ageGp:fam 398:3:-1 by blue 450:3:-1 at gen2585 Univ0 prob=0.308
AgeVaxH35.js:2221 506I i:ageGp:fam 262:2:-1 by red 976:8:-1 at gen2589 Univ0 prob=0.608
AgeVaxH35.js:2202 507I j:ageGp:fam 552:4:-1 by blue 180:2:-1 at gen2592 Univ0 prob=0.300
AgeVaxH35.js:2202 507I j:ageGp:fam 851:6:-1 by blue 202:2:-1 at gen2593 Univ0 prob=0.321
AgeVaxH35.js:2221 507I i:ageGp:fam 296:2:-1 by red 441:3:-1 at gen2593 Univ0 prob=0.694
AgeVaxH35.js:2202 510I j:ageGp:fam 655:4:-1 by red 251:2:-1 at gen2609 Univ0 prob=0.342
AgeVaxH35.js:2221 510I i:ageGp:fam 536:3:-1 by blue 670:4:-1 at gen2609 Univ0 prob=0.296
AgeVaxH35.js:2221 512I i:ageGp:fam 108:1:-1 by red 599:4:-1 at gen2613 Univ0 prob=0.893
AgeVaxH35.js:2221 512I i:ageGp:fam 243:2:-1 by red 275:2:-1 at gen2613 Univ0 prob=0.007
AgeVaxH35.js:2202 512I j:ageGp:fam 176:2:-1 by red 8:0:-1 at gen2614 Univ0 prob=0.313
AgeVaxH35.js:2221 514I i:ageGp:fam 77:1:-1 by blue 821:6:-1 at gen2615 Univ0 prob=0.269
AgeVaxH35.js:2221 514I i:ageGp:fam 531:3:-1 by red 849:6:-1 at gen2615 Univ0 prob=0.597
AgeVaxH35.js:2202 517I j:ageGp:fam 272:2:-1 by red 251:2:-1 at gen2618 Univ0 prob=0.915
AgeVaxH35.js:2221 518I i:ageGp:fam 473:3:-1 by blue 935:7:-1 at gen2620 Univ0 prob=0.267
AgeVaxH35.js:2221 518I i:ageGp:fam 312:2:-1 by red 776:5:-1 at gen2621 Univ0 prob=0.368
AgeVaxH35.js:2202 520I j:ageGp:fam 516:3:-1 by red 8:0:-1 at gen2623 Univ0 prob=0.762
AgeVaxH35.js:2221 521I i:ageGp:fam 67:1:-1 by blue 977:8:-1 at gen2625 Univ0 prob=0.519
AgeVaxH35.js:2221 521I i:ageGp:fam 413:3:-1 by blue 997:9:-1 at gen2626 Univ0 prob=0.418
AgeVaxH35.js:2221 522I i:ageGp:fam 453:3:-1 by red 950:8:-1 at gen2627 Univ0 prob=0.883
AgeVaxH35.js:2221 524I i:ageGp:fam 61:1:-1 by red 849:6:-1 at gen2631 Univ0 prob=0.941
AgeVaxH35.js:2202 525I j:ageGp:fam 479:3:-1 by red 45:1:-1 at gen2634 Univ0 prob=0.507
AgeVaxH35.js:2221 526I i:ageGp:fam 860:6:-1 by red 941:7:-1 at gen2636 Univ0 prob=0.935
AgeVaxH35.js:2202 527I j:ageGp:fam 726:5:-1 by blue 358:2:-1 at gen2640 Univ0 prob=0.587
AgeVaxH35.js:2202 527I j:ageGp:fam 763:5:-1 by red 388:3:-1 at gen2641 Univ0 prob=0.582
AgeVaxH35.js:2202 528I j:ageGp:fam 406:3:-1 by red 203:2:-1 at gen2642 Univ0 prob=0.186
AgeVaxH35.js:2221 530I i:ageGp:fam 166:2:-1 by blue 977:8:-1 at gen2644 Univ0 prob=0.968
AgeVaxH35.js:2221 531I i:ageGp:fam 205:2:-1 by blue 303:2:-1 at gen2647 Univ0 prob=0.035
AgeVaxH35.js:2202 532I j:ageGp:fam 765:5:-1 by blue 225:2:-1 at gen2650 Univ0 prob=0.570
AgeVaxH35.js:2202 533I j:ageGp:fam 626:4:-1 by red 202:2:-1 at gen2653 Univ0 prob=0.298
AgeVaxH35.js:2202 533I j:ageGp:fam 558:4:-1 by blue 461:3:-1 at gen2653 Univ0 prob=0.548
AgeVaxH35.js:2221 535I i:ageGp:fam 30:0:-1 by blue 577:4:-1 at gen2658 Univ0 prob=0.994
AgeVaxH35.js:2221 536I i:ageGp:fam 620:4:-1 by blue 851:6:-1 at gen2667 Univ0 prob=0.725
AgeVaxH35.js:2221 537I i:ageGp:fam 111:1:-1 by blue 592:4:-1 at gen2669 Univ0 prob=0.791
AgeVaxH35.js:2202 538I j:ageGp:fam 502:3:-1 by red 388:3:-1 at gen2677 Univ0 prob=0.736
AgeVaxH35.js:2221 539I i:ageGp:fam 915:7:-1 by red 977:8:-1 at gen2682 Univ0 prob=0.985
AgeVaxH35.js:2202 540I j:ageGp:fam 189:2:-1 by blue 88:1:-1 at gen2688 Univ0 prob=0.995
AgeVaxH35.js:2221 540I i:ageGp:fam 287:2:-1 by red 344:2:-1 at gen2688 Univ0 prob=0.076
AgeVaxH35.js:2202 540I j:ageGp:fam 735:5:-1 by red 427:3:-1 at gen2688 Univ0 prob=0.208
AgeVaxH35.js:2221 540I i:ageGp:fam 124:1:-1 by red 180:2:-1 at gen2689 Univ0 prob=0.990
AgeVaxH35.js:2202 544I j:ageGp:fam 978:8:-1 by blue 655:4:-1 at gen2692 Univ0 prob=0.375
AgeVaxH35.js:2202 544I j:ageGp:fam 148:2:-1 by blue 108:1:-1 at gen2693 Univ0 prob=0.598
AgeVaxH35.js:2202 546I j:ageGp:fam 417:3:-1 by blue 77:1:-1 at gen2695 Univ0 prob=0.261
AgeVaxH35.js:2202 547I j:ageGp:fam 544:4:-1 by red 296:2:-1 at gen2715 Univ0 prob=0.894
AgeVaxH35.js:2202 548I j:ageGp:fam 747:5:-1 by red 461:3:-1 at gen2718 Univ0 prob=0.478
AgeVaxH35.js:2202 549I j:ageGp:fam 632:4:-1 by red 552:4:-1 at gen2722 Univ0 prob=0.632
AgeVaxH35.js:2221 550I i:ageGp:fam 452:3:-1 by red 806:5:-1 at gen2727 Univ0 prob=0.720
AgeVaxH35.js:2202 551I j:ageGp:fam 619:4:-1 by red 536:3:-1 at gen2731 Univ0 prob=0.621
AgeVaxH35.js:2221 551I i:ageGp:fam 90:1:-1 by blue 763:5:-1 at gen2732 Univ0 prob=0.505
AgeVaxH35.js:2202 553I j:ageGp:fam 844:6:-1 by red 243:2:-1 at gen2738 Univ0 prob=0.520
AgeVaxH35.js:2221 553I i:ageGp:fam 551:4:-1 by red 657:4:-1 at gen2738 Univ0 prob=0.147
AgeVaxH35.js:2202 553I j:ageGp:fam 749:5:-1 by red 398:3:-1 at gen2739 Univ0 prob=0.354
AgeVaxH35.js:2202 556I j:ageGp:fam 801:5:-1 by red 243:2:-1 at gen2744 Univ0 prob=0.290
AgeVaxH35.js:2221 557I i:ageGp:fam 227:2:-1 by red 657:4:-1 at gen2756 Univ0 prob=0.725
AgeVaxH35.js:2202 558I j:ageGp:fam 783:5:-1 by red 473:3:-1 at gen2766 Univ0 prob=0.855
AgeVaxH35.js:2202 558I j:ageGp:fam 913:7:-1 by red 726:5:-1 at gen2767 Univ0 prob=0.419
AgeVaxH35.js:2221 559I i:ageGp:fam 591:4:-1 by red 726:5:-1 at gen2768 Univ0 prob=0.966
AgeVaxH35.js:2202 561I j:ageGp:fam 547:4:-1 by blue 124:1:-1 at gen2776 Univ0 prob=0.882
AgeVaxH35.js:2202 561I j:ageGp:fam 667:4:-1 by red 473:3:-1 at gen2776 Univ0 prob=0.870
AgeVaxH35.js:2202 563I j:ageGp:fam 695:5:-1 by blue 502:3:-1 at gen2778 Univ0 prob=0.237
AgeVaxH35.js:2221 564I i:ageGp:fam 404:3:-1 by red 620:4:-1 at gen2791 Univ0 prob=0.883
AgeVaxH35.js:2202 565I j:ageGp:fam 421:3:-1 by red 272:2:-1 at gen2793 Univ0 prob=0.304
AgeVaxH35.js:2202 565I j:ageGp:fam 759:5:-1 by red 502:3:-1 at gen2794 Univ0 prob=0.218
AgeVaxH35.js:2202 566I j:ageGp:fam 926:7:-1 by red 61:1:-1 at gen2795 Univ0 prob=0.019
AgeVaxH35.js:2202 568I j:ageGp:fam 890:6:-1 by red 111:1:-1 at gen2804 Univ0 prob=0.170
AgeVaxH35.js:2202 568I j:ageGp:fam 384:3:-1 by blue 189:2:-1 at gen2804 Univ0 prob=0.310
AgeVaxH35.js:2221 568I i:ageGp:fam 509:3:-1 by blue 544:4:-1 at gen2804 Univ0 prob=0.182
AgeVaxH35.js:2202 571I j:ageGp:fam 852:6:-1 by red 763:5:-1 at gen2808 Univ0 prob=0.069
AgeVaxH35.js:2202 572I j:ageGp:fam 910:7:-1 by red 30:0:-1 at gen2812 Univ0 prob=0.448
AgeVaxH35.js:2202 573I j:ageGp:fam 691:5:-1 by red 626:4:-1 at gen2825 Univ0 prob=0.878
AgeVaxH35.js:2221 573I i:ageGp:fam 919:7:-1 by red 978:8:-1 at gen2825 Univ0 prob=0.057
AgeVaxH35.js:2221 575I i:ageGp:fam 571:4:-1 by red 620:4:-1 at gen2830 Univ0 prob=0.857
AgeVaxH35.js:2202 576I j:ageGp:fam 646:4:-1 by blue 591:4:-1 at gen2835 Univ0 prob=0.070
AgeVaxH35.js:2202 577I j:ageGp:fam 579:4:-1 by red 90:1:-1 at gen2860 Univ0 prob=0.088
AgeVaxH35.js:2202 578I j:ageGp:fam 817:5:-1 by red 287:2:-1 at gen2862 Univ0 prob=0.640
AgeVaxH35.js:2202 578I j:ageGp:fam 872:6:-1 by blue 667:4:-1 at gen2863 Univ0 prob=0.907
AgeVaxH35.js:2221 580I i:ageGp:fam 364:3:-1 by red 735:5:-1 at gen2871 Univ0 prob=0.714
AgeVaxH35.js:2202 580I j:ageGp:fam 719:5:-1 by blue 591:4:-1 at gen2871 Univ0 prob=0.008
AgeVaxH35.js:2202 582I j:ageGp:fam 826:6:-1 by red 749:5:-1 at gen2876 Univ0 prob=0.039
AgeVaxH35.js:2221 583I i:ageGp:fam 442:3:-1 by red 749:5:-1 at gen2881 Univ0 prob=0.368
AgeVaxH35.js:2221 584I i:ageGp:fam 3:0:-1 by red 667:4:-1 at gen2896 Univ0 prob=0.376
AgeVaxH35.js:2221 585I i:ageGp:fam 249:2:-1 by blue 404:3:-1 at gen2899 Univ0 prob=0.196
AgeVaxH35.js:2221 586I i:ageGp:fam 484:3:-1 by blue 571:4:-1 at gen2920 Univ0 prob=0.901
AgeVaxH35.js:2202 587I j:ageGp:fam 556:4:-1 by red 384:3:-1 at gen2923 Univ0 prob=0.656
AgeVaxH35.js:2221 588I i:ageGp:fam 489:3:-1 by red 591:4:-1 at gen2930 Univ0 prob=0.563
AgeVaxH35.js:2202 589I j:ageGp:fam 966:8:-1 by red 547:4:-1 at gen2933 Univ0 prob=0.376
AgeVaxH35.js:2202 590I j:ageGp:fam 984:9:-1 by red 913:7:-1 at gen2948 Univ0 prob=0.398
AgeVaxH35.js:2221 591I i:ageGp:fam 209:2:-1 by blue 364:3:-1 at gen2981 Univ0 prob=0.845
AgeVaxH35.js:2202 592I j:ageGp:fam 680:4:-1 by red 579:4:-1 at gen2985 Univ0 prob=0.819
AgeVaxH35.js:2221 592I i:ageGp:fam 167:2:-1 by blue 826:6:-1 at gen2986 Univ0 prob=0.535
AgeVaxH35.js:2202 594I j:ageGp:fam 951:8:-1 by blue 484:3:-1 at gen2997 Univ0 prob=0.178
AgeVaxH35.js:2202 595I j:ageGp:fam 420:3:-1 by red 364:3:-1 at gen3013 Univ0 prob=0.858
AgeVaxH35.js:2221 596I i:ageGp:fam 132:2:-1 by red 249:2:-1 at gen3035 Univ0 prob=0.877
AgeVaxH35.js:2221 596I i:ageGp:fam 480:3:-1 by blue 556:4:-1 at gen3036 Univ0 prob=0.129
AgeVaxH35.js:2202 598I j:ageGp:fam 921:7:-1 by red 719:5:-1 at gen3039 Univ0 prob=0.451
AgeVaxH35.js:2221 599I i:ageGp:fam 943:7:-1 by blue 984:9:-1 at gen3048 Univ0 prob=0.753
AgeVaxH35.js:2221 600I i:ageGp:fam 247:2:-1 by red 484:3:-1 at gen3065 Univ0 prob=0.617
AgeVaxH35.js:2221 601I i:ageGp:fam 223:2:-1 by blue 420:3:-1 at gen3085 Univ0 prob=0.265
AgeVaxH35.js:2221 601I i:ageGp:fam 216:2:-1 by red 556:4:-1 at gen3086 Univ0 prob=0.778
AgeVaxH35.js:2221 603I i:ageGp:fam 221:2:-1 by red 489:3:-1 at gen3094 Univ0 prob=0.061
AgeVaxH35.js:2221 604I i:ageGp:fam 120:1:-1 by red 951:8:-1 at gen3123 Univ0 prob=0.186
AgeVaxH35.js:2202 604I j:ageGp:fam 630:4:-1 by blue 420:3:-1 at gen3123 Univ0 prob=0.355
AgeVaxH35.js:2202 606I j:ageGp:fam 617:4:-1 by red 209:2:-1 at gen3128 Univ0 prob=0.878
AgeVaxH35.js:2202 607I j:ageGp:fam 927:7:-1 by red 680:4:-1 at gen3136 Univ0 prob=0.511
AgeVaxH35.js:2221 608I i:ageGp:fam 15:0:-1 by blue 247:2:-1 at gen3170 Univ0 prob=0.966
AgeVaxH35.js:2221 609I i:ageGp:fam 259:2:-1 by red 943:7:-1 at gen3232 Univ0 prob=0.406
AgeVaxH35.js:2202 610I j:ageGp:fam 832:6:-1 by red 617:4:-1 at gen3261 Univ0 prob=0.207
AgeVaxH35.js:2221 611I i:ageGp:fam 12:0:-1 by red 15:0:-1 at gen3307 Univ0 prob=0.871
AgeVaxH35.js:2221 612I i:ageGp:fam 687:4:-1 by red 832:6:-1 at gen3449 Univ0 prob=0.282
