Some messages have been moved to the Issues panel.
AgeVaxH35.js:871 Sat Jan 23 2021 13:14:35 GMT-0800 (Pacific Standard Time)
AgeVaxH35.js:872 CovidSIMVL Mode1 and Mod2 Hybrid 35d
AgeVaxH35.js:873 Mode 1 >13 and <36 is 75%
AgeVaxH35.js:874 Mode 2 >28 is 95%; >13 and <29 is 75%
AgeVaxH35.js:4457 exit covidSim
AgeVaxH35.js:23 getAsText File {name: "Popn1000.csv", lastModified: 1611430642000, lastModifiedDate: Sat Jan 23 2021 11:37:22 GMT-0800 (Pacific Standard Time), webkitRelativePath: "", size: 23944, …}
AgeVaxH35.js:32 File {name: "Popn1000.csv", lastModified: 1611430642000, lastModifiedDate: Sat Jan 23 2021 11:37:22 GMT-0800 (Pacific Standard Time), webkitRelativePath: "", size: 23944, …}
AgeVaxH35.js:23 getAsText File {name: "VL1ageGp2.csv", lastModified: 1611004274000, lastModifiedDate: Mon Jan 18 2021 13:11:14 GMT-0800 (Pacific Standard Time), webkitRelativePath: "", size: 65, …}
AgeVaxH35.js:32 File {name: "VL1ageGp2.csv", lastModified: 1611004274000, lastModifiedDate: Mon Jan 18 2021 13:11:14 GMT-0800 (Pacific Standard Time), webkitRelativePath: "", size: 65, …}
AgeVaxH35.js:1674 Red Days changed to 8.2
AgeVaxH35.js:1696 New Hazard Radius = 2.1
AgeVaxH35.js:1710 new Mingle Factor = 0.95
AgeVaxH35.js:2302 1I x:ageGp:fam 611:4:-1 by blue 150:2:-1 at gen32 Univ0 prob=0.416
AgeVaxH35.js:2302 2I x:ageGp:fam 574:4:-1 by red 150:2:-1 at gen60 Univ0 prob=0.162
AgeVaxH35.js:2302 3I x:ageGp:fam 881:6:-1 by red 150:2:-1 at gen83 Univ0 prob=0.192
AgeVaxH35.js:2302 4I x:ageGp:fam 195:2:-1 by red 150:2:-1 at gen119 Univ0 prob=0.423
AgeVaxH35.js:2302 5I x:ageGp:fam 3:0:-1 by blue 881:6:-1 at gen138 Univ0 prob=0.463
AgeVaxH35.js:2302 6I x:ageGp:fam 173:2:-1 by blue 574:4:-1 at gen150 Univ0 prob=0.077
AgeVaxH35.js:2302 7I x:ageGp:fam 648:4:-1 by yellow 173:2:-1 at gen152 Univ0 prob=0.115
AgeVaxH35.js:2302 8I x:ageGp:fam 549:4:-1 by blue 574:4:-1 at gen154 Univ0 prob=0.296
AgeVaxH35.js:2302 8I x:ageGp:fam 425:3:-1 by yellow 549:4:-1 at gen155 Univ0 prob=0.221
AgeVaxH35.js:2302 10I x:ageGp:fam 652:4:-1 by red 611:4:-1 at gen163 Univ0 prob=0.534
AgeVaxH35.js:2302 11I x:ageGp:fam 590:4:-1 by red 611:4:-1 at gen165 Univ0 prob=0.615
AgeVaxH35.js:2302 11I x:ageGp:fam 465:3:-1 by blue 881:6:-1 at gen166 Univ0 prob=0.041
AgeVaxH35.js:2302 13I x:ageGp:fam 118:1:-1 by red 611:4:-1 at gen170 Univ0 prob=0.866
AgeVaxH35.js:2302 14I x:ageGp:fam 442:3:-1 by blue 574:4:-1 at gen177 Univ0 prob=0.170
AgeVaxH35.js:2302 14I x:ageGp:fam 661:4:-1 by green 442:3:-1 at gen177 Univ0 prob=0.674
AgeVaxH35.js:2302 14I x:ageGp:fam 819:5:-1 by green 442:3:-1 at gen177 Univ0 prob=0.695
AgeVaxH35.js:2302 14I x:ageGp:fam 661:4:-1 by blue 574:4:-1 at gen177 Univ0 prob=0.052
AgeVaxH35.js:2302 17I x:ageGp:fam 981:8:-1 by blue 195:2:-1 at gen196 Univ0 prob=0.777
AgeVaxH35.js:2302 18I x:ageGp:fam 634:4:-1 by blue 3:0:-1 at gen201 Univ0 prob=0.767
AgeVaxH35.js:2302 19I x:ageGp:fam 235:2:-1 by red 574:4:-1 at gen212 Univ0 prob=0.963
AgeVaxH35.js:2302 20I x:ageGp:fam 423:3:-1 by yellow 652:4:-1 at gen215 Univ0 prob=0.513
AgeVaxH35.js:2302 21I x:ageGp:fam 989:9:-1 by blue 173:2:-1 at gen218 Univ0 prob=0.426
AgeVaxH35.js:2302 22I x:ageGp:fam 254:2:-1 by red 881:6:-1 at gen222 Univ0 prob=0.553
AgeVaxH35.js:2302 23I x:ageGp:fam 323:2:-1 by blue 118:1:-1 at gen226 Univ0 prob=0.435
AgeVaxH35.js:2302 23I x:ageGp:fam 401:3:-1 by blue 590:4:-1 at gen226 Univ0 prob=0.580
AgeVaxH35.js:2302 23I x:ageGp:fam 795:5:-1 by blue 590:4:-1 at gen226 Univ0 prob=0.816
AgeVaxH35.js:2302 23I x:ageGp:fam 925:7:-1 by blue 590:4:-1 at gen226 Univ0 prob=0.863
AgeVaxH35.js:2302 27I x:ageGp:fam 700:5:-1 by blue 549:4:-1 at gen231 Univ0 prob=0.948
AgeVaxH35.js:2302 28I x:ageGp:fam 715:5:-1 by blue 549:4:-1 at gen233 Univ0 prob=0.505
AgeVaxH35.js:2302 29I x:ageGp:fam 271:2:-1 by blue 590:4:-1 at gen238 Univ0 prob=0.262
AgeVaxH35.js:2302 29I x:ageGp:fam 911:7:-1 by blue 590:4:-1 at gen239 Univ0 prob=0.544
AgeVaxH35.js:2302 31I x:ageGp:fam 70:1:-1 by blue 118:1:-1 at gen243 Univ0 prob=0.235
AgeVaxH35.js:2302 31I x:ageGp:fam 73:1:-1 by blue 118:1:-1 at gen243 Univ0 prob=0.091
AgeVaxH35.js:2302 33I x:ageGp:fam 397:3:-1 by blue 173:2:-1 at gen250 Univ0 prob=0.892
AgeVaxH35.js:2302 33I x:ageGp:fam 257:2:-1 by red 195:2:-1 at gen251 Univ0 prob=0.288
AgeVaxH35.js:2302 35I x:ageGp:fam 493:3:-1 by blue 981:8:-1 at gen253 Univ0 prob=0.772
AgeVaxH35.js:2302 36I x:ageGp:fam 877:6:-1 by blue 118:1:-1 at gen259 Univ0 prob=0.457
AgeVaxH35.js:2302 37I x:ageGp:fam 599:4:-1 by blue 661:4:-1 at gen263 Univ0 prob=0.095
AgeVaxH35.js:2302 38I x:ageGp:fam 742:5:-1 by red 881:6:-1 at gen265 Univ0 prob=0.896
AgeVaxH35.js:2302 39I x:ageGp:fam 686:4:-1 by red 881:6:-1 at gen267 Univ0 prob=0.191
AgeVaxH35.js:2302 40I x:ageGp:fam 495:3:-1 by blue 661:4:-1 at gen272 Univ0 prob=0.676
AgeVaxH35.js:2302 40I x:ageGp:fam 735:5:-1 by blue 661:4:-1 at gen273 Univ0 prob=0.716
AgeVaxH35.js:2302 42I x:ageGp:fam 72:1:-1 by blue 465:3:-1 at gen275 Univ0 prob=0.570
AgeVaxH35.js:2302 42I x:ageGp:fam 642:4:-1 by red 3:0:-1 at gen276 Univ0 prob=0.801
AgeVaxH35.js:2302 44I x:ageGp:fam 15:0:-1 by red 425:3:-1 at gen281 Univ0 prob=0.816
AgeVaxH35.js:2302 44I x:ageGp:fam 522:3:-1 by blue 925:7:-1 at gen281 Univ0 prob=0.879
AgeVaxH35.js:2302 44I x:ageGp:fam 910:7:-1 by red 173:2:-1 at gen282 Univ0 prob=0.281
AgeVaxH35.js:2302 47I x:ageGp:fam 585:4:-1 by red 425:3:-1 at gen284 Univ0 prob=0.245
AgeVaxH35.js:2302 48I x:ageGp:fam 521:3:-1 by blue 989:9:-1 at gen286 Univ0 prob=0.423
AgeVaxH35.js:2302 49I x:ageGp:fam 122:1:-1 by red 652:4:-1 at gen288 Univ0 prob=0.985
AgeVaxH35.js:2302 49I x:ageGp:fam 88:1:-1 by red 648:4:-1 at gen289 Univ0 prob=0.443
AgeVaxH35.js:2302 49I x:ageGp:fam 351:2:-1 by blue 925:7:-1 at gen289 Univ0 prob=0.505
AgeVaxH35.js:2302 49I x:ageGp:fam 471:3:-1 by blue 423:3:-1 at gen289 Univ0 prob=0.932
AgeVaxH35.js:2302 53I x:ageGp:fam 24:0:-1 by blue 235:2:-1 at gen292 Univ0 prob=0.479
AgeVaxH35.js:2302 53I x:ageGp:fam 670:4:-1 by blue 271:2:-1 at gen292 Univ0 prob=0.908
AgeVaxH35.js:2302 53I x:ageGp:fam 488:3:-1 by blue 981:8:-1 at gen292 Univ0 prob=0.240
AgeVaxH35.js:2302 56I x:ageGp:fam 156:2:-1 by blue 235:2:-1 at gen295 Univ0 prob=0.030
AgeVaxH35.js:2302 56I x:ageGp:fam 790:5:-1 by blue 254:2:-1 at gen296 Univ0 prob=0.445
AgeVaxH35.js:2302 58I x:ageGp:fam 160:2:-1 by blue 323:2:-1 at gen298 Univ0 prob=0.668
AgeVaxH35.js:2302 58I x:ageGp:fam 178:2:-1 by blue 235:2:-1 at gen299 Univ0 prob=0.055
AgeVaxH35.js:2302 60I x:ageGp:fam 921:7:-1 by blue 323:2:-1 at gen301 Univ0 prob=0.596
AgeVaxH35.js:2302 60I x:ageGp:fam 547:4:-1 by blue 401:3:-1 at gen302 Univ0 prob=0.013
AgeVaxH35.js:2302 62I x:ageGp:fam 68:1:-1 by blue 323:2:-1 at gen304 Univ0 prob=0.114
AgeVaxH35.js:2302 62I x:ageGp:fam 512:3:-1 by red 652:4:-1 at gen304 Univ0 prob=0.525
AgeVaxH35.js:2302 62I x:ageGp:fam 912:7:-1 by red 3:0:-1 at gen305 Univ0 prob=0.175
AgeVaxH35.js:2302 62I x:ageGp:fam 455:3:-1 by blue 925:7:-1 at gen305 Univ0 prob=0.821
AgeVaxH35.js:2302 64I x:ageGp:fam 734:5:-1 by blue 235:2:-1 at gen306 Univ0 prob=0.513
AgeVaxH35.js:2302 67I x:ageGp:fam 267:2:-1 by red 819:5:-1 at gen310 Univ0 prob=0.116
AgeVaxH35.js:2302 67I x:ageGp:fam 739:5:-1 by blue 925:7:-1 at gen310 Univ0 prob=0.880
AgeVaxH35.js:2302 67I x:ageGp:fam 802:5:-1 by blue 700:5:-1 at gen311 Univ0 prob=0.750
AgeVaxH35.js:2302 70I x:ageGp:fam 963:8:-1 by yellow 742:5:-1 at gen313 Univ0 prob=0.239
AgeVaxH35.js:2302 71I x:ageGp:fam 418:3:-1 by red 648:4:-1 at gen315 Univ0 prob=0.441
AgeVaxH35.js:2302 72I x:ageGp:fam 92:1:-1 by blue 877:6:-1 at gen317 Univ0 prob=0.070
AgeVaxH35.js:2302 73I x:ageGp:fam 193:2:-1 by blue 271:2:-1 at gen319 Univ0 prob=0.271
AgeVaxH35.js:2302 74I x:ageGp:fam 335:2:-1 by blue 235:2:-1 at gen321 Univ0 prob=0.990
AgeVaxH35.js:2302 75I x:ageGp:fam 202:2:-1 by blue 323:2:-1 at gen324 Univ0 prob=0.195
AgeVaxH35.js:2302 75I x:ageGp:fam 820:5:-1 by blue 735:5:-1 at gen325 Univ0 prob=0.169
AgeVaxH35.js:2302 77I x:ageGp:fam 152:2:-1 by blue 323:2:-1 at gen327 Univ0 prob=0.434
AgeVaxH35.js:2302 77I x:ageGp:fam 955:8:-1 by blue 493:3:-1 at gen327 Univ0 prob=0.223
AgeVaxH35.js:2302 79I x:ageGp:fam 596:4:-1 by red 590:4:-1 at gen329 Univ0 prob=0.229
AgeVaxH35.js:2302 79I x:ageGp:fam 265:2:-1 by red 173:2:-1 at gen330 Univ0 prob=0.871
AgeVaxH35.js:2302 79I x:ageGp:fam 932:7:-1 by red 661:4:-1 at gen330 Univ0 prob=0.874
AgeVaxH35.js:2302 80I x:ageGp:fam 703:5:-1 by blue 925:7:-1 at gen331 Univ0 prob=0.357
AgeVaxH35.js:2302 82I x:ageGp:fam 528:3:-1 by red 425:3:-1 at gen332 Univ0 prob=0.714
AgeVaxH35.js:2302 84I x:ageGp:fam 33:0:-1 by blue 715:5:-1 at gen335 Univ0 prob=0.934
AgeVaxH35.js:2302 84I x:ageGp:fam 529:3:-1 by blue 495:3:-1 at gen335 Univ0 prob=0.729
AgeVaxH35.js:2302 86I x:ageGp:fam 906:7:-1 by blue 70:1:-1 at gen337 Univ0 prob=0.257
AgeVaxH35.js:2302 86I x:ageGp:fam 205:2:-1 by red 590:4:-1 at gen337 Univ0 prob=0.567
AgeVaxH35.js:2302 88I x:ageGp:fam 237:2:-1 by blue 271:2:-1 at gen339 Univ0 prob=0.126
AgeVaxH35.js:2302 88I x:ageGp:fam 860:6:-1 by blue 271:2:-1 at gen339 Univ0 prob=0.105
AgeVaxH35.js:2302 88I x:ageGp:fam 506:3:-1 by blue 493:3:-1 at gen339 Univ0 prob=0.987
AgeVaxH35.js:2302 88I x:ageGp:fam 837:6:-1 by red 590:4:-1 at gen340 Univ0 prob=0.708
AgeVaxH35.js:2302 91I x:ageGp:fam 408:3:-1 by blue 271:2:-1 at gen341 Univ0 prob=0.418
AgeVaxH35.js:2302 93I x:ageGp:fam 891:6:-1 by blue 686:4:-1 at gen343 Univ0 prob=0.548
AgeVaxH35.js:2302 93I x:ageGp:fam 987:9:-1 by blue 742:5:-1 at gen343 Univ0 prob=0.081
AgeVaxH35.js:2302 95I x:ageGp:fam 412:3:-1 by blue 271:2:-1 at gen345 Univ0 prob=0.385
AgeVaxH35.js:2302 95I x:ageGp:fam 59:1:-1 by yellow 156:2:-1 at gen346 Univ0 prob=0.263
AgeVaxH35.js:2302 95I x:ageGp:fam 302:2:-1 by blue 323:2:-1 at gen346 Univ0 prob=0.337
AgeVaxH35.js:2302 96I x:ageGp:fam 616:4:-1 by red 235:2:-1 at gen347 Univ0 prob=0.942
AgeVaxH35.js:2302 99I x:ageGp:fam 114:1:-1 by blue 495:3:-1 at gen351 Univ0 prob=0.658
AgeVaxH35.js:2302 99I x:ageGp:fam 209:2:-1 by blue 910:7:-1 at gen351 Univ0 prob=0.722
AgeVaxH35.js:2302 99I x:ageGp:fam 701:5:-1 by blue 72:1:-1 at gen352 Univ0 prob=0.292
AgeVaxH35.js:2302 99I x:ageGp:fam 269:2:-1 by red 925:7:-1 at gen352 Univ0 prob=0.573
AgeVaxH35.js:2302 103I x:ageGp:fam 47:1:-1 by red 235:2:-1 at gen354 Univ0 prob=0.273
AgeVaxH35.js:2302 103I x:ageGp:fam 134:2:-1 by blue 742:5:-1 at gen354 Univ0 prob=0.506
AgeVaxH35.js:2302 103I x:ageGp:fam 65:1:-1 by blue 178:2:-1 at gen355 Univ0 prob=0.176
AgeVaxH35.js:2302 103I x:ageGp:fam 692:5:-1 by blue 271:2:-1 at gen355 Univ0 prob=0.963
AgeVaxH35.js:2302 103I x:ageGp:fam 581:4:-1 by blue 686:4:-1 at gen355 Univ0 prob=0.212
AgeVaxH35.js:2302 103I x:ageGp:fam 982:9:-1 by blue 910:7:-1 at gen355 Univ0 prob=0.878
AgeVaxH35.js:2302 105I x:ageGp:fam 507:3:-1 by blue 742:5:-1 at gen356 Univ0 prob=0.338
AgeVaxH35.js:2302 109I x:ageGp:fam 262:2:-1 by blue 15:0:-1 at gen357 Univ0 prob=0.171
AgeVaxH35.js:2302 109I x:ageGp:fam 681:4:-1 by blue 15:0:-1 at gen357 Univ0 prob=0.162
AgeVaxH35.js:2302 112I x:ageGp:fam 183:2:-1 by yellow 267:2:-1 at gen360 Univ0 prob=0.370
AgeVaxH35.js:2302 112I x:ageGp:fam 699:5:-1 by red 323:2:-1 at gen360 Univ0 prob=0.450
AgeVaxH35.js:2302 112I x:ageGp:fam 313:2:-1 by red 323:2:-1 at gen361 Univ0 prob=0.166
AgeVaxH35.js:2302 112I x:ageGp:fam 809:5:-1 by blue 471:3:-1 at gen361 Univ0 prob=0.611
AgeVaxH35.js:2302 114I x:ageGp:fam 256:2:-1 by blue 15:0:-1 at gen362 Univ0 prob=0.120
AgeVaxH35.js:2302 114I x:ageGp:fam 25:0:-1 by blue 70:1:-1 at gen362 Univ0 prob=0.108
AgeVaxH35.js:2302 114I x:ageGp:fam 470:3:-1 by red 271:2:-1 at gen362 Univ0 prob=0.618
AgeVaxH35.js:2302 114I x:ageGp:fam 774:5:-1 by blue 471:3:-1 at gen362 Univ0 prob=0.296
AgeVaxH35.js:2302 116I x:ageGp:fam 197:2:-1 by blue 455:3:-1 at gen363 Univ0 prob=0.104
AgeVaxH35.js:2302 116I x:ageGp:fam 887:6:-1 by red 254:2:-1 at gen363 Univ0 prob=0.377
AgeVaxH35.js:2302 120I x:ageGp:fam 141:2:-1 by red 323:2:-1 at gen364 Univ0 prob=0.297
AgeVaxH35.js:2302 120I x:ageGp:fam 840:6:-1 by blue 160:2:-1 at gen364 Univ0 prob=0.971
AgeVaxH35.js:2302 120I x:ageGp:fam 861:6:-1 by blue 351:2:-1 at gen364 Univ0 prob=0.619
AgeVaxH35.js:2302 125I x:ageGp:fam 50:1:-1 by blue 734:5:-1 at gen367 Univ0 prob=0.543
AgeVaxH35.js:2302 125I x:ageGp:fam 251:2:-1 by red 73:1:-1 at gen367 Univ0 prob=0.423
AgeVaxH35.js:2302 125I x:ageGp:fam 126:1:-1 by red 989:9:-1 at gen367 Univ0 prob=0.175
AgeVaxH35.js:2302 125I x:ageGp:fam 770:5:-1 by red 323:2:-1 at gen367 Univ0 prob=0.186
AgeVaxH35.js:2302 125I x:ageGp:fam 864:6:-1 by blue 742:5:-1 at gen367 Univ0 prob=0.336
AgeVaxH35.js:2302 130I x:ageGp:fam 946:7:-1 by blue 522:3:-1 at gen369 Univ0 prob=0.135
AgeVaxH35.js:2302 130I x:ageGp:fam 708:5:-1 by red 423:3:-1 at gen370 Univ0 prob=0.511
AgeVaxH35.js:2302 132I x:ageGp:fam 301:2:-1 by red 235:2:-1 at gen372 Univ0 prob=0.007
AgeVaxH35.js:2302 132I x:ageGp:fam 227:2:-1 by red 323:2:-1 at gen373 Univ0 prob=0.038
AgeVaxH35.js:2302 132I x:ageGp:fam 339:2:-1 by red 981:8:-1 at gen373 Univ0 prob=0.588
AgeVaxH35.js:2302 133I x:ageGp:fam 867:6:-1 by blue 351:2:-1 at gen374 Univ0 prob=0.751
AgeVaxH35.js:2302 135I x:ageGp:fam 978:8:-1 by red 70:1:-1 at gen375 Univ0 prob=0.678
AgeVaxH35.js:2302 135I x:ageGp:fam 928:7:-1 by blue 160:2:-1 at gen375 Univ0 prob=0.714
AgeVaxH35.js:2302 135I x:ageGp:fam 224:2:-1 by red 634:4:-1 at gen375 Univ0 prob=0.925
AgeVaxH35.js:2302 136I x:ageGp:fam 863:6:-1 by blue 15:0:-1 at gen376 Univ0 prob=0.266
AgeVaxH35.js:2302 136I x:ageGp:fam 86:1:-1 by blue 686:4:-1 at gen376 Univ0 prob=0.205
AgeVaxH35.js:2302 136I x:ageGp:fam 123:1:-1 by blue 599:4:-1 at gen376 Univ0 prob=0.808
AgeVaxH35.js:2302 136I x:ageGp:fam 871:6:-1 by blue 178:2:-1 at gen376 Univ0 prob=0.700
AgeVaxH35.js:2302 139I x:ageGp:fam 51:1:-1 by blue 72:1:-1 at gen377 Univ0 prob=0.725
AgeVaxH35.js:2302 139I x:ageGp:fam 704:5:-1 by red 254:2:-1 at gen377 Univ0 prob=0.140
AgeVaxH35.js:2302 139I x:ageGp:fam 487:3:-1 by blue 921:7:-1 at gen377 Univ0 prob=0.166
AgeVaxH35.js:2302 146I x:ageGp:fam 923:7:-1 by blue 24:0:-1 at gen380 Univ0 prob=0.153
AgeVaxH35.js:2302 146I x:ageGp:fam 447:3:-1 by red 235:2:-1 at gen380 Univ0 prob=0.894
AgeVaxH35.js:2302 146I x:ageGp:fam 658:4:-1 by blue 921:7:-1 at gen380 Univ0 prob=0.280
AgeVaxH35.js:2302 149I x:ageGp:fam 281:2:-1 by blue 178:2:-1 at gen382 Univ0 prob=0.033
AgeVaxH35.js:2302 149I x:ageGp:fam 836:6:-1 by red 401:3:-1 at gen382 Univ0 prob=0.865
AgeVaxH35.js:2302 149I x:ageGp:fam 917:7:-1 by red 401:3:-1 at gen382 Univ0 prob=0.045
AgeVaxH35.js:2302 149I x:ageGp:fam 9:0:-1 by blue 267:2:-1 at gen383 Univ0 prob=0.471
AgeVaxH35.js:2302 149I x:ageGp:fam 63:1:-1 by blue 156:2:-1 at gen383 Univ0 prob=0.348
AgeVaxH35.js:2302 149I x:ageGp:fam 639:4:-1 by blue 267:2:-1 at gen383 Univ0 prob=0.595
AgeVaxH35.js:2302 149I x:ageGp:fam 384:3:-1 by red 634:4:-1 at gen383 Univ0 prob=0.657
AgeVaxH35.js:2302 156I x:ageGp:fam 218:2:-1 by blue 910:7:-1 at gen385 Univ0 prob=0.582
AgeVaxH35.js:2302 156I x:ageGp:fam 215:2:-1 by blue 156:2:-1 at gen386 Univ0 prob=0.965
AgeVaxH35.js:2302 156I x:ageGp:fam 625:4:-1 by blue 267:2:-1 at gen386 Univ0 prob=0.481
AgeVaxH35.js:2302 156I x:ageGp:fam 588:4:-1 by blue 522:3:-1 at gen386 Univ0 prob=0.505
AgeVaxH35.js:2302 157I x:ageGp:fam 355:2:-1 by blue 670:4:-1 at gen387 Univ0 prob=0.169
AgeVaxH35.js:2302 161I x:ageGp:fam 731:5:-1 by blue 739:5:-1 at gen389 Univ0 prob=0.720
AgeVaxH35.js:2302 161I x:ageGp:fam 553:4:-1 by red 634:4:-1 at gen390 Univ0 prob=0.642
AgeVaxH35.js:2302 162I x:ageGp:fam 431:3:-1 by blue 68:1:-1 at gen391 Univ0 prob=0.948
AgeVaxH35.js:2302 162I x:ageGp:fam 229:2:-1 by blue 734:5:-1 at gen391 Univ0 prob=0.138
AgeVaxH35.js:2302 162I x:ageGp:fam 463:3:-1 by blue 512:3:-1 at gen391 Univ0 prob=0.918
AgeVaxH35.js:2302 162I x:ageGp:fam 636:4:-1 by blue 802:5:-1 at gen391 Univ0 prob=0.803
AgeVaxH35.js:2302 163I x:ageGp:fam 236:2:-1 by blue 670:4:-1 at gen392 Univ0 prob=0.627
AgeVaxH35.js:2302 167I x:ageGp:fam 14:0:-1 by red 686:4:-1 at gen393 Univ0 prob=0.371
AgeVaxH35.js:2302 167I x:ageGp:fam 754:5:-1 by blue 178:2:-1 at gen393 Univ0 prob=0.879
AgeVaxH35.js:2302 167I x:ageGp:fam 494:3:-1 by blue 335:2:-1 at gen393 Univ0 prob=0.231
AgeVaxH35.js:2302 168I x:ageGp:fam 437:3:-1 by blue 351:2:-1 at gen394 Univ0 prob=0.819
AgeVaxH35.js:2302 171I x:ageGp:fam 279:2:-1 by blue 987:9:-1 at gen395 Univ0 prob=0.173
AgeVaxH35.js:2302 173I x:ageGp:fam 916:7:-1 by blue 529:3:-1 at gen399 Univ0 prob=0.479
AgeVaxH35.js:2302 173I x:ageGp:fam 604:4:-1 by red 742:5:-1 at gen399 Univ0 prob=0.031
AgeVaxH35.js:2302 173I x:ageGp:fam 143:2:-1 by red 925:7:-1 at gen400 Univ0 prob=0.120
AgeVaxH35.js:2302 173I x:ageGp:fam 698:5:-1 by red 735:5:-1 at gen400 Univ0 prob=0.376
AgeVaxH35.js:2302 177I x:ageGp:fam 730:5:-1 by blue 512:3:-1 at gen402 Univ0 prob=0.372
AgeVaxH35.js:2302 178I x:ageGp:fam 794:5:-1 by blue 734:5:-1 at gen405 Univ0 prob=0.549
AgeVaxH35.js:2302 178I x:ageGp:fam 95:1:-1 by blue 412:3:-1 at gen406 Univ0 prob=0.057
AgeVaxH35.js:2302 178I x:ageGp:fam 656:4:-1 by blue 269:2:-1 at gen406 Univ0 prob=0.026
AgeVaxH35.js:2302 178I x:ageGp:fam 338:2:-1 by blue 703:5:-1 at gen406 Univ0 prob=0.347
AgeVaxH35.js:2302 179I x:ageGp:fam 515:3:-1 by red 911:7:-1 at gen407 Univ0 prob=0.939
AgeVaxH35.js:2302 182I x:ageGp:fam 101:1:-1 by blue 734:5:-1 at gen408 Univ0 prob=0.850
AgeVaxH35.js:2302 184I x:ageGp:fam 727:5:-1 by red 15:0:-1 at gen410 Univ0 prob=0.489
AgeVaxH35.js:2302 184I x:ageGp:fam 207:2:-1 by red 72:1:-1 at gen410 Univ0 prob=0.007
AgeVaxH35.js:2302 184I x:ageGp:fam 650:4:-1 by blue 512:3:-1 at gen410 Univ0 prob=0.172
AgeVaxH35.js:2302 184I x:ageGp:fam 8:0:-1 by blue 734:5:-1 at gen411 Univ0 prob=0.472
AgeVaxH35.js:2302 184I x:ageGp:fam 787:5:-1 by blue 529:3:-1 at gen411 Univ0 prob=0.632
AgeVaxH35.js:2302 187I x:ageGp:fam 201:2:-1 by blue 152:2:-1 at gen412 Univ0 prob=0.425
AgeVaxH35.js:2302 187I x:ageGp:fam 318:2:-1 by red 257:2:-1 at gen412 Univ0 prob=0.834
AgeVaxH35.js:2302 189I x:ageGp:fam 505:3:-1 by red 15:0:-1 at gen413 Univ0 prob=0.479
AgeVaxH35.js:2302 189I x:ageGp:fam 394:3:-1 by blue 335:2:-1 at gen413 Univ0 prob=0.501
AgeVaxH35.js:2302 191I x:ageGp:fam 986:9:-1 by blue 237:2:-1 at gen414 Univ0 prob=0.780
AgeVaxH35.js:2302 193I x:ageGp:fam 745:5:-1 by red 72:1:-1 at gen415 Univ0 prob=0.996
AgeVaxH35.js:2302 193I x:ageGp:fam 608:4:-1 by blue 267:2:-1 at gen415 Univ0 prob=0.734
AgeVaxH35.js:2302 194I x:ageGp:fam 344:2:-1 by red 877:6:-1 at gen416 Univ0 prob=0.143
AgeVaxH35.js:2302 194I x:ageGp:fam 429:3:-1 by red 351:2:-1 at gen416 Univ0 prob=0.436
AgeVaxH35.js:2302 198I x:ageGp:fam 568:4:-1 by blue 887:6:-1 at gen419 Univ0 prob=0.818
AgeVaxH35.js:2302 198I x:ageGp:fam 589:4:-1 by blue 681:4:-1 at gen419 Univ0 prob=0.459
AgeVaxH35.js:2302 198I x:ageGp:fam 37:0:-1 by red 160:2:-1 at gen420 Univ0 prob=0.015
AgeVaxH35.js:2302 198I x:ageGp:fam 638:4:-1 by blue 50:1:-1 at gen420 Univ0 prob=0.627
AgeVaxH35.js:2302 198I x:ageGp:fam 689:4:-1 by blue 50:1:-1 at gen420 Univ0 prob=0.657
AgeVaxH35.js:2302 198I x:ageGp:fam 306:2:-1 by blue 65:1:-1 at gen420 Univ0 prob=0.141
AgeVaxH35.js:2302 198I x:ageGp:fam 225:2:-1 by red 910:7:-1 at gen420 Univ0 prob=0.430
AgeVaxH35.js:2302 198I x:ageGp:fam 403:3:-1 by red 911:7:-1 at gen420 Univ0 prob=0.143
AgeVaxH35.js:2302 206I x:ageGp:fam 749:5:-1 by red 15:0:-1 at gen422 Univ0 prob=0.363
AgeVaxH35.js:2302 206I x:ageGp:fam 349:2:-1 by blue 987:9:-1 at gen422 Univ0 prob=0.107
AgeVaxH35.js:2302 208I x:ageGp:fam 276:2:-1 by blue 202:2:-1 at gen424 Univ0 prob=0.748
AgeVaxH35.js:2302 208I x:ageGp:fam 461:3:-1 by blue 528:3:-1 at gen424 Univ0 prob=0.335
AgeVaxH35.js:2302 210I x:ageGp:fam 380:3:-1 by blue 616:4:-1 at gen426 Univ0 prob=0.621
AgeVaxH35.js:2302 210I x:ageGp:fam 310:2:-1 by red 351:2:-1 at gen427 Univ0 prob=0.805
AgeVaxH35.js:2302 210I x:ageGp:fam 838:6:-1 by yellow 487:3:-1 at gen427 Univ0 prob=0.045
AgeVaxH35.js:2302 211I x:ageGp:fam 133:2:-1 by blue 867:6:-1 at gen428 Univ0 prob=0.148
AgeVaxH35.js:2302 211I x:ageGp:fam 166:2:-1 by blue 134:2:-1 at gen428 Univ0 prob=0.437
AgeVaxH35.js:2302 211I x:ageGp:fam 552:4:-1 by blue 581:4:-1 at gen428 Univ0 prob=0.931
AgeVaxH35.js:2302 213I x:ageGp:fam 728:5:-1 by blue 47:1:-1 at gen429 Univ0 prob=0.233
AgeVaxH35.js:2302 213I x:ageGp:fam 49:1:-1 by red 495:3:-1 at gen429 Univ0 prob=0.633
AgeVaxH35.js:2302 213I x:ageGp:fam 813:5:-1 by red 455:3:-1 at gen429 Univ0 prob=0.909
AgeVaxH35.js:2302 216I x:ageGp:fam 17:0:-1 by red 912:7:-1 at gen430 Univ0 prob=0.739
AgeVaxH35.js:2302 216I x:ageGp:fam 76:1:-1 by blue 256:2:-1 at gen430 Univ0 prob=0.257
AgeVaxH35.js:2302 216I x:ageGp:fam 402:3:-1 by blue 134:2:-1 at gen430 Univ0 prob=0.104
AgeVaxH35.js:2302 216I x:ageGp:fam 406:3:-1 by red 735:5:-1 at gen430 Univ0 prob=0.466
AgeVaxH35.js:2302 219I x:ageGp:fam 4:0:-1 by red 24:0:-1 at gen431 Univ0 prob=0.497
AgeVaxH35.js:2302 219I x:ageGp:fam 766:5:-1 by blue 134:2:-1 at gen431 Univ0 prob=0.662
AgeVaxH35.js:2302 223I x:ageGp:fam 26:0:-1 by red 160:2:-1 at gen432 Univ0 prob=0.750
AgeVaxH35.js:2302 223I x:ageGp:fam 91:1:-1 by blue 47:1:-1 at gen432 Univ0 prob=0.575
AgeVaxH35.js:2302 223I x:ageGp:fam 865:6:-1 by yellow 639:4:-1 at gen432 Univ0 prob=0.099
AgeVaxH35.js:2302 225I x:ageGp:fam 180:2:-1 by red 351:2:-1 at gen433 Univ0 prob=0.132
AgeVaxH35.js:2302 225I x:ageGp:fam 690:5:-1 by blue 820:5:-1 at gen433 Univ0 prob=0.852
AgeVaxH35.js:2302 225I x:ageGp:fam 933:7:-1 by blue 699:5:-1 at gen433 Univ0 prob=0.807
AgeVaxH35.js:2302 225I x:ageGp:fam 817:5:-1 by blue 701:5:-1 at gen433 Univ0 prob=0.926
AgeVaxH35.js:2302 228I x:ageGp:fam 383:3:-1 by red 24:0:-1 at gen434 Univ0 prob=0.320
AgeVaxH35.js:2302 228I x:ageGp:fam 167:2:-1 by blue 412:3:-1 at gen434 Univ0 prob=0.393
AgeVaxH35.js:2302 232I x:ageGp:fam 466:3:-1 by blue 507:3:-1 at gen435 Univ0 prob=0.362
AgeVaxH35.js:2302 232I x:ageGp:fam 947:7:-1 by blue 470:3:-1 at gen435 Univ0 prob=0.526
AgeVaxH35.js:2302 236I x:ageGp:fam 296:2:-1 by blue 262:2:-1 at gen437 Univ0 prob=0.265
AgeVaxH35.js:2302 236I x:ageGp:fam 438:3:-1 by blue 955:8:-1 at gen438 Univ0 prob=0.410
AgeVaxH35.js:2302 237I x:ageGp:fam 927:7:-1 by blue 63:1:-1 at gen439 Univ0 prob=0.713
AgeVaxH35.js:2302 237I x:ageGp:fam 261:2:-1 by blue 864:6:-1 at gen439 Univ0 prob=0.786
AgeVaxH35.js:2302 237I x:ageGp:fam 622:4:-1 by blue 887:6:-1 at gen439 Univ0 prob=0.432
AgeVaxH35.js:2302 237I x:ageGp:fam 905:7:-1 by blue 928:7:-1 at gen439 Univ0 prob=0.560
AgeVaxH35.js:2302 238I x:ageGp:fam 27:0:-1 by blue 528:3:-1 at gen440 Univ0 prob=0.321
AgeVaxH35.js:2302 238I x:ageGp:fam 44:1:-1 by blue 65:1:-1 at gen440 Univ0 prob=0.664
AgeVaxH35.js:2302 238I x:ageGp:fam 211:2:-1 by blue 639:4:-1 at gen440 Univ0 prob=0.882
AgeVaxH35.js:2302 238I x:ageGp:fam 239:2:-1 by blue 871:6:-1 at gen440 Univ0 prob=0.108
AgeVaxH35.js:2302 238I x:ageGp:fam 679:4:-1 by red 351:2:-1 at gen440 Univ0 prob=0.810
AgeVaxH35.js:2302 242I x:ageGp:fam 842:6:-1 by red 335:2:-1 at gen441 Univ0 prob=0.071
AgeVaxH35.js:2302 242I x:ageGp:fam 458:3:-1 by blue 699:5:-1 at gen441 Univ0 prob=0.223
AgeVaxH35.js:2302 247I x:ageGp:fam 456:3:-1 by red 152:2:-1 at gen442 Univ0 prob=0.677
AgeVaxH35.js:2302 247I x:ageGp:fam 364:3:-1 by red 790:5:-1 at gen442 Univ0 prob=0.813
AgeVaxH35.js:2302 247I x:ageGp:fam 441:3:-1 by blue 987:9:-1 at gen442 Univ0 prob=0.092
AgeVaxH35.js:2302 249I x:ageGp:fam 654:4:-1 by blue 355:2:-1 at gen443 Univ0 prob=0.983
AgeVaxH35.js:2302 253I x:ageGp:fam 163:2:-1 by blue 134:2:-1 at gen445 Univ0 prob=0.677
AgeVaxH35.js:2302 253I x:ageGp:fam 194:2:-1 by blue 227:2:-1 at gen446 Univ0 prob=0.335
AgeVaxH35.js:2302 254I x:ageGp:fam 853:6:-1 by blue 528:3:-1 at gen447 Univ0 prob=0.091
AgeVaxH35.js:2302 255I x:ageGp:fam 12:0:-1 by blue 205:2:-1 at gen448 Univ0 prob=0.795
AgeVaxH35.js:2302 255I x:ageGp:fam 66:1:-1 by blue 215:2:-1 at gen448 Univ0 prob=0.759
AgeVaxH35.js:2302 255I x:ageGp:fam 379:3:-1 by blue 227:2:-1 at gen448 Univ0 prob=0.407
AgeVaxH35.js:2302 255I x:ageGp:fam 322:2:-1 by blue 770:5:-1 at gen448 Univ0 prob=0.653
AgeVaxH35.js:2302 255I x:ageGp:fam 375:3:-1 by blue 487:3:-1 at gen448 Univ0 prob=0.969
AgeVaxH35.js:2302 255I x:ageGp:fam 856:6:-1 by blue 770:5:-1 at gen448 Univ0 prob=0.911
AgeVaxH35.js:2302 256I x:ageGp:fam 433:3:-1 by red 742:5:-1 at gen449 Univ0 prob=0.102
AgeVaxH35.js:2302 256I x:ageGp:fam 733:5:-1 by blue 681:4:-1 at gen449 Univ0 prob=0.770
AgeVaxH35.js:2302 256I x:ageGp:fam 724:5:-1 by blue 770:5:-1 at gen449 Univ0 prob=0.440
AgeVaxH35.js:2302 262I x:ageGp:fam 736:5:-1 by red 156:2:-1 at gen450 Univ0 prob=0.552
AgeVaxH35.js:2302 262I x:ageGp:fam 275:2:-1 by blue 588:4:-1 at gen450 Univ0 prob=0.647
AgeVaxH35.js:2302 262I x:ageGp:fam 821:6:-1 by red 351:2:-1 at gen450 Univ0 prob=0.239
AgeVaxH35.js:2302 265I x:ageGp:fam 618:4:-1 by blue 9:0:-1 at gen451 Univ0 prob=0.808
AgeVaxH35.js:2302 265I x:ageGp:fam 576:4:-1 by blue 65:1:-1 at gen451 Univ0 prob=0.153
AgeVaxH35.js:2302 265I x:ageGp:fam 778:5:-1 by red 742:5:-1 at gen451 Univ0 prob=0.437
AgeVaxH35.js:2302 268I x:ageGp:fam 484:3:-1 by blue 681:4:-1 at gen452 Univ0 prob=0.958
AgeVaxH35.js:2302 268I x:ageGp:fam 509:3:-1 by blue 864:6:-1 at gen452 Univ0 prob=0.293
AgeVaxH35.js:2302 271I x:ageGp:fam 39:0:-1 by blue 928:7:-1 at gen453 Univ0 prob=0.794
AgeVaxH35.js:2302 271I x:ageGp:fam 655:4:-1 by blue 141:2:-1 at gen453 Univ0 prob=0.452
AgeVaxH35.js:2302 271I x:ageGp:fam 992:9:-1 by blue 770:5:-1 at gen453 Univ0 prob=0.952
AgeVaxH35.js:2302 273I x:ageGp:fam 672:4:-1 by red 92:1:-1 at gen454 Univ0 prob=0.810
AgeVaxH35.js:2302 273I x:ageGp:fam 751:5:-1 by blue 227:2:-1 at gen454 Univ0 prob=0.300
AgeVaxH35.js:2302 273I x:ageGp:fam 324:2:-1 by red 642:4:-1 at gen454 Univ0 prob=0.262
AgeVaxH35.js:2302 273I x:ageGp:fam 474:3:-1 by blue 658:4:-1 at gen454 Univ0 prob=0.487
AgeVaxH35.js:2302 273I x:ageGp:fam 627:4:-1 by red 735:5:-1 at gen454 Univ0 prob=0.613
AgeVaxH35.js:2302 276I x:ageGp:fam 10:0:-1 by red 202:2:-1 at gen455 Univ0 prob=0.979
AgeVaxH35.js:2302 276I x:ageGp:fam 62:1:-1 by blue 770:5:-1 at gen455 Univ0 prob=0.099
AgeVaxH35.js:2302 276I x:ageGp:fam 924:7:-1 by red 152:2:-1 at gen455 Univ0 prob=0.345
AgeVaxH35.js:2302 281I x:ageGp:fam 452:3:-1 by blue 946:7:-1 at gen456 Univ0 prob=0.372
AgeVaxH35.js:2302 281I x:ageGp:fam 453:3:-1 by blue 860:6:-1 at gen456 Univ0 prob=0.166
AgeVaxH35.js:2302 281I x:ageGp:fam 938:7:-1 by red 495:3:-1 at gen456 Univ0 prob=0.026
AgeVaxH35.js:2302 281I x:ageGp:fam 635:4:-1 by blue 923:7:-1 at gen456 Univ0 prob=0.711
AgeVaxH35.js:2302 284I x:ageGp:fam 941:7:-1 by red 24:0:-1 at gen457 Univ0 prob=0.056
AgeVaxH35.js:2302 284I x:ageGp:fam 491:3:-1 by red 68:1:-1 at gen457 Univ0 prob=0.232
AgeVaxH35.js:2302 288I x:ageGp:fam 203:2:-1 by blue 141:2:-1 at gen458 Univ0 prob=0.348
AgeVaxH35.js:2302 290I x:ageGp:fam 11:0:-1 by blue 86:1:-1 at gen459 Univ0 prob=0.955
AgeVaxH35.js:2302 290I x:ageGp:fam 170:2:-1 by blue 588:4:-1 at gen459 Univ0 prob=0.399
AgeVaxH35.js:2302 291I x:ageGp:fam 110:1:-1 by blue 840:6:-1 at gen460 Univ0 prob=0.987
AgeVaxH35.js:2302 291I x:ageGp:fam 696:5:-1 by blue 227:2:-1 at gen460 Univ0 prob=0.785
AgeVaxH35.js:2302 293I x:ageGp:fam 550:4:-1 by blue 701:5:-1 at gen461 Univ0 prob=0.302
AgeVaxH35.js:2302 295I x:ageGp:fam 288:2:-1 by blue 681:4:-1 at gen462 Univ0 prob=0.387
AgeVaxH35.js:2302 296I x:ageGp:fam 784:5:-1 by blue 141:2:-1 at gen463 Univ0 prob=0.138
AgeVaxH35.js:2302 296I x:ageGp:fam 174:2:-1 by blue 229:2:-1 at gen463 Univ0 prob=0.695
AgeVaxH35.js:2302 296I x:ageGp:fam 210:2:-1 by blue 861:6:-1 at gen463 Univ0 prob=0.369
AgeVaxH35.js:2302 300I x:ageGp:fam 849:6:-1 by red 528:3:-1 at gen465 Univ0 prob=0.443
AgeVaxH35.js:2302 300I x:ageGp:fam 124:1:-1 by red 351:2:-1 at gen466 Univ0 prob=0.521
AgeVaxH35.js:2302 300I x:ageGp:fam 807:5:-1 by blue 215:2:-1 at gen466 Univ0 prob=0.705
AgeVaxH35.js:2302 301I x:ageGp:fam 673:4:-1 by blue 215:2:-1 at gen467 Univ0 prob=0.863
AgeVaxH35.js:2302 301I x:ageGp:fam 541:4:-1 by blue 507:3:-1 at gen467 Univ0 prob=0.956
AgeVaxH35.js:2302 301I x:ageGp:fam 919:7:-1 by red 860:6:-1 at gen467 Univ0 prob=0.003
AgeVaxH35.js:2302 301I x:ageGp:fam 937:7:-1 by blue 887:6:-1 at gen467 Univ0 prob=0.079
AgeVaxH35.js:2302 303I x:ageGp:fam 783:5:-1 by red 529:3:-1 at gen468 Univ0 prob=0.217
AgeVaxH35.js:2302 303I x:ageGp:fam 931:7:-1 by yellow 568:4:-1 at gen468 Univ0 prob=0.209
AgeVaxH35.js:2302 307I x:ageGp:fam 149:2:-1 by blue 681:4:-1 at gen469 Univ0 prob=0.466
AgeVaxH35.js:2302 309I x:ageGp:fam 112:1:-1 by blue 339:2:-1 at gen470 Univ0 prob=0.751
AgeVaxH35.js:2302 311I x:ageGp:fam 771:5:-1 by red 24:0:-1 at gen472 Univ0 prob=0.692
AgeVaxH35.js:2302 311I x:ageGp:fam 834:6:-1 by red 59:1:-1 at gen472 Univ0 prob=0.471
AgeVaxH35.js:2302 311I x:ageGp:fam 633:4:-1 by blue 864:6:-1 at gen472 Univ0 prob=0.536
AgeVaxH35.js:2302 314I x:ageGp:fam 710:5:-1 by blue 86:1:-1 at gen474 Univ0 prob=0.472
AgeVaxH35.js:2302 314I x:ageGp:fam 319:2:-1 by blue 727:5:-1 at gen475 Univ0 prob=0.834
AgeVaxH35.js:2302 316I x:ageGp:fam 96:1:-1 by blue 95:1:-1 at gen477 Univ0 prob=0.022
AgeVaxH35.js:2302 316I x:ageGp:fam 508:3:-1 by blue 95:1:-1 at gen477 Univ0 prob=0.253
AgeVaxH35.js:2302 316I x:ageGp:fam 159:2:-1 by blue 638:4:-1 at gen477 Univ0 prob=0.927
AgeVaxH35.js:2302 316I x:ageGp:fam 69:1:-1 by red 302:2:-1 at gen478 Univ0 prob=0.929
AgeVaxH35.js:2302 316I x:ageGp:fam 606:4:-1 by red 418:3:-1 at gen478 Univ0 prob=0.483
AgeVaxH35.js:2302 319I x:ageGp:fam 287:2:-1 by blue 515:3:-1 at gen479 Univ0 prob=0.916
AgeVaxH35.js:2302 321I x:ageGp:fam 292:2:-1 by blue 871:6:-1 at gen480 Univ0 prob=0.275
AgeVaxH35.js:2302 323I x:ageGp:fam 587:4:-1 by blue 49:1:-1 at gen482 Univ0 prob=0.188
AgeVaxH35.js:2302 323I x:ageGp:fam 439:3:-1 by blue 95:1:-1 at gen483 Univ0 prob=0.951
AgeVaxH35.js:2302 323I x:ageGp:fam 903:7:-1 by red 681:4:-1 at gen483 Univ0 prob=0.137
AgeVaxH35.js:2302 324I x:ageGp:fam 78:1:-1 by blue 494:3:-1 at gen484 Univ0 prob=0.731
AgeVaxH35.js:2302 326I x:ageGp:fam 780:5:-1 by red 152:2:-1 at gen485 Univ0 prob=0.434
AgeVaxH35.js:2302 327I x:ageGp:fam 171:2:-1 by red 59:1:-1 at gen486 Univ0 prob=0.984
AgeVaxH35.js:2302 328I x:ageGp:fam 373:3:-1 by blue 933:7:-1 at gen487 Univ0 prob=0.646
AgeVaxH35.js:2302 330I x:ageGp:fam 720:5:-1 by blue 95:1:-1 at gen489 Univ0 prob=0.124
AgeVaxH35.js:2302 330I x:ageGp:fam 785:5:-1 by red 790:5:-1 at gen489 Univ0 prob=0.630
AgeVaxH35.js:2302 330I x:ageGp:fam 878:6:-1 by blue 863:6:-1 at gen489 Univ0 prob=0.796
AgeVaxH35.js:2302 330I x:ageGp:fam 53:1:-1 by blue 207:2:-1 at gen490 Univ0 prob=0.401
AgeVaxH35.js:2302 330I x:ageGp:fam 502:3:-1 by red 152:2:-1 at gen490 Univ0 prob=0.739
AgeVaxH35.js:2302 330I x:ageGp:fam 757:5:-1 by blue 863:6:-1 at gen490 Univ0 prob=0.828
AgeVaxH35.js:2302 336I x:ageGp:fam 127:1:-1 by red 864:6:-1 at gen492 Univ0 prob=0.168
AgeVaxH35.js:2302 336I x:ageGp:fam 914:7:-1 by blue 207:2:-1 at gen492 Univ0 prob=0.430
AgeVaxH35.js:2302 336I x:ageGp:fam 392:3:-1 by red 141:2:-1 at gen493 Univ0 prob=0.293
AgeVaxH35.js:2302 336I x:ageGp:fam 249:2:-1 by blue 201:2:-1 at gen493 Univ0 prob=0.124
AgeVaxH35.js:2302 336I x:ageGp:fam 241:2:-1 by blue 441:3:-1 at gen493 Univ0 prob=0.444
AgeVaxH35.js:2302 338I x:ageGp:fam 129:1:-1 by blue 261:2:-1 at gen494 Univ0 prob=0.748
AgeVaxH35.js:2302 341I x:ageGp:fam 918:7:-1 by red 193:2:-1 at gen495 Univ0 prob=0.625
AgeVaxH35.js:2302 341I x:ageGp:fam 350:2:-1 by red 770:5:-1 at gen495 Univ0 prob=0.631
AgeVaxH35.js:2302 341I x:ageGp:fam 706:5:-1 by blue 461:3:-1 at gen495 Univ0 prob=0.210
AgeVaxH35.js:2302 342I x:ageGp:fam 28:0:-1 by red 197:2:-1 at gen496 Univ0 prob=0.374
AgeVaxH35.js:2302 342I x:ageGp:fam 721:5:-1 by blue 95:1:-1 at gen496 Univ0 prob=0.579
AgeVaxH35.js:2302 342I x:ageGp:fam 165:2:-1 by red 152:2:-1 at gen496 Univ0 prob=0.675
AgeVaxH35.js:2302 342I x:ageGp:fam 752:5:-1 by red 863:6:-1 at gen496 Univ0 prob=0.600
AgeVaxH35.js:2302 345I x:ageGp:fam 268:2:-1 by blue 461:3:-1 at gen497 Univ0 prob=0.205
AgeVaxH35.js:2302 345I x:ageGp:fam 430:3:-1 by red 864:6:-1 at gen497 Univ0 prob=0.459
AgeVaxH35.js:2302 345I x:ageGp:fam 501:3:-1 by red 770:5:-1 at gen497 Univ0 prob=0.265
AgeVaxH35.js:2302 349I x:ageGp:fam 390:3:-1 by blue 568:4:-1 at gen498 Univ0 prob=0.784
AgeVaxH35.js:2302 352I x:ageGp:fam 125:1:-1 by blue 689:4:-1 at gen499 Univ0 prob=0.617
AgeVaxH35.js:2302 352I x:ageGp:fam 762:5:-1 by red 141:2:-1 at gen499 Univ0 prob=0.664
AgeVaxH35.js:2302 352I x:ageGp:fam 148:2:-1 by red 227:2:-1 at gen499 Univ0 prob=0.796
AgeVaxH35.js:2302 352I x:ageGp:fam 226:2:-1 by red 197:2:-1 at gen499 Univ0 prob=0.142
AgeVaxH35.js:2302 357I x:ageGp:fam 182:2:-1 by blue 588:4:-1 at gen501 Univ0 prob=0.886
AgeVaxH35.js:2302 357I x:ageGp:fam 913:7:-1 by red 864:6:-1 at gen501 Univ0 prob=0.417
AgeVaxH35.js:2302 359I x:ageGp:fam 308:2:-1 by blue 207:2:-1 at gen503 Univ0 prob=0.443
AgeVaxH35.js:2302 359I x:ageGp:fam 83:1:-1 by red 256:2:-1 at gen504 Univ0 prob=0.379
AgeVaxH35.js:2302 359I x:ageGp:fam 472:3:-1 by blue 349:2:-1 at gen504 Univ0 prob=0.912
AgeVaxH35.js:2302 360I x:ageGp:fam 185:2:-1 by blue 733:5:-1 at gen505 Univ0 prob=0.503
AgeVaxH35.js:2302 360I x:ageGp:fam 377:3:-1 by red 193:2:-1 at gen505 Univ0 prob=0.970
AgeVaxH35.js:2302 360I x:ageGp:fam 660:4:-1 by blue 689:4:-1 at gen505 Univ0 prob=0.972
AgeVaxH35.js:2302 360I x:ageGp:fam 750:5:-1 by red 860:6:-1 at gen505 Univ0 prob=0.449
AgeVaxH35.js:2302 362I x:ageGp:fam 111:1:-1 by blue 751:5:-1 at gen506 Univ0 prob=0.677
AgeVaxH35.js:2302 362I x:ageGp:fam 492:3:-1 by blue 730:5:-1 at gen506 Univ0 prob=0.928
AgeVaxH35.js:2302 362I x:ageGp:fam 966:8:-1 by red 507:3:-1 at gen506 Univ0 prob=0.788
AgeVaxH35.js:2302 362I x:ageGp:fam 759:5:-1 by blue 730:5:-1 at gen506 Univ0 prob=0.270
AgeVaxH35.js:2302 370I x:ageGp:fam 950:8:-1 by red 588:4:-1 at gen509 Univ0 prob=0.753
AgeVaxH35.js:2302 370I x:ageGp:fam 593:4:-1 by red 355:2:-1 at gen510 Univ0 prob=0.615
AgeVaxH35.js:2302 371I x:ageGp:fam 666:4:-1 by red 339:2:-1 at gen511 Univ0 prob=0.314
AgeVaxH35.js:2302 371I x:ageGp:fam 617:4:-1 by red 840:6:-1 at gen511 Univ0 prob=0.489
AgeVaxH35.js:2302 372I x:ageGp:fam 575:4:-1 by blue 992:9:-1 at gen512 Univ0 prob=0.536
AgeVaxH35.js:2302 375I x:ageGp:fam 100:1:-1 by blue 44:1:-1 at gen514 Univ0 prob=0.863
AgeVaxH35.js:2302 375I x:ageGp:fam 729:5:-1 by blue 203:2:-1 at gen514 Univ0 prob=0.856
AgeVaxH35.js:2302 375I x:ageGp:fam 479:3:-1 by blue 727:5:-1 at gen514 Univ0 prob=0.253
AgeVaxH35.js:2302 375I x:ageGp:fam 192:2:-1 by red 494:3:-1 at gen515 Univ0 prob=0.226
AgeVaxH35.js:2302 375I x:ageGp:fam 305:2:-1 by blue 261:2:-1 at gen515 Univ0 prob=0.448
AgeVaxH35.js:2302 375I x:ageGp:fam 973:8:-1 by blue 322:2:-1 at gen515 Univ0 prob=0.419
AgeVaxH35.js:2302 375I x:ageGp:fam 968:8:-1 by blue 727:5:-1 at gen515 Univ0 prob=0.188
AgeVaxH35.js:2302 378I x:ageGp:fam 99:1:-1 by yellow 931:7:-1 at gen516 Univ0 prob=0.311
AgeVaxH35.js:2302 378I x:ageGp:fam 214:2:-1 by red 197:2:-1 at gen516 Univ0 prob=0.887
AgeVaxH35.js:2302 378I x:ageGp:fam 240:2:-1 by blue 203:2:-1 at gen516 Univ0 prob=0.227
AgeVaxH35.js:2302 382I x:ageGp:fam 796:5:-1 by blue 44:1:-1 at gen517 Univ0 prob=0.182
AgeVaxH35.js:2302 382I x:ageGp:fam 675:4:-1 by red 227:2:-1 at gen517 Univ0 prob=0.978
AgeVaxH35.js:2302 385I x:ageGp:fam 607:4:-1 by red 339:2:-1 at gen518 Univ0 prob=0.251
AgeVaxH35.js:2302 385I x:ageGp:fam 445:3:-1 by blue 838:6:-1 at gen518 Univ0 prob=0.717
AgeVaxH35.js:2302 387I x:ageGp:fam 142:2:-1 by red 301:2:-1 at gen519 Univ0 prob=0.612
AgeVaxH35.js:2302 387I x:ageGp:fam 851:6:-1 by blue 938:7:-1 at gen519 Univ0 prob=0.384
AgeVaxH35.js:2302 391I x:ageGp:fam 84:1:-1 by blue 194:2:-1 at gen522 Univ0 prob=0.930
AgeVaxH35.js:2302 391I x:ageGp:fam 206:2:-1 by blue 288:2:-1 at gen522 Univ0 prob=0.317
AgeVaxH35.js:2302 391I x:ageGp:fam 217:2:-1 by blue 491:3:-1 at gen522 Univ0 prob=0.433
AgeVaxH35.js:2302 391I x:ageGp:fam 825:6:-1 by blue 679:4:-1 at gen522 Univ0 prob=0.934
AgeVaxH35.js:2302 391I x:ageGp:fam 104:1:-1 by red 197:2:-1 at gen523 Univ0 prob=0.695
AgeVaxH35.js:2302 391I x:ageGp:fam 396:3:-1 by blue 194:2:-1 at gen523 Univ0 prob=0.204
AgeVaxH35.js:2302 391I x:ageGp:fam 432:3:-1 by blue 679:4:-1 at gen523 Univ0 prob=0.950
AgeVaxH35.js:2302 391I x:ageGp:fam 971:8:-1 by blue 733:5:-1 at gen523 Univ0 prob=0.911
AgeVaxH35.js:2302 391I x:ageGp:fam 948:7:-1 by blue 992:9:-1 at gen523 Univ0 prob=0.258
AgeVaxH35.js:2302 395I x:ageGp:fam 22:0:-1 by blue 655:4:-1 at gen524 Univ0 prob=0.090
AgeVaxH35.js:2302 395I x:ageGp:fam 52:1:-1 by blue 724:5:-1 at gen524 Univ0 prob=0.376
AgeVaxH35.js:2302 395I x:ageGp:fam 179:2:-1 by blue 931:7:-1 at gen524 Univ0 prob=0.993
AgeVaxH35.js:2302 400I x:ageGp:fam 732:5:-1 by blue 194:2:-1 at gen525 Univ0 prob=0.474
AgeVaxH35.js:2302 400I x:ageGp:fam 212:2:-1 by blue 724:5:-1 at gen525 Univ0 prob=0.825
AgeVaxH35.js:2302 403I x:ageGp:fam 929:7:-1 by red 227:2:-1 at gen526 Univ0 prob=0.677
AgeVaxH35.js:2302 405I x:ageGp:fam 475:3:-1 by blue 62:1:-1 at gen527 Univ0 prob=0.595
AgeVaxH35.js:2302 405I x:ageGp:fam 368:3:-1 by red 794:5:-1 at gen527 Univ0 prob=0.241
AgeVaxH35.js:2302 405I x:ageGp:fam 779:5:-1 by blue 689:4:-1 at gen527 Univ0 prob=0.589
AgeVaxH35.js:2302 405I x:ageGp:fam 935:7:-1 by blue 724:5:-1 at gen527 Univ0 prob=0.862
AgeVaxH35.js:2302 406I x:ageGp:fam 21:0:-1 by blue 817:5:-1 at gen528 Univ0 prob=0.504
AgeVaxH35.js:2302 406I x:ageGp:fam 565:4:-1 by red 269:2:-1 at gen528 Univ0 prob=0.316
AgeVaxH35.js:2302 406I x:ageGp:fam 523:3:-1 by blue 856:6:-1 at gen528 Univ0 prob=0.703
AgeVaxH35.js:2302 413I x:ageGp:fam 330:2:-1 by blue 938:7:-1 at gen530 Univ0 prob=0.441
AgeVaxH35.js:2302 413I x:ageGp:fam 75:1:-1 by blue 11:0:-1 at gen531 Univ0 prob=0.083
AgeVaxH35.js:2302 413I x:ageGp:fam 151:2:-1 by red 553:4:-1 at gen531 Univ0 prob=0.598
AgeVaxH35.js:2302 413I x:ageGp:fam 954:8:-1 by red 197:2:-1 at gen531 Univ0 prob=0.644
AgeVaxH35.js:2302 413I x:ageGp:fam 761:5:-1 by red 227:2:-1 at gen531 Univ0 prob=0.125
AgeVaxH35.js:2302 414I x:ageGp:fam 583:4:-1 by red 197:2:-1 at gen532 Univ0 prob=0.975
AgeVaxH35.js:2302 414I x:ageGp:fam 277:2:-1 by blue 927:7:-1 at gen532 Univ0 prob=0.065
AgeVaxH35.js:2302 414I x:ageGp:fam 615:4:-1 by blue 349:2:-1 at gen532 Univ0 prob=0.638
AgeVaxH35.js:2302 418I x:ageGp:fam 43:1:-1 by red 794:5:-1 at gen533 Univ0 prob=0.942
AgeVaxH35.js:2302 418I x:ageGp:fam 985:9:-1 by blue 66:1:-1 at gen533 Univ0 prob=0.692
AgeVaxH35.js:2302 418I x:ageGp:fam 311:2:-1 by red 95:1:-1 at gen533 Univ0 prob=0.104
AgeVaxH35.js:2302 421I x:ageGp:fam 295:2:-1 by blue 927:7:-1 at gen534 Univ0 prob=0.046
AgeVaxH35.js:2302 421I x:ageGp:fam 346:2:-1 by blue 751:5:-1 at gen534 Univ0 prob=0.660
AgeVaxH35.js:2302 424I x:ageGp:fam 176:2:-1 by blue 724:5:-1 at gen535 Univ0 prob=0.790
AgeVaxH35.js:2302 424I x:ageGp:fam 792:5:-1 by blue 903:7:-1 at gen535 Univ0 prob=0.436
AgeVaxH35.js:2302 426I x:ageGp:fam 97:1:-1 by blue 679:4:-1 at gen536 Univ0 prob=0.554
AgeVaxH35.js:2302 428I x:ageGp:fam 530:3:-1 by blue 170:2:-1 at gen537 Univ0 prob=0.258
AgeVaxH35.js:2302 428I x:ageGp:fam 859:6:-1 by blue 453:3:-1 at gen537 Univ0 prob=0.274
AgeVaxH35.js:2302 428I x:ageGp:fam 647:4:-1 by blue 491:3:-1 at gen537 Univ0 prob=0.632
AgeVaxH35.js:2302 428I x:ageGp:fam 563:4:-1 by red 864:6:-1 at gen537 Univ0 prob=0.520
AgeVaxH35.js:2302 429I x:ageGp:fam 29:0:-1 by red 727:5:-1 at gen538 Univ0 prob=0.876
AgeVaxH35.js:2302 433I x:ageGp:fam 939:7:-1 by yellow 53:1:-1 at gen539 Univ0 prob=0.193
AgeVaxH35.js:2302 433I x:ageGp:fam 781:5:-1 by blue 210:2:-1 at gen539 Univ0 prob=0.533
AgeVaxH35.js:2302 433I x:ageGp:fam 803:5:-1 by red 227:2:-1 at gen539 Univ0 prob=0.218
AgeVaxH35.js:2302 433I x:ageGp:fam 386:3:-1 by blue 461:3:-1 at gen539 Univ0 prob=0.180
AgeVaxH35.js:2302 433I x:ageGp:fam 974:8:-1 by blue 508:3:-1 at gen539 Univ0 prob=0.894
AgeVaxH35.js:2302 434I x:ageGp:fam 741:5:-1 by yellow 914:7:-1 at gen540 Univ0 prob=0.087
AgeVaxH35.js:2302 439I x:ageGp:fam 446:3:-1 by blue 322:2:-1 at gen541 Univ0 prob=0.064
AgeVaxH35.js:2302 440I x:ageGp:fam 960:8:-1 by blue 194:2:-1 at gen542 Univ0 prob=0.031
AgeVaxH35.js:2302 440I x:ageGp:fam 284:2:-1 by red 770:5:-1 at gen542 Univ0 prob=0.567
AgeVaxH35.js:2302 441I x:ageGp:fam 713:5:-1 by blue 203:2:-1 at gen543 Univ0 prob=0.034
AgeVaxH35.js:2302 443I x:ageGp:fam 20:0:-1 by blue 508:3:-1 at gen544 Univ0 prob=0.837
AgeVaxH35.js:2302 443I x:ageGp:fam 107:1:-1 by blue 821:6:-1 at gen544 Univ0 prob=0.885
AgeVaxH35.js:2302 443I x:ageGp:fam 555:4:-1 by blue 203:2:-1 at gen544 Univ0 prob=0.574
AgeVaxH35.js:2302 443I x:ageGp:fam 714:5:-1 by blue 807:5:-1 at gen544 Univ0 prob=0.191
AgeVaxH35.js:2302 444I x:ageGp:fam 199:2:-1 by blue 817:5:-1 at gen545 Univ0 prob=0.830
AgeVaxH35.js:2302 448I x:ageGp:fam 31:0:-1 by red 215:2:-1 at gen546 Univ0 prob=0.579
AgeVaxH35.js:2302 448I x:ageGp:fam 61:1:-1 by blue 69:1:-1 at gen546 Univ0 prob=0.651
AgeVaxH35.js:2302 448I x:ageGp:fam 722:5:-1 by red 727:5:-1 at gen546 Univ0 prob=0.599
AgeVaxH35.js:2302 449I x:ageGp:fam 983:9:-1 by blue 319:2:-1 at gen547 Univ0 prob=0.275
AgeVaxH35.js:2302 449I x:ageGp:fam 422:3:-1 by blue 673:4:-1 at gen547 Univ0 prob=0.550
AgeVaxH35.js:2302 449I x:ageGp:fam 558:4:-1 by red 494:3:-1 at gen547 Univ0 prob=0.154
AgeVaxH35.js:2302 449I x:ageGp:fam 940:7:-1 by blue 679:4:-1 at gen547 Univ0 prob=0.422
AgeVaxH35.js:2302 452I x:ageGp:fam 862:6:-1 by red 429:3:-1 at gen548 Univ0 prob=0.969
AgeVaxH35.js:2302 456I x:ageGp:fam 897:6:-1 by blue 576:4:-1 at gen549 Univ0 prob=0.293
AgeVaxH35.js:2302 457I x:ageGp:fam 900:6:-1 by blue 69:1:-1 at gen550 Univ0 prob=0.697
AgeVaxH35.js:2302 457I x:ageGp:fam 571:4:-1 by blue 679:4:-1 at gen550 Univ0 prob=0.342
AgeVaxH35.js:2302 458I x:ageGp:fam 252:2:-1 by blue 752:5:-1 at gen551 Univ0 prob=0.716
AgeVaxH35.js:2302 458I x:ageGp:fam 496:3:-1 by red 689:4:-1 at gen551 Univ0 prob=0.506
AgeVaxH35.js:2302 460I x:ageGp:fam 16:0:-1 by blue 927:7:-1 at gen552 Univ0 prob=0.920
AgeVaxH35.js:2302 460I x:ageGp:fam 153:2:-1 by blue 673:4:-1 at gen552 Univ0 prob=0.195
AgeVaxH35.js:2302 460I x:ageGp:fam 965:8:-1 by blue 174:2:-1 at gen552 Univ0 prob=0.446
AgeVaxH35.js:2302 460I x:ageGp:fam 737:5:-1 by blue 249:2:-1 at gen552 Univ0 prob=0.517
AgeVaxH35.js:2302 462I x:ageGp:fam 551:4:-1 by blue 292:2:-1 at gen553 Univ0 prob=0.512
AgeVaxH35.js:2302 462I x:ageGp:fam 309:2:-1 by red 568:4:-1 at gen553 Univ0 prob=0.129
AgeVaxH35.js:2302 466I x:ageGp:fam 98:1:-1 by red 568:4:-1 at gen554 Univ0 prob=0.455
AgeVaxH35.js:2302 468I x:ageGp:fam 709:5:-1 by blue 11:0:-1 at gen555 Univ0 prob=0.650
AgeVaxH35.js:2302 468I x:ageGp:fam 137:2:-1 by blue 856:6:-1 at gen555 Univ0 prob=0.412
AgeVaxH35.js:2302 468I x:ageGp:fam 816:5:-1 by blue 194:2:-1 at gen555 Univ0 prob=0.234
AgeVaxH35.js:2302 468I x:ageGp:fam 694:5:-1 by blue 203:2:-1 at gen555 Univ0 prob=0.335
AgeVaxH35.js:2302 468I x:ageGp:fam 994:9:-1 by blue 319:2:-1 at gen555 Univ0 prob=0.189
AgeVaxH35.js:2302 469I x:ageGp:fam 60:1:-1 by blue 856:6:-1 at gen556 Univ0 prob=0.647
AgeVaxH35.js:2302 469I x:ageGp:fam 266:2:-1 by blue 127:1:-1 at gen556 Univ0 prob=0.562
AgeVaxH35.js:2302 469I x:ageGp:fam 381:3:-1 by red 339:2:-1 at gen556 Univ0 prob=0.197
AgeVaxH35.js:2302 474I x:ageGp:fam 286:2:-1 by blue 69:1:-1 at gen557 Univ0 prob=0.892
AgeVaxH35.js:2302 474I x:ageGp:fam 629:4:-1 by blue 350:2:-1 at gen557 Univ0 prob=0.241
AgeVaxH35.js:2302 474I x:ageGp:fam 922:7:-1 by blue 924:7:-1 at gen557 Univ0 prob=0.774
AgeVaxH35.js:2302 477I x:ageGp:fam 769:5:-1 by blue 78:1:-1 at gen558 Univ0 prob=0.131
AgeVaxH35.js:2302 477I x:ageGp:fam 908:7:-1 by blue 203:2:-1 at gen558 Univ0 prob=0.623
AgeVaxH35.js:2302 480I x:ageGp:fam 716:5:-1 by blue 11:0:-1 at gen559 Univ0 prob=0.973
AgeVaxH35.js:2302 480I x:ageGp:fam 391:3:-1 by blue 903:7:-1 at gen559 Univ0 prob=0.281
AgeVaxH35.js:2302 480I x:ageGp:fam 532:3:-1 by red 689:4:-1 at gen559 Univ0 prob=0.871
AgeVaxH35.js:2302 482I x:ageGp:fam 164:2:-1 by red 51:1:-1 at gen560 Univ0 prob=0.468
AgeVaxH35.js:2302 482I x:ageGp:fam 117:1:-1 by blue 53:1:-1 at gen560 Univ0 prob=0.821
AgeVaxH35.js:2302 482I x:ageGp:fam 342:2:-1 by blue 124:1:-1 at gen560 Univ0 prob=0.694
AgeVaxH35.js:2302 482I x:ageGp:fam 695:5:-1 by red 927:7:-1 at gen560 Univ0 prob=0.484
AgeVaxH35.js:2302 485I x:ageGp:fam 901:6:-1 by blue 194:2:-1 at gen561 Univ0 prob=0.594
AgeVaxH35.js:2302 485I x:ageGp:fam 283:2:-1 by blue 319:2:-1 at gen561 Univ0 prob=0.878
AgeVaxH35.js:2302 489I x:ageGp:fam 560:4:-1 by blue 720:5:-1 at gen562 Univ0 prob=0.979
AgeVaxH35.js:2302 489I x:ageGp:fam 926:7:-1 by red 679:4:-1 at gen562 Univ0 prob=0.459
AgeVaxH35.js:2302 491I x:ageGp:fam 34:0:-1 by blue 878:6:-1 at gen563 Univ0 prob=0.574
AgeVaxH35.js:2302 491I x:ageGp:fam 469:3:-1 by blue 757:5:-1 at gen563 Univ0 prob=0.272
AgeVaxH35.js:2302 493I x:ageGp:fam 419:3:-1 by blue 856:6:-1 at gen564 Univ0 prob=0.720
AgeVaxH35.js:2302 495I x:ageGp:fam 993:9:-1 by blue 185:2:-1 at gen565 Univ0 prob=0.504
AgeVaxH35.js:2302 495I x:ageGp:fam 518:3:-1 by red 441:3:-1 at gen565 Univ0 prob=0.310
AgeVaxH35.js:2302 496I x:ageGp:fam 789:5:-1 by red 856:6:-1 at gen566 Univ0 prob=0.648
AgeVaxH35.js:2302 498I x:ageGp:fam 717:5:-1 by blue 127:1:-1 at gen567 Univ0 prob=0.906
AgeVaxH35.js:2302 498I x:ageGp:fam 958:8:-1 by blue 784:5:-1 at gen567 Univ0 prob=0.331
AgeVaxH35.js:2302 499I x:ageGp:fam 334:2:-1 by blue 192:2:-1 at gen568 Univ0 prob=0.702
AgeVaxH35.js:2302 499I x:ageGp:fam 222:2:-1 by red 724:5:-1 at gen568 Univ0 prob=0.724
AgeVaxH35.js:2302 499I x:ageGp:fam 499:3:-1 by blue 729:5:-1 at gen568 Univ0 prob=0.336
AgeVaxH35.js:2302 501I x:ageGp:fam 103:1:-1 by blue 129:1:-1 at gen569 Univ0 prob=0.709
AgeVaxH35.js:2302 501I x:ageGp:fam 291:2:-1 by blue 210:2:-1 at gen569 Univ0 prob=0.822
AgeVaxH35.js:2302 504I x:ageGp:fam 208:2:-1 by blue 392:3:-1 at gen570 Univ0 prob=0.618
AgeVaxH35.js:2302 504I x:ageGp:fam 564:4:-1 by red 923:7:-1 at gen570 Univ0 prob=0.983
AgeVaxH35.js:2302 506I x:ageGp:fam 263:2:-1 by blue 62:1:-1 at gen571 Univ0 prob=0.758
AgeVaxH35.js:2302 506I x:ageGp:fam 753:5:-1 by blue 62:1:-1 at gen571 Univ0 prob=0.881
AgeVaxH35.js:2302 508I x:ageGp:fam 962:8:-1 by red 724:5:-1 at gen572 Univ0 prob=0.442
AgeVaxH35.js:2302 510I x:ageGp:fam 360:3:-1 by blue 69:1:-1 at gen573 Univ0 prob=0.962
AgeVaxH35.js:2302 510I x:ageGp:fam 884:6:-1 by blue 69:1:-1 at gen573 Univ0 prob=0.483
AgeVaxH35.js:2302 511I x:ageGp:fam 546:4:-1 by blue 148:2:-1 at gen574 Univ0 prob=0.046
AgeVaxH35.js:2302 513I x:ageGp:fam 233:2:-1 by blue 432:3:-1 at gen575 Univ0 prob=0.730
AgeVaxH35.js:2302 514I x:ageGp:fam 483:3:-1 by blue 203:2:-1 at gen576 Univ0 prob=0.880
AgeVaxH35.js:2302 515I x:ageGp:fam 561:4:-1 by yellow 523:3:-1 at gen577 Univ0 prob=0.820
AgeVaxH35.js:2302 515I x:ageGp:fam 895:6:-1 by red 550:4:-1 at gen577 Univ0 prob=0.224
AgeVaxH35.js:2302 518I x:ageGp:fam 255:2:-1 by blue 203:2:-1 at gen579 Univ0 prob=0.610
AgeVaxH35.js:2302 518I x:ageGp:fam 228:2:-1 by blue 541:4:-1 at gen579 Univ0 prob=0.470
AgeVaxH35.js:2302 518I x:ageGp:fam 798:5:-1 by blue 762:5:-1 at gen579 Univ0 prob=0.347
AgeVaxH35.js:2302 518I x:ageGp:fam 451:3:-1 by red 784:5:-1 at gen580 Univ0 prob=0.139
AgeVaxH35.js:2302 521I x:ageGp:fam 612:4:-1 by blue 69:1:-1 at gen581 Univ0 prob=0.168
AgeVaxH35.js:2302 521I x:ageGp:fam 102:1:-1 by blue 111:1:-1 at gen581 Univ0 prob=0.154
AgeVaxH35.js:2302 521I x:ageGp:fam 595:4:-1 by blue 111:1:-1 at gen581 Univ0 prob=0.593
AgeVaxH35.js:2302 522I x:ageGp:fam 413:3:-1 by red 66:1:-1 at gen582 Univ0 prob=0.303
AgeVaxH35.js:2302 522I x:ageGp:fam 628:4:-1 by blue 185:2:-1 at gen582 Univ0 prob=0.042
AgeVaxH35.js:2302 525I x:ageGp:fam 953:8:-1 by blue 761:5:-1 at gen583 Univ0 prob=0.247
AgeVaxH35.js:2302 527I x:ageGp:fam 480:3:-1 by red 679:4:-1 at gen584 Univ0 prob=0.967
AgeVaxH35.js:2302 527I x:ageGp:fam 651:4:-1 by red 751:5:-1 at gen584 Univ0 prob=0.003
AgeVaxH35.js:2302 528I x:ageGp:fam 356:2:-1 by blue 721:5:-1 at gen585 Univ0 prob=0.506
AgeVaxH35.js:2302 530I x:ageGp:fam 961:8:-1 by red 817:5:-1 at gen586 Univ0 prob=0.462
AgeVaxH35.js:2302 531I x:ageGp:fam 79:1:-1 by blue 954:8:-1 at gen587 Univ0 prob=0.625
AgeVaxH35.js:2302 532I x:ageGp:fam 19:0:-1 by blue 99:1:-1 at gen588 Univ0 prob=0.959
AgeVaxH35.js:2302 532I x:ageGp:fam 772:5:-1 by blue 111:1:-1 at gen588 Univ0 prob=0.229
AgeVaxH35.js:2302 532I x:ageGp:fam 543:4:-1 by red 379:3:-1 at gen588 Univ0 prob=0.374
AgeVaxH35.js:2302 532I x:ageGp:fam 756:5:-1 by red 568:4:-1 at gen588 Univ0 prob=0.818
AgeVaxH35.js:2302 533I x:ageGp:fam 614:4:-1 by blue 214:2:-1 at gen589 Univ0 prob=0.337
AgeVaxH35.js:2302 537I x:ageGp:fam 519:3:-1 by blue 392:3:-1 at gen590 Univ0 prob=0.630
AgeVaxH35.js:2302 538I x:ageGp:fam 188:2:-1 by blue 430:3:-1 at gen591 Univ0 prob=0.444
AgeVaxH35.js:2302 539I x:ageGp:fam 747:5:-1 by blue 99:1:-1 at gen592 Univ0 prob=0.554
AgeVaxH35.js:2302 540I x:ageGp:fam 242:2:-1 by blue 563:4:-1 at gen593 Univ0 prob=0.888
AgeVaxH35.js:2302 540I x:ageGp:fam 620:4:-1 by blue 295:2:-1 at gen593 Univ0 prob=0.985
AgeVaxH35.js:2302 540I x:ageGp:fam 594:4:-1 by blue 825:6:-1 at gen593 Univ0 prob=0.639
AgeVaxH35.js:2302 541I x:ageGp:fam 855:6:-1 by red 992:9:-1 at gen594 Univ0 prob=0.365
AgeVaxH35.js:2302 544I x:ageGp:fam 289:2:-1 by red 927:7:-1 at gen595 Univ0 prob=0.369
AgeVaxH35.js:2302 545I x:ageGp:fam 327:2:-1 by blue 99:1:-1 at gen596 Univ0 prob=0.476
AgeVaxH35.js:2302 545I x:ageGp:fam 531:3:-1 by blue 104:1:-1 at gen596 Univ0 prob=0.351
AgeVaxH35.js:2302 546I x:ageGp:fam 399:3:-1 by blue 104:1:-1 at gen597 Univ0 prob=0.110
AgeVaxH35.js:2302 546I x:ageGp:fam 584:4:-1 by red 541:4:-1 at gen597 Univ0 prob=0.061
AgeVaxH35.js:2302 548I x:ageGp:fam 138:2:-1 by blue 179:2:-1 at gen598 Univ0 prob=0.006
AgeVaxH35.js:2302 550I x:ageGp:fam 486:3:-1 by blue 439:3:-1 at gen599 Univ0 prob=0.220
AgeVaxH35.js:2302 550I x:ageGp:fam 812:5:-1 by blue 720:5:-1 at gen599 Univ0 prob=0.404
AgeVaxH35.js:2302 551I x:ageGp:fam 624:4:-1 by red 319:2:-1 at gen600 Univ0 prob=0.302
AgeVaxH35.js:2302 551I x:ageGp:fam 428:3:-1 by blue 851:6:-1 at gen600 Univ0 prob=0.840
AgeVaxH35.js:2302 553I x:ageGp:fam 285:2:-1 by red 49:1:-1 at gen601 Univ0 prob=0.280
AgeVaxH35.js:2302 553I x:ageGp:fam 646:4:-1 by red 201:2:-1 at gen601 Univ0 prob=0.124
AgeVaxH35.js:2302 555I x:ageGp:fam 77:1:-1 by red 710:5:-1 at gen602 Univ0 prob=0.552
AgeVaxH35.js:2302 555I x:ageGp:fam 539:3:-1 by blue 104:1:-1 at gen602 Univ0 prob=0.738
AgeVaxH35.js:2302 559I x:ageGp:fam 314:2:-1 by blue 179:2:-1 at gen604 Univ0 prob=0.164
AgeVaxH35.js:2302 559I x:ageGp:fam 395:3:-1 by red 322:2:-1 at gen604 Univ0 prob=0.434
AgeVaxH35.js:2302 559I x:ageGp:fam 659:4:-1 by blue 311:2:-1 at gen605 Univ0 prob=0.879
AgeVaxH35.js:2302 559I x:ageGp:fam 573:4:-1 by red 927:7:-1 at gen605 Univ0 prob=0.474
AgeVaxH35.js:2302 561I x:ageGp:fam 196:2:-1 by red 322:2:-1 at gen606 Univ0 prob=0.524
AgeVaxH35.js:2302 561I x:ageGp:fam 415:3:-1 by blue 929:7:-1 at gen606 Univ0 prob=0.977
AgeVaxH35.js:2302 563I x:ageGp:fam 67:1:-1 by blue 914:7:-1 at gen607 Univ0 prob=0.513
AgeVaxH35.js:2302 566I x:ageGp:fam 723:5:-1 by blue 179:2:-1 at gen609 Univ0 prob=0.808
AgeVaxH35.js:2302 566I x:ageGp:fam 200:2:-1 by red 724:5:-1 at gen610 Univ0 prob=0.482
AgeVaxH35.js:2302 567I x:ageGp:fam 87:1:-1 by red 37:0:-1 at gen611 Univ0 prob=0.472
AgeVaxH35.js:2302 567I x:ageGp:fam 85:1:-1 by blue 97:1:-1 at gen611 Univ0 prob=0.654
AgeVaxH35.js:2302 567I x:ageGp:fam 719:5:-1 by blue 914:7:-1 at gen611 Univ0 prob=0.597
AgeVaxH35.js:2302 568I x:ageGp:fam 875:6:-1 by blue 311:2:-1 at gen612 Univ0 prob=0.157
AgeVaxH35.js:2302 568I x:ageGp:fam 357:2:-1 by red 937:7:-1 at gen612 Univ0 prob=0.199
AgeVaxH35.js:2302 571I x:ageGp:fam 290:2:-1 by red 441:3:-1 at gen613 Univ0 prob=0.826
AgeVaxH35.js:2302 574I x:ageGp:fam 300:2:-1 by red 319:2:-1 at gen615 Univ0 prob=0.732
AgeVaxH35.js:2302 575I x:ageGp:fam 806:5:-1 by red 12:0:-1 at gen617 Univ0 prob=0.714
AgeVaxH35.js:2302 575I x:ageGp:fam 378:3:-1 by blue 935:7:-1 at gen617 Univ0 prob=0.742
AgeVaxH35.js:2302 575I x:ageGp:fam 577:4:-1 by blue 396:3:-1 at gen617 Univ0 prob=0.009
AgeVaxH35.js:2302 575I x:ageGp:fam 763:5:-1 by blue 20:0:-1 at gen618 Univ0 prob=0.182
AgeVaxH35.js:2302 575I x:ageGp:fam 320:2:-1 by blue 75:1:-1 at gen618 Univ0 prob=0.845
AgeVaxH35.js:2302 575I x:ageGp:fam 957:8:-1 by blue 523:3:-1 at gen618 Univ0 prob=0.746
AgeVaxH35.js:2302 578I x:ageGp:fam 326:2:-1 by blue 309:2:-1 at gen619 Univ0 prob=0.822
AgeVaxH35.js:2302 581I x:ageGp:fam 996:9:-1 by blue 199:2:-1 at gen620 Univ0 prob=0.640
AgeVaxH35.js:2302 581I x:ageGp:fam 436:3:-1 by red 390:3:-1 at gen620 Univ0 prob=0.738
AgeVaxH35.js:2302 581I x:ageGp:fam 990:9:-1 by blue 615:4:-1 at gen620 Univ0 prob=0.669
AgeVaxH35.js:2302 581I x:ageGp:fam 869:6:-1 by blue 983:9:-1 at gen620 Univ0 prob=0.405
AgeVaxH35.js:2302 582I x:ageGp:fam 497:3:-1 by blue 974:8:-1 at gen621 Univ0 prob=0.505
AgeVaxH35.js:2302 586I x:ageGp:fam 514:3:-1 by blue 179:2:-1 at gen622 Univ0 prob=0.907
AgeVaxH35.js:2302 587I x:ageGp:fam 13:0:-1 by blue 192:2:-1 at gen623 Univ0 prob=0.696
AgeVaxH35.js:2302 588I x:ageGp:fam 712:5:-1 by red 541:4:-1 at gen624 Univ0 prob=0.438
AgeVaxH35.js:2302 588I x:ageGp:fam 602:4:-1 by blue 563:4:-1 at gen624 Univ0 prob=0.696
AgeVaxH35.js:2302 589I x:ageGp:fam 872:6:-1 by blue 179:2:-1 at gen625 Univ0 prob=0.407
AgeVaxH35.js:2302 591I x:ageGp:fam 626:4:-1 by blue 432:3:-1 at gen626 Univ0 prob=0.474
AgeVaxH35.js:2302 591I x:ageGp:fam 777:5:-1 by red 914:7:-1 at gen626 Univ0 prob=0.369
AgeVaxH35.js:2302 594I x:ageGp:fam 352:2:-1 by red 390:3:-1 at gen628 Univ0 prob=0.592
AgeVaxH35.js:2302 594I x:ageGp:fam 810:5:-1 by blue 305:2:-1 at gen629 Univ0 prob=0.088
AgeVaxH35.js:2302 594I x:ageGp:fam 702:5:-1 by blue 900:6:-1 at gen629 Univ0 prob=0.887
AgeVaxH35.js:2302 594I x:ageGp:fam 876:6:-1 by red 931:7:-1 at gen629 Univ0 prob=0.686
AgeVaxH35.js:2302 595I x:ageGp:fam 260:2:-1 by blue 816:5:-1 at gen630 Univ0 prob=0.227
AgeVaxH35.js:2302 595I x:ageGp:fam 667:4:-1 by blue 741:5:-1 at gen630 Univ0 prob=0.533
AgeVaxH35.js:2302 598I x:ageGp:fam 485:3:-1 by blue 483:3:-1 at gen631 Univ0 prob=0.345
AgeVaxH35.js:2302 601I x:ageGp:fam 253:2:-1 by blue 311:2:-1 at gen633 Univ0 prob=0.105
AgeVaxH35.js:2302 601I x:ageGp:fam 804:5:-1 by blue 391:3:-1 at gen633 Univ0 prob=0.400
AgeVaxH35.js:2302 601I x:ageGp:fam 645:4:-1 by red 159:2:-1 at gen634 Univ0 prob=0.123
AgeVaxH35.js:2302 601I x:ageGp:fam 818:5:-1 by blue 615:4:-1 at gen634 Univ0 prob=0.601
AgeVaxH35.js:2302 603I x:ageGp:fam 247:2:-1 by blue 75:1:-1 at gen635 Univ0 prob=0.581
AgeVaxH35.js:2302 603I x:ageGp:fam 858:6:-1 by red 99:1:-1 at gen635 Univ0 prob=0.591
AgeVaxH35.js:2302 603I x:ageGp:fam 697:5:-1 by blue 255:2:-1 at gen635 Univ0 prob=0.657
AgeVaxH35.js:2302 605I x:ageGp:fam 270:2:-1 by blue 560:4:-1 at gen636 Univ0 prob=0.786
AgeVaxH35.js:2302 608I x:ageGp:fam 426:3:-1 by blue 675:4:-1 at gen637 Univ0 prob=0.250
AgeVaxH35.js:2302 608I x:ageGp:fam 559:4:-1 by blue 974:8:-1 at gen637 Univ0 prob=0.366
AgeVaxH35.js:2302 609I x:ageGp:fam 273:2:-1 by blue 34:0:-1 at gen638 Univ0 prob=0.062
AgeVaxH35.js:2302 609I x:ageGp:fam 135:2:-1 by blue 961:8:-1 at gen638 Univ0 prob=0.690
AgeVaxH35.js:2302 609I x:ageGp:fam 337:2:-1 by blue 496:3:-1 at gen638 Univ0 prob=0.696
AgeVaxH35.js:2302 611I x:ageGp:fam 664:4:-1 by blue 419:3:-1 at gen639 Univ0 prob=0.504
AgeVaxH35.js:2302 614I x:ageGp:fam 161:2:-1 by blue 518:3:-1 at gen640 Univ0 prob=0.800
AgeVaxH35.js:2302 614I x:ageGp:fam 678:4:-1 by blue 717:5:-1 at gen640 Univ0 prob=0.196
AgeVaxH35.js:2302 614I x:ageGp:fam 854:6:-1 by blue 717:5:-1 at gen640 Univ0 prob=0.271
AgeVaxH35.js:2302 615I x:ageGp:fam 902:7:-1 by red 99:1:-1 at gen641 Univ0 prob=0.056
AgeVaxH35.js:2302 615I x:ageGp:fam 157:2:-1 by blue 565:4:-1 at gen641 Univ0 prob=0.230
AgeVaxH35.js:2302 620I x:ageGp:fam 303:2:-1 by blue 255:2:-1 at gen643 Univ0 prob=0.799
AgeVaxH35.js:2302 620I x:ageGp:fam 382:3:-1 by red 750:5:-1 at gen643 Univ0 prob=0.354
AgeVaxH35.js:2302 620I x:ageGp:fam 481:3:-1 by blue 422:3:-1 at gen643 Univ0 prob=0.338
AgeVaxH35.js:2302 620I x:ageGp:fam 979:8:-1 by red 69:1:-1 at gen644 Univ0 prob=0.172
AgeVaxH35.js:2302 620I x:ageGp:fam 158:2:-1 by red 99:1:-1 at gen644 Univ0 prob=0.890
AgeVaxH35.js:2302 623I x:ageGp:fam 5:0:-1 by red 192:2:-1 at gen645 Univ0 prob=0.008
AgeVaxH35.js:2302 623I x:ageGp:fam 189:2:-1 by blue 717:5:-1 at gen645 Univ0 prob=0.786
AgeVaxH35.js:2302 625I x:ageGp:fam 416:3:-1 by red 319:2:-1 at gen646 Univ0 prob=0.319
AgeVaxH35.js:2302 625I x:ageGp:fam 542:4:-1 by blue 954:8:-1 at gen646 Univ0 prob=0.314
AgeVaxH35.js:2302 627I x:ageGp:fam 880:6:-1 by red 112:1:-1 at gen647 Univ0 prob=0.992
AgeVaxH35.js:2302 627I x:ageGp:fam 791:5:-1 by blue 496:3:-1 at gen647 Univ0 prob=0.865
AgeVaxH35.js:2302 629I x:ageGp:fam 808:5:-1 by red 99:1:-1 at gen648 Univ0 prob=0.041
AgeVaxH35.js:2302 629I x:ageGp:fam 998:9:-1 by blue 496:3:-1 at gen648 Univ0 prob=0.539
AgeVaxH35.js:2302 631I x:ageGp:fam 354:2:-1 by red 111:1:-1 at gen649 Univ0 prob=0.406
AgeVaxH35.js:2302 633I x:ageGp:fam 725:5:-1 by blue 79:1:-1 at gen650 Univ0 prob=0.580
AgeVaxH35.js:2302 633I x:ageGp:fam 882:6:-1 by red 825:6:-1 at gen650 Univ0 prob=0.822
AgeVaxH35.js:2302 634I x:ageGp:fam 132:2:-1 by blue 753:5:-1 at gen651 Univ0 prob=0.864
AgeVaxH35.js:2302 636I x:ageGp:fam 768:5:-1 by blue 199:2:-1 at gen652 Univ0 prob=0.035
AgeVaxH35.js:2302 636I x:ageGp:fam 831:6:-1 by blue 709:5:-1 at gen652 Univ0 prob=0.048
AgeVaxH35.js:2302 637I x:ageGp:fam 387:3:-1 by blue 594:4:-1 at gen653 Univ0 prob=0.490
AgeVaxH35.js:2302 637I x:ageGp:fam 421:3:-1 by blue 483:3:-1 at gen653 Univ0 prob=0.340
AgeVaxH35.js:2302 639I x:ageGp:fam 221:2:-1 by blue 98:1:-1 at gen654 Univ0 prob=0.857
AgeVaxH35.js:2302 639I x:ageGp:fam 243:2:-1 by blue 717:5:-1 at gen654 Univ0 prob=0.606
AgeVaxH35.js:2302 639I x:ageGp:fam 369:3:-1 by blue 595:4:-1 at gen654 Univ0 prob=0.193
AgeVaxH35.js:2302 639I x:ageGp:fam 468:3:-1 by red 675:4:-1 at gen654 Univ0 prob=0.977
AgeVaxH35.js:2302 641I x:ageGp:fam 81:1:-1 by blue 283:2:-1 at gen655 Univ0 prob=0.025
AgeVaxH35.js:2302 645I x:ageGp:fam 805:5:-1 by blue 612:4:-1 at gen656 Univ0 prob=0.946
AgeVaxH35.js:2302 646I x:ageGp:fam 220:2:-1 by red 176:2:-1 at gen657 Univ0 prob=0.893
AgeVaxH35.js:2302 646I x:ageGp:fam 187:2:-1 by blue 228:2:-1 at gen657 Univ0 prob=0.975
AgeVaxH35.js:2302 646I x:ageGp:fam 230:2:-1 by yellow 723:5:-1 at gen657 Univ0 prob=0.444
AgeVaxH35.js:2302 647I x:ageGp:fam 316:2:-1 by blue 659:4:-1 at gen658 Univ0 prob=0.134
AgeVaxH35.js:2302 647I x:ageGp:fam 601:4:-1 by red 914:7:-1 at gen658 Univ0 prob=0.780
AgeVaxH35.js:2302 650I x:ageGp:fam 637:4:-1 by blue 483:3:-1 at gen659 Univ0 prob=0.704
AgeVaxH35.js:2302 653I x:ageGp:fam 119:1:-1 by blue 961:8:-1 at gen662 Univ0 prob=0.069
AgeVaxH35.js:2302 654I x:ageGp:fam 619:4:-1 by blue 34:0:-1 at gen664 Univ0 prob=0.501
AgeVaxH35.js:2302 654I x:ageGp:fam 343:2:-1 by red 918:7:-1 at gen664 Univ0 prob=0.691
AgeVaxH35.js:2302 654I x:ageGp:fam 410:3:-1 by red 99:1:-1 at gen665 Univ0 prob=0.919
AgeVaxH35.js:2302 656I x:ageGp:fam 685:4:-1 by red 432:3:-1 at gen666 Univ0 prob=0.884
AgeVaxH35.js:2302 656I x:ageGp:fam 467:3:-1 by blue 926:7:-1 at gen666 Univ0 prob=0.321
AgeVaxH35.js:2302 657I x:ageGp:fam 420:3:-1 by blue 571:4:-1 at gen667 Univ0 prob=0.426
AgeVaxH35.js:2302 659I x:ageGp:fam 307:2:-1 by blue 483:3:-1 at gen668 Univ0 prob=0.441
AgeVaxH35.js:2302 661I x:ageGp:fam 934:7:-1 by blue 242:2:-1 at gen670 Univ0 prob=0.943
AgeVaxH35.js:2302 661I x:ageGp:fam 93:1:-1 by blue 990:9:-1 at gen671 Univ0 prob=0.686
AgeVaxH35.js:2302 661I x:ageGp:fam 674:4:-1 by blue 961:8:-1 at gen671 Univ0 prob=0.547
AgeVaxH35.js:2302 664I x:ageGp:fam 120:1:-1 by blue 138:2:-1 at gen673 Univ0 prob=0.566
AgeVaxH35.js:2302 664I x:ageGp:fam 169:2:-1 by blue 624:4:-1 at gen674 Univ0 prob=0.782
AgeVaxH35.js:2302 666I x:ageGp:fam 48:1:-1 by blue 395:3:-1 at gen678 Univ0 prob=0.972
AgeVaxH35.js:2302 667I x:ageGp:fam 64:1:-1 by red 390:3:-1 at gen680 Univ0 prob=0.288
AgeVaxH35.js:2302 667I x:ageGp:fam 765:5:-1 by blue 200:2:-1 at gen680 Univ0 prob=0.704
AgeVaxH35.js:2302 667I x:ageGp:fam 773:5:-1 by red 983:9:-1 at gen680 Univ0 prob=0.179
AgeVaxH35.js:2302 667I x:ageGp:fam 899:6:-1 by red 107:1:-1 at gen681 Univ0 prob=0.005
AgeVaxH35.js:2302 670I x:ageGp:fam 56:1:-1 by blue 314:2:-1 at gen682 Univ0 prob=0.995
AgeVaxH35.js:2302 670I x:ageGp:fam 130:1:-1 by red 983:9:-1 at gen682 Univ0 prob=0.605
AgeVaxH35.js:2302 671I x:ageGp:fam 904:7:-1 by red 206:2:-1 at gen683 Univ0 prob=0.243
AgeVaxH35.js:2302 671I x:ageGp:fam 440:3:-1 by red 222:2:-1 at gen683 Univ0 prob=0.447
AgeVaxH35.js:2302 675I x:ageGp:fam 444:3:-1 by blue 804:5:-1 at gen685 Univ0 prob=0.770
AgeVaxH35.js:2302 675I x:ageGp:fam 566:4:-1 by blue 804:5:-1 at gen685 Univ0 prob=0.509
AgeVaxH35.js:2302 675I x:ageGp:fam 578:4:-1 by blue 242:2:-1 at gen686 Univ0 prob=0.577
AgeVaxH35.js:2302 675I x:ageGp:fam 363:3:-1 by blue 858:6:-1 at gen686 Univ0 prob=0.163
AgeVaxH35.js:2302 675I x:ageGp:fam 775:5:-1 by red 675:4:-1 at gen686 Univ0 prob=0.321
AgeVaxH35.js:2302 675I x:ageGp:fam 775:5:-1 by red 901:6:-1 at gen686 Univ0 prob=0.213
AgeVaxH35.js:2302 677I x:ageGp:fam 764:5:-1 by blue 102:1:-1 at gen687 Univ0 prob=0.979
AgeVaxH35.js:2302 680I x:ageGp:fam 548:4:-1 by red 176:2:-1 at gen688 Univ0 prob=0.921
AgeVaxH35.js:2302 680I x:ageGp:fam 580:4:-1 by blue 300:2:-1 at gen688 Univ0 prob=0.121
AgeVaxH35.js:2302 681I x:ageGp:fam 80:1:-1 by blue 717:5:-1 at gen689 Univ0 prob=0.086
AgeVaxH35.js:2302 681I x:ageGp:fam 168:2:-1 by blue 869:6:-1 at gen689 Univ0 prob=0.095
AgeVaxH35.js:2302 681I x:ageGp:fam 434:3:-1 by blue 200:2:-1 at gen689 Univ0 prob=0.641
AgeVaxH35.js:2302 681I x:ageGp:fam 333:2:-1 by blue 399:3:-1 at gen689 Univ0 prob=0.514
AgeVaxH35.js:2302 683I x:ageGp:fam 449:3:-1 by red 222:2:-1 at gen690 Univ0 prob=0.350
AgeVaxH35.js:2302 688I x:ageGp:fam 175:2:-1 by red 717:5:-1 at gen692 Univ0 prob=0.881
AgeVaxH35.js:2302 688I x:ageGp:fam 540:3:-1 by blue 270:2:-1 at gen692 Univ0 prob=0.245
AgeVaxH35.js:2302 688I x:ageGp:fam 545:4:-1 by blue 399:3:-1 at gen693 Univ0 prob=0.811
AgeVaxH35.js:2302 690I x:ageGp:fam 414:3:-1 by red 34:0:-1 at gen694 Univ0 prob=0.311
AgeVaxH35.js:2302 690I x:ageGp:fam 970:8:-1 by blue 200:2:-1 at gen694 Univ0 prob=0.482
AgeVaxH35.js:2302 691I x:ageGp:fam 665:4:-1 by red 563:4:-1 at gen695 Univ0 prob=0.536
AgeVaxH35.js:2302 693I x:ageGp:fam 682:4:-1 by red 99:1:-1 at gen696 Univ0 prob=0.979
AgeVaxH35.js:2302 694I x:ageGp:fam 516:3:-1 by red 615:4:-1 at gen697 Univ0 prob=0.670
AgeVaxH35.js:2302 694I x:ageGp:fam 641:4:-1 by blue 961:8:-1 at gen697 Univ0 prob=0.548
AgeVaxH35.js:2302 697I x:ageGp:fam 848:6:-1 by blue 436:3:-1 at gen699 Univ0 prob=0.416
AgeVaxH35.js:2302 697I x:ageGp:fam 839:6:-1 by blue 624:4:-1 at gen699 Univ0 prob=0.111
AgeVaxH35.js:2302 699I x:ageGp:fam 82:1:-1 by blue 869:6:-1 at gen701 Univ0 prob=0.667
AgeVaxH35.js:2302 699I x:ageGp:fam 435:3:-1 by blue 436:3:-1 at gen701 Univ0 prob=0.900
AgeVaxH35.js:2302 699I x:ageGp:fam 23:0:-1 by red 176:2:-1 at gen702 Univ0 prob=0.512
AgeVaxH35.js:2302 701I x:ageGp:fam 190:2:-1 by red 983:9:-1 at gen703 Univ0 prob=0.306
AgeVaxH35.js:2302 703I x:ageGp:fam 139:2:-1 by red 179:2:-1 at gen705 Univ0 prob=0.670
AgeVaxH35.js:2302 703I x:ageGp:fam 331:2:-1 by red 206:2:-1 at gen705 Univ0 prob=0.561
AgeVaxH35.js:2302 703I x:ageGp:fam 718:5:-1 by blue 614:4:-1 at gen706 Univ0 prob=0.558
AgeVaxH35.js:2302 705I x:ageGp:fam 145:2:-1 by blue 436:3:-1 at gen707 Univ0 prob=0.625
AgeVaxH35.js:2302 705I x:ageGp:fam 527:3:-1 by blue 637:4:-1 at gen707 Univ0 prob=0.773
AgeVaxH35.js:2302 706I x:ageGp:fam 45:1:-1 by blue 253:2:-1 at gen708 Univ0 prob=0.112
AgeVaxH35.js:2302 706I x:ageGp:fam 793:5:-1 by blue 243:2:-1 at gen708 Univ0 prob=0.113
AgeVaxH35.js:2302 706I x:ageGp:fam 632:4:-1 by blue 804:5:-1 at gen708 Univ0 prob=0.367
AgeVaxH35.js:2302 708I x:ageGp:fam 409:3:-1 by blue 220:2:-1 at gen709 Univ0 prob=0.992
AgeVaxH35.js:2302 708I x:ageGp:fam 411:3:-1 by blue 220:2:-1 at gen709 Univ0 prob=0.442
AgeVaxH35.js:2302 708I x:ageGp:fam 746:5:-1 by red 222:2:-1 at gen709 Univ0 prob=0.505
AgeVaxH35.js:2302 708I x:ageGp:fam 404:3:-1 by blue 747:5:-1 at gen709 Univ0 prob=0.534
AgeVaxH35.js:2302 711I x:ageGp:fam 115:1:-1 by blue 426:3:-1 at gen710 Univ0 prob=0.017
AgeVaxH35.js:2302 711I x:ageGp:fam 669:4:-1 by blue 399:3:-1 at gen710 Univ0 prob=0.921
AgeVaxH35.js:2302 715I x:ageGp:fam 407:3:-1 by blue 436:3:-1 at gen711 Univ0 prob=0.165
AgeVaxH35.js:2302 715I x:ageGp:fam 478:3:-1 by blue 421:3:-1 at gen711 Univ0 prob=0.468
AgeVaxH35.js:2302 719I x:ageGp:fam 94:1:-1 by red 961:8:-1 at gen714 Univ0 prob=0.561
AgeVaxH35.js:2302 719I x:ageGp:fam 336:2:-1 by red 309:2:-1 at gen714 Univ0 prob=0.981
AgeVaxH35.js:2302 719I x:ageGp:fam 181:2:-1 by red 98:1:-1 at gen715 Univ0 prob=0.910
AgeVaxH35.js:2302 719I x:ageGp:fam 538:3:-1 by red 612:4:-1 at gen715 Univ0 prob=0.598
AgeVaxH35.js:2302 723I x:ageGp:fam 663:4:-1 by red 208:2:-1 at gen717 Univ0 prob=0.015
AgeVaxH35.js:2302 723I x:ageGp:fam 536:3:-1 by blue 242:2:-1 at gen717 Univ0 prob=0.821
AgeVaxH35.js:2302 723I x:ageGp:fam 570:4:-1 by blue 253:2:-1 at gen717 Univ0 prob=0.647
AgeVaxH35.js:2302 723I x:ageGp:fam 711:5:-1 by blue 624:4:-1 at gen717 Univ0 prob=0.791
AgeVaxH35.js:2302 723I x:ageGp:fam 814:5:-1 by red 208:2:-1 at gen718 Univ0 prob=0.097
AgeVaxH35.js:2302 723I x:ageGp:fam 691:5:-1 by red 483:3:-1 at gen718 Univ0 prob=0.451
AgeVaxH35.js:2302 727I x:ageGp:fam 113:1:-1 by blue 157:2:-1 at gen719 Univ0 prob=0.121
AgeVaxH35.js:2302 727I x:ageGp:fam 592:4:-1 by red 242:2:-1 at gen719 Univ0 prob=0.117
AgeVaxH35.js:2302 727I x:ageGp:fam 847:6:-1 by red 614:4:-1 at gen719 Univ0 prob=0.956
AgeVaxH35.js:2302 727I x:ageGp:fam 997:9:-1 by red 614:4:-1 at gen719 Univ0 prob=0.500
AgeVaxH35.js:2302 729I x:ageGp:fam 826:6:-1 by red 266:2:-1 at gen720 Univ0 prob=0.464
AgeVaxH35.js:2302 729I x:ageGp:fam 370:3:-1 by blue 664:4:-1 at gen720 Univ0 prob=0.320
AgeVaxH35.js:2302 733I x:ageGp:fam 668:4:-1 by red 153:2:-1 at gen721 Univ0 prob=0.503
AgeVaxH35.js:2302 733I x:ageGp:fam 801:5:-1 by blue 253:2:-1 at gen721 Univ0 prob=0.023
AgeVaxH35.js:2302 735I x:ageGp:fam 71:1:-1 by blue 624:4:-1 at gen722 Univ0 prob=0.153
AgeVaxH35.js:2302 735I x:ageGp:fam 603:4:-1 by blue 253:2:-1 at gen722 Univ0 prob=0.430
AgeVaxH35.js:2302 737I x:ageGp:fam 213:2:-1 by blue 436:3:-1 at gen723 Univ0 prob=0.735
AgeVaxH35.js:2302 737I x:ageGp:fam 824:6:-1 by blue 357:2:-1 at gen723 Univ0 prob=0.482
AgeVaxH35.js:2302 737I x:ageGp:fam 489:3:-1 by red 713:5:-1 at gen723 Univ0 prob=0.665
AgeVaxH35.js:2302 739I x:ageGp:fam 476:3:-1 by red 961:8:-1 at gen724 Univ0 prob=0.057
AgeVaxH35.js:2302 739I x:ageGp:fam 980:8:-1 by blue 664:4:-1 at gen724 Univ0 prob=0.806
AgeVaxH35.js:2302 739I x:ageGp:fam 977:8:-1 by blue 808:5:-1 at gen724 Univ0 prob=0.377
AgeVaxH35.js:2302 742I x:ageGp:fam 498:3:-1 by blue 996:9:-1 at gen725 Univ0 prob=0.724
AgeVaxH35.js:2302 742I x:ageGp:fam 844:6:-1 by blue 831:6:-1 at gen725 Univ0 prob=0.350
AgeVaxH35.js:2302 745I x:ageGp:fam 2:0:-1 by red 717:5:-1 at gen726 Univ0 prob=0.004
AgeVaxH35.js:2302 745I x:ageGp:fam 738:5:-1 by red 415:3:-1 at gen726 Univ0 prob=0.793
AgeVaxH35.js:2302 749I x:ageGp:fam 513:3:-1 by red 561:4:-1 at gen728 Univ0 prob=0.241
AgeVaxH35.js:2302 749I x:ageGp:fam 680:4:-1 by blue 990:9:-1 at gen728 Univ0 prob=0.554
AgeVaxH35.js:2302 749I x:ageGp:fam 18:0:-1 by blue 243:2:-1 at gen729 Univ0 prob=0.592
AgeVaxH35.js:2302 749I x:ageGp:fam 676:4:-1 by blue 773:5:-1 at gen729 Univ0 prob=0.856
AgeVaxH35.js:2302 753I x:ageGp:fam 32:0:-1 by blue 421:3:-1 at gen731 Univ0 prob=0.835
AgeVaxH35.js:2302 753I x:ageGp:fam 32:0:-1 by blue 637:4:-1 at gen731 Univ0 prob=0.976
AgeVaxH35.js:2302 753I x:ageGp:fam 427:3:-1 by blue 514:3:-1 at gen731 Univ0 prob=0.969
AgeVaxH35.js:2302 753I x:ageGp:fam 500:3:-1 by red 309:2:-1 at gen732 Univ0 prob=0.540
AgeVaxH35.js:2302 755I x:ageGp:fam 579:4:-1 by red 483:3:-1 at gen733 Univ0 prob=0.070
AgeVaxH35.js:2302 756I x:ageGp:fam 282:2:-1 by blue 158:2:-1 at gen734 Univ0 prob=0.785
AgeVaxH35.js:2302 756I x:ageGp:fam 520:3:-1 by blue 902:7:-1 at gen734 Univ0 prob=0.069
AgeVaxH35.js:2302 757I x:ageGp:fam 177:2:-1 by red 77:1:-1 at gen735 Univ0 prob=0.528
AgeVaxH35.js:2302 757I x:ageGp:fam 525:3:-1 by blue 253:2:-1 at gen735 Univ0 prob=0.453
AgeVaxH35.js:2302 761I x:ageGp:fam 510:3:-1 by blue 273:2:-1 at gen737 Univ0 prob=0.947
AgeVaxH35.js:2302 761I x:ageGp:fam 890:6:-1 by blue 678:4:-1 at gen737 Univ0 prob=0.997
AgeVaxH35.js:2302 761I x:ageGp:fam 662:4:-1 by blue 869:6:-1 at gen738 Univ0 prob=0.027
AgeVaxH35.js:2302 763I x:ageGp:fam 870:6:-1 by red 561:4:-1 at gen739 Univ0 prob=0.091
AgeVaxH35.js:2302 765I x:ageGp:fam 1:0:-1 by red 869:6:-1 at gen744 Univ0 prob=0.383
AgeVaxH35.js:2302 766I x:ageGp:fam 398:3:-1 by blue 132:2:-1 at gen746 Univ0 prob=0.501
AgeVaxH35.js:2302 766I x:ageGp:fam 405:3:-1 by red 200:2:-1 at gen746 Univ0 prob=0.970
AgeVaxH35.js:2302 766I x:ageGp:fam 830:6:-1 by blue 902:7:-1 at gen746 Univ0 prob=0.131
AgeVaxH35.js:2302 769I x:ageGp:fam 621:4:-1 by blue 135:2:-1 at gen751 Univ0 prob=0.498
AgeVaxH35.js:2302 769I x:ageGp:fam 630:4:-1 by yellow 190:2:-1 at gen751 Univ0 prob=0.846
AgeVaxH35.js:2302 769I x:ageGp:fam 886:6:-1 by red 283:2:-1 at gen751 Univ0 prob=0.927
AgeVaxH35.js:2302 772I x:ageGp:fam 744:5:-1 by red 326:2:-1 at gen753 Univ0 prob=0.652
AgeVaxH35.js:2302 773I x:ageGp:fam 964:8:-1 by blue 190:2:-1 at gen756 Univ0 prob=0.440
AgeVaxH35.js:2302 773I x:ageGp:fam 365:3:-1 by red 961:8:-1 at gen756 Univ0 prob=0.865
AgeVaxH35.js:2302 773I x:ageGp:fam 951:8:-1 by red 624:4:-1 at gen757 Univ0 prob=0.116
AgeVaxH35.js:2302 773I x:ageGp:fam 845:6:-1 by blue 773:5:-1 at gen757 Univ0 prob=0.463
AgeVaxH35.js:2302 775I x:ageGp:fam 797:5:-1 by red 352:2:-1 at gen758 Univ0 prob=0.294
AgeVaxH35.js:2302 777I x:ageGp:fam 653:4:-1 by blue 130:1:-1 at gen759 Univ0 prob=0.216
AgeVaxH35.js:2302 777I x:ageGp:fam 815:5:-1 by blue 808:5:-1 at gen759 Univ0 prob=0.010
AgeVaxH35.js:2302 778I x:ageGp:fam 244:2:-1 by red 436:3:-1 at gen760 Univ0 prob=0.630
AgeVaxH35.js:2302 780I x:ageGp:fam 259:2:-1 by red 327:2:-1 at gen761 Univ0 prob=0.598
AgeVaxH35.js:2302 781I x:ageGp:fam 154:2:-1 by blue 80:1:-1 at gen762 Univ0 prob=0.332
AgeVaxH35.js:2302 781I x:ageGp:fam 345:2:-1 by blue 175:2:-1 at gen762 Univ0 prob=0.199
AgeVaxH35.js:2302 781I x:ageGp:fam 909:7:-1 by blue 669:4:-1 at gen762 Univ0 prob=0.013
AgeVaxH35.js:2302 782I x:ageGp:fam 108:1:-1 by blue 93:1:-1 at gen763 Univ0 prob=0.468
AgeVaxH35.js:2302 785I x:ageGp:fam 443:3:-1 by red 242:2:-1 at gen764 Univ0 prob=0.203
AgeVaxH35.js:2302 787I x:ageGp:fam 280:2:-1 by red 157:2:-1 at gen766 Univ0 prob=0.149
AgeVaxH35.js:2302 787I x:ageGp:fam 888:6:-1 by blue 765:5:-1 at gen766 Univ0 prob=0.914
AgeVaxH35.js:2302 787I x:ageGp:fam 121:1:-1 by red 200:2:-1 at gen767 Univ0 prob=0.801
AgeVaxH35.js:2302 787I x:ageGp:fam 223:2:-1 by red 961:8:-1 at gen767 Univ0 prob=0.558
AgeVaxH35.js:2302 787I x:ageGp:fam 366:3:-1 by blue 243:2:-1 at gen767 Univ0 prob=0.805
AgeVaxH35.js:2302 787I x:ageGp:fam 517:3:-1 by red 357:2:-1 at gen767 Univ0 prob=0.287
AgeVaxH35.js:2302 787I x:ageGp:fam 649:4:-1 by blue 545:4:-1 at gen767 Univ0 prob=0.490
AgeVaxH35.js:2302 794I x:ageGp:fam 586:4:-1 by blue 80:1:-1 at gen769 Univ0 prob=0.508
AgeVaxH35.js:2302 794I x:ageGp:fam 482:3:-1 by blue 81:1:-1 at gen769 Univ0 prob=0.032
AgeVaxH35.js:2302 794I x:ageGp:fam 504:3:-1 by blue 545:4:-1 at gen769 Univ0 prob=0.283
AgeVaxH35.js:2302 794I x:ageGp:fam 846:6:-1 by blue 637:4:-1 at gen769 Univ0 prob=0.197
AgeVaxH35.js:2302 794I x:ageGp:fam 55:1:-1 by blue 793:5:-1 at gen770 Univ0 prob=0.179
AgeVaxH35.js:2302 794I x:ageGp:fam 591:4:-1 by blue 637:4:-1 at gen770 Univ0 prob=0.823
AgeVaxH35.js:2302 800I x:ageGp:fam 598:4:-1 by blue 682:4:-1 at gen772 Univ0 prob=0.545
AgeVaxH35.js:2302 800I x:ageGp:fam 811:5:-1 by blue 168:2:-1 at gen773 Univ0 prob=0.157
AgeVaxH35.js:2302 800I x:ageGp:fam 389:3:-1 by red 869:6:-1 at gen773 Univ0 prob=0.067
AgeVaxH35.js:2302 800I x:ageGp:fam 883:6:-1 by red 869:6:-1 at gen773 Univ0 prob=0.231
AgeVaxH35.js:2302 800I x:ageGp:fam 942:7:-1 by red 869:6:-1 at gen773 Univ0 prob=0.243
AgeVaxH35.js:2302 801I x:ageGp:fam 524:3:-1 by blue 130:1:-1 at gen774 Univ0 prob=0.796
AgeVaxH35.js:2302 806I x:ageGp:fam 644:4:-1 by red 869:6:-1 at gen776 Univ0 prob=0.889
AgeVaxH35.js:2302 806I x:ageGp:fam 605:4:-1 by red 436:3:-1 at gen777 Univ0 prob=0.086
AgeVaxH35.js:2302 807I x:ageGp:fam 105:1:-1 by blue 848:6:-1 at gen778 Univ0 prob=0.970
AgeVaxH35.js:2302 807I x:ageGp:fam 534:3:-1 by red 979:8:-1 at gen778 Univ0 prob=0.497
AgeVaxH35.js:2302 810I x:ageGp:fam 329:2:-1 by blue 130:1:-1 at gen780 Univ0 prob=0.987
AgeVaxH35.js:2302 810I x:ageGp:fam 688:4:-1 by blue 145:2:-1 at gen780 Univ0 prob=0.206
AgeVaxH35.js:2302 810I x:ageGp:fam 984:9:-1 by blue 336:2:-1 at gen780 Univ0 prob=0.241
AgeVaxH35.js:2302 810I x:ageGp:fam 36:0:-1 by red 135:2:-1 at gen781 Univ0 prob=0.628
AgeVaxH35.js:2302 810I x:ageGp:fam 823:6:-1 by red 157:2:-1 at gen781 Univ0 prob=0.493
AgeVaxH35.js:2302 813I x:ageGp:fam 219:2:-1 by blue 476:3:-1 at gen782 Univ0 prob=0.412
AgeVaxH35.js:2302 813I x:ageGp:fam 743:5:-1 by red 436:3:-1 at gen782 Univ0 prob=0.380
AgeVaxH35.js:2302 813I x:ageGp:fam 758:5:-1 by red 436:3:-1 at gen782 Univ0 prob=0.791
AgeVaxH35.js:2302 815I x:ageGp:fam 988:9:-1 by blue 773:5:-1 at gen783 Univ0 prob=0.905
AgeVaxH35.js:2302 818I x:ageGp:fam 462:3:-1 by blue 411:3:-1 at gen784 Univ0 prob=0.930
AgeVaxH35.js:2302 818I x:ageGp:fam 827:6:-1 by blue 793:5:-1 at gen784 Univ0 prob=0.332
AgeVaxH35.js:2302 819I x:ageGp:fam 799:5:-1 by blue 336:2:-1 at gen785 Univ0 prob=0.864
AgeVaxH35.js:2302 821I x:ageGp:fam 683:4:-1 by blue 540:3:-1 at gen786 Univ0 prob=0.238
AgeVaxH35.js:2302 823I x:ageGp:fam 155:2:-1 by red 808:5:-1 at gen788 Univ0 prob=0.804
AgeVaxH35.js:2302 823I x:ageGp:fam 671:4:-1 by blue 848:6:-1 at gen788 Univ0 prob=0.099
AgeVaxH35.js:2302 825I x:ageGp:fam 828:6:-1 by blue 578:4:-1 at gen790 Univ0 prob=0.892
AgeVaxH35.js:2302 825I x:ageGp:fam 400:3:-1 by blue 407:3:-1 at gen791 Univ0 prob=0.442
AgeVaxH35.js:2302 827I x:ageGp:fam 841:6:-1 by blue 168:2:-1 at gen793 Univ0 prob=0.235
AgeVaxH35.js:2302 827I x:ageGp:fam 822:6:-1 by blue 145:2:-1 at gen794 Univ0 prob=0.345
AgeVaxH35.js:2302 829I x:ageGp:fam 693:5:-1 by blue 801:5:-1 at gen796 Univ0 prob=0.736
AgeVaxH35.js:2302 830I x:ageGp:fam 833:6:-1 by red 253:2:-1 at gen798 Univ0 prob=0.854
AgeVaxH35.js:2302 830I x:ageGp:fam 272:2:-1 by blue 2:0:-1 at gen799 Univ0 prob=0.553
AgeVaxH35.js:2302 830I x:ageGp:fam 297:2:-1 by blue 2:0:-1 at gen799 Univ0 prob=0.297
AgeVaxH35.js:2302 830I x:ageGp:fam 503:3:-1 by blue 641:4:-1 at gen799 Univ0 prob=0.241
AgeVaxH35.js:2302 834I x:ageGp:fam 248:2:-1 by blue 2:0:-1 at gen801 Univ0 prob=0.374
AgeVaxH35.js:2302 834I x:ageGp:fam 894:6:-1 by blue 500:3:-1 at gen802 Univ0 prob=0.795
AgeVaxH35.js:2302 834I x:ageGp:fam 707:5:-1 by blue 545:4:-1 at gen802 Univ0 prob=0.427
AgeVaxH35.js:2302 835I x:ageGp:fam 6:0:-1 by blue 168:2:-1 at gen803 Univ0 prob=0.608
AgeVaxH35.js:2302 835I x:ageGp:fam 417:3:-1 by blue 848:6:-1 at gen803 Univ0 prob=0.386
AgeVaxH35.js:2302 837I x:ageGp:fam 362:3:-1 by blue 2:0:-1 at gen804 Univ0 prob=0.743
AgeVaxH35.js:2302 837I x:ageGp:fam 332:2:-1 by red 637:4:-1 at gen804 Univ0 prob=0.104
AgeVaxH35.js:2302 839I x:ageGp:fam 657:4:-1 by blue 662:4:-1 at gen805 Univ0 prob=0.410
AgeVaxH35.js:2302 839I x:ageGp:fam 760:5:-1 by blue 662:4:-1 at gen805 Univ0 prob=0.836
AgeVaxH35.js:2302 841I x:ageGp:fam 54:1:-1 by blue 168:2:-1 at gen806 Univ0 prob=0.866
AgeVaxH35.js:2302 841I x:ageGp:fam 340:2:-1 by red 421:3:-1 at gen806 Univ0 prob=0.675
AgeVaxH35.js:2302 841I x:ageGp:fam 866:6:-1 by blue 630:4:-1 at gen806 Univ0 prob=0.418
AgeVaxH35.js:2302 841I x:ageGp:fam 893:6:-1 by blue 793:5:-1 at gen806 Univ0 prob=0.454
AgeVaxH35.js:2302 843I x:ageGp:fam 843:6:-1 by blue 997:9:-1 at gen807 Univ0 prob=0.655
AgeVaxH35.js:2302 847I x:ageGp:fam 250:2:-1 by blue 336:2:-1 at gen808 Univ0 prob=0.783
AgeVaxH35.js:2302 847I x:ageGp:fam 945:7:-1 by red 436:3:-1 at gen808 Univ0 prob=0.041
AgeVaxH35.js:2302 850I x:ageGp:fam 544:4:-1 by blue 213:2:-1 at gen810 Univ0 prob=0.769
AgeVaxH35.js:2302 850I x:ageGp:fam 896:6:-1 by red 578:4:-1 at gen810 Univ0 prob=0.976
AgeVaxH35.js:2302 852I x:ageGp:fam 944:7:-1 by blue 336:2:-1 at gen812 Univ0 prob=0.487
AgeVaxH35.js:2302 852I x:ageGp:fam 537:3:-1 by blue 570:4:-1 at gen812 Univ0 prob=0.876
AgeVaxH35.js:2302 852I x:ageGp:fam 325:2:-1 by blue 527:3:-1 at gen813 Univ0 prob=0.662
AgeVaxH35.js:2302 852I x:ageGp:fam 572:4:-1 by blue 691:5:-1 at gen813 Univ0 prob=0.843
AgeVaxH35.js:2302 854I x:ageGp:fam 582:4:-1 by blue 909:7:-1 at gen814 Univ0 prob=0.331
AgeVaxH35.js:2302 856I x:ageGp:fam 943:7:-1 by blue 848:6:-1 at gen815 Univ0 prob=0.444
AgeVaxH35.js:2302 858I x:ageGp:fam 755:5:-1 by blue 1:0:-1 at gen817 Univ0 prob=0.610
AgeVaxH35.js:2302 858I x:ageGp:fam 557:4:-1 by blue 18:0:-1 at gen817 Univ0 prob=0.946
AgeVaxH35.js:2302 858I x:ageGp:fam 835:6:-1 by red 808:5:-1 at gen817 Univ0 prob=0.809
AgeVaxH35.js:2302 858I x:ageGp:fam 116:1:-1 by blue 848:6:-1 at gen818 Univ0 prob=0.958
AgeVaxH35.js:2302 858I x:ageGp:fam 198:2:-1 by blue 525:3:-1 at gen818 Univ0 prob=0.345
AgeVaxH35.js:2302 858I x:ageGp:fam 454:3:-1 by blue 336:2:-1 at gen818 Univ0 prob=0.809
AgeVaxH35.js:2302 864I x:ageGp:fam 631:4:-1 by blue 1:0:-1 at gen820 Univ0 prob=0.400
AgeVaxH35.js:2302 865I x:ageGp:fam 393:3:-1 by red 527:3:-1 at gen822 Univ0 prob=0.953
AgeVaxH35.js:2302 865I x:ageGp:fam 569:4:-1 by red 765:5:-1 at gen822 Univ0 prob=0.873
AgeVaxH35.js:2302 865I x:ageGp:fam 976:8:-1 by red 637:4:-1 at gen822 Univ0 prob=0.612
AgeVaxH35.js:2302 865I x:ageGp:fam 234:2:-1 by blue 525:3:-1 at gen823 Univ0 prob=0.780
AgeVaxH35.js:2302 865I x:ageGp:fam 640:4:-1 by blue 964:8:-1 at gen823 Univ0 prob=0.224
AgeVaxH35.js:2302 868I x:ageGp:fam 477:3:-1 by blue 570:4:-1 at gen824 Univ0 prob=0.336
AgeVaxH35.js:2302 870I x:ageGp:fam 278:2:-1 by red 682:4:-1 at gen825 Univ0 prob=0.771
AgeVaxH35.js:2302 870I x:ageGp:fam 892:6:-1 by blue 336:2:-1 at gen825 Univ0 prob=0.147
AgeVaxH35.js:2302 870I x:ageGp:fam 526:3:-1 by red 527:3:-1 at gen825 Univ0 prob=0.829
AgeVaxH35.js:2302 871I x:ageGp:fam 293:2:-1 by blue 336:2:-1 at gen826 Univ0 prob=0.499
AgeVaxH35.js:2302 874I x:ageGp:fam 312:2:-1 by blue 525:3:-1 at gen827 Univ0 prob=0.437
AgeVaxH35.js:2302 875I x:ageGp:fam 885:6:-1 by blue 282:2:-1 at gen828 Univ0 prob=0.741
AgeVaxH35.js:2302 877I x:ageGp:fam 7:0:-1 by blue 1:0:-1 at gen830 Univ0 prob=0.101
AgeVaxH35.js:2302 877I x:ageGp:fam 687:4:-1 by red 187:2:-1 at gen831 Univ0 prob=0.365
AgeVaxH35.js:2302 877I x:ageGp:fam 359:3:-1 by blue 846:6:-1 at gen831 Univ0 prob=0.772
AgeVaxH35.js:2302 877I x:ageGp:fam 959:8:-1 by blue 814:5:-1 at gen831 Univ0 prob=0.853
AgeVaxH35.js:2302 881I x:ageGp:fam 677:4:-1 by red 637:4:-1 at gen833 Univ0 prob=0.017
AgeVaxH35.js:2302 882I x:ageGp:fam 832:6:-1 by blue 405:3:-1 at gen835 Univ0 prob=0.256
AgeVaxH35.js:2302 882I x:ageGp:fam 128:1:-1 by red 145:2:-1 at gen836 Univ0 prob=0.914
AgeVaxH35.js:2302 882I x:ageGp:fam 726:5:-1 by blue 909:7:-1 at gen836 Univ0 prob=0.586
AgeVaxH35.js:2302 883I x:ageGp:fam 930:7:-1 by blue 826:6:-1 at gen837 Univ0 prob=0.475
AgeVaxH35.js:2302 885I x:ageGp:fam 371:3:-1 by red 336:2:-1 at gen838 Univ0 prob=0.211
AgeVaxH35.js:2302 887I x:ageGp:fam 162:2:-1 by blue 32:0:-1 at gen840 Univ0 prob=0.041
AgeVaxH35.js:2302 887I x:ageGp:fam 216:2:-1 by blue 405:3:-1 at gen840 Univ0 prob=0.927
AgeVaxH35.js:2302 887I x:ageGp:fam 374:3:-1 by red 243:2:-1 at gen840 Univ0 prob=0.110
AgeVaxH35.js:2302 887I x:ageGp:fam 879:6:-1 by red 637:4:-1 at gen840 Univ0 prob=0.220
AgeVaxH35.js:2302 891I x:ageGp:fam 40:1:-1 by blue 525:3:-1 at gen842 Univ0 prob=0.170
AgeVaxH35.js:2302 891I x:ageGp:fam 140:2:-1 by blue 18:0:-1 at gen843 Univ0 prob=0.744
AgeVaxH35.js:2302 891I x:ageGp:fam 74:1:-1 by red 711:5:-1 at gen843 Univ0 prob=0.318
AgeVaxH35.js:2302 891I x:ageGp:fam 184:2:-1 by red 711:5:-1 at gen843 Univ0 prob=0.742
AgeVaxH35.js:2302 892I x:ageGp:fam 457:3:-1 by red 764:5:-1 at gen844 Univ0 prob=0.179
AgeVaxH35.js:2302 895I x:ageGp:fam 967:8:-1 by blue 389:3:-1 at gen845 Univ0 prob=0.875
AgeVaxH35.js:2302 896I x:ageGp:fam 643:4:-1 by red 603:4:-1 at gen846 Univ0 prob=0.952
AgeVaxH35.js:2302 897I x:ageGp:fam 776:5:-1 by blue 909:7:-1 at gen847 Univ0 prob=0.228
AgeVaxH35.js:2302 898I x:ageGp:fam 956:8:-1 by red 711:5:-1 at gen848 Univ0 prob=0.466
AgeVaxH35.js:2302 899I x:ageGp:fam 448:3:-1 by red 520:3:-1 at gen849 Univ0 prob=0.563
AgeVaxH35.js:2302 901I x:ageGp:fam 231:2:-1 by blue 909:7:-1 at gen851 Univ0 prob=0.015
AgeVaxH35.js:2302 901I x:ageGp:fam 999:9:-1 by red 336:2:-1 at gen851 Univ0 prob=0.355
AgeVaxH35.js:2302 901I x:ageGp:fam 385:3:-1 by blue 671:4:-1 at gen851 Univ0 prob=0.781
AgeVaxH35.js:2302 904I x:ageGp:fam 136:2:-1 by yellow 362:3:-1 at gen853 Univ0 prob=0.612
AgeVaxH35.js:2302 904I x:ageGp:fam 562:4:-1 by blue 846:6:-1 at gen853 Univ0 prob=0.325
AgeVaxH35.js:2302 906I x:ageGp:fam 388:3:-1 by blue 909:7:-1 at gen856 Univ0 prob=0.234
AgeVaxH35.js:2302 907I x:ageGp:fam 767:5:-1 by red 570:4:-1 at gen858 Univ0 prob=0.992
AgeVaxH35.js:2302 907I x:ageGp:fam 623:4:-1 by blue 799:5:-1 at gen858 Univ0 prob=0.377
AgeVaxH35.js:2302 909I x:ageGp:fam 30:0:-1 by blue 799:5:-1 at gen861 Univ0 prob=0.975
AgeVaxH35.js:2302 909I x:ageGp:fam 35:0:-1 by blue 605:4:-1 at gen862 Univ0 prob=0.182
AgeVaxH35.js:2302 909I x:ageGp:fam 46:1:-1 by red 527:3:-1 at gen862 Univ0 prob=0.925
AgeVaxH35.js:2302 909I x:ageGp:fam 898:6:-1 by blue 605:4:-1 at gen862 Univ0 prob=0.798
AgeVaxH35.js:2302 910I x:ageGp:fam 347:2:-1 by blue 362:3:-1 at gen863 Univ0 prob=0.393
AgeVaxH35.js:2302 913I x:ageGp:fam 245:2:-1 by red 32:0:-1 at gen864 Univ0 prob=0.987
AgeVaxH35.js:2302 914I x:ageGp:fam 146:2:-1 by red 213:2:-1 at gen865 Univ0 prob=0.918
AgeVaxH35.js:2302 915I x:ageGp:fam 298:2:-1 by red 168:2:-1 at gen866 Univ0 prob=0.381
AgeVaxH35.js:2302 915I x:ageGp:fam 889:6:-1 by red 405:3:-1 at gen866 Univ0 prob=0.778
AgeVaxH35.js:2302 916I x:ageGp:fam 533:3:-1 by blue 841:6:-1 at gen867 Univ0 prob=0.680
AgeVaxH35.js:2302 919I x:ageGp:fam 473:3:-1 by yellow 116:1:-1 at gen869 Univ0 prob=0.495
AgeVaxH35.js:2302 919I x:ageGp:fam 460:3:-1 by yellow 198:2:-1 at gen869 Univ0 prob=0.269
AgeVaxH35.js:2302 919I x:ageGp:fam 949:8:-1 by blue 557:4:-1 at gen870 Univ0 prob=0.129
AgeVaxH35.js:2302 922I x:ageGp:fam 186:2:-1 by blue 896:6:-1 at gen873 Univ0 prob=0.196
AgeVaxH35.js:2302 922I x:ageGp:fam 952:8:-1 by red 336:2:-1 at gen873 Univ0 prob=0.477
AgeVaxH35.js:2302 922I x:ageGp:fam 975:8:-1 by blue 896:6:-1 at gen873 Univ0 prob=0.919
AgeVaxH35.js:2302 925I x:ageGp:fam 353:2:-1 by blue 883:6:-1 at gen875 Univ0 prob=0.110
AgeVaxH35.js:2302 926I x:ageGp:fam 294:2:-1 by blue 332:2:-1 at gen877 Univ0 prob=0.193
AgeVaxH35.js:2302 927I x:ageGp:fam 969:8:-1 by blue 393:3:-1 at gen879 Univ0 prob=0.833
AgeVaxH35.js:2302 927I x:ageGp:fam 554:4:-1 by red 579:4:-1 at gen879 Univ0 prob=0.377
AgeVaxH35.js:2302 927I x:ageGp:fam 0:0:-1 by blue 504:3:-1 at gen880 Univ0 prob=0.137
AgeVaxH35.js:2302 927I x:ageGp:fam 852:6:-1 by red 405:3:-1 at gen880 Univ0 prob=0.298
AgeVaxH35.js:2302 931I x:ageGp:fam 328:2:-1 by blue 454:3:-1 at gen883 Univ0 prob=0.534
AgeVaxH35.js:2302 932I x:ageGp:fam 232:2:-1 by blue 359:3:-1 at gen885 Univ0 prob=0.933
AgeVaxH35.js:2302 932I x:ageGp:fam 58:1:-1 by red 909:7:-1 at gen886 Univ0 prob=0.377
AgeVaxH35.js:2302 932I x:ageGp:fam 991:9:-1 by blue 866:6:-1 at gen886 Univ0 prob=0.125
AgeVaxH35.js:2302 935I x:ageGp:fam 372:3:-1 by blue 198:2:-1 at gen891 Univ0 prob=0.025
AgeVaxH35.js:2302 935I x:ageGp:fam 321:2:-1 by blue 835:6:-1 at gen892 Univ0 prob=0.917
AgeVaxH35.js:2302 936I x:ageGp:fam 348:2:-1 by red 909:7:-1 at gen893 Univ0 prob=0.204
AgeVaxH35.js:2302 936I x:ageGp:fam 597:4:-1 by red 591:4:-1 at gen893 Univ0 prob=0.166
AgeVaxH35.js:2302 937I x:ageGp:fam 172:2:-1 by red 525:3:-1 at gen894 Univ0 prob=0.945
AgeVaxH35.js:2302 940I x:ageGp:fam 258:2:-1 by red 680:4:-1 at gen896 Univ0 prob=0.226
AgeVaxH35.js:2302 940I x:ageGp:fam 464:3:-1 by blue 879:6:-1 at gen897 Univ0 prob=0.277
AgeVaxH35.js:2302 940I x:ageGp:fam 850:6:-1 by blue 631:4:-1 at gen897 Univ0 prob=0.734
AgeVaxH35.js:2302 941I x:ageGp:fam 800:5:-1 by red 605:4:-1 at gen898 Univ0 prob=0.077
AgeVaxH35.js:2302 943I x:ageGp:fam 315:2:-1 by red 942:7:-1 at gen899 Univ0 prob=0.519
AgeVaxH35.js:2302 943I x:ageGp:fam 995:9:-1 by red 649:4:-1 at gen899 Univ0 prob=0.738
AgeVaxH35.js:2302 943I x:ageGp:fam 873:6:-1 by blue 822:6:-1 at gen899 Univ0 prob=0.891
AgeVaxH35.js:2302 944I x:ageGp:fam 782:5:-1 by blue 526:3:-1 at gen900 Univ0 prob=0.022
AgeVaxH35.js:2302 944I x:ageGp:fam 556:4:-1 by blue 799:5:-1 at gen900 Univ0 prob=0.770
AgeVaxH35.js:2302 949I x:ageGp:fam 857:6:-1 by blue 477:3:-1 at gen902 Univ0 prob=0.356
AgeVaxH35.js:2302 950I x:ageGp:fam 511:3:-1 by red 653:4:-1 at gen904 Univ0 prob=0.750
AgeVaxH35.js:2302 951I x:ageGp:fam 868:6:-1 by blue 866:6:-1 at gen906 Univ0 prob=0.775
AgeVaxH35.js:2302 952I x:ageGp:fam 57:1:-1 by blue 999:9:-1 at gen910 Univ0 prob=0.793
AgeVaxH35.js:2302 952I x:ageGp:fam 131:2:-1 by red 799:5:-1 at gen910 Univ0 prob=0.669
AgeVaxH35.js:2302 954I x:ageGp:fam 299:2:-1 by blue 393:3:-1 at gen913 Univ0 prob=0.823
AgeVaxH35.js:2302 955I x:ageGp:fam 567:4:-1 by blue 385:3:-1 at gen915 Univ0 prob=0.584
AgeVaxH35.js:2302 955I x:ageGp:fam 246:2:-1 by blue 879:6:-1 at gen916 Univ0 prob=0.794
AgeVaxH35.js:2302 956I x:ageGp:fam 42:1:-1 by blue 945:7:-1 at gen917 Univ0 prob=0.745
AgeVaxH35.js:2302 957I x:ageGp:fam 264:2:-1 by blue 293:2:-1 at gen918 Univ0 prob=0.359
AgeVaxH35.js:2302 957I x:ageGp:fam 705:5:-1 by blue 359:3:-1 at gen918 Univ0 prob=0.458
AgeVaxH35.js:2302 960I x:ageGp:fam 972:8:-1 by red 846:6:-1 at gen920 Univ0 prob=0.293
AgeVaxH35.js:2302 961I x:ageGp:fam 920:7:-1 by blue 898:6:-1 at gen923 Univ0 prob=0.822
AgeVaxH35.js:2302 962I x:ageGp:fam 89:1:-1 by red 671:4:-1 at gen926 Univ0 prob=0.760
AgeVaxH35.js:2302 962I x:ageGp:fam 41:1:-1 by blue 136:2:-1 at gen927 Univ0 prob=0.670
AgeVaxH35.js:2302 963I x:ageGp:fam 829:6:-1 by blue 879:6:-1 at gen928 Univ0 prob=0.639
AgeVaxH35.js:2302 965I x:ageGp:fam 748:5:-1 by blue 393:3:-1 at gen931 Univ0 prob=0.197
AgeVaxH35.js:2302 966I x:ageGp:fam 535:3:-1 by red 389:3:-1 at gen934 Univ0 prob=0.184
AgeVaxH35.js:2302 967I x:ageGp:fam 304:2:-1 by red 835:6:-1 at gen937 Univ0 prob=0.689
AgeVaxH35.js:2302 967I x:ageGp:fam 600:4:-1 by red 671:4:-1 at gen937 Univ0 prob=0.381
AgeVaxH35.js:2302 969I x:ageGp:fam 874:6:-1 by blue 677:4:-1 at gen943 Univ0 prob=0.423
AgeVaxH35.js:2302 970I x:ageGp:fam 610:4:-1 by blue 457:3:-1 at gen946 Univ0 prob=0.283
AgeVaxH35.js:2302 970I x:ageGp:fam 936:7:-1 by blue 999:9:-1 at gen947 Univ0 prob=0.145
AgeVaxH35.js:2302 971I x:ageGp:fam 376:3:-1 by blue 879:6:-1 at gen948 Univ0 prob=0.290
AgeVaxH35.js:2302 972I x:ageGp:fam 907:7:-1 by blue 186:2:-1 at gen949 Univ0 prob=0.862
AgeVaxH35.js:2302 973I x:ageGp:fam 786:5:-1 by blue 216:2:-1 at gen950 Univ0 prob=0.153
AgeVaxH35.js:2302 975I x:ageGp:fam 238:2:-1 by red 835:6:-1 at gen957 Univ0 prob=0.666
AgeVaxH35.js:2302 976I x:ageGp:fam 38:0:-1 by red 959:8:-1 at gen961 Univ0 prob=0.044
AgeVaxH35.js:2302 977I x:ageGp:fam 424:3:-1 by blue 556:4:-1 at gen968 Univ0 prob=0.709
AgeVaxH35.js:2302 978I x:ageGp:fam 358:2:-1 by blue 952:8:-1 at gen970 Univ0 prob=0.382
AgeVaxH35.js:2302 979I x:ageGp:fam 90:1:-1 by blue 952:8:-1 at gen972 Univ0 prob=0.724
AgeVaxH35.js:2302 979I x:ageGp:fam 361:3:-1 by blue 969:8:-1 at gen972 Univ0 prob=0.348
AgeVaxH35.js:2302 981I x:ageGp:fam 106:1:-1 by blue 556:4:-1 at gen976 Univ0 prob=0.665
AgeVaxH35.js:2302 982I x:ageGp:fam 341:2:-1 by blue 372:3:-1 at gen987 Univ0 prob=0.146
AgeVaxH35.js:2302 983I x:ageGp:fam 144:2:-1 by blue 131:2:-1 at gen991 Univ0 prob=0.249
AgeVaxH35.js:2302 983I x:ageGp:fam 459:3:-1 by blue 829:6:-1 at gen991 Univ0 prob=0.038
AgeVaxH35.js:2302 983I x:ageGp:fam 317:2:-1 by red 879:6:-1 at gen992 Univ0 prob=0.355
AgeVaxH35.js:2302 986I x:ageGp:fam 147:2:-1 by red 956:8:-1 at gen1011 Univ0 prob=0.620
AgeVaxH35.js:2302 987I x:ageGp:fam 191:2:-1 by blue 376:3:-1 at gen1025 Univ0 prob=0.662
AgeVaxH35.js:2302 988I x:ageGp:fam 274:2:-1 by red 852:6:-1 at gen1027 Univ0 prob=0.784
AgeVaxH35.js:2302 989I x:ageGp:fam 740:5:-1 by blue 920:7:-1 at gen1036 Univ0 prob=0.289
AgeVaxH35.js:2302 990I x:ageGp:fam 367:3:-1 by red 597:4:-1 at gen1039 Univ0 prob=0.629
AgeVaxH35.js:2302 991I x:ageGp:fam 788:5:-1 by red 782:5:-1 at gen1049 Univ0 prob=0.172
