AgeVaxH35.js:871 Mon Jan 18 2021 21:58:18 GMT-0800 (Pacific Standard Time)
AgeVaxH35.js:872 CovidSIMVL Mode1 and Mod2 Hybrid 35d
AgeVaxH35.js:873 Mode 1 >13 and <36 is 75%
AgeVaxH35.js:874 Mode 2 >28 is 95%; >13 and <29 is 75%
AgeVaxH35.js:4370 exit covidSim
AgeVaxH35.js:23 getAsText File {name: "Popn1000.csv", lastModified: 1611021598000, lastModifiedDate: Mon Jan 18 2021 17:59:58 GMT-0800 (Pacific Standard Time), webkitRelativePath: "", size: 23944, …}
AgeVaxH35.js:32 File {name: "Popn1000.csv", lastModified: 1611021598000, lastModifiedDate: Mon Jan 18 2021 17:59:58 GMT-0800 (Pacific Standard Time), webkitRelativePath: "", size: 23944, …}
AgeVaxH35.js:23 getAsText File {name: "VL1ageGp2.csv", lastModified: 1611004274000, lastModifiedDate: Mon Jan 18 2021 13:11:14 GMT-0800 (Pacific Standard Time), webkitRelativePath: "", size: 65, …}
AgeVaxH35.js:32 File {name: "VL1ageGp2.csv", lastModified: 1611004274000, lastModifiedDate: Mon Jan 18 2021 13:11:14 GMT-0800 (Pacific Standard Time), webkitRelativePath: "", size: 65, …}
AgeVaxH35.js:1696 New Hazard Radius = 1.5
AgeVaxH35.js:2202 1I j:ageGp:fam 851:6:-1 by blue 150:2:-1 at gen10 Univ0 prob=0.900
AgeVaxH35.js:2221 2I i:ageGp:fam 29:0:-1 by red 150:2:-1 at gen56 Univ0 prob=0.897
AgeVaxH35.js:2221 3I i:ageGp:fam 417:3:-1 by blue 851:6:-1 at gen72 Univ0 prob=0.424
AgeVaxH35.js:2221 4I i:ageGp:fam 136:2:-1 by red 851:6:-1 at gen127 Univ0 prob=0.692
AgeVaxH35.js:2221 5I i:ageGp:fam 179:2:-1 by blue 417:3:-1 at gen145 Univ0 prob=0.151
AgeVaxH35.js:2202 6I j:ageGp:fam 663:4:-1 by blue 29:0:-1 at gen151 Univ0 prob=0.022
AgeVaxH35.js:2221 7I i:ageGp:fam 638:4:-1 by red 851:6:-1 at gen153 Univ0 prob=0.735
AgeVaxH35.js:2221 8I i:ageGp:fam 192:2:-1 by red 851:6:-1 at gen174 Univ0 prob=0.052
AgeVaxH35.js:2202 9I j:ageGp:fam 628:4:-1 by red 150:2:-1 at gen185 Univ0 prob=0.904
AgeVaxH35.js:2202 10I j:ageGp:fam 550:4:-1 by red 417:3:-1 at gen187 Univ0 prob=0.936
AgeVaxH35.js:2202 11I j:ageGp:fam 915:7:-1 by red 29:0:-1 at gen190 Univ0 prob=0.017
AgeVaxH35.js:2202 12I j:ageGp:fam 588:4:-1 by blue 136:2:-1 at gen218 Univ0 prob=0.194
AgeVaxH35.js:2221 12I i:ageGp:fam 223:2:-1 by red 417:3:-1 at gen218 Univ0 prob=0.413
AgeVaxH35.js:2202 14I j:ageGp:fam 252:2:-1 by red 29:0:-1 at gen226 Univ0 prob=0.879
AgeVaxH35.js:2221 15I i:ageGp:fam 309:2:-1 by blue 663:4:-1 at gen231 Univ0 prob=0.760
AgeVaxH35.js:2202 16I j:ageGp:fam 644:4:-1 by blue 638:4:-1 at gen235 Univ0 prob=0.652
AgeVaxH35.js:2202 17I j:ageGp:fam 645:4:-1 by blue 638:4:-1 at gen240 Univ0 prob=0.985
AgeVaxH35.js:2202 18I j:ageGp:fam 660:4:-1 by blue 628:4:-1 at gen253 Univ0 prob=0.261
AgeVaxH35.js:2202 19I j:ageGp:fam 876:6:-1 by blue 663:4:-1 at gen261 Univ0 prob=0.550
AgeVaxH35.js:2202 20I j:ageGp:fam 769:5:-1 by blue 550:4:-1 at gen265 Univ0 prob=0.386
AgeVaxH35.js:2202 21I j:ageGp:fam 961:8:-1 by blue 915:7:-1 at gen268 Univ0 prob=0.003
AgeVaxH35.js:2202 22I j:ageGp:fam 845:6:-1 by red 179:2:-1 at gen273 Univ0 prob=0.893
AgeVaxH35.js:2202 22I j:ageGp:fam 863:6:-1 by blue 223:2:-1 at gen273 Univ0 prob=0.509
AgeVaxH35.js:2221 24I i:ageGp:fam 339:2:-1 by blue 915:7:-1 at gen275 Univ0 prob=0.098
AgeVaxH35.js:2221 25I i:ageGp:fam 477:3:-1 by blue 550:4:-1 at gen284 Univ0 prob=0.396
AgeVaxH35.js:2202 25I j:ageGp:fam 655:4:-1 by blue 192:2:-1 at gen285 Univ0 prob=0.368
AgeVaxH35.js:2202 27I j:ageGp:fam 997:9:-1 by red 663:4:-1 at gen289 Univ0 prob=0.498
AgeVaxH35.js:2221 28I i:ageGp:fam 88:1:-1 by red 851:6:-1 at gen291 Univ0 prob=0.596
AgeVaxH35.js:2221 29I i:ageGp:fam 52:1:-1 by blue 550:4:-1 at gen293 Univ0 prob=0.557
AgeVaxH35.js:2221 30I i:ageGp:fam 234:2:-1 by blue 588:4:-1 at gen295 Univ0 prob=0.941
AgeVaxH35.js:2202 30I j:ageGp:fam 992:9:-1 by red 663:4:-1 at gen296 Univ0 prob=0.214
AgeVaxH35.js:2202 32I j:ageGp:fam 195:2:-1 by red 179:2:-1 at gen298 Univ0 prob=0.696
AgeVaxH35.js:2202 32I j:ageGp:fam 453:3:-1 by blue 252:2:-1 at gen298 Univ0 prob=0.441
AgeVaxH35.js:2221 32I i:ageGp:fam 411:3:-1 by red 663:4:-1 at gen299 Univ0 prob=0.231
AgeVaxH35.js:2202 35I j:ageGp:fam 888:6:-1 by red 417:3:-1 at gen312 Univ0 prob=0.510
AgeVaxH35.js:2221 36I i:ageGp:fam 615:4:-1 by red 663:4:-1 at gen320 Univ0 prob=0.075
AgeVaxH35.js:2202 37I j:ageGp:fam 745:5:-1 by red 638:4:-1 at gen326 Univ0 prob=0.084
AgeVaxH35.js:2221 38I i:ageGp:fam 486:3:-1 by blue 645:4:-1 at gen328 Univ0 prob=0.838
AgeVaxH35.js:2202 38I j:ageGp:fam 674:4:-1 by red 628:4:-1 at gen328 Univ0 prob=0.011
AgeVaxH35.js:2221 40I i:ageGp:fam 463:3:-1 by blue 588:4:-1 at gen333 Univ0 prob=0.679
AgeVaxH35.js:2202 40I j:ageGp:fam 716:5:-1 by yellow 463:3:-1 at gen334 Univ0 prob=0.350
AgeVaxH35.js:2221 42I i:ageGp:fam 280:2:-1 by blue 876:6:-1 at gen339 Univ0 prob=0.184
AgeVaxH35.js:2221 42I i:ageGp:fam 287:2:-1 by blue 588:4:-1 at gen339 Univ0 prob=0.626
AgeVaxH35.js:2221 44I i:ageGp:fam 327:2:-1 by blue 876:6:-1 at gen343 Univ0 prob=0.318
AgeVaxH35.js:2221 44I i:ageGp:fam 438:3:-1 by blue 961:8:-1 at gen344 Univ0 prob=0.181
AgeVaxH35.js:2221 46I i:ageGp:fam 85:1:-1 by red 588:4:-1 at gen352 Univ0 prob=0.446
AgeVaxH35.js:2202 47I j:ageGp:fam 728:5:-1 by blue 660:4:-1 at gen356 Univ0 prob=0.045
AgeVaxH35.js:2221 48I i:ageGp:fam 708:5:-1 by blue 863:6:-1 at gen359 Univ0 prob=0.780
AgeVaxH35.js:2221 48I i:ageGp:fam 102:1:-1 by blue 660:4:-1 at gen360 Univ0 prob=0.473
AgeVaxH35.js:2202 50I j:ageGp:fam 953:8:-1 by blue 88:1:-1 at gen374 Univ0 prob=0.656
AgeVaxH35.js:2221 50I i:ageGp:fam 361:3:-1 by red 645:4:-1 at gen374 Univ0 prob=0.966
AgeVaxH35.js:2221 52I i:ageGp:fam 7:0:-1 by red 644:4:-1 at gen377 Univ0 prob=0.379
AgeVaxH35.js:2221 53I i:ageGp:fam 565:4:-1 by yellow 716:5:-1 at gen383 Univ0 prob=0.272
AgeVaxH35.js:2221 54I i:ageGp:fam 606:4:-1 by blue 615:4:-1 at gen391 Univ0 prob=0.956
AgeVaxH35.js:2202 55I j:ageGp:fam 378:3:-1 by red 179:2:-1 at gen393 Univ0 prob=0.800
AgeVaxH35.js:2202 56I j:ageGp:fam 320:2:-1 by blue 195:2:-1 at gen396 Univ0 prob=0.676
AgeVaxH35.js:2221 57I i:ageGp:fam 255:2:-1 by red 845:6:-1 at gen410 Univ0 prob=0.406
AgeVaxH35.js:2221 58I i:ageGp:fam 240:2:-1 by blue 463:3:-1 at gen412 Univ0 prob=0.171
AgeVaxH35.js:2202 58I j:ageGp:fam 883:6:-1 by blue 463:3:-1 at gen412 Univ0 prob=0.727
AgeVaxH35.js:2221 60I i:ageGp:fam 321:2:-1 by blue 327:2:-1 at gen416 Univ0 prob=0.158
AgeVaxH35.js:2221 61I i:ageGp:fam 404:3:-1 by red 628:4:-1 at gen426 Univ0 prob=0.339
AgeVaxH35.js:2202 62I j:ageGp:fam 337:2:-1 by blue 327:2:-1 at gen428 Univ0 prob=0.294
AgeVaxH35.js:2202 62I j:ageGp:fam 718:5:-1 by red 411:3:-1 at gen428 Univ0 prob=0.989
AgeVaxH35.js:2221 62I i:ageGp:fam 96:1:-1 by red 411:3:-1 at gen429 Univ0 prob=0.292
AgeVaxH35.js:2202 65I j:ageGp:fam 771:5:-1 by red 628:4:-1 at gen431 Univ0 prob=0.169
AgeVaxH35.js:2221 66I i:ageGp:fam 176:2:-1 by red 997:9:-1 at gen434 Univ0 prob=0.031
AgeVaxH35.js:2221 67I i:ageGp:fam 270:2:-1 by red 644:4:-1 at gen436 Univ0 prob=0.231
AgeVaxH35.js:2221 68I i:ageGp:fam 647:4:-1 by red 997:9:-1 at gen438 Univ0 prob=0.899
AgeVaxH35.js:2221 69I i:ageGp:fam 21:0:-1 by red 411:3:-1 at gen445 Univ0 prob=0.321
AgeVaxH35.js:2202 69I j:ageGp:fam 595:4:-1 by red 588:4:-1 at gen446 Univ0 prob=0.882
AgeVaxH35.js:2202 71I j:ageGp:fam 810:5:-1 by blue 85:1:-1 at gen448 Univ0 prob=0.832
AgeVaxH35.js:2202 71I j:ageGp:fam 837:6:-1 by red 192:2:-1 at gen448 Univ0 prob=0.854
AgeVaxH35.js:2202 73I j:ageGp:fam 546:4:-1 by red 192:2:-1 at gen452 Univ0 prob=0.948
AgeVaxH35.js:2202 74I j:ageGp:fam 283:2:-1 by blue 7:0:-1 at gen465 Univ0 prob=0.163
AgeVaxH35.js:2202 75I j:ageGp:fam 239:2:-1 by red 195:2:-1 at gen472 Univ0 prob=0.299
AgeVaxH35.js:2221 75I i:ageGp:fam 248:2:-1 by blue 320:2:-1 at gen472 Univ0 prob=0.143
AgeVaxH35.js:2202 77I j:ageGp:fam 461:3:-1 by yellow 248:2:-1 at gen478 Univ0 prob=0.029
AgeVaxH35.js:2221 78I i:ageGp:fam 466:3:-1 by red 997:9:-1 at gen481 Univ0 prob=0.619
AgeVaxH35.js:2221 79I i:ageGp:fam 185:2:-1 by blue 321:2:-1 at gen489 Univ0 prob=0.589
AgeVaxH35.js:2202 79I j:ageGp:fam 398:3:-1 by blue 320:2:-1 at gen489 Univ0 prob=0.137
AgeVaxH35.js:2221 81I i:ageGp:fam 274:2:-1 by blue 320:2:-1 at gen491 Univ0 prob=0.949
AgeVaxH35.js:2202 81I j:ageGp:fam 795:5:-1 by blue 96:1:-1 at gen492 Univ0 prob=0.439
AgeVaxH35.js:2221 81I i:ageGp:fam 587:4:-1 by red 588:4:-1 at gen492 Univ0 prob=0.445
AgeVaxH35.js:2202 84I j:ageGp:fam 760:5:-1 by blue 321:2:-1 at gen494 Univ0 prob=0.240
AgeVaxH35.js:2221 84I i:ageGp:fam 78:1:-1 by red 876:6:-1 at gen495 Univ0 prob=0.027
AgeVaxH35.js:2221 84I i:ageGp:fam 767:5:-1 by red 992:9:-1 at gen495 Univ0 prob=0.815
AgeVaxH35.js:2221 85I i:ageGp:fam 225:2:-1 by red 876:6:-1 at gen496 Univ0 prob=0.481
AgeVaxH35.js:2221 87I i:ageGp:fam 104:1:-1 by blue 321:2:-1 at gen497 Univ0 prob=0.258
AgeVaxH35.js:2221 89I i:ageGp:fam 91:1:-1 by red 997:9:-1 at gen499 Univ0 prob=0.586
AgeVaxH35.js:2221 89I i:ageGp:fam 210:2:-1 by yellow 546:4:-1 at gen500 Univ0 prob=0.406
AgeVaxH35.js:2202 90I j:ageGp:fam 977:8:-1 by red 102:1:-1 at gen501 Univ0 prob=0.890
AgeVaxH35.js:2202 92I j:ageGp:fam 789:5:-1 by blue 321:2:-1 at gen506 Univ0 prob=0.901
AgeVaxH35.js:2221 93I i:ageGp:fam 370:3:-1 by red 997:9:-1 at gen508 Univ0 prob=0.612
AgeVaxH35.js:2202 94I j:ageGp:fam 402:3:-1 by red 195:2:-1 at gen510 Univ0 prob=0.444
AgeVaxH35.js:2202 94I j:ageGp:fam 609:4:-1 by red 195:2:-1 at gen510 Univ0 prob=0.395
AgeVaxH35.js:2202 94I j:ageGp:fam 359:3:-1 by blue 321:2:-1 at gen511 Univ0 prob=0.594
AgeVaxH35.js:2221 97I i:ageGp:fam 62:1:-1 by red 327:2:-1 at gen514 Univ0 prob=0.810
AgeVaxH35.js:2202 97I j:ageGp:fam 352:2:-1 by blue 176:2:-1 at gen514 Univ0 prob=0.606
AgeVaxH35.js:2221 97I i:ageGp:fam 345:2:-1 by red 378:3:-1 at gen515 Univ0 prob=0.868
AgeVaxH35.js:2221 99I i:ageGp:fam 972:8:-1 by red 992:9:-1 at gen516 Univ0 prob=0.173
AgeVaxH35.js:2221 100I i:ageGp:fam 536:3:-1 by red 992:9:-1 at gen517 Univ0 prob=0.242
AgeVaxH35.js:2202 102I j:ageGp:fam 725:5:-1 by blue 176:2:-1 at gen528 Univ0 prob=0.852
AgeVaxH35.js:2221 103I i:ageGp:fam 233:2:-1 by red 321:2:-1 at gen536 Univ0 prob=0.495
AgeVaxH35.js:2202 104I j:ageGp:fam 829:6:-1 by red 660:4:-1 at gen540 Univ0 prob=0.549
AgeVaxH35.js:2221 105I i:ageGp:fam 392:3:-1 by blue 595:4:-1 at gen542 Univ0 prob=0.495
AgeVaxH35.js:2221 106I i:ageGp:fam 262:2:-1 by blue 837:6:-1 at gen556 Univ0 prob=0.119
AgeVaxH35.js:2221 106I i:ageGp:fam 63:1:-1 by blue 789:5:-1 at gen557 Univ0 prob=0.254
AgeVaxH35.js:2202 106I j:ageGp:fam 501:3:-1 by red 176:2:-1 at gen557 Univ0 prob=0.921
AgeVaxH35.js:2202 106I j:ageGp:fam 679:4:-1 by blue 225:2:-1 at gen557 Univ0 prob=0.680
AgeVaxH35.js:2202 107I j:ageGp:fam 224:2:-1 by red 85:1:-1 at gen558 Univ0 prob=0.111
AgeVaxH35.js:2221 110I i:ageGp:fam 64:1:-1 by red 411:3:-1 at gen559 Univ0 prob=0.665
AgeVaxH35.js:2202 110I j:ageGp:fam 796:5:-1 by red 176:2:-1 at gen559 Univ0 prob=0.028
AgeVaxH35.js:2221 110I i:ageGp:fam 193:2:-1 by red 997:9:-1 at gen559 Univ0 prob=0.771
AgeVaxH35.js:2202 114I j:ageGp:fam 993:9:-1 by red 96:1:-1 at gen564 Univ0 prob=0.193
AgeVaxH35.js:2221 114I i:ageGp:fam 375:3:-1 by red 997:9:-1 at gen564 Univ0 prob=0.170
AgeVaxH35.js:2202 114I j:ageGp:fam 812:5:-1 by blue 587:4:-1 at gen565 Univ0 prob=0.120
AgeVaxH35.js:2202 116I j:ageGp:fam 429:3:-1 by blue 359:3:-1 at gen566 Univ0 prob=0.109
AgeVaxH35.js:2202 118I j:ageGp:fam 92:1:-1 by blue 78:1:-1 at gen570 Univ0 prob=0.060
AgeVaxH35.js:2202 118I j:ageGp:fam 426:3:-1 by blue 225:2:-1 at gen571 Univ0 prob=0.488
AgeVaxH35.js:2202 119I j:ageGp:fam 815:5:-1 by blue 78:1:-1 at gen572 Univ0 prob=0.048
AgeVaxH35.js:2202 119I j:ageGp:fam 848:6:-1 by blue 370:3:-1 at gen572 Univ0 prob=0.363
AgeVaxH35.js:2202 119I j:ageGp:fam 860:6:-1 by red 546:4:-1 at gen572 Univ0 prob=0.585
AgeVaxH35.js:2202 120I j:ageGp:fam 946:7:-1 by red 96:1:-1 at gen573 Univ0 prob=0.874
AgeVaxH35.js:2202 120I j:ageGp:fam 787:5:-1 by red 176:2:-1 at gen573 Univ0 prob=0.515
AgeVaxH35.js:2202 120I j:ageGp:fam 921:7:-1 by blue 210:2:-1 at gen573 Univ0 prob=0.547
AgeVaxH35.js:2202 123I j:ageGp:fam 87:1:-1 by blue 78:1:-1 at gen574 Univ0 prob=0.668
AgeVaxH35.js:2221 127I i:ageGp:fam 357:2:-1 by red 647:4:-1 at gen576 Univ0 prob=0.156
AgeVaxH35.js:2221 127I i:ageGp:fam 237:2:-1 by red 565:4:-1 at gen577 Univ0 prob=0.108
AgeVaxH35.js:2221 128I i:ageGp:fam 26:0:-1 by blue 352:2:-1 at gen578 Univ0 prob=0.095
AgeVaxH35.js:2221 128I i:ageGp:fam 446:3:-1 by red 565:4:-1 at gen578 Univ0 prob=0.619
AgeVaxH35.js:2202 129I j:ageGp:fam 455:3:-1 by blue 104:1:-1 at gen579 Univ0 prob=0.322
AgeVaxH35.js:2202 129I j:ageGp:fam 980:8:-1 by blue 352:2:-1 at gen579 Univ0 prob=0.987
AgeVaxH35.js:2202 133I j:ageGp:fam 887:6:-1 by blue 767:5:-1 at gen583 Univ0 prob=0.440
AgeVaxH35.js:2221 133I i:ageGp:fam 932:7:-1 by blue 977:8:-1 at gen584 Univ0 prob=0.575
AgeVaxH35.js:2202 134I j:ageGp:fam 627:4:-1 by blue 402:3:-1 at gen585 Univ0 prob=0.853
AgeVaxH35.js:2221 134I i:ageGp:fam 551:4:-1 by blue 972:8:-1 at gen585 Univ0 prob=0.245
AgeVaxH35.js:2202 137I j:ageGp:fam 423:3:-1 by blue 359:3:-1 at gen587 Univ0 prob=0.585
AgeVaxH35.js:2221 138I i:ageGp:fam 637:4:-1 by blue 795:5:-1 at gen589 Univ0 prob=0.896
AgeVaxH35.js:2202 139I j:ageGp:fam 705:5:-1 by red 176:2:-1 at gen594 Univ0 prob=0.676
AgeVaxH35.js:2202 139I j:ageGp:fam 891:6:-1 by blue 398:3:-1 at gen594 Univ0 prob=0.402
AgeVaxH35.js:2202 139I j:ageGp:fam 933:7:-1 by red 270:2:-1 at gen595 Univ0 prob=0.302
AgeVaxH35.js:2221 139I i:ageGp:fam 512:3:-1 by blue 767:5:-1 at gen595 Univ0 prob=0.389
AgeVaxH35.js:2221 143I i:ageGp:fam 364:3:-1 by blue 725:5:-1 at gen606 Univ0 prob=0.717
AgeVaxH35.js:2202 144I j:ageGp:fam 738:5:-1 by blue 210:2:-1 at gen608 Univ0 prob=0.975
AgeVaxH35.js:2202 144I j:ageGp:fam 797:5:-1 by red 176:2:-1 at gen609 Univ0 prob=0.318
AgeVaxH35.js:2221 146I i:ageGp:fam 113:1:-1 by red 810:5:-1 at gen614 Univ0 prob=0.072
AgeVaxH35.js:2221 146I i:ageGp:fam 330:2:-1 by blue 993:9:-1 at gen615 Univ0 prob=0.148
AgeVaxH35.js:2221 146I i:ageGp:fam 508:3:-1 by yellow 812:5:-1 at gen615 Univ0 prob=0.558
AgeVaxH35.js:2202 147I j:ageGp:fam 792:5:-1 by red 378:3:-1 at gen616 Univ0 prob=0.471
AgeVaxH35.js:2221 150I i:ageGp:fam 108:1:-1 by red 546:4:-1 at gen618 Univ0 prob=0.360
AgeVaxH35.js:2202 150I j:ageGp:fam 571:4:-1 by blue 501:3:-1 at gen619 Univ0 prob=0.724
AgeVaxH35.js:2202 152I j:ageGp:fam 400:3:-1 by red 327:2:-1 at gen621 Univ0 prob=0.414
AgeVaxH35.js:2221 153I i:ageGp:fam 631:4:-1 by blue 815:5:-1 at gen625 Univ0 prob=0.300
AgeVaxH35.js:2221 154I i:ageGp:fam 148:2:-1 by blue 402:3:-1 at gen628 Univ0 prob=0.045
AgeVaxH35.js:2202 155I j:ageGp:fam 741:5:-1 by blue 224:2:-1 at gen630 Univ0 prob=0.286
AgeVaxH35.js:2202 155I j:ageGp:fam 779:5:-1 by red 398:3:-1 at gen630 Univ0 prob=0.180
AgeVaxH35.js:2221 155I i:ageGp:fam 54:1:-1 by blue 501:3:-1 at gen631 Univ0 prob=0.776
AgeVaxH35.js:2221 158I i:ageGp:fam 204:2:-1 by red 345:2:-1 at gen638 Univ0 prob=0.324
AgeVaxH35.js:2221 159I i:ageGp:fam 354:2:-1 by red 977:8:-1 at gen640 Univ0 prob=0.524
AgeVaxH35.js:2202 159I j:ageGp:fam 268:2:-1 by red 240:2:-1 at gen641 Univ0 prob=0.654
AgeVaxH35.js:2202 160I j:ageGp:fam 366:3:-1 by red 21:0:-1 at gen642 Univ0 prob=0.712
AgeVaxH35.js:2221 162I i:ageGp:fam 12:0:-1 by red 102:1:-1 at gen644 Univ0 prob=0.777
AgeVaxH35.js:2202 162I j:ageGp:fam 483:3:-1 by red 210:2:-1 at gen644 Univ0 prob=0.938
AgeVaxH35.js:2221 162I i:ageGp:fam 642:4:-1 by blue 787:5:-1 at gen644 Univ0 prob=0.138
AgeVaxH35.js:2221 165I i:ageGp:fam 22:0:-1 by red 78:1:-1 at gen650 Univ0 prob=0.350
AgeVaxH35.js:2221 166I i:ageGp:fam 105:1:-1 by blue 357:2:-1 at gen655 Univ0 prob=0.032
AgeVaxH35.js:2202 166I j:ageGp:fam 757:5:-1 by red 239:2:-1 at gen656 Univ0 prob=0.018
AgeVaxH35.js:2221 167I i:ageGp:fam 367:3:-1 by red 402:3:-1 at gen657 Univ0 prob=0.399
AgeVaxH35.js:2202 167I j:ageGp:fam 822:6:-1 by blue 812:5:-1 at gen657 Univ0 prob=0.749
AgeVaxH35.js:2202 170I j:ageGp:fam 578:4:-1 by red 546:4:-1 at gen660 Univ0 prob=0.539
AgeVaxH35.js:2221 170I i:ageGp:fam 765:5:-1 by blue 815:5:-1 at gen660 Univ0 prob=0.370
AgeVaxH35.js:2221 170I i:ageGp:fam 802:5:-1 by blue 815:5:-1 at gen660 Univ0 prob=0.205
AgeVaxH35.js:2202 173I j:ageGp:fam 839:6:-1 by blue 63:1:-1 at gen662 Univ0 prob=0.468
AgeVaxH35.js:2221 173I i:ageGp:fam 488:3:-1 by blue 787:5:-1 at gen662 Univ0 prob=0.357
AgeVaxH35.js:2202 175I j:ageGp:fam 794:5:-1 by red 62:1:-1 at gen664 Univ0 prob=0.272
AgeVaxH35.js:2221 176I i:ageGp:fam 66:1:-1 by yellow 105:1:-1 at gen666 Univ0 prob=0.941
AgeVaxH35.js:2202 176I j:ageGp:fam 766:5:-1 by red 78:1:-1 at gen667 Univ0 prob=0.083
AgeVaxH35.js:2221 176I i:ageGp:fam 539:3:-1 by blue 921:7:-1 at gen667 Univ0 prob=0.242
AgeVaxH35.js:2221 177I i:ageGp:fam 301:2:-1 by blue 637:4:-1 at gen668 Univ0 prob=0.673
AgeVaxH35.js:2202 180I j:ageGp:fam 899:6:-1 by red 587:4:-1 at gen670 Univ0 prob=0.146
AgeVaxH35.js:2221 180I i:ageGp:fam 286:2:-1 by red 587:4:-1 at gen671 Univ0 prob=0.717
AgeVaxH35.js:2221 180I i:ageGp:fam 485:3:-1 by blue 508:3:-1 at gen671 Univ0 prob=0.022
AgeVaxH35.js:2221 183I i:ageGp:fam 168:2:-1 by blue 224:2:-1 at gen673 Univ0 prob=0.449
AgeVaxH35.js:2202 183I j:ageGp:fam 158:2:-1 by blue 63:1:-1 at gen674 Univ0 prob=0.024
AgeVaxH35.js:2202 183I j:ageGp:fam 661:4:-1 by red 359:3:-1 at gen674 Univ0 prob=0.774
AgeVaxH35.js:2202 186I j:ageGp:fam 579:4:-1 by blue 26:0:-1 at gen678 Univ0 prob=0.733
AgeVaxH35.js:2202 186I j:ageGp:fam 857:6:-1 by blue 364:3:-1 at gen679 Univ0 prob=0.290
AgeVaxH35.js:2221 187I i:ageGp:fam 265:2:-1 by blue 631:4:-1 at gen680 Univ0 prob=0.495
AgeVaxH35.js:2221 187I i:ageGp:fam 692:5:-1 by blue 980:8:-1 at gen680 Univ0 prob=0.528
AgeVaxH35.js:2221 190I i:ageGp:fam 107:1:-1 by blue 921:7:-1 at gen682 Univ0 prob=0.473
AgeVaxH35.js:2202 190I j:ageGp:fam 382:3:-1 by red 359:3:-1 at gen682 Univ0 prob=0.760
AgeVaxH35.js:2221 190I i:ageGp:fam 125:1:-1 by blue 797:5:-1 at gen683 Univ0 prob=0.008
AgeVaxH35.js:2221 192I i:ageGp:fam 245:2:-1 by red 262:2:-1 at gen684 Univ0 prob=0.880
AgeVaxH35.js:2202 192I j:ageGp:fam 472:3:-1 by blue 357:2:-1 at gen684 Univ0 prob=0.951
AgeVaxH35.js:2221 193I i:ageGp:fam 253:2:-1 by red 725:5:-1 at gen685 Univ0 prob=0.766
AgeVaxH35.js:2221 196I i:ageGp:fam 778:5:-1 by red 993:9:-1 at gen688 Univ0 prob=0.054
AgeVaxH35.js:2221 197I i:ageGp:fam 561:4:-1 by red 837:6:-1 at gen692 Univ0 prob=0.707
AgeVaxH35.js:2221 197I i:ageGp:fam 44:1:-1 by blue 357:2:-1 at gen693 Univ0 prob=0.470
AgeVaxH35.js:2202 197I j:ageGp:fam 276:2:-1 by red 224:2:-1 at gen693 Univ0 prob=0.532
AgeVaxH35.js:2221 200I i:ageGp:fam 42:1:-1 by red 725:5:-1 at gen695 Univ0 prob=0.568
AgeVaxH35.js:2202 201I j:ageGp:fam 807:5:-1 by blue 26:0:-1 at gen697 Univ0 prob=0.933
AgeVaxH35.js:2202 201I j:ageGp:fam 667:4:-1 by red 224:2:-1 at gen698 Univ0 prob=0.006
AgeVaxH35.js:2202 201I j:ageGp:fam 396:3:-1 by red 237:2:-1 at gen698 Univ0 prob=0.755
AgeVaxH35.js:2221 204I i:ageGp:fam 369:3:-1 by blue 631:4:-1 at gen700 Univ0 prob=0.377
AgeVaxH35.js:2202 204I j:ageGp:fam 950:8:-1 by red 725:5:-1 at gen701 Univ0 prob=0.987
AgeVaxH35.js:2221 206I i:ageGp:fam 521:3:-1 by red 725:5:-1 at gen705 Univ0 prob=0.861
AgeVaxH35.js:2202 207I j:ageGp:fam 931:7:-1 by red 501:3:-1 at gen707 Univ0 prob=0.355
AgeVaxH35.js:2202 207I j:ageGp:fam 592:4:-1 by red 62:1:-1 at gen708 Univ0 prob=0.232
AgeVaxH35.js:2221 207I i:ageGp:fam 189:2:-1 by red 725:5:-1 at gen708 Univ0 prob=0.155
AgeVaxH35.js:2202 208I j:ageGp:fam 714:5:-1 by red 62:1:-1 at gen709 Univ0 prob=0.712
AgeVaxH35.js:2202 208I j:ageGp:fam 586:4:-1 by red 352:2:-1 at gen709 Univ0 prob=0.138
AgeVaxH35.js:2221 212I i:ageGp:fam 27:0:-1 by blue 204:2:-1 at gen711 Univ0 prob=0.981
AgeVaxH35.js:2221 212I i:ageGp:fam 251:2:-1 by red 787:5:-1 at gen711 Univ0 prob=0.383
AgeVaxH35.js:2202 212I j:ageGp:fam 842:6:-1 by red 718:5:-1 at gen711 Univ0 prob=0.060
AgeVaxH35.js:2221 215I i:ageGp:fam 576:4:-1 by red 796:5:-1 at gen713 Univ0 prob=0.837
AgeVaxH35.js:2202 216I j:ageGp:fam 690:5:-1 by blue 204:2:-1 at gen715 Univ0 prob=0.437
AgeVaxH35.js:2202 216I j:ageGp:fam 489:3:-1 by red 26:0:-1 at gen716 Univ0 prob=0.879
AgeVaxH35.js:2202 216I j:ageGp:fam 563:4:-1 by yellow 245:2:-1 at gen716 Univ0 prob=0.891
AgeVaxH35.js:2202 216I j:ageGp:fam 608:4:-1 by red 352:2:-1 at gen716 Univ0 prob=0.361
AgeVaxH35.js:2202 217I j:ageGp:fam 990:9:-1 by red 26:0:-1 at gen717 Univ0 prob=0.638
AgeVaxH35.js:2202 217I j:ageGp:fam 975:8:-1 by yellow 245:2:-1 at gen717 Univ0 prob=0.491
AgeVaxH35.js:2202 217I j:ageGp:fam 975:8:-1 by red 262:2:-1 at gen717 Univ0 prob=0.837
AgeVaxH35.js:2221 222I i:ageGp:fam 97:1:-1 by red 760:5:-1 at gen719 Univ0 prob=0.920
AgeVaxH35.js:2221 222I i:ageGp:fam 165:2:-1 by red 725:5:-1 at gen720 Univ0 prob=0.786
AgeVaxH35.js:2221 223I i:ageGp:fam 163:2:-1 by red 551:4:-1 at gen721 Univ0 prob=0.774
AgeVaxH35.js:2221 224I i:ageGp:fam 15:0:-1 by yellow 245:2:-1 at gen722 Univ0 prob=0.906
AgeVaxH35.js:2221 225I i:ageGp:fam 160:2:-1 by red 352:2:-1 at gen723 Univ0 prob=0.828
AgeVaxH35.js:2202 226I j:ageGp:fam 433:3:-1 by red 359:3:-1 at gen724 Univ0 prob=0.436
AgeVaxH35.js:2202 228I j:ageGp:fam 729:5:-1 by red 26:0:-1 at gen726 Univ0 prob=0.571
AgeVaxH35.js:2202 228I j:ageGp:fam 329:2:-1 by red 92:1:-1 at gen726 Univ0 prob=0.840
AgeVaxH35.js:2221 228I i:ageGp:fam 412:3:-1 by blue 738:5:-1 at gen727 Univ0 prob=0.601
AgeVaxH35.js:2221 231I i:ageGp:fam 607:4:-1 by red 815:5:-1 at gen729 Univ0 prob=0.476
AgeVaxH35.js:2202 231I j:ageGp:fam 507:3:-1 by blue 108:1:-1 at gen730 Univ0 prob=0.163
AgeVaxH35.js:2221 232I i:ageGp:fam 41:1:-1 by blue 483:3:-1 at gen731 Univ0 prob=0.686
AgeVaxH35.js:2202 233I j:ageGp:fam 906:7:-1 by blue 765:5:-1 at gen732 Univ0 prob=0.858
AgeVaxH35.js:2221 234I i:ageGp:fam 285:2:-1 by red 426:3:-1 at gen733 Univ0 prob=0.650
AgeVaxH35.js:2221 234I i:ageGp:fam 509:3:-1 by red 551:4:-1 at gen733 Univ0 prob=0.443
AgeVaxH35.js:2202 235I j:ageGp:fam 46:1:-1 by red 26:0:-1 at gen734 Univ0 prob=0.628
AgeVaxH35.js:2202 238I j:ageGp:fam 901:6:-1 by red 446:3:-1 at gen736 Univ0 prob=0.215
AgeVaxH35.js:2221 239I i:ageGp:fam 665:4:-1 by red 829:6:-1 at gen738 Univ0 prob=0.101
AgeVaxH35.js:2202 239I j:ageGp:fam 575:4:-1 by red 233:2:-1 at gen739 Univ0 prob=0.076
AgeVaxH35.js:2202 241I j:ageGp:fam 470:3:-1 by blue 22:0:-1 at gen742 Univ0 prob=0.583
AgeVaxH35.js:2221 241I i:ageGp:fam 25:0:-1 by yellow 561:4:-1 at gen742 Univ0 prob=0.343
AgeVaxH35.js:2202 241I j:ageGp:fam 493:3:-1 by red 113:1:-1 at gen742 Univ0 prob=0.197
AgeVaxH35.js:2202 241I j:ageGp:fam 338:2:-1 by red 233:2:-1 at gen743 Univ0 prob=0.964
AgeVaxH35.js:2202 244I j:ageGp:fam 181:2:-1 by red 92:1:-1 at gen744 Univ0 prob=0.303
AgeVaxH35.js:2221 244I i:ageGp:fam 444:3:-1 by blue 802:5:-1 at gen744 Univ0 prob=0.470
AgeVaxH35.js:2202 245I j:ageGp:fam 872:6:-1 by red 274:2:-1 at gen745 Univ0 prob=0.116
AgeVaxH35.js:2202 247I j:ageGp:fam 955:8:-1 by yellow 667:4:-1 at gen746 Univ0 prob=0.397
AgeVaxH35.js:2202 249I j:ageGp:fam 300:2:-1 by blue 12:0:-1 at gen748 Univ0 prob=0.062
AgeVaxH35.js:2221 249I i:ageGp:fam 133:2:-1 by red 239:2:-1 at gen748 Univ0 prob=0.007
AgeVaxH35.js:2202 249I j:ageGp:fam 452:3:-1 by red 225:2:-1 at gen748 Univ0 prob=0.288
AgeVaxH35.js:2202 252I j:ageGp:fam 500:3:-1 by red 26:0:-1 at gen752 Univ0 prob=0.617
AgeVaxH35.js:2221 252I i:ageGp:fam 99:1:-1 by blue 661:4:-1 at gen753 Univ0 prob=0.359
AgeVaxH35.js:2202 254I j:ageGp:fam 774:5:-1 by red 274:2:-1 at gen756 Univ0 prob=0.144
AgeVaxH35.js:2202 254I j:ageGp:fam 456:3:-1 by blue 301:2:-1 at gen756 Univ0 prob=0.513
AgeVaxH35.js:2202 254I j:ageGp:fam 859:6:-1 by red 274:2:-1 at gen757 Univ0 prob=0.640
AgeVaxH35.js:2202 256I j:ageGp:fam 723:5:-1 by red 398:3:-1 at gen758 Univ0 prob=0.574
AgeVaxH35.js:2221 258I i:ageGp:fam 47:1:-1 by red 725:5:-1 at gen761 Univ0 prob=0.267
AgeVaxH35.js:2202 258I j:ageGp:fam 659:4:-1 by red 54:1:-1 at gen761 Univ0 prob=0.985
AgeVaxH35.js:2202 258I j:ageGp:fam 824:6:-1 by red 54:1:-1 at gen761 Univ0 prob=0.152
AgeVaxH35.js:2221 258I i:ageGp:fam 496:3:-1 by blue 661:4:-1 at gen761 Univ0 prob=0.082
AgeVaxH35.js:2202 258I j:ageGp:fam 332:2:-1 by red 233:2:-1 at gen762 Univ0 prob=0.934
AgeVaxH35.js:2221 263I i:ageGp:fam 249:2:-1 by blue 661:4:-1 at gen764 Univ0 prob=0.036
AgeVaxH35.js:2202 263I j:ageGp:fam 323:2:-1 by blue 27:0:-1 at gen765 Univ0 prob=0.690
AgeVaxH35.js:2202 265I j:ageGp:fam 322:2:-1 by blue 253:2:-1 at gen771 Univ0 prob=0.208
AgeVaxH35.js:2202 265I j:ageGp:fam 910:7:-1 by red 352:2:-1 at gen771 Univ0 prob=0.471
AgeVaxH35.js:2202 265I j:ageGp:fam 783:5:-1 by blue 667:4:-1 at gen771 Univ0 prob=0.475
AgeVaxH35.js:2221 265I i:ageGp:fam 121:1:-1 by red 501:3:-1 at gen772 Univ0 prob=0.030
AgeVaxH35.js:2202 268I j:ageGp:fam 174:2:-1 by blue 105:1:-1 at gen773 Univ0 prob=0.935
AgeVaxH35.js:2221 268I i:ageGp:fam 119:1:-1 by red 402:3:-1 at gen773 Univ0 prob=0.042
AgeVaxH35.js:2221 268I i:ageGp:fam 844:6:-1 by red 980:8:-1 at gen773 Univ0 prob=0.121
AgeVaxH35.js:2221 272I i:ageGp:fam 24:0:-1 by blue 433:3:-1 at gen777 Univ0 prob=0.307
AgeVaxH35.js:2221 272I i:ageGp:fam 191:2:-1 by red 359:3:-1 at gen778 Univ0 prob=0.271
AgeVaxH35.js:2202 273I j:ageGp:fam 560:4:-1 by red 12:0:-1 at gen779 Univ0 prob=0.175
AgeVaxH35.js:2202 273I j:ageGp:fam 172:2:-1 by red 54:1:-1 at gen779 Univ0 prob=0.836
AgeVaxH35.js:2202 274I j:ageGp:fam 742:5:-1 by blue 189:2:-1 at gen780 Univ0 prob=0.511
AgeVaxH35.js:2202 276I j:ageGp:fam 900:6:-1 by red 345:2:-1 at gen781 Univ0 prob=0.461
AgeVaxH35.js:2202 276I j:ageGp:fam 544:4:-1 by red 429:3:-1 at gen781 Univ0 prob=0.830
AgeVaxH35.js:2221 277I i:ageGp:fam 110:1:-1 by red 352:2:-1 at gen782 Univ0 prob=0.869
AgeVaxH35.js:2202 280I j:ageGp:fam 717:5:-1 by blue 251:2:-1 at gen787 Univ0 prob=0.858
AgeVaxH35.js:2202 280I j:ageGp:fam 532:3:-1 by blue 396:3:-1 at gen787 Univ0 prob=0.161
AgeVaxH35.js:2202 280I j:ageGp:fam 279:2:-1 by blue 66:1:-1 at gen788 Univ0 prob=0.760
AgeVaxH35.js:2221 283I i:ageGp:fam 147:2:-1 by blue 253:2:-1 at gen791 Univ0 prob=0.067
AgeVaxH35.js:2221 283I i:ageGp:fam 164:2:-1 by red 233:2:-1 at gen791 Univ0 prob=0.572
AgeVaxH35.js:2221 285I i:ageGp:fam 351:2:-1 by red 501:3:-1 at gen795 Univ0 prob=0.304
AgeVaxH35.js:2221 286I i:ageGp:fam 304:2:-1 by red 637:4:-1 at gen798 Univ0 prob=0.506
AgeVaxH35.js:2221 286I i:ageGp:fam 733:5:-1 by red 779:5:-1 at gen798 Univ0 prob=0.584
AgeVaxH35.js:2221 286I i:ageGp:fam 469:3:-1 by red 738:5:-1 at gen799 Univ0 prob=0.859
AgeVaxH35.js:2202 288I j:ageGp:fam 567:4:-1 by blue 489:3:-1 at gen800 Univ0 prob=0.738
AgeVaxH35.js:2202 289I j:ageGp:fam 722:5:-1 by blue 607:4:-1 at gen801 Univ0 prob=0.581
AgeVaxH35.js:2202 290I j:ageGp:fam 791:5:-1 by blue 586:4:-1 at gen802 Univ0 prob=0.071
AgeVaxH35.js:2221 290I i:ageGp:fam 651:4:-1 by red 779:5:-1 at gen802 Univ0 prob=0.858
AgeVaxH35.js:2202 291I j:ageGp:fam 349:2:-1 by red 301:2:-1 at gen803 Univ0 prob=0.089
AgeVaxH35.js:2202 293I j:ageGp:fam 439:3:-1 by red 352:2:-1 at gen804 Univ0 prob=0.496
AgeVaxH35.js:2221 294I i:ageGp:fam 585:4:-1 by red 738:5:-1 at gen805 Univ0 prob=0.210
AgeVaxH35.js:2202 295I j:ageGp:fam 319:2:-1 by red 233:2:-1 at gen806 Univ0 prob=0.708
AgeVaxH35.js:2202 296I j:ageGp:fam 917:7:-1 by blue 329:2:-1 at gen807 Univ0 prob=0.998
AgeVaxH35.js:2202 297I j:ageGp:fam 885:6:-1 by blue 15:0:-1 at gen808 Univ0 prob=0.757
AgeVaxH35.js:2202 297I j:ageGp:fam 640:4:-1 by blue 433:3:-1 at gen808 Univ0 prob=0.735
AgeVaxH35.js:2221 300I i:ageGp:fam 629:4:-1 by blue 950:8:-1 at gen810 Univ0 prob=0.161
AgeVaxH35.js:2221 300I i:ageGp:fam 220:2:-1 by blue 563:4:-1 at gen811 Univ0 prob=0.242
AgeVaxH35.js:2202 300I j:ageGp:fam 890:6:-1 by red 501:3:-1 at gen811 Univ0 prob=0.254
AgeVaxH35.js:2202 303I j:ageGp:fam 938:7:-1 by red 551:4:-1 at gen813 Univ0 prob=0.906
AgeVaxH35.js:2221 304I i:ageGp:fam 13:0:-1 by red 233:2:-1 at gen817 Univ0 prob=0.141
AgeVaxH35.js:2221 304I i:ageGp:fam 123:1:-1 by blue 181:2:-1 at gen817 Univ0 prob=0.734
AgeVaxH35.js:2202 304I j:ageGp:fam 672:4:-1 by red 233:2:-1 at gen817 Univ0 prob=0.006
AgeVaxH35.js:2221 304I i:ageGp:fam 590:4:-1 by blue 665:4:-1 at gen817 Univ0 prob=0.962
AgeVaxH35.js:2221 308I i:ageGp:fam 14:0:-1 by blue 249:2:-1 at gen819 Univ0 prob=0.273
AgeVaxH35.js:2202 308I j:ageGp:fam 502:3:-1 by yellow 351:2:-1 at gen819 Univ0 prob=0.369
AgeVaxH35.js:2221 308I i:ageGp:fam 10:0:-1 by yellow 191:2:-1 at gen820 Univ0 prob=0.871
AgeVaxH35.js:2202 308I j:ageGp:fam 490:3:-1 by red 253:2:-1 at gen820 Univ0 prob=0.391
AgeVaxH35.js:2221 310I i:ageGp:fam 162:2:-1 by blue 500:3:-1 at gen821 Univ0 prob=0.244
AgeVaxH35.js:2221 313I i:ageGp:fam 334:2:-1 by red 667:4:-1 at gen824 Univ0 prob=0.007
AgeVaxH35.js:2202 313I j:ageGp:fam 695:5:-1 by blue 249:2:-1 at gen825 Univ0 prob=0.661
AgeVaxH35.js:2221 313I i:ageGp:fam 257:2:-1 by blue 975:8:-1 at gen825 Univ0 prob=0.166
AgeVaxH35.js:2221 313I i:ageGp:fam 620:4:-1 by blue 665:4:-1 at gen825 Univ0 prob=0.373
AgeVaxH35.js:2221 314I i:ageGp:fam 451:3:-1 by blue 608:4:-1 at gen826 Univ0 prob=0.169
AgeVaxH35.js:2221 318I i:ageGp:fam 98:1:-1 by blue 160:2:-1 at gen828 Univ0 prob=0.265
AgeVaxH35.js:2221 319I i:ageGp:fam 744:5:-1 by red 921:7:-1 at gen831 Univ0 prob=0.379
AgeVaxH35.js:2202 319I j:ageGp:fam 288:2:-1 by blue 99:1:-1 at gen832 Univ0 prob=0.577
AgeVaxH35.js:2202 320I j:ageGp:fam 673:4:-1 by blue 249:2:-1 at gen833 Univ0 prob=0.898
AgeVaxH35.js:2202 322I j:ageGp:fam 999:9:-1 by red 108:1:-1 at gen835 Univ0 prob=0.458
AgeVaxH35.js:2202 322I j:ageGp:fam 415:3:-1 by blue 332:2:-1 at gen836 Univ0 prob=0.177
AgeVaxH35.js:2221 322I i:ageGp:fam 849:6:-1 by red 931:7:-1 at gen836 Univ0 prob=0.521
AgeVaxH35.js:2221 323I i:ageGp:fam 11:0:-1 by blue 872:6:-1 at gen837 Univ0 prob=0.785
AgeVaxH35.js:2221 326I i:ageGp:fam 416:3:-1 by red 631:4:-1 at gen842 Univ0 prob=0.720
AgeVaxH35.js:2202 326I j:ageGp:fam 959:8:-1 by blue 824:6:-1 at gen843 Univ0 prob=0.131
AgeVaxH35.js:2221 328I i:ageGp:fam 3:0:-1 by blue 783:5:-1 at gen845 Univ0 prob=0.219
AgeVaxH35.js:2221 328I i:ageGp:fam 16:0:-1 by blue 723:5:-1 at gen845 Univ0 prob=0.249
AgeVaxH35.js:2221 328I i:ageGp:fam 776:5:-1 by red 839:6:-1 at gen845 Univ0 prob=0.184
AgeVaxH35.js:2202 331I j:ageGp:fam 462:3:-1 by blue 181:2:-1 at gen849 Univ0 prob=0.988
AgeVaxH35.js:2221 331I i:ageGp:fam 763:5:-1 by blue 910:7:-1 at gen849 Univ0 prob=0.777
AgeVaxH35.js:2202 333I j:ageGp:fam 670:4:-1 by blue 659:4:-1 at gen852 Univ0 prob=0.472
AgeVaxH35.js:2202 333I j:ageGp:fam 325:2:-1 by blue 121:1:-1 at gen853 Univ0 prob=0.780
AgeVaxH35.js:2221 335I i:ageGp:fam 408:3:-1 by blue 500:3:-1 at gen857 Univ0 prob=0.918
AgeVaxH35.js:2202 335I j:ageGp:fam 952:8:-1 by red 396:3:-1 at gen858 Univ0 prob=0.042
AgeVaxH35.js:2202 337I j:ageGp:fam 687:4:-1 by blue 456:3:-1 at gen861 Univ0 prob=0.566
AgeVaxH35.js:2202 338I j:ageGp:fam 727:5:-1 by blue 172:2:-1 at gen864 Univ0 prob=0.870
AgeVaxH35.js:2202 338I j:ageGp:fam 698:5:-1 by red 46:1:-1 at gen865 Univ0 prob=0.219
AgeVaxH35.js:2202 339I j:ageGp:fam 153:2:-1 by red 54:1:-1 at gen866 Univ0 prob=0.042
AgeVaxH35.js:2221 339I i:ageGp:fam 460:3:-1 by blue 544:4:-1 at gen866 Univ0 prob=0.205
AgeVaxH35.js:2221 340I i:ageGp:fam 409:3:-1 by blue 955:8:-1 at gen867 Univ0 prob=0.704
AgeVaxH35.js:2221 343I i:ageGp:fam 40:1:-1 by blue 723:5:-1 at gen870 Univ0 prob=0.257
AgeVaxH35.js:2221 343I i:ageGp:fam 484:3:-1 by red 792:5:-1 at gen870 Univ0 prob=0.539
AgeVaxH35.js:2202 345I j:ageGp:fam 726:5:-1 by red 507:3:-1 at gen873 Univ0 prob=0.835
AgeVaxH35.js:2221 345I i:ageGp:fam 100:1:-1 by blue 791:5:-1 at gen874 Univ0 prob=0.249
AgeVaxH35.js:2221 345I i:ageGp:fam 686:4:-1 by red 779:5:-1 at gen874 Univ0 prob=0.425
AgeVaxH35.js:2202 348I j:ageGp:fam 569:4:-1 by blue 14:0:-1 at gen876 Univ0 prob=0.791
AgeVaxH35.js:2221 348I i:ageGp:fam 155:2:-1 by blue 172:2:-1 at gen876 Univ0 prob=0.416
AgeVaxH35.js:2202 348I j:ageGp:fam 940:7:-1 by red 412:3:-1 at gen877 Univ0 prob=0.815
AgeVaxH35.js:2202 351I j:ageGp:fam 600:4:-1 by red 54:1:-1 at gen880 Univ0 prob=0.470
AgeVaxH35.js:2202 352I j:ageGp:fam 979:8:-1 by blue 332:2:-1 at gen885 Univ0 prob=0.034
AgeVaxH35.js:2221 353I i:ageGp:fam 691:5:-1 by blue 791:5:-1 at gen887 Univ0 prob=0.784
AgeVaxH35.js:2202 354I j:ageGp:fam 689:4:-1 by blue 672:4:-1 at gen894 Univ0 prob=0.427
AgeVaxH35.js:2221 355I i:ageGp:fam 383:3:-1 by red 692:5:-1 at gen896 Univ0 prob=0.283
AgeVaxH35.js:2202 355I j:ageGp:fam 968:8:-1 by red 433:3:-1 at gen897 Univ0 prob=0.036
AgeVaxH35.js:2221 356I i:ageGp:fam 662:4:-1 by red 723:5:-1 at gen898 Univ0 prob=0.160
AgeVaxH35.js:2202 357I j:ageGp:fam 918:7:-1 by red 910:7:-1 at gen899 Univ0 prob=0.752
AgeVaxH35.js:2202 358I j:ageGp:fam 602:4:-1 by blue 334:2:-1 at gen900 Univ0 prob=0.742
AgeVaxH35.js:2202 359I j:ageGp:fam 350:2:-1 by blue 257:2:-1 at gen901 Univ0 prob=0.901
AgeVaxH35.js:2202 361I j:ageGp:fam 236:2:-1 by blue 13:0:-1 at gen904 Univ0 prob=0.103
AgeVaxH35.js:2221 362I i:ageGp:fam 564:4:-1 by red 859:6:-1 at gen906 Univ0 prob=0.036
AgeVaxH35.js:2221 362I i:ageGp:fam 314:2:-1 by blue 502:3:-1 at gen907 Univ0 prob=0.908
AgeVaxH35.js:2202 362I j:ageGp:fam 581:4:-1 by blue 325:2:-1 at gen907 Univ0 prob=0.430
AgeVaxH35.js:2202 363I j:ageGp:fam 126:1:-1 by blue 11:0:-1 at gen908 Univ0 prob=0.290
AgeVaxH35.js:2202 366I j:ageGp:fam 427:3:-1 by blue 162:2:-1 at gen912 Univ0 prob=0.402
AgeVaxH35.js:2221 366I i:ageGp:fam 296:2:-1 by blue 722:5:-1 at gen912 Univ0 prob=0.780
AgeVaxH35.js:2221 366I i:ageGp:fam 365:3:-1 by red 901:6:-1 at gen912 Univ0 prob=0.892
AgeVaxH35.js:2221 369I i:ageGp:fam 825:6:-1 by red 859:6:-1 at gen914 Univ0 prob=0.596
AgeVaxH35.js:2202 370I j:ageGp:fam 969:8:-1 by red 160:2:-1 at gen916 Univ0 prob=0.797
AgeVaxH35.js:2202 370I j:ageGp:fam 516:3:-1 by blue 11:0:-1 at gen917 Univ0 prob=0.218
AgeVaxH35.js:2202 372I j:ageGp:fam 755:5:-1 by blue 257:2:-1 at gen920 Univ0 prob=0.912
AgeVaxH35.js:2202 373I j:ageGp:fam 481:3:-1 by blue 325:2:-1 at gen925 Univ0 prob=0.030
AgeVaxH35.js:2202 373I j:ageGp:fam 393:3:-1 by blue 257:2:-1 at gen926 Univ0 prob=0.712
AgeVaxH35.js:2202 373I j:ageGp:fam 855:6:-1 by blue 695:5:-1 at gen926 Univ0 prob=0.210
AgeVaxH35.js:2202 376I j:ageGp:fam 838:6:-1 by red 791:5:-1 at gen929 Univ0 prob=0.374
AgeVaxH35.js:2202 377I j:ageGp:fam 272:2:-1 by red 13:0:-1 at gen932 Univ0 prob=0.898
AgeVaxH35.js:2202 377I j:ageGp:fam 828:6:-1 by blue 408:3:-1 at gen932 Univ0 prob=0.506
AgeVaxH35.js:2202 379I j:ageGp:fam 735:5:-1 by red 563:4:-1 at gen934 Univ0 prob=0.985
AgeVaxH35.js:2221 379I i:ageGp:fam 680:4:-1 by red 901:6:-1 at gen935 Univ0 prob=0.296
AgeVaxH35.js:2221 381I i:ageGp:fam 112:1:-1 by blue 325:2:-1 at gen937 Univ0 prob=0.317
AgeVaxH35.js:2221 381I i:ageGp:fam 35:0:-1 by yellow 112:1:-1 at gen938 Univ0 prob=0.950
AgeVaxH35.js:2202 381I j:ageGp:fam 936:7:-1 by red 332:2:-1 at gen938 Univ0 prob=0.917
AgeVaxH35.js:2202 381I j:ageGp:fam 936:7:-1 by red 722:5:-1 at gen938 Univ0 prob=0.296
AgeVaxH35.js:2202 382I j:ageGp:fam 804:5:-1 by blue 687:4:-1 at gen939 Univ0 prob=0.005
AgeVaxH35.js:2221 384I i:ageGp:fam 817:5:-1 by red 917:7:-1 at gen940 Univ0 prob=0.053
AgeVaxH35.js:2221 385I i:ageGp:fam 182:2:-1 by red 975:8:-1 at gen941 Univ0 prob=0.135
AgeVaxH35.js:2202 385I j:ageGp:fam 768:5:-1 by red 245:2:-1 at gen941 Univ0 prob=0.615
AgeVaxH35.js:2221 385I i:ageGp:fam 525:3:-1 by red 910:7:-1 at gen941 Univ0 prob=0.727
AgeVaxH35.js:2202 389I j:ageGp:fam 664:4:-1 by blue 325:2:-1 at gen944 Univ0 prob=0.962
AgeVaxH35.js:2221 390I i:ageGp:fam 211:2:-1 by red 351:2:-1 at gen949 Univ0 prob=0.952
AgeVaxH35.js:2202 390I j:ageGp:fam 939:7:-1 by red 456:3:-1 at gen950 Univ0 prob=0.827
AgeVaxH35.js:2202 392I j:ageGp:fam 820:5:-1 by yellow 350:2:-1 at gen952 Univ0 prob=0.230
AgeVaxH35.js:2221 392I i:ageGp:fam 865:6:-1 by red 950:8:-1 at gen953 Univ0 prob=0.095
AgeVaxH35.js:2221 393I i:ageGp:fam 95:1:-1 by red 667:4:-1 at gen954 Univ0 prob=0.721
AgeVaxH35.js:2221 395I i:ageGp:fam 458:3:-1 by red 651:4:-1 at gen957 Univ0 prob=0.454
AgeVaxH35.js:2202 395I j:ageGp:fam 431:3:-1 by red 13:0:-1 at gen958 Univ0 prob=0.024
AgeVaxH35.js:2221 395I i:ageGp:fam 264:2:-1 by red 319:2:-1 at gen958 Univ0 prob=0.780
AgeVaxH35.js:2221 398I i:ageGp:fam 229:2:-1 by red 791:5:-1 at gen960 Univ0 prob=0.488
AgeVaxH35.js:2202 398I j:ageGp:fam 914:7:-1 by blue 698:5:-1 at gen960 Univ0 prob=0.478
AgeVaxH35.js:2202 400I j:ageGp:fam 712:5:-1 by red 319:2:-1 at gen967 Univ0 prob=0.874
AgeVaxH35.js:2202 401I j:ageGp:fam 50:1:-1 by red 16:0:-1 at gen971 Univ0 prob=0.839
AgeVaxH35.js:2221 402I i:ageGp:fam 307:2:-1 by blue 686:4:-1 at gen976 Univ0 prob=0.847
AgeVaxH35.js:2202 402I j:ageGp:fam 371:3:-1 by blue 350:2:-1 at gen976 Univ0 prob=0.930
AgeVaxH35.js:2202 402I j:ageGp:fam 991:9:-1 by red 121:1:-1 at gen977 Univ0 prob=0.831
AgeVaxH35.js:2202 404I j:ageGp:fam 835:6:-1 by red 396:3:-1 at gen978 Univ0 prob=0.518
AgeVaxH35.js:2221 405I i:ageGp:fam 169:2:-1 by blue 350:2:-1 at gen979 Univ0 prob=0.911
AgeVaxH35.js:2221 406I i:ageGp:fam 292:2:-1 by red 673:4:-1 at gen980 Univ0 prob=0.931
AgeVaxH35.js:2202 406I j:ageGp:fam 758:5:-1 by blue 314:2:-1 at gen980 Univ0 prob=0.737
AgeVaxH35.js:2221 409I i:ageGp:fam 944:7:-1 by red 950:8:-1 at gen984 Univ0 prob=0.733
AgeVaxH35.js:2202 410I j:ageGp:fam 619:4:-1 by red 15:0:-1 at gen986 Univ0 prob=0.270
AgeVaxH35.js:2202 410I j:ageGp:fam 927:7:-1 by blue 393:3:-1 at gen987 Univ0 prob=0.398
AgeVaxH35.js:2202 412I j:ageGp:fam 198:2:-1 by blue 112:1:-1 at gen992 Univ0 prob=0.529
AgeVaxH35.js:2221 412I i:ageGp:fam 487:3:-1 by blue 755:5:-1 at gen992 Univ0 prob=0.919
AgeVaxH35.js:2202 412I j:ageGp:fam 907:7:-1 by red 3:0:-1 at gen993 Univ0 prob=0.581
AgeVaxH35.js:2221 415I i:ageGp:fam 65:1:-1 by red 791:5:-1 at gen997 Univ0 prob=0.958
AgeVaxH35.js:2221 415I i:ageGp:fam 65:1:-1 by blue 838:6:-1 at gen997 Univ0 prob=0.318
AgeVaxH35.js:2202 416I j:ageGp:fam 864:6:-1 by red 121:1:-1 at gen1002 Univ0 prob=0.038
AgeVaxH35.js:2221 416I i:ageGp:fam 209:2:-1 by blue 481:3:-1 at gen1003 Univ0 prob=0.644
AgeVaxH35.js:2202 418I j:ageGp:fam 394:3:-1 by blue 365:3:-1 at gen1005 Univ0 prob=0.212
AgeVaxH35.js:2221 418I i:ageGp:fam 535:3:-1 by blue 602:4:-1 at gen1006 Univ0 prob=0.494
AgeVaxH35.js:2221 420I i:ageGp:fam 764:5:-1 by blue 820:5:-1 at gen1008 Univ0 prob=0.340
AgeVaxH35.js:2202 421I j:ageGp:fam 589:4:-1 by blue 35:0:-1 at gen1010 Univ0 prob=0.189
AgeVaxH35.js:2202 421I j:ageGp:fam 523:3:-1 by red 257:2:-1 at gen1010 Univ0 prob=0.649
AgeVaxH35.js:2221 421I i:ageGp:fam 93:1:-1 by red 121:1:-1 at gen1011 Univ0 prob=0.897
AgeVaxH35.js:2221 424I i:ageGp:fam 540:3:-1 by blue 664:4:-1 at gen1019 Univ0 prob=0.203
AgeVaxH35.js:2202 425I j:ageGp:fam 770:5:-1 by blue 393:3:-1 at gen1025 Univ0 prob=0.235
AgeVaxH35.js:2221 425I i:ageGp:fam 709:5:-1 by red 872:6:-1 at gen1026 Univ0 prob=0.361
AgeVaxH35.js:2202 427I j:ageGp:fam 803:5:-1 by red 319:2:-1 at gen1028 Univ0 prob=0.238
AgeVaxH35.js:2202 427I j:ageGp:fam 811:5:-1 by red 365:3:-1 at gen1028 Univ0 prob=0.752
AgeVaxH35.js:2202 427I j:ageGp:fam 746:5:-1 by yellow 198:2:-1 at gen1029 Univ0 prob=0.814
AgeVaxH35.js:2202 427I j:ageGp:fam 246:2:-1 by blue 211:2:-1 at gen1029 Univ0 prob=0.721
AgeVaxH35.js:2202 431I j:ageGp:fam 557:4:-1 by red 47:1:-1 at gen1034 Univ0 prob=0.068
AgeVaxH35.js:2221 431I i:ageGp:fam 37:0:-1 by blue 664:4:-1 at gen1035 Univ0 prob=0.212
AgeVaxH35.js:2221 431I i:ageGp:fam 519:3:-1 by blue 944:7:-1 at gen1035 Univ0 prob=0.331
AgeVaxH35.js:2202 432I j:ageGp:fam 668:4:-1 by red 257:2:-1 at gen1036 Univ0 prob=0.191
AgeVaxH35.js:2202 434I j:ageGp:fam 874:6:-1 by blue 664:4:-1 at gen1037 Univ0 prob=0.334
AgeVaxH35.js:2221 435I i:ageGp:fam 965:8:-1 by blue 991:9:-1 at gen1038 Univ0 prob=0.627
AgeVaxH35.js:2221 436I i:ageGp:fam 186:2:-1 by red 910:7:-1 at gen1039 Univ0 prob=0.202
AgeVaxH35.js:2221 437I i:ageGp:fam 697:5:-1 by red 791:5:-1 at gen1040 Univ0 prob=0.786
AgeVaxH35.js:2202 438I j:ageGp:fam 524:3:-1 by blue 211:2:-1 at gen1041 Univ0 prob=0.822
AgeVaxH35.js:2202 440I j:ageGp:fam 862:6:-1 by red 257:2:-1 at gen1043 Univ0 prob=0.556
AgeVaxH35.js:2202 441I j:ageGp:fam 703:5:-1 by red 319:2:-1 at gen1045 Univ0 prob=0.471
AgeVaxH35.js:2221 442I i:ageGp:fam 57:1:-1 by red 236:2:-1 at gen1049 Univ0 prob=0.554
AgeVaxH35.js:2221 443I i:ageGp:fam 30:0:-1 by red 838:6:-1 at gen1051 Univ0 prob=0.772
AgeVaxH35.js:2202 444I j:ageGp:fam 852:6:-1 by red 236:2:-1 at gen1055 Univ0 prob=0.411
AgeVaxH35.js:2202 444I j:ageGp:fam 941:7:-1 by red 481:3:-1 at gen1055 Univ0 prob=0.748
AgeVaxH35.js:2202 444I j:ageGp:fam 987:9:-1 by red 481:3:-1 at gen1055 Univ0 prob=0.715
AgeVaxH35.js:2221 447I i:ageGp:fam 188:2:-1 by blue 680:4:-1 at gen1059 Univ0 prob=0.119
AgeVaxH35.js:2221 447I i:ageGp:fam 310:2:-1 by blue 487:3:-1 at gen1059 Univ0 prob=0.263
AgeVaxH35.js:2221 447I i:ageGp:fam 60:1:-1 by blue 307:2:-1 at gen1060 Univ0 prob=0.118
AgeVaxH35.js:2221 450I i:ageGp:fam 120:1:-1 by blue 535:3:-1 at gen1062 Univ0 prob=0.648
AgeVaxH35.js:2202 450I j:ageGp:fam 786:5:-1 by red 236:2:-1 at gen1063 Univ0 prob=0.559
AgeVaxH35.js:2202 450I j:ageGp:fam 468:3:-1 by red 319:2:-1 at gen1063 Univ0 prob=0.711
AgeVaxH35.js:2221 451I i:ageGp:fam 178:2:-1 by blue 487:3:-1 at gen1064 Univ0 prob=0.450
AgeVaxH35.js:2221 451I i:ageGp:fam 730:5:-1 by blue 991:9:-1 at gen1064 Univ0 prob=0.363
AgeVaxH35.js:2221 455I i:ageGp:fam 298:2:-1 by blue 307:2:-1 at gen1076 Univ0 prob=0.875
AgeVaxH35.js:2202 456I j:ageGp:fam 934:7:-1 by red 319:2:-1 at gen1080 Univ0 prob=0.869
AgeVaxH35.js:2202 457I j:ageGp:fam 574:4:-1 by red 11:0:-1 at gen1083 Univ0 prob=0.716
AgeVaxH35.js:2202 457I j:ageGp:fam 363:3:-1 by red 236:2:-1 at gen1083 Univ0 prob=0.695
AgeVaxH35.js:2221 457I i:ageGp:fam 19:0:-1 by blue 619:4:-1 at gen1084 Univ0 prob=0.527
AgeVaxH35.js:2202 459I j:ageGp:fam 597:4:-1 by blue 209:2:-1 at gen1085 Univ0 prob=0.373
AgeVaxH35.js:2202 461I j:ageGp:fam 780:5:-1 by blue 487:3:-1 at gen1089 Univ0 prob=0.029
AgeVaxH35.js:2202 461I j:ageGp:fam 418:3:-1 by red 100:1:-1 at gen1090 Univ0 prob=0.800
AgeVaxH35.js:2221 463I i:ageGp:fam 4:0:-1 by blue 198:2:-1 at gen1092 Univ0 prob=0.689
AgeVaxH35.js:2202 464I j:ageGp:fam 937:7:-1 by red 229:2:-1 at gen1094 Univ0 prob=0.193
AgeVaxH35.js:2202 464I j:ageGp:fam 611:4:-1 by red 481:3:-1 at gen1095 Univ0 prob=0.844
AgeVaxH35.js:2221 466I i:ageGp:fam 566:4:-1 by blue 907:7:-1 at gen1098 Univ0 prob=0.254
AgeVaxH35.js:2221 467I i:ageGp:fam 143:2:-1 by blue 487:3:-1 at gen1100 Univ0 prob=0.095
AgeVaxH35.js:2202 467I j:ageGp:fam 886:6:-1 by blue 697:5:-1 at gen1100 Univ0 prob=0.776
AgeVaxH35.js:2221 467I i:ageGp:fam 634:4:-1 by red 680:4:-1 at gen1101 Univ0 prob=0.100
AgeVaxH35.js:2202 469I j:ageGp:fam 856:6:-1 by blue 246:2:-1 at gen1102 Univ0 prob=0.972
AgeVaxH35.js:2202 470I j:ageGp:fam 732:5:-1 by blue 535:3:-1 at gen1103 Univ0 prob=0.574
AgeVaxH35.js:2221 471I i:ageGp:fam 580:4:-1 by blue 803:5:-1 at gen1104 Univ0 prob=0.299
AgeVaxH35.js:2221 473I i:ageGp:fam 420:3:-1 by red 481:3:-1 at gen1106 Univ0 prob=0.782
AgeVaxH35.js:2221 474I i:ageGp:fam 562:4:-1 by blue 770:5:-1 at gen1109 Univ0 prob=0.322
AgeVaxH35.js:2202 474I j:ageGp:fam 442:3:-1 by blue 65:1:-1 at gen1110 Univ0 prob=0.174
AgeVaxH35.js:2221 474I i:ageGp:fam 122:1:-1 by blue 557:4:-1 at gen1110 Univ0 prob=0.607
AgeVaxH35.js:2221 474I i:ageGp:fam 128:1:-1 by blue 519:3:-1 at gen1110 Univ0 prob=0.806
AgeVaxH35.js:2221 474I i:ageGp:fam 688:4:-1 by blue 874:6:-1 at gen1110 Univ0 prob=0.555
AgeVaxH35.js:2221 475I i:ageGp:fam 38:0:-1 by blue 186:2:-1 at gen1111 Univ0 prob=0.291
AgeVaxH35.js:2221 480I i:ageGp:fam 389:3:-1 by red 804:5:-1 at gen1113 Univ0 prob=0.398
AgeVaxH35.js:2202 481I j:ageGp:fam 671:4:-1 by red 16:0:-1 at gen1116 Univ0 prob=0.431
AgeVaxH35.js:2202 481I j:ageGp:fam 582:4:-1 by red 169:2:-1 at gen1116 Univ0 prob=0.259
AgeVaxH35.js:2221 481I i:ageGp:fam 568:4:-1 by red 927:7:-1 at gen1116 Univ0 prob=0.514
AgeVaxH35.js:2202 481I j:ageGp:fam 861:6:-1 by blue 519:3:-1 at gen1117 Univ0 prob=0.870
AgeVaxH35.js:2202 485I j:ageGp:fam 935:7:-1 by blue 703:5:-1 at gen1121 Univ0 prob=0.779
AgeVaxH35.js:2202 485I j:ageGp:fam 379:3:-1 by blue 57:1:-1 at gen1122 Univ0 prob=0.837
AgeVaxH35.js:2202 485I j:ageGp:fam 945:7:-1 by red 95:1:-1 at gen1122 Univ0 prob=0.764
AgeVaxH35.js:2221 485I i:ageGp:fam 473:3:-1 by blue 862:6:-1 at gen1122 Univ0 prob=0.476
AgeVaxH35.js:2202 486I j:ageGp:fam 948:7:-1 by red 126:1:-1 at gen1123 Univ0 prob=0.585
AgeVaxH35.js:2202 489I j:ageGp:fam 925:7:-1 by red 35:0:-1 at gen1124 Univ0 prob=0.607
AgeVaxH35.js:2221 491I i:ageGp:fam 86:1:-1 by red 112:1:-1 at gen1126 Univ0 prob=0.965
AgeVaxH35.js:2202 492I j:ageGp:fam 896:6:-1 by red 95:1:-1 at gen1129 Univ0 prob=0.645
AgeVaxH35.js:2221 493I i:ageGp:fam 171:2:-1 by blue 310:2:-1 at gen1131 Univ0 prob=0.616
AgeVaxH35.js:2202 493I j:ageGp:fam 622:4:-1 by red 393:3:-1 at gen1131 Univ0 prob=0.185
AgeVaxH35.js:2202 493I j:ageGp:fam 618:4:-1 by red 95:1:-1 at gen1132 Univ0 prob=0.864
AgeVaxH35.js:2202 496I j:ageGp:fam 290:2:-1 by yellow 171:2:-1 at gen1134 Univ0 prob=0.462
AgeVaxH35.js:2202 496I j:ageGp:fam 826:6:-1 by red 112:1:-1 at gen1135 Univ0 prob=0.465
AgeVaxH35.js:2221 498I i:ageGp:fam 247:2:-1 by blue 310:2:-1 at gen1138 Univ0 prob=0.144
AgeVaxH35.js:2202 498I j:ageGp:fam 701:5:-1 by red 93:1:-1 at gen1139 Univ0 prob=0.513
AgeVaxH35.js:2202 498I j:ageGp:fam 527:3:-1 by yellow 247:2:-1 at gen1139 Univ0 prob=0.893
AgeVaxH35.js:2221 498I i:ageGp:fam 846:6:-1 by red 927:7:-1 at gen1139 Univ0 prob=0.050
AgeVaxH35.js:2202 499I j:ageGp:fam 739:5:-1 by blue 519:3:-1 at gen1140 Univ0 prob=0.302
AgeVaxH35.js:2202 502I j:ageGp:fam 978:8:-1 by red 589:4:-1 at gen1141 Univ0 prob=0.608
AgeVaxH35.js:2202 504I j:ageGp:fam 347:2:-1 by red 95:1:-1 at gen1143 Univ0 prob=0.234
AgeVaxH35.js:2202 505I j:ageGp:fam 526:3:-1 by red 95:1:-1 at gen1146 Univ0 prob=0.788
AgeVaxH35.js:2202 505I j:ageGp:fam 699:5:-1 by blue 178:2:-1 at gen1146 Univ0 prob=0.707
AgeVaxH35.js:2221 505I i:ageGp:fam 710:5:-1 by red 927:7:-1 at gen1146 Univ0 prob=0.946
AgeVaxH35.js:2202 508I j:ageGp:fam 831:6:-1 by blue 557:4:-1 at gen1149 Univ0 prob=0.127
AgeVaxH35.js:2221 508I i:ageGp:fam 80:1:-1 by red 918:7:-1 at gen1150 Univ0 prob=0.611
AgeVaxH35.js:2221 508I i:ageGp:fam 190:2:-1 by blue 519:3:-1 at gen1150 Univ0 prob=0.651
AgeVaxH35.js:2221 511I i:ageGp:fam 69:1:-1 by red 169:2:-1 at gen1153 Univ0 prob=0.624
AgeVaxH35.js:2221 511I i:ageGp:fam 734:5:-1 by red 770:5:-1 at gen1153 Univ0 prob=0.146
AgeVaxH35.js:2202 513I j:ageGp:fam 106:1:-1 by blue 30:0:-1 at gen1156 Univ0 prob=0.787
AgeVaxH35.js:2221 513I i:ageGp:fam 559:4:-1 by blue 987:9:-1 at gen1156 Univ0 prob=0.775
AgeVaxH35.js:2202 515I j:ageGp:fam 683:4:-1 by red 523:3:-1 at gen1158 Univ0 prob=0.139
AgeVaxH35.js:2202 515I j:ageGp:fam 614:4:-1 by blue 120:1:-1 at gen1159 Univ0 prob=0.665
AgeVaxH35.js:2221 517I i:ageGp:fam 20:0:-1 by red 764:5:-1 at gen1162 Univ0 prob=0.899
AgeVaxH35.js:2202 517I j:ageGp:fam 593:4:-1 by red 523:3:-1 at gen1162 Univ0 prob=0.578
AgeVaxH35.js:2221 517I i:ageGp:fam 32:0:-1 by blue 310:2:-1 at gen1163 Univ0 prob=0.530
AgeVaxH35.js:2202 517I j:ageGp:fam 782:5:-1 by blue 611:4:-1 at gen1163 Univ0 prob=0.854
AgeVaxH35.js:2221 521I i:ageGp:fam 205:2:-1 by blue 886:6:-1 at gen1165 Univ0 prob=0.634
AgeVaxH35.js:2221 522I i:ageGp:fam 534:3:-1 by blue 611:4:-1 at gen1168 Univ0 prob=0.311
AgeVaxH35.js:2202 523I j:ageGp:fam 591:4:-1 by yellow 86:1:-1 at gen1174 Univ0 prob=0.744
AgeVaxH35.js:2202 523I j:ageGp:fam 612:4:-1 by red 186:2:-1 at gen1175 Univ0 prob=0.861
AgeVaxH35.js:2202 525I j:ageGp:fam 275:2:-1 by red 60:1:-1 at gen1177 Univ0 prob=0.118
AgeVaxH35.js:2202 525I j:ageGp:fam 221:2:-1 by blue 188:2:-1 at gen1177 Univ0 prob=0.921
AgeVaxH35.js:2202 525I j:ageGp:fam 930:7:-1 by red 758:5:-1 at gen1177 Univ0 prob=0.201
AgeVaxH35.js:2202 528I j:ageGp:fam 422:3:-1 by red 393:3:-1 at gen1180 Univ0 prob=0.881
AgeVaxH35.js:2202 528I j:ageGp:fam 880:6:-1 by red 803:5:-1 at gen1181 Univ0 prob=0.802
AgeVaxH35.js:2221 529I i:ageGp:fam 144:2:-1 by blue 688:4:-1 at gen1182 Univ0 prob=0.261
AgeVaxH35.js:2221 529I i:ageGp:fam 293:2:-1 by blue 634:4:-1 at gen1182 Univ0 prob=0.031
AgeVaxH35.js:2202 529I j:ageGp:fam 867:6:-1 by yellow 622:4:-1 at gen1182 Univ0 prob=0.195
AgeVaxH35.js:2221 533I i:ageGp:fam 666:4:-1 by red 680:4:-1 at gen1184 Univ0 prob=0.079
AgeVaxH35.js:2221 534I i:ageGp:fam 387:3:-1 by blue 618:4:-1 at gen1187 Univ0 prob=0.855
AgeVaxH35.js:2202 534I j:ageGp:fam 648:4:-1 by blue 566:4:-1 at gen1187 Univ0 prob=0.932
AgeVaxH35.js:2221 534I i:ageGp:fam 335:2:-1 by blue 582:4:-1 at gen1188 Univ0 prob=0.606
AgeVaxH35.js:2221 537I i:ageGp:fam 482:3:-1 by red 535:3:-1 at gen1191 Univ0 prob=0.105
AgeVaxH35.js:2202 537I j:ageGp:fam 681:4:-1 by blue 634:4:-1 at gen1192 Univ0 prob=0.168
AgeVaxH35.js:2202 537I j:ageGp:fam 818:5:-1 by red 697:5:-1 at gen1192 Univ0 prob=0.939
AgeVaxH35.js:2221 537I i:ageGp:fam 785:5:-1 by blue 886:6:-1 at gen1192 Univ0 prob=0.507
AgeVaxH35.js:2202 538I j:ageGp:fam 984:9:-1 by red 668:4:-1 at gen1193 Univ0 prob=0.236
AgeVaxH35.js:2221 542I i:ageGp:fam 678:4:-1 by red 680:4:-1 at gen1197 Univ0 prob=0.591
AgeVaxH35.js:2202 543I j:ageGp:fam 696:5:-1 by blue 298:2:-1 at gen1199 Univ0 prob=0.707
AgeVaxH35.js:2221 544I i:ageGp:fam 124:1:-1 by blue 128:1:-1 at gen1201 Univ0 prob=0.807
AgeVaxH35.js:2202 545I j:ageGp:fam 643:4:-1 by red 120:1:-1 at gen1203 Univ0 prob=0.199
AgeVaxH35.js:2221 545I i:ageGp:fam 175:2:-1 by blue 732:5:-1 at gen1203 Univ0 prob=0.313
AgeVaxH35.js:2221 545I i:ageGp:fam 870:6:-1 by blue 886:6:-1 at gen1203 Univ0 prob=0.626
AgeVaxH35.js:2202 545I j:ageGp:fam 342:2:-1 by blue 128:1:-1 at gen1204 Univ0 prob=0.011
AgeVaxH35.js:2221 545I i:ageGp:fam 284:2:-1 by blue 622:4:-1 at gen1204 Univ0 prob=0.691
AgeVaxH35.js:2202 548I j:ageGp:fam 76:1:-1 by red 19:0:-1 at gen1205 Univ0 prob=0.612
AgeVaxH35.js:2202 550I j:ageGp:fam 216:2:-1 by red 169:2:-1 at gen1206 Univ0 prob=0.110
AgeVaxH35.js:2221 551I i:ageGp:fam 156:2:-1 by blue 611:4:-1 at gen1207 Univ0 prob=0.877
AgeVaxH35.js:2202 553I j:ageGp:fam 895:6:-1 by red 120:1:-1 at gen1211 Univ0 prob=0.959
AgeVaxH35.js:2202 553I j:ageGp:fam 878:6:-1 by blue 732:5:-1 at gen1212 Univ0 prob=0.844
AgeVaxH35.js:2202 555I j:ageGp:fam 966:8:-1 by blue 527:3:-1 at gen1214 Univ0 prob=0.321
AgeVaxH35.js:2202 556I j:ageGp:fam 962:8:-1 by red 664:4:-1 at gen1216 Univ0 prob=0.649
AgeVaxH35.js:2202 556I j:ageGp:fam 702:5:-1 by red 487:3:-1 at gen1217 Univ0 prob=0.399
AgeVaxH35.js:2221 556I i:ageGp:fam 656:4:-1 by red 680:4:-1 at gen1217 Univ0 prob=0.608
AgeVaxH35.js:2221 559I i:ageGp:fam 129:1:-1 by blue 618:4:-1 at gen1219 Univ0 prob=0.069
AgeVaxH35.js:2221 560I i:ageGp:fam 56:1:-1 by blue 826:6:-1 at gen1224 Univ0 prob=0.239
AgeVaxH35.js:2202 560I j:ageGp:fam 573:4:-1 by blue 80:1:-1 at gen1224 Univ0 prob=0.111
AgeVaxH35.js:2221 560I i:ageGp:fam 111:1:-1 by blue 831:6:-1 at gen1224 Univ0 prob=0.426
AgeVaxH35.js:2202 560I j:ageGp:fam 781:5:-1 by blue 190:2:-1 at gen1224 Univ0 prob=0.546
AgeVaxH35.js:2202 560I j:ageGp:fam 922:7:-1 by red 229:2:-1 at gen1224 Univ0 prob=0.995
AgeVaxH35.js:2202 565I j:ageGp:fam 118:1:-1 by yellow 56:1:-1 at gen1226 Univ0 prob=0.183
AgeVaxH35.js:2202 566I j:ageGp:fam 403:3:-1 by red 394:3:-1 at gen1229 Univ0 prob=0.463
AgeVaxH35.js:2202 566I j:ageGp:fam 706:5:-1 by red 143:2:-1 at gen1230 Univ0 prob=0.651
AgeVaxH35.js:2221 567I i:ageGp:fam 538:3:-1 by red 732:5:-1 at gen1231 Univ0 prob=0.879
AgeVaxH35.js:2221 569I i:ageGp:fam 61:1:-1 by blue 618:4:-1 at gen1236 Univ0 prob=0.606
AgeVaxH35.js:2202 569I j:ageGp:fam 295:2:-1 by red 95:1:-1 at gen1237 Univ0 prob=0.497
AgeVaxH35.js:2221 569I i:ageGp:fam 572:4:-1 by blue 582:4:-1 at gen1237 Univ0 prob=0.081
AgeVaxH35.js:2221 572I i:ageGp:fam 318:2:-1 by red 803:5:-1 at gen1239 Univ0 prob=0.378
AgeVaxH35.js:2221 572I i:ageGp:fam 74:1:-1 by blue 190:2:-1 at gen1240 Univ0 prob=0.256
AgeVaxH35.js:2202 572I j:ageGp:fam 166:2:-1 by red 93:1:-1 at gen1240 Univ0 prob=0.340
AgeVaxH35.js:2221 573I i:ageGp:fam 180:2:-1 by blue 739:5:-1 at gen1241 Univ0 prob=0.446
AgeVaxH35.js:2221 573I i:ageGp:fam 529:3:-1 by red 688:4:-1 at gen1241 Univ0 prob=0.725
AgeVaxH35.js:2202 575I j:ageGp:fam 206:2:-1 by yellow 61:1:-1 at gen1242 Univ0 prob=0.002
AgeVaxH35.js:2221 578I i:ageGp:fam 82:1:-1 by blue 526:3:-1 at gen1245 Univ0 prob=0.483
AgeVaxH35.js:2221 578I i:ageGp:fam 138:2:-1 by red 803:5:-1 at gen1246 Univ0 prob=0.613
AgeVaxH35.js:2221 578I i:ageGp:fam 173:2:-1 by red 420:3:-1 at gen1246 Univ0 prob=0.461
AgeVaxH35.js:2202 579I j:ageGp:fam 682:4:-1 by blue 614:4:-1 at gen1247 Univ0 prob=0.445
AgeVaxH35.js:2221 581I i:ageGp:fam 51:1:-1 by blue 618:4:-1 at gen1248 Univ0 prob=0.137
AgeVaxH35.js:2202 583I j:ageGp:fam 808:5:-1 by red 178:2:-1 at gen1251 Univ0 prob=0.405
AgeVaxH35.js:2221 583I i:ageGp:fam 377:3:-1 by red 611:4:-1 at gen1252 Univ0 prob=0.101
AgeVaxH35.js:2202 584I j:ageGp:fam 520:3:-1 by blue 221:2:-1 at gen1253 Univ0 prob=0.477
AgeVaxH35.js:2202 586I j:ageGp:fam 646:4:-1 by red 307:2:-1 at gen1257 Univ0 prob=0.268
AgeVaxH35.js:2202 586I j:ageGp:fam 494:3:-1 by red 290:2:-1 at gen1258 Univ0 prob=0.361
AgeVaxH35.js:2221 587I i:ageGp:fam 231:2:-1 by red 709:5:-1 at gen1259 Univ0 prob=0.166
AgeVaxH35.js:2202 587I j:ageGp:fam 943:7:-1 by red 852:6:-1 at gen1259 Univ0 prob=0.103
AgeVaxH35.js:2221 588I i:ageGp:fam 720:5:-1 by blue 739:5:-1 at gen1260 Univ0 prob=0.847
AgeVaxH35.js:2221 591I i:ageGp:fam 381:3:-1 by red 618:4:-1 at gen1263 Univ0 prob=0.147
AgeVaxH35.js:2221 592I i:ageGp:fam 269:2:-1 by red 622:4:-1 at gen1266 Univ0 prob=0.912
AgeVaxH35.js:2221 592I i:ageGp:fam 491:3:-1 by blue 666:4:-1 at gen1266 Univ0 prob=0.367
AgeVaxH35.js:2202 592I j:ageGp:fam 893:6:-1 by red 523:3:-1 at gen1266 Univ0 prob=0.330
AgeVaxH35.js:2202 592I j:ageGp:fam 893:6:-1 by blue 683:4:-1 at gen1266 Univ0 prob=0.035
AgeVaxH35.js:2221 592I i:ageGp:fam 8:0:-1 by blue 870:6:-1 at gen1267 Univ0 prob=0.918
AgeVaxH35.js:2221 592I i:ageGp:fam 200:2:-1 by blue 710:5:-1 at gen1267 Univ0 prob=0.397
AgeVaxH35.js:2202 592I j:ageGp:fam 613:4:-1 by red 347:2:-1 at gen1267 Univ0 prob=0.103
AgeVaxH35.js:2202 592I j:ageGp:fam 834:6:-1 by blue 683:4:-1 at gen1267 Univ0 prob=0.627
AgeVaxH35.js:2221 592I i:ageGp:fam 816:5:-1 by red 927:7:-1 at gen1267 Univ0 prob=0.001
AgeVaxH35.js:2202 595I j:ageGp:fam 719:5:-1 by red 347:2:-1 at gen1268 Univ0 prob=0.704
AgeVaxH35.js:2202 595I j:ageGp:fam 397:3:-1 by yellow 377:3:-1 at gen1268 Univ0 prob=0.903
AgeVaxH35.js:2202 600I j:ageGp:fam 868:6:-1 by red 611:4:-1 at gen1269 Univ0 prob=0.898
AgeVaxH35.js:2202 603I j:ageGp:fam 273:2:-1 by red 80:1:-1 at gen1271 Univ0 prob=0.969
AgeVaxH35.js:2202 604I j:ageGp:fam 942:7:-1 by red 852:6:-1 at gen1275 Univ0 prob=0.617
AgeVaxH35.js:2202 604I j:ageGp:fam 988:9:-1 by blue 124:1:-1 at gen1276 Univ0 prob=0.513
AgeVaxH35.js:2221 604I i:ageGp:fam 324:2:-1 by red 699:5:-1 at gen1276 Univ0 prob=0.720
AgeVaxH35.js:2221 605I i:ageGp:fam 31:0:-1 by red 780:5:-1 at gen1277 Univ0 prob=0.565
AgeVaxH35.js:2221 605I i:ageGp:fam 117:1:-1 by blue 284:2:-1 at gen1277 Univ0 prob=0.470
AgeVaxH35.js:2202 605I j:ageGp:fam 986:9:-1 by red 803:5:-1 at gen1277 Univ0 prob=0.560
AgeVaxH35.js:2221 607I i:ageGp:fam 59:1:-1 by red 688:4:-1 at gen1278 Univ0 prob=0.981
AgeVaxH35.js:2221 607I i:ageGp:fam 368:3:-1 by red 826:6:-1 at gen1278 Univ0 prob=0.041
AgeVaxH35.js:2221 607I i:ageGp:fam 436:3:-1 by red 732:5:-1 at gen1278 Univ0 prob=0.764
AgeVaxH35.js:2221 610I i:ageGp:fam 203:2:-1 by blue 870:6:-1 at gen1279 Univ0 prob=0.421
AgeVaxH35.js:2221 610I i:ageGp:fam 203:2:-1 by red 925:7:-1 at gen1279 Univ0 prob=0.919
AgeVaxH35.js:2221 610I i:ageGp:fam 343:2:-1 by red 568:4:-1 at gen1279 Univ0 prob=0.914
AgeVaxH35.js:2202 613I j:ageGp:fam 784:5:-1 by red 519:3:-1 at gen1280 Univ0 prob=0.379
AgeVaxH35.js:2221 615I i:ageGp:fam 235:2:-1 by red 697:5:-1 at gen1281 Univ0 prob=0.509
AgeVaxH35.js:2221 617I i:ageGp:fam 116:1:-1 by blue 678:4:-1 at gen1286 Univ0 prob=0.201
AgeVaxH35.js:2202 618I j:ageGp:fam 621:4:-1 by red 526:3:-1 at gen1289 Univ0 prob=0.886
AgeVaxH35.js:2202 619I j:ageGp:fam 920:7:-1 by yellow 116:1:-1 at gen1291 Univ0 prob=0.894
AgeVaxH35.js:2221 620I i:ageGp:fam 49:1:-1 by red 523:3:-1 at gen1293 Univ0 prob=0.311
AgeVaxH35.js:2202 620I j:ageGp:fam 498:3:-1 by red 122:1:-1 at gen1294 Univ0 prob=0.653
AgeVaxH35.js:2202 620I j:ageGp:fam 299:2:-1 by red 128:1:-1 at gen1294 Univ0 prob=0.140
AgeVaxH35.js:2221 621I i:ageGp:fam 297:2:-1 by blue 678:4:-1 at gen1295 Univ0 prob=0.472
AgeVaxH35.js:2202 621I j:ageGp:fam 772:5:-1 by red 618:4:-1 at gen1295 Univ0 prob=0.027
AgeVaxH35.js:2202 623I j:ageGp:fam 685:4:-1 by blue 156:2:-1 at gen1296 Univ0 prob=0.188
AgeVaxH35.js:2221 626I i:ageGp:fam 407:3:-1 by blue 678:4:-1 at gen1298 Univ0 prob=0.414
AgeVaxH35.js:2221 626I i:ageGp:fam 421:3:-1 by blue 922:7:-1 at gen1298 Univ0 prob=0.187
AgeVaxH35.js:2221 626I i:ageGp:fam 103:1:-1 by red 688:4:-1 at gen1299 Univ0 prob=0.753
AgeVaxH35.js:2202 628I j:ageGp:fam 998:9:-1 by red 559:4:-1 at gen1300 Univ0 prob=0.730
AgeVaxH35.js:2202 629I j:ageGp:fam 731:5:-1 by red 347:2:-1 at gen1301 Univ0 prob=0.209
AgeVaxH35.js:2202 631I j:ageGp:fam 798:5:-1 by blue 180:2:-1 at gen1303 Univ0 prob=0.521
AgeVaxH35.js:2202 631I j:ageGp:fam 805:5:-1 by red 622:4:-1 at gen1303 Univ0 prob=0.651
AgeVaxH35.js:2221 631I i:ageGp:fam 259:2:-1 by red 734:5:-1 at gen1304 Univ0 prob=0.938
AgeVaxH35.js:2221 631I i:ageGp:fam 424:3:-1 by red 540:3:-1 at gen1304 Univ0 prob=0.377
AgeVaxH35.js:2202 635I j:ageGp:fam 513:3:-1 by red 178:2:-1 at gen1307 Univ0 prob=0.582
AgeVaxH35.js:2221 635I i:ageGp:fam 266:2:-1 by red 688:4:-1 at gen1307 Univ0 prob=0.708
AgeVaxH35.js:2202 635I j:ageGp:fam 749:5:-1 by red 666:4:-1 at gen1307 Univ0 prob=0.935
AgeVaxH35.js:2221 635I i:ageGp:fam 79:1:-1 by red 611:4:-1 at gen1308 Univ0 prob=0.363
AgeVaxH35.js:2221 635I i:ageGp:fam 435:3:-1 by blue 818:5:-1 at gen1308 Univ0 prob=0.761
AgeVaxH35.js:2221 638I i:ageGp:fam 497:3:-1 by red 681:4:-1 at gen1309 Univ0 prob=0.539
AgeVaxH35.js:2221 640I i:ageGp:fam 48:1:-1 by red 128:1:-1 at gen1310 Univ0 prob=0.580
AgeVaxH35.js:2202 640I j:ageGp:fam 531:3:-1 by blue 284:2:-1 at gen1310 Univ0 prob=0.494
AgeVaxH35.js:2202 640I j:ageGp:fam 610:4:-1 by blue 494:3:-1 at gen1310 Univ0 prob=0.145
AgeVaxH35.js:2202 641I j:ageGp:fam 344:2:-1 by yellow 48:1:-1 at gen1311 Univ0 prob=0.310
AgeVaxH35.js:2221 641I i:ageGp:fam 388:3:-1 by red 683:4:-1 at gen1311 Univ0 prob=0.684
AgeVaxH35.js:2202 644I j:ageGp:fam 903:7:-1 by red 347:2:-1 at gen1312 Univ0 prob=0.333
AgeVaxH35.js:2202 647I j:ageGp:fam 976:8:-1 by red 178:2:-1 at gen1314 Univ0 prob=0.718
AgeVaxH35.js:2202 647I j:ageGp:fam 912:7:-1 by blue 111:1:-1 at gen1315 Univ0 prob=0.712
AgeVaxH35.js:2221 648I i:ageGp:fam 131:2:-1 by red 634:4:-1 at gen1316 Univ0 prob=0.977
AgeVaxH35.js:2202 648I j:ageGp:fam 348:2:-1 by red 178:2:-1 at gen1316 Univ0 prob=0.571
AgeVaxH35.js:2202 649I j:ageGp:fam 515:3:-1 by blue 74:1:-1 at gen1317 Univ0 prob=0.986
AgeVaxH35.js:2202 649I j:ageGp:fam 157:2:-1 by blue 129:1:-1 at gen1317 Univ0 prob=0.170
AgeVaxH35.js:2202 649I j:ageGp:fam 892:6:-1 by red 347:2:-1 at gen1317 Univ0 prob=0.704
AgeVaxH35.js:2221 654I i:ageGp:fam 218:2:-1 by red 519:3:-1 at gen1320 Univ0 prob=0.825
AgeVaxH35.js:2202 655I j:ageGp:fam 823:6:-1 by blue 808:5:-1 at gen1323 Univ0 prob=0.717
AgeVaxH35.js:2221 656I i:ageGp:fam 419:3:-1 by red 896:6:-1 at gen1325 Univ0 prob=0.473
AgeVaxH35.js:2221 656I i:ageGp:fam 77:1:-1 by yellow 610:4:-1 at gen1326 Univ0 prob=0.441
AgeVaxH35.js:2202 656I j:ageGp:fam 604:4:-1 by red 527:3:-1 at gen1326 Univ0 prob=0.935
AgeVaxH35.js:2202 656I j:ageGp:fam 964:8:-1 by red 782:5:-1 at gen1326 Univ0 prob=0.915
AgeVaxH35.js:2221 660I i:ageGp:fam 495:3:-1 by red 697:5:-1 at gen1328 Univ0 prob=0.105
AgeVaxH35.js:2202 661I j:ageGp:fam 669:4:-1 by blue 494:3:-1 at gen1330 Univ0 prob=0.416
AgeVaxH35.js:2221 661I i:ageGp:fam 556:4:-1 by red 618:4:-1 at gen1330 Univ0 prob=0.469
AgeVaxH35.js:2202 663I j:ageGp:fam 830:6:-1 by red 178:2:-1 at gen1333 Univ0 prob=0.453
AgeVaxH35.js:2202 663I j:ageGp:fam 996:9:-1 by blue 59:1:-1 at gen1334 Univ0 prob=0.643
AgeVaxH35.js:2221 664I i:ageGp:fam 553:4:-1 by red 683:4:-1 at gen1335 Univ0 prob=0.150
AgeVaxH35.js:2221 665I i:ageGp:fam 170:2:-1 by red 618:4:-1 at gen1336 Univ0 prob=0.951
AgeVaxH35.js:2221 665I i:ageGp:fam 317:2:-1 by red 870:6:-1 at gen1336 Univ0 prob=0.614
AgeVaxH35.js:2221 666I i:ageGp:fam 291:2:-1 by blue 613:4:-1 at gen1337 Univ0 prob=0.515
AgeVaxH35.js:2221 666I i:ageGp:fam 542:4:-1 by red 688:4:-1 at gen1337 Univ0 prob=0.081
AgeVaxH35.js:2221 670I i:ageGp:fam 89:1:-1 by blue 893:6:-1 at gen1339 Univ0 prob=0.891
AgeVaxH35.js:2202 671I j:ageGp:fam 499:3:-1 by blue 269:2:-1 at gen1341 Univ0 prob=0.172
AgeVaxH35.js:2221 671I i:ageGp:fam 759:5:-1 by red 785:5:-1 at gen1341 Univ0 prob=0.858
AgeVaxH35.js:2202 671I j:ageGp:fam 793:5:-1 by red 129:1:-1 at gen1342 Univ0 prob=0.865
AgeVaxH35.js:2221 674I i:ageGp:fam 167:2:-1 by red 831:6:-1 at gen1344 Univ0 prob=0.128
AgeVaxH35.js:2202 674I j:ageGp:fam 790:5:-1 by red 656:4:-1 at gen1345 Univ0 prob=0.605
AgeVaxH35.js:2202 674I j:ageGp:fam 949:8:-1 by blue 784:5:-1 at gen1345 Univ0 prob=0.848
AgeVaxH35.js:2202 677I j:ageGp:fam 853:6:-1 by blue 529:3:-1 at gen1347 Univ0 prob=0.894
AgeVaxH35.js:2221 677I i:ageGp:fam 202:2:-1 by red 643:4:-1 at gen1348 Univ0 prob=0.555
AgeVaxH35.js:2221 678I i:ageGp:fam 919:7:-1 by blue 920:7:-1 at gen1349 Univ0 prob=0.039
AgeVaxH35.js:2221 680I i:ageGp:fam 139:2:-1 by red 706:5:-1 at gen1354 Univ0 prob=0.514
AgeVaxH35.js:2202 680I j:ageGp:fam 752:5:-1 by blue 31:0:-1 at gen1355 Univ0 prob=0.153
AgeVaxH35.js:2221 681I i:ageGp:fam 212:2:-1 by blue 436:3:-1 at gen1356 Univ0 prob=0.380
AgeVaxH35.js:2221 682I i:ageGp:fam 75:1:-1 by blue 324:2:-1 at gen1357 Univ0 prob=0.840
AgeVaxH35.js:2221 683I i:ageGp:fam 81:1:-1 by blue 324:2:-1 at gen1358 Univ0 prob=0.780
AgeVaxH35.js:2202 683I j:ageGp:fam 213:2:-1 by blue 103:1:-1 at gen1358 Univ0 prob=0.696
AgeVaxH35.js:2202 683I j:ageGp:fam 841:6:-1 by red 128:1:-1 at gen1358 Univ0 prob=0.187
AgeVaxH35.js:2202 684I j:ageGp:fam 558:4:-1 by blue 203:2:-1 at gen1359 Univ0 prob=0.183
AgeVaxH35.js:2202 687I j:ageGp:fam 873:6:-1 by blue 273:2:-1 at gen1360 Univ0 prob=0.239
AgeVaxH35.js:2221 687I i:ageGp:fam 425:3:-1 by red 962:8:-1 at gen1360 Univ0 prob=0.579
AgeVaxH35.js:2202 687I j:ageGp:fam 747:5:-1 by red 696:5:-1 at gen1360 Univ0 prob=0.102
AgeVaxH35.js:2202 691I j:ageGp:fam 391:3:-1 by blue 116:1:-1 at gen1362 Univ0 prob=0.233
AgeVaxH35.js:2221 691I i:ageGp:fam 341:2:-1 by red 818:5:-1 at gen1363 Univ0 prob=0.205
AgeVaxH35.js:2221 693I i:ageGp:fam 109:1:-1 by blue 116:1:-1 at gen1365 Univ0 prob=0.260
AgeVaxH35.js:2221 693I i:ageGp:fam 833:6:-1 by red 934:7:-1 at gen1365 Univ0 prob=0.517
AgeVaxH35.js:2202 695I j:ageGp:fam 875:6:-1 by blue 798:5:-1 at gen1367 Univ0 prob=0.745
AgeVaxH35.js:2221 696I i:ageGp:fam 226:2:-1 by red 785:5:-1 at gen1371 Univ0 prob=0.597
AgeVaxH35.js:2202 697I j:ageGp:fam 281:2:-1 by blue 103:1:-1 at gen1374 Univ0 prob=0.174
AgeVaxH35.js:2202 697I j:ageGp:fam 879:6:-1 by red 387:3:-1 at gen1374 Univ0 prob=0.885
AgeVaxH35.js:2202 697I j:ageGp:fam 871:6:-1 by red 559:4:-1 at gen1374 Univ0 prob=0.653
AgeVaxH35.js:2221 697I i:ageGp:fam 115:1:-1 by blue 986:9:-1 at gen1375 Univ0 prob=0.670
AgeVaxH35.js:2202 697I j:ageGp:fam 641:4:-1 by blue 324:2:-1 at gen1375 Univ0 prob=0.846
AgeVaxH35.js:2202 697I j:ageGp:fam 773:5:-1 by red 688:4:-1 at gen1375 Univ0 prob=0.181
AgeVaxH35.js:2221 703I i:ageGp:fam 17:0:-1 by red 156:2:-1 at gen1377 Univ0 prob=0.853
AgeVaxH35.js:2221 703I i:ageGp:fam 161:2:-1 by blue 685:4:-1 at gen1378 Univ0 prob=0.169
AgeVaxH35.js:2221 705I i:ageGp:fam 5:0:-1 by red 173:2:-1 at gen1382 Univ0 prob=0.052
AgeVaxH35.js:2221 706I i:ageGp:fam 467:3:-1 by blue 903:7:-1 at gen1384 Univ0 prob=0.368
AgeVaxH35.js:2221 706I i:ageGp:fam 843:6:-1 by blue 903:7:-1 at gen1384 Univ0 prob=0.490
AgeVaxH35.js:2202 708I j:ageGp:fam 184:2:-1 by red 74:1:-1 at gen1386 Univ0 prob=0.058
AgeVaxH35.js:2202 708I j:ageGp:fam 449:3:-1 by red 76:1:-1 at gen1387 Univ0 prob=0.595
AgeVaxH35.js:2221 710I i:ageGp:fam 53:1:-1 by blue 976:8:-1 at gen1389 Univ0 prob=0.543
AgeVaxH35.js:2202 710I j:ageGp:fam 676:4:-1 by red 494:3:-1 at gen1389 Univ0 prob=0.130
AgeVaxH35.js:2221 712I i:ageGp:fam 459:3:-1 by red 870:6:-1 at gen1391 Univ0 prob=0.681
AgeVaxH35.js:2221 713I i:ageGp:fam 145:2:-1 by red 648:4:-1 at gen1393 Univ0 prob=0.439
AgeVaxH35.js:2202 714I j:ageGp:fam 624:4:-1 by blue 407:3:-1 at gen1395 Univ0 prob=0.127
AgeVaxH35.js:2202 714I j:ageGp:fam 866:6:-1 by blue 31:0:-1 at gen1396 Univ0 prob=0.995
AgeVaxH35.js:2221 714I i:ageGp:fam 711:5:-1 by red 925:7:-1 at gen1396 Univ0 prob=0.005
AgeVaxH35.js:2221 715I i:ageGp:fam 140:2:-1 by blue 976:8:-1 at gen1397 Univ0 prob=0.945
AgeVaxH35.js:2221 715I i:ageGp:fam 537:3:-1 by red 781:5:-1 at gen1397 Univ0 prob=0.346
AgeVaxH35.js:2202 719I j:ageGp:fam 214:2:-1 by blue 103:1:-1 at gen1401 Univ0 prob=0.716
AgeVaxH35.js:2202 719I j:ageGp:fam 985:9:-1 by red 861:6:-1 at gen1401 Univ0 prob=0.547
AgeVaxH35.js:2221 719I i:ageGp:fam 154:2:-1 by blue 556:4:-1 at gen1402 Univ0 prob=0.402
AgeVaxH35.js:2221 719I i:ageGp:fam 533:3:-1 by red 573:4:-1 at gen1402 Univ0 prob=0.836
AgeVaxH35.js:2202 721I j:ageGp:fam 715:5:-1 by red 129:1:-1 at gen1403 Univ0 prob=0.597
AgeVaxH35.js:2202 723I j:ageGp:fam 654:4:-1 by blue 79:1:-1 at gen1404 Univ0 prob=0.355
AgeVaxH35.js:2221 724I i:ageGp:fam 443:3:-1 by blue 495:3:-1 at gen1405 Univ0 prob=0.836
AgeVaxH35.js:2221 726I i:ageGp:fam 72:1:-1 by red 324:2:-1 at gen1407 Univ0 prob=0.346
AgeVaxH35.js:2221 726I i:ageGp:fam 510:3:-1 by red 648:4:-1 at gen1408 Univ0 prob=0.394
AgeVaxH35.js:2202 727I j:ageGp:fam 928:7:-1 by blue 388:3:-1 at gen1409 Univ0 prob=0.158
AgeVaxH35.js:2221 728I i:ageGp:fam 194:2:-1 by blue 317:2:-1 at gen1410 Univ0 prob=0.668
AgeVaxH35.js:2221 728I i:ageGp:fam 380:3:-1 by blue 996:9:-1 at gen1410 Univ0 prob=0.302
AgeVaxH35.js:2202 731I j:ageGp:fam 316:2:-1 by blue 48:1:-1 at gen1412 Univ0 prob=0.251
AgeVaxH35.js:2202 731I j:ageGp:fam 555:4:-1 by blue 103:1:-1 at gen1412 Univ0 prob=0.520
AgeVaxH35.js:2221 731I i:ageGp:fam 149:2:-1 by blue 497:3:-1 at gen1413 Univ0 prob=0.561
AgeVaxH35.js:2221 731I i:ageGp:fam 762:5:-1 by red 785:5:-1 at gen1413 Univ0 prob=0.806
AgeVaxH35.js:2202 735I j:ageGp:fam 626:4:-1 by red 166:2:-1 at gen1415 Univ0 prob=0.704
AgeVaxH35.js:2202 735I j:ageGp:fam 658:4:-1 by blue 291:2:-1 at gen1415 Univ0 prob=0.976
AgeVaxH35.js:2221 735I i:ageGp:fam 465:3:-1 by blue 996:9:-1 at gen1415 Univ0 prob=0.922
AgeVaxH35.js:2221 735I i:ageGp:fam 806:5:-1 by blue 892:6:-1 at gen1415 Univ0 prob=0.466
AgeVaxH35.js:2221 735I i:ageGp:fam 101:1:-1 by yellow 762:5:-1 at gen1416 Univ0 prob=0.408
AgeVaxH35.js:2202 740I j:ageGp:fam 454:3:-1 by yellow 226:2:-1 at gen1419 Univ0 prob=0.969
AgeVaxH35.js:2202 740I j:ageGp:fam 243:2:-1 by red 235:2:-1 at gen1419 Univ0 prob=0.938
AgeVaxH35.js:2221 740I i:ageGp:fam 753:5:-1 by blue 998:9:-1 at gen1419 Univ0 prob=0.551
AgeVaxH35.js:2221 743I i:ageGp:fam 434:3:-1 by blue 903:7:-1 at gen1421 Univ0 prob=0.094
AgeVaxH35.js:2221 743I i:ageGp:fam 877:6:-1 by red 966:8:-1 at gen1422 Univ0 prob=0.835
AgeVaxH35.js:2221 745I i:ageGp:fam 362:3:-1 by red 785:5:-1 at gen1427 Univ0 prob=0.374
AgeVaxH35.js:2202 746I j:ageGp:fam 954:8:-1 by blue 531:3:-1 at gen1430 Univ0 prob=0.908
AgeVaxH35.js:2202 747I j:ageGp:fam 385:3:-1 by blue 213:2:-1 at gen1437 Univ0 prob=0.573
AgeVaxH35.js:2221 747I i:ageGp:fam 58:1:-1 by red 998:9:-1 at gen1438 Univ0 prob=0.223
AgeVaxH35.js:2221 747I i:ageGp:fam 260:2:-1 by red 397:3:-1 at gen1438 Univ0 prob=0.309
AgeVaxH35.js:2202 750I j:ageGp:fam 813:5:-1 by red 173:2:-1 at gen1440 Univ0 prob=0.627
AgeVaxH35.js:2202 750I j:ageGp:fam 549:4:-1 by red 397:3:-1 at gen1440 Univ0 prob=0.911
AgeVaxH35.js:2202 752I j:ageGp:fam 242:2:-1 by blue 75:1:-1 at gen1445 Univ0 prob=0.995
AgeVaxH35.js:2221 752I i:ageGp:fam 282:2:-1 by blue 341:2:-1 at gen1446 Univ0 prob=0.964
AgeVaxH35.js:2221 753I i:ageGp:fam 68:1:-1 by red 266:2:-1 at gen1447 Univ0 prob=0.375
AgeVaxH35.js:2221 753I i:ageGp:fam 373:3:-1 by red 494:3:-1 at gen1447 Univ0 prob=0.684
AgeVaxH35.js:2202 756I j:ageGp:fam 881:6:-1 by blue 17:0:-1 at gen1449 Univ0 prob=0.186
AgeVaxH35.js:2202 757I j:ageGp:fam 775:5:-1 by red 407:3:-1 at gen1451 Univ0 prob=0.817
AgeVaxH35.js:2221 759I i:ageGp:fam 353:2:-1 by red 706:5:-1 at gen1454 Univ0 prob=0.470
AgeVaxH35.js:2202 759I j:ageGp:fam 736:5:-1 by red 48:1:-1 at gen1455 Univ0 prob=0.358
AgeVaxH35.js:2202 759I j:ageGp:fam 511:3:-1 by red 157:2:-1 at gen1455 Univ0 prob=0.702
AgeVaxH35.js:2202 762I j:ageGp:fam 346:2:-1 by red 79:1:-1 at gen1457 Univ0 prob=0.715
AgeVaxH35.js:2221 762I i:ageGp:fam 230:2:-1 by red 892:6:-1 at gen1457 Univ0 prob=0.625
AgeVaxH35.js:2202 764I j:ageGp:fam 973:8:-1 by blue 75:1:-1 at gen1460 Univ0 prob=0.035
AgeVaxH35.js:2202 764I j:ageGp:fam 530:3:-1 by blue 213:2:-1 at gen1461 Univ0 prob=0.071
AgeVaxH35.js:2221 766I i:ageGp:fam 39:0:-1 by red 943:7:-1 at gen1464 Univ0 prob=0.341
AgeVaxH35.js:2202 766I j:ageGp:fam 850:6:-1 by red 805:5:-1 at gen1464 Univ0 prob=0.779
AgeVaxH35.js:2202 768I j:ageGp:fam 554:4:-1 by red 343:2:-1 at gen1468 Univ0 prob=0.100
AgeVaxH35.js:2221 768I i:ageGp:fam 552:4:-1 by red 669:4:-1 at gen1468 Univ0 prob=0.273
AgeVaxH35.js:2221 770I i:ageGp:fam 159:2:-1 by red 784:5:-1 at gen1470 Univ0 prob=0.527
AgeVaxH35.js:2202 770I j:ageGp:fam 596:4:-1 by blue 140:2:-1 at gen1471 Univ0 prob=0.414
AgeVaxH35.js:2202 770I j:ageGp:fam 995:9:-1 by red 621:4:-1 at gen1471 Univ0 prob=0.808
AgeVaxH35.js:2221 773I i:ageGp:fam 360:3:-1 by blue 555:4:-1 at gen1473 Univ0 prob=0.160
AgeVaxH35.js:2221 773I i:ageGp:fam 331:2:-1 by red 785:5:-1 at gen1474 Univ0 prob=0.594
AgeVaxH35.js:2202 773I j:ageGp:fam 450:3:-1 by red 407:3:-1 at gen1474 Univ0 prob=0.757
AgeVaxH35.js:2221 773I i:ageGp:fam 633:4:-1 by red 870:6:-1 at gen1474 Univ0 prob=0.682
AgeVaxH35.js:2202 777I j:ageGp:fam 623:4:-1 by blue 467:3:-1 at gen1480 Univ0 prob=0.708
AgeVaxH35.js:2202 777I j:ageGp:fam 724:5:-1 by blue 641:4:-1 at gen1480 Univ0 prob=0.646
AgeVaxH35.js:2221 779I i:ageGp:fam 137:2:-1 by red 513:3:-1 at gen1484 Univ0 prob=0.301
AgeVaxH35.js:2221 780I i:ageGp:fam 278:2:-1 by blue 467:3:-1 at gen1486 Univ0 prob=0.192
AgeVaxH35.js:2221 781I i:ageGp:fam 127:1:-1 by red 556:4:-1 at gen1492 Univ0 prob=0.178
AgeVaxH35.js:2221 782I i:ageGp:fam 183:2:-1 by red 834:6:-1 at gen1495 Univ0 prob=0.345
AgeVaxH35.js:2202 783I j:ageGp:fam 386:3:-1 by red 269:2:-1 at gen1497 Univ0 prob=0.337
AgeVaxH35.js:2202 784I j:ageGp:fam 340:2:-1 by red 161:2:-1 at gen1500 Univ0 prob=0.136
AgeVaxH35.js:2202 784I j:ageGp:fam 882:6:-1 by red 397:3:-1 at gen1501 Univ0 prob=0.201
AgeVaxH35.js:2202 785I j:ageGp:fam 228:2:-1 by red 79:1:-1 at gen1502 Univ0 prob=0.814
AgeVaxH35.js:2221 785I i:ageGp:fam 228:2:-1 by blue 510:3:-1 at gen1502 Univ0 prob=0.061
AgeVaxH35.js:2221 787I i:ageGp:fam 6:0:-1 by red 157:2:-1 at gen1509 Univ0 prob=0.288
AgeVaxH35.js:2202 788I j:ageGp:fam 464:3:-1 by red 173:2:-1 at gen1511 Univ0 prob=0.003
AgeVaxH35.js:2202 788I j:ageGp:fam 410:3:-1 by red 259:2:-1 at gen1511 Univ0 prob=0.616
AgeVaxH35.js:2221 790I i:ageGp:fam 132:2:-1 by blue 282:2:-1 at gen1514 Univ0 prob=0.735
AgeVaxH35.js:2221 790I i:ageGp:fam 777:5:-1 by red 830:6:-1 at gen1514 Univ0 prob=0.352
AgeVaxH35.js:2202 790I j:ageGp:fam 801:5:-1 by yellow 6:0:-1 at gen1515 Univ0 prob=0.376
AgeVaxH35.js:2202 790I j:ageGp:fam 543:4:-1 by blue 260:2:-1 at gen1515 Univ0 prob=0.311
AgeVaxH35.js:2221 792I i:ageGp:fam 399:3:-1 by red 613:4:-1 at gen1516 Univ0 prob=0.669
AgeVaxH35.js:2221 792I i:ageGp:fam 430:3:-1 by red 621:4:-1 at gen1516 Univ0 prob=0.297
AgeVaxH35.js:2221 794I i:ageGp:fam 263:2:-1 by blue 385:3:-1 at gen1517 Univ0 prob=0.997
AgeVaxH35.js:2202 794I j:ageGp:fam 974:8:-1 by red 407:3:-1 at gen1517 Univ0 prob=0.863
AgeVaxH35.js:2221 794I i:ageGp:fam 584:4:-1 by red 621:4:-1 at gen1517 Univ0 prob=0.086
AgeVaxH35.js:2202 796I j:ageGp:fam 395:3:-1 by blue 58:1:-1 at gen1518 Univ0 prob=0.570
AgeVaxH35.js:2221 796I i:ageGp:fam 395:3:-1 by red 949:8:-1 at gen1518 Univ0 prob=0.084
AgeVaxH35.js:2202 796I j:ageGp:fam 684:4:-1 by red 467:3:-1 at gen1518 Univ0 prob=0.068
AgeVaxH35.js:2202 801I j:ageGp:fam 743:5:-1 by blue 242:2:-1 at gen1522 Univ0 prob=0.334
AgeVaxH35.js:2202 801I j:ageGp:fam 799:5:-1 by yellow 360:3:-1 at gen1523 Univ0 prob=0.250
AgeVaxH35.js:2202 801I j:ageGp:fam 799:5:-1 by red 711:5:-1 at gen1523 Univ0 prob=0.808
AgeVaxH35.js:2202 803I j:ageGp:fam 478:3:-1 by red 397:3:-1 at gen1525 Univ0 prob=0.904
AgeVaxH35.js:2202 804I j:ageGp:fam 904:7:-1 by blue 58:1:-1 at gen1527 Univ0 prob=0.638
AgeVaxH35.js:2221 804I i:ageGp:fam 904:7:-1 by red 964:8:-1 at gen1527 Univ0 prob=0.065
AgeVaxH35.js:2221 805I i:ageGp:fam 55:1:-1 by red 281:2:-1 at gen1530 Univ0 prob=0.787
AgeVaxH35.js:2221 805I i:ageGp:fam 748:5:-1 by red 919:7:-1 at gen1530 Univ0 prob=0.155
AgeVaxH35.js:2221 805I i:ageGp:fam 70:1:-1 by blue 260:2:-1 at gen1531 Univ0 prob=0.631
AgeVaxH35.js:2221 805I i:ageGp:fam 83:1:-1 by red 281:2:-1 at gen1531 Univ0 prob=0.249
AgeVaxH35.js:2221 805I i:ageGp:fam 548:4:-1 by blue 549:4:-1 at gen1531 Univ0 prob=0.057
AgeVaxH35.js:2202 810I j:ageGp:fam 854:6:-1 by red 200:2:-1 at gen1534 Univ0 prob=0.926
AgeVaxH35.js:2221 810I i:ageGp:fam 308:2:-1 by red 324:2:-1 at gen1535 Univ0 prob=0.460
AgeVaxH35.js:2202 812I j:ageGp:fam 951:8:-1 by yellow 777:5:-1 at gen1538 Univ0 prob=0.988
AgeVaxH35.js:2202 812I j:ageGp:fam 957:8:-1 by red 871:6:-1 at gen1538 Univ0 prob=0.714
AgeVaxH35.js:2202 814I j:ageGp:fam 916:7:-1 by red 513:3:-1 at gen1540 Univ0 prob=0.304
AgeVaxH35.js:2221 814I i:ageGp:fam 227:2:-1 by blue 511:3:-1 at gen1541 Univ0 prob=0.929
AgeVaxH35.js:2202 816I j:ageGp:fam 967:8:-1 by blue 511:3:-1 at gen1543 Univ0 prob=0.697
AgeVaxH35.js:2221 816I i:ageGp:fam 911:7:-1 by red 919:7:-1 at gen1543 Univ0 prob=0.380
AgeVaxH35.js:2221 816I i:ageGp:fam 355:2:-1 by yellow 911:7:-1 at gen1544 Univ0 prob=0.643
AgeVaxH35.js:2202 818I j:ageGp:fam 836:6:-1 by red 397:3:-1 at gen1545 Univ0 prob=0.392
AgeVaxH35.js:2202 819I j:ageGp:fam 902:7:-1 by red 281:2:-1 at gen1546 Univ0 prob=0.082
AgeVaxH35.js:2221 820I i:ageGp:fam 601:4:-1 by blue 995:9:-1 at gen1547 Univ0 prob=0.683
AgeVaxH35.js:2221 821I i:ageGp:fam 71:1:-1 by red 816:5:-1 at gen1548 Univ0 prob=0.090
AgeVaxH35.js:2221 821I i:ageGp:fam 130:1:-1 by red 343:2:-1 at gen1548 Univ0 prob=0.922
AgeVaxH35.js:2202 824I j:ageGp:fam 222:2:-1 by blue 39:0:-1 at gen1550 Univ0 prob=0.311
AgeVaxH35.js:2202 824I j:ageGp:fam 989:9:-1 by red 75:1:-1 at gen1551 Univ0 prob=0.787
AgeVaxH35.js:2202 826I j:ageGp:fam 605:4:-1 by blue 373:3:-1 at gen1553 Univ0 prob=0.377
AgeVaxH35.js:2221 827I i:ageGp:fam 306:2:-1 by red 806:5:-1 at gen1557 Univ0 prob=0.456
AgeVaxH35.js:2202 827I j:ageGp:fam 528:3:-1 by red 59:1:-1 at gen1558 Univ0 prob=0.242
AgeVaxH35.js:2221 827I i:ageGp:fam 267:2:-1 by red 513:3:-1 at gen1558 Univ0 prob=0.099
AgeVaxH35.js:2202 827I j:ageGp:fam 956:8:-1 by red 348:2:-1 at gen1558 Univ0 prob=0.204
AgeVaxH35.js:2221 831I i:ageGp:fam 336:2:-1 by blue 511:3:-1 at gen1560 Univ0 prob=0.499
AgeVaxH35.js:2221 832I i:ageGp:fam 289:2:-1 by blue 450:3:-1 at gen1565 Univ0 prob=0.740
AgeVaxH35.js:2221 832I i:ageGp:fam 311:2:-1 by blue 450:3:-1 at gen1565 Univ0 prob=0.931
AgeVaxH35.js:2221 832I i:ageGp:fam 958:8:-1 by blue 973:8:-1 at gen1565 Univ0 prob=0.807
AgeVaxH35.js:2202 835I j:ageGp:fam 650:4:-1 by blue 543:4:-1 at gen1567 Univ0 prob=0.749
AgeVaxH35.js:2221 835I i:ageGp:fam 45:1:-1 by red 806:5:-1 at gen1568 Univ0 prob=0.822
AgeVaxH35.js:2202 836I j:ageGp:fam 432:3:-1 by yellow 289:2:-1 at gen1569 Univ0 prob=0.124
AgeVaxH35.js:2202 838I j:ageGp:fam 271:2:-1 by red 213:2:-1 at gen1571 Univ0 prob=0.860
AgeVaxH35.js:2202 838I j:ageGp:fam 809:5:-1 by red 140:2:-1 at gen1572 Univ0 prob=0.364
AgeVaxH35.js:2221 838I i:ageGp:fam 358:2:-1 by blue 360:3:-1 at gen1572 Univ0 prob=0.615
AgeVaxH35.js:2221 838I i:ageGp:fam 652:4:-1 by blue 777:5:-1 at gen1572 Univ0 prob=0.295
AgeVaxH35.js:2202 839I j:ageGp:fam 982:9:-1 by blue 39:0:-1 at gen1573 Univ0 prob=0.002
AgeVaxH35.js:2202 839I j:ageGp:fam 401:3:-1 by yellow 289:2:-1 at gen1573 Univ0 prob=0.303
AgeVaxH35.js:2202 844I j:ageGp:fam 894:6:-1 by red 407:3:-1 at gen1575 Univ0 prob=0.042
AgeVaxH35.js:2202 844I j:ageGp:fam 694:5:-1 by blue 450:3:-1 at gen1575 Univ0 prob=0.687
AgeVaxH35.js:2221 844I i:ageGp:fam 23:0:-1 by red 260:2:-1 at gen1576 Univ0 prob=0.468
AgeVaxH35.js:2202 846I j:ageGp:fam 884:6:-1 by blue 799:5:-1 at gen1577 Univ0 prob=0.847
AgeVaxH35.js:2202 848I j:ageGp:fam 414:3:-1 by yellow 358:2:-1 at gen1579 Univ0 prob=0.598
AgeVaxH35.js:2221 848I i:ageGp:fam 480:3:-1 by red 533:3:-1 at gen1579 Univ0 prob=0.246
AgeVaxH35.js:2202 848I j:ageGp:fam 754:5:-1 by red 511:3:-1 at gen1579 Univ0 prob=0.762
AgeVaxH35.js:2202 848I j:ageGp:fam 356:2:-1 by blue 39:0:-1 at gen1580 Univ0 prob=0.870
AgeVaxH35.js:2221 848I i:ageGp:fam 219:2:-1 by red 511:3:-1 at gen1580 Univ0 prob=0.068
AgeVaxH35.js:2202 853I j:ageGp:fam 514:3:-1 by red 184:2:-1 at gen1584 Univ0 prob=0.366
AgeVaxH35.js:2202 853I j:ageGp:fam 814:5:-1 by red 230:2:-1 at gen1585 Univ0 prob=0.792
AgeVaxH35.js:2202 855I j:ageGp:fam 994:9:-1 by blue 684:4:-1 at gen1588 Univ0 prob=0.404
AgeVaxH35.js:2202 856I j:ageGp:fam 577:4:-1 by red 202:2:-1 at gen1590 Univ0 prob=0.360
AgeVaxH35.js:2202 857I j:ageGp:fam 616:4:-1 by red 139:2:-1 at gen1592 Univ0 prob=0.088
AgeVaxH35.js:2221 858I i:ageGp:fam 217:2:-1 by red 875:6:-1 at gen1594 Univ0 prob=0.201
AgeVaxH35.js:2202 859I j:ageGp:fam 256:2:-1 by red 109:1:-1 at gen1596 Univ0 prob=0.120
AgeVaxH35.js:2221 860I i:ageGp:fam 479:3:-1 by red 511:3:-1 at gen1600 Univ0 prob=0.752
AgeVaxH35.js:2202 860I j:ageGp:fam 924:7:-1 by blue 478:3:-1 at gen1601 Univ0 prob=0.419
AgeVaxH35.js:2221 861I i:ageGp:fam 18:0:-1 by red 511:3:-1 at gen1602 Univ0 prob=0.627
AgeVaxH35.js:2202 862I j:ageGp:fam 114:1:-1 by blue 70:1:-1 at gen1603 Univ0 prob=0.357
AgeVaxH35.js:2202 862I j:ageGp:fam 333:2:-1 by red 131:2:-1 at gen1603 Univ0 prob=0.786
AgeVaxH35.js:2221 865I i:ageGp:fam 34:0:-1 by blue 743:5:-1 at gen1606 Univ0 prob=0.572
AgeVaxH35.js:2202 865I j:ageGp:fam 250:2:-1 by blue 70:1:-1 at gen1606 Univ0 prob=0.422
AgeVaxH35.js:2202 865I j:ageGp:fam 441:3:-1 by blue 70:1:-1 at gen1607 Univ0 prob=0.376
AgeVaxH35.js:2221 868I i:ageGp:fam 135:2:-1 by blue 227:2:-1 at gen1609 Univ0 prob=0.348
AgeVaxH35.js:2221 869I i:ageGp:fam 305:2:-1 by blue 777:5:-1 at gen1618 Univ0 prob=0.962
AgeVaxH35.js:2202 869I j:ageGp:fam 909:7:-1 by green 305:2:-1 at gen1618 Univ0 prob=0.346
AgeVaxH35.js:2202 869I j:ageGp:fam 971:8:-1 by red 715:5:-1 at gen1618 Univ0 prob=0.145
AgeVaxH35.js:2221 872I i:ageGp:fam 677:4:-1 by blue 967:8:-1 at gen1620 Univ0 prob=0.498
AgeVaxH35.js:2221 872I i:ageGp:fam 448:3:-1 by blue 836:6:-1 at gen1621 Univ0 prob=0.378
AgeVaxH35.js:2202 872I j:ageGp:fam 929:7:-1 by yellow 652:4:-1 at gen1621 Univ0 prob=0.551
AgeVaxH35.js:2221 873I i:ageGp:fam 517:3:-1 by blue 743:5:-1 at gen1622 Univ0 prob=0.645
AgeVaxH35.js:2221 873I i:ageGp:fam 598:4:-1 by blue 836:6:-1 at gen1622 Univ0 prob=0.860
AgeVaxH35.js:2221 877I i:ageGp:fam 294:2:-1 by blue 336:2:-1 at gen1624 Univ0 prob=0.218
AgeVaxH35.js:2202 878I j:ageGp:fam 889:6:-1 by blue 6:0:-1 at gen1632 Univ0 prob=0.351
AgeVaxH35.js:2202 878I j:ageGp:fam 960:8:-1 by red 641:4:-1 at gen1633 Univ0 prob=0.976
AgeVaxH35.js:2202 878I j:ageGp:fam 908:7:-1 by blue 904:7:-1 at gen1633 Univ0 prob=0.012
AgeVaxH35.js:2221 881I i:ageGp:fam 141:2:-1 by red 316:2:-1 at gen1636 Univ0 prob=0.440
AgeVaxH35.js:2202 882I j:ageGp:fam 547:4:-1 by red 5:0:-1 at gen1639 Univ0 prob=0.449
AgeVaxH35.js:2221 882I i:ageGp:fam 313:2:-1 by red 454:3:-1 at gen1639 Univ0 prob=0.589
AgeVaxH35.js:2221 882I i:ageGp:fam 302:2:-1 by red 533:3:-1 at gen1640 Univ0 prob=0.299
AgeVaxH35.js:2221 885I i:ageGp:fam 199:2:-1 by blue 754:5:-1 at gen1642 Univ0 prob=0.665
AgeVaxH35.js:2221 885I i:ageGp:fam 505:3:-1 by red 543:4:-1 at gen1642 Univ0 prob=0.654
AgeVaxH35.js:2202 885I j:ageGp:fam 244:2:-1 by red 39:0:-1 at gen1643 Univ0 prob=0.846
AgeVaxH35.js:2202 887I j:ageGp:fam 819:5:-1 by blue 336:2:-1 at gen1644 Univ0 prob=0.811
AgeVaxH35.js:2221 889I i:ageGp:fam 707:5:-1 by blue 814:5:-1 at gen1646 Univ0 prob=0.316
AgeVaxH35.js:2221 889I i:ageGp:fam 84:1:-1 by blue 432:3:-1 at gen1647 Univ0 prob=0.143
AgeVaxH35.js:2202 891I j:ageGp:fam 713:5:-1 by red 132:2:-1 at gen1650 Univ0 prob=0.505
AgeVaxH35.js:2221 892I i:ageGp:fam 258:2:-1 by red 478:3:-1 at gen1655 Univ0 prob=0.135
AgeVaxH35.js:2221 892I i:ageGp:fam 201:2:-1 by blue 356:2:-1 at gen1656 Univ0 prob=0.035
AgeVaxH35.js:2221 894I i:ageGp:fam 315:2:-1 by red 450:3:-1 at gen1663 Univ0 prob=0.799
AgeVaxH35.js:2221 895I i:ageGp:fam 36:0:-1 by blue 45:1:-1 at gen1667 Univ0 prob=0.830
AgeVaxH35.js:2202 896I j:ageGp:fam 898:6:-1 by red 676:4:-1 at gen1671 Univ0 prob=0.944
AgeVaxH35.js:2202 897I j:ageGp:fam 492:3:-1 by yellow 36:0:-1 at gen1673 Univ0 prob=0.576
AgeVaxH35.js:2221 897I i:ageGp:fam 476:3:-1 by blue 514:3:-1 at gen1673 Univ0 prob=0.825
AgeVaxH35.js:2221 899I i:ageGp:fam 43:1:-1 by blue 45:1:-1 at gen1679 Univ0 prob=0.207
AgeVaxH35.js:2221 899I i:ageGp:fam 406:3:-1 by blue 479:3:-1 at gen1679 Univ0 prob=0.786
AgeVaxH35.js:2221 901I i:ageGp:fam 134:2:-1 by red 552:4:-1 at gen1681 Univ0 prob=0.932
AgeVaxH35.js:2202 902I j:ageGp:fam 635:4:-1 by blue 250:2:-1 at gen1685 Univ0 prob=0.456
AgeVaxH35.js:2202 902I j:ageGp:fam 541:4:-1 by red 511:3:-1 at gen1686 Univ0 prob=0.985
AgeVaxH35.js:2202 904I j:ageGp:fam 947:7:-1 by red 715:5:-1 at gen1690 Univ0 prob=0.265
AgeVaxH35.js:2221 904I i:ageGp:fam 617:4:-1 by yellow 707:5:-1 at gen1691 Univ0 prob=0.097
AgeVaxH35.js:2221 905I i:ageGp:fam 238:2:-1 by red 904:7:-1 at gen1692 Univ0 prob=0.167
AgeVaxH35.js:2202 906I j:ageGp:fam 740:5:-1 by blue 199:2:-1 at gen1693 Univ0 prob=0.926
AgeVaxH35.js:2221 908I i:ageGp:fam 67:1:-1 by blue 971:8:-1 at gen1695 Univ0 prob=0.052
AgeVaxH35.js:2221 909I i:ageGp:fam 241:2:-1 by red 316:2:-1 at gen1697 Univ0 prob=0.002
AgeVaxH35.js:2202 909I j:ageGp:fam 372:3:-1 by blue 34:0:-1 at gen1698 Univ0 prob=0.585
AgeVaxH35.js:2221 911I i:ageGp:fam 445:3:-1 by red 450:3:-1 at gen1702 Univ0 prob=0.590
AgeVaxH35.js:2221 912I i:ageGp:fam 196:2:-1 by blue 250:2:-1 at gen1704 Univ0 prob=0.454
AgeVaxH35.js:2202 913I j:ageGp:fam 897:6:-1 by blue 34:0:-1 at gen1708 Univ0 prob=0.229
AgeVaxH35.js:2202 914I j:ageGp:fam 261:2:-1 by blue 141:2:-1 at gen1710 Univ0 prob=0.664
AgeVaxH35.js:2221 915I i:ageGp:fam 28:0:-1 by yellow 196:2:-1 at gen1713 Univ0 prob=0.712
AgeVaxH35.js:2202 916I j:ageGp:fam 832:6:-1 by blue 135:2:-1 at gen1715 Univ0 prob=0.771
AgeVaxH35.js:2221 917I i:ageGp:fam 503:3:-1 by blue 517:3:-1 at gen1722 Univ0 prob=0.532
AgeVaxH35.js:2202 917I j:ageGp:fam 827:6:-1 by blue 517:3:-1 at gen1722 Univ0 prob=0.281
AgeVaxH35.js:2221 919I i:ageGp:fam 599:4:-1 by blue 971:8:-1 at gen1727 Univ0 prob=0.653
AgeVaxH35.js:2202 920I j:ageGp:fam 428:3:-1 by blue 313:2:-1 at gen1730 Univ0 prob=0.046
AgeVaxH35.js:2221 921I i:ageGp:fam 649:4:-1 by red 904:7:-1 at gen1732 Univ0 prob=0.277
AgeVaxH35.js:2202 922I j:ageGp:fam 636:4:-1 by blue 598:4:-1 at gen1734 Univ0 prob=0.671
AgeVaxH35.js:2202 923I j:ageGp:fam 254:2:-1 by yellow 196:2:-1 at gen1742 Univ0 prob=0.661
AgeVaxH35.js:2221 923I i:ageGp:fam 254:2:-1 by blue 505:3:-1 at gen1742 Univ0 prob=0.049
AgeVaxH35.js:2221 924I i:ageGp:fam 9:0:-1 by blue 505:3:-1 at gen1745 Univ0 prob=0.110
AgeVaxH35.js:2221 925I i:ageGp:fam 675:4:-1 by red 677:4:-1 at gen1758 Univ0 prob=0.415
AgeVaxH35.js:2221 926I i:ageGp:fam 374:3:-1 by yellow 675:4:-1 at gen1760 Univ0 prob=0.608
AgeVaxH35.js:2202 927I j:ageGp:fam 518:3:-1 by red 34:0:-1 at gen1764 Univ0 prob=0.227
AgeVaxH35.js:2202 927I j:ageGp:fam 657:4:-1 by red 127:1:-1 at gen1764 Univ0 prob=0.221
AgeVaxH35.js:2221 927I i:ageGp:fam 151:2:-1 by red 219:2:-1 at gen1765 Univ0 prob=0.811
AgeVaxH35.js:2221 927I i:ageGp:fam 632:4:-1 by red 971:8:-1 at gen1765 Univ0 prob=0.347
AgeVaxH35.js:2202 929I j:ageGp:fam 594:4:-1 by red 18:0:-1 at gen1766 Univ0 prob=0.868
AgeVaxH35.js:2202 932I j:ageGp:fam 800:5:-1 by yellow 428:3:-1 at gen1768 Univ0 prob=0.494
AgeVaxH35.js:2202 933I j:ageGp:fam 840:6:-1 by red 448:3:-1 at gen1774 Univ0 prob=0.651
AgeVaxH35.js:2221 934I i:ageGp:fam 303:2:-1 by blue 541:4:-1 at gen1776 Univ0 prob=0.998
AgeVaxH35.js:2202 934I j:ageGp:fam 821:6:-1 by red 18:0:-1 at gen1777 Univ0 prob=0.509
AgeVaxH35.js:2202 936I j:ageGp:fam 847:6:-1 by red 448:3:-1 at gen1779 Univ0 prob=0.756
AgeVaxH35.js:2221 937I i:ageGp:fam 90:1:-1 by red 517:3:-1 at gen1783 Univ0 prob=0.599
AgeVaxH35.js:2202 937I j:ageGp:fam 963:8:-1 by red 677:4:-1 at gen1784 Univ0 prob=0.444
AgeVaxH35.js:2202 939I j:ageGp:fam 277:2:-1 by red 219:2:-1 at gen1786 Univ0 prob=0.216
AgeVaxH35.js:2202 940I j:ageGp:fam 926:7:-1 by red 219:2:-1 at gen1790 Univ0 prob=0.994
AgeVaxH35.js:2202 941I j:ageGp:fam 905:7:-1 by red 836:6:-1 at gen1804 Univ0 prob=0.269
AgeVaxH35.js:2221 941I i:ageGp:fam 73:1:-1 by red 677:4:-1 at gen1805 Univ0 prob=0.914
AgeVaxH35.js:2202 942I j:ageGp:fam 447:3:-1 by red 135:2:-1 at gen1806 Univ0 prob=0.414
AgeVaxH35.js:2221 943I i:ageGp:fam 152:2:-1 by red 219:2:-1 at gen1807 Univ0 prob=0.666
AgeVaxH35.js:2221 945I i:ageGp:fam 639:4:-1 by red 707:5:-1 at gen1819 Univ0 prob=0.670
AgeVaxH35.js:2221 946I i:ageGp:fam 583:4:-1 by blue 675:4:-1 at gen1832 Univ0 prob=0.811
AgeVaxH35.js:2202 946I j:ageGp:fam 653:4:-1 by blue 632:4:-1 at gen1832 Univ0 prob=0.433
AgeVaxH35.js:2221 948I i:ageGp:fam 751:5:-1 by yellow 926:7:-1 at gen1838 Univ0 prob=0.165
AgeVaxH35.js:2221 949I i:ageGp:fam 208:2:-1 by red 448:3:-1 at gen1842 Univ0 prob=0.852
AgeVaxH35.js:2221 949I i:ageGp:fam 413:3:-1 by red 960:8:-1 at gen1843 Univ0 prob=0.920
AgeVaxH35.js:2221 950I i:ageGp:fam 570:4:-1 by red 677:4:-1 at gen1844 Univ0 prob=0.854
AgeVaxH35.js:2221 952I i:ageGp:fam 146:2:-1 by yellow 639:4:-1 at gen1848 Univ0 prob=0.684
AgeVaxH35.js:2221 952I i:ageGp:fam 207:2:-1 by red 219:2:-1 at gen1848 Univ0 prob=0.077
AgeVaxH35.js:2221 954I i:ageGp:fam 177:2:-1 by red 617:4:-1 at gen1852 Univ0 prob=0.675
AgeVaxH35.js:2202 955I j:ageGp:fam 437:3:-1 by red 428:3:-1 at gen1858 Univ0 prob=0.782
AgeVaxH35.js:2202 955I j:ageGp:fam 704:5:-1 by blue 151:2:-1 at gen1859 Univ0 prob=0.269
AgeVaxH35.js:2202 957I j:ageGp:fam 721:5:-1 by red 294:2:-1 at gen1872 Univ0 prob=0.446
AgeVaxH35.js:2221 958I i:ageGp:fam 474:3:-1 by red 503:3:-1 at gen1874 Univ0 prob=0.736
AgeVaxH35.js:2221 958I i:ageGp:fam 187:2:-1 by red 448:3:-1 at gen1875 Univ0 prob=0.778
AgeVaxH35.js:2221 960I i:ageGp:fam 405:3:-1 by red 971:8:-1 at gen1879 Univ0 prob=0.578
AgeVaxH35.js:2221 961I i:ageGp:fam 197:2:-1 by red 406:3:-1 at gen1899 Univ0 prob=0.869
AgeVaxH35.js:2202 962I j:ageGp:fam 761:5:-1 by blue 152:2:-1 at gen1904 Univ0 prob=0.909
AgeVaxH35.js:2221 962I i:ageGp:fam 384:3:-1 by red 505:3:-1 at gen1904 Univ0 prob=0.211
AgeVaxH35.js:2221 962I i:ageGp:fam 761:5:-1 by red 819:5:-1 at gen1904 Univ0 prob=0.019
AgeVaxH35.js:2202 964I j:ageGp:fam 869:6:-1 by blue 570:4:-1 at gen1914 Univ0 prob=0.725
AgeVaxH35.js:2202 965I j:ageGp:fam 457:3:-1 by red 151:2:-1 at gen1918 Univ0 prob=0.244
AgeVaxH35.js:2221 966I i:ageGp:fam 1:0:-1 by blue 583:4:-1 at gen1920 Univ0 prob=0.241
AgeVaxH35.js:2202 967I j:ageGp:fam 603:4:-1 by blue 570:4:-1 at gen1946 Univ0 prob=0.510
AgeVaxH35.js:2202 968I j:ageGp:fam 737:5:-1 by red 73:1:-1 at gen1954 Univ0 prob=0.226
AgeVaxH35.js:2221 969I i:ageGp:fam 142:2:-1 by blue 721:5:-1 at gen1958 Univ0 prob=0.697
AgeVaxH35.js:2202 970I j:ageGp:fam 983:9:-1 by red 632:4:-1 at gen1963 Univ0 prob=0.179
AgeVaxH35.js:2221 971I i:ageGp:fam 504:3:-1 by red 963:8:-1 at gen1966 Univ0 prob=0.560
AgeVaxH35.js:2221 972I i:ageGp:fam 33:0:-1 by red 583:4:-1 at gen1968 Univ0 prob=0.229
AgeVaxH35.js:2221 973I i:ageGp:fam 390:3:-1 by red 963:8:-1 at gen1971 Univ0 prob=0.787
AgeVaxH35.js:2202 974I j:ageGp:fam 750:5:-1 by red 570:4:-1 at gen1976 Univ0 prob=0.223
AgeVaxH35.js:2221 975I i:ageGp:fam 545:4:-1 by red 926:7:-1 at gen2006 Univ0 prob=0.008
AgeVaxH35.js:2202 976I j:ageGp:fam 630:4:-1 by blue 1:0:-1 at gen2011 Univ0 prob=0.406
AgeVaxH35.js:2221 977I i:ageGp:fam 376:3:-1 by red 474:3:-1 at gen2025 Univ0 prob=0.093
AgeVaxH35.js:2221 978I i:ageGp:fam 2:0:-1 by blue 457:3:-1 at gen2035 Univ0 prob=0.331
AgeVaxH35.js:2221 979I i:ageGp:fam 693:5:-1 by blue 750:5:-1 at gen2048 Univ0 prob=0.662
AgeVaxH35.js:2221 980I i:ageGp:fam 94:1:-1 by blue 603:4:-1 at gen2055 Univ0 prob=0.469
AgeVaxH35.js:2202 981I j:ageGp:fam 756:5:-1 by blue 33:0:-1 at gen2075 Univ0 prob=0.244
AgeVaxH35.js:2202 982I j:ageGp:fam 522:3:-1 by blue 376:3:-1 at gen2131 Univ0 prob=0.797
AgeVaxH35.js:2202 983I j:ageGp:fam 700:5:-1 by red 376:3:-1 at gen2196 Univ0 prob=0.870
AgeVaxH35.js:2202 984I j:ageGp:fam 788:5:-1 by red 2:0:-1 at gen2205 Univ0 prob=0.595
AgeVaxH35.js:2221 985I i:ageGp:fam 328:2:-1 by blue 522:3:-1 at gen2214 Univ0 prob=0.667
AgeVaxH35.js:2221 986I i:ageGp:fam 475:3:-1 by red 737:5:-1 at gen2226 Univ0 prob=0.375
AgeVaxH35.js:2221 987I i:ageGp:fam 326:2:-1 by blue 522:3:-1 at gen2229 Univ0 prob=0.180
AgeVaxH35.js:2221 988I i:ageGp:fam 232:2:-1 by red 756:5:-1 at gen2300 Univ0 prob=0.082
AgeVaxH35.js:2221 989I i:ageGp:fam 312:2:-1 by red 328:2:-1 at gen2345 Univ0 prob=0.371
