AgeVaxH35.js:871 Mon Jan 18 2021 20:58:39 GMT-0800 (Pacific Standard Time)
AgeVaxH35.js:872 CovidSIMVL Mode1 and Mod2 Hybrid 35d
AgeVaxH35.js:873 Mode 1 >13 and <36 is 75%
AgeVaxH35.js:874 Mode 2 >28 is 95%; >13 and <29 is 75%
AgeVaxH35.js:4370 exit covidSim
AgeVaxH35.js:23 getAsText File {name: "Popn1000.csv", lastModified: 1611021598000, lastModifiedDate: Mon Jan 18 2021 17:59:58 GMT-0800 (Pacific Standard Time), webkitRelativePath: "", size: 23944, …}
AgeVaxH35.js:32 File {name: "Popn1000.csv", lastModified: 1611021598000, lastModifiedDate: Mon Jan 18 2021 17:59:58 GMT-0800 (Pacific Standard Time), webkitRelativePath: "", size: 23944, …}
AgeVaxH35.js:23 getAsText File {name: "VL1ageGp2.csv", lastModified: 1611004274000, lastModifiedDate: Mon Jan 18 2021 13:11:14 GMT-0800 (Pacific Standard Time), webkitRelativePath: "", size: 65, …}
AgeVaxH35.js:32 File {name: "VL1ageGp2.csv", lastModified: 1611004274000, lastModifiedDate: Mon Jan 18 2021 13:11:14 GMT-0800 (Pacific Standard Time), webkitRelativePath: "", size: 65, …}
AgeVaxH35.js:1696 New Hazard Radius = 2
AgeVaxH35.js:1674 Red Days changed to 8.2
AgeVaxH35.js:2202 1I j:ageGp:fam 163:2:-1 by blue 150:2:-1 at gen47 Univ0 prob=0.407
AgeVaxH35.js:2202 2I j:ageGp:fam 527:3:-1 by red 150:2:-1 at gen65 Univ0 prob=0.779
AgeVaxH35.js:2202 3I j:ageGp:fam 798:5:-1 by red 150:2:-1 at gen79 Univ0 prob=0.724
AgeVaxH35.js:2221 4I i:ageGp:fam 79:1:-1 by blue 163:2:-1 at gen133 Univ0 prob=0.791
AgeVaxH35.js:2221 4I i:ageGp:fam 12:0:-1 by yellow 79:1:-1 at gen134 Univ0 prob=0.785
AgeVaxH35.js:2202 5I j:ageGp:fam 878:6:-1 by yellow 79:1:-1 at gen135 Univ0 prob=0.168
AgeVaxH35.js:2202 7I j:ageGp:fam 668:4:-1 by blue 163:2:-1 at gen139 Univ0 prob=0.137
AgeVaxH35.js:2202 8I j:ageGp:fam 897:6:-1 by blue 798:5:-1 at gen156 Univ0 prob=0.585
AgeVaxH35.js:2221 9I i:ageGp:fam 365:3:-1 by blue 798:5:-1 at gen158 Univ0 prob=0.543
AgeVaxH35.js:2221 9I i:ageGp:fam 609:4:-1 by blue 798:5:-1 at gen159 Univ0 prob=0.350
AgeVaxH35.js:2202 11I j:ageGp:fam 970:8:-1 by blue 798:5:-1 at gen162 Univ0 prob=0.136
AgeVaxH35.js:2202 12I j:ageGp:fam 611:4:-1 by red 163:2:-1 at gen182 Univ0 prob=0.759
AgeVaxH35.js:2202 12I j:ageGp:fam 695:5:-1 by green 611:4:-1 at gen182 Univ0 prob=0.436
AgeVaxH35.js:2221 14I i:ageGp:fam 561:4:-1 by blue 878:6:-1 at gen186 Univ0 prob=0.666
AgeVaxH35.js:2202 14I j:ageGp:fam 740:5:-1 by yellow 668:4:-1 at gen187 Univ0 prob=0.150
AgeVaxH35.js:2221 16I i:ageGp:fam 328:2:-1 by blue 668:4:-1 at gen199 Univ0 prob=0.803
AgeVaxH35.js:2221 17I i:ageGp:fam 414:3:-1 by red 527:3:-1 at gen206 Univ0 prob=0.190
AgeVaxH35.js:2202 18I j:ageGp:fam 781:5:-1 by blue 12:0:-1 at gen209 Univ0 prob=0.098
AgeVaxH35.js:2221 19I i:ageGp:fam 172:2:-1 by blue 970:8:-1 at gen215 Univ0 prob=0.005
AgeVaxH35.js:2221 20I i:ageGp:fam 606:4:-1 by blue 970:8:-1 at gen220 Univ0 prob=0.537
AgeVaxH35.js:2202 21I j:ageGp:fam 802:5:-1 by red 798:5:-1 at gen223 Univ0 prob=0.500
AgeVaxH35.js:2202 22I j:ageGp:fam 207:2:-1 by blue 79:1:-1 at gen227 Univ0 prob=0.812
AgeVaxH35.js:2202 22I j:ageGp:fam 691:5:-1 by yellow 207:2:-1 at gen228 Univ0 prob=0.612
AgeVaxH35.js:2202 22I j:ageGp:fam 712:5:-1 by blue 365:3:-1 at gen228 Univ0 prob=0.399
AgeVaxH35.js:2221 23I i:ageGp:fam 774:5:-1 by yellow 802:5:-1 at gen229 Univ0 prob=0.545
AgeVaxH35.js:2202 25I j:ageGp:fam 964:8:-1 by yellow 207:2:-1 at gen230 Univ0 prob=0.469
AgeVaxH35.js:2221 27I i:ageGp:fam 179:2:-1 by blue 970:8:-1 at gen235 Univ0 prob=0.033
AgeVaxH35.js:2221 28I i:ageGp:fam 16:0:-1 by red 527:3:-1 at gen239 Univ0 prob=0.966
AgeVaxH35.js:2202 29I j:ageGp:fam 957:8:-1 by red 798:5:-1 at gen247 Univ0 prob=0.313
AgeVaxH35.js:2221 30I i:ageGp:fam 209:2:-1 by blue 365:3:-1 at gen258 Univ0 prob=0.732
AgeVaxH35.js:2202 31I j:ageGp:fam 920:7:-1 by red 878:6:-1 at gen264 Univ0 prob=0.768
AgeVaxH35.js:2202 32I j:ageGp:fam 532:3:-1 by red 79:1:-1 at gen268 Univ0 prob=0.179
AgeVaxH35.js:2221 33I i:ageGp:fam 728:5:-1 by blue 970:8:-1 at gen271 Univ0 prob=0.087
AgeVaxH35.js:2221 33I i:ageGp:fam 780:5:-1 by yellow 802:5:-1 at gen272 Univ0 prob=0.354
AgeVaxH35.js:2221 35I i:ageGp:fam 528:3:-1 by red 878:6:-1 at gen280 Univ0 prob=0.708
AgeVaxH35.js:2221 36I i:ageGp:fam 228:2:-1 by red 668:4:-1 at gen282 Univ0 prob=0.067
AgeVaxH35.js:2202 37I j:ageGp:fam 396:3:-1 by red 365:3:-1 at gen286 Univ0 prob=0.204
AgeVaxH35.js:2221 37I i:ageGp:fam 731:5:-1 by red 970:8:-1 at gen286 Univ0 prob=0.434
AgeVaxH35.js:2221 37I i:ageGp:fam 323:2:-1 by blue 328:2:-1 at gen287 Univ0 prob=0.899
AgeVaxH35.js:2221 40I i:ageGp:fam 620:4:-1 by blue 695:5:-1 at gen291 Univ0 prob=0.006
AgeVaxH35.js:2202 41I j:ageGp:fam 218:2:-1 by red 79:1:-1 at gen293 Univ0 prob=0.470
AgeVaxH35.js:2221 42I i:ageGp:fam 765:5:-1 by blue 964:8:-1 at gen295 Univ0 prob=0.010
AgeVaxH35.js:2202 43I j:ageGp:fam 465:3:-1 by yellow 209:2:-1 at gen297 Univ0 prob=0.917
AgeVaxH35.js:2202 43I j:ageGp:fam 465:3:-1 by red 365:3:-1 at gen297 Univ0 prob=0.590
AgeVaxH35.js:2221 43I i:ageGp:fam 569:4:-1 by blue 802:5:-1 at gen297 Univ0 prob=0.468
AgeVaxH35.js:2221 43I i:ageGp:fam 32:0:-1 by yellow 957:8:-1 at gen298 Univ0 prob=0.008
AgeVaxH35.js:2221 43I i:ageGp:fam 757:5:-1 by yellow 957:8:-1 at gen298 Univ0 prob=0.902
AgeVaxH35.js:2202 45I j:ageGp:fam 767:5:-1 by blue 712:5:-1 at gen299 Univ0 prob=0.943
AgeVaxH35.js:2221 48I i:ageGp:fam 198:2:-1 by blue 328:2:-1 at gen309 Univ0 prob=0.045
AgeVaxH35.js:2221 49I i:ageGp:fam 68:1:-1 by blue 691:5:-1 at gen311 Univ0 prob=0.893
AgeVaxH35.js:2221 49I i:ageGp:fam 339:2:-1 by blue 957:8:-1 at gen312 Univ0 prob=0.533
AgeVaxH35.js:2221 51I i:ageGp:fam 648:4:-1 by blue 802:5:-1 at gen317 Univ0 prob=0.644
AgeVaxH35.js:2221 51I i:ageGp:fam 597:4:-1 by red 740:5:-1 at gen318 Univ0 prob=0.442
AgeVaxH35.js:2221 51I i:ageGp:fam 613:4:-1 by yellow 648:4:-1 at gen318 Univ0 prob=0.819
AgeVaxH35.js:2221 52I i:ageGp:fam 660:4:-1 by blue 691:5:-1 at gen319 Univ0 prob=0.991
AgeVaxH35.js:2221 54I i:ageGp:fam 402:3:-1 by yellow 648:4:-1 at gen320 Univ0 prob=0.614
AgeVaxH35.js:2202 56I j:ageGp:fam 234:2:-1 by yellow 32:0:-1 at gen324 Univ0 prob=0.073
AgeVaxH35.js:2202 56I j:ageGp:fam 403:3:-1 by yellow 32:0:-1 at gen324 Univ0 prob=0.428
AgeVaxH35.js:2221 56I i:ageGp:fam 133:2:-1 by red 878:6:-1 at gen325 Univ0 prob=0.590
AgeVaxH35.js:2221 58I i:ageGp:fam 243:2:-1 by red 365:3:-1 at gen326 Univ0 prob=0.783
AgeVaxH35.js:2221 59I i:ageGp:fam 690:5:-1 by blue 802:5:-1 at gen327 Univ0 prob=0.572
AgeVaxH35.js:2202 60I j:ageGp:fam 784:5:-1 by red 740:5:-1 at gen328 Univ0 prob=0.206
AgeVaxH35.js:2202 61I j:ageGp:fam 884:6:-1 by red 328:2:-1 at gen329 Univ0 prob=0.292
AgeVaxH35.js:2202 63I j:ageGp:fam 109:1:-1 by blue 16:0:-1 at gen333 Univ0 prob=0.419
AgeVaxH35.js:2221 63I i:ageGp:fam 177:2:-1 by blue 780:5:-1 at gen334 Univ0 prob=0.705
AgeVaxH35.js:2202 63I j:ageGp:fam 803:5:-1 by yellow 731:5:-1 at gen334 Univ0 prob=0.284
AgeVaxH35.js:2202 66I j:ageGp:fam 288:2:-1 by blue 209:2:-1 at gen336 Univ0 prob=0.707
AgeVaxH35.js:2221 67I i:ageGp:fam 458:3:-1 by blue 606:4:-1 at gen340 Univ0 prob=0.289
AgeVaxH35.js:2221 68I i:ageGp:fam 154:2:-1 by blue 532:3:-1 at gen342 Univ0 prob=0.745
AgeVaxH35.js:2221 68I i:ageGp:fam 140:2:-1 by red 970:8:-1 at gen343 Univ0 prob=0.072
AgeVaxH35.js:2221 69I i:ageGp:fam 443:3:-1 by blue 780:5:-1 at gen344 Univ0 prob=0.247
AgeVaxH35.js:2221 71I i:ageGp:fam 392:3:-1 by blue 957:8:-1 at gen346 Univ0 prob=0.085
AgeVaxH35.js:2221 72I i:ageGp:fam 393:3:-1 by blue 728:5:-1 at gen349 Univ0 prob=0.462
AgeVaxH35.js:2202 72I j:ageGp:fam 902:7:-1 by blue 728:5:-1 at gen349 Univ0 prob=0.075
AgeVaxH35.js:2221 72I i:ageGp:fam 817:5:-1 by blue 957:8:-1 at gen350 Univ0 prob=0.615
AgeVaxH35.js:2221 75I i:ageGp:fam 126:1:-1 by blue 728:5:-1 at gen355 Univ0 prob=0.534
AgeVaxH35.js:2202 75I j:ageGp:fam 874:6:-1 by blue 465:3:-1 at gen355 Univ0 prob=0.431
AgeVaxH35.js:2221 77I i:ageGp:fam 158:2:-1 by yellow 392:3:-1 at gen357 Univ0 prob=0.742
AgeVaxH35.js:2202 78I j:ageGp:fam 468:3:-1 by red 179:2:-1 at gen362 Univ0 prob=0.707
AgeVaxH35.js:2221 78I i:ageGp:fam 114:1:-1 by blue 528:3:-1 at gen363 Univ0 prob=0.075
AgeVaxH35.js:2221 80I i:ageGp:fam 200:2:-1 by red 802:5:-1 at gen365 Univ0 prob=0.797
AgeVaxH35.js:2202 80I j:ageGp:fam 553:4:-1 by blue 209:2:-1 at gen366 Univ0 prob=0.910
AgeVaxH35.js:2202 81I j:ageGp:fam 682:4:-1 by blue 209:2:-1 at gen367 Univ0 prob=0.707
AgeVaxH35.js:2221 82I i:ageGp:fam 562:4:-1 by blue 765:5:-1 at gen368 Univ0 prob=0.493
AgeVaxH35.js:2202 84I j:ageGp:fam 906:7:-1 by blue 465:3:-1 at gen371 Univ0 prob=0.538
AgeVaxH35.js:2202 84I j:ageGp:fam 455:3:-1 by blue 323:2:-1 at gen372 Univ0 prob=0.610
AgeVaxH35.js:2202 85I j:ageGp:fam 370:3:-1 by yellow 243:2:-1 at gen373 Univ0 prob=0.383
AgeVaxH35.js:2221 85I i:ageGp:fam 370:3:-1 by blue 569:4:-1 at gen373 Univ0 prob=0.853
AgeVaxH35.js:2221 86I i:ageGp:fam 347:2:-1 by blue 465:3:-1 at gen374 Univ0 prob=0.627
AgeVaxH35.js:2202 87I j:ageGp:fam 982:9:-1 by red 774:5:-1 at gen375 Univ0 prob=0.965
AgeVaxH35.js:2221 89I i:ageGp:fam 581:4:-1 by red 920:7:-1 at gen383 Univ0 prob=0.073
AgeVaxH35.js:2202 89I j:ageGp:fam 790:5:-1 by red 712:5:-1 at gen383 Univ0 prob=0.393
AgeVaxH35.js:2202 91I j:ageGp:fam 879:6:-1 by blue 198:2:-1 at gen385 Univ0 prob=0.184
AgeVaxH35.js:2221 92I i:ageGp:fam 807:5:-1 by red 957:8:-1 at gen391 Univ0 prob=0.567
AgeVaxH35.js:2221 92I i:ageGp:fam 77:1:-1 by red 780:5:-1 at gen392 Univ0 prob=0.353
AgeVaxH35.js:2202 92I j:ageGp:fam 342:2:-1 by blue 198:2:-1 at gen392 Univ0 prob=0.284
AgeVaxH35.js:2221 95I i:ageGp:fam 81:1:-1 by red 780:5:-1 at gen394 Univ0 prob=0.051
AgeVaxH35.js:2221 96I i:ageGp:fam 639:4:-1 by red 691:5:-1 at gen396 Univ0 prob=0.280
AgeVaxH35.js:2202 96I j:ageGp:fam 602:4:-1 by blue 392:3:-1 at gen397 Univ0 prob=0.598
AgeVaxH35.js:2202 96I j:ageGp:fam 942:7:-1 by blue 784:5:-1 at gen397 Univ0 prob=0.284
AgeVaxH35.js:2202 97I j:ageGp:fam 514:3:-1 by blue 402:3:-1 at gen398 Univ0 prob=0.531
AgeVaxH35.js:2202 99I j:ageGp:fam 329:2:-1 by blue 243:2:-1 at gen399 Univ0 prob=0.261
AgeVaxH35.js:2202 99I j:ageGp:fam 858:6:-1 by blue 690:5:-1 at gen399 Univ0 prob=0.237
AgeVaxH35.js:2202 100I j:ageGp:fam 838:6:-1 by blue 198:2:-1 at gen400 Univ0 prob=0.538
AgeVaxH35.js:2221 102I i:ageGp:fam 398:3:-1 by red 731:5:-1 at gen401 Univ0 prob=0.339
AgeVaxH35.js:2221 103I i:ageGp:fam 483:3:-1 by blue 902:7:-1 at gen402 Univ0 prob=0.666
AgeVaxH35.js:2202 104I j:ageGp:fam 499:3:-1 by blue 177:2:-1 at gen403 Univ0 prob=0.989
AgeVaxH35.js:2221 105I i:ageGp:fam 590:4:-1 by red 728:5:-1 at gen404 Univ0 prob=0.207
AgeVaxH35.js:2202 107I j:ageGp:fam 404:3:-1 by blue 154:2:-1 at gen406 Univ0 prob=0.474
AgeVaxH35.js:2202 107I j:ageGp:fam 868:6:-1 by blue 569:4:-1 at gen407 Univ0 prob=0.663
AgeVaxH35.js:2202 108I j:ageGp:fam 508:3:-1 by blue 198:2:-1 at gen408 Univ0 prob=0.658
AgeVaxH35.js:2221 108I i:ageGp:fam 224:2:-1 by blue 402:3:-1 at gen408 Univ0 prob=0.624
AgeVaxH35.js:2202 108I j:ageGp:fam 649:4:-1 by blue 339:2:-1 at gen408 Univ0 prob=0.192
AgeVaxH35.js:2202 108I j:ageGp:fam 938:7:-1 by blue 402:3:-1 at gen408 Univ0 prob=0.014
AgeVaxH35.js:2202 109I j:ageGp:fam 984:9:-1 by red 396:3:-1 at gen409 Univ0 prob=0.283
AgeVaxH35.js:2202 113I j:ageGp:fam 793:5:-1 by blue 402:3:-1 at gen410 Univ0 prob=0.588
AgeVaxH35.js:2202 114I j:ageGp:fam 390:3:-1 by blue 288:2:-1 at gen411 Univ0 prob=0.064
AgeVaxH35.js:2202 115I j:ageGp:fam 570:4:-1 by blue 402:3:-1 at gen412 Univ0 prob=0.981
AgeVaxH35.js:2202 117I j:ageGp:fam 864:6:-1 by blue 690:5:-1 at gen415 Univ0 prob=0.464
AgeVaxH35.js:2202 118I j:ageGp:fam 497:3:-1 by blue 177:2:-1 at gen418 Univ0 prob=0.738
AgeVaxH35.js:2202 119I j:ageGp:fam 400:3:-1 by blue 198:2:-1 at gen420 Univ0 prob=0.513
AgeVaxH35.js:2221 119I i:ageGp:fam 549:4:-1 by red 964:8:-1 at gen421 Univ0 prob=0.231
AgeVaxH35.js:2202 120I j:ageGp:fam 688:4:-1 by blue 393:3:-1 at gen422 Univ0 prob=0.988
AgeVaxH35.js:2221 121I i:ageGp:fam 513:3:-1 by blue 902:7:-1 at gen423 Univ0 prob=0.799
AgeVaxH35.js:2221 122I i:ageGp:fam 227:2:-1 by red 728:5:-1 at gen424 Univ0 prob=0.688
AgeVaxH35.js:2202 122I j:ageGp:fam 462:3:-1 by blue 392:3:-1 at gen424 Univ0 prob=0.928
AgeVaxH35.js:2221 123I i:ageGp:fam 31:0:-1 by blue 660:4:-1 at gen425 Univ0 prob=0.159
AgeVaxH35.js:2221 123I i:ageGp:fam 343:2:-1 by yellow 347:2:-1 at gen425 Univ0 prob=0.854
AgeVaxH35.js:2202 123I j:ageGp:fam 457:3:-1 by yellow 347:2:-1 at gen425 Univ0 prob=0.634
AgeVaxH35.js:2221 125I i:ageGp:fam 38:0:-1 by red 198:2:-1 at gen426 Univ0 prob=0.828
AgeVaxH35.js:2202 125I j:ageGp:fam 761:5:-1 by blue 154:2:-1 at gen426 Univ0 prob=0.098
AgeVaxH35.js:2221 128I i:ageGp:fam 60:1:-1 by blue 874:6:-1 at gen427 Univ0 prob=0.190
AgeVaxH35.js:2221 131I i:ageGp:fam 337:2:-1 by blue 874:6:-1 at gen431 Univ0 prob=0.811
AgeVaxH35.js:2202 131I j:ageGp:fam 810:5:-1 by yellow 38:0:-1 at gen432 Univ0 prob=0.263
AgeVaxH35.js:2202 131I j:ageGp:fam 810:5:-1 by red 198:2:-1 at gen432 Univ0 prob=0.641
AgeVaxH35.js:2221 133I i:ageGp:fam 558:4:-1 by red 957:8:-1 at gen436 Univ0 prob=0.172
AgeVaxH35.js:2221 133I i:ageGp:fam 845:6:-1 by blue 874:6:-1 at gen437 Univ0 prob=0.766
AgeVaxH35.js:2202 135I j:ageGp:fam 935:7:-1 by blue 154:2:-1 at gen445 Univ0 prob=0.682
AgeVaxH35.js:2202 136I j:ageGp:fam 352:2:-1 by red 68:1:-1 at gen448 Univ0 prob=0.517
AgeVaxH35.js:2202 136I j:ageGp:fam 850:6:-1 by red 403:3:-1 at gen448 Univ0 prob=0.948
AgeVaxH35.js:2202 138I j:ageGp:fam 946:7:-1 by red 765:5:-1 at gen453 Univ0 prob=0.716
AgeVaxH35.js:2202 139I j:ageGp:fam 429:3:-1 by blue 154:2:-1 at gen455 Univ0 prob=0.567
AgeVaxH35.js:2221 139I i:ageGp:fam 98:1:-1 by yellow 649:4:-1 at gen456 Univ0 prob=0.994
AgeVaxH35.js:2221 141I i:ageGp:fam 387:3:-1 by red 780:5:-1 at gen458 Univ0 prob=0.878
AgeVaxH35.js:2221 141I i:ageGp:fam 645:4:-1 by red 765:5:-1 at gen458 Univ0 prob=0.246
AgeVaxH35.js:2202 141I j:ageGp:fam 940:7:-1 by blue 347:2:-1 at gen459 Univ0 prob=0.730
AgeVaxH35.js:2202 141I j:ageGp:fam 771:5:-1 by red 402:3:-1 at gen459 Univ0 prob=0.545
AgeVaxH35.js:2202 143I j:ageGp:fam 685:4:-1 by blue 77:1:-1 at gen460 Univ0 prob=0.721
AgeVaxH35.js:2202 143I j:ageGp:fam 764:5:-1 by blue 342:2:-1 at gen460 Univ0 prob=0.809
AgeVaxH35.js:2221 143I i:ageGp:fam 556:4:-1 by blue 902:7:-1 at gen460 Univ0 prob=0.939
AgeVaxH35.js:2202 148I j:ageGp:fam 633:4:-1 by red 288:2:-1 at gen464 Univ0 prob=0.589
AgeVaxH35.js:2202 148I j:ageGp:fam 778:5:-1 by red 339:2:-1 at gen464 Univ0 prob=0.109
AgeVaxH35.js:2221 148I i:ageGp:fam 46:1:-1 by red 339:2:-1 at gen465 Univ0 prob=0.410
AgeVaxH35.js:2202 150I j:ageGp:fam 718:5:-1 by red 288:2:-1 at gen466 Univ0 prob=0.005
AgeVaxH35.js:2202 150I j:ageGp:fam 678:4:-1 by blue 342:2:-1 at gen466 Univ0 prob=0.352
AgeVaxH35.js:2221 150I i:ageGp:fam 488:3:-1 by blue 906:7:-1 at gen466 Univ0 prob=0.623
AgeVaxH35.js:2202 150I j:ageGp:fam 663:4:-1 by blue 570:4:-1 at gen466 Univ0 prob=0.865
AgeVaxH35.js:2221 151I i:ageGp:fam 550:4:-1 by blue 790:5:-1 at gen467 Univ0 prob=0.331
AgeVaxH35.js:2221 155I i:ageGp:fam 280:2:-1 by blue 570:4:-1 at gen468 Univ0 prob=0.994
AgeVaxH35.js:2202 155I j:ageGp:fam 623:4:-1 by red 288:2:-1 at gen468 Univ0 prob=0.629
AgeVaxH35.js:2202 158I j:ageGp:fam 875:6:-1 by blue 602:4:-1 at gen470 Univ0 prob=0.729
AgeVaxH35.js:2202 158I j:ageGp:fam 699:5:-1 by yellow 488:3:-1 at gen471 Univ0 prob=0.879
AgeVaxH35.js:2221 159I i:ageGp:fam 299:2:-1 by blue 838:6:-1 at gen472 Univ0 prob=0.166
AgeVaxH35.js:2202 159I j:ageGp:fam 594:4:-1 by blue 390:3:-1 at gen472 Univ0 prob=0.019
AgeVaxH35.js:2221 160I i:ageGp:fam 423:3:-1 by blue 868:6:-1 at gen473 Univ0 prob=0.450
AgeVaxH35.js:2221 163I i:ageGp:fam 327:2:-1 by red 817:5:-1 at gen476 Univ0 prob=0.616
AgeVaxH35.js:2202 163I j:ageGp:fam 477:3:-1 by blue 342:2:-1 at gen476 Univ0 prob=0.318
AgeVaxH35.js:2202 163I j:ageGp:fam 380:3:-1 by yellow 299:2:-1 at gen477 Univ0 prob=0.709
AgeVaxH35.js:2221 166I i:ageGp:fam 405:3:-1 by blue 570:4:-1 at gen480 Univ0 prob=0.731
AgeVaxH35.js:2202 166I j:ageGp:fam 983:9:-1 by blue 31:0:-1 at gen481 Univ0 prob=0.559
AgeVaxH35.js:2202 166I j:ageGp:fam 599:4:-1 by blue 462:3:-1 at gen481 Univ0 prob=0.154
AgeVaxH35.js:2202 169I j:ageGp:fam 260:2:-1 by red 154:2:-1 at gen483 Univ0 prob=0.223
AgeVaxH35.js:2202 169I j:ageGp:fam 911:7:-1 by red 682:4:-1 at gen483 Univ0 prob=0.700
AgeVaxH35.js:2202 169I j:ageGp:fam 822:6:-1 by red 339:2:-1 at gen484 Univ0 prob=0.292
AgeVaxH35.js:2221 171I i:ageGp:fam 366:3:-1 by blue 508:3:-1 at gen485 Univ0 prob=0.105
AgeVaxH35.js:2202 171I j:ageGp:fam 987:9:-1 by blue 838:6:-1 at gen485 Univ0 prob=0.045
AgeVaxH35.js:2202 172I j:ageGp:fam 870:6:-1 by red 243:2:-1 at gen486 Univ0 prob=0.006
AgeVaxH35.js:2221 174I i:ageGp:fam 338:2:-1 by blue 938:7:-1 at gen487 Univ0 prob=0.917
AgeVaxH35.js:2221 174I i:ageGp:fam 344:2:-1 by blue 942:7:-1 at gen487 Univ0 prob=0.381
AgeVaxH35.js:2221 175I i:ageGp:fam 409:3:-1 by blue 562:4:-1 at gen488 Univ0 prob=0.548
AgeVaxH35.js:2202 175I j:ageGp:fam 866:6:-1 by blue 858:6:-1 at gen488 Univ0 prob=0.351
AgeVaxH35.js:2202 177I j:ageGp:fam 439:3:-1 by blue 60:1:-1 at gen489 Univ0 prob=0.933
AgeVaxH35.js:2221 177I i:ageGp:fam 546:4:-1 by blue 938:7:-1 at gen489 Univ0 prob=0.283
AgeVaxH35.js:2221 181I i:ageGp:fam 373:3:-1 by blue 400:3:-1 at gen491 Univ0 prob=0.147
AgeVaxH35.js:2202 181I j:ageGp:fam 709:5:-1 by blue 342:2:-1 at gen492 Univ0 prob=0.834
AgeVaxH35.js:2221 182I i:ageGp:fam 125:1:-1 by blue 879:6:-1 at gen493 Univ0 prob=0.703
AgeVaxH35.js:2202 182I j:ageGp:fam 515:3:-1 by blue 329:2:-1 at gen493 Univ0 prob=0.334
AgeVaxH35.js:2202 182I j:ageGp:fam 706:5:-1 by red 347:2:-1 at gen493 Univ0 prob=0.867
AgeVaxH35.js:2221 183I i:ageGp:fam 10:0:-1 by blue 838:6:-1 at gen494 Univ0 prob=0.729
AgeVaxH35.js:2202 183I j:ageGp:fam 952:8:-1 by red 468:3:-1 at gen494 Univ0 prob=0.755
AgeVaxH35.js:2221 186I i:ageGp:fam 204:2:-1 by red 243:2:-1 at gen495 Univ0 prob=0.549
AgeVaxH35.js:2221 186I i:ageGp:fam 378:3:-1 by blue 549:4:-1 at gen495 Univ0 prob=0.249
AgeVaxH35.js:2202 186I j:ageGp:fam 672:4:-1 by blue 514:3:-1 at gen495 Univ0 prob=0.788
AgeVaxH35.js:2221 186I i:ageGp:fam 786:5:-1 by blue 864:6:-1 at gen495 Univ0 prob=0.429
AgeVaxH35.js:2221 192I i:ageGp:fam 11:0:-1 by blue 549:4:-1 at gen497 Univ0 prob=0.278
AgeVaxH35.js:2202 192I j:ageGp:fam 882:6:-1 by red 198:2:-1 at gen497 Univ0 prob=0.683
AgeVaxH35.js:2202 192I j:ageGp:fam 800:5:-1 by red 198:2:-1 at gen498 Univ0 prob=0.962
AgeVaxH35.js:2202 192I j:ageGp:fam 715:5:-1 by blue 227:2:-1 at gen498 Univ0 prob=0.915
AgeVaxH35.js:2202 194I j:ageGp:fam 683:4:-1 by yellow 546:4:-1 at gen499 Univ0 prob=0.010
AgeVaxH35.js:2221 196I i:ageGp:fam 103:1:-1 by red 879:6:-1 at gen500 Univ0 prob=0.895
AgeVaxH35.js:2221 196I i:ageGp:fam 331:2:-1 by red 402:3:-1 at gen500 Univ0 prob=0.152
AgeVaxH35.js:2202 199I j:ageGp:fam 922:7:-1 by blue 224:2:-1 at gen502 Univ0 prob=0.785
AgeVaxH35.js:2202 199I j:ageGp:fam 862:6:-1 by blue 227:2:-1 at gen502 Univ0 prob=0.070
AgeVaxH35.js:2202 199I j:ageGp:fam 108:1:-1 by blue 60:1:-1 at gen503 Univ0 prob=0.391
AgeVaxH35.js:2202 199I j:ageGp:fam 593:4:-1 by blue 570:4:-1 at gen503 Univ0 prob=0.789
AgeVaxH35.js:2221 199I i:ageGp:fam 855:6:-1 by blue 935:7:-1 at gen503 Univ0 prob=0.963
AgeVaxH35.js:2221 201I i:ageGp:fam 407:3:-1 by red 562:4:-1 at gen504 Univ0 prob=0.744
AgeVaxH35.js:2202 201I j:ageGp:fam 991:9:-1 by blue 549:4:-1 at gen504 Univ0 prob=0.353
AgeVaxH35.js:2221 206I i:ageGp:fam 432:3:-1 by blue 570:4:-1 at gen506 Univ0 prob=0.157
AgeVaxH35.js:2202 206I j:ageGp:fam 912:7:-1 by blue 761:5:-1 at gen506 Univ0 prob=0.762
AgeVaxH35.js:2202 206I j:ageGp:fam 697:5:-1 by blue 352:2:-1 at gen507 Univ0 prob=0.079
AgeVaxH35.js:2202 209I j:ageGp:fam 472:3:-1 by blue 224:2:-1 at gen509 Univ0 prob=0.691
AgeVaxH35.js:2202 209I j:ageGp:fam 823:6:-1 by red 347:2:-1 at gen509 Univ0 prob=0.363
AgeVaxH35.js:2202 209I j:ageGp:fam 658:4:-1 by red 553:4:-1 at gen510 Univ0 prob=0.885
AgeVaxH35.js:2202 209I j:ageGp:fam 943:7:-1 by blue 558:4:-1 at gen510 Univ0 prob=0.860
AgeVaxH35.js:2221 211I i:ageGp:fam 395:3:-1 by blue 793:5:-1 at gen511 Univ0 prob=0.019
AgeVaxH35.js:2202 211I j:ageGp:fam 750:5:-1 by blue 558:4:-1 at gen511 Univ0 prob=0.386
AgeVaxH35.js:2221 213I i:ageGp:fam 39:0:-1 by blue 558:4:-1 at gen512 Univ0 prob=0.393
AgeVaxH35.js:2221 213I i:ageGp:fam 220:2:-1 by red 562:4:-1 at gen512 Univ0 prob=0.016
AgeVaxH35.js:2221 215I i:ageGp:fam 148:2:-1 by blue 337:2:-1 at gen513 Univ0 prob=0.300
AgeVaxH35.js:2202 218I j:ageGp:fam 196:2:-1 by yellow 103:1:-1 at gen515 Univ0 prob=0.990
AgeVaxH35.js:2221 218I i:ageGp:fam 502:3:-1 by blue 761:5:-1 at gen516 Univ0 prob=0.499
AgeVaxH35.js:2221 220I i:ageGp:fam 153:2:-1 by yellow 502:3:-1 at gen518 Univ0 prob=0.859
AgeVaxH35.js:2202 220I j:ageGp:fam 426:3:-1 by blue 337:2:-1 at gen519 Univ0 prob=0.514
AgeVaxH35.js:2202 220I j:ageGp:fam 967:8:-1 by blue 678:4:-1 at gen519 Univ0 prob=0.004
AgeVaxH35.js:2202 221I j:ageGp:fam 152:2:-1 by blue 60:1:-1 at gen520 Univ0 prob=0.806
AgeVaxH35.js:2202 221I j:ageGp:fam 394:3:-1 by blue 352:2:-1 at gen520 Univ0 prob=0.049
AgeVaxH35.js:2202 225I j:ageGp:fam 598:4:-1 by red 114:1:-1 at gen522 Univ0 prob=0.654
AgeVaxH35.js:2221 225I i:ageGp:fam 14:0:-1 by blue 60:1:-1 at gen523 Univ0 prob=0.817
AgeVaxH35.js:2221 225I i:ageGp:fam 504:3:-1 by blue 570:4:-1 at gen523 Univ0 prob=0.886
AgeVaxH35.js:2202 228I j:ageGp:fam 673:4:-1 by red 342:2:-1 at gen528 Univ0 prob=0.047
AgeVaxH35.js:2221 228I i:ageGp:fam 485:3:-1 by red 938:7:-1 at gen528 Univ0 prob=0.592
AgeVaxH35.js:2202 228I j:ageGp:fam 805:5:-1 by yellow 196:2:-1 at gen529 Univ0 prob=0.753
AgeVaxH35.js:2202 230I j:ageGp:fam 573:4:-1 by yellow 472:3:-1 at gen530 Univ0 prob=0.090
AgeVaxH35.js:2221 230I i:ageGp:fam 573:4:-1 by blue 793:5:-1 at gen530 Univ0 prob=0.234
AgeVaxH35.js:2202 231I j:ageGp:fam 278:2:-1 by red 81:1:-1 at gen531 Univ0 prob=0.739
AgeVaxH35.js:2221 231I i:ageGp:fam 95:1:-1 by blue 940:7:-1 at gen531 Univ0 prob=0.711
AgeVaxH35.js:2202 234I j:ageGp:fam 190:2:-1 by blue 98:1:-1 at gen533 Univ0 prob=0.811
AgeVaxH35.js:2221 234I i:ageGp:fam 348:2:-1 by blue 771:5:-1 at gen534 Univ0 prob=0.112
AgeVaxH35.js:2202 236I j:ageGp:fam 934:7:-1 by yellow 338:2:-1 at gen536 Univ0 prob=0.934
AgeVaxH35.js:2202 236I j:ageGp:fam 955:8:-1 by yellow 502:3:-1 at gen536 Univ0 prob=0.596
AgeVaxH35.js:2202 238I j:ageGp:fam 684:4:-1 by red 400:3:-1 at gen539 Univ0 prob=0.704
AgeVaxH35.js:2202 238I j:ageGp:fam 885:6:-1 by blue 764:5:-1 at gen539 Univ0 prob=0.572
AgeVaxH35.js:2221 238I i:ageGp:fam 835:6:-1 by red 838:6:-1 at gen539 Univ0 prob=0.204
AgeVaxH35.js:2202 238I j:ageGp:fam 856:6:-1 by red 602:4:-1 at gen540 Univ0 prob=0.771
AgeVaxH35.js:2202 241I j:ageGp:fam 489:3:-1 by blue 352:2:-1 at gen541 Univ0 prob=0.347
AgeVaxH35.js:2221 242I i:ageGp:fam 170:2:-1 by blue 623:4:-1 at gen542 Univ0 prob=0.503
AgeVaxH35.js:2221 243I i:ageGp:fam 165:2:-1 by blue 987:9:-1 at gen543 Univ0 prob=0.957
AgeVaxH35.js:2202 243I j:ageGp:fam 742:5:-1 by blue 623:4:-1 at gen543 Univ0 prob=0.468
AgeVaxH35.js:2221 244I i:ageGp:fam 533:3:-1 by blue 678:4:-1 at gen544 Univ0 prob=0.996
AgeVaxH35.js:2202 246I j:ageGp:fam 361:3:-1 by blue 280:2:-1 at gen545 Univ0 prob=0.442
AgeVaxH35.js:2221 246I i:ageGp:fam 588:4:-1 by red 838:6:-1 at gen545 Univ0 prob=0.920
AgeVaxH35.js:2221 249I i:ageGp:fam 262:2:-1 by blue 663:4:-1 at gen548 Univ0 prob=0.300
AgeVaxH35.js:2221 250I i:ageGp:fam 94:1:-1 by blue 338:2:-1 at gen550 Univ0 prob=0.823
AgeVaxH35.js:2202 250I j:ageGp:fam 751:5:-1 by blue 409:3:-1 at gen550 Univ0 prob=0.731
AgeVaxH35.js:2202 250I j:ageGp:fam 482:3:-1 by red 457:3:-1 at gen550 Univ0 prob=0.474
AgeVaxH35.js:2221 250I i:ageGp:fam 493:3:-1 by red 570:4:-1 at gen550 Univ0 prob=0.138
AgeVaxH35.js:2202 250I j:ageGp:fam 769:5:-1 by yellow 407:3:-1 at gen551 Univ0 prob=0.255
AgeVaxH35.js:2202 254I j:ageGp:fam 909:7:-1 by red 570:4:-1 at gen552 Univ0 prob=0.712
AgeVaxH35.js:2221 255I i:ageGp:fam 42:1:-1 by blue 663:4:-1 at gen553 Univ0 prob=0.727
AgeVaxH35.js:2202 255I j:ageGp:fam 631:4:-1 by red 462:3:-1 at gen553 Univ0 prob=0.490
AgeVaxH35.js:2202 256I j:ageGp:fam 605:4:-1 by blue 280:2:-1 at gen554 Univ0 prob=0.826
AgeVaxH35.js:2221 256I i:ageGp:fam 324:2:-1 by blue 380:3:-1 at gen554 Univ0 prob=0.380
AgeVaxH35.js:2221 256I i:ageGp:fam 501:3:-1 by red 688:4:-1 at gen554 Univ0 prob=0.723
AgeVaxH35.js:2221 261I i:ageGp:fam 385:3:-1 by red 508:3:-1 at gen556 Univ0 prob=0.995
AgeVaxH35.js:2202 262I j:ageGp:fam 958:8:-1 by red 400:3:-1 at gen558 Univ0 prob=0.477
AgeVaxH35.js:2202 262I j:ageGp:fam 842:6:-1 by blue 558:4:-1 at gen559 Univ0 prob=0.114
AgeVaxH35.js:2221 263I i:ageGp:fam 107:1:-1 by yellow 493:3:-1 at gen560 Univ0 prob=0.320
AgeVaxH35.js:2221 263I i:ageGp:fam 579:4:-1 by red 858:6:-1 at gen560 Univ0 prob=0.098
AgeVaxH35.js:2202 264I j:ageGp:fam 755:5:-1 by red 570:4:-1 at gen561 Univ0 prob=0.712
AgeVaxH35.js:2221 266I i:ageGp:fam 84:1:-1 by blue 943:7:-1 at gen562 Univ0 prob=0.161
AgeVaxH35.js:2221 266I i:ageGp:fam 486:3:-1 by red 649:4:-1 at gen562 Univ0 prob=0.438
AgeVaxH35.js:2221 269I i:ageGp:fam 273:2:-1 by blue 678:4:-1 at gen564 Univ0 prob=0.300
AgeVaxH35.js:2221 269I i:ageGp:fam 340:2:-1 by blue 366:3:-1 at gen565 Univ0 prob=0.746
AgeVaxH35.js:2221 272I i:ageGp:fam 180:2:-1 by blue 593:4:-1 at gen570 Univ0 prob=0.280
AgeVaxH35.js:2202 272I j:ageGp:fam 820:5:-1 by blue 380:3:-1 at gen570 Univ0 prob=0.569
AgeVaxH35.js:2202 272I j:ageGp:fam 824:6:-1 by yellow 170:2:-1 at gen571 Univ0 prob=0.092
AgeVaxH35.js:2202 272I j:ageGp:fam 586:4:-1 by red 352:2:-1 at gen571 Univ0 prob=0.474
AgeVaxH35.js:2202 272I j:ageGp:fam 824:6:-1 by blue 409:3:-1 at gen571 Univ0 prob=0.322
AgeVaxH35.js:2202 272I j:ageGp:fam 519:3:-1 by red 457:3:-1 at gen571 Univ0 prob=0.932
AgeVaxH35.js:2221 274I i:ageGp:fam 86:1:-1 by red 499:3:-1 at gen572 Univ0 prob=0.527
AgeVaxH35.js:2202 274I j:ageGp:fam 992:9:-1 by yellow 504:3:-1 at gen572 Univ0 prob=0.397
AgeVaxH35.js:2202 277I j:ageGp:fam 857:6:-1 by red 400:3:-1 at gen573 Univ0 prob=0.482
AgeVaxH35.js:2202 279I j:ageGp:fam 511:3:-1 by blue 280:2:-1 at gen574 Univ0 prob=0.138
AgeVaxH35.js:2202 280I j:ageGp:fam 908:7:-1 by red 390:3:-1 at gen575 Univ0 prob=0.234
AgeVaxH35.js:2221 280I i:ageGp:fam 492:3:-1 by blue 862:6:-1 at gen575 Univ0 prob=0.188
AgeVaxH35.js:2202 280I j:ageGp:fam 696:5:-1 by blue 678:4:-1 at gen575 Univ0 prob=0.071
AgeVaxH35.js:2221 281I i:ageGp:fam 285:2:-1 by red 497:3:-1 at gen576 Univ0 prob=0.466
AgeVaxH35.js:2202 285I j:ageGp:fam 637:4:-1 by red 390:3:-1 at gen578 Univ0 prob=0.489
AgeVaxH35.js:2202 286I j:ageGp:fam 666:4:-1 by red 462:3:-1 at gen580 Univ0 prob=0.489
AgeVaxH35.js:2221 286I i:ageGp:fam 517:3:-1 by red 649:4:-1 at gen581 Univ0 prob=0.129
AgeVaxH35.js:2221 288I i:ageGp:fam 189:2:-1 by blue 378:3:-1 at gen583 Univ0 prob=0.344
AgeVaxH35.js:2202 288I j:ageGp:fam 353:2:-1 by blue 338:2:-1 at gen584 Univ0 prob=0.021
AgeVaxH35.js:2221 289I i:ageGp:fam 121:1:-1 by blue 220:2:-1 at gen585 Univ0 prob=0.737
AgeVaxH35.js:2221 290I i:ageGp:fam 222:2:-1 by blue 338:2:-1 at gen586 Univ0 prob=0.050
AgeVaxH35.js:2221 291I i:ageGp:fam 181:2:-1 by red 793:5:-1 at gen587 Univ0 prob=0.197
AgeVaxH35.js:2202 293I j:ageGp:fam 990:9:-1 by yellow 42:1:-1 at gen589 Univ0 prob=0.954
AgeVaxH35.js:2221 293I i:ageGp:fam 59:1:-1 by blue 934:7:-1 at gen589 Univ0 prob=0.896
AgeVaxH35.js:2202 293I j:ageGp:fam 990:9:-1 by blue 148:2:-1 at gen589 Univ0 prob=0.905
AgeVaxH35.js:2202 293I j:ageGp:fam 725:5:-1 by blue 683:4:-1 at gen590 Univ0 prob=0.815
AgeVaxH35.js:2221 295I i:ageGp:fam 241:2:-1 by blue 405:3:-1 at gen591 Univ0 prob=0.112
AgeVaxH35.js:2202 295I j:ageGp:fam 630:4:-1 by green 241:2:-1 at gen591 Univ0 prob=0.370
AgeVaxH35.js:2202 295I j:ageGp:fam 630:4:-1 by blue 405:3:-1 at gen591 Univ0 prob=0.441
AgeVaxH35.js:2221 295I i:ageGp:fam 758:5:-1 by red 793:5:-1 at gen591 Univ0 prob=0.473
AgeVaxH35.js:2202 299I j:ageGp:fam 545:4:-1 by yellow 181:2:-1 at gen597 Univ0 prob=0.812
AgeVaxH35.js:2202 299I j:ageGp:fam 377:3:-1 by blue 361:3:-1 at gen597 Univ0 prob=0.116
AgeVaxH35.js:2221 299I i:ageGp:fam 713:5:-1 by red 938:7:-1 at gen597 Univ0 prob=0.959
AgeVaxH35.js:2221 302I i:ageGp:fam 375:3:-1 by blue 504:3:-1 at gen600 Univ0 prob=0.870
AgeVaxH35.js:2202 302I j:ageGp:fam 689:4:-1 by blue 426:3:-1 at gen600 Univ0 prob=0.035
AgeVaxH35.js:2221 302I i:ageGp:fam 777:5:-1 by yellow 909:7:-1 at gen600 Univ0 prob=0.805
AgeVaxH35.js:2221 302I i:ageGp:fam 57:1:-1 by blue 909:7:-1 at gen601 Univ0 prob=0.486
AgeVaxH35.js:2221 302I i:ageGp:fam 362:3:-1 by blue 485:3:-1 at gen601 Univ0 prob=0.658
AgeVaxH35.js:2221 307I i:ageGp:fam 1:0:-1 by blue 862:6:-1 at gen609 Univ0 prob=0.446
AgeVaxH35.js:2221 307I i:ageGp:fam 536:3:-1 by red 663:4:-1 at gen609 Univ0 prob=0.685
AgeVaxH35.js:2221 307I i:ageGp:fam 264:2:-1 by blue 504:3:-1 at gen610 Univ0 prob=0.279
AgeVaxH35.js:2202 307I j:ageGp:fam 825:6:-1 by red 366:3:-1 at gen610 Univ0 prob=0.624
AgeVaxH35.js:2202 311I j:ageGp:fam 932:7:-1 by blue 331:2:-1 at gen613 Univ0 prob=0.260
AgeVaxH35.js:2202 311I j:ageGp:fam 883:6:-1 by blue 108:1:-1 at gen614 Univ0 prob=0.511
AgeVaxH35.js:2202 311I j:ageGp:fam 164:2:-1 by blue 152:2:-1 at gen614 Univ0 prob=0.257
AgeVaxH35.js:2221 311I i:ageGp:fam 310:2:-1 by yellow 340:2:-1 at gen614 Univ0 prob=0.184
AgeVaxH35.js:2202 315I j:ageGp:fam 461:3:-1 by blue 95:1:-1 at gen616 Univ0 prob=0.758
AgeVaxH35.js:2221 315I i:ageGp:fam 229:2:-1 by red 380:3:-1 at gen617 Univ0 prob=0.514
AgeVaxH35.js:2202 317I j:ageGp:fam 642:4:-1 by blue 165:2:-1 at gen619 Univ0 prob=0.190
AgeVaxH35.js:2202 317I j:ageGp:fam 886:6:-1 by blue 504:3:-1 at gen619 Univ0 prob=0.785
AgeVaxH35.js:2202 317I j:ageGp:fam 814:5:-1 by blue 361:3:-1 at gen620 Univ0 prob=0.995
AgeVaxH35.js:2221 319I i:ageGp:fam 49:1:-1 by blue 324:2:-1 at gen621 Univ0 prob=0.005
AgeVaxH35.js:2221 319I i:ageGp:fam 226:2:-1 by blue 361:3:-1 at gen621 Univ0 prob=0.338
AgeVaxH35.js:2202 319I j:ageGp:fam 980:8:-1 by red 678:4:-1 at gen621 Univ0 prob=0.953
AgeVaxH35.js:2202 320I j:ageGp:fam 604:4:-1 by red 327:2:-1 at gen622 Univ0 prob=0.146
AgeVaxH35.js:2202 320I j:ageGp:fam 804:5:-1 by blue 432:3:-1 at gen622 Univ0 prob=0.393
AgeVaxH35.js:2221 320I i:ageGp:fam 610:4:-1 by red 866:6:-1 at gen622 Univ0 prob=0.574
AgeVaxH35.js:2202 323I j:ageGp:fam 840:6:-1 by red 380:3:-1 at gen623 Univ0 prob=0.036
AgeVaxH35.js:2202 326I j:ageGp:fam 525:3:-1 by red 338:2:-1 at gen624 Univ0 prob=0.747
AgeVaxH35.js:2221 327I i:ageGp:fam 115:1:-1 by red 786:5:-1 at gen625 Univ0 prob=0.155
AgeVaxH35.js:2202 328I j:ageGp:fam 215:2:-1 by blue 95:1:-1 at gen626 Univ0 prob=0.652
AgeVaxH35.js:2202 328I j:ageGp:fam 183:2:-1 by blue 152:2:-1 at gen626 Univ0 prob=0.761
AgeVaxH35.js:2202 329I j:ageGp:fam 680:4:-1 by blue 95:1:-1 at gen627 Univ0 prob=0.696
AgeVaxH35.js:2221 331I i:ageGp:fam 225:2:-1 by red 280:2:-1 at gen628 Univ0 prob=0.159
AgeVaxH35.js:2202 331I j:ageGp:fam 311:2:-1 by red 260:2:-1 at gen628 Univ0 prob=0.646
AgeVaxH35.js:2202 334I j:ageGp:fam 837:6:-1 by red 593:4:-1 at gen630 Univ0 prob=0.374
AgeVaxH35.js:2202 335I j:ageGp:fam 947:7:-1 by blue 605:4:-1 at gen632 Univ0 prob=0.002
AgeVaxH35.js:2221 335I i:ageGp:fam 309:2:-1 by blue 348:2:-1 at gen633 Univ0 prob=0.108
AgeVaxH35.js:2202 335I j:ageGp:fam 484:3:-1 by red 380:3:-1 at gen633 Univ0 prob=0.335
AgeVaxH35.js:2202 335I j:ageGp:fam 572:4:-1 by red 380:3:-1 at gen633 Univ0 prob=0.101
AgeVaxH35.js:2202 336I j:ageGp:fam 124:1:-1 by blue 95:1:-1 at gen634 Univ0 prob=0.642
AgeVaxH35.js:2221 336I i:ageGp:fam 518:3:-1 by red 771:5:-1 at gen634 Univ0 prob=0.672
AgeVaxH35.js:2202 339I j:ageGp:fam 799:5:-1 by red 663:4:-1 at gen635 Univ0 prob=0.894
AgeVaxH35.js:2202 341I j:ageGp:fam 931:7:-1 by red 366:3:-1 at gen636 Univ0 prob=0.343
AgeVaxH35.js:2221 343I i:ageGp:fam 430:3:-1 by blue 637:4:-1 at gen638 Univ0 prob=0.587
AgeVaxH35.js:2202 343I j:ageGp:fam 819:5:-1 by yellow 1:0:-1 at gen639 Univ0 prob=0.957
AgeVaxH35.js:2202 345I j:ageGp:fam 667:4:-1 by yellow 1:0:-1 at gen641 Univ0 prob=0.284
AgeVaxH35.js:2202 345I j:ageGp:fam 592:4:-1 by blue 361:3:-1 at gen641 Univ0 prob=0.710
AgeVaxH35.js:2221 347I i:ageGp:fam 65:1:-1 by blue 684:4:-1 at gen643 Univ0 prob=0.534
AgeVaxH35.js:2202 347I j:ageGp:fam 359:3:-1 by blue 107:1:-1 at gen643 Univ0 prob=0.350
AgeVaxH35.js:2202 347I j:ageGp:fam 861:6:-1 by yellow 362:3:-1 at gen643 Univ0 prob=0.680
AgeVaxH35.js:2221 350I i:ageGp:fam 473:3:-1 by red 822:6:-1 at gen646 Univ0 prob=0.859
AgeVaxH35.js:2221 350I i:ageGp:fam 576:4:-1 by blue 842:6:-1 at gen646 Univ0 prob=0.300
AgeVaxH35.js:2221 350I i:ageGp:fam 335:2:-1 by red 593:4:-1 at gen647 Univ0 prob=0.707
AgeVaxH35.js:2202 352I j:ageGp:fam 534:3:-1 by blue 95:1:-1 at gen648 Univ0 prob=0.788
AgeVaxH35.js:2202 352I j:ageGp:fam 841:6:-1 by blue 713:5:-1 at gen648 Univ0 prob=0.020
AgeVaxH35.js:2202 352I j:ageGp:fam 876:6:-1 by blue 713:5:-1 at gen648 Univ0 prob=0.803
AgeVaxH35.js:2221 353I i:ageGp:fam 475:3:-1 by red 673:4:-1 at gen649 Univ0 prob=0.633
AgeVaxH35.js:2202 357I j:ageGp:fam 622:4:-1 by blue 94:1:-1 at gen651 Univ0 prob=0.016
AgeVaxH35.js:2202 357I j:ageGp:fam 451:3:-1 by blue 361:3:-1 at gen652 Univ0 prob=0.152
AgeVaxH35.js:2221 357I i:ageGp:fam 813:5:-1 by red 822:6:-1 at gen652 Univ0 prob=0.634
AgeVaxH35.js:2202 360I j:ageGp:fam 510:3:-1 by red 380:3:-1 at gen654 Univ0 prob=0.034
AgeVaxH35.js:2202 361I j:ageGp:fam 806:5:-1 by blue 385:3:-1 at gen657 Univ0 prob=0.605
AgeVaxH35.js:2202 361I j:ageGp:fam 733:5:-1 by red 684:4:-1 at gen658 Univ0 prob=0.538
AgeVaxH35.js:2221 362I i:ageGp:fam 63:1:-1 by blue 630:4:-1 at gen659 Univ0 prob=0.155
AgeVaxH35.js:2221 363I i:ageGp:fam 19:0:-1 by red 395:3:-1 at gen660 Univ0 prob=0.281
AgeVaxH35.js:2221 363I i:ageGp:fam 321:2:-1 by red 504:3:-1 at gen660 Univ0 prob=0.628
AgeVaxH35.js:2202 363I j:ageGp:fam 759:5:-1 by red 380:3:-1 at gen660 Univ0 prob=0.753
AgeVaxH35.js:2221 364I i:ageGp:fam 85:1:-1 by red 405:3:-1 at gen661 Univ0 prob=0.406
AgeVaxH35.js:2202 367I j:ageGp:fam 795:5:-1 by yellow 310:2:-1 at gen662 Univ0 prob=0.502
AgeVaxH35.js:2202 368I j:ageGp:fam 627:4:-1 by blue 222:2:-1 at gen663 Univ0 prob=0.670
AgeVaxH35.js:2221 369I i:ageGp:fam 291:2:-1 by blue 340:2:-1 at gen664 Univ0 prob=0.509
AgeVaxH35.js:2202 369I j:ageGp:fam 363:3:-1 by green 291:2:-1 at gen664 Univ0 prob=0.629
AgeVaxH35.js:2202 369I j:ageGp:fam 363:3:-1 by blue 340:2:-1 at gen664 Univ0 prob=0.594
AgeVaxH35.js:2202 372I j:ageGp:fam 836:6:-1 by red 684:4:-1 at gen666 Univ0 prob=0.028
AgeVaxH35.js:2221 372I i:ageGp:fam 442:3:-1 by red 493:3:-1 at gen667 Univ0 prob=0.283
AgeVaxH35.js:2221 372I i:ageGp:fam 615:4:-1 by red 684:4:-1 at gen667 Univ0 prob=0.284
AgeVaxH35.js:2202 375I j:ageGp:fam 736:5:-1 by blue 385:3:-1 at gen669 Univ0 prob=0.834
AgeVaxH35.js:2221 375I i:ageGp:fam 186:2:-1 by red 504:3:-1 at gen670 Univ0 prob=0.607
AgeVaxH35.js:2202 376I j:ageGp:fam 828:6:-1 by yellow 291:2:-1 at gen671 Univ0 prob=0.865
AgeVaxH35.js:2221 377I i:ageGp:fam 166:2:-1 by red 348:2:-1 at gen672 Univ0 prob=0.411
AgeVaxH35.js:2221 379I i:ageGp:fam 118:1:-1 by blue 814:5:-1 at gen674 Univ0 prob=0.854
AgeVaxH35.js:2221 379I i:ageGp:fam 671:4:-1 by blue 814:5:-1 at gen675 Univ0 prob=0.759
AgeVaxH35.js:2202 379I j:ageGp:fam 829:6:-1 by blue 814:5:-1 at gen675 Univ0 prob=0.021
AgeVaxH35.js:2202 380I j:ageGp:fam 641:4:-1 by blue 181:2:-1 at gen676 Univ0 prob=0.389
AgeVaxH35.js:2202 380I j:ageGp:fam 524:3:-1 by red 361:3:-1 at gen676 Univ0 prob=0.425
AgeVaxH35.js:2202 384I j:ageGp:fam 470:3:-1 by red 324:2:-1 at gen678 Univ0 prob=0.445
AgeVaxH35.js:2221 384I i:ageGp:fam 384:3:-1 by blue 814:5:-1 at gen678 Univ0 prob=0.439
AgeVaxH35.js:2221 384I i:ageGp:fam 149:2:-1 by red 331:2:-1 at gen679 Univ0 prob=0.010
AgeVaxH35.js:2221 384I i:ageGp:fam 254:2:-1 by blue 377:3:-1 at gen679 Univ0 prob=0.989
AgeVaxH35.js:2221 384I i:ageGp:fam 318:2:-1 by yellow 335:2:-1 at gen679 Univ0 prob=0.356
AgeVaxH35.js:2202 384I j:ageGp:fam 994:9:-1 by blue 511:3:-1 at gen679 Univ0 prob=0.738
AgeVaxH35.js:2202 390I j:ageGp:fam 612:4:-1 by blue 0:-1:-1 at gen681 Univ0 prob=0.031
AgeVaxH35.js:2202 390I j:ageGp:fam 450:3:-1 by blue 225:2:-1 at gen681 Univ0 prob=0.637
AgeVaxH35.js:2221 390I i:ageGp:fam 92:1:-1 by red 361:3:-1 at gen682 Univ0 prob=0.108
AgeVaxH35.js:2221 392I i:ageGp:fam 69:1:-1 by yellow 799:5:-1 at gen683 Univ0 prob=0.910
AgeVaxH35.js:2221 393I i:ageGp:fam 263:2:-1 by blue 310:2:-1 at gen684 Univ0 prob=0.869
AgeVaxH35.js:2202 395I j:ageGp:fam 382:3:-1 by red 361:3:-1 at gen686 Univ0 prob=0.922
AgeVaxH35.js:2221 395I i:ageGp:fam 131:2:-1 by red 631:4:-1 at gen687 Univ0 prob=0.589
AgeVaxH35.js:2202 395I j:ageGp:fam 971:8:-1 by red 361:3:-1 at gen687 Univ0 prob=0.893
AgeVaxH35.js:2202 395I j:ageGp:fam 930:7:-1 by yellow 450:3:-1 at gen687 Univ0 prob=0.080
AgeVaxH35.js:2202 395I j:ageGp:fam 930:7:-1 by red 605:4:-1 at gen687 Univ0 prob=0.461
AgeVaxH35.js:2202 395I j:ageGp:fam 930:7:-1 by blue 814:5:-1 at gen687 Univ0 prob=0.442
AgeVaxH35.js:2202 396I j:ageGp:fam 794:5:-1 by blue 124:1:-1 at gen688 Univ0 prob=0.394
AgeVaxH35.js:2202 396I j:ageGp:fam 687:4:-1 by blue 164:2:-1 at gen688 Univ0 prob=0.575
AgeVaxH35.js:2221 396I i:ageGp:fam 368:3:-1 by blue 461:3:-1 at gen688 Univ0 prob=0.664
AgeVaxH35.js:2221 399I i:ageGp:fam 219:2:-1 by yellow 592:4:-1 at gen689 Univ0 prob=0.988
AgeVaxH35.js:2202 399I j:ageGp:fam 792:5:-1 by yellow 592:4:-1 at gen689 Univ0 prob=0.064
AgeVaxH35.js:2202 402I j:ageGp:fam 890:6:-1 by blue 461:3:-1 at gen690 Univ0 prob=0.585
AgeVaxH35.js:2221 404I i:ageGp:fam 18:0:-1 by red 820:5:-1 at gen691 Univ0 prob=0.534
AgeVaxH35.js:2202 404I j:ageGp:fam 319:2:-1 by red 107:1:-1 at gen691 Univ0 prob=0.537
AgeVaxH35.js:2202 404I j:ageGp:fam 464:3:-1 by blue 164:2:-1 at gen691 Univ0 prob=0.562
AgeVaxH35.js:2202 404I j:ageGp:fam 589:4:-1 by blue 362:3:-1 at gen691 Univ0 prob=0.770
AgeVaxH35.js:2221 405I i:ageGp:fam 300:2:-1 by red 504:3:-1 at gen692 Univ0 prob=0.255
AgeVaxH35.js:2221 405I i:ageGp:fam 300:2:-1 by blue 886:6:-1 at gen692 Univ0 prob=0.278
AgeVaxH35.js:2221 409I i:ageGp:fam 51:1:-1 by red 385:3:-1 at gen693 Univ0 prob=0.667
AgeVaxH35.js:2202 409I j:ageGp:fam 540:3:-1 by yellow 254:2:-1 at gen693 Univ0 prob=0.541
AgeVaxH35.js:2202 410I j:ageGp:fam 555:4:-1 by blue 226:2:-1 at gen694 Univ0 prob=0.420
AgeVaxH35.js:2202 413I j:ageGp:fam 873:6:-1 by blue 164:2:-1 at gen696 Univ0 prob=0.202
AgeVaxH35.js:2202 413I j:ageGp:fam 965:8:-1 by red 361:3:-1 at gen696 Univ0 prob=0.067
AgeVaxH35.js:2202 415I j:ageGp:fam 416:3:-1 by yellow 18:0:-1 at gen698 Univ0 prob=0.905
AgeVaxH35.js:2221 415I i:ageGp:fam 259:2:-1 by blue 264:2:-1 at gen698 Univ0 prob=0.386
AgeVaxH35.js:2221 415I i:ageGp:fam 269:2:-1 by blue 725:5:-1 at gen698 Univ0 prob=0.804
AgeVaxH35.js:2221 415I i:ageGp:fam 298:2:-1 by yellow 534:3:-1 at gen698 Univ0 prob=0.914
AgeVaxH35.js:2221 415I i:ageGp:fam 50:1:-1 by red 340:2:-1 at gen699 Univ0 prob=0.079
AgeVaxH35.js:2221 415I i:ageGp:fam 113:1:-1 by red 504:3:-1 at gen699 Univ0 prob=0.397
AgeVaxH35.js:2202 415I j:ageGp:fam 756:5:-1 by blue 229:2:-1 at gen699 Univ0 prob=0.316
AgeVaxH35.js:2221 415I i:ageGp:fam 399:3:-1 by blue 680:4:-1 at gen699 Univ0 prob=0.227
AgeVaxH35.js:2202 423I j:ageGp:fam 888:6:-1 by blue 362:3:-1 at gen702 Univ0 prob=0.216
AgeVaxH35.js:2221 424I i:ageGp:fam 199:2:-1 by blue 484:3:-1 at gen704 Univ0 prob=0.982
AgeVaxH35.js:2202 425I j:ageGp:fam 694:5:-1 by red 684:4:-1 at gen706 Univ0 prob=0.350
AgeVaxH35.js:2221 426I i:ageGp:fam 141:2:-1 by blue 777:5:-1 at gen708 Univ0 prob=0.271
AgeVaxH35.js:2221 427I i:ageGp:fam 574:4:-1 by blue 841:6:-1 at gen712 Univ0 prob=0.384
AgeVaxH35.js:2202 427I j:ageGp:fam 607:4:-1 by blue 451:3:-1 at gen713 Univ0 prob=0.121
AgeVaxH35.js:2221 428I i:ageGp:fam 7:0:-1 by yellow 792:5:-1 at gen714 Univ0 prob=0.153
AgeVaxH35.js:2202 428I j:ageGp:fam 587:4:-1 by yellow 363:3:-1 at gen714 Univ0 prob=0.600
AgeVaxH35.js:2202 429I j:ageGp:fam 354:2:-1 by red 348:2:-1 at gen715 Univ0 prob=0.409
AgeVaxH35.js:2202 431I j:ageGp:fam 272:2:-1 by blue 226:2:-1 at gen716 Univ0 prob=0.931
AgeVaxH35.js:2221 431I i:ageGp:fam 256:2:-1 by red 348:2:-1 at gen716 Univ0 prob=0.238
AgeVaxH35.js:2221 434I i:ageGp:fam 459:3:-1 by red 493:3:-1 at gen718 Univ0 prob=0.997
AgeVaxH35.js:2202 434I j:ageGp:fam 833:6:-1 by blue 733:5:-1 at gen718 Univ0 prob=0.834
AgeVaxH35.js:2202 436I j:ageGp:fam 568:4:-1 by blue 164:2:-1 at gen722 Univ0 prob=0.128
AgeVaxH35.js:2221 436I i:ageGp:fam 173:2:-1 by blue 461:3:-1 at gen722 Univ0 prob=0.766
AgeVaxH35.js:2202 438I j:ageGp:fam 738:5:-1 by yellow 51:1:-1 at gen724 Univ0 prob=0.054
AgeVaxH35.js:2202 438I j:ageGp:fam 903:7:-1 by blue 534:3:-1 at gen724 Univ0 prob=0.536
AgeVaxH35.js:2221 438I i:ageGp:fam 710:5:-1 by red 755:5:-1 at gen724 Univ0 prob=0.583
AgeVaxH35.js:2202 438I j:ageGp:fam 826:6:-1 by blue 733:5:-1 at gen724 Univ0 prob=0.527
AgeVaxH35.js:2221 442I i:ageGp:fam 289:2:-1 by blue 510:3:-1 at gen726 Univ0 prob=0.571
AgeVaxH35.js:2221 442I i:ageGp:fam 212:2:-1 by blue 572:4:-1 at gen727 Univ0 prob=0.184
AgeVaxH35.js:2202 444I j:ageGp:fam 629:4:-1 by blue 451:3:-1 at gen729 Univ0 prob=0.858
AgeVaxH35.js:2221 444I i:ageGp:fam 487:3:-1 by red 713:5:-1 at gen729 Univ0 prob=0.871
AgeVaxH35.js:2202 444I j:ageGp:fam 898:6:-1 by green 487:3:-1 at gen729 Univ0 prob=0.419
AgeVaxH35.js:2221 444I i:ageGp:fam 20:0:-1 by blue 610:4:-1 at gen730 Univ0 prob=0.743
AgeVaxH35.js:2221 447I i:ageGp:fam 187:2:-1 by red 385:3:-1 at gen731 Univ0 prob=0.685
AgeVaxH35.js:2221 448I i:ageGp:fam 292:2:-1 by blue 461:3:-1 at gen732 Univ0 prob=0.503
AgeVaxH35.js:2202 448I j:ageGp:fam 887:6:-1 by green 292:2:-1 at gen732 Univ0 prob=0.771
AgeVaxH35.js:2202 449I j:ageGp:fam 529:3:-1 by yellow 292:2:-1 at gen733 Univ0 prob=0.649
AgeVaxH35.js:2202 451I j:ageGp:fam 509:3:-1 by red 164:2:-1 at gen734 Univ0 prob=0.896
AgeVaxH35.js:2202 451I j:ageGp:fam 913:7:-1 by red 264:2:-1 at gen734 Univ0 prob=0.732
AgeVaxH35.js:2221 452I i:ageGp:fam 138:2:-1 by blue 321:2:-1 at gen735 Univ0 prob=0.052
AgeVaxH35.js:2221 452I i:ageGp:fam 481:3:-1 by yellow 971:8:-1 at gen735 Univ0 prob=0.106
AgeVaxH35.js:2202 456I j:ageGp:fam 921:7:-1 by blue 461:3:-1 at gen737 Univ0 prob=0.087
AgeVaxH35.js:2221 456I i:ageGp:fam 120:1:-1 by red 713:5:-1 at gen738 Univ0 prob=0.866
AgeVaxH35.js:2202 458I j:ageGp:fam 332:2:-1 by red 57:1:-1 at gen740 Univ0 prob=0.018
AgeVaxH35.js:2221 459I i:ageGp:fam 386:3:-1 by blue 622:4:-1 at gen742 Univ0 prob=0.913
AgeVaxH35.js:2221 459I i:ageGp:fam 34:0:-1 by blue 226:2:-1 at gen743 Univ0 prob=0.636
AgeVaxH35.js:2221 459I i:ageGp:fam 168:2:-1 by blue 534:3:-1 at gen743 Univ0 prob=0.065
AgeVaxH35.js:2202 459I j:ageGp:fam 735:5:-1 by blue 226:2:-1 at gen743 Univ0 prob=0.059
AgeVaxH35.js:2221 460I i:ageGp:fam 345:2:-1 by blue 890:6:-1 at gen744 Univ0 prob=0.706
AgeVaxH35.js:2202 460I j:ageGp:fam 989:9:-1 by red 758:5:-1 at gen744 Univ0 prob=0.694
AgeVaxH35.js:2202 463I j:ageGp:fam 182:2:-1 by blue 65:1:-1 at gen745 Univ0 prob=0.632
AgeVaxH35.js:2202 463I j:ageGp:fam 194:2:-1 by blue 166:2:-1 at gen745 Univ0 prob=0.515
AgeVaxH35.js:2221 465I i:ageGp:fam 25:0:-1 by yellow 259:2:-1 at gen746 Univ0 prob=0.548
AgeVaxH35.js:2202 468I j:ageGp:fam 811:5:-1 by red 164:2:-1 at gen748 Univ0 prob=0.566
AgeVaxH35.js:2202 468I j:ageGp:fam 653:4:-1 by blue 451:3:-1 at gen748 Univ0 prob=0.488
AgeVaxH35.js:2221 468I i:ageGp:fam 452:3:-1 by red 610:4:-1 at gen749 Univ0 prob=0.775
AgeVaxH35.js:2202 471I j:ageGp:fam 973:8:-1 by blue 363:3:-1 at gen751 Univ0 prob=0.404
AgeVaxH35.js:2221 471I i:ageGp:fam 376:3:-1 by blue 671:4:-1 at gen751 Univ0 prob=0.753
AgeVaxH35.js:2202 471I j:ageGp:fam 847:6:-1 by blue 384:3:-1 at gen751 Univ0 prob=0.310
AgeVaxH35.js:2221 471I i:ageGp:fam 662:4:-1 by blue 794:5:-1 at gen751 Univ0 prob=0.361
AgeVaxH35.js:2221 475I i:ageGp:fam 304:2:-1 by blue 799:5:-1 at gen753 Univ0 prob=0.226
AgeVaxH35.js:2221 475I i:ageGp:fam 381:3:-1 by blue 671:4:-1 at gen753 Univ0 prob=0.252
AgeVaxH35.js:2221 475I i:ageGp:fam 560:4:-1 by blue 794:5:-1 at gen754 Univ0 prob=0.549
AgeVaxH35.js:2221 478I i:ageGp:fam 127:1:-1 by red 377:3:-1 at gen756 Univ0 prob=0.000
AgeVaxH35.js:2221 478I i:ageGp:fam 498:3:-1 by blue 540:3:-1 at gen756 Univ0 prob=0.592
AgeVaxH35.js:2202 478I j:ageGp:fam 655:4:-1 by red 57:1:-1 at gen757 Univ0 prob=0.994
AgeVaxH35.js:2202 478I j:ageGp:fam 809:5:-1 by blue 63:1:-1 at gen757 Univ0 prob=0.283
AgeVaxH35.js:2202 478I j:ageGp:fam 471:3:-1 by yellow 304:2:-1 at gen757 Univ0 prob=0.651
AgeVaxH35.js:2221 478I i:ageGp:fam 537:3:-1 by red 713:5:-1 at gen757 Univ0 prob=0.305
AgeVaxH35.js:2221 480I i:ageGp:fam 336:2:-1 by blue 576:4:-1 at gen758 Univ0 prob=0.790
AgeVaxH35.js:2202 484I j:ageGp:fam 821:6:-1 by blue 794:5:-1 at gen759 Univ0 prob=0.422
AgeVaxH35.js:2221 486I i:ageGp:fam 70:1:-1 by red 375:3:-1 at gen761 Univ0 prob=0.997
AgeVaxH35.js:2221 486I i:ageGp:fam 308:2:-1 by blue 792:5:-1 at gen761 Univ0 prob=0.234
AgeVaxH35.js:2221 486I i:ageGp:fam 431:3:-1 by red 534:3:-1 at gen761 Univ0 prob=0.521
AgeVaxH35.js:2202 486I j:ageGp:fam 914:7:-1 by red 534:3:-1 at gen761 Univ0 prob=0.745
AgeVaxH35.js:2221 490I i:ageGp:fam 297:2:-1 by blue 321:2:-1 at gen763 Univ0 prob=1.000
AgeVaxH35.js:2221 490I i:ageGp:fam 496:3:-1 by blue 794:5:-1 at gen763 Univ0 prob=0.597
AgeVaxH35.js:2221 490I i:ageGp:fam 284:2:-1 by red 886:6:-1 at gen764 Univ0 prob=0.959
AgeVaxH35.js:2221 493I i:ageGp:fam 176:2:-1 by blue 219:2:-1 at gen767 Univ0 prob=0.669
AgeVaxH35.js:2202 493I j:ageGp:fam 315:2:-1 by red 264:2:-1 at gen767 Univ0 prob=0.568
AgeVaxH35.js:2202 493I j:ageGp:fam 656:4:-1 by blue 382:3:-1 at gen768 Univ0 prob=0.552
AgeVaxH35.js:2221 495I i:ageGp:fam 144:2:-1 by red 451:3:-1 at gen769 Univ0 prob=0.309
AgeVaxH35.js:2202 495I j:ageGp:fam 281:2:-1 by yellow 182:2:-1 at gen769 Univ0 prob=0.392
AgeVaxH35.js:2221 495I i:ageGp:fam 441:3:-1 by blue 615:4:-1 at gen769 Univ0 prob=0.143
AgeVaxH35.js:2202 496I j:ageGp:fam 707:5:-1 by blue 259:2:-1 at gen770 Univ0 prob=0.589
AgeVaxH35.js:2221 499I i:ageGp:fam 440:3:-1 by blue 568:4:-1 at gen771 Univ0 prob=0.188
AgeVaxH35.js:2202 501I j:ageGp:fam 654:4:-1 by red 57:1:-1 at gen773 Univ0 prob=0.445
AgeVaxH35.js:2221 501I i:ageGp:fam 476:3:-1 by blue 607:4:-1 at gen773 Univ0 prob=0.983
AgeVaxH35.js:2221 501I i:ageGp:fam 249:2:-1 by blue 298:2:-1 at gen774 Univ0 prob=0.182
AgeVaxH35.js:2202 501I j:ageGp:fam 783:5:-1 by red 264:2:-1 at gen774 Univ0 prob=0.897
AgeVaxH35.js:2221 505I i:ageGp:fam 388:3:-1 by red 534:3:-1 at gen776 Univ0 prob=0.226
AgeVaxH35.js:2202 506I j:ageGp:fam 919:7:-1 by blue 795:5:-1 at gen778 Univ0 prob=0.762
AgeVaxH35.js:2202 506I j:ageGp:fam 988:9:-1 by red 57:1:-1 at gen779 Univ0 prob=0.100
AgeVaxH35.js:2221 506I i:ageGp:fam 565:4:-1 by red 610:4:-1 at gen779 Univ0 prob=0.987
AgeVaxH35.js:2221 506I i:ageGp:fam 711:5:-1 by red 733:5:-1 at gen779 Univ0 prob=0.993
AgeVaxH35.js:2221 507I i:ageGp:fam 47:1:-1 by blue 568:4:-1 at gen780 Univ0 prob=0.636
AgeVaxH35.js:2202 507I j:ageGp:fam 972:8:-1 by blue 259:2:-1 at gen780 Univ0 prob=0.026
AgeVaxH35.js:2202 507I j:ageGp:fam 674:4:-1 by blue 269:2:-1 at gen780 Univ0 prob=0.182
AgeVaxH35.js:2202 510I j:ageGp:fam 844:6:-1 by blue 113:1:-1 at gen781 Univ0 prob=0.505
AgeVaxH35.js:2202 510I j:ageGp:fam 644:4:-1 by red 377:3:-1 at gen781 Univ0 prob=0.350
AgeVaxH35.js:2221 513I i:ageGp:fam 117:1:-1 by red 713:5:-1 at gen782 Univ0 prob=0.861
AgeVaxH35.js:2221 513I i:ageGp:fam 203:2:-1 by blue 641:4:-1 at gen782 Univ0 prob=0.189
AgeVaxH35.js:2221 515I i:ageGp:fam 2:0:-1 by red 451:3:-1 at gen783 Univ0 prob=0.713
AgeVaxH35.js:2221 515I i:ageGp:fam 341:2:-1 by red 610:4:-1 at gen783 Univ0 prob=0.082
AgeVaxH35.js:2202 515I j:ageGp:fam 923:7:-1 by yellow 509:3:-1 at gen783 Univ0 prob=0.144
AgeVaxH35.js:2202 517I j:ageGp:fam 772:5:-1 by blue 259:2:-1 at gen784 Univ0 prob=0.976
AgeVaxH35.js:2221 517I i:ageGp:fam 551:4:-1 by blue 873:6:-1 at gen784 Univ0 prob=0.354
AgeVaxH35.js:2221 522I i:ageGp:fam 188:2:-1 by blue 794:5:-1 at gen787 Univ0 prob=0.241
AgeVaxH35.js:2202 523I j:ageGp:fam 869:6:-1 by red 610:4:-1 at gen789 Univ0 prob=0.231
AgeVaxH35.js:2202 523I j:ageGp:fam 797:5:-1 by blue 259:2:-1 at gen790 Univ0 prob=0.665
AgeVaxH35.js:2202 524I j:ageGp:fam 317:2:-1 by red 226:2:-1 at gen791 Univ0 prob=0.920
AgeVaxH35.js:2202 524I j:ageGp:fam 839:6:-1 by red 622:4:-1 at gen791 Univ0 prob=0.754
AgeVaxH35.js:2202 525I j:ageGp:fam 681:4:-1 by red 65:1:-1 at gen792 Univ0 prob=0.375
AgeVaxH35.js:2202 525I j:ageGp:fam 211:2:-1 by red 164:2:-1 at gen792 Univ0 prob=0.840
AgeVaxH35.js:2202 527I j:ageGp:fam 904:7:-1 by yellow 2:0:-1 at gen793 Univ0 prob=0.154
AgeVaxH35.js:2221 530I i:ageGp:fam 267:2:-1 by blue 568:4:-1 at gen795 Univ0 prob=0.620
AgeVaxH35.js:2202 530I j:ageGp:fam 981:8:-1 by blue 568:4:-1 at gen795 Univ0 prob=0.050
AgeVaxH35.js:2202 530I j:ageGp:fam 754:5:-1 by red 85:1:-1 at gen796 Univ0 prob=0.121
AgeVaxH35.js:2202 530I j:ageGp:fam 729:5:-1 by yellow 267:2:-1 at gen796 Univ0 prob=0.988
AgeVaxH35.js:2202 530I j:ageGp:fam 543:4:-1 by blue 300:2:-1 at gen796 Univ0 prob=0.141
AgeVaxH35.js:2202 530I j:ageGp:fam 782:5:-1 by red 484:3:-1 at gen796 Univ0 prob=0.752
AgeVaxH35.js:2202 536I j:ageGp:fam 100:1:-1 by blue 34:0:-1 at gen799 Univ0 prob=0.485
AgeVaxH35.js:2221 537I i:ageGp:fam 171:2:-1 by blue 386:3:-1 at gen802 Univ0 prob=0.619
AgeVaxH35.js:2221 538I i:ageGp:fam 600:4:-1 by red 671:4:-1 at gen804 Univ0 prob=0.357
AgeVaxH35.js:2221 538I i:ageGp:fam 364:3:-1 by red 680:4:-1 at gen805 Univ0 prob=0.246
AgeVaxH35.js:2202 538I j:ageGp:fam 985:9:-1 by blue 568:4:-1 at gen805 Univ0 prob=0.216
AgeVaxH35.js:2221 539I i:ageGp:fam 677:4:-1 by blue 873:6:-1 at gen806 Univ0 prob=0.792
AgeVaxH35.js:2202 541I j:ageGp:fam 881:6:-1 by red 876:6:-1 at gen807 Univ0 prob=0.590
AgeVaxH35.js:2221 543I i:ageGp:fam 236:2:-1 by blue 568:4:-1 at gen809 Univ0 prob=0.897
AgeVaxH35.js:2202 543I j:ageGp:fam 28:0:-1 by blue 25:0:-1 at gen810 Univ0 prob=0.099
AgeVaxH35.js:2202 544I j:ageGp:fam 889:6:-1 by blue 354:2:-1 at gen811 Univ0 prob=0.354
AgeVaxH35.js:2202 546I j:ageGp:fam 703:5:-1 by blue 120:1:-1 at gen814 Univ0 prob=0.535
AgeVaxH35.js:2221 546I i:ageGp:fam 151:2:-1 by red 861:6:-1 at gen814 Univ0 prob=0.552
AgeVaxH35.js:2202 546I j:ageGp:fam 490:3:-1 by blue 332:2:-1 at gen814 Univ0 prob=0.962
AgeVaxH35.js:2202 546I j:ageGp:fam 722:5:-1 by blue 127:1:-1 at gen815 Univ0 prob=0.779
AgeVaxH35.js:2202 546I j:ageGp:fam 722:5:-1 by red 555:4:-1 at gen815 Univ0 prob=0.006
AgeVaxH35.js:2221 549I i:ageGp:fam 17:0:-1 by blue 332:2:-1 at gen816 Univ0 prob=0.052
AgeVaxH35.js:2221 549I i:ageGp:fam 23:0:-1 by blue 381:3:-1 at gen816 Univ0 prob=0.604
AgeVaxH35.js:2221 549I i:ageGp:fam 313:2:-1 by blue 735:5:-1 at gen816 Univ0 prob=0.059
AgeVaxH35.js:2202 550I j:ageGp:fam 232:2:-1 by blue 194:2:-1 at gen817 Univ0 prob=0.013
AgeVaxH35.js:2202 550I j:ageGp:fam 632:4:-1 by red 451:3:-1 at gen817 Univ0 prob=0.425
AgeVaxH35.js:2202 550I j:ageGp:fam 998:9:-1 by blue 694:5:-1 at gen817 Univ0 prob=0.974
AgeVaxH35.js:2221 553I i:ageGp:fam 135:2:-1 by blue 913:7:-1 at gen818 Univ0 prob=0.051
AgeVaxH35.js:2221 553I i:ageGp:fam 230:2:-1 by blue 873:6:-1 at gen818 Univ0 prob=0.251
AgeVaxH35.js:2221 556I i:ageGp:fam 295:2:-1 by red 359:3:-1 at gen819 Univ0 prob=0.230
AgeVaxH35.js:2221 558I i:ageGp:fam 41:1:-1 by blue 921:7:-1 at gen820 Univ0 prob=0.302
AgeVaxH35.js:2202 558I j:ageGp:fam 714:5:-1 by red 451:3:-1 at gen820 Univ0 prob=0.794
AgeVaxH35.js:2202 561I j:ageGp:fam 312:2:-1 by red 166:2:-1 at gen822 Univ0 prob=0.196
AgeVaxH35.js:2202 561I j:ageGp:fam 448:3:-1 by red 219:2:-1 at gen822 Univ0 prob=0.487
AgeVaxH35.js:2221 561I i:ageGp:fam 4:0:-1 by blue 34:0:-1 at gen823 Univ0 prob=0.345
AgeVaxH35.js:2221 561I i:ageGp:fam 704:5:-1 by red 873:6:-1 at gen823 Univ0 prob=0.393
AgeVaxH35.js:2202 563I j:ageGp:fam 505:3:-1 by red 19:0:-1 at gen824 Univ0 prob=0.430
AgeVaxH35.js:2202 565I j:ageGp:fam 358:2:-1 by blue 194:2:-1 at gen825 Univ0 prob=0.927
AgeVaxH35.js:2202 567I j:ageGp:fam 686:4:-1 by blue 560:4:-1 at gen827 Univ0 prob=0.354
AgeVaxH35.js:2202 567I j:ageGp:fam 787:5:-1 by blue 34:0:-1 at gen828 Univ0 prob=0.149
AgeVaxH35.js:2202 567I j:ageGp:fam 371:3:-1 by blue 194:2:-1 at gen828 Univ0 prob=0.892
AgeVaxH35.js:2221 568I i:ageGp:fam 105:1:-1 by red 263:2:-1 at gen829 Univ0 prob=0.020
AgeVaxH35.js:2221 570I i:ageGp:fam 507:3:-1 by blue 783:5:-1 at gen830 Univ0 prob=0.199
AgeVaxH35.js:2221 571I i:ageGp:fam 29:0:-1 by red 166:2:-1 at gen831 Univ0 prob=0.422
AgeVaxH35.js:2221 571I i:ageGp:fam 619:4:-1 by red 622:4:-1 at gen831 Univ0 prob=0.939
AgeVaxH35.js:2221 572I i:ageGp:fam 469:3:-1 by blue 735:5:-1 at gen832 Univ0 prob=0.163
AgeVaxH35.js:2202 574I j:ageGp:fam 495:3:-1 by blue 25:0:-1 at gen833 Univ0 prob=0.455
AgeVaxH35.js:2202 574I j:ageGp:fam 223:2:-1 by blue 47:1:-1 at gen833 Univ0 prob=0.257
AgeVaxH35.js:2202 575I j:ageGp:fam 274:2:-1 by red 19:0:-1 at gen834 Univ0 prob=0.269
AgeVaxH35.js:2202 578I j:ageGp:fam 333:2:-1 by red 149:2:-1 at gen837 Univ0 prob=0.535
AgeVaxH35.js:2202 578I j:ageGp:fam 865:6:-1 by blue 332:2:-1 at gen837 Univ0 prob=0.753
AgeVaxH35.js:2202 578I j:ageGp:fam 626:4:-1 by blue 509:3:-1 at gen837 Univ0 prob=0.347
AgeVaxH35.js:2202 578I j:ageGp:fam 101:1:-1 by blue 25:0:-1 at gen838 Univ0 prob=0.377
AgeVaxH35.js:2221 581I i:ageGp:fam 36:0:-1 by blue 487:3:-1 at gen839 Univ0 prob=0.325
AgeVaxH35.js:2221 581I i:ageGp:fam 102:1:-1 by red 300:2:-1 at gen839 Univ0 prob=0.008
AgeVaxH35.js:2221 581I i:ageGp:fam 863:6:-1 by blue 913:7:-1 at gen839 Univ0 prob=0.736
AgeVaxH35.js:2202 582I j:ageGp:fam 479:3:-1 by blue 25:0:-1 at gen840 Univ0 prob=0.231
AgeVaxH35.js:2221 585I i:ageGp:fam 3:0:-1 by yellow 211:2:-1 at gen841 Univ0 prob=0.854
AgeVaxH35.js:2202 586I j:ageGp:fam 374:3:-1 by blue 341:2:-1 at gen842 Univ0 prob=0.682
AgeVaxH35.js:2221 587I i:ageGp:fam 53:1:-1 by red 898:6:-1 at gen843 Univ0 prob=0.361
AgeVaxH35.js:2202 588I j:ageGp:fam 350:2:-1 by blue 194:2:-1 at gen844 Univ0 prob=0.791
AgeVaxH35.js:2221 588I i:ageGp:fam 601:4:-1 by blue 707:5:-1 at gen844 Univ0 prob=0.256
AgeVaxH35.js:2221 589I i:ageGp:fam 271:2:-1 by yellow 729:5:-1 at gen845 Univ0 prob=0.807
AgeVaxH35.js:2221 589I i:ageGp:fam 571:4:-1 by red 829:6:-1 at gen845 Univ0 prob=0.180
AgeVaxH35.js:2221 593I i:ageGp:fam 270:2:-1 by blue 735:5:-1 at gen847 Univ0 prob=0.479
AgeVaxH35.js:2202 593I j:ageGp:fam 357:2:-1 by blue 25:0:-1 at gen848 Univ0 prob=0.921
AgeVaxH35.js:2221 593I i:ageGp:fam 136:2:-1 by blue 476:3:-1 at gen848 Univ0 prob=0.412
AgeVaxH35.js:2221 596I i:ageGp:fam 372:3:-1 by blue 560:4:-1 at gen852 Univ0 prob=0.519
AgeVaxH35.js:2221 596I i:ageGp:fam 90:1:-1 by blue 476:3:-1 at gen853 Univ0 prob=0.814
AgeVaxH35.js:2202 596I j:ageGp:fam 692:5:-1 by blue 440:3:-1 at gen853 Univ0 prob=0.836
AgeVaxH35.js:2221 597I i:ageGp:fam 13:0:-1 by blue 25:0:-1 at gen854 Univ0 prob=0.003
AgeVaxH35.js:2221 597I i:ageGp:fam 444:3:-1 by blue 783:5:-1 at gen854 Univ0 prob=0.751
AgeVaxH35.js:2221 597I i:ageGp:fam 698:5:-1 by blue 844:6:-1 at gen854 Univ0 prob=0.651
AgeVaxH35.js:2202 599I j:ageGp:fam 978:8:-1 by blue 47:1:-1 at gen855 Univ0 prob=0.001
AgeVaxH35.js:2202 603I j:ageGp:fam 44:1:-1 by yellow 28:0:-1 at gen858 Univ0 prob=0.146
AgeVaxH35.js:2202 603I j:ageGp:fam 944:7:-1 by blue 707:5:-1 at gen858 Univ0 prob=0.882
AgeVaxH35.js:2221 605I i:ageGp:fam 161:2:-1 by blue 783:5:-1 at gen861 Univ0 prob=0.597
AgeVaxH35.js:2202 605I j:ageGp:fam 966:8:-1 by green 161:2:-1 at gen861 Univ0 prob=0.512
AgeVaxH35.js:2202 605I j:ageGp:fam 853:6:-1 by yellow 13:0:-1 at gen862 Univ0 prob=0.405
AgeVaxH35.js:2221 605I i:ageGp:fam 595:4:-1 by blue 981:8:-1 at gen862 Univ0 prob=0.464
AgeVaxH35.js:2221 607I i:ageGp:fam 156:2:-1 by blue 797:5:-1 at gen863 Univ0 prob=0.418
AgeVaxH35.js:2202 607I j:ageGp:fam 979:8:-1 by blue 923:7:-1 at gen863 Univ0 prob=0.967
AgeVaxH35.js:2221 609I i:ageGp:fam 217:2:-1 by blue 844:6:-1 at gen864 Univ0 prob=0.598
AgeVaxH35.js:2202 611I j:ageGp:fam 577:4:-1 by red 25:0:-1 at gen865 Univ0 prob=0.833
AgeVaxH35.js:2221 612I i:ageGp:fam 48:1:-1 by red 540:3:-1 at gen866 Univ0 prob=0.503
AgeVaxH35.js:2202 614I j:ageGp:fam 466:3:-1 by red 25:0:-1 at gen868 Univ0 prob=0.812
AgeVaxH35.js:2202 614I j:ageGp:fam 867:6:-1 by blue 543:4:-1 at gen869 Univ0 prob=0.624
AgeVaxH35.js:2202 616I j:ageGp:fam 945:7:-1 by blue 47:1:-1 at gen871 Univ0 prob=0.227
AgeVaxH35.js:2221 617I i:ageGp:fam 417:3:-1 by blue 985:9:-1 at gen873 Univ0 prob=0.569
AgeVaxH35.js:2221 617I i:ageGp:fam 614:4:-1 by blue 923:7:-1 at gen873 Univ0 prob=0.429
AgeVaxH35.js:2202 619I j:ageGp:fam 306:2:-1 by blue 176:2:-1 at gen875 Univ0 prob=0.328
AgeVaxH35.js:2221 619I i:ageGp:fam 110:1:-1 by red 382:3:-1 at gen876 Univ0 prob=0.046
AgeVaxH35.js:2202 620I j:ageGp:fam 739:5:-1 by red 194:2:-1 at gen877 Univ0 prob=0.446
AgeVaxH35.js:2202 622I j:ageGp:fam 349:2:-1 by blue 17:0:-1 at gen879 Univ0 prob=0.480
AgeVaxH35.js:2202 623I j:ageGp:fam 544:4:-1 by blue 100:1:-1 at gen885 Univ0 prob=0.877
AgeVaxH35.js:2202 623I j:ageGp:fam 422:3:-1 by red 113:1:-1 at gen886 Univ0 prob=0.277
AgeVaxH35.js:2221 624I i:ageGp:fam 638:4:-1 by blue 703:5:-1 at gen887 Univ0 prob=0.399
AgeVaxH35.js:2202 625I j:ageGp:fam 812:5:-1 by yellow 638:4:-1 at gen888 Univ0 prob=0.911
AgeVaxH35.js:2202 626I j:ageGp:fam 953:8:-1 by blue 490:3:-1 at gen889 Univ0 prob=0.133
AgeVaxH35.js:2202 628I j:ageGp:fam 993:9:-1 by blue 203:2:-1 at gen891 Univ0 prob=0.651
AgeVaxH35.js:2202 628I j:ageGp:fam 747:5:-1 by blue 729:5:-1 at gen891 Univ0 prob=0.992
AgeVaxH35.js:2221 628I i:ageGp:fam 45:1:-1 by red 120:1:-1 at gen892 Univ0 prob=0.158
AgeVaxH35.js:2221 628I i:ageGp:fam 247:2:-1 by red 654:4:-1 at gen892 Univ0 prob=0.046
AgeVaxH35.js:2202 628I j:ageGp:fam 962:8:-1 by red 735:5:-1 at gen892 Univ0 prob=0.508
AgeVaxH35.js:2202 630I j:ageGp:fam 356:2:-1 by blue 223:2:-1 at gen893 Univ0 prob=0.268
AgeVaxH35.js:2202 630I j:ageGp:fam 410:3:-1 by yellow 357:2:-1 at gen893 Univ0 prob=0.680
AgeVaxH35.js:2202 635I j:ageGp:fam 852:6:-1 by blue 236:2:-1 at gen895 Univ0 prob=0.729
AgeVaxH35.js:2202 635I j:ageGp:fam 762:5:-1 by blue 236:2:-1 at gen896 Univ0 prob=0.739
AgeVaxH35.js:2221 636I i:ageGp:fam 80:1:-1 by blue 232:2:-1 at gen897 Univ0 prob=0.154
AgeVaxH35.js:2221 636I i:ageGp:fam 216:2:-1 by blue 358:2:-1 at gen897 Univ0 prob=0.394
AgeVaxH35.js:2221 637I i:ageGp:fam 54:1:-1 by blue 188:2:-1 at gen898 Univ0 prob=0.561
AgeVaxH35.js:2202 640I j:ageGp:fam 160:2:-1 by red 144:2:-1 at gen900 Univ0 prob=0.749
AgeVaxH35.js:2202 640I j:ageGp:fam 910:7:-1 by red 297:2:-1 at gen900 Univ0 prob=0.571
AgeVaxH35.js:2202 640I j:ageGp:fam 975:8:-1 by blue 358:2:-1 at gen901 Univ0 prob=0.636
AgeVaxH35.js:2221 643I i:ageGp:fam 91:1:-1 by blue 358:2:-1 at gen903 Univ0 prob=0.538
AgeVaxH35.js:2202 643I j:ageGp:fam 960:8:-1 by blue 371:3:-1 at gen903 Univ0 prob=0.458
AgeVaxH35.js:2202 643I j:ageGp:fam 963:8:-1 by red 923:7:-1 at gen903 Univ0 prob=0.599
AgeVaxH35.js:2202 646I j:ageGp:fam 752:5:-1 by blue 350:2:-1 at gen905 Univ0 prob=0.412
AgeVaxH35.js:2202 646I j:ageGp:fam 996:9:-1 by blue 490:3:-1 at gen906 Univ0 prob=0.835
AgeVaxH35.js:2221 647I i:ageGp:fam 35:0:-1 by blue 358:2:-1 at gen907 Univ0 prob=0.705
AgeVaxH35.js:2202 647I j:ageGp:fam 743:5:-1 by blue 211:2:-1 at gen907 Univ0 prob=0.021
AgeVaxH35.js:2202 648I j:ageGp:fam 625:4:-1 by red 292:2:-1 at gen908 Univ0 prob=0.791
AgeVaxH35.js:2221 650I i:ageGp:fam 52:1:-1 by red 923:7:-1 at gen909 Univ0 prob=0.207
AgeVaxH35.js:2221 650I i:ageGp:fam 702:5:-1 by blue 729:5:-1 at gen909 Univ0 prob=0.555
AgeVaxH35.js:2202 653I j:ageGp:fam 463:3:-1 by blue 53:1:-1 at gen911 Univ0 prob=0.206
AgeVaxH35.js:2202 653I j:ageGp:fam 977:8:-1 by yellow 702:5:-1 at gen911 Univ0 prob=0.774
AgeVaxH35.js:2221 653I i:ageGp:fam 933:7:-1 by blue 985:9:-1 at gen911 Univ0 prob=0.242
AgeVaxH35.js:2202 653I j:ageGp:fam 917:7:-1 by blue 543:4:-1 at gen912 Univ0 prob=0.397
AgeVaxH35.js:2221 656I i:ageGp:fam 213:2:-1 by blue 358:2:-1 at gen913 Univ0 prob=0.581
AgeVaxH35.js:2202 656I j:ageGp:fam 815:5:-1 by red 656:4:-1 at gen913 Univ0 prob=0.069
AgeVaxH35.js:2221 657I i:ageGp:fam 97:1:-1 by red 844:6:-1 at gen914 Univ0 prob=0.953
AgeVaxH35.js:2202 657I j:ageGp:fam 827:6:-1 by red 120:1:-1 at gen914 Univ0 prob=0.667
AgeVaxH35.js:2221 659I i:ageGp:fam 58:1:-1 by blue 223:2:-1 at gen915 Univ0 prob=0.578
AgeVaxH35.js:2202 661I j:ageGp:fam 257:2:-1 by blue 13:0:-1 at gen916 Univ0 prob=0.452
AgeVaxH35.js:2221 661I i:ageGp:fam 401:3:-1 by red 729:5:-1 at gen916 Univ0 prob=0.781
AgeVaxH35.js:2202 661I j:ageGp:fam 617:4:-1 by red 440:3:-1 at gen916 Univ0 prob=0.908
AgeVaxH35.js:2221 662I i:ageGp:fam 26:0:-1 by blue 358:2:-1 at gen917 Univ0 prob=0.362
AgeVaxH35.js:2202 662I j:ageGp:fam 959:8:-1 by blue 543:4:-1 at gen917 Univ0 prob=0.336
AgeVaxH35.js:2221 665I i:ageGp:fam 134:2:-1 by blue 371:3:-1 at gen918 Univ0 prob=0.850
AgeVaxH35.js:2221 665I i:ageGp:fam 575:4:-1 by blue 966:8:-1 at gen918 Univ0 prob=0.580
AgeVaxH35.js:2221 669I i:ageGp:fam 82:1:-1 by blue 466:3:-1 at gen920 Univ0 prob=0.232
AgeVaxH35.js:2202 669I j:ageGp:fam 961:8:-1 by red 297:2:-1 at gen920 Univ0 prob=0.582
AgeVaxH35.js:2221 669I i:ageGp:fam 415:3:-1 by red 844:6:-1 at gen920 Univ0 prob=0.145
AgeVaxH35.js:2202 669I j:ageGp:fam 936:7:-1 by yellow 401:3:-1 at gen921 Univ0 prob=0.006
AgeVaxH35.js:2202 669I j:ageGp:fam 659:4:-1 by blue 632:4:-1 at gen921 Univ0 prob=0.924
AgeVaxH35.js:2202 674I j:ageGp:fam 55:1:-1 by blue 13:0:-1 at gen923 Univ0 prob=0.216
AgeVaxH35.js:2202 674I j:ageGp:fam 854:6:-1 by blue 17:0:-1 at gen924 Univ0 prob=0.548
AgeVaxH35.js:2221 674I i:ageGp:fam 245:2:-1 by blue 371:3:-1 at gen924 Univ0 prob=0.547
AgeVaxH35.js:2221 674I i:ageGp:fam 705:5:-1 by blue 979:8:-1 at gen924 Univ0 prob=0.009
AgeVaxH35.js:2202 675I j:ageGp:fam 801:5:-1 by blue 271:2:-1 at gen925 Univ0 prob=0.081
AgeVaxH35.js:2202 675I j:ageGp:fam 846:6:-1 by red 729:5:-1 at gen925 Univ0 prob=0.170
AgeVaxH35.js:2202 678I j:ageGp:fam 657:4:-1 by blue 469:3:-1 at gen926 Univ0 prob=0.833
AgeVaxH35.js:2202 678I j:ageGp:fam 746:5:-1 by red 677:4:-1 at gen926 Univ0 prob=0.973
AgeVaxH35.js:2202 680I j:ageGp:fam 995:9:-1 by red 171:2:-1 at gen927 Univ0 prob=0.496
AgeVaxH35.js:2202 680I j:ageGp:fam 516:3:-1 by blue 358:2:-1 at gen927 Univ0 prob=0.315
AgeVaxH35.js:2221 682I i:ageGp:fam 436:3:-1 by blue 490:3:-1 at gen928 Univ0 prob=0.624
AgeVaxH35.js:2202 684I j:ageGp:fam 246:2:-1 by blue 17:0:-1 at gen929 Univ0 prob=0.604
AgeVaxH35.js:2221 685I i:ageGp:fam 88:1:-1 by blue 136:2:-1 at gen930 Univ0 prob=0.313
AgeVaxH35.js:2202 685I j:ageGp:fam 535:3:-1 by blue 232:2:-1 at gen930 Univ0 prob=0.669
AgeVaxH35.js:2202 688I j:ageGp:fam 954:8:-1 by blue 350:2:-1 at gen933 Univ0 prob=0.381
AgeVaxH35.js:2202 688I j:ageGp:fam 796:5:-1 by blue 417:3:-1 at gen934 Univ0 prob=0.617
AgeVaxH35.js:2221 688I i:ageGp:fam 547:4:-1 by blue 979:8:-1 at gen934 Univ0 prob=0.674
AgeVaxH35.js:2202 688I j:ageGp:fam 894:6:-1 by blue 626:4:-1 at gen934 Univ0 prob=0.598
AgeVaxH35.js:2202 689I j:ageGp:fam 522:3:-1 by blue 156:2:-1 at gen935 Univ0 prob=0.885
AgeVaxH35.js:2202 689I j:ageGp:fam 563:4:-1 by blue 349:2:-1 at gen935 Univ0 prob=0.560
AgeVaxH35.js:2202 694I j:ageGp:fam 286:2:-1 by red 17:0:-1 at gen938 Univ0 prob=0.308
AgeVaxH35.js:2202 694I j:ageGp:fam 891:6:-1 by blue 44:1:-1 at gen938 Univ0 prob=0.402
AgeVaxH35.js:2221 694I i:ageGp:fam 175:2:-1 by yellow 245:2:-1 at gen938 Univ0 prob=0.087
AgeVaxH35.js:2221 694I i:ageGp:fam 316:2:-1 by blue 350:2:-1 at gen938 Univ0 prob=0.700
AgeVaxH35.js:2221 694I i:ageGp:fam 130:1:-1 by red 297:2:-1 at gen939 Univ0 prob=0.094
AgeVaxH35.js:2221 694I i:ageGp:fam 130:1:-1 by red 543:4:-1 at gen939 Univ0 prob=0.765
AgeVaxH35.js:2202 694I j:ageGp:fam 776:5:-1 by red 729:5:-1 at gen939 Univ0 prob=1.000
AgeVaxH35.js:2202 694I j:ageGp:fam 939:7:-1 by yellow 747:5:-1 at gen939 Univ0 prob=0.279
AgeVaxH35.js:2202 698I j:ageGp:fam 748:5:-1 by blue 544:4:-1 at gen940 Univ0 prob=0.195
AgeVaxH35.js:2202 701I j:ageGp:fam 647:4:-1 by blue 466:3:-1 at gen941 Univ0 prob=0.324
AgeVaxH35.js:2202 701I j:ageGp:fam 582:4:-1 by blue 479:3:-1 at gen941 Univ0 prob=0.374
AgeVaxH35.js:2202 704I j:ageGp:fam 428:3:-1 by blue 101:1:-1 at gen944 Univ0 prob=0.828
AgeVaxH35.js:2202 704I j:ageGp:fam 956:8:-1 by red 236:2:-1 at gen944 Univ0 prob=0.840
AgeVaxH35.js:2221 704I i:ageGp:fam 143:2:-1 by red 358:2:-1 at gen945 Univ0 prob=0.381
AgeVaxH35.js:2202 706I j:ageGp:fam 433:3:-1 by yellow 80:1:-1 at gen946 Univ0 prob=0.809
AgeVaxH35.js:2202 706I j:ageGp:fam 905:7:-1 by red 135:2:-1 at gen946 Univ0 prob=0.528
AgeVaxH35.js:2202 707I j:ageGp:fam 851:6:-1 by blue 577:4:-1 at gen947 Univ0 prob=0.530
AgeVaxH35.js:2202 709I j:ageGp:fam 591:4:-1 by red 135:2:-1 at gen948 Univ0 prob=0.768
AgeVaxH35.js:2202 710I j:ageGp:fam 76:1:-1 by blue 44:1:-1 at gen949 Univ0 prob=0.880
AgeVaxH35.js:2221 710I i:ageGp:fam 240:2:-1 by red 839:6:-1 at gen949 Univ0 prob=0.300
AgeVaxH35.js:2202 711I j:ageGp:fam 640:4:-1 by red 171:2:-1 at gen950 Univ0 prob=0.802
AgeVaxH35.js:2221 714I i:ageGp:fam 93:1:-1 by blue 479:3:-1 at gen953 Univ0 prob=0.816
AgeVaxH35.js:2221 714I i:ageGp:fam 5:0:-1 by yellow 93:1:-1 at gen954 Univ0 prob=0.398
AgeVaxH35.js:2221 716I i:ageGp:fam 30:0:-1 by red 100:1:-1 at gen956 Univ0 prob=0.212
AgeVaxH35.js:2221 717I i:ageGp:fam 918:7:-1 by blue 975:8:-1 at gen958 Univ0 prob=0.508
AgeVaxH35.js:2221 717I i:ageGp:fam 369:3:-1 by blue 638:4:-1 at gen959 Univ0 prob=0.534
AgeVaxH35.js:2202 719I j:ageGp:fam 480:3:-1 by yellow 369:3:-1 at gen961 Univ0 prob=0.597
AgeVaxH35.js:2202 720I j:ageGp:fam 859:6:-1 by red 47:1:-1 at gen967 Univ0 prob=0.472
AgeVaxH35.js:2221 720I i:ageGp:fam 137:2:-1 by blue 960:8:-1 at gen968 Univ0 prob=0.111
AgeVaxH35.js:2202 721I j:ageGp:fam 816:5:-1 by blue 156:2:-1 at gen969 Univ0 prob=0.267
AgeVaxH35.js:2202 721I j:ageGp:fam 391:3:-1 by red 357:2:-1 at gen969 Univ0 prob=0.659
AgeVaxH35.js:2221 722I i:ageGp:fam 122:1:-1 by red 371:3:-1 at gen970 Univ0 prob=0.044
AgeVaxH35.js:2221 722I i:ageGp:fam 253:2:-1 by blue 747:5:-1 at gen970 Univ0 prob=0.343
AgeVaxH35.js:2202 726I j:ageGp:fam 669:4:-1 by red 171:2:-1 at gen972 Univ0 prob=0.781
AgeVaxH35.js:2221 726I i:ageGp:fam 214:2:-1 by red 271:2:-1 at gen973 Univ0 prob=0.257
AgeVaxH35.js:2202 728I j:ageGp:fam 277:2:-1 by red 29:0:-1 at gen975 Univ0 prob=0.064
AgeVaxH35.js:2202 728I j:ageGp:fam 926:7:-1 by blue 80:1:-1 at gen975 Univ0 prob=0.065
AgeVaxH35.js:2202 728I j:ageGp:fam 860:6:-1 by blue 852:6:-1 at gen976 Univ0 prob=0.177
AgeVaxH35.js:2202 730I j:ageGp:fam 679:4:-1 by blue 91:1:-1 at gen977 Univ0 prob=0.261
AgeVaxH35.js:2202 731I j:ageGp:fam 768:5:-1 by blue 705:5:-1 at gen978 Univ0 prob=0.924
AgeVaxH35.js:2202 732I j:ageGp:fam 584:4:-1 by blue 44:1:-1 at gen979 Univ0 prob=0.524
AgeVaxH35.js:2202 733I j:ageGp:fam 675:4:-1 by red 371:3:-1 at gen980 Univ0 prob=0.390
AgeVaxH35.js:2221 734I i:ageGp:fam 434:3:-1 by red 865:6:-1 at gen981 Univ0 prob=0.700
AgeVaxH35.js:2221 736I i:ageGp:fam 435:3:-1 by blue 705:5:-1 at gen984 Univ0 prob=0.795
AgeVaxH35.js:2221 736I i:ageGp:fam 322:2:-1 by blue 933:7:-1 at gen985 Univ0 prob=0.670
AgeVaxH35.js:2202 737I j:ageGp:fam 424:3:-1 by red 232:2:-1 at gen986 Univ0 prob=0.495
AgeVaxH35.js:2221 737I i:ageGp:fam 314:2:-1 by red 479:3:-1 at gen986 Univ0 prob=0.531
AgeVaxH35.js:2202 738I j:ageGp:fam 925:7:-1 by red 232:2:-1 at gen987 Univ0 prob=0.337
AgeVaxH35.js:2202 740I j:ageGp:fam 494:3:-1 by blue 401:3:-1 at gen988 Univ0 prob=0.277
AgeVaxH35.js:2221 742I i:ageGp:fam 192:2:-1 by blue 349:2:-1 at gen990 Univ0 prob=0.555
AgeVaxH35.js:2221 742I i:ageGp:fam 73:1:-1 by blue 776:5:-1 at gen991 Univ0 prob=0.051
AgeVaxH35.js:2221 742I i:ageGp:fam 74:1:-1 by red 232:2:-1 at gen991 Univ0 prob=0.559
AgeVaxH35.js:2202 742I j:ageGp:fam 721:5:-1 by blue 575:4:-1 at gen991 Univ0 prob=0.634
AgeVaxH35.js:2202 743I j:ageGp:fam 651:4:-1 by yellow 314:2:-1 at gen992 Univ0 prob=0.455
AgeVaxH35.js:2202 743I j:ageGp:fam 446:3:-1 by red 371:3:-1 at gen992 Univ0 prob=0.557
AgeVaxH35.js:2221 746I i:ageGp:fam 478:3:-1 by red 979:8:-1 at gen993 Univ0 prob=0.886
AgeVaxH35.js:2221 748I i:ageGp:fam 162:2:-1 by yellow 314:2:-1 at gen994 Univ0 prob=0.071
AgeVaxH35.js:2221 748I i:ageGp:fam 397:3:-1 by yellow 905:7:-1 at gen994 Univ0 prob=0.343
AgeVaxH35.js:2221 749I i:ageGp:fam 62:1:-1 by blue 977:8:-1 at gen995 Univ0 prob=0.883
AgeVaxH35.js:2221 749I i:ageGp:fam 603:4:-1 by blue 936:7:-1 at gen995 Univ0 prob=0.106
AgeVaxH35.js:2202 749I j:ageGp:fam 941:7:-1 by blue 702:5:-1 at gen995 Univ0 prob=0.099
AgeVaxH35.js:2221 754I i:ageGp:fam 64:1:-1 by blue 97:1:-1 at gen998 Univ0 prob=0.008
AgeVaxH35.js:2221 754I i:ageGp:fam 242:2:-1 by blue 995:9:-1 at gen998 Univ0 prob=0.787
AgeVaxH35.js:2221 754I i:ageGp:fam 538:3:-1 by blue 638:4:-1 at gen999 Univ0 prob=0.497
AgeVaxH35.js:2221 754I i:ageGp:fam 646:4:-1 by blue 954:8:-1 at gen999 Univ0 prob=0.412
AgeVaxH35.js:2221 758I i:ageGp:fam 266:2:-1 by red 739:5:-1 at gen1001 Univ0 prob=0.176
AgeVaxH35.js:2221 758I i:ageGp:fam 290:2:-1 by blue 812:5:-1 at gen1002 Univ0 prob=0.092
AgeVaxH35.js:2202 760I j:ageGp:fam 174:2:-1 by red 17:0:-1 at gen1004 Univ0 prob=0.663
AgeVaxH35.js:2221 760I i:ageGp:fam 276:2:-1 by blue 776:5:-1 at gen1004 Univ0 prob=0.891
AgeVaxH35.js:2221 760I i:ageGp:fam 43:1:-1 by red 747:5:-1 at gen1005 Univ0 prob=0.883
AgeVaxH35.js:2221 760I i:ageGp:fam 351:2:-1 by blue 776:5:-1 at gen1005 Univ0 prob=0.927
AgeVaxH35.js:2221 764I i:ageGp:fam 205:2:-1 by yellow 369:3:-1 at gen1007 Univ0 prob=0.369
AgeVaxH35.js:2221 764I i:ageGp:fam 61:1:-1 by blue 216:2:-1 at gen1008 Univ0 prob=0.245
AgeVaxH35.js:2221 764I i:ageGp:fam 112:1:-1 by red 417:3:-1 at gen1008 Univ0 prob=0.307
AgeVaxH35.js:2202 765I j:ageGp:fam 708:5:-1 by blue 563:4:-1 at gen1009 Univ0 prob=0.188
AgeVaxH35.js:2202 767I j:ageGp:fam 636:4:-1 by blue 175:2:-1 at gen1010 Univ0 prob=0.660
AgeVaxH35.js:2221 768I i:ageGp:fam 145:2:-1 by blue 213:2:-1 at gen1011 Univ0 prob=0.681
AgeVaxH35.js:2202 769I j:ageGp:fam 467:3:-1 by yellow 43:1:-1 at gen1012 Univ0 prob=0.128
AgeVaxH35.js:2202 769I j:ageGp:fam 248:2:-1 by red 44:1:-1 at gen1012 Univ0 prob=0.161
AgeVaxH35.js:2202 772I j:ageGp:fam 596:4:-1 by blue 175:2:-1 at gen1018 Univ0 prob=0.541
AgeVaxH35.js:2221 773I i:ageGp:fam 541:4:-1 by blue 748:5:-1 at gen1020 Univ0 prob=0.777
AgeVaxH35.js:2202 773I j:ageGp:fam 293:2:-1 by blue 175:2:-1 at gen1021 Univ0 prob=0.148
AgeVaxH35.js:2202 773I j:ageGp:fam 849:6:-1 by blue 316:2:-1 at gen1021 Univ0 prob=0.050
AgeVaxH35.js:2221 773I i:ageGp:fam 325:2:-1 by blue 905:7:-1 at gen1021 Univ0 prob=0.939
AgeVaxH35.js:2221 773I i:ageGp:fam 389:3:-1 by red 417:3:-1 at gen1021 Univ0 prob=0.600
AgeVaxH35.js:2202 773I j:ageGp:fam 741:5:-1 by blue 591:4:-1 at gen1021 Univ0 prob=0.910
AgeVaxH35.js:2221 779I i:ageGp:fam 75:1:-1 by red 953:8:-1 at gen1023 Univ0 prob=0.221
AgeVaxH35.js:2202 779I j:ageGp:fam 723:5:-1 by red 357:2:-1 at gen1023 Univ0 prob=0.179
AgeVaxH35.js:2202 779I j:ageGp:fam 950:8:-1 by blue 436:3:-1 at gen1023 Univ0 prob=0.310
AgeVaxH35.js:2202 782I j:ageGp:fam 233:2:-1 by red 44:1:-1 at gen1025 Univ0 prob=0.586
AgeVaxH35.js:2202 782I j:ageGp:fam 634:4:-1 by yellow 325:2:-1 at gen1025 Univ0 prob=0.073
AgeVaxH35.js:2221 782I i:ageGp:fam 634:4:-1 by blue 905:7:-1 at gen1025 Univ0 prob=0.604
AgeVaxH35.js:2221 782I i:ageGp:fam 72:1:-1 by blue 391:3:-1 at gen1026 Univ0 prob=0.059
AgeVaxH35.js:2202 782I j:ageGp:fam 899:6:-1 by blue 143:2:-1 at gen1026 Univ0 prob=0.359
AgeVaxH35.js:2202 782I j:ageGp:fam 411:3:-1 by blue 175:2:-1 at gen1026 Univ0 prob=0.534
AgeVaxH35.js:2202 784I j:ageGp:fam 871:6:-1 by red 417:3:-1 at gen1027 Univ0 prob=0.651
AgeVaxH35.js:2202 788I j:ageGp:fam 566:4:-1 by yellow 62:1:-1 at gen1029 Univ0 prob=0.081
AgeVaxH35.js:2202 789I j:ageGp:fam 830:6:-1 by blue 768:5:-1 at gen1031 Univ0 prob=0.876
AgeVaxH35.js:2202 789I j:ageGp:fam 526:3:-1 by blue 369:3:-1 at gen1032 Univ0 prob=0.520
AgeVaxH35.js:2202 789I j:ageGp:fam 744:5:-1 by red 463:3:-1 at gen1032 Univ0 prob=0.981
AgeVaxH35.js:2221 789I i:ageGp:fam 548:4:-1 by blue 891:6:-1 at gen1032 Univ0 prob=0.148
AgeVaxH35.js:2202 793I j:ageGp:fam 896:6:-1 by blue 369:3:-1 at gen1034 Univ0 prob=0.083
AgeVaxH35.js:2221 793I i:ageGp:fam 521:3:-1 by blue 796:5:-1 at gen1034 Univ0 prob=0.222
AgeVaxH35.js:2202 793I j:ageGp:fam 999:9:-1 by red 978:8:-1 at gen1034 Univ0 prob=0.011
AgeVaxH35.js:2202 793I j:ageGp:fam 720:5:-1 by blue 175:2:-1 at gen1035 Univ0 prob=0.607
AgeVaxH35.js:2221 793I i:ageGp:fam 585:4:-1 by blue 891:6:-1 at gen1035 Univ0 prob=0.926
AgeVaxH35.js:2221 796I i:ageGp:fam 418:3:-1 by yellow 548:4:-1 at gen1036 Univ0 prob=0.319
AgeVaxH35.js:2202 799I j:ageGp:fam 831:6:-1 by red 97:1:-1 at gen1038 Univ0 prob=0.293
AgeVaxH35.js:2202 799I j:ageGp:fam 948:7:-1 by blue 175:2:-1 at gen1039 Univ0 prob=0.931
AgeVaxH35.js:2202 799I j:ageGp:fam 670:4:-1 by blue 369:3:-1 at gen1039 Univ0 prob=0.140
AgeVaxH35.js:2202 800I j:ageGp:fam 760:5:-1 by blue 175:2:-1 at gen1040 Univ0 prob=0.640
AgeVaxH35.js:2202 803I j:ageGp:fam 643:4:-1 by blue 73:1:-1 at gen1044 Univ0 prob=0.428
AgeVaxH35.js:2221 803I i:ageGp:fam 139:2:-1 by red 975:8:-1 at gen1044 Univ0 prob=0.612
AgeVaxH35.js:2202 803I j:ageGp:fam 520:3:-1 by red 356:2:-1 at gen1044 Univ0 prob=0.716
AgeVaxH35.js:2202 806I j:ageGp:fam 974:8:-1 by blue 816:5:-1 at gen1046 Univ0 prob=0.837
AgeVaxH35.js:2221 807I i:ageGp:fam 40:1:-1 by blue 918:7:-1 at gen1048 Univ0 prob=0.673
AgeVaxH35.js:2202 807I j:ageGp:fam 789:5:-1 by red 35:0:-1 at gen1049 Univ0 prob=0.549
AgeVaxH35.js:2202 808I j:ageGp:fam 664:4:-1 by red 82:1:-1 at gen1050 Univ0 prob=0.073
AgeVaxH35.js:2202 808I j:ageGp:fam 427:3:-1 by red 213:2:-1 at gen1050 Univ0 prob=0.254
AgeVaxH35.js:2221 809I i:ageGp:fam 111:1:-1 by blue 369:3:-1 at gen1051 Univ0 prob=0.653
AgeVaxH35.js:2221 809I i:ageGp:fam 453:3:-1 by blue 851:6:-1 at gen1051 Univ0 prob=0.521
AgeVaxH35.js:2221 811I i:ageGp:fam 66:1:-1 by blue 905:7:-1 at gen1052 Univ0 prob=0.401
AgeVaxH35.js:2202 814I j:ageGp:fam 843:6:-1 by red 52:1:-1 at gen1055 Univ0 prob=0.766
AgeVaxH35.js:2221 814I i:ageGp:fam 693:5:-1 by red 702:5:-1 at gen1055 Univ0 prob=0.775
AgeVaxH35.js:2202 814I j:ageGp:fam 770:5:-1 by blue 640:4:-1 at gen1056 Univ0 prob=0.579
AgeVaxH35.js:2221 814I i:ageGp:fam 717:5:-1 by blue 939:7:-1 at gen1056 Univ0 prob=0.368
AgeVaxH35.js:2202 818I j:ageGp:fam 895:6:-1 by yellow 708:5:-1 at gen1058 Univ0 prob=0.638
AgeVaxH35.js:2202 819I j:ageGp:fam 779:5:-1 by red 647:4:-1 at gen1063 Univ0 prob=0.761
AgeVaxH35.js:2202 819I j:ageGp:fam 652:4:-1 by blue 162:2:-1 at gen1064 Univ0 prob=0.835
AgeVaxH35.js:2221 819I i:ageGp:fam 178:2:-1 by red 516:3:-1 at gen1064 Univ0 prob=0.756
AgeVaxH35.js:2221 819I i:ageGp:fam 438:3:-1 by blue 679:4:-1 at gen1064 Univ0 prob=0.563
AgeVaxH35.js:2202 820I j:ageGp:fam 367:3:-1 by red 35:0:-1 at gen1065 Univ0 prob=0.601
AgeVaxH35.js:2202 820I j:ageGp:fam 676:4:-1 by red 55:1:-1 at gen1065 Univ0 prob=0.757
AgeVaxH35.js:2221 820I i:ageGp:fam 258:2:-1 by red 939:7:-1 at gen1065 Univ0 prob=0.572
AgeVaxH35.js:2202 826I j:ageGp:fam 167:2:-1 by red 58:1:-1 at gen1067 Univ0 prob=0.630
AgeVaxH35.js:2221 826I i:ageGp:fam 523:3:-1 by red 939:7:-1 at gen1068 Univ0 prob=0.420
AgeVaxH35.js:2202 827I j:ageGp:fam 512:3:-1 by blue 62:1:-1 at gen1069 Univ0 prob=0.758
AgeVaxH35.js:2202 827I j:ageGp:fam 661:4:-1 by red 97:1:-1 at gen1069 Univ0 prob=0.791
AgeVaxH35.js:2221 827I i:ageGp:fam 147:2:-1 by red 702:5:-1 at gen1069 Univ0 prob=0.760
AgeVaxH35.js:2202 827I j:ageGp:fam 665:4:-1 by yellow 523:3:-1 at gen1069 Univ0 prob=0.024
AgeVaxH35.js:2221 828I i:ageGp:fam 132:2:-1 by blue 446:3:-1 at gen1070 Univ0 prob=0.476
AgeVaxH35.js:2221 828I i:ageGp:fam 191:2:-1 by red 977:8:-1 at gen1070 Univ0 prob=0.520
AgeVaxH35.js:2202 828I j:ageGp:fam 763:5:-1 by red 702:5:-1 at gen1070 Univ0 prob=0.059
AgeVaxH35.js:2202 835I j:ageGp:fam 89:1:-1 by blue 43:1:-1 at gen1073 Univ0 prob=0.465
AgeVaxH35.js:2221 836I i:ageGp:fam 302:2:-1 by blue 636:4:-1 at gen1075 Univ0 prob=0.361
AgeVaxH35.js:2221 836I i:ageGp:fam 320:2:-1 by blue 446:3:-1 at gen1075 Univ0 prob=0.423
AgeVaxH35.js:2221 836I i:ageGp:fam 749:5:-1 by red 796:5:-1 at gen1075 Univ0 prob=0.828
AgeVaxH35.js:2202 836I j:ageGp:fam 924:7:-1 by red 846:6:-1 at gen1075 Univ0 prob=0.717
AgeVaxH35.js:2221 836I i:ageGp:fam 184:2:-1 by yellow 233:2:-1 at gen1076 Univ0 prob=0.813
AgeVaxH35.js:2202 840I j:ageGp:fam 279:2:-1 by yellow 132:2:-1 at gen1077 Univ0 prob=0.341
AgeVaxH35.js:2202 840I j:ageGp:fam 552:4:-1 by blue 248:2:-1 at gen1077 Univ0 prob=0.827
AgeVaxH35.js:2221 840I i:ageGp:fam 893:6:-1 by red 975:8:-1 at gen1077 Univ0 prob=0.469
AgeVaxH35.js:2221 844I i:ageGp:fam 618:4:-1 by red 851:6:-1 at gen1080 Univ0 prob=0.850
AgeVaxH35.js:2202 844I j:ageGp:fam 900:6:-1 by red 175:2:-1 at gen1081 Univ0 prob=0.169
AgeVaxH35.js:2202 844I j:ageGp:fam 701:5:-1 by blue 424:3:-1 at gen1081 Univ0 prob=0.114
AgeVaxH35.js:2221 847I i:ageGp:fam 564:4:-1 by yellow 585:4:-1 at gen1084 Univ0 prob=0.267
AgeVaxH35.js:2202 847I j:ageGp:fam 949:8:-1 by blue 651:4:-1 at gen1084 Univ0 prob=0.477
AgeVaxH35.js:2221 849I i:ageGp:fam 420:3:-1 by red 918:7:-1 at gen1086 Univ0 prob=0.320
AgeVaxH35.js:2202 849I j:ageGp:fam 901:6:-1 by blue 446:3:-1 at gen1086 Univ0 prob=0.204
AgeVaxH35.js:2221 849I i:ageGp:fam 27:0:-1 by red 647:4:-1 at gen1087 Univ0 prob=0.405
AgeVaxH35.js:2221 849I i:ageGp:fam 159:2:-1 by red 936:7:-1 at gen1087 Univ0 prob=0.663
AgeVaxH35.js:2221 851I i:ageGp:fam 231:2:-1 by blue 248:2:-1 at gen1088 Univ0 prob=0.218
AgeVaxH35.js:2221 853I i:ageGp:fam 9:0:-1 by red 796:5:-1 at gen1089 Univ0 prob=0.123
AgeVaxH35.js:2221 853I i:ageGp:fam 283:2:-1 by blue 636:4:-1 at gen1089 Univ0 prob=0.865
AgeVaxH35.js:2221 854I i:ageGp:fam 8:0:-1 by blue 424:3:-1 at gen1090 Univ0 prob=0.535
AgeVaxH35.js:2221 854I i:ageGp:fam 282:2:-1 by blue 467:3:-1 at gen1090 Univ0 prob=0.633
AgeVaxH35.js:2221 856I i:ageGp:fam 129:1:-1 by blue 418:3:-1 at gen1091 Univ0 prob=0.145
AgeVaxH35.js:2202 858I j:ageGp:fam 927:7:-1 by blue 636:4:-1 at gen1092 Univ0 prob=0.571
AgeVaxH35.js:2221 859I i:ageGp:fam 99:1:-1 by blue 411:3:-1 at gen1093 Univ0 prob=0.574
AgeVaxH35.js:2202 859I j:ageGp:fam 650:4:-1 by yellow 367:3:-1 at gen1093 Univ0 prob=0.202
AgeVaxH35.js:2221 862I i:ageGp:fam 123:1:-1 by yellow 367:3:-1 at gen1095 Univ0 prob=0.001
AgeVaxH35.js:2202 862I j:ageGp:fam 737:5:-1 by blue 389:3:-1 at gen1095 Univ0 prob=0.363
AgeVaxH35.js:2202 864I j:ageGp:fam 456:3:-1 by blue 446:3:-1 at gen1097 Univ0 prob=0.535
AgeVaxH35.js:2202 864I j:ageGp:fam 265:2:-1 by red 253:2:-1 at gen1098 Univ0 prob=0.959
AgeVaxH35.js:2202 866I j:ageGp:fam 766:5:-1 by red 253:2:-1 at gen1100 Univ0 prob=0.235
AgeVaxH35.js:2202 866I j:ageGp:fam 727:5:-1 by yellow 367:3:-1 at gen1100 Univ0 prob=0.795
AgeVaxH35.js:2221 866I i:ageGp:fam 406:3:-1 by blue 723:5:-1 at gen1100 Univ0 prob=0.761
AgeVaxH35.js:2202 866I j:ageGp:fam 916:7:-1 by red 669:4:-1 at gen1100 Univ0 prob=0.979
AgeVaxH35.js:2221 866I i:ageGp:fam 21:0:-1 by blue 596:4:-1 at gen1101 Univ0 prob=0.511
AgeVaxH35.js:2202 866I j:ageGp:fam 491:3:-1 by blue 248:2:-1 at gen1101 Univ0 prob=0.293
AgeVaxH35.js:2202 866I j:ageGp:fam 567:4:-1 by blue 411:3:-1 at gen1101 Univ0 prob=0.893
AgeVaxH35.js:2202 873I j:ageGp:fam 745:5:-1 by blue 162:2:-1 at gen1103 Univ0 prob=0.843
AgeVaxH35.js:2202 874I j:ageGp:fam 96:1:-1 by blue 62:1:-1 at gen1106 Univ0 prob=0.722
AgeVaxH35.js:2221 874I i:ageGp:fam 142:2:-1 by red 796:5:-1 at gen1106 Univ0 prob=0.216
AgeVaxH35.js:2202 874I j:ageGp:fam 628:4:-1 by blue 233:2:-1 at gen1106 Univ0 prob=0.044
AgeVaxH35.js:2221 874I i:ageGp:fam 460:3:-1 by blue 636:4:-1 at gen1106 Univ0 prob=0.550
AgeVaxH35.js:2221 874I i:ageGp:fam 37:0:-1 by blue 72:1:-1 at gen1107 Univ0 prob=0.836
AgeVaxH35.js:2221 878I i:ageGp:fam 539:3:-1 by red 584:4:-1 at gen1108 Univ0 prob=0.819
AgeVaxH35.js:2202 880I j:ageGp:fam 730:5:-1 by yellow 9:0:-1 at gen1110 Univ0 prob=0.874
AgeVaxH35.js:2221 880I i:ageGp:fam 169:2:-1 by blue 293:2:-1 at gen1111 Univ0 prob=0.471
AgeVaxH35.js:2202 881I j:ageGp:fam 915:7:-1 by red 82:1:-1 at gen1112 Univ0 prob=0.887
AgeVaxH35.js:2221 883I i:ageGp:fam 157:2:-1 by blue 233:2:-1 at gen1114 Univ0 prob=0.734
AgeVaxH35.js:2221 883I i:ageGp:fam 6:0:-1 by blue 418:3:-1 at gen1115 Univ0 prob=0.357
AgeVaxH35.js:2202 884I j:ageGp:fam 976:8:-1 by red 175:2:-1 at gen1116 Univ0 prob=0.040
AgeVaxH35.js:2221 884I i:ageGp:fam 355:2:-1 by blue 831:6:-1 at gen1116 Univ0 prob=0.247
AgeVaxH35.js:2221 885I i:ageGp:fam 106:1:-1 by blue 418:3:-1 at gen1117 Univ0 prob=0.719
AgeVaxH35.js:2221 887I i:ageGp:fam 78:1:-1 by blue 585:4:-1 at gen1118 Univ0 prob=0.238
AgeVaxH35.js:2221 887I i:ageGp:fam 104:1:-1 by blue 760:5:-1 at gen1118 Univ0 prob=0.771
AgeVaxH35.js:2202 887I j:ageGp:fam 986:9:-1 by blue 258:2:-1 at gen1118 Univ0 prob=0.935
AgeVaxH35.js:2221 887I i:ageGp:fam 719:5:-1 by blue 760:5:-1 at gen1118 Univ0 prob=0.782
AgeVaxH35.js:2202 888I j:ageGp:fam 808:5:-1 by blue 708:5:-1 at gen1119 Univ0 prob=0.440
AgeVaxH35.js:2221 893I i:ageGp:fam 235:2:-1 by red 651:4:-1 at gen1121 Univ0 prob=0.245
AgeVaxH35.js:2221 893I i:ageGp:fam 238:2:-1 by red 796:5:-1 at gen1121 Univ0 prob=0.977
AgeVaxH35.js:2221 895I i:ageGp:fam 454:3:-1 by blue 541:4:-1 at gen1123 Univ0 prob=0.753
AgeVaxH35.js:2221 895I i:ageGp:fam 185:2:-1 by blue 438:3:-1 at gen1124 Univ0 prob=0.364
AgeVaxH35.js:2221 895I i:ageGp:fam 275:2:-1 by blue 418:3:-1 at gen1124 Univ0 prob=0.859
AgeVaxH35.js:2221 898I i:ageGp:fam 146:2:-1 by blue 325:2:-1 at gen1128 Univ0 prob=0.437
AgeVaxH35.js:2221 899I i:ageGp:fam 251:2:-1 by yellow 701:5:-1 at gen1130 Univ0 prob=0.078
AgeVaxH35.js:2221 899I i:ageGp:fam 791:5:-1 by blue 948:7:-1 at gen1130 Univ0 prob=0.587
AgeVaxH35.js:2221 901I i:ageGp:fam 202:2:-1 by red 708:5:-1 at gen1135 Univ0 prob=0.935
AgeVaxH35.js:2221 901I i:ageGp:fam 616:4:-1 by blue 893:6:-1 at gen1136 Univ0 prob=0.471
AgeVaxH35.js:2221 903I i:ageGp:fam 255:2:-1 by red 584:4:-1 at gen1139 Univ0 prob=0.000
AgeVaxH35.js:2221 904I i:ageGp:fam 221:2:-1 by blue 585:4:-1 at gen1141 Univ0 prob=0.504
AgeVaxH35.js:2202 905I j:ageGp:fam 195:2:-1 by blue 132:2:-1 at gen1144 Univ0 prob=0.171
AgeVaxH35.js:2202 906I j:ageGp:fam 554:4:-1 by blue 231:2:-1 at gen1149 Univ0 prob=0.912
AgeVaxH35.js:2221 906I i:ageGp:fam 346:2:-1 by red 816:5:-1 at gen1149 Univ0 prob=0.448
AgeVaxH35.js:2221 908I i:ageGp:fam 437:3:-1 by blue 552:4:-1 at gen1151 Univ0 prob=0.358
AgeVaxH35.js:2221 908I i:ageGp:fam 583:4:-1 by blue 893:6:-1 at gen1151 Univ0 prob=0.153
AgeVaxH35.js:2221 908I i:ageGp:fam 155:2:-1 by red 596:4:-1 at gen1152 Univ0 prob=0.500
AgeVaxH35.js:2221 911I i:ageGp:fam 24:0:-1 by blue 701:5:-1 at gen1156 Univ0 prob=0.508
AgeVaxH35.js:2202 912I j:ageGp:fam 872:6:-1 by red 708:5:-1 at gen1159 Univ0 prob=0.887
AgeVaxH35.js:2202 913I j:ageGp:fam 87:1:-1 by blue 9:0:-1 at gen1166 Univ0 prob=0.871
AgeVaxH35.js:2221 913I i:ageGp:fam 261:2:-1 by blue 701:5:-1 at gen1167 Univ0 prob=0.268
AgeVaxH35.js:2221 914I i:ageGp:fam 301:2:-1 by blue 701:5:-1 at gen1168 Univ0 prob=0.462
AgeVaxH35.js:2202 914I j:ageGp:fam 969:8:-1 by blue 302:2:-1 at gen1168 Univ0 prob=0.083
AgeVaxH35.js:2221 915I i:ageGp:fam 201:2:-1 by red 276:2:-1 at gen1169 Univ0 prob=0.942
AgeVaxH35.js:2221 915I i:ageGp:fam 208:2:-1 by blue 552:4:-1 at gen1169 Univ0 prob=0.224
AgeVaxH35.js:2221 917I i:ageGp:fam 724:5:-1 by blue 737:5:-1 at gen1170 Univ0 prob=0.648
AgeVaxH35.js:2202 919I j:ageGp:fam 732:5:-1 by blue 9:0:-1 at gen1171 Univ0 prob=0.821
AgeVaxH35.js:2221 919I i:ageGp:fam 206:2:-1 by red 760:5:-1 at gen1171 Univ0 prob=0.919
AgeVaxH35.js:2202 920I j:ageGp:fam 296:2:-1 by yellow 261:2:-1 at gen1172 Univ0 prob=0.329
AgeVaxH35.js:2202 922I j:ageGp:fam 832:6:-1 by red 233:2:-1 at gen1173 Univ0 prob=0.974
AgeVaxH35.js:2202 924I j:ageGp:fam 542:4:-1 by blue 27:0:-1 at gen1175 Univ0 prob=0.695
AgeVaxH35.js:2221 924I i:ageGp:fam 412:3:-1 by blue 901:6:-1 at gen1176 Univ0 prob=0.403
AgeVaxH35.js:2202 926I j:ageGp:fam 447:3:-1 by blue 282:2:-1 at gen1180 Univ0 prob=0.912
AgeVaxH35.js:2221 926I i:ageGp:fam 419:3:-1 by red 723:5:-1 at gen1181 Univ0 prob=0.668
AgeVaxH35.js:2202 928I j:ageGp:fam 557:4:-1 by yellow 24:0:-1 at gen1183 Univ0 prob=0.801
AgeVaxH35.js:2202 928I j:ageGp:fam 928:7:-1 by blue 454:3:-1 at gen1184 Univ0 prob=0.468
AgeVaxH35.js:2221 928I i:ageGp:fam 624:4:-1 by blue 652:4:-1 at gen1184 Univ0 prob=0.766
AgeVaxH35.js:2221 931I i:ageGp:fam 635:4:-1 by blue 949:8:-1 at gen1187 Univ0 prob=0.014
AgeVaxH35.js:2202 932I j:ageGp:fam 877:6:-1 by red 147:2:-1 at gen1189 Univ0 prob=0.979
AgeVaxH35.js:2221 933I i:ageGp:fam 250:2:-1 by blue 701:5:-1 at gen1191 Univ0 prob=0.404
AgeVaxH35.js:2221 934I i:ageGp:fam 67:1:-1 by red 523:3:-1 at gen1194 Univ0 prob=0.544
AgeVaxH35.js:2221 935I i:ageGp:fam 303:2:-1 by red 893:6:-1 at gen1198 Univ0 prob=0.587
AgeVaxH35.js:2202 936I j:ageGp:fam 726:5:-1 by red 701:5:-1 at gen1201 Univ0 prob=0.257
AgeVaxH35.js:2202 936I j:ageGp:fam 834:6:-1 by red 701:5:-1 at gen1202 Univ0 prob=0.113
AgeVaxH35.js:2221 938I i:ageGp:fam 116:1:-1 by blue 238:2:-1 at gen1204 Univ0 prob=0.669
AgeVaxH35.js:2202 938I j:ageGp:fam 421:3:-1 by green 116:1:-1 at gen1204 Univ0 prob=0.146
AgeVaxH35.js:2202 938I j:ageGp:fam 503:3:-1 by blue 251:2:-1 at gen1204 Univ0 prob=0.412
AgeVaxH35.js:2202 938I j:ageGp:fam 773:5:-1 by red 279:2:-1 at gen1204 Univ0 prob=0.668
AgeVaxH35.js:2202 942I j:ageGp:fam 608:4:-1 by blue 231:2:-1 at gen1207 Univ0 prob=0.427
AgeVaxH35.js:2202 942I j:ageGp:fam 559:4:-1 by yellow 250:2:-1 at gen1207 Univ0 prob=0.139
AgeVaxH35.js:2202 942I j:ageGp:fam 580:4:-1 by blue 567:4:-1 at gen1207 Univ0 prob=0.228
AgeVaxH35.js:2221 942I i:ageGp:fam 716:5:-1 by blue 719:5:-1 at gen1207 Univ0 prob=0.691
AgeVaxH35.js:2202 946I j:ageGp:fam 937:7:-1 by blue 99:1:-1 at gen1210 Univ0 prob=0.801
AgeVaxH35.js:2221 946I i:ageGp:fam 360:3:-1 by blue 628:4:-1 at gen1210 Univ0 prob=0.174
AgeVaxH35.js:2221 946I i:ageGp:fam 237:2:-1 by blue 251:2:-1 at gen1211 Univ0 prob=0.232
AgeVaxH35.js:2221 946I i:ageGp:fam 239:2:-1 by red 427:3:-1 at gen1211 Univ0 prob=0.463
AgeVaxH35.js:2221 946I i:ageGp:fam 449:3:-1 by red 521:3:-1 at gen1211 Univ0 prob=0.145
AgeVaxH35.js:2221 948I i:ageGp:fam 71:1:-1 by blue 238:2:-1 at gen1212 Univ0 prob=0.379
AgeVaxH35.js:2202 948I j:ageGp:fam 383:3:-1 by blue 346:2:-1 at gen1212 Univ0 prob=0.082
AgeVaxH35.js:2221 953I i:ageGp:fam 474:3:-1 by blue 616:4:-1 at gen1214 Univ0 prob=0.617
AgeVaxH35.js:2202 953I j:ageGp:fam 334:2:-1 by blue 24:0:-1 at gen1215 Univ0 prob=0.820
AgeVaxH35.js:2221 955I i:ageGp:fam 22:0:-1 by red 129:1:-1 at gen1218 Univ0 prob=0.844
AgeVaxH35.js:2202 955I j:ageGp:fam 294:2:-1 by blue 195:2:-1 at gen1218 Univ0 prob=0.418
AgeVaxH35.js:2202 955I j:ageGp:fam 500:3:-1 by blue 238:2:-1 at gen1219 Univ0 prob=0.281
AgeVaxH35.js:2202 958I j:ageGp:fam 775:5:-1 by blue 296:2:-1 at gen1222 Univ0 prob=0.018
AgeVaxH35.js:2202 959I j:ageGp:fam 326:2:-1 by blue 251:2:-1 at gen1225 Univ0 prob=0.746
AgeVaxH35.js:2221 959I i:ageGp:fam 15:0:-1 by blue 208:2:-1 at gen1226 Univ0 prob=0.977
AgeVaxH35.js:2202 960I j:ageGp:fam 997:9:-1 by red 763:5:-1 at gen1227 Univ0 prob=0.132
AgeVaxH35.js:2202 962I j:ageGp:fam 83:1:-1 by blue 78:1:-1 at gen1229 Univ0 prob=0.283
AgeVaxH35.js:2221 963I i:ageGp:fam 33:0:-1 by red 99:1:-1 at gen1238 Univ0 prob=0.757
AgeVaxH35.js:2202 964I j:ageGp:fam 578:4:-1 by red 539:3:-1 at gen1244 Univ0 prob=0.810
AgeVaxH35.js:2202 965I j:ageGp:fam 379:3:-1 by blue 67:1:-1 at gen1252 Univ0 prob=0.547
AgeVaxH35.js:2221 966I i:ageGp:fam 197:2:-1 by blue 969:8:-1 at gen1254 Univ0 prob=0.424
AgeVaxH35.js:2221 966I i:ageGp:fam 408:3:-1 by blue 732:5:-1 at gen1255 Univ0 prob=0.834
AgeVaxH35.js:2202 968I j:ageGp:fam 252:2:-1 by red 238:2:-1 at gen1269 Univ0 prob=0.375
AgeVaxH35.js:2221 968I i:ageGp:fam 413:3:-1 by blue 872:6:-1 at gen1270 Univ0 prob=0.285
AgeVaxH35.js:2221 970I i:ageGp:fam 119:1:-1 by blue 726:5:-1 at gen1274 Univ0 prob=0.049
AgeVaxH35.js:2221 970I i:ageGp:fam 56:1:-1 by red 251:2:-1 at gen1275 Univ0 prob=0.485
AgeVaxH35.js:2202 972I j:ageGp:fam 445:3:-1 by blue 71:1:-1 at gen1285 Univ0 prob=0.987
AgeVaxH35.js:2202 973I j:ageGp:fam 848:6:-1 by blue 449:3:-1 at gen1294 Univ0 prob=0.664
AgeVaxH35.js:2202 974I j:ageGp:fam 268:2:-1 by blue 71:1:-1 at gen1298 Univ0 prob=0.100
AgeVaxH35.js:2202 975I j:ageGp:fam 929:7:-1 by blue 500:3:-1 at gen1313 Univ0 prob=0.879
AgeVaxH35.js:2221 975I i:ageGp:fam 785:5:-1 by blue 997:9:-1 at gen1314 Univ0 prob=0.397
AgeVaxH35.js:2202 977I j:ageGp:fam 753:5:-1 by red 71:1:-1 at gen1330 Univ0 prob=0.690
AgeVaxH35.js:2221 978I i:ageGp:fam 307:2:-1 by blue 326:2:-1 at gen1337 Univ0 prob=0.594
AgeVaxH35.js:2221 978I i:ageGp:fam 287:2:-1 by blue 326:2:-1 at gen1338 Univ0 prob=0.087
AgeVaxH35.js:2202 980I j:ageGp:fam 531:3:-1 by red 500:3:-1 at gen1345 Univ0 prob=0.901
AgeVaxH35.js:2202 980I j:ageGp:fam 700:5:-1 by red 449:3:-1 at gen1346 Univ0 prob=0.721
AgeVaxH35.js:2202 982I j:ageGp:fam 506:3:-1 by blue 56:1:-1 at gen1351 Univ0 prob=0.152
AgeVaxH35.js:2221 983I i:ageGp:fam 425:3:-1 by blue 445:3:-1 at gen1357 Univ0 prob=0.084
AgeVaxH35.js:2202 984I j:ageGp:fam 907:7:-1 by red 116:1:-1 at gen1384 Univ0 prob=0.478
AgeVaxH35.js:2202 985I j:ageGp:fam 621:4:-1 by red 408:3:-1 at gen1401 Univ0 prob=0.902
AgeVaxH35.js:2221 986I i:ageGp:fam 210:2:-1 by blue 700:5:-1 at gen1419 Univ0 prob=0.219
AgeVaxH35.js:2221 987I i:ageGp:fam 330:2:-1 by blue 700:5:-1 at gen1427 Univ0 prob=0.007
AgeVaxH35.js:2202 988I j:ageGp:fam 818:5:-1 by red 119:1:-1 at gen1441 Univ0 prob=0.778
AgeVaxH35.js:2202 989I j:ageGp:fam 968:8:-1 by blue 907:7:-1 at gen1448 Univ0 prob=0.225
AgeVaxH35.js:2221 990I i:ageGp:fam 193:2:-1 by red 425:3:-1 at gen1485 Univ0 prob=0.999
AgeVaxH35.js:2202 991I j:ageGp:fam 951:8:-1 by red 907:7:-1 at gen1507 Univ0 prob=0.845
AgeVaxH35.js:2221 991I i:ageGp:fam 530:3:-1 by red 753:5:-1 at gen1508 Univ0 prob=0.911
AgeVaxH35.js:2202 993I j:ageGp:fam 892:6:-1 by blue 818:5:-1 at gen1555 Univ0 prob=0.174
