AgeVaxH35.js:871 Tue Jan 19 2021 11:02:59 GMT-0800 (Pacific Standard Time)
AgeVaxH35.js:872 CovidSIMVL Mode1 and Mod2 Hybrid 35d
AgeVaxH35.js:873 Mode 1 >13 and <36 is 75%
AgeVaxH35.js:874 Mode 2 >28 is 95%; >13 and <29 is 75%
AgeVaxH35.js:4370 exit covidSim
AgeVaxH35.js:23 getAsText File {name: "Popn1000.csv", lastModified: 1611021598000, lastModifiedDate: Mon Jan 18 2021 17:59:58 GMT-0800 (Pacific Standard Time), webkitRelativePath: "", size: 23944, …}
AgeVaxH35.js:32 File {name: "Popn1000.csv", lastModified: 1611021598000, lastModifiedDate: Mon Jan 18 2021 17:59:58 GMT-0800 (Pacific Standard Time), webkitRelativePath: "", size: 23944, …}
AgeVaxH35.js:23 getAsText File {name: "VL1ageGp2.csv", lastModified: 1611004274000, lastModifiedDate: Mon Jan 18 2021 13:11:14 GMT-0800 (Pacific Standard Time), webkitRelativePath: "", size: 65, …}
AgeVaxH35.js:32 File {name: "VL1ageGp2.csv", lastModified: 1611004274000, lastModifiedDate: Mon Jan 18 2021 13:11:14 GMT-0800 (Pacific Standard Time), webkitRelativePath: "", size: 65, …}
AgeVaxH35.js:1674 Red Days changed to 9
AgeVaxH35.js:1696 New Hazard Radius = 0.85
AgeVaxH35.js:1710 new Mingle Factor = 6.5
AgeVaxH35.js:2202 0I j:ageGp:fam 828:6:-1 by green 150:2:-1 at gen0 Univ0 prob=0.943
AgeVaxH35.js:1718 Age Group 9,100 1st shot; 2nd auto in 35days
AgeVaxH35.js:1724 AgeGp =9 To be vaccinated=100%
AgeVaxH35.js:1736 (1000) [0, 1, 2, 3, 4, 5, 6, 7, 8, 9, 10, 11, 12, 13, 14, 15, 16, 17, 18, 19, 20, 21, 22, 23, 24, 25, 26, 27, 28, 29, 30, 31, 32, 33, 34, 35, 36, 37, 38, 39, 40, 41, 42, 43, 44, 45, 46, 47, 48, 49, 50, 51, 52, 53, 54, 55, 56, 57, 58, 59, 60, 61, 62, 63, 64, 65, 66, 67, 68, 69, 70, 71, 72, 73, 74, 75, 76, 77, 78, 79, 80, 81, 82, 83, 84, 85, 86, 87, 88, 89, 90, 91, 92, 93, 94, 95, 96, 97, 98, 99, …]
AgeVaxH35.js:1752 ageGp9 count: 18 List: 982,983,984,985,986,987,988,989,990,991,992,993,994,995,996,997,998,999
AgeVaxH35.js:1780 Vaccination list = 18
AgeVaxH35.js:1794 AgeGp9 vaccinated 18 List: 994,982,995,990,996,999,987,998,989,988,983,997,991,985,984,993,986,992
AgeVaxH35.js:1718 Age Group 8,100 1st shot; 2nd auto in 35days
AgeVaxH35.js:1724 AgeGp =8 To be vaccinated=100%
AgeVaxH35.js:1736 (1000) [0, 1, 2, 3, 4, 5, 6, 7, 8, 9, 10, 11, 12, 13, 14, 15, 16, 17, 18, 19, 20, 21, 22, 23, 24, 25, 26, 27, 28, 29, 30, 31, 32, 33, 34, 35, 36, 37, 38, 39, 40, 41, 42, 43, 44, 45, 46, 47, 48, 49, 50, 51, 52, 53, 54, 55, 56, 57, 58, 59, 60, 61, 62, 63, 64, 65, 66, 67, 68, 69, 70, 71, 72, 73, 74, 75, 76, 77, 78, 79, 80, 81, 82, 83, 84, 85, 86, 87, 88, 89, 90, 91, 92, 93, 94, 95, 96, 97, 98, 99, …]
AgeVaxH35.js:1752 ageGp8 count: 33 List: 949,950,951,952,953,954,955,956,957,958,959,960,961,962,963,964,965,966,967,968,969,970,971,972,973,974,975,976,977,978,979,980,981
AgeVaxH35.js:1780 Vaccination list = 33
AgeVaxH35.js:1794 AgeGp8 vaccinated 33 List: 957,966,972,971,968,960,979,976,955,963,961,974,951,962,981,970,977,959,964,949,973,958,952,953,975,978,956,954,965,967,980,950,969
AgeVaxH35.js:1718 Age Group 7,100 1st shot; 2nd auto in 35days
AgeVaxH35.js:1724 AgeGp =7 To be vaccinated=100%
AgeVaxH35.js:1736 (1000) [0, 1, 2, 3, 4, 5, 6, 7, 8, 9, 10, 11, 12, 13, 14, 15, 16, 17, 18, 19, 20, 21, 22, 23, 24, 25, 26, 27, 28, 29, 30, 31, 32, 33, 34, 35, 36, 37, 38, 39, 40, 41, 42, 43, 44, 45, 46, 47, 48, 49, 50, 51, 52, 53, 54, 55, 56, 57, 58, 59, 60, 61, 62, 63, 64, 65, 66, 67, 68, 69, 70, 71, 72, 73, 74, 75, 76, 77, 78, 79, 80, 81, 82, 83, 84, 85, 86, 87, 88, 89, 90, 91, 92, 93, 94, 95, 96, 97, 98, 99, …]
AgeVaxH35.js:1752 ageGp7 count: 47 List: 902,903,904,905,906,907,908,909,910,911,912,913,914,915,916,917,918,919,920,921,922,923,924,925,926,927,928,929,930,931,932,933,934,935,936,937,938,939,940,941,942,943,944,945,946,947,948
AgeVaxH35.js:1780 Vaccination list = 47
AgeVaxH35.js:1794 AgeGp7 vaccinated 47 List: 948,907,938,946,920,914,939,905,928,927,917,921,926,936,918,935,937,916,915,902,903,923,941,909,919,931,933,904,943,932,925,912,945,929,930,922,924,947,906,944,942,911,908,910,934,913,940
AgeVaxH35.js:2202 2I j:ageGp:fam 960:8:-1 by blue 150:2:-1 at gen20 Univ0 prob=0.007
AgeVaxH35.js:2202 3I j:ageGp:fam 345:2:-1 by blue 150:2:-1 at gen25 Univ0 prob=0.098
AgeVaxH35.js:2202 4I j:ageGp:fam 964:8:-1 by blue 828:6:-1 at gen76 Univ0 prob=0.868
AgeVaxH35.js:2221 5I i:ageGp:fam 944:7:-1 by blue 960:8:-1 at gen100 Univ0 prob=0.527
AgeVaxH35.js:2202 6I j:ageGp:fam 286:2:-1 by red 150:2:-1 at gen104 Univ0 prob=0.846
AgeVaxH35.js:2221 6I i:ageGp:fam 647:4:-1 by blue 828:6:-1 at gen105 Univ0 prob=0.940
AgeVaxH35.js:2221 8I i:ageGp:fam 217:2:-1 by yellow 647:4:-1 at gen108 Univ0 prob=0.126
AgeVaxH35.js:2221 9I i:ageGp:fam 387:3:-1 by blue 828:6:-1 at gen111 Univ0 prob=0.750
AgeVaxH35.js:2221 10I i:ageGp:fam 126:1:-1 by blue 345:2:-1 at gen116 Univ0 prob=0.948
AgeVaxH35.js:2202 11I j:ageGp:fam 221:2:-1 by red 150:2:-1 at gen118 Univ0 prob=0.977
AgeVaxH35.js:2202 12I j:ageGp:fam 481:3:-1 by red 150:2:-1 at gen129 Univ0 prob=0.686
AgeVaxH35.js:2221 13I i:ageGp:fam 571:4:-1 by red 828:6:-1 at gen174 Univ0 prob=0.166
AgeVaxH35.js:2221 14I i:ageGp:fam 83:1:-1 by blue 286:2:-1 at gen182 Univ0 prob=0.174
AgeVaxH35.js:2202 14I j:ageGp:fam 803:5:-1 by red 345:2:-1 at gen183 Univ0 prob=0.170
AgeVaxH35.js:2202 16I j:ageGp:fam 931:7:-1 by blue 221:2:-1 at gen191 Univ0 prob=0.183
AgeVaxH35.js:2221 17I i:ageGp:fam 327:2:-1 by blue 944:7:-1 at gen194 Univ0 prob=0.736
AgeVaxH35.js:2202 17I j:ageGp:fam 856:6:-1 by blue 217:2:-1 at gen195 Univ0 prob=0.949
AgeVaxH35.js:2202 19I j:ageGp:fam 456:3:-1 by blue 217:2:-1 at gen198 Univ0 prob=0.596
AgeVaxH35.js:2221 20I i:ageGp:fam 478:3:-1 by red 828:6:-1 at gen200 Univ0 prob=0.940
AgeVaxH35.js:2202 21I j:ageGp:fam 727:5:-1 by red 345:2:-1 at gen208 Univ0 prob=0.697
AgeVaxH35.js:2202 22I j:ageGp:fam 761:5:-1 by blue 221:2:-1 at gen213 Univ0 prob=0.074
AgeVaxH35.js:2221 22I i:ageGp:fam 574:4:-1 by red 960:8:-1 at gen214 Univ0 prob=0.540
AgeVaxH35.js:2221 24I i:ageGp:fam 48:1:-1 by blue 647:4:-1 at gen220 Univ0 prob=0.901
AgeVaxH35.js:2202 24I j:ageGp:fam 973:8:-1 by red 944:7:-1 at gen221 Univ0 prob=0.674
AgeVaxH35.js:2221 26I i:ageGp:fam 21:0:-1 by red 345:2:-1 at gen223 Univ0 prob=0.521
AgeVaxH35.js:2202 26I j:ageGp:fam 765:5:-1 by blue 126:1:-1 at gen224 Univ0 prob=0.327
AgeVaxH35.js:2202 28I j:ageGp:fam 839:6:-1 by red 286:2:-1 at gen236 Univ0 prob=0.065
AgeVaxH35.js:2221 29I i:ageGp:fam 99:1:-1 by blue 481:3:-1 at gen238 Univ0 prob=0.603
AgeVaxH35.js:2202 30I j:ageGp:fam 361:3:-1 by red 286:2:-1 at gen242 Univ0 prob=0.259
AgeVaxH35.js:2221 31I i:ageGp:fam 529:3:-1 by red 944:7:-1 at gen248 Univ0 prob=0.492
AgeVaxH35.js:2221 32I i:ageGp:fam 56:1:-1 by red 944:7:-1 at gen252 Univ0 prob=0.480
AgeVaxH35.js:2202 33I j:ageGp:fam 881:6:-1 by red 647:4:-1 at gen254 Univ0 prob=0.001
AgeVaxH35.js:2202 34I j:ageGp:fam 503:3:-1 by red 387:3:-1 at gen256 Univ0 prob=0.744
AgeVaxH35.js:2202 34I j:ageGp:fam 879:6:-1 by red 286:2:-1 at gen257 Univ0 prob=0.434
AgeVaxH35.js:2221 34I i:ageGp:fam 597:4:-1 by red 964:8:-1 at gen257 Univ0 prob=0.543
AgeVaxH35.js:2221 37I i:ageGp:fam 402:3:-1 by red 964:8:-1 at gen259 Univ0 prob=0.440
AgeVaxH35.js:2221 38I i:ageGp:fam 131:2:-1 by red 221:2:-1 at gen268 Univ0 prob=0.148
AgeVaxH35.js:2202 39I j:ageGp:fam 645:4:-1 by red 217:2:-1 at gen271 Univ0 prob=0.754
AgeVaxH35.js:2202 39I j:ageGp:fam 341:2:-1 by red 221:2:-1 at gen272 Univ0 prob=0.754
AgeVaxH35.js:2221 39I i:ageGp:fam 280:2:-1 by red 647:4:-1 at gen272 Univ0 prob=0.336
AgeVaxH35.js:2221 42I i:ageGp:fam 125:1:-1 by red 647:4:-1 at gen274 Univ0 prob=0.974
AgeVaxH35.js:2202 43I j:ageGp:fam 468:3:-1 by red 217:2:-1 at gen277 Univ0 prob=0.808
AgeVaxH35.js:2221 44I i:ageGp:fam 25:0:-1 by blue 727:5:-1 at gen279 Univ0 prob=0.276
AgeVaxH35.js:2202 45I j:ageGp:fam 737:5:-1 by blue 83:1:-1 at gen281 Univ0 prob=0.469
AgeVaxH35.js:2202 45I j:ageGp:fam 390:3:-1 by blue 327:2:-1 at gen282 Univ0 prob=0.173
AgeVaxH35.js:2202 47I j:ageGp:fam 890:6:-1 by blue 571:4:-1 at gen284 Univ0 prob=0.956
AgeVaxH35.js:2202 48I j:ageGp:fam 135:2:-1 by red 126:1:-1 at gen288 Univ0 prob=0.815
AgeVaxH35.js:2221 48I i:ageGp:fam 420:3:-1 by blue 839:6:-1 at gen288 Univ0 prob=0.216
AgeVaxH35.js:2221 50I i:ageGp:fam 4:0:-1 by blue 83:1:-1 at gen297 Univ0 prob=0.662
AgeVaxH35.js:2202 50I j:ageGp:fam 987:9:-1 by blue 765:5:-1 at gen297 Univ0 prob=0.290
AgeVaxH35.js:2202 50I j:ageGp:fam 968:8:-1 by blue 478:3:-1 at gen298 Univ0 prob=0.982
AgeVaxH35.js:2221 53I i:ageGp:fam 748:5:-1 by blue 761:5:-1 at gen303 Univ0 prob=0.743
AgeVaxH35.js:2202 54I j:ageGp:fam 783:5:-1 by red 217:2:-1 at gen305 Univ0 prob=0.066
AgeVaxH35.js:2202 54I j:ageGp:fam 832:6:-1 by blue 478:3:-1 at gen305 Univ0 prob=0.705
AgeVaxH35.js:2202 56I j:ageGp:fam 512:3:-1 by blue 48:1:-1 at gen308 Univ0 prob=0.332
AgeVaxH35.js:2221 56I i:ageGp:fam 27:0:-1 by red 217:2:-1 at gen309 Univ0 prob=0.065
AgeVaxH35.js:2202 56I j:ageGp:fam 563:4:-1 by blue 503:3:-1 at gen309 Univ0 prob=0.755
AgeVaxH35.js:2221 59I i:ageGp:fam 40:1:-1 by blue 48:1:-1 at gen311 Univ0 prob=0.491
AgeVaxH35.js:2202 60I j:ageGp:fam 521:3:-1 by yellow 40:1:-1 at gen313 Univ0 prob=0.360
AgeVaxH35.js:2221 60I i:ageGp:fam 305:2:-1 by red 387:3:-1 at gen313 Univ0 prob=0.697
AgeVaxH35.js:2221 62I i:ageGp:fam 350:2:-1 by blue 839:6:-1 at gen318 Univ0 prob=0.823
AgeVaxH35.js:2202 62I j:ageGp:fam 288:2:-1 by blue 99:1:-1 at gen319 Univ0 prob=0.915
AgeVaxH35.js:2221 64I i:ageGp:fam 333:2:-1 by blue 529:3:-1 at gen321 Univ0 prob=0.239
AgeVaxH35.js:2202 65I j:ageGp:fam 848:6:-1 by blue 503:3:-1 at gen329 Univ0 prob=0.835
AgeVaxH35.js:2221 66I i:ageGp:fam 285:2:-1 by blue 879:6:-1 at gen333 Univ0 prob=0.382
AgeVaxH35.js:2221 67I i:ageGp:fam 88:1:-1 by blue 973:8:-1 at gen340 Univ0 prob=0.316
AgeVaxH35.js:2202 67I j:ageGp:fam 801:5:-1 by blue 529:3:-1 at gen340 Univ0 prob=0.671
AgeVaxH35.js:2221 69I i:ageGp:fam 437:3:-1 by red 574:4:-1 at gen344 Univ0 prob=0.551
AgeVaxH35.js:2202 70I j:ageGp:fam 895:6:-1 by red 48:1:-1 at gen346 Univ0 prob=0.584
AgeVaxH35.js:2221 71I i:ageGp:fam 104:1:-1 by red 456:3:-1 at gen351 Univ0 prob=0.826
AgeVaxH35.js:2221 72I i:ageGp:fam 240:2:-1 by red 931:7:-1 at gen353 Univ0 prob=0.432
AgeVaxH35.js:2221 73I i:ageGp:fam 241:2:-1 by blue 468:3:-1 at gen356 Univ0 prob=0.204
AgeVaxH35.js:2202 73I j:ageGp:fam 289:2:-1 by blue 56:1:-1 at gen357 Univ0 prob=0.993
AgeVaxH35.js:2202 75I j:ageGp:fam 426:3:-1 by blue 280:2:-1 at gen359 Univ0 prob=0.652
AgeVaxH35.js:2202 75I j:ageGp:fam 732:5:-1 by blue 135:2:-1 at gen360 Univ0 prob=0.495
AgeVaxH35.js:2221 76I i:ageGp:fam 89:1:-1 by red 478:3:-1 at gen361 Univ0 prob=0.486
AgeVaxH35.js:2221 76I i:ageGp:fam 432:3:-1 by blue 881:6:-1 at gen361 Univ0 prob=0.565
AgeVaxH35.js:2202 77I j:ageGp:fam 673:4:-1 by blue 131:2:-1 at gen362 Univ0 prob=0.639
AgeVaxH35.js:2221 79I i:ageGp:fam 34:0:-1 by red 727:5:-1 at gen363 Univ0 prob=0.778
AgeVaxH35.js:2202 81I j:ageGp:fam 620:4:-1 by blue 135:2:-1 at gen365 Univ0 prob=0.027
AgeVaxH35.js:2202 81I j:ageGp:fam 499:3:-1 by red 327:2:-1 at gen365 Univ0 prob=0.404
AgeVaxH35.js:2202 81I j:ageGp:fam 683:4:-1 by blue 131:2:-1 at gen366 Univ0 prob=0.543
AgeVaxH35.js:2221 81I i:ageGp:fam 422:3:-1 by blue 468:3:-1 at gen366 Univ0 prob=0.060
AgeVaxH35.js:2221 85I i:ageGp:fam 44:1:-1 by yellow 422:3:-1 at gen368 Univ0 prob=0.390
AgeVaxH35.js:2221 85I i:ageGp:fam 369:3:-1 by blue 468:3:-1 at gen368 Univ0 prob=0.512
AgeVaxH35.js:2221 87I i:ageGp:fam 284:2:-1 by red 361:3:-1 at gen370 Univ0 prob=0.331
AgeVaxH35.js:2221 87I i:ageGp:fam 304:2:-1 by blue 968:8:-1 at gen370 Univ0 prob=0.257
AgeVaxH35.js:2221 89I i:ageGp:fam 291:2:-1 by red 761:5:-1 at gen372 Univ0 prob=0.516
AgeVaxH35.js:2221 90I i:ageGp:fam 140:2:-1 by red 361:3:-1 at gen374 Univ0 prob=0.150
AgeVaxH35.js:2221 91I i:ageGp:fam 514:3:-1 by blue 987:9:-1 at gen376 Univ0 prob=0.426
AgeVaxH35.js:2202 91I j:ageGp:fam 850:6:-1 by red 761:5:-1 at gen376 Univ0 prob=0.342
AgeVaxH35.js:2221 91I i:ageGp:fam 212:2:-1 by blue 521:3:-1 at gen377 Univ0 prob=0.573
AgeVaxH35.js:2221 94I i:ageGp:fam 2:0:-1 by blue 987:9:-1 at gen380 Univ0 prob=0.471
AgeVaxH35.js:2221 94I i:ageGp:fam 355:2:-1 by red 803:5:-1 at gen380 Univ0 prob=0.036
AgeVaxH35.js:2202 96I j:ageGp:fam 656:4:-1 by red 56:1:-1 at gen384 Univ0 prob=0.168
AgeVaxH35.js:2221 96I i:ageGp:fam 148:2:-1 by blue 645:4:-1 at gen384 Univ0 prob=0.484
AgeVaxH35.js:2202 98I j:ageGp:fam 693:5:-1 by red 402:3:-1 at gen387 Univ0 prob=0.750
AgeVaxH35.js:2221 98I i:ageGp:fam 629:4:-1 by blue 968:8:-1 at gen388 Univ0 prob=0.798
AgeVaxH35.js:2221 99I i:ageGp:fam 434:3:-1 by blue 512:3:-1 at gen389 Univ0 prob=0.932
AgeVaxH35.js:2221 101I i:ageGp:fam 186:2:-1 by red 803:5:-1 at gen391 Univ0 prob=0.837
AgeVaxH35.js:2202 101I j:ageGp:fam 684:4:-1 by red 402:3:-1 at gen391 Univ0 prob=0.761
AgeVaxH35.js:2221 101I i:ageGp:fam 757:5:-1 by red 881:6:-1 at gen392 Univ0 prob=0.291
AgeVaxH35.js:2221 103I i:ageGp:fam 155:2:-1 by red 327:2:-1 at gen393 Univ0 prob=0.183
AgeVaxH35.js:2202 104I j:ageGp:fam 889:6:-1 by red 48:1:-1 at gen394 Univ0 prob=0.698
AgeVaxH35.js:2221 106I i:ageGp:fam 128:1:-1 by red 402:3:-1 at gen396 Univ0 prob=0.863
AgeVaxH35.js:2221 106I i:ageGp:fam 149:2:-1 by red 737:5:-1 at gen396 Univ0 prob=0.474
AgeVaxH35.js:2202 108I j:ageGp:fam 496:3:-1 by red 341:2:-1 at gen399 Univ0 prob=0.691
AgeVaxH35.js:2221 109I i:ageGp:fam 771:5:-1 by blue 783:5:-1 at gen401 Univ0 prob=0.874
AgeVaxH35.js:2202 109I j:ageGp:fam 772:5:-1 by blue 288:2:-1 at gen402 Univ0 prob=0.909
AgeVaxH35.js:2202 111I j:ageGp:fam 513:3:-1 by red 468:3:-1 at gen406 Univ0 prob=0.043
AgeVaxH35.js:2202 111I j:ageGp:fam 794:5:-1 by red 25:0:-1 at gen407 Univ0 prob=0.267
AgeVaxH35.js:2202 112I j:ageGp:fam 967:8:-1 by red 125:1:-1 at gen408 Univ0 prob=0.993
AgeVaxH35.js:2202 113I j:ageGp:fam 805:5:-1 by red 135:2:-1 at gen409 Univ0 prob=0.943
AgeVaxH35.js:2202 113I j:ageGp:fam 640:4:-1 by red 280:2:-1 at gen409 Univ0 prob=0.991
AgeVaxH35.js:2202 114I j:ageGp:fam 329:2:-1 by blue 288:2:-1 at gen410 Univ0 prob=0.520
AgeVaxH35.js:2202 117I j:ageGp:fam 492:3:-1 by yellow 89:1:-1 at gen412 Univ0 prob=0.438
AgeVaxH35.js:2221 117I i:ageGp:fam 589:4:-1 by red 727:5:-1 at gen413 Univ0 prob=0.185
AgeVaxH35.js:2202 118I j:ageGp:fam 624:4:-1 by blue 288:2:-1 at gen414 Univ0 prob=0.769
AgeVaxH35.js:2202 118I j:ageGp:fam 849:6:-1 by red 529:3:-1 at gen414 Univ0 prob=0.389
AgeVaxH35.js:2221 121I i:ageGp:fam 211:2:-1 by blue 333:2:-1 at gen416 Univ0 prob=0.540
AgeVaxH35.js:2202 121I j:ageGp:fam 827:6:-1 by red 420:3:-1 at gen416 Univ0 prob=0.030
AgeVaxH35.js:2202 121I j:ageGp:fam 449:3:-1 by red 341:2:-1 at gen417 Univ0 prob=0.069
AgeVaxH35.js:2202 121I j:ageGp:fam 598:4:-1 by red 468:3:-1 at gen417 Univ0 prob=0.962
AgeVaxH35.js:2202 123I j:ageGp:fam 886:6:-1 by blue 848:6:-1 at gen418 Univ0 prob=0.371
AgeVaxH35.js:2202 126I j:ageGp:fam 671:4:-1 by red 468:3:-1 at gen420 Univ0 prob=0.115
AgeVaxH35.js:2202 126I j:ageGp:fam 415:3:-1 by red 402:3:-1 at gen421 Univ0 prob=0.426
AgeVaxH35.js:2202 128I j:ageGp:fam 644:4:-1 by blue 304:2:-1 at gen425 Univ0 prob=0.760
AgeVaxH35.js:2221 128I i:ageGp:fam 270:2:-1 by blue 521:3:-1 at gen426 Univ0 prob=0.867
AgeVaxH35.js:2202 128I j:ageGp:fam 723:5:-1 by blue 437:3:-1 at gen426 Univ0 prob=0.413
AgeVaxH35.js:2221 128I i:ageGp:fam 715:5:-1 by blue 801:5:-1 at gen426 Univ0 prob=0.321
AgeVaxH35.js:2202 132I j:ageGp:fam 979:8:-1 by blue 288:2:-1 at gen428 Univ0 prob=0.981
AgeVaxH35.js:2221 133I i:ageGp:fam 462:3:-1 by red 832:6:-1 at gen431 Univ0 prob=0.481
AgeVaxH35.js:2202 134I j:ageGp:fam 892:6:-1 by blue 350:2:-1 at gen435 Univ0 prob=0.496
AgeVaxH35.js:2202 134I j:ageGp:fam 639:4:-1 by red 4:0:-1 at gen436 Univ0 prob=0.582
AgeVaxH35.js:2202 136I j:ageGp:fam 882:6:-1 by blue 89:1:-1 at gen438 Univ0 prob=0.908
AgeVaxH35.js:2221 136I i:ageGp:fam 835:6:-1 by red 879:6:-1 at gen438 Univ0 prob=0.177
AgeVaxH35.js:2202 136I j:ageGp:fam 898:6:-1 by blue 673:4:-1 at gen439 Univ0 prob=0.287
AgeVaxH35.js:2202 138I j:ageGp:fam 688:4:-1 by red 56:1:-1 at gen440 Univ0 prob=0.082
AgeVaxH35.js:2202 138I j:ageGp:fam 527:3:-1 by blue 104:1:-1 at gen440 Univ0 prob=0.187
AgeVaxH35.js:2221 141I i:ageGp:fam 163:2:-1 by red 987:9:-1 at gen442 Univ0 prob=0.997
AgeVaxH35.js:2202 141I j:ageGp:fam 814:5:-1 by blue 422:3:-1 at gen442 Univ0 prob=0.411
AgeVaxH35.js:2221 141I i:ageGp:fam 615:4:-1 by red 645:4:-1 at gen442 Univ0 prob=0.224
AgeVaxH35.js:2221 141I i:ageGp:fam 129:1:-1 by red 783:5:-1 at gen443 Univ0 prob=0.296
AgeVaxH35.js:2202 141I j:ageGp:fam 631:4:-1 by red 468:3:-1 at gen443 Univ0 prob=0.317
AgeVaxH35.js:2221 144I i:ageGp:fam 875:6:-1 by red 968:8:-1 at gen444 Univ0 prob=0.739
AgeVaxH35.js:2202 146I j:ageGp:fam 681:4:-1 by red 40:1:-1 at gen445 Univ0 prob=0.858
AgeVaxH35.js:2221 148I i:ageGp:fam 200:2:-1 by red 305:2:-1 at gen447 Univ0 prob=0.382
AgeVaxH35.js:2221 148I i:ageGp:fam 393:3:-1 by red 529:3:-1 at gen447 Univ0 prob=0.309
AgeVaxH35.js:2202 148I j:ageGp:fam 444:3:-1 by red 420:3:-1 at gen447 Univ0 prob=0.138
AgeVaxH35.js:2202 148I j:ageGp:fam 704:5:-1 by red 503:3:-1 at gen447 Univ0 prob=0.468
AgeVaxH35.js:2221 152I i:ageGp:fam 143:2:-1 by blue 289:2:-1 at gen449 Univ0 prob=0.531
AgeVaxH35.js:2221 152I i:ageGp:fam 224:2:-1 by blue 684:4:-1 at gen450 Univ0 prob=0.738
AgeVaxH35.js:2221 153I i:ageGp:fam 141:2:-1 by red 748:5:-1 at gen451 Univ0 prob=0.800
AgeVaxH35.js:2202 154I j:ageGp:fam 165:2:-1 by yellow 141:2:-1 at gen452 Univ0 prob=0.070
AgeVaxH35.js:2202 155I j:ageGp:fam 703:5:-1 by blue 496:3:-1 at gen453 Univ0 prob=0.206
AgeVaxH35.js:2221 156I i:ageGp:fam 338:2:-1 by red 968:8:-1 at gen454 Univ0 prob=0.998
AgeVaxH35.js:2221 156I i:ageGp:fam 352:2:-1 by blue 895:6:-1 at gen454 Univ0 prob=0.637
AgeVaxH35.js:2202 159I j:ageGp:fam 517:3:-1 by red 341:2:-1 at gen456 Univ0 prob=0.338
AgeVaxH35.js:2221 159I i:ageGp:fam 728:5:-1 by red 987:9:-1 at gen456 Univ0 prob=0.297
AgeVaxH35.js:2221 159I i:ageGp:fam 419:3:-1 by blue 772:5:-1 at gen457 Univ0 prob=0.492
AgeVaxH35.js:2221 162I i:ageGp:fam 39:0:-1 by blue 850:6:-1 at gen459 Univ0 prob=0.327
AgeVaxH35.js:2202 162I j:ageGp:fam 675:4:-1 by blue 140:2:-1 at gen460 Univ0 prob=0.558
AgeVaxH35.js:2221 162I i:ageGp:fam 247:2:-1 by blue 432:3:-1 at gen460 Univ0 prob=0.443
AgeVaxH35.js:2202 162I j:ageGp:fam 975:8:-1 by blue 620:4:-1 at gen460 Univ0 prob=0.932
AgeVaxH35.js:2202 163I j:ageGp:fam 223:2:-1 by red 27:0:-1 at gen461 Univ0 prob=0.015
AgeVaxH35.js:2202 167I j:ageGp:fam 785:5:-1 by blue 496:3:-1 at gen465 Univ0 prob=0.611
AgeVaxH35.js:2221 167I i:ageGp:fam 158:2:-1 by blue 304:2:-1 at gen466 Univ0 prob=0.879
AgeVaxH35.js:2221 169I i:ageGp:fam 548:4:-1 by blue 967:8:-1 at gen468 Univ0 prob=0.646
AgeVaxH35.js:2221 169I i:ageGp:fam 738:5:-1 by blue 967:8:-1 at gen468 Univ0 prob=0.213
AgeVaxH35.js:2221 171I i:ageGp:fam 243:2:-1 by blue 889:6:-1 at gen470 Univ0 prob=0.092
AgeVaxH35.js:2202 171I j:ageGp:fam 545:4:-1 by blue 2:0:-1 at gen471 Univ0 prob=0.519
AgeVaxH35.js:2202 171I j:ageGp:fam 68:1:-1 by blue 34:0:-1 at gen471 Univ0 prob=0.991
AgeVaxH35.js:2202 172I j:ageGp:fam 515:3:-1 by blue 289:2:-1 at gen472 Univ0 prob=0.869
AgeVaxH35.js:2202 175I j:ageGp:fam 706:5:-1 by red 4:0:-1 at gen474 Univ0 prob=0.465
AgeVaxH35.js:2221 175I i:ageGp:fam 85:1:-1 by red 285:2:-1 at gen474 Univ0 prob=0.406
AgeVaxH35.js:2202 175I j:ageGp:fam 472:3:-1 by blue 355:2:-1 at gen474 Univ0 prob=0.296
AgeVaxH35.js:2202 175I j:ageGp:fam 485:3:-1 by red 25:0:-1 at gen475 Univ0 prob=0.519
AgeVaxH35.js:2221 175I i:ageGp:fam 180:2:-1 by blue 827:6:-1 at gen475 Univ0 prob=0.155
AgeVaxH35.js:2202 178I j:ageGp:fam 483:3:-1 by red 125:1:-1 at gen476 Univ0 prob=0.785
AgeVaxH35.js:2221 178I i:ageGp:fam 266:2:-1 by yellow 979:8:-1 at gen476 Univ0 prob=0.060
AgeVaxH35.js:2202 178I j:ageGp:fam 661:4:-1 by red 285:2:-1 at gen476 Univ0 prob=0.775
AgeVaxH35.js:2221 183I i:ageGp:fam 283:2:-1 by red 563:4:-1 at gen478 Univ0 prob=0.633
AgeVaxH35.js:2221 183I i:ageGp:fam 147:2:-1 by red 333:2:-1 at gen479 Univ0 prob=0.394
AgeVaxH35.js:2221 183I i:ageGp:fam 151:2:-1 by blue 434:3:-1 at gen479 Univ0 prob=0.890
AgeVaxH35.js:2221 184I i:ageGp:fam 1:0:-1 by blue 34:0:-1 at gen480 Univ0 prob=0.887
AgeVaxH35.js:2221 184I i:ageGp:fam 674:4:-1 by red 987:9:-1 at gen480 Univ0 prob=0.258
AgeVaxH35.js:2221 186I i:ageGp:fam 249:2:-1 by red 748:5:-1 at gen481 Univ0 prob=0.367
AgeVaxH35.js:2202 186I j:ageGp:fam 613:4:-1 by red 289:2:-1 at gen481 Univ0 prob=0.518
​ 190I i:ageGp:fam 716:5:-1 by red 987:9:-1 at gen484 Univ0 prob=0.176
​ 191I i:ageGp:fam 255:2:-1 by blue 671:4:-1 at gen486 Univ0 prob=0.683
​ 191I i:ageGp:fam 385:3:-1 by blue 629:4:-1 at gen486 Univ0 prob=0.712
​ 191I j:ageGp:fam 819:5:-1 by blue 514:3:-1 at gen487 Univ0 prob=0.374
​ 193I i:ageGp:fam 195:2:-1 by blue 889:6:-1 at gen488 Univ0 prob=0.097
​ 194I j:ageGp:fam 152:2:-1 by red 89:1:-1 at gen489 Univ0 prob=0.571
​ 194I i:ageGp:fam 103:1:-1 by red 305:2:-1 at gen489 Univ0 prob=0.960
​ 194I i:ageGp:fam 753:5:-1 by blue 772:5:-1 at gen489 Univ0 prob=0.206
​ 195I j:ageGp:fam 812:5:-1 by red 333:2:-1 at gen490 Univ0 prob=0.027
​ 198I i:ageGp:fam 69:1:-1 by red 422:3:-1 at gen491 Univ0 prob=0.519
​ 199I i:ageGp:fam 316:2:-1 by blue 496:3:-1 at gen492 Univ0 prob=0.047
​ 199I i:ageGp:fam 354:2:-1 by red 432:3:-1 at gen492 Univ0 prob=0.597
​ 202I i:ageGp:fam 271:2:-1 by red 437:3:-1 at gen494 Univ0 prob=0.191
​ 202I j:ageGp:fam 868:6:-1 by green 271:2:-1 at gen494 Univ0 prob=0.582
​ 202I j:ageGp:fam 868:6:-1 by red 437:3:-1 at gen494 Univ0 prob=0.576
​ 204I i:ageGp:fam 78:1:-1 by red 832:6:-1 at gen496 Univ0 prob=0.762
​ 204I i:ageGp:fam 585:4:-1 by blue 794:5:-1 at gen496 Univ0 prob=0.776
​ 204I i:ageGp:fam 269:2:-1 by red 291:2:-1 at gen497 Univ0 prob=0.602
​ 204I i:ageGp:fam 399:3:-1 by blue 886:6:-1 at gen497 Univ0 prob=0.496
​ 204I i:ageGp:fam 648:4:-1 by blue 794:5:-1 at gen497 Univ0 prob=0.483
​ 206I i:ageGp:fam 595:4:-1 by blue 631:4:-1 at gen498 Univ0 prob=0.129
​ 209I i:ageGp:fam 136:2:-1 by red 291:2:-1 at gen499 Univ0 prob=0.704
​ 209I i:ageGp:fam 178:2:-1 by red 350:2:-1 at gen499 Univ0 prob=0.341
​ 210I j:ageGp:fam 469:3:-1 by red 284:2:-1 at gen500 Univ0 prob=0.101
​ 212I j:ageGp:fam 115:1:-1 by blue 2:0:-1 at gen501 Univ0 prob=0.704
​ 212I j:ageGp:fam 362:3:-1 by yellow 165:2:-1 at gen501 Univ0 prob=0.121
​ 212I j:ageGp:fam 593:4:-1 by red 499:3:-1 at gen501 Univ0 prob=0.426
​ 212I i:ageGp:fam 609:4:-1 by blue 715:5:-1 at gen501 Univ0 prob=0.504
​ 213I j:ageGp:fam 378:3:-1 by blue 149:2:-1 at gen502 Univ0 prob=0.354
​ 213I i:ageGp:fam 596:4:-1 by blue 805:5:-1 at gen502 Univ0 prob=0.848
​ 219I j:ageGp:fam 205:2:-1 by yellow 136:2:-1 at gen504 Univ0 prob=0.875
​ 219I j:ageGp:fam 920:7:-1 by red 140:2:-1 at gen504 Univ0 prob=0.941
​ 219I i:ageGp:fam 320:2:-1 by blue 656:4:-1 at gen504 Univ0 prob=0.942
​ 219I j:ageGp:fam 789:5:-1 by yellow 352:2:-1 at gen504 Univ0 prob=0.794
​ 219I i:ageGp:fam 525:3:-1 by red 748:5:-1 at gen504 Univ0 prob=0.871
​ 219I i:ageGp:fam 8:0:-1 by red 291:2:-1 at gen505 Univ0 prob=0.092
​ 219I j:ageGp:fam 502:3:-1 by blue 444:3:-1 at gen505 Univ0 prob=0.431
​ 224I i:ageGp:fam 153:2:-1 by red 987:9:-1 at gen506 Univ0 prob=0.126
​ 227I j:ageGp:fam 374:3:-1 by red 369:3:-1 at gen509 Univ0 prob=0.905
​ 228I i:ageGp:fam 487:3:-1 by blue 772:5:-1 at gen512 Univ0 prob=0.453
​ 228I j:ageGp:fam 676:4:-1 by blue 186:2:-1 at gen513 Univ0 prob=0.188
​ 230I j:ageGp:fam 590:4:-1 by red 88:1:-1 at gen516 Univ0 prob=0.165
​ 230I i:ageGp:fam 411:3:-1 by blue 882:6:-1 at gen516 Univ0 prob=0.630
​ 230I i:ageGp:fam 416:3:-1 by red 432:3:-1 at gen516 Univ0 prob=0.810
​ 230I i:ageGp:fam 784:5:-1 by blue 849:6:-1 at gen516 Univ0 prob=0.248
​ 230I i:ageGp:fam 77:1:-1 by red 186:2:-1 at gen517 Univ0 prob=0.530
​ 234I i:ageGp:fam 72:1:-1 by blue 527:3:-1 at gen518 Univ0 prob=0.829
​ 235I j:ageGp:fam 202:2:-1 by red 186:2:-1 at gen519 Univ0 prob=0.767
​ 236I i:ageGp:fam 381:3:-1 by blue 615:4:-1 at gen520 Univ0 prob=0.595
​ 236I j:ageGp:fam 773:5:-1 by yellow 515:3:-1 at gen520 Univ0 prob=0.541
​ 237I j:ageGp:fam 454:3:-1 by red 148:2:-1 at gen521 Univ0 prob=0.753
​ 237I i:ageGp:fam 375:3:-1 by blue 631:4:-1 at gen521 Univ0 prob=0.754
​ 241I j:ageGp:fam 901:6:-1 by blue 247:2:-1 at gen523 Univ0 prob=0.837
​ 241I i:ageGp:fam 509:3:-1 by blue 527:3:-1 at gen523 Univ0 prob=0.953
​ 243I j:ageGp:fam 510:3:-1 by blue 449:3:-1 at gen526 Univ0 prob=0.324
​ 243I j:ageGp:fam 998:9:-1 by red 89:1:-1 at gen527 Univ0 prob=0.754
​ 243I j:ageGp:fam 446:3:-1 by red 212:2:-1 at gen527 Univ0 prob=0.800
​ 246I j:ageGp:fam 891:6:-1 by blue 158:2:-1 at gen529 Univ0 prob=0.984
​ 246I i:ageGp:fam 788:5:-1 by blue 814:5:-1 at gen529 Univ0 prob=0.766
​ 248I j:ageGp:fam 636:4:-1 by red 2:0:-1 at gen533 Univ0 prob=0.498
​ 248I i:ageGp:fam 92:1:-1 by blue 165:2:-1 at gen533 Univ0 prob=0.864
​ 248I j:ageGp:fam 177:2:-1 by blue 163:2:-1 at gen533 Univ0 prob=0.312
​ 248I i:ageGp:fam 197:2:-1 by blue 703:5:-1 at gen533 Univ0 prob=0.678
​ 248I i:ageGp:fam 197:2:-1 by red 889:6:-1 at gen533 Univ0 prob=0.057
​ 248I j:ageGp:fam 760:5:-1 by blue 462:3:-1 at gen533 Univ0 prob=0.822
​ 248I i:ageGp:fam 588:4:-1 by red 895:6:-1 at gen533 Univ0 prob=0.662
​ 248I j:ageGp:fam 306:2:-1 by red 44:1:-1 at gen534 Univ0 prob=0.356
​ 248I i:ageGp:fam 159:2:-1 by blue 247:2:-1 at gen534 Univ0 prob=0.952
​ 254I j:ageGp:fam 582:4:-1 by red 304:2:-1 at gen535 Univ0 prob=0.063
​ 254I j:ageGp:fam 662:4:-1 by red 434:3:-1 at gen535 Univ0 prob=0.119
​ 258I j:ageGp:fam 730:5:-1 by red 89:1:-1 at gen537 Univ0 prob=0.550
​ 258I i:ageGp:fam 117:1:-1 by blue 875:6:-1 at gen537 Univ0 prob=0.299
​ 258I i:ageGp:fam 632:4:-1 by blue 728:5:-1 at gen537 Univ0 prob=0.560
​ 258I i:ageGp:fam 74:1:-1 by red 432:3:-1 at gen538 Univ0 prob=0.345
​ 258I j:ageGp:fam 408:3:-1 by blue 129:1:-1 at gen538 Univ0 prob=0.201
​ 258I i:ageGp:fam 272:2:-1 by red 850:6:-1 at gen538 Univ0 prob=0.240
​ 258I i:ageGp:fam 392:3:-1 by blue 703:5:-1 at gen538 Univ0 prob=0.997
​ 258I i:ageGp:fam 495:3:-1 by red 514:3:-1 at gen538 Univ0 prob=0.628
​ 258I i:ageGp:fam 779:5:-1 by blue 882:6:-1 at gen538 Univ0 prob=0.067
​ 261I i:ageGp:fam 477:3:-1 by red 772:5:-1 at gen539 Univ0 prob=0.360
​ 267I j:ageGp:fam 736:5:-1 by red 289:2:-1 at gen540 Univ0 prob=0.284
​ 267I j:ageGp:fam 628:4:-1 by red 415:3:-1 at gen540 Univ0 prob=0.458
​ 270I i:ageGp:fam 38:0:-1 by red 805:5:-1 at gen542 Univ0 prob=0.183
​ 270I j:ageGp:fam 583:4:-1 by red 289:2:-1 at gen542 Univ0 prob=0.977
​ 270I i:ageGp:fam 565:4:-1 by red 589:4:-1 at gen542 Univ0 prob=0.146
​ 273I i:ageGp:fam 397:3:-1 by blue 661:4:-1 at gen546 Univ0 prob=0.133
​ 274I i:ageGp:fam 236:2:-1 by blue 243:2:-1 at gen548 Univ0 prob=0.976
​ 274I i:ageGp:fam 43:1:-1 by red 437:3:-1 at gen549 Univ0 prob=0.269
​ 275I i:ageGp:fam 122:1:-1 by blue 882:6:-1 at gen550 Univ0 prob=0.709
​ 277I j:ageGp:fam 653:4:-1 by blue 247:2:-1 at gen552 Univ0 prob=0.712
​ 278I i:ageGp:fam 51:1:-1 by red 684:4:-1 at gen554 Univ0 prob=0.918
​ 278I i:ageGp:fam 75:1:-1 by red 889:6:-1 at gen554 Univ0 prob=0.418
​ 278I j:ageGp:fam 493:3:-1 by red 492:3:-1 at gen554 Univ0 prob=0.673
​ 278I i:ageGp:fam 60:1:-1 by blue 249:2:-1 at gen555 Univ0 prob=0.365
​ 278I j:ageGp:fam 689:4:-1 by red 140:2:-1 at gen555 Univ0 prob=0.009
​ 278I j:ageGp:fam 787:5:-1 by blue 147:2:-1 at gen555 Univ0 prob=0.769
​ 278I i:ageGp:fam 218:2:-1 by blue 615:4:-1 at gen555 Univ0 prob=0.775
​ 278I j:ageGp:fam 678:4:-1 by blue 675:4:-1 at gen555 Univ0 prob=0.711
​ 281I j:ageGp:fam 587:4:-1 by blue 223:2:-1 at gen556 Univ0 prob=0.509
​ 287I i:ageGp:fam 156:2:-1 by blue 158:2:-1 at gen559 Univ0 prob=0.968
​ 287I i:ageGp:fam 618:4:-1 by red 673:4:-1 at gen559 Univ0 prob=0.612
​ 287I j:ageGp:fam 436:3:-1 by red 155:2:-1 at gen560 Univ0 prob=0.040
​ 289I i:ageGp:fam 97:1:-1 by blue 548:4:-1 at gen561 Univ0 prob=0.733
​ 290I i:ageGp:fam 52:1:-1 by yellow 97:1:-1 at gen562 Univ0 prob=0.998
​ 290I j:ageGp:fam 806:5:-1 by red 304:2:-1 at gen562 Univ0 prob=0.595
​ 290I i:ageGp:fam 335:2:-1 by yellow 676:4:-1 at gen562 Univ0 prob=0.020
​ 291I i:ageGp:fam 112:1:-1 by blue 385:3:-1 at gen563 Univ0 prob=0.859
​ 291I i:ageGp:fam 516:3:-1 by blue 785:5:-1 at gen563 Univ0 prob=0.237
​ 294I j:ageGp:fam 308:2:-1 by blue 178:2:-1 at gen564 Univ0 prob=0.795
​ 294I i:ageGp:fam 259:2:-1 by blue 320:2:-1 at gen564 Univ0 prob=0.132
​ 294I j:ageGp:fam 710:5:-1 by red 432:3:-1 at gen564 Univ0 prob=0.783
​ 299I j:ageGp:fam 287:2:-1 by blue 152:2:-1 at gen566 Univ0 prob=0.168
​ 299I j:ageGp:fam 646:4:-1 by red 163:2:-1 at gen566 Univ0 prob=0.791
​ 299I i:ageGp:fam 370:3:-1 by blue 502:3:-1 at gen566 Univ0 prob=0.802
​ 299I i:ageGp:fam 567:4:-1 by blue 784:5:-1 at gen566 Univ0 prob=0.432
​ 299I j:ageGp:fam 880:6:-1 by blue 266:2:-1 at gen567 Univ0 prob=0.028
​ 304I j:ageGp:fam 742:5:-1 by blue 1:0:-1 at gen573 Univ0 prob=0.824
​ 304I i:ageGp:fam 96:1:-1 by red 814:5:-1 at gen573 Univ0 prob=0.719
​ 306I j:ageGp:fam 340:2:-1 by blue 223:2:-1 at gen576 Univ0 prob=0.123
​ 306I j:ageGp:fam 795:5:-1 by blue 648:4:-1 at gen576 Univ0 prob=0.599
​ 306I j:ageGp:fam 347:2:-1 by blue 69:1:-1 at gen577 Univ0 prob=0.411
​ 306I i:ageGp:fam 98:1:-1 by red 715:5:-1 at gen577 Univ0 prob=0.944
​ 306I i:ageGp:fam 500:3:-1 by blue 728:5:-1 at gen577 Univ0 prob=0.880
​ 308I i:ageGp:fam 170:2:-1 by blue 269:2:-1 at gen578 Univ0 prob=0.098
​ 308I j:ageGp:fam 915:7:-1 by blue 271:2:-1 at gen578 Univ0 prob=0.825
​ 311I i:ageGp:fam 87:1:-1 by blue 595:4:-1 at gen579 Univ0 prob=0.587
​ 311I j:ageGp:fam 725:5:-1 by red 589:4:-1 at gen579 Univ0 prob=0.749
​ 313I j:ageGp:fam 235:2:-1 by red 165:2:-1 at gen580 Univ0 prob=0.500
​ 313I i:ageGp:fam 210:2:-1 by blue 716:5:-1 at gen580 Univ0 prob=0.520
​ 313I i:ageGp:fam 336:2:-1 by blue 738:5:-1 at gen580 Univ0 prob=0.833
​ 315I j:ageGp:fam 435:3:-1 by yellow 392:3:-1 at gen581 Univ0 prob=0.323
​ 315I j:ageGp:fam 621:4:-1 by red 598:4:-1 at gen581 Univ0 prob=0.921
​ 318I i:ageGp:fam 318:2:-1 by red 967:8:-1 at gen582 Univ0 prob=0.814
​ 318I i:ageGp:fam 471:3:-1 by blue 706:5:-1 at gen582 Univ0 prob=0.645
​ 320I j:ageGp:fam 506:3:-1 by red 449:3:-1 at gen583 Univ0 prob=0.153
​ 320I j:ageGp:fam 841:6:-1 by red 771:5:-1 at gen583 Univ0 prob=0.624
​ 322I j:ageGp:fam 358:2:-1 by blue 1:0:-1 at gen584 Univ0 prob=0.595
​ 322I j:ageGp:fam 861:6:-1 by blue 661:4:-1 at gen584 Univ0 prob=0.462
​ 324I j:ageGp:fam 559:4:-1 by blue 269:2:-1 at gen585 Univ0 prob=0.940
​ 326I j:ageGp:fam 670:4:-1 by blue 661:4:-1 at gen586 Univ0 prob=0.206
​ 327I j:ageGp:fam 845:6:-1 by blue 8:0:-1 at gen587 Univ0 prob=0.454
​ 327I j:ageGp:fam 528:3:-1 by blue 249:2:-1 at gen587 Univ0 prob=0.506
​ 328I j:ageGp:fam 440:3:-1 by blue 316:2:-1 at gen588 Univ0 prob=0.773
​ 328I j:ageGp:fam 989:9:-1 by blue 609:4:-1 at gen588 Univ0 prob=0.820
​ 332I i:ageGp:fam 53:1:-1 by blue 103:1:-1 at gen590 Univ0 prob=0.876
​ 332I i:ageGp:fam 357:2:-1 by red 706:5:-1 at gen590 Univ0 prob=0.846
​ 332I j:ageGp:fam 714:5:-1 by red 545:4:-1 at gen590 Univ0 prob=0.426
​ 332I j:ageGp:fam 142:2:-1 by red 128:1:-1 at gen591 Univ0 prob=0.421
​ 332I j:ageGp:fam 797:5:-1 by red 631:4:-1 at gen591 Univ0 prob=0.064
​ 335I j:ageGp:fam 275:2:-1 by red 68:1:-1 at gen592 Univ0 prob=0.519
​ 335I j:ageGp:fam 238:2:-1 by blue 151:2:-1 at gen592 Univ0 prob=0.551
​ 335I j:ageGp:fam 685:4:-1 by red 513:3:-1 at gen592 Univ0 prob=0.041
​ 340I j:ageGp:fam 17:0:-1 by blue 8:0:-1 at gen594 Univ0 prob=0.680
​ 340I i:ageGp:fam 735:5:-1 by blue 784:5:-1 at gen594 Univ0 prob=0.616
​ 340I i:ageGp:fam 67:1:-1 by red 671:4:-1 at gen595 Univ0 prob=0.989
​ 342I i:ageGp:fam 418:3:-1 by blue 920:7:-1 at gen596 Univ0 prob=0.133
​ 342I j:ageGp:fam 818:5:-1 by yellow 735:5:-1 at gen596 Univ0 prob=0.766
​ 343I i:ageGp:fam 204:2:-1 by red 211:2:-1 at gen597 Univ0 prob=0.066
​ 345I i:ageGp:fam 188:2:-1 by red 674:4:-1 at gen598 Univ0 prob=0.351
​ 347I j:ageGp:fam 690:5:-1 by red 223:2:-1 at gen600 Univ0 prob=0.607
​ 347I i:ageGp:fam 176:2:-1 by blue 487:3:-1 at gen601 Univ0 prob=0.416
​ 347I i:ageGp:fam 198:2:-1 by blue 590:4:-1 at gen601 Univ0 prob=0.498
​ 347I j:ageGp:fam 712:5:-1 by red 624:4:-1 at gen601 Univ0 prob=0.583
​ 348I j:ageGp:fam 562:4:-1 by red 147:2:-1 at gen602 Univ0 prob=0.495
​ 348I i:ageGp:fam 193:2:-1 by red 849:6:-1 at gen602 Univ0 prob=0.522
​ 348I i:ageGp:fam 401:3:-1 by red 827:6:-1 at gen602 Univ0 prob=0.490
​ 348I i:ageGp:fam 498:3:-1 by red 674:4:-1 at gen602 Univ0 prob=0.838
​ 351I i:ageGp:fam 250:2:-1 by blue 469:3:-1 at gen603 Univ0 prob=0.211
​ 351I j:ageGp:fam 796:5:-1 by red 419:3:-1 at gen603 Univ0 prob=0.971
​ 355I j:ageGp:fam 659:4:-1 by red 211:2:-1 at gen604 Univ0 prob=0.179
​ 355I j:ageGp:fam 724:5:-1 by blue 399:3:-1 at gen604 Univ0 prob=0.145
​ 357I j:ageGp:fam 124:1:-1 by red 68:1:-1 at gen605 Univ0 prob=0.843
​ 357I i:ageGp:fam 109:1:-1 by blue 178:2:-1 at gen605 Univ0 prob=0.296
​ 357I j:ageGp:fam 414:3:-1 by blue 117:1:-1 at gen605 Univ0 prob=0.844
​ 357I i:ageGp:fam 253:2:-1 by blue 362:3:-1 at gen605 Univ0 prob=0.348
​ 359I i:ageGp:fam 409:3:-1 by blue 595:4:-1 at gen606 Univ0 prob=0.705
​ 363I j:ageGp:fam 815:5:-1 by red 794:5:-1 at gen607 Univ0 prob=0.497
​ 364I j:ageGp:fam 874:6:-1 by blue 78:1:-1 at gen608 Univ0 prob=0.321
​ 365I j:ageGp:fam 611:4:-1 by blue 77:1:-1 at gen609 Univ0 prob=0.463
​ 365I i:ageGp:fam 105:1:-1 by blue 122:1:-1 at gen609 Univ0 prob=0.929
​ 365I j:ageGp:fam 836:6:-1 by red 243:2:-1 at gen609 Univ0 prob=0.358
​ 366I i:ageGp:fam 37:0:-1 by blue 588:4:-1 at gen610 Univ0 prob=0.700
​ 369I i:ageGp:fam 183:2:-1 by red 393:3:-1 at gen611 Univ0 prob=0.771
​ 369I i:ageGp:fam 655:4:-1 by red 819:5:-1 at gen611 Univ0 prob=0.369
​ 370I j:ageGp:fam 702:5:-1 by blue 632:4:-1 at gen612 Univ0 prob=0.961
​ 372I j:ageGp:fam 935:7:-1 by red 449:3:-1 at gen613 Univ0 prob=0.844
​ 373I i:ageGp:fam 80:1:-1 by blue 411:3:-1 at gen614 Univ0 prob=0.920
​ 373I i:ageGp:fam 189:2:-1 by red 875:6:-1 at gen614 Univ0 prob=0.988
​ 373I j:ageGp:fam 448:3:-1 by red 211:2:-1 at gen614 Univ0 prob=0.686
​ 373I i:ageGp:fam 244:2:-1 by blue 454:3:-1 at gen614 Univ0 prob=0.529
​ 374I j:ageGp:fam 741:5:-1 by blue 205:2:-1 at gen615 Univ0 prob=0.907
​ 379I j:ageGp:fam 630:4:-1 by blue 487:3:-1 at gen617 Univ0 prob=0.511
​ 379I j:ageGp:fam 475:3:-1 by blue 8:0:-1 at gen618 Univ0 prob=0.846
​ 379I j:ageGp:fam 441:3:-1 by blue 74:1:-1 at gen618 Univ0 prob=0.891
​ 380I i:ageGp:fam 58:1:-1 by blue 920:7:-1 at gen619 Univ0 prob=0.532
​ 380I j:ageGp:fam 564:4:-1 by red 158:2:-1 at gen619 Univ0 prob=0.962
​ 380I j:ageGp:fam 396:3:-1 by red 283:2:-1 at gen619 Univ0 prob=0.925
​ 385I i:ageGp:fam 330:2:-1 by blue 736:5:-1 at gen621 Univ0 prob=0.858
​ 385I i:ageGp:fam 346:2:-1 by red 548:4:-1 at gen621 Univ0 prob=0.628
​ 385I i:ageGp:fam 544:4:-1 by blue 779:5:-1 at gen621 Univ0 prob=0.858
​ 385I i:ageGp:fam 447:3:-1 by blue 760:5:-1 at gen622 Univ0 prob=0.897
​ 389I i:ageGp:fam 20:0:-1 by red 715:5:-1 at gen624 Univ0 prob=0.045
​ 389I i:ageGp:fam 22:0:-1 by blue 784:5:-1 at gen624 Univ0 prob=0.120
​ 389I i:ageGp:fam 106:1:-1 by red 163:2:-1 at gen624 Univ0 prob=0.908
​ 389I i:ageGp:fam 339:2:-1 by red 613:4:-1 at gen625 Univ0 prob=0.306
​ 389I j:ageGp:fam 497:3:-1 by yellow 346:2:-1 at gen625 Univ0 prob=0.212
​ 389I j:ageGp:fam 643:4:-1 by red 639:4:-1 at gen625 Univ0 prob=0.941
​ 392I i:ageGp:fam 90:1:-1 by blue 205:2:-1 at gen626 Univ0 prob=0.850
​ 395I i:ageGp:fam 301:2:-1 by blue 495:3:-1 at gen627 Univ0 prob=0.299
​ 395I j:ageGp:fam 876:6:-1 by blue 306:2:-1 at gen627 Univ0 prob=0.502
​ 396I j:ageGp:fam 902:7:-1 by blue 38:0:-1 at gen628 Univ0 prob=0.914
​ 396I i:ageGp:fam 722:5:-1 by blue 779:5:-1 at gen628 Univ0 prob=0.413
​ 398I i:ageGp:fam 12:0:-1 by blue 676:4:-1 at gen629 Univ0 prob=0.757
​ 398I i:ageGp:fam 113:1:-1 by red 502:3:-1 at gen629 Univ0 prob=0.504
​ 398I j:ageGp:fam 455:3:-1 by red 153:2:-1 at gen629 Univ0 prob=0.701
​ 403I j:ageGp:fam 569:4:-1 by red 153:2:-1 at gen631 Univ0 prob=0.727
​ 403I j:ageGp:fam 452:3:-1 by red 320:2:-1 at gen631 Univ0 prob=0.399
​ 403I j:ageGp:fam 311:2:-1 by blue 159:2:-1 at gen632 Univ0 prob=0.363
​ 403I i:ageGp:fam 160:2:-1 by blue 510:3:-1 at gen632 Univ0 prob=0.035
​ 407I i:ageGp:fam 379:3:-1 by red 615:4:-1 at gen634 Univ0 prob=0.766
​ 407I i:ageGp:fam 234:2:-1 by blue 477:3:-1 at gen635 Univ0 prob=0.548
​ 407I i:ageGp:fam 372:3:-1 by red 525:3:-1 at gen635 Univ0 prob=0.170
​ 408I j:ageGp:fam 488:3:-1 by blue 397:3:-1 at gen636 Univ0 prob=0.907
​ 410I i:ageGp:fam 319:2:-1 by red 352:2:-1 at gen638 Univ0 prob=0.355
​ 412I i:ageGp:fam 351:2:-1 by red 920:7:-1 at gen639 Univ0 prob=0.010
​ 412I j:ageGp:fam 781:5:-1 by red 675:4:-1 at gen639 Univ0 prob=0.901
​ 413I j:ageGp:fam 337:2:-1 by red 224:2:-1 at gen640 Univ0 prob=0.666
​ 413I j:ageGp:fam 751:5:-1 by red 738:5:-1 at gen640 Univ0 prob=0.680
​ 415I j:ageGp:fam 791:5:-1 by blue 567:4:-1 at gen641 Univ0 prob=0.011
​ 415I i:ageGp:fam 577:4:-1 by blue 760:5:-1 at gen641 Univ0 prob=0.198
​ 417I j:ageGp:fam 108:1:-1 by blue 60:1:-1 at gen642 Univ0 prob=0.767
​ 417I i:ageGp:fam 164:2:-1 by blue 408:3:-1 at gen642 Univ0 prob=0.916
​ 421I j:ageGp:fam 380:3:-1 by red 195:2:-1 at gen644 Univ0 prob=0.481
​ 421I j:ageGp:fam 695:5:-1 by blue 397:3:-1 at gen644 Univ0 prob=0.129
​ 423I i:ageGp:fam 182:2:-1 by blue 436:3:-1 at gen646 Univ0 prob=0.011
​ 423I j:ageGp:fam 353:2:-1 by red 266:2:-1 at gen646 Univ0 prob=0.456
​ 425I j:ageGp:fam 395:3:-1 by yellow 204:2:-1 at gen648 Univ0 prob=0.356
​ 425I i:ageGp:fam 391:3:-1 by blue 710:5:-1 at gen649 Univ0 prob=0.347
​ 425I j:ageGp:fam 938:7:-1 by red 502:3:-1 at gen649 Univ0 prob=0.920
​ 425I i:ageGp:fam 729:5:-1 by blue 880:6:-1 at gen649 Univ0 prob=0.316
​ 426I j:ageGp:fam 406:3:-1 by red 249:2:-1 at gen650 Univ0 prob=0.213
​ 426I j:ageGp:fam 864:6:-1 by red 249:2:-1 at gen650 Univ0 prob=0.273
​ 431I i:ageGp:fam 84:1:-1 by red 814:5:-1 at gen652 Univ0 prob=0.333
​ 431I i:ageGp:fam 95:1:-1 by blue 170:2:-1 at gen652 Univ0 prob=0.872
​ 431I j:ageGp:fam 701:5:-1 by blue 122:1:-1 at gen652 Univ0 prob=0.970
​ 431I i:ageGp:fam 175:2:-1 by red 596:4:-1 at gen652 Univ0 prob=0.295
​ 431I j:ageGp:fam 752:5:-1 by red 269:2:-1 at gen652 Univ0 prob=0.923
​ 431I j:ageGp:fam 666:4:-1 by red 419:3:-1 at gen652 Univ0 prob=0.445
​ 437I j:ageGp:fam 906:7:-1 by red 141:2:-1 at gen654 Univ0 prob=0.830
​ 437I j:ageGp:fam 831:6:-1 by red 153:2:-1 at gen654 Univ0 prob=0.849
​ 437I j:ageGp:fam 865:6:-1 by blue 51:1:-1 at gen655 Univ0 prob=0.018
​ 439I j:ageGp:fam 686:4:-1 by blue 51:1:-1 at gen656 Univ0 prob=0.087
​ 439I i:ageGp:fam 161:2:-1 by red 411:3:-1 at gen656 Univ0 prob=0.869
​ 439I i:ageGp:fam 366:3:-1 by red 891:6:-1 at gen656 Univ0 prob=0.019
​ 440I i:ageGp:fam 162:2:-1 by blue 989:9:-1 at gen657 Univ0 prob=0.822
​ 440I j:ageGp:fam 744:5:-1 by blue 495:3:-1 at gen657 Univ0 prob=0.279
​ 443I i:ageGp:fam 73:1:-1 by red 738:5:-1 at gen658 Univ0 prob=0.164
​ 445I j:ageGp:fam 985:9:-1 by blue 52:1:-1 at gen659 Univ0 prob=0.992
​ 445I j:ageGp:fam 758:5:-1 by blue 218:2:-1 at gen659 Univ0 prob=0.890
​ 448I j:ageGp:fam 847:6:-1 by red 320:2:-1 at gen661 Univ0 prob=0.719
​ 449I j:ageGp:fam 404:3:-1 by red 143:2:-1 at gen663 Univ0 prob=0.883
​ 449I j:ageGp:fam 840:6:-1 by red 385:3:-1 at gen663 Univ0 prob=0.206
​ 449I j:ageGp:fam 552:4:-1 by blue 43:1:-1 at gen664 Univ0 prob=0.265
​ 449I j:ageGp:fam 660:4:-1 by red 151:2:-1 at gen664 Univ0 prob=0.383
​ 449I j:ageGp:fam 782:5:-1 by blue 714:5:-1 at gen664 Univ0 prob=0.395
​ 454I j:ageGp:fam 824:6:-1 by red 595:4:-1 at gen666 Univ0 prob=0.044
​ 454I j:ageGp:fam 610:4:-1 by blue 204:2:-1 at gen667 Univ0 prob=0.002
​ 454I j:ageGp:fam 428:3:-1 by red 354:2:-1 at gen667 Univ0 prob=0.345
​ 454I i:ageGp:fam 657:4:-1 by red 730:5:-1 at gen667 Univ0 prob=0.011
​ 455I j:ageGp:fam 682:4:-1 by red 178:2:-1 at gen668 Univ0 prob=0.496
​ 455I j:ageGp:fam 542:4:-1 by blue 335:2:-1 at gen668 Univ0 prob=0.363
​ 458I j:ageGp:fam 550:4:-1 by blue 435:3:-1 at gen669 Univ0 prob=0.119
​ 460I i:ageGp:fam 119:1:-1 by blue 678:4:-1 at gen670 Univ0 prob=0.561
​ 461I j:ageGp:fam 71:1:-1 by red 38:0:-1 at gen671 Univ0 prob=0.992
​ 461I i:ageGp:fam 132:2:-1 by blue 559:4:-1 at gen671 Univ0 prob=0.400
​ 461I j:ageGp:fam 859:6:-1 by blue 170:2:-1 at gen671 Univ0 prob=0.779
​ 461I j:ageGp:fam 641:4:-1 by red 502:3:-1 at gen671 Univ0 prob=0.888
​ 466I i:ageGp:fam 6:0:-1 by blue 183:2:-1 at gen673 Univ0 prob=0.354
​ 466I i:ageGp:fam 555:4:-1 by red 632:4:-1 at gen673 Univ0 prob=0.152
​ 468I j:ageGp:fam 696:5:-1 by red 197:2:-1 at gen676 Univ0 prob=0.109
​ 469I j:ageGp:fam 959:8:-1 by blue 796:5:-1 at gen678 Univ0 prob=0.789
​ 470I i:ageGp:fam 5:0:-1 by red 901:6:-1 at gen680 Univ0 prob=0.735
​ 470I i:ageGp:fam 61:1:-1 by red 590:4:-1 at gen681 Univ0 prob=0.590
​ 470I j:ageGp:fam 603:4:-1 by red 180:2:-1 at gen681 Univ0 prob=0.365
​ 471I i:ageGp:fam 86:1:-1 by blue 198:2:-1 at gen682 Univ0 prob=0.268
​ 473I i:ageGp:fam 307:2:-1 by blue 435:3:-1 at gen683 Univ0 prob=0.768
​ 473I j:ageGp:fam 633:4:-1 by red 335:2:-1 at gen683 Univ0 prob=0.656
​ 474I j:ageGp:fam 214:2:-1 by red 72:1:-1 at gen684 Univ0 prob=0.718
​ 474I j:ageGp:fam 367:3:-1 by red 72:1:-1 at gen684 Univ0 prob=0.418
​ 476I j:ageGp:fam 953:8:-1 by red 585:4:-1 at gen685 Univ0 prob=0.881
​ 478I i:ageGp:fam 191:2:-1 by red 446:3:-1 at gen686 Univ0 prob=0.380
​ 479I i:ageGp:fam 66:1:-1 by red 516:3:-1 at gen687 Univ0 prob=0.237
​ 479I j:ageGp:fam 313:2:-1 by red 136:2:-1 at gen687 Univ0 prob=0.570
​ 479I i:ageGp:fam 237:2:-1 by red 716:5:-1 at gen687 Univ0 prob=0.254
​ 479I j:ageGp:fam 453:3:-1 by blue 250:2:-1 at gen687 Univ0 prob=0.514
​ 479I j:ageGp:fam 547:4:-1 by blue 347:2:-1 at gen687 Univ0 prob=0.648
​ 480I j:ageGp:fam 936:7:-1 by red 178:2:-1 at gen688 Univ0 prob=1.000
​ 480I i:ageGp:fam 473:3:-1 by blue 670:4:-1 at gen688 Univ0 prob=0.290
​ 485I i:ageGp:fam 538:3:-1 by blue 670:4:-1 at gen689 Univ0 prob=0.093
​ 487I i:ageGp:fam 91:1:-1 by blue 841:6:-1 at gen690 Univ0 prob=0.683
​ 487I i:ageGp:fam 466:3:-1 by blue 735:5:-1 at gen690 Univ0 prob=0.735
​ 487I j:ageGp:fam 792:5:-1 by blue 498:3:-1 at gen690 Univ0 prob=0.754
​ 488I j:ageGp:fam 185:2:-1 by blue 17:0:-1 at gen691 Univ0 prob=0.372
​ 488I j:ageGp:fam 302:2:-1 by red 178:2:-1 at gen691 Univ0 prob=0.209
​ 491I j:ageGp:fam 560:4:-1 by blue 414:3:-1 at gen692 Univ0 prob=0.820
​ 493I j:ageGp:fam 239:2:-1 by red 115:1:-1 at gen693 Univ0 prob=0.838
​ 494I j:ageGp:fam 398:3:-1 by red 43:1:-1 at gen694 Univ0 prob=0.613
​ 494I i:ageGp:fam 118:1:-1 by blue 670:4:-1 at gen694 Univ0 prob=0.785
​ 495I i:ageGp:fam 295:2:-1 by blue 781:5:-1 at gen695 Univ0 prob=0.161
​ 495I i:ageGp:fam 431:3:-1 by blue 795:5:-1 at gen695 Univ0 prob=0.993
​ 497I i:ageGp:fam 100:1:-1 by blue 935:7:-1 at gen696 Univ0 prob=0.037
​ 497I j:ageGp:fam 893:6:-1 by blue 301:2:-1 at gen696 Univ0 prob=0.222
​ 499I j:ageGp:fam 326:2:-1 by red 38:0:-1 at gen697 Univ0 prob=0.448
​ 499I i:ageGp:fam 539:3:-1 by red 632:4:-1 at gen697 Univ0 prob=0.877
​ 501I i:ageGp:fam 116:1:-1 by red 662:4:-1 at gen698 Univ0 prob=0.930
​ 503I i:ageGp:fam 194:2:-1 by red 779:5:-1 at gen699 Univ0 prob=0.415
​ 503I j:ageGp:fam 954:8:-1 by blue 435:3:-1 at gen699 Univ0 prob=0.953
​ 503I i:ageGp:fam 467:3:-1 by blue 818:5:-1 at gen699 Univ0 prob=0.175
​ 503I i:ageGp:fam 540:3:-1 by blue 781:5:-1 at gen699 Univ0 prob=0.874
​ 504I j:ageGp:fam 731:5:-1 by red 92:1:-1 at gen700 Univ0 prob=0.935
​ 509I i:ageGp:fam 705:5:-1 by blue 722:5:-1 at gen702 Univ0 prob=0.129
​ 509I i:ageGp:fam 167:2:-1 by yellow 906:7:-1 at gen703 Univ0 prob=0.089
​ 509I i:ageGp:fam 190:2:-1 by red 710:5:-1 at gen703 Univ0 prob=0.482
​ 512I i:ageGp:fam 664:4:-1 by blue 818:5:-1 at gen705 Univ0 prob=0.621
​ 512I j:ageGp:fam 368:3:-1 by blue 193:2:-1 at gen706 Univ0 prob=0.675
​ 514I j:ageGp:fam 457:3:-1 by red 74:1:-1 at gen709 Univ0 prob=0.537
​ 514I j:ageGp:fam 778:5:-1 by red 170:2:-1 at gen709 Univ0 prob=0.304
​ 514I i:ageGp:fam 41:1:-1 by blue 630:4:-1 at gen710 Univ0 prob=0.768
​ 514I j:ageGp:fam 310:2:-1 by blue 253:2:-1 at gen710 Univ0 prob=0.658
​ 514I j:ageGp:fam 679:4:-1 by red 287:2:-1 at gen710 Univ0 prob=0.218
​ 519I i:ageGp:fam 248:2:-1 by red 710:5:-1 at gen712 Univ0 prob=0.703
​ 519I i:ageGp:fam 619:4:-1 by blue 751:5:-1 at gen712 Univ0 prob=0.715
​ 519I i:ageGp:fam 24:0:-1 by red 43:1:-1 at gen713 Univ0 prob=0.142
​ 519I i:ageGp:fam 49:1:-1 by red 397:3:-1 at gen713 Univ0 prob=0.319
​ 519I i:ageGp:fam 274:2:-1 by blue 752:5:-1 at gen713 Univ0 prob=0.381
​ 524I i:ageGp:fam 65:1:-1 by red 272:2:-1 at gen715 Univ0 prob=0.390
​ 524I j:ageGp:fam 672:4:-1 by blue 401:3:-1 at gen715 Univ0 prob=0.042
​ 526I i:ageGp:fam 138:2:-1 by blue 643:4:-1 at gen717 Univ0 prob=0.742
​ 527I i:ageGp:fam 19:0:-1 by red 735:5:-1 at gen719 Univ0 prob=0.875
​ 527I j:ageGp:fam 767:5:-1 by blue 58:1:-1 at gen720 Univ0 prob=0.838
​ 528I j:ageGp:fam 192:2:-1 by red 112:1:-1 at gen721 Univ0 prob=0.738
​ 529I j:ageGp:fam 717:5:-1 by red 436:3:-1 at gen722 Univ0 prob=0.462
​ 530I j:ageGp:fam 298:2:-1 by red 112:1:-1 at gen723 Univ0 prob=0.079
​ 530I i:ageGp:fam 766:5:-1 by red 788:5:-1 at gen723 Univ0 prob=0.013
​ 531I i:ageGp:fam 28:0:-1 by red 690:5:-1 at gen724 Univ0 prob=0.081
​ 534I i:ageGp:fam 389:3:-1 by blue 865:6:-1 at gen727 Univ0 prob=0.056
​ 534I j:ageGp:fam 591:4:-1 by blue 488:3:-1 at gen727 Univ0 prob=0.659
​ 534I j:ageGp:fam 896:6:-1 by red 567:4:-1 at gen728 Univ0 prob=0.461
​ 534I j:ageGp:fam 866:6:-1 by blue 701:5:-1 at gen728 Univ0 prob=0.225
​ 538I j:ageGp:fam 541:4:-1 by red 193:2:-1 at gen730 Univ0 prob=0.068
​ 538I j:ageGp:fam 520:3:-1 by red 197:2:-1 at gen730 Univ0 prob=0.847
​ 538I j:ageGp:fam 790:5:-1 by red 689:4:-1 at gen730 Univ0 prob=0.763
​ 538I j:ageGp:fam 213:2:-1 by red 170:2:-1 at gen731 Univ0 prob=0.368
​ 538I j:ageGp:fam 680:4:-1 by red 611:4:-1 at gen731 Univ0 prob=0.366
​ 543I j:ageGp:fam 810:5:-1 by red 198:2:-1 at gen733 Univ0 prob=0.718
​ 543I j:ageGp:fam 694:5:-1 by blue 330:2:-1 at gen733 Univ0 prob=0.739
​ 543I i:ageGp:fam 114:1:-1 by blue 337:2:-1 at gen734 Univ0 prob=0.667
​ 545I j:ageGp:fam 459:3:-1 by red 124:1:-1 at gen735 Univ0 prob=0.583
​ 545I i:ageGp:fam 822:6:-1 by red 915:7:-1 at gen735 Univ0 prob=0.394
​ 548I j:ageGp:fam 433:3:-1 by blue 12:0:-1 at gen737 Univ0 prob=0.378
​ 548I i:ageGp:fam 31:0:-1 by blue 729:5:-1 at gen737 Univ0 prob=0.112
​ 548I j:ageGp:fam 445:3:-1 by red 198:2:-1 at gen737 Univ0 prob=0.577
​ 548I i:ageGp:fam 256:2:-1 by blue 686:4:-1 at gen737 Univ0 prob=0.985
​ 548I i:ageGp:fam 277:2:-1 by red 678:4:-1 at gen737 Univ0 prob=0.314
​ 548I j:ageGp:fam 568:4:-1 by red 370:3:-1 at gen737 Univ0 prob=0.074
​ 548I j:ageGp:fam 894:6:-1 by yellow 256:2:-1 at gen738 Univ0 prob=0.668
​ 548I j:ageGp:fam 793:5:-1 by blue 455:3:-1 at gen738 Univ0 prob=0.910
​ 554I i:ageGp:fam 30:0:-1 by red 861:6:-1 at gen739 Univ0 prob=0.013
​ 554I j:ageGp:fam 443:3:-1 by red 177:2:-1 at gen739 Univ0 prob=0.858
​ 556I i:ageGp:fam 296:2:-1 by blue 831:6:-1 at gen740 Univ0 prob=0.215
​ 558I j:ageGp:fam 464:3:-1 by red 218:2:-1 at gen741 Univ0 prob=0.947
​ 559I j:ageGp:fam 692:5:-1 by red 397:3:-1 at gen742 Univ0 prob=0.009
​ 560I j:ageGp:fam 762:5:-1 by red 51:1:-1 at gen743 Univ0 prob=0.412
​ 560I i:ageGp:fam 79:1:-1 by red 80:1:-1 at gen743 Univ0 prob=0.460
​ 561I i:ageGp:fam 45:1:-1 by blue 555:4:-1 at gen744 Univ0 prob=0.895
​ 561I i:ageGp:fam 62:1:-1 by blue 751:5:-1 at gen744 Univ0 prob=0.847
​ 565I j:ageGp:fam 384:3:-1 by red 308:2:-1 at gen747 Univ0 prob=0.190
​ 565I j:ageGp:fam 713:5:-1 by blue 542:4:-1 at gen747 Univ0 prob=0.654
​ 565I i:ageGp:fam 15:0:-1 by red 236:2:-1 at gen748 Univ0 prob=0.788
​ 567I i:ageGp:fam 526:3:-1 by blue 751:5:-1 at gen749 Univ0 prob=0.139
​ 569I i:ageGp:fam 260:2:-1 by red 630:4:-1 at gen751 Univ0 prob=0.518
​ 570I j:ageGp:fam 857:6:-1 by red 51:1:-1 at gen753 Univ0 prob=0.652
​ 570I i:ageGp:fam 207:2:-1 by blue 540:3:-1 at gen754 Univ0 prob=0.797
​ 570I i:ageGp:fam 314:2:-1 by blue 657:4:-1 at gen754 Univ0 prob=0.352
​ 570I j:ageGp:fam 770:5:-1 by red 741:5:-1 at gen754 Univ0 prob=0.839
​ 574I j:ageGp:fam 206:2:-1 by blue 108:1:-1 at gen756 Univ0 prob=0.568
​ 574I j:ageGp:fam 323:2:-1 by red 109:1:-1 at gen756 Univ0 prob=0.626
​ 574I j:ageGp:fam 228:2:-1 by red 189:2:-1 at gen756 Univ0 prob=0.420
​ 574I i:ageGp:fam 576:4:-1 by blue 641:4:-1 at gen756 Univ0 prob=0.067
​ 574I i:ageGp:fam 602:4:-1 by blue 751:5:-1 at gen757 Univ0 prob=0.997
​ 574I j:ageGp:fam 743:5:-1 by red 725:5:-1 at gen757 Univ0 prob=0.479
​ 578I i:ageGp:fam 600:4:-1 by red 724:5:-1 at gen758 Univ0 prob=0.427
​ 580I i:ageGp:fam 42:1:-1 by blue 161:2:-1 at gen759 Univ0 prob=0.553
​ 580I j:ageGp:fam 635:4:-1 by red 335:2:-1 at gen759 Univ0 prob=0.809
​ 581I j:ageGp:fam 825:6:-1 by blue 547:4:-1 at gen760 Univ0 prob=0.858
​ 581I i:ageGp:fam 642:4:-1 by blue 701:5:-1 at gen760 Univ0 prob=0.240
​ 585I i:ageGp:fam 33:0:-1 by red 52:1:-1 at gen762 Univ0 prob=0.825
​ 585I i:ageGp:fam 536:3:-1 by red 836:6:-1 at gen762 Univ0 prob=0.574
​ 585I j:ageGp:fam 533:3:-1 by red 90:1:-1 at gen763 Univ0 prob=0.441
​ 585I j:ageGp:fam 461:3:-1 by blue 185:2:-1 at gen763 Univ0 prob=0.148
​ 585I j:ageGp:fam 844:6:-1 by blue 664:4:-1 at gen763 Univ0 prob=0.688
​ 590I i:ageGp:fam 110:1:-1 by blue 840:6:-1 at gen765 Univ0 prob=0.216
​ 590I j:ageGp:fam 669:4:-1 by blue 190:2:-1 at gen765 Univ0 prob=0.524
​ 590I i:ageGp:fam 594:4:-1 by red 670:4:-1 at gen765 Univ0 prob=0.840
​ 590I j:ageGp:fam 756:5:-1 by red 712:5:-1 at gen766 Univ0 prob=0.713
​ 594I i:ageGp:fam 721:5:-1 by red 751:5:-1 at gen768 Univ0 prob=0.671
​ 595I i:ageGp:fam 102:1:-1 by red 441:3:-1 at gen770 Univ0 prob=0.814
​ 595I j:ageGp:fam 556:4:-1 by red 22:0:-1 at gen771 Univ0 prob=0.867
​ 595I j:ageGp:fam 359:3:-1 by red 90:1:-1 at gen771 Univ0 prob=0.796
​ 595I j:ageGp:fam 699:5:-1 by red 109:1:-1 at gen771 Univ0 prob=0.977
​ 596I j:ageGp:fam 518:3:-1 by red 210:2:-1 at gen772 Univ0 prob=0.952
​ 596I i:ageGp:fam 282:2:-1 by blue 672:4:-1 at gen772 Univ0 prob=0.603
​ 596I i:ageGp:fam 349:2:-1 by red 935:7:-1 at gen772 Univ0 prob=0.153
​ 599I i:ageGp:fam 470:3:-1 by blue 954:8:-1 at gen773 Univ0 prob=0.900
​ 602I i:ageGp:fam 187:2:-1 by red 335:2:-1 at gen774 Univ0 prob=0.840
​ 603I i:ageGp:fam 262:2:-1 by red 876:6:-1 at gen775 Univ0 prob=0.413
​ 605I i:ageGp:fam 697:5:-1 by red 751:5:-1 at gen777 Univ0 prob=0.918
​ 606I j:ageGp:fam 786:5:-1 by blue 542:4:-1 at gen781 Univ0 prob=0.019
​ 607I j:ageGp:fam 263:2:-1 by red 84:1:-1 at gen784 Univ0 prob=0.734
​ 607I i:ageGp:fam 225:2:-1 by red 722:5:-1 at gen784 Univ0 prob=0.205
​ 607I i:ageGp:fam 47:1:-1 by red 659:4:-1 at gen785 Univ0 prob=0.210
​ 607I i:ageGp:fam 382:3:-1 by red 655:4:-1 at gen785 Univ0 prob=0.650
​ 607I j:ageGp:fam 800:5:-1 by red 701:5:-1 at gen785 Univ0 prob=0.165
​ 612I j:ageGp:fam 708:5:-1 by red 95:1:-1 at gen788 Univ0 prob=0.238
​ 612I i:ageGp:fam 233:2:-1 by red 724:5:-1 at gen788 Univ0 prob=0.797
​ 612I j:ageGp:fam 709:5:-1 by red 447:3:-1 at gen788 Univ0 prob=0.383
​ 612I j:ageGp:fam 561:4:-1 by blue 71:1:-1 at gen789 Univ0 prob=0.547
​ 615I i:ageGp:fam 297:2:-1 by red 659:4:-1 at gen790 Univ0 prob=0.587
​ 615I j:ageGp:fam 884:6:-1 by red 336:2:-1 at gen790 Univ0 prob=0.673
​ 616I i:ageGp:fam 11:0:-1 by blue 619:4:-1 at gen791 Univ0 prob=0.114
​ 616I j:ageGp:fam 733:5:-1 by blue 86:1:-1 at gen791 Univ0 prob=0.977
​ 616I i:ageGp:fam 300:2:-1 by blue 560:4:-1 at gen791 Univ0 prob=0.942
​ 618I i:ageGp:fam 258:2:-1 by red 836:6:-1 at gen792 Univ0 prob=0.170
​ 618I j:ageGp:fam 612:4:-1 by red 475:3:-1 at gen792 Univ0 prob=0.216
​ 621I i:ageGp:fam 222:2:-1 by red 818:5:-1 at gen793 Univ0 prob=0.023
​ 621I j:ageGp:fam 740:5:-1 by red 319:2:-1 at gen793 Univ0 prob=0.349
​ 625I i:ageGp:fam 18:0:-1 by red 250:2:-1 at gen796 Univ0 prob=0.302
​ 625I j:ageGp:fam 246:2:-1 by blue 49:1:-1 at gen796 Univ0 prob=0.179
​ 625I j:ageGp:fam 184:2:-1 by blue 116:1:-1 at gen796 Univ0 prob=0.434
​ 625I j:ageGp:fam 807:5:-1 by red 204:2:-1 at gen796 Univ0 prob=0.359
​ 625I i:ageGp:fam 463:3:-1 by blue 467:3:-1 at gen797 Univ0 prob=0.726
​ 630I j:ageGp:fam 145:2:-1 by blue 28:0:-1 at gen802 Univ0 prob=0.766
​ 630I i:ageGp:fam 107:1:-1 by blue 256:2:-1 at gen802 Univ0 prob=0.016
​ 630I i:ageGp:fam 726:5:-1 by blue 731:5:-1 at gen802 Univ0 prob=0.953
​ 630I j:ageGp:fam 592:4:-1 by red 132:2:-1 at gen803 Univ0 prob=0.396
​ 630I i:ageGp:fam 623:4:-1 by red 630:4:-1 at gen803 Univ0 prob=0.758
​ 633I j:ageGp:fam 872:6:-1 by blue 274:2:-1 at gen804 Univ0 prob=0.445
​ 633I j:ageGp:fam 971:8:-1 by red 353:2:-1 at gen804 Univ0 prob=0.983
​ 635I j:ageGp:fam 804:5:-1 by red 90:1:-1 at gen805 Univ0 prob=0.764
​ 635I i:ageGp:fam 634:4:-1 by blue 717:5:-1 at gen805 Univ0 prob=0.404
​ 639I j:ageGp:fam 925:7:-1 by red 132:2:-1 at gen809 Univ0 prob=0.967
​ 639I j:ageGp:fam 768:5:-1 by red 234:2:-1 at gen809 Univ0 prob=0.195
​ 639I i:ageGp:fam 769:5:-1 by red 831:6:-1 at gen810 Univ0 prob=0.791
​ 641I j:ageGp:fam 599:4:-1 by red 160:2:-1 at gen811 Univ0 prob=0.019
​ 641I j:ageGp:fam 423:3:-1 by blue 326:2:-1 at gen811 Univ0 prob=0.226
​ 642I i:ageGp:fam 622:4:-1 by blue 778:5:-1 at gen812 Univ0 prob=0.574
​ 644I j:ageGp:fam 424:3:-1 by red 132:2:-1 at gen813 Univ0 prob=0.539
​ 645I i:ageGp:fam 76:1:-1 by red 643:4:-1 at gen814 Univ0 prob=0.044
​ 646I j:ageGp:fam 309:2:-1 by blue 296:2:-1 at gen815 Univ0 prob=0.693
​ 647I j:ageGp:fam 837:6:-1 by red 544:4:-1 at gen816 Univ0 prob=0.038
​ 649I j:ageGp:fam 651:4:-1 by blue 260:2:-1 at gen818 Univ0 prob=0.872
​ 649I i:ageGp:fam 490:3:-1 by blue 894:6:-1 at gen818 Univ0 prob=0.508
​ 651I j:ageGp:fam 914:7:-1 by red 722:5:-1 at gen820 Univ0 prob=0.962
​ 652I i:ageGp:fam 181:2:-1 by red 366:3:-1 at gen822 Univ0 prob=0.567
​ 652I i:ageGp:fam 121:1:-1 by red 893:6:-1 at gen823 Univ0 prob=0.177
​ 652I j:ageGp:fam 278:2:-1 by red 167:2:-1 at gen823 Univ0 prob=0.535
​ 652I i:ageGp:fam 281:2:-1 by blue 568:4:-1 at gen823 Univ0 prob=0.658
​ 653I j:ageGp:fam 549:4:-1 by blue 24:0:-1 at gen824 Univ0 prob=1.000
​ 656I i:ageGp:fam 16:0:-1 by red 66:1:-1 at gen825 Univ0 prob=0.840
​ 656I i:ageGp:fam 430:3:-1 by blue 793:5:-1 at gen825 Univ0 prob=0.503
​ 659I j:ageGp:fam 649:4:-1 by blue 19:0:-1 at gen829 Univ0 prob=0.768
​ 659I i:ageGp:fam 764:5:-1 by red 782:5:-1 at gen830 Univ0 prob=0.430
​ 660I i:ageGp:fam 196:2:-1 by blue 541:4:-1 at gen831 Univ0 prob=0.303
​ 660I i:ageGp:fam 220:2:-1 by blue 568:4:-1 at gen831 Univ0 prob=0.228
​ 660I i:ageGp:fam 254:2:-1 by blue 717:5:-1 at gen831 Univ0 prob=0.266
​ 661I j:ageGp:fam 486:3:-1 by red 90:1:-1 at gen832 Univ0 prob=0.760
​ 661I j:ageGp:fam 926:7:-1 by blue 576:4:-1 at gen832 Univ0 prob=0.964
​ 664I j:ageGp:fam 216:2:-1 by red 20:0:-1 at gen833 Univ0 prob=0.417
​ 666I i:ageGp:fam 14:0:-1 by red 191:2:-1 at gen834 Univ0 prob=0.026
​ 668I j:ageGp:fam 157:2:-1 by red 138:2:-1 at gen836 Univ0 prob=0.349
​ 668I j:ageGp:fam 720:5:-1 by yellow 599:4:-1 at gen836 Univ0 prob=0.156
​ 670I i:ageGp:fam 838:6:-1 by red 936:7:-1 at gen839 Univ0 prob=0.777
​ 670I i:ageGp:fam 166:2:-1 by blue 228:2:-1 at gen840 Univ0 prob=0.905
​ 672I i:ageGp:fam 292:2:-1 by blue 756:5:-1 at gen842 Univ0 prob=0.548
​ 673I j:ageGp:fam 605:4:-1 by blue 389:3:-1 at gen844 Univ0 prob=0.204
​ 673I i:ageGp:fam 373:3:-1 by red 404:3:-1 at gen845 Univ0 prob=0.523
​ 675I j:ageGp:fam 554:4:-1 by red 214:2:-1 at gen847 Univ0 prob=0.866
​ 675I j:ageGp:fam 746:5:-1 by blue 382:3:-1 at gen847 Univ0 prob=0.742
​ 675I i:ageGp:fam 718:5:-1 by red 866:6:-1 at gen847 Univ0 prob=0.714
​ 678I i:ageGp:fam 3:0:-1 by red 717:5:-1 at gen850 Univ0 prob=0.012
​ 678I j:ageGp:fam 607:4:-1 by blue 15:0:-1 at gen850 Univ0 prob=0.209
​ 680I j:ageGp:fam 830:6:-1 by blue 260:2:-1 at gen852 Univ0 prob=0.704
​ 681I i:ageGp:fam 219:2:-1 by red 744:5:-1 at gen854 Univ0 prob=0.770
​ 682I i:ageGp:fam 425:3:-1 by red 866:6:-1 at gen858 Univ0 prob=0.722
​ 682I j:ageGp:fam 867:6:-1 by red 560:4:-1 at gen858 Univ0 prob=0.209
​ 682I i:ageGp:fam 169:2:-1 by red 277:2:-1 at gen859 Univ0 prob=0.778
​ 684I j:ageGp:fam 638:4:-1 by red 560:4:-1 at gen860 Univ0 prob=0.253
​ 685I i:ageGp:fam 458:3:-1 by red 619:4:-1 at gen861 Univ0 prob=0.474
​ 687I i:ageGp:fam 608:4:-1 by blue 733:5:-1 at gen865 Univ0 prob=0.167
​ 687I j:ageGp:fam 820:5:-1 by red 368:3:-1 at gen866 Univ0 prob=0.860
​ 689I j:ageGp:fam 899:6:-1 by red 433:3:-1 at gen868 Univ0 prob=0.789
​ 689I i:ageGp:fam 46:1:-1 by blue 699:5:-1 at gen869 Univ0 prob=0.757
​ 689I j:ageGp:fam 958:8:-1 by blue 222:2:-1 at gen869 Univ0 prob=0.970
​ 690I j:ageGp:fam 808:5:-1 by blue 743:5:-1 at gen870 Univ0 prob=0.755
​ 692I j:ageGp:fam 261:2:-1 by blue 47:1:-1 at gen871 Univ0 prob=0.735
​ 693I i:ageGp:fam 658:4:-1 by red 660:4:-1 at gen872 Univ0 prob=0.597
​ 694I j:ageGp:fam 293:2:-1 by blue 33:0:-1 at gen873 Univ0 prob=0.392
​ 696I j:ageGp:fam 749:5:-1 by red 696:5:-1 at gen877 Univ0 prob=0.161
​ 696I i:ageGp:fam 625:4:-1 by red 767:5:-1 at gen878 Univ0 prob=0.948
​ 697I i:ageGp:fam 201:2:-1 by blue 612:4:-1 at gen879 Univ0 prob=0.493
​ 697I j:ageGp:fam 816:5:-1 by red 313:2:-1 at gen879 Univ0 prob=0.567
​ 698I i:ageGp:fam 551:4:-1 by red 825:6:-1 at gen880 Univ0 prob=0.874
​ 700I i:ageGp:fam 137:2:-1 by red 295:2:-1 at gen881 Univ0 prob=0.020
AgeVaxH35.js:2202 702I j:ageGp:fam 511:3:-1 by blue 423:3:-1 at gen883 Univ0 prob=0.525
AgeVaxH35.js:2202 702I j:ageGp:fam 888:6:-1 by red 619:4:-1 at gen883 Univ0 prob=0.473
AgeVaxH35.js:2202 702I j:ageGp:fam 534:3:-1 by red 207:2:-1 at gen884 Univ0 prob=0.570
AgeVaxH35.js:2202 704I j:ageGp:fam 700:5:-1 by red 191:2:-1 at gen885 Univ0 prob=0.985
AgeVaxH35.js:2221 706I i:ageGp:fam 120:1:-1 by blue 764:5:-1 at gen887 Univ0 prob=0.417
AgeVaxH35.js:2221 706I i:ageGp:fam 265:2:-1 by red 692:5:-1 at gen887 Univ0 prob=0.647
AgeVaxH35.js:2221 706I i:ageGp:fam 494:3:-1 by red 857:6:-1 at gen887 Univ0 prob=0.396
AgeVaxH35.js:2202 709I j:ageGp:fam 897:6:-1 by red 167:2:-1 at gen890 Univ0 prob=0.466
AgeVaxH35.js:2202 709I j:ageGp:fam 400:3:-1 by red 79:1:-1 at gen891 Univ0 prob=0.438
AgeVaxH35.js:2221 710I i:ageGp:fam 23:0:-1 by blue 282:2:-1 at gen892 Univ0 prob=0.181
AgeVaxH35.js:2221 711I i:ageGp:fam 127:1:-1 by red 185:2:-1 at gen893 Univ0 prob=0.290
AgeVaxH35.js:2221 711I i:ageGp:fam 130:1:-1 by red 384:3:-1 at gen893 Univ0 prob=0.208
AgeVaxH35.js:2221 712I i:ageGp:fam 276:2:-1 by red 954:8:-1 at gen894 Univ0 prob=0.562
AgeVaxH35.js:2202 714I j:ageGp:fam 871:6:-1 by red 102:1:-1 at gen895 Univ0 prob=0.798
AgeVaxH35.js:2202 714I j:ageGp:fam 342:2:-1 by blue 263:2:-1 at gen895 Univ0 prob=0.924
AgeVaxH35.js:2202 714I j:ageGp:fam 328:2:-1 by red 296:2:-1 at gen895 Univ0 prob=0.008
AgeVaxH35.js:2202 715I j:ageGp:fam 604:4:-1 by red 368:3:-1 at gen896 Univ0 prob=0.460
AgeVaxH35.js:2202 719I j:ageGp:fam 519:3:-1 by blue 16:0:-1 at gen899 Univ0 prob=0.294
AgeVaxH35.js:2202 719I j:ageGp:fam 843:6:-1 by red 533:3:-1 at gen899 Univ0 prob=0.752
AgeVaxH35.js:2202 719I j:ageGp:fam 652:4:-1 by blue 549:4:-1 at gen899 Univ0 prob=0.687
AgeVaxH35.js:2221 722I i:ageGp:fam 232:2:-1 by blue 233:2:-1 at gen902 Univ0 prob=0.255
AgeVaxH35.js:2202 723I j:ageGp:fam 383:3:-1 by red 45:1:-1 at gen904 Univ0 prob=0.243
AgeVaxH35.js:2221 724I i:ageGp:fam 531:3:-1 by blue 926:7:-1 at gen906 Univ0 prob=0.763
AgeVaxH35.js:2202 724I j:ageGp:fam 851:6:-1 by red 793:5:-1 at gen907 Univ0 prob=0.792
AgeVaxH35.js:2202 725I j:ageGp:fam 133:2:-1 by red 102:1:-1 at gen908 Univ0 prob=0.301
AgeVaxH35.js:2221 727I i:ageGp:fam 134:2:-1 by red 298:2:-1 at gen912 Univ0 prob=0.964
AgeVaxH35.js:2202 727I j:ageGp:fam 833:6:-1 by red 248:2:-1 at gen912 Univ0 prob=0.824
AgeVaxH35.js:2202 727I j:ageGp:fam 413:3:-1 by blue 278:2:-1 at gen912 Univ0 prob=0.503
AgeVaxH35.js:2202 730I j:ageGp:fam 734:5:-1 by red 45:1:-1 at gen917 Univ0 prob=0.666
AgeVaxH35.js:2202 730I j:ageGp:fam 846:6:-1 by red 786:5:-1 at gen917 Univ0 prob=0.450
AgeVaxH35.js:2202 732I j:ageGp:fam 522:3:-1 by red 62:1:-1 at gen919 Univ0 prob=0.623
AgeVaxH35.js:2221 732I i:ageGp:fam 421:3:-1 by red 740:5:-1 at gen919 Univ0 prob=0.566
AgeVaxH35.js:2221 734I i:ageGp:fam 35:0:-1 by blue 746:5:-1 at gen921 Univ0 prob=0.259
AgeVaxH35.js:2202 734I j:ageGp:fam 344:2:-1 by red 102:1:-1 at gen921 Univ0 prob=0.641
AgeVaxH35.js:2221 736I i:ageGp:fam 203:2:-1 by blue 925:7:-1 at gen926 Univ0 prob=0.932
AgeVaxH35.js:2202 736I j:ageGp:fam 878:6:-1 by blue 424:3:-1 at gen926 Univ0 prob=0.687
AgeVaxH35.js:2221 736I i:ageGp:fam 199:2:-1 by red 533:3:-1 at gen927 Univ0 prob=0.530
AgeVaxH35.js:2202 739I j:ageGp:fam 834:6:-1 by red 756:5:-1 at gen929 Univ0 prob=0.317
AgeVaxH35.js:2202 739I j:ageGp:fam 530:3:-1 by red 433:3:-1 at gen930 Univ0 prob=0.704
AgeVaxH35.js:2221 741I i:ageGp:fam 174:2:-1 by blue 830:6:-1 at gen934 Univ0 prob=0.656
AgeVaxH35.js:2221 741I i:ageGp:fam 242:2:-1 by red 533:3:-1 at gen934 Univ0 prob=0.817
AgeVaxH35.js:2221 741I i:ageGp:fam 775:5:-1 by red 884:6:-1 at gen934 Univ0 prob=0.325
AgeVaxH35.js:2221 741I i:ageGp:fam 405:3:-1 by blue 746:5:-1 at gen935 Univ0 prob=0.711
AgeVaxH35.js:2202 741I j:ageGp:fam 650:4:-1 by blue 425:3:-1 at gen935 Univ0 prob=0.675
AgeVaxH35.js:2202 746I j:ageGp:fam 667:4:-1 by blue 137:2:-1 at gen937 Univ0 prob=0.256
AgeVaxH35.js:2221 747I i:ageGp:fam 70:1:-1 by red 282:2:-1 at gen939 Univ0 prob=0.214
AgeVaxH35.js:2202 748I j:ageGp:fam 707:5:-1 by blue 3:0:-1 at gen941 Univ0 prob=0.534
AgeVaxH35.js:2202 748I j:ageGp:fam 809:5:-1 by blue 261:2:-1 at gen941 Univ0 prob=0.157
AgeVaxH35.js:2202 748I j:ageGp:fam 691:5:-1 by blue 46:1:-1 at gen942 Univ0 prob=0.291
AgeVaxH35.js:2221 750I i:ageGp:fam 331:2:-1 by red 971:8:-1 at gen943 Univ0 prob=0.585
AgeVaxH35.js:2221 752I i:ageGp:fam 315:2:-1 by red 600:4:-1 at gen946 Univ0 prob=0.684
AgeVaxH35.js:2221 753I i:ageGp:fam 139:2:-1 by red 463:3:-1 at gen953 Univ0 prob=0.161
AgeVaxH35.js:2202 754I j:ageGp:fam 811:5:-1 by red 121:1:-1 at gen956 Univ0 prob=0.135
AgeVaxH35.js:2221 755I i:ageGp:fam 93:1:-1 by red 282:2:-1 at gen958 Univ0 prob=0.867
AgeVaxH35.js:2202 756I j:ageGp:fam 614:4:-1 by red 121:1:-1 at gen961 Univ0 prob=0.309
AgeVaxH35.js:2221 757I i:ageGp:fam 365:3:-1 by blue 808:5:-1 at gen965 Univ0 prob=0.089
AgeVaxH35.js:2221 757I i:ageGp:fam 26:0:-1 by red 733:5:-1 at gen966 Univ0 prob=0.251
AgeVaxH35.js:2221 758I i:ageGp:fam 231:2:-1 by red 518:3:-1 at gen967 Univ0 prob=0.193
AgeVaxH35.js:2221 758I i:ageGp:fam 438:3:-1 by red 925:7:-1 at gen967 Univ0 prob=0.472
AgeVaxH35.js:2202 759I j:ageGp:fam 279:2:-1 by red 196:2:-1 at gen968 Univ0 prob=0.716
AgeVaxH35.js:2202 762I j:ageGp:fam 273:2:-1 by red 216:2:-1 at gen972 Univ0 prob=0.329
AgeVaxH35.js:2221 763I i:ageGp:fam 123:1:-1 by red 804:5:-1 at gen975 Univ0 prob=0.906
AgeVaxH35.js:2202 764I j:ageGp:fam 885:6:-1 by red 216:2:-1 at gen979 Univ0 prob=0.274
AgeVaxH35.js:2221 765I i:ageGp:fam 668:4:-1 by red 872:6:-1 at gen981 Univ0 prob=0.694
AgeVaxH35.js:2202 765I j:ageGp:fam 780:5:-1 by red 216:2:-1 at gen982 Univ0 prob=0.414
AgeVaxH35.js:2221 765I i:ageGp:fam 755:5:-1 by blue 958:8:-1 at gen982 Univ0 prob=0.847
AgeVaxH35.js:2221 766I i:ageGp:fam 9:0:-1 by red 76:1:-1 at gen983 Univ0 prob=0.762
AgeVaxH35.js:2221 768I i:ageGp:fam 59:1:-1 by red 726:5:-1 at gen984 Univ0 prob=0.864
AgeVaxH35.js:2221 770I i:ageGp:fam 322:2:-1 by red 612:4:-1 at gen988 Univ0 prob=0.537
AgeVaxH35.js:2221 771I i:ageGp:fam 776:5:-1 by red 807:5:-1 at gen990 Univ0 prob=0.903
AgeVaxH35.js:2202 772I j:ageGp:fam 855:6:-1 by red 246:2:-1 at gen992 Univ0 prob=0.139
AgeVaxH35.js:2202 773I j:ageGp:fam 410:3:-1 by blue 134:2:-1 at gen1001 Univ0 prob=0.524
AgeVaxH35.js:2202 774I j:ageGp:fam 480:3:-1 by red 120:1:-1 at gen1004 Univ0 prob=0.951
AgeVaxH35.js:2202 775I j:ageGp:fam 739:5:-1 by blue 203:2:-1 at gen1006 Univ0 prob=0.461
AgeVaxH35.js:2202 776I j:ageGp:fam 826:6:-1 by red 120:1:-1 at gen1009 Univ0 prob=0.711
AgeVaxH35.js:2221 776I i:ageGp:fam 245:2:-1 by red 914:7:-1 at gen1009 Univ0 prob=0.610
AgeVaxH35.js:2221 778I i:ageGp:fam 303:2:-1 by blue 328:2:-1 at gen1014 Univ0 prob=0.208
AgeVaxH35.js:2221 779I i:ageGp:fam 55:1:-1 by red 888:6:-1 at gen1017 Univ0 prob=0.901
AgeVaxH35.js:2221 779I i:ageGp:fam 537:3:-1 by red 658:4:-1 at gen1017 Univ0 prob=0.304
AgeVaxH35.js:2221 781I i:ageGp:fam 403:3:-1 by red 534:3:-1 at gen1019 Univ0 prob=0.007
AgeVaxH35.js:2202 782I j:ageGp:fam 750:5:-1 by blue 134:2:-1 at gen1022 Univ0 prob=0.178
AgeVaxH35.js:2221 783I i:ageGp:fam 386:3:-1 by red 808:5:-1 at gen1029 Univ0 prob=0.938
AgeVaxH35.js:2221 783I i:ageGp:fam 491:3:-1 by blue 834:6:-1 at gen1029 Univ0 prob=0.257
AgeVaxH35.js:2202 783I j:ageGp:fam 229:2:-1 by red 137:2:-1 at gen1030 Univ0 prob=0.244
AgeVaxH35.js:2202 786I j:ageGp:fam 745:5:-1 by blue 174:2:-1 at gen1038 Univ0 prob=0.617
AgeVaxH35.js:2202 787I j:ageGp:fam 501:3:-1 by yellow 491:3:-1 at gen1041 Univ0 prob=0.212
AgeVaxH35.js:2221 788I i:ageGp:fam 858:6:-1 by red 897:6:-1 at gen1043 Univ0 prob=0.797
AgeVaxH35.js:2202 789I j:ageGp:fam 637:4:-1 by blue 530:3:-1 at gen1051 Univ0 prob=0.344
AgeVaxH35.js:2221 790I i:ageGp:fam 81:1:-1 by red 232:2:-1 at gen1056 Univ0 prob=0.088
AgeVaxH35.js:2202 791I j:ageGp:fam 523:3:-1 by red 127:1:-1 at gen1058 Univ0 prob=0.346
AgeVaxH35.js:2221 792I i:ageGp:fam 179:2:-1 by blue 331:2:-1 at gen1060 Univ0 prob=0.281
AgeVaxH35.js:2221 793I i:ageGp:fam 299:2:-1 by red 846:6:-1 at gen1065 Univ0 prob=0.604
AgeVaxH35.js:2221 794I i:ageGp:fam 774:5:-1 by red 851:6:-1 at gen1075 Univ0 prob=0.653
AgeVaxH35.js:2202 795I j:ageGp:fam 817:5:-1 by blue 739:5:-1 at gen1082 Univ0 prob=0.845
AgeVaxH35.js:2202 796I j:ageGp:fam 921:7:-1 by red 400:3:-1 at gen1085 Univ0 prob=0.996
AgeVaxH35.js:2202 797I j:ageGp:fam 777:5:-1 by blue 386:3:-1 at gen1091 Univ0 prob=0.823
AgeVaxH35.js:2221 798I i:ageGp:fam 267:2:-1 by blue 322:2:-1 at gen1093 Univ0 prob=0.135
AgeVaxH35.js:2221 799I i:ageGp:fam 172:2:-1 by blue 826:6:-1 at gen1095 Univ0 prob=0.263
AgeVaxH35.js:2202 800I j:ageGp:fam 572:4:-1 by red 123:1:-1 at gen1105 Univ0 prob=0.600
AgeVaxH35.js:2221 801I i:ageGp:fam 575:4:-1 by red 691:5:-1 at gen1128 Univ0 prob=0.104
AgeVaxH35.js:2202 802I j:ageGp:fam 264:2:-1 by red 26:0:-1 at gen1131 Univ0 prob=0.829
AgeVaxH35.js:2202 802I j:ageGp:fam 763:5:-1 by red 123:1:-1 at gen1131 Univ0 prob=0.817
AgeVaxH35.js:2221 804I i:ageGp:fam 394:3:-1 by blue 750:5:-1 at gen1135 Univ0 prob=0.396
AgeVaxH35.js:2202 805I j:ageGp:fam 573:4:-1 by blue 81:1:-1 at gen1149 Univ0 prob=0.974
AgeVaxH35.js:2221 806I i:ageGp:fam 63:1:-1 by blue 81:1:-1 at gen1158 Univ0 prob=0.495
AgeVaxH35.js:2221 807I i:ageGp:fam 489:3:-1 by red 491:3:-1 at gen1167 Univ0 prob=0.159
AgeVaxH35.js:2221 808I i:ageGp:fam 482:3:-1 by red 858:6:-1 at gen1201 Univ0 prob=0.948
AgeVaxH35.js:2202 809I j:ageGp:fam 853:6:-1 by blue 267:2:-1 at gen1215 Univ0 prob=0.022
AgeVaxH35.js:2221 810I i:ageGp:fam 532:3:-1 by red 774:5:-1 at gen1223 Univ0 prob=0.770
AgeVaxH35.js:2202 811I j:ageGp:fam 356:2:-1 by red 172:2:-1 at gen1234 Univ0 prob=0.620
AgeVaxH35.js:2221 812I i:ageGp:fam 570:4:-1 by red 763:5:-1 at gen1255 Univ0 prob=0.218
AgeVaxH35.js:2202 813I j:ageGp:fam 852:6:-1 by red 264:2:-1 at gen1273 Univ0 prob=0.674
AgeVaxH35.js:2221 814I i:ageGp:fam 324:2:-1 by red 921:7:-1 at gen1276 Univ0 prob=0.551
AgeVaxH35.js:2202 814I j:ageGp:fam 747:5:-1 by blue 532:3:-1 at gen1276 Univ0 prob=0.325
AgeVaxH35.js:2202 816I j:ageGp:fam 479:3:-1 by red 394:3:-1 at gen1328 Univ0 prob=0.466
AgeVaxH35.js:2221 817I i:ageGp:fam 101:1:-1 by red 356:2:-1 at gen1406 Univ0 prob=0.044
AgeVaxH35.js:2202 818I j:ageGp:fam 626:4:-1 by red 324:2:-1 at gen1462 Univ0 prob=0.658
AgeVaxH35.js:2221 819I i:ageGp:fam 7:0:-1 by red 626:4:-1 at gen1618 Univ0 prob=0.518
AgeVaxH35.js:1696 New Hazard Radius = 3
