AgeVaxH35.js:871 Mon Jan 18 2021 19:24:53 GMT-0800 (Pacific Standard Time)
AgeVaxH35.js:872 CovidSIMVL Mode1 and Mod2 Hybrid 35d
AgeVaxH35.js:873 Mode 1 >13 and <36 is 75%
AgeVaxH35.js:874 Mode 2 >28 is 95%; >13 and <29 is 75%
AgeVaxH35.js:4370 exit covidSim
AgeVaxH35.js:23 getAsText File {name: "Popn1000.csv", lastModified: 1611021598000, lastModifiedDate: Mon Jan 18 2021 17:59:58 GMT-0800 (Pacific Standard Time), webkitRelativePath: "", size: 23944, …}
AgeVaxH35.js:32 File {name: "Popn1000.csv", lastModified: 1611021598000, lastModifiedDate: Mon Jan 18 2021 17:59:58 GMT-0800 (Pacific Standard Time), webkitRelativePath: "", size: 23944, …}
AgeVaxH35.js:23 getAsText File {name: "VL1ageGp2.csv", lastModified: 1611004274000, lastModifiedDate: Mon Jan 18 2021 13:11:14 GMT-0800 (Pacific Standard Time), webkitRelativePath: "", size: 65, …}
AgeVaxH35.js:32 File {name: "VL1ageGp2.csv", lastModified: 1611004274000, lastModifiedDate: Mon Jan 18 2021 13:11:14 GMT-0800 (Pacific Standard Time), webkitRelativePath: "", size: 65, …}
AgeVaxH35.js:1696 New Hazard Radius = 2
AgeVaxH35.js:1718 Age Group 9,100 1st shot; 2nd auto in 35days
AgeVaxH35.js:1724 AgeGp =9 To be vaccinated=100%
AgeVaxH35.js:1736 (1000) [0, 1, 2, 3, 4, 5, 6, 7, 8, 9, 10, 11, 12, 13, 14, 15, 16, 17, 18, 19, 20, 21, 22, 23, 24, 25, 26, 27, 28, 29, 30, 31, 32, 33, 34, 35, 36, 37, 38, 39, 40, 41, 42, 43, 44, 45, 46, 47, 48, 49, 50, 51, 52, 53, 54, 55, 56, 57, 58, 59, 60, 61, 62, 63, 64, 65, 66, 67, 68, 69, 70, 71, 72, 73, 74, 75, 76, 77, 78, 79, 80, 81, 82, 83, 84, 85, 86, 87, 88, 89, 90, 91, 92, 93, 94, 95, 96, 97, 98, 99, …]
AgeVaxH35.js:1751 ageGp9 count: 18 List: 982,983,984,985,986,987,988,989,990,991,992,993,994,995,996,997,998,999
AgeVaxH35.js:1779 Vaccination list = 18
AgeVaxH35.js:1793 AgeGp9 vaccinated 18 List: 984,992,991,987,986,998,997,996,990,985,982,983,993,988,989,999,994,995
AgeVaxH35.js:1718 Age Group 8,100 1st shot; 2nd auto in 35days
AgeVaxH35.js:1724 AgeGp =8 To be vaccinated=100%
AgeVaxH35.js:1736 (1000) [0, 1, 2, 3, 4, 5, 6, 7, 8, 9, 10, 11, 12, 13, 14, 15, 16, 17, 18, 19, 20, 21, 22, 23, 24, 25, 26, 27, 28, 29, 30, 31, 32, 33, 34, 35, 36, 37, 38, 39, 40, 41, 42, 43, 44, 45, 46, 47, 48, 49, 50, 51, 52, 53, 54, 55, 56, 57, 58, 59, 60, 61, 62, 63, 64, 65, 66, 67, 68, 69, 70, 71, 72, 73, 74, 75, 76, 77, 78, 79, 80, 81, 82, 83, 84, 85, 86, 87, 88, 89, 90, 91, 92, 93, 94, 95, 96, 97, 98, 99, …]
AgeVaxH35.js:1751 ageGp8 count: 33 List: 949,950,951,952,953,954,955,956,957,958,959,960,961,962,963,964,965,966,967,968,969,970,971,972,973,974,975,976,977,978,979,980,981
AgeVaxH35.js:1779 Vaccination list = 33
AgeVaxH35.js:1793 AgeGp8 vaccinated 33 List: 967,972,953,961,969,955,949,981,950,976,971,963,958,952,977,964,965,957,979,960,974,959,956,966,973,962,970,951,954,978,975,980,968
AgeVaxH35.js:1718 Age Group 7,80 1st shot; 2nd auto in 35days
AgeVaxH35.js:1724 AgeGp =7 To be vaccinated=80%
AgeVaxH35.js:1736 (1000) [0, 1, 2, 3, 4, 5, 6, 7, 8, 9, 10, 11, 12, 13, 14, 15, 16, 17, 18, 19, 20, 21, 22, 23, 24, 25, 26, 27, 28, 29, 30, 31, 32, 33, 34, 35, 36, 37, 38, 39, 40, 41, 42, 43, 44, 45, 46, 47, 48, 49, 50, 51, 52, 53, 54, 55, 56, 57, 58, 59, 60, 61, 62, 63, 64, 65, 66, 67, 68, 69, 70, 71, 72, 73, 74, 75, 76, 77, 78, 79, 80, 81, 82, 83, 84, 85, 86, 87, 88, 89, 90, 91, 92, 93, 94, 95, 96, 97, 98, 99, …]
AgeVaxH35.js:1751 ageGp7 count: 47 List: 902,903,904,905,906,907,908,909,910,911,912,913,914,915,916,917,918,919,920,921,922,923,924,925,926,927,928,929,930,931,932,933,934,935,936,937,938,939,940,941,942,943,944,945,946,947,948
AgeVaxH35.js:1779 Vaccination list = 37
AgeVaxH35.js:1793 AgeGp7 vaccinated 37 List: 914,925,934,938,916,932,920,904,919,933,931,909,903,928,935,913,917,922,942,947,943,927,902,915,918,906,905,939,941,923,929,911,936,912,940,910,948
AgeVaxH35.js:2220 1I i:ageGp:fam 144:2:-1 by blue 150:2:-1 at gen5 Univ0 prob=0.201
AgeVaxH35.js:2201 2I j:ageGp:fam 634:4:-1 by blue 150:2:-1 at gen17 Univ0 prob=0.858
AgeVaxH35.js:2201 3I j:ageGp:fam 452:3:-1 by blue 144:2:-1 at gen57 Univ0 prob=0.580
AgeVaxH35.js:2201 4I j:ageGp:fam 954:8:-1 by blue 144:2:-1 at gen61 Univ0 prob=0.627
AgeVaxH35.js:2201 5I j:ageGp:fam 765:5:-1 by red 150:2:-1 at gen63 Univ0 prob=0.844
AgeVaxH35.js:2201 6I j:ageGp:fam 553:4:-1 by red 150:2:-1 at gen78 Univ0 prob=0.341
AgeVaxH35.js:2201 7I j:ageGp:fam 168:2:-1 by red 150:2:-1 at gen86 Univ0 prob=0.341
AgeVaxH35.js:2220 8I i:ageGp:fam 525:3:-1 by blue 634:4:-1 at gen90 Univ0 prob=0.580
AgeVaxH35.js:2201 9I j:ageGp:fam 784:5:-1 by red 150:2:-1 at gen93 Univ0 prob=0.844
AgeVaxH35.js:2201 10I j:ageGp:fam 476:3:-1 by red 150:2:-1 at gen101 Univ0 prob=0.653
AgeVaxH35.js:2201 11I j:ageGp:fam 511:3:-1 by red 150:2:-1 at gen117 Univ0 prob=0.553
AgeVaxH35.js:2220 12I i:ageGp:fam 293:2:-1 by blue 452:3:-1 at gen119 Univ0 prob=0.445
AgeVaxH35.js:2220 12I i:ageGp:fam 375:3:-1 by blue 765:5:-1 at gen119 Univ0 prob=0.811
AgeVaxH35.js:2201 14I j:ageGp:fam 306:2:-1 by red 150:2:-1 at gen122 Univ0 prob=0.486
AgeVaxH35.js:2201 15I j:ageGp:fam 763:5:-1 by blue 452:3:-1 at gen129 Univ0 prob=0.998
AgeVaxH35.js:2220 16I i:ageGp:fam 332:2:-1 by blue 452:3:-1 at gen134 Univ0 prob=0.703
AgeVaxH35.js:2220 16I i:ageGp:fam 952:8:-1 by blue 954:8:-1 at gen134 Univ0 prob=0.080
AgeVaxH35.js:2201 18I j:ageGp:fam 468:3:-1 by red 144:2:-1 at gen136 Univ0 prob=0.185
AgeVaxH35.js:2220 19I i:ageGp:fam 450:3:-1 by blue 634:4:-1 at gen140 Univ0 prob=0.169
AgeVaxH35.js:2201 20I j:ageGp:fam 938:7:-1 by blue 765:5:-1 at gen148 Univ0 prob=0.885
AgeVaxH35.js:2201 21I j:ageGp:fam 746:5:-1 by blue 553:4:-1 at gen150 Univ0 prob=0.458
AgeVaxH35.js:2201 22I j:ageGp:fam 636:4:-1 by blue 553:4:-1 at gen157 Univ0 prob=0.604
AgeVaxH35.js:2201 23I j:ageGp:fam 605:4:-1 by blue 525:3:-1 at gen163 Univ0 prob=0.612
AgeVaxH35.js:2220 23I i:ageGp:fam 250:2:-1 by blue 553:4:-1 at gen164 Univ0 prob=0.124
AgeVaxH35.js:2220 25I i:ageGp:fam 311:2:-1 by blue 525:3:-1 at gen167 Univ0 prob=0.587
AgeVaxH35.js:2220 26I i:ageGp:fam 164:2:-1 by blue 784:5:-1 at gen173 Univ0 prob=0.558
AgeVaxH35.js:2201 27I j:ageGp:fam 732:5:-1 by blue 476:3:-1 at gen176 Univ0 prob=0.395
AgeVaxH35.js:2201 27I j:ageGp:fam 215:2:-1 by red 144:2:-1 at gen177 Univ0 prob=0.922
AgeVaxH35.js:2201 28I j:ageGp:fam 992:9:-1 by red 634:4:-1 at gen178 Univ0 prob=0.065
AgeVaxH35.js:2201 30I j:ageGp:fam 957:8:-1 by red 144:2:-1 at gen180 Univ0 prob=0.313
AgeVaxH35.js:2220 30I i:ageGp:fam 390:3:-1 by red 452:3:-1 at gen180 Univ0 prob=0.214
AgeVaxH35.js:2220 32I i:ageGp:fam 209:2:-1 by red 634:4:-1 at gen182 Univ0 prob=0.155
AgeVaxH35.js:2220 33I i:ageGp:fam 334:2:-1 by red 765:5:-1 at gen184 Univ0 prob=0.760
AgeVaxH35.js:2220 33I i:ageGp:fam 678:4:-1 by blue 784:5:-1 at gen184 Univ0 prob=0.950
AgeVaxH35.js:2220 33I i:ageGp:fam 494:3:-1 by blue 952:8:-1 at gen185 Univ0 prob=0.357
AgeVaxH35.js:2220 36I i:ageGp:fam 337:2:-1 by blue 525:3:-1 at gen188 Univ0 prob=0.153
AgeVaxH35.js:2220 37I i:ageGp:fam 521:3:-1 by red 634:4:-1 at gen192 Univ0 prob=0.769
AgeVaxH35.js:2201 38I j:ageGp:fam 470:3:-1 by red 144:2:-1 at gen194 Univ0 prob=0.596
AgeVaxH35.js:2220 39I i:ageGp:fam 1:0:-1 by red 634:4:-1 at gen196 Univ0 prob=0.787
AgeVaxH35.js:2201 40I j:ageGp:fam 702:5:-1 by red 553:4:-1 at gen199 Univ0 prob=0.983
AgeVaxH35.js:2220 40I i:ageGp:fam 619:4:-1 by red 765:5:-1 at gen199 Univ0 prob=0.561
AgeVaxH35.js:2220 42I i:ageGp:fam 177:2:-1 by blue 306:2:-1 at gen202 Univ0 prob=0.238
AgeVaxH35.js:2220 42I i:ageGp:fam 423:3:-1 by red 634:4:-1 at gen202 Univ0 prob=0.649
AgeVaxH35.js:2201 44I j:ageGp:fam 385:3:-1 by red 150:2:-1 at gen206 Univ0 prob=0.680
AgeVaxH35.js:2201 45I j:ageGp:fam 769:5:-1 by blue 306:2:-1 at gen213 Univ0 prob=0.296
AgeVaxH35.js:2201 46I j:ageGp:fam 519:3:-1 by blue 476:3:-1 at gen217 Univ0 prob=0.206
AgeVaxH35.js:2220 46I i:ageGp:fam 218:2:-1 by blue 375:3:-1 at gen218 Univ0 prob=0.971
AgeVaxH35.js:2220 48I i:ageGp:fam 85:1:-1 by red 954:8:-1 at gen221 Univ0 prob=0.362
AgeVaxH35.js:2201 48I j:ageGp:fam 695:5:-1 by red 525:3:-1 at gen222 Univ0 prob=0.471
AgeVaxH35.js:2220 50I i:ageGp:fam 744:5:-1 by red 765:5:-1 at gen224 Univ0 prob=0.492
AgeVaxH35.js:2201 50I j:ageGp:fam 981:8:-1 by blue 763:5:-1 at gen224 Univ0 prob=0.276
AgeVaxH35.js:2201 52I j:ageGp:fam 322:2:-1 by blue 164:2:-1 at gen226 Univ0 prob=0.535
AgeVaxH35.js:2220 52I i:ageGp:fam 341:2:-1 by blue 511:3:-1 at gen226 Univ0 prob=0.224
AgeVaxH35.js:2201 52I j:ageGp:fam 933:7:-1 by yellow 215:2:-1 at gen227 Univ0 prob=0.702
AgeVaxH35.js:2201 52I j:ageGp:fam 788:5:-1 by blue 306:2:-1 at gen227 Univ0 prob=0.137
AgeVaxH35.js:2220 54I i:ageGp:fam 472:3:-1 by red 765:5:-1 at gen228 Univ0 prob=0.785
AgeVaxH35.js:2201 57I j:ageGp:fam 871:6:-1 by blue 215:2:-1 at gen230 Univ0 prob=0.129
AgeVaxH35.js:2220 57I i:ageGp:fam 252:2:-1 by yellow 390:3:-1 at gen230 Univ0 prob=0.042
AgeVaxH35.js:2201 57I j:ageGp:fam 804:5:-1 by yellow 341:2:-1 at gen231 Univ0 prob=0.362
AgeVaxH35.js:2220 57I i:ageGp:fam 709:5:-1 by blue 746:5:-1 at gen231 Univ0 prob=0.543
AgeVaxH35.js:2220 59I i:ageGp:fam 202:2:-1 by blue 209:2:-1 at gen232 Univ0 prob=0.746
AgeVaxH35.js:2201 61I j:ageGp:fam 928:7:-1 by red 765:5:-1 at gen233 Univ0 prob=0.233
AgeVaxH35.js:2220 63I i:ageGp:fam 222:2:-1 by red 954:8:-1 at gen235 Univ0 prob=0.724
AgeVaxH35.js:2201 63I j:ageGp:fam 637:4:-1 by blue 494:3:-1 at gen235 Univ0 prob=0.374
AgeVaxH35.js:2220 63I i:ageGp:fam 395:3:-1 by blue 763:5:-1 at gen236 Univ0 prob=0.243
AgeVaxH35.js:2220 65I i:ageGp:fam 128:1:-1 by blue 250:2:-1 at gen237 Univ0 prob=0.873
AgeVaxH35.js:2201 65I j:ageGp:fam 603:4:-1 by blue 215:2:-1 at gen237 Univ0 prob=0.476
AgeVaxH35.js:2201 68I j:ageGp:fam 799:5:-1 by red 553:4:-1 at gen239 Univ0 prob=0.433
AgeVaxH35.js:2220 68I i:ageGp:fam 320:2:-1 by blue 952:8:-1 at gen240 Univ0 prob=0.208
AgeVaxH35.js:2220 70I i:ageGp:fam 14:0:-1 by red 144:2:-1 at gen248 Univ0 prob=0.691
AgeVaxH35.js:2220 70I i:ageGp:fam 484:3:-1 by red 553:4:-1 at gen248 Univ0 prob=0.439
AgeVaxH35.js:2220 70I i:ageGp:fam 617:4:-1 by red 765:5:-1 at gen248 Univ0 prob=0.401
AgeVaxH35.js:2201 73I j:ageGp:fam 786:5:-1 by red 634:4:-1 at gen250 Univ0 prob=0.202
AgeVaxH35.js:2201 74I j:ageGp:fam 284:2:-1 by red 144:2:-1 at gen253 Univ0 prob=0.993
AgeVaxH35.js:2201 74I j:ageGp:fam 392:3:-1 by red 332:2:-1 at gen253 Univ0 prob=0.988
AgeVaxH35.js:2220 74I i:ageGp:fam 439:3:-1 by blue 746:5:-1 at gen253 Univ0 prob=0.120
AgeVaxH35.js:2201 77I j:ageGp:fam 791:5:-1 by blue 636:4:-1 at gen255 Univ0 prob=0.966
AgeVaxH35.js:2220 78I i:ageGp:fam 81:1:-1 by blue 494:3:-1 at gen257 Univ0 prob=0.581
AgeVaxH35.js:2201 79I j:ageGp:fam 962:8:-1 by red 525:3:-1 at gen259 Univ0 prob=0.806
AgeVaxH35.js:2201 79I j:ageGp:fam 604:4:-1 by red 511:3:-1 at gen260 Univ0 prob=0.110
AgeVaxH35.js:2220 81I i:ageGp:fam 424:3:-1 by blue 702:5:-1 at gen267 Univ0 prob=0.159
AgeVaxH35.js:2201 81I j:ageGp:fam 731:5:-1 by blue 521:3:-1 at gen268 Univ0 prob=0.211
AgeVaxH35.js:2220 81I i:ageGp:fam 710:5:-1 by blue 732:5:-1 at gen268 Univ0 prob=0.264
AgeVaxH35.js:2201 84I j:ageGp:fam 253:2:-1 by blue 215:2:-1 at gen270 Univ0 prob=0.055
AgeVaxH35.js:2201 84I j:ageGp:fam 175:2:-1 by blue 1:0:-1 at gen271 Univ0 prob=0.145
AgeVaxH35.js:2201 84I j:ageGp:fam 571:4:-1 by yellow 253:2:-1 at gen271 Univ0 prob=0.212
AgeVaxH35.js:2201 85I j:ageGp:fam 836:6:-1 by yellow 253:2:-1 at gen272 Univ0 prob=0.333
AgeVaxH35.js:2220 88I i:ageGp:fam 408:3:-1 by blue 619:4:-1 at gen276 Univ0 prob=0.370
AgeVaxH35.js:2220 88I i:ageGp:fam 94:1:-1 by yellow 933:7:-1 at gen277 Univ0 prob=0.812
AgeVaxH35.js:2201 89I j:ageGp:fam 643:4:-1 by blue 619:4:-1 at gen278 Univ0 prob=0.272
AgeVaxH35.js:2220 91I i:ageGp:fam 600:4:-1 by blue 619:4:-1 at gen280 Univ0 prob=0.134
AgeVaxH35.js:2220 92I i:ageGp:fam 552:4:-1 by red 763:5:-1 at gen285 Univ0 prob=0.905
AgeVaxH35.js:2220 92I i:ageGp:fam 748:5:-1 by red 763:5:-1 at gen285 Univ0 prob=0.346
AgeVaxH35.js:2201 92I j:ageGp:fam 987:9:-1 by blue 788:5:-1 at gen286 Univ0 prob=0.061
AgeVaxH35.js:2220 95I i:ageGp:fam 146:2:-1 by red 250:2:-1 at gen288 Univ0 prob=0.129
AgeVaxH35.js:2201 96I j:ageGp:fam 563:4:-1 by red 553:4:-1 at gen290 Univ0 prob=0.696
AgeVaxH35.js:2201 96I j:ageGp:fam 792:5:-1 by blue 744:5:-1 at gen290 Univ0 prob=0.459
AgeVaxH35.js:2220 96I i:ageGp:fam 520:3:-1 by yellow 552:4:-1 at gen291 Univ0 prob=0.160
AgeVaxH35.js:2201 98I j:ageGp:fam 186:2:-1 by red 168:2:-1 at gen292 Univ0 prob=0.984
AgeVaxH35.js:2220 99I i:ageGp:fam 607:4:-1 by red 952:8:-1 at gen293 Univ0 prob=0.005
AgeVaxH35.js:2201 101I j:ageGp:fam 310:2:-1 by blue 215:2:-1 at gen295 Univ0 prob=0.526
AgeVaxH35.js:2201 101I j:ageGp:fam 495:3:-1 by yellow 484:3:-1 at gen296 Univ0 prob=0.139
AgeVaxH35.js:2220 102I i:ageGp:fam 155:2:-1 by blue 981:8:-1 at gen297 Univ0 prob=0.041
AgeVaxH35.js:2201 103I j:ageGp:fam 959:8:-1 by blue 334:2:-1 at gen298 Univ0 prob=0.307
AgeVaxH35.js:2220 104I i:ageGp:fam 231:2:-1 by blue 981:8:-1 at gen299 Univ0 prob=0.426
AgeVaxH35.js:2220 104I i:ageGp:fam 573:4:-1 by blue 619:4:-1 at gen299 Univ0 prob=0.768
AgeVaxH35.js:2220 105I i:ageGp:fam 275:2:-1 by blue 619:4:-1 at gen300 Univ0 prob=0.986
AgeVaxH35.js:2220 107I i:ageGp:fam 172:2:-1 by blue 337:2:-1 at gen301 Univ0 prob=0.656
AgeVaxH35.js:2201 108I j:ageGp:fam 267:2:-1 by red 164:2:-1 at gen302 Univ0 prob=0.224
AgeVaxH35.js:2201 108I j:ageGp:fam 824:6:-1 by red 164:2:-1 at gen302 Univ0 prob=0.191
AgeVaxH35.js:2220 109I i:ageGp:fam 477:3:-1 by yellow 791:5:-1 at gen303 Univ0 prob=0.238
AgeVaxH35.js:2201 111I j:ageGp:fam 882:6:-1 by red 332:2:-1 at gen304 Univ0 prob=0.087
AgeVaxH35.js:2201 113I j:ageGp:fam 436:3:-1 by red 337:2:-1 at gen308 Univ0 prob=0.486
AgeVaxH35.js:2220 113I i:ageGp:fam 299:2:-1 by blue 603:4:-1 at gen309 Univ0 prob=0.084
AgeVaxH35.js:2220 115I i:ageGp:fam 35:0:-1 by blue 472:3:-1 at gen311 Univ0 prob=0.477
AgeVaxH35.js:2220 115I i:ageGp:fam 145:2:-1 by red 337:2:-1 at gen311 Univ0 prob=0.253
AgeVaxH35.js:2201 117I j:ageGp:fam 513:3:-1 by blue 128:1:-1 at gen313 Univ0 prob=0.319
AgeVaxH35.js:2201 118I j:ageGp:fam 139:2:-1 by blue 128:1:-1 at gen315 Univ0 prob=0.557
AgeVaxH35.js:2201 118I j:ageGp:fam 889:6:-1 by blue 322:2:-1 at gen315 Univ0 prob=0.051
AgeVaxH35.js:2220 118I i:ageGp:fam 283:2:-1 by red 337:2:-1 at gen316 Univ0 prob=0.811
AgeVaxH35.js:2201 118I j:ageGp:fam 829:6:-1 by red 765:5:-1 at gen316 Univ0 prob=0.859
AgeVaxH35.js:2220 120I i:ageGp:fam 36:0:-1 by red 337:2:-1 at gen317 Univ0 prob=0.886
AgeVaxH35.js:2201 120I j:ageGp:fam 431:3:-1 by blue 320:2:-1 at gen317 Univ0 prob=0.297
AgeVaxH35.js:2220 124I i:ageGp:fam 88:1:-1 by red 553:4:-1 at gen319 Univ0 prob=0.890
AgeVaxH35.js:2201 124I j:ageGp:fam 976:8:-1 by blue 322:2:-1 at gen319 Univ0 prob=0.907
AgeVaxH35.js:2201 126I j:ageGp:fam 870:6:-1 by yellow 36:0:-1 at gen322 Univ0 prob=0.339
AgeVaxH35.js:2220 126I i:ageGp:fam 236:2:-1 by yellow 275:2:-1 at gen323 Univ0 prob=0.966
AgeVaxH35.js:2220 126I i:ageGp:fam 694:5:-1 by red 746:5:-1 at gen323 Univ0 prob=0.765
AgeVaxH35.js:2220 127I i:ageGp:fam 206:2:-1 by red 765:5:-1 at gen324 Univ0 prob=0.787
AgeVaxH35.js:2201 130I j:ageGp:fam 549:4:-1 by red 1:0:-1 at gen327 Univ0 prob=0.363
AgeVaxH35.js:2220 130I i:ageGp:fam 135:2:-1 by blue 786:5:-1 at gen327 Univ0 prob=0.160
AgeVaxH35.js:2220 132I i:ageGp:fam 129:1:-1 by yellow 172:2:-1 at gen329 Univ0 prob=0.747
AgeVaxH35.js:2201 132I j:ageGp:fam 548:4:-1 by red 390:3:-1 at gen330 Univ0 prob=0.409
AgeVaxH35.js:2201 133I j:ageGp:fam 444:3:-1 by red 337:2:-1 at gen331 Univ0 prob=0.146
AgeVaxH35.js:2220 133I i:ageGp:fam 401:3:-1 by red 553:4:-1 at gen331 Univ0 prob=0.099
AgeVaxH35.js:2220 136I i:ageGp:fam 228:2:-1 by red 476:3:-1 at gen334 Univ0 prob=0.451
AgeVaxH35.js:2201 136I j:ageGp:fam 566:4:-1 by yellow 228:2:-1 at gen335 Univ0 prob=0.260
AgeVaxH35.js:2201 136I j:ageGp:fam 956:8:-1 by yellow 228:2:-1 at gen335 Univ0 prob=0.028
AgeVaxH35.js:2201 137I j:ageGp:fam 391:3:-1 by yellow 146:2:-1 at gen336 Univ0 prob=0.802
AgeVaxH35.js:2220 137I i:ageGp:fam 266:2:-1 by blue 600:4:-1 at gen336 Univ0 prob=0.843
AgeVaxH35.js:2220 139I i:ageGp:fam 362:3:-1 by blue 604:4:-1 at gen337 Univ0 prob=0.454
AgeVaxH35.js:2220 142I i:ageGp:fam 24:0:-1 by red 385:3:-1 at gen341 Univ0 prob=0.702
AgeVaxH35.js:2220 143I i:ageGp:fam 285:2:-1 by blue 424:3:-1 at gen343 Univ0 prob=0.014
AgeVaxH35.js:2220 143I i:ageGp:fam 462:3:-1 by blue 617:4:-1 at gen343 Univ0 prob=0.290
AgeVaxH35.js:2220 143I i:ageGp:fam 479:3:-1 by yellow 495:3:-1 at gen344 Univ0 prob=0.999
AgeVaxH35.js:2220 145I i:ageGp:fam 57:1:-1 by red 85:1:-1 at gen345 Univ0 prob=0.200
AgeVaxH35.js:2220 145I i:ageGp:fam 57:1:-1 by blue 252:2:-1 at gen345 Univ0 prob=0.513
AgeVaxH35.js:2220 147I i:ageGp:fam 399:3:-1 by blue 731:5:-1 at gen347 Univ0 prob=0.873
AgeVaxH35.js:2201 147I j:ageGp:fam 421:3:-1 by blue 310:2:-1 at gen348 Univ0 prob=0.042
AgeVaxH35.js:2220 147I i:ageGp:fam 319:2:-1 by red 385:3:-1 at gen348 Univ0 prob=0.132
AgeVaxH35.js:2201 148I j:ageGp:fam 398:3:-1 by red 337:2:-1 at gen349 Univ0 prob=0.718
AgeVaxH35.js:2201 148I j:ageGp:fam 675:4:-1 by red 553:4:-1 at gen349 Univ0 prob=0.375
AgeVaxH35.js:2201 148I j:ageGp:fam 781:5:-1 by blue 604:4:-1 at gen349 Univ0 prob=0.899
AgeVaxH35.js:2201 150I j:ageGp:fam 812:5:-1 by yellow 36:0:-1 at gen350 Univ0 prob=0.950
AgeVaxH35.js:2201 150I j:ageGp:fam 656:4:-1 by blue 604:4:-1 at gen350 Univ0 prob=0.564
AgeVaxH35.js:2201 153I j:ageGp:fam 690:5:-1 by blue 94:1:-1 at gen351 Univ0 prob=0.807
AgeVaxH35.js:2201 153I j:ageGp:fam 877:6:-1 by blue 284:2:-1 at gen351 Univ0 prob=0.089
AgeVaxH35.js:2201 157I j:ageGp:fam 523:3:-1 by red 164:2:-1 at gen353 Univ0 prob=0.916
AgeVaxH35.js:2201 157I j:ageGp:fam 270:2:-1 by red 168:2:-1 at gen353 Univ0 prob=0.500
AgeVaxH35.js:2220 157I i:ageGp:fam 346:2:-1 by blue 731:5:-1 at gen353 Univ0 prob=0.650
AgeVaxH35.js:2201 160I j:ageGp:fam 720:5:-1 by blue 128:1:-1 at gen355 Univ0 prob=0.580
AgeVaxH35.js:2220 160I i:ageGp:fam 277:2:-1 by red 553:4:-1 at gen355 Univ0 prob=0.192
AgeVaxH35.js:2220 160I i:ageGp:fam 377:3:-1 by red 470:3:-1 at gen355 Univ0 prob=0.580
AgeVaxH35.js:2201 163I j:ageGp:fam 764:5:-1 by blue 392:3:-1 at gen357 Univ0 prob=0.125
AgeVaxH35.js:2201 163I j:ageGp:fam 873:6:-1 by blue 484:3:-1 at gen358 Univ0 prob=0.472
AgeVaxH35.js:2220 164I i:ageGp:fam 68:1:-1 by blue 267:2:-1 at gen359 Univ0 prob=0.158
AgeVaxH35.js:2201 165I j:ageGp:fam 679:4:-1 by blue 35:0:-1 at gen360 Univ0 prob=0.791
AgeVaxH35.js:2220 165I i:ageGp:fam 465:3:-1 by blue 607:4:-1 at gen360 Univ0 prob=0.749
AgeVaxH35.js:2201 165I j:ageGp:fam 978:8:-1 by blue 520:3:-1 at gen360 Univ0 prob=0.966
AgeVaxH35.js:2220 166I i:ageGp:fam 303:2:-1 by red 385:3:-1 at gen361 Univ0 prob=0.573
AgeVaxH35.js:2201 166I j:ageGp:fam 560:4:-1 by blue 408:3:-1 at gen361 Univ0 prob=0.299
AgeVaxH35.js:2201 166I j:ageGp:fam 802:5:-1 by blue 617:4:-1 at gen361 Univ0 prob=0.035
AgeVaxH35.js:2201 172I j:ageGp:fam 780:5:-1 by blue 35:0:-1 at gen363 Univ0 prob=0.819
AgeVaxH35.js:2220 172I i:ageGp:fam 69:1:-1 by red 928:7:-1 at gen363 Univ0 prob=0.207
AgeVaxH35.js:2220 172I i:ageGp:fam 75:1:-1 by blue 439:3:-1 at gen363 Univ0 prob=0.373
AgeVaxH35.js:2220 172I i:ageGp:fam 170:2:-1 by red 553:4:-1 at gen363 Univ0 prob=0.340
AgeVaxH35.js:2201 172I j:ageGp:fam 528:3:-1 by blue 408:3:-1 at gen363 Univ0 prob=0.995
AgeVaxH35.js:2201 172I j:ageGp:fam 655:4:-1 by blue 643:4:-1 at gen363 Univ0 prob=0.211
AgeVaxH35.js:2201 172I j:ageGp:fam 338:2:-1 by red 1:0:-1 at gen364 Univ0 prob=0.495
AgeVaxH35.js:2220 178I i:ageGp:fam 134:2:-1 by red 799:5:-1 at gen365 Univ0 prob=0.264
AgeVaxH35.js:2201 178I j:ageGp:fam 527:3:-1 by red 472:3:-1 at gen365 Univ0 prob=0.369
AgeVaxH35.js:2201 179I j:ageGp:fam 891:6:-1 by blue 186:2:-1 at gen366 Univ0 prob=0.892
AgeVaxH35.js:2220 181I i:ageGp:fam 447:3:-1 by blue 643:4:-1 at gen367 Univ0 prob=0.490
AgeVaxH35.js:2220 182I i:ageGp:fam 482:3:-1 by red 928:7:-1 at gen368 Univ0 prob=0.155
AgeVaxH35.js:2201 184I j:ageGp:fam 947:7:-1 by red 732:5:-1 at gen371 Univ0 prob=0.754
AgeVaxH35.js:2220 184I i:ageGp:fam 58:1:-1 by blue 573:4:-1 at gen372 Univ0 prob=0.332
AgeVaxH35.js:2201 184I j:ageGp:fam 696:5:-1 by red 128:1:-1 at gen372 Univ0 prob=0.364
AgeVaxH35.js:2201 185I j:ageGp:fam 554:4:-1 by blue 146:2:-1 at gen373 Univ0 prob=0.805
AgeVaxH35.js:2201 185I j:ageGp:fam 613:4:-1 by blue 436:3:-1 at gen373 Univ0 prob=0.727
AgeVaxH35.js:2201 185I j:ageGp:fam 974:8:-1 by red 732:5:-1 at gen373 Univ0 prob=0.921
AgeVaxH35.js:2220 187I i:ageGp:fam 3:0:-1 by red 322:2:-1 at gen374 Univ0 prob=0.824
AgeVaxH35.js:2220 187I i:ageGp:fam 10:0:-1 by blue 731:5:-1 at gen374 Univ0 prob=0.545
AgeVaxH35.js:2201 187I j:ageGp:fam 373:3:-1 by blue 275:2:-1 at gen374 Univ0 prob=0.389
AgeVaxH35.js:2220 190I i:ageGp:fam 248:2:-1 by blue 513:3:-1 at gen375 Univ0 prob=0.180
AgeVaxH35.js:2201 193I j:ageGp:fam 774:5:-1 by blue 310:2:-1 at gen376 Univ0 prob=0.304
AgeVaxH35.js:2220 195I i:ageGp:fam 49:1:-1 by blue 513:3:-1 at gen378 Univ0 prob=0.516
AgeVaxH35.js:2201 195I j:ageGp:fam 481:3:-1 by red 385:3:-1 at gen378 Univ0 prob=0.020
AgeVaxH35.js:2201 195I j:ageGp:fam 42:1:-1 by red 1:0:-1 at gen379 Univ0 prob=0.425
AgeVaxH35.js:2201 197I j:ageGp:fam 754:5:-1 by yellow 447:3:-1 at gen380 Univ0 prob=0.654
AgeVaxH35.js:2220 197I i:ageGp:fam 816:5:-1 by red 957:8:-1 at gen380 Univ0 prob=0.639
AgeVaxH35.js:2220 198I i:ageGp:fam 190:2:-1 by blue 694:5:-1 at gen381 Univ0 prob=0.151
AgeVaxH35.js:2201 200I j:ageGp:fam 282:2:-1 by blue 146:2:-1 at gen382 Univ0 prob=0.270
AgeVaxH35.js:2201 202I j:ageGp:fam 866:6:-1 by blue 146:2:-1 at gen384 Univ0 prob=0.814
AgeVaxH35.js:2201 202I j:ageGp:fam 526:3:-1 by blue 35:0:-1 at gen385 Univ0 prob=0.168
AgeVaxH35.js:2220 203I i:ageGp:fam 587:4:-1 by red 933:7:-1 at gen386 Univ0 prob=0.495
AgeVaxH35.js:2220 205I i:ageGp:fam 25:0:-1 by red 484:3:-1 at gen388 Univ0 prob=0.391
AgeVaxH35.js:2201 205I j:ageGp:fam 834:6:-1 by blue 36:0:-1 at gen388 Univ0 prob=0.621
AgeVaxH35.js:2201 205I j:ageGp:fam 540:3:-1 by blue 35:0:-1 at gen389 Univ0 prob=0.665
AgeVaxH35.js:2201 208I j:ageGp:fam 683:4:-1 by blue 563:4:-1 at gen391 Univ0 prob=0.495
AgeVaxH35.js:2220 208I i:ageGp:fam 238:2:-1 by blue 462:3:-1 at gen392 Univ0 prob=0.244
AgeVaxH35.js:2201 208I j:ageGp:fam 628:4:-1 by red 284:2:-1 at gen392 Univ0 prob=0.589
AgeVaxH35.js:2201 209I j:ageGp:fam 851:6:-1 by blue 36:0:-1 at gen393 Univ0 prob=0.841
AgeVaxH35.js:2201 209I j:ageGp:fam 906:7:-1 by blue 36:0:-1 at gen393 Univ0 prob=0.829
AgeVaxH35.js:2201 209I j:ageGp:fam 627:4:-1 by blue 549:4:-1 at gen393 Univ0 prob=0.030
AgeVaxH35.js:2201 211I j:ageGp:fam 770:5:-1 by blue 35:0:-1 at gen394 Univ0 prob=0.375
AgeVaxH35.js:2220 211I i:ageGp:fam 46:1:-1 by blue 186:2:-1 at gen394 Univ0 prob=0.435
AgeVaxH35.js:2201 214I j:ageGp:fam 535:3:-1 by blue 88:1:-1 at gen395 Univ0 prob=0.885
AgeVaxH35.js:2201 216I j:ageGp:fam 611:4:-1 by blue 563:4:-1 at gen396 Univ0 prob=0.451
AgeVaxH35.js:2201 217I j:ageGp:fam 902:7:-1 by red 177:2:-1 at gen397 Univ0 prob=0.828
AgeVaxH35.js:2201 218I j:ageGp:fam 640:4:-1 by red 617:4:-1 at gen398 Univ0 prob=0.200
AgeVaxH35.js:2220 219I i:ageGp:fam 12:0:-1 by blue 283:2:-1 at gen399 Univ0 prob=0.009
AgeVaxH35.js:2220 220I i:ageGp:fam 325:2:-1 by red 928:7:-1 at gen400 Univ0 prob=0.632
AgeVaxH35.js:2220 220I i:ageGp:fam 681:4:-1 by red 732:5:-1 at gen400 Univ0 prob=0.106
AgeVaxH35.js:2201 223I j:ageGp:fam 955:8:-1 by blue 781:5:-1 at gen402 Univ0 prob=0.928
AgeVaxH35.js:2220 223I i:ageGp:fam 515:3:-1 by red 928:7:-1 at gen403 Univ0 prob=0.050
AgeVaxH35.js:2220 223I i:ageGp:fam 638:4:-1 by yellow 720:5:-1 at gen403 Univ0 prob=0.503
AgeVaxH35.js:2220 224I i:ageGp:fam 15:0:-1 by blue 36:0:-1 at gen404 Univ0 prob=0.214
AgeVaxH35.js:2220 226I i:ageGp:fam 331:2:-1 by red 928:7:-1 at gen405 Univ0 prob=0.693
AgeVaxH35.js:2201 227I j:ageGp:fam 996:9:-1 by yellow 49:1:-1 at gen406 Univ0 prob=0.861
AgeVaxH35.js:2201 227I j:ageGp:fam 901:6:-1 by red 284:2:-1 at gen406 Univ0 prob=0.033
AgeVaxH35.js:2201 230I j:ageGp:fam 932:7:-1 by yellow 655:4:-1 at gen408 Univ0 prob=0.864
AgeVaxH35.js:2220 231I i:ageGp:fam 115:1:-1 by red 987:9:-1 at gen410 Univ0 prob=0.980
AgeVaxH35.js:2201 231I j:ageGp:fam 508:3:-1 by red 322:2:-1 at gen410 Univ0 prob=0.628
AgeVaxH35.js:2220 231I i:ageGp:fam 357:2:-1 by red 390:3:-1 at gen410 Univ0 prob=0.436
AgeVaxH35.js:2201 231I j:ageGp:fam 531:3:-1 by blue 35:0:-1 at gen411 Univ0 prob=0.222
AgeVaxH35.js:2201 234I j:ageGp:fam 989:9:-1 by red 600:4:-1 at gen412 Univ0 prob=0.987
AgeVaxH35.js:2201 235I j:ageGp:fam 426:3:-1 by blue 275:2:-1 at gen413 Univ0 prob=0.739
AgeVaxH35.js:2220 236I i:ageGp:fam 21:0:-1 by red 957:8:-1 at gen414 Univ0 prob=0.362
AgeVaxH35.js:2220 237I i:ageGp:fam 82:1:-1 by blue 270:2:-1 at gen415 Univ0 prob=0.187
AgeVaxH35.js:2201 237I j:ageGp:fam 820:5:-1 by blue 139:2:-1 at gen415 Univ0 prob=0.692
AgeVaxH35.js:2201 237I j:ageGp:fam 524:3:-1 by red 146:2:-1 at gen415 Univ0 prob=0.815
AgeVaxH35.js:2220 237I i:ageGp:fam 820:5:-1 by red 957:8:-1 at gen415 Univ0 prob=0.626
AgeVaxH35.js:2220 238I i:ageGp:fam 581:4:-1 by blue 802:5:-1 at gen416 Univ0 prob=0.530
AgeVaxH35.js:2220 242I i:ageGp:fam 39:0:-1 by red 987:9:-1 at gen418 Univ0 prob=0.807
AgeVaxH35.js:2201 242I j:ageGp:fam 413:3:-1 by blue 283:2:-1 at gen418 Univ0 prob=0.050
AgeVaxH35.js:2201 242I j:ageGp:fam 635:4:-1 by red 607:4:-1 at gen419 Univ0 prob=0.449
AgeVaxH35.js:2201 244I j:ageGp:fam 861:6:-1 by blue 228:2:-1 at gen420 Univ0 prob=0.946
AgeVaxH35.js:2201 245I j:ageGp:fam 352:2:-1 by red 1:0:-1 at gen421 Univ0 prob=0.478
AgeVaxH35.js:2220 247I i:ageGp:fam 86:1:-1 by blue 675:4:-1 at gen423 Univ0 prob=0.821
AgeVaxH35.js:2220 247I i:ageGp:fam 165:2:-1 by blue 812:5:-1 at gen423 Univ0 prob=0.086
AgeVaxH35.js:2201 247I j:ageGp:fam 437:3:-1 by red 322:2:-1 at gen423 Univ0 prob=0.429
AgeVaxH35.js:2201 250I j:ageGp:fam 964:8:-1 by red 744:5:-1 at gen426 Univ0 prob=0.990
AgeVaxH35.js:2201 250I j:ageGp:fam 151:2:-1 by blue 24:0:-1 at gen427 Univ0 prob=0.885
AgeVaxH35.js:2201 250I j:ageGp:fam 582:4:-1 by blue 129:1:-1 at gen427 Univ0 prob=0.440
AgeVaxH35.js:2220 250I i:ageGp:fam 230:2:-1 by blue 346:2:-1 at gen427 Univ0 prob=0.469
AgeVaxH35.js:2201 250I j:ageGp:fam 984:9:-1 by blue 391:3:-1 at gen427 Univ0 prob=0.754
AgeVaxH35.js:2220 255I i:ageGp:fam 8:0:-1 by blue 319:2:-1 at gen429 Univ0 prob=0.890
AgeVaxH35.js:2201 255I j:ageGp:fam 379:3:-1 by blue 24:0:-1 at gen429 Univ0 prob=0.633
AgeVaxH35.js:2201 255I j:ageGp:fam 797:5:-1 by blue 135:2:-1 at gen429 Univ0 prob=0.453
AgeVaxH35.js:2220 255I i:ageGp:fam 194:2:-1 by blue 248:2:-1 at gen430 Univ0 prob=0.198
AgeVaxH35.js:2201 255I j:ageGp:fam 999:9:-1 by blue 277:2:-1 at gen430 Univ0 prob=0.815
AgeVaxH35.js:2220 255I i:ageGp:fam 363:3:-1 by red 933:7:-1 at gen430 Univ0 prob=0.717
AgeVaxH35.js:2220 255I i:ageGp:fam 438:3:-1 by blue 523:3:-1 at gen430 Univ0 prob=0.336
AgeVaxH35.js:2201 262I j:ageGp:fam 749:5:-1 by red 322:2:-1 at gen432 Univ0 prob=0.865
AgeVaxH35.js:2201 262I j:ageGp:fam 879:6:-1 by blue 49:1:-1 at gen433 Univ0 prob=0.326
AgeVaxH35.js:2201 262I j:ageGp:fam 965:8:-1 by blue 679:4:-1 at gen433 Univ0 prob=0.776
AgeVaxH35.js:2220 263I i:ageGp:fam 197:2:-1 by red 563:4:-1 at gen434 Univ0 prob=0.444
AgeVaxH35.js:2220 263I i:ageGp:fam 808:5:-1 by blue 870:6:-1 at gen434 Univ0 prob=0.941
AgeVaxH35.js:2220 265I i:ageGp:fam 73:1:-1 by red 957:8:-1 at gen435 Univ0 prob=0.032
AgeVaxH35.js:2220 267I i:ageGp:fam 229:2:-1 by blue 816:5:-1 at gen436 Univ0 prob=0.292
AgeVaxH35.js:2201 268I j:ageGp:fam 941:7:-1 by blue 129:1:-1 at gen437 Univ0 prob=0.957
AgeVaxH35.js:2201 269I j:ageGp:fam 859:6:-1 by blue 319:2:-1 at gen438 Univ0 prob=0.958
AgeVaxH35.js:2201 269I j:ageGp:fam 849:6:-1 by yellow 438:3:-1 at gen438 Univ0 prob=0.012
AgeVaxH35.js:2201 272I j:ageGp:fam 492:3:-1 by red 36:0:-1 at gen440 Univ0 prob=0.015
AgeVaxH35.js:2220 272I i:ageGp:fam 208:2:-1 by blue 834:6:-1 at gen441 Univ0 prob=0.391
AgeVaxH35.js:2201 272I j:ageGp:fam 713:5:-1 by blue 346:2:-1 at gen441 Univ0 prob=0.583
AgeVaxH35.js:2201 272I j:ageGp:fam 716:5:-1 by red 563:4:-1 at gen441 Univ0 prob=0.628
AgeVaxH35.js:2220 276I i:ageGp:fam 2:0:-1 by blue 978:8:-1 at gen443 Univ0 prob=0.259
AgeVaxH35.js:2220 276I i:ageGp:fam 127:1:-1 by blue 802:5:-1 at gen443 Univ0 prob=0.680
AgeVaxH35.js:2220 276I i:ageGp:fam 295:2:-1 by blue 587:4:-1 at gen443 Univ0 prob=0.686
AgeVaxH35.js:2220 276I i:ageGp:fam 405:3:-1 by blue 482:3:-1 at gen444 Univ0 prob=0.023
AgeVaxH35.js:2220 279I i:ageGp:fam 314:2:-1 by blue 627:4:-1 at gen445 Univ0 prob=0.479
AgeVaxH35.js:2201 280I j:ageGp:fam 815:5:-1 by blue 764:5:-1 at gen446 Univ0 prob=0.454
AgeVaxH35.js:2201 281I j:ageGp:fam 757:5:-1 by blue 248:2:-1 at gen447 Univ0 prob=0.582
AgeVaxH35.js:2201 281I j:ageGp:fam 701:5:-1 by blue 540:3:-1 at gen447 Univ0 prob=0.223
AgeVaxH35.js:2220 281I i:ageGp:fam 558:4:-1 by blue 679:4:-1 at gen447 Univ0 prob=0.104
AgeVaxH35.js:2201 281I j:ageGp:fam 595:4:-1 by red 563:4:-1 at gen447 Univ0 prob=0.388
AgeVaxH35.js:2220 281I i:ageGp:fam 728:5:-1 by red 732:5:-1 at gen447 Univ0 prob=0.038
AgeVaxH35.js:2201 282I j:ageGp:fam 838:6:-1 by blue 24:0:-1 at gen448 Univ0 prob=0.621
AgeVaxH35.js:2201 282I j:ageGp:fam 664:4:-1 by red 128:1:-1 at gen448 Univ0 prob=0.620
AgeVaxH35.js:2220 282I i:ageGp:fam 354:2:-1 by red 607:4:-1 at gen448 Univ0 prob=0.943
AgeVaxH35.js:2220 282I i:ageGp:fam 664:4:-1 by blue 816:5:-1 at gen448 Univ0 prob=0.497
AgeVaxH35.js:2201 287I j:ageGp:fam 869:6:-1 by red 94:1:-1 at gen449 Univ0 prob=0.067
AgeVaxH35.js:2201 287I j:ageGp:fam 645:4:-1 by blue 398:3:-1 at gen449 Univ0 prob=0.048
AgeVaxH35.js:2201 292I j:ageGp:fam 263:2:-1 by blue 46:1:-1 at gen451 Univ0 prob=0.017
AgeVaxH35.js:2220 292I i:ageGp:fam 120:1:-1 by blue 554:4:-1 at gen451 Univ0 prob=0.851
AgeVaxH35.js:2220 292I i:ageGp:fam 9:0:-1 by blue 764:5:-1 at gen452 Univ0 prob=0.172
AgeVaxH35.js:2201 292I j:ageGp:fam 963:8:-1 by blue 49:1:-1 at gen452 Univ0 prob=0.869
AgeVaxH35.js:2220 294I i:ageGp:fam 87:1:-1 by blue 754:5:-1 at gen453 Univ0 prob=0.591
AgeVaxH35.js:2220 294I i:ageGp:fam 110:1:-1 by red 799:5:-1 at gen453 Univ0 prob=0.934
AgeVaxH35.js:2201 294I j:ageGp:fam 827:6:-1 by red 607:4:-1 at gen453 Univ0 prob=0.020
AgeVaxH35.js:2201 296I j:ageGp:fam 903:7:-1 by blue 398:3:-1 at gen454 Univ0 prob=0.924
AgeVaxH35.js:2220 296I i:ageGp:fam 888:6:-1 by yellow 996:9:-1 at gen454 Univ0 prob=0.107
AgeVaxH35.js:2220 299I i:ageGp:fam 779:5:-1 by blue 802:5:-1 at gen455 Univ0 prob=0.702
AgeVaxH35.js:2201 301I j:ageGp:fam 597:4:-1 by blue 270:2:-1 at gen456 Univ0 prob=0.810
AgeVaxH35.js:2201 301I j:ageGp:fam 930:7:-1 by red 284:2:-1 at gen456 Univ0 prob=0.921
AgeVaxH35.js:2201 301I j:ageGp:fam 673:4:-1 by blue 527:3:-1 at gen456 Univ0 prob=0.067
AgeVaxH35.js:2220 302I i:ageGp:fam 91:1:-1 by blue 535:3:-1 at gen457 Univ0 prob=0.685
AgeVaxH35.js:2220 302I i:ageGp:fam 632:4:-1 by blue 638:4:-1 at gen457 Univ0 prob=0.403
AgeVaxH35.js:2201 307I j:ageGp:fam 550:4:-1 by blue 481:3:-1 at gen459 Univ0 prob=0.578
AgeVaxH35.js:2201 307I j:ageGp:fam 844:6:-1 by red 128:1:-1 at gen460 Univ0 prob=0.556
AgeVaxH35.js:2220 307I i:ageGp:fam 425:3:-1 by blue 540:3:-1 at gen460 Univ0 prob=0.811
AgeVaxH35.js:2220 310I i:ageGp:fam 16:0:-1 by blue 25:0:-1 at gen462 Univ0 prob=0.922
AgeVaxH35.js:2220 310I i:ageGp:fam 360:3:-1 by blue 834:6:-1 at gen462 Univ0 prob=0.835
AgeVaxH35.js:2201 310I j:ageGp:fam 898:6:-1 by blue 481:3:-1 at gen462 Univ0 prob=0.935
AgeVaxH35.js:2201 310I j:ageGp:fam 953:8:-1 by red 607:4:-1 at gen462 Univ0 prob=0.928
AgeVaxH35.js:2220 310I i:ageGp:fam 307:2:-1 by blue 526:3:-1 at gen463 Univ0 prob=0.090
AgeVaxH35.js:2201 310I j:ageGp:fam 842:6:-1 by blue 481:3:-1 at gen463 Univ0 prob=0.230
AgeVaxH35.js:2220 314I i:ageGp:fam 106:1:-1 by red 391:3:-1 at gen464 Univ0 prob=0.945
AgeVaxH35.js:2220 314I i:ageGp:fam 592:4:-1 by red 928:7:-1 at gen464 Univ0 prob=0.187
AgeVaxH35.js:2201 318I j:ageGp:fam 706:5:-1 by blue 49:1:-1 at gen466 Univ0 prob=0.377
AgeVaxH35.js:2220 318I i:ageGp:fam 388:3:-1 by blue 683:4:-1 at gen466 Univ0 prob=0.198
AgeVaxH35.js:2201 318I j:ageGp:fam 994:9:-1 by red 928:7:-1 at gen466 Univ0 prob=0.908
AgeVaxH35.js:2220 318I i:ageGp:fam 31:0:-1 by blue 906:7:-1 at gen467 Univ0 prob=0.976
AgeVaxH35.js:2201 318I j:ageGp:fam 227:2:-1 by red 128:1:-1 at gen467 Univ0 prob=0.209
AgeVaxH35.js:2220 318I i:ageGp:fam 317:2:-1 by red 391:3:-1 at gen467 Univ0 prob=0.940
AgeVaxH35.js:2220 321I i:ageGp:fam 203:2:-1 by blue 303:2:-1 at gen468 Univ0 prob=0.754
AgeVaxH35.js:2201 321I j:ageGp:fam 837:6:-1 by yellow 208:2:-1 at gen468 Univ0 prob=0.049
AgeVaxH35.js:2220 321I i:ageGp:fam 244:2:-1 by red 563:4:-1 at gen468 Univ0 prob=0.738
AgeVaxH35.js:2220 321I i:ageGp:fam 629:4:-1 by blue 679:4:-1 at gen468 Univ0 prob=0.955
AgeVaxH35.js:2201 321I j:ageGp:fam 858:6:-1 by blue 820:5:-1 at gen468 Univ0 prob=0.274
AgeVaxH35.js:2201 324I j:ageGp:fam 348:2:-1 by blue 49:1:-1 at gen469 Univ0 prob=0.947
AgeVaxH35.js:2220 324I i:ageGp:fam 108:1:-1 by blue 523:3:-1 at gen469 Univ0 prob=0.171
AgeVaxH35.js:2201 324I j:ageGp:fam 704:5:-1 by blue 481:3:-1 at gen469 Univ0 prob=0.800
AgeVaxH35.js:2201 324I j:ageGp:fam 742:5:-1 by blue 627:4:-1 at gen469 Univ0 prob=0.880
AgeVaxH35.js:2201 329I j:ageGp:fam 358:2:-1 by blue 82:1:-1 at gen470 Univ0 prob=0.848
AgeVaxH35.js:2220 333I i:ageGp:fam 173:2:-1 by red 322:2:-1 at gen472 Univ0 prob=0.279
AgeVaxH35.js:2220 333I i:ageGp:fam 258:2:-1 by blue 906:7:-1 at gen472 Univ0 prob=0.312
AgeVaxH35.js:2201 333I j:ageGp:fam 975:8:-1 by red 472:3:-1 at gen472 Univ0 prob=0.980
AgeVaxH35.js:2220 335I i:ageGp:fam 243:2:-1 by red 385:3:-1 at gen473 Univ0 prob=0.432
AgeVaxH35.js:2220 335I i:ageGp:fam 510:3:-1 by blue 683:4:-1 at gen473 Univ0 prob=0.526
AgeVaxH35.js:2220 338I i:ageGp:fam 38:0:-1 by red 177:2:-1 at gen474 Univ0 prob=0.696
AgeVaxH35.js:2220 338I i:ageGp:fam 38:0:-1 by blue 902:7:-1 at gen474 Univ0 prob=0.378
AgeVaxH35.js:2220 338I i:ageGp:fam 383:3:-1 by red 563:4:-1 at gen474 Univ0 prob=0.288
AgeVaxH35.js:2201 338I j:ageGp:fam 949:8:-1 by blue 866:6:-1 at gen474 Univ0 prob=0.819
AgeVaxH35.js:2201 340I j:ageGp:fam 302:2:-1 by red 1:0:-1 at gen475 Univ0 prob=0.720
AgeVaxH35.js:2201 340I j:ageGp:fam 394:3:-1 by red 391:3:-1 at gen475 Univ0 prob=0.972
AgeVaxH35.js:2220 345I i:ageGp:fam 235:2:-1 by red 391:3:-1 at gen477 Univ0 prob=0.905
AgeVaxH35.js:2220 345I i:ageGp:fam 224:2:-1 by blue 638:4:-1 at gen478 Univ0 prob=1.000
AgeVaxH35.js:2201 346I j:ageGp:fam 712:5:-1 by blue 69:1:-1 at gen479 Univ0 prob=0.734
AgeVaxH35.js:2220 346I i:ageGp:fam 878:6:-1 by blue 996:9:-1 at gen479 Univ0 prob=0.106
AgeVaxH35.js:2201 347I j:ageGp:fam 895:6:-1 by red 802:5:-1 at gen480 Univ0 prob=0.676
AgeVaxH35.js:2201 349I j:ageGp:fam 672:4:-1 by red 24:0:-1 at gen481 Univ0 prob=0.242
AgeVaxH35.js:2201 349I j:ageGp:fam 422:3:-1 by blue 86:1:-1 at gen481 Univ0 prob=0.098
AgeVaxH35.js:2201 349I j:ageGp:fam 336:2:-1 by red 270:2:-1 at gen481 Univ0 prob=0.056
AgeVaxH35.js:2220 349I i:ageGp:fam 532:3:-1 by blue 866:6:-1 at gen481 Univ0 prob=0.861
AgeVaxH35.js:2201 350I j:ageGp:fam 279:2:-1 by blue 39:0:-1 at gen482 Univ0 prob=0.098
AgeVaxH35.js:2220 350I i:ageGp:fam 561:4:-1 by red 933:7:-1 at gen482 Univ0 prob=0.098
AgeVaxH35.js:2220 354I i:ageGp:fam 119:1:-1 by blue 834:6:-1 at gen483 Univ0 prob=0.235
AgeVaxH35.js:2201 354I j:ageGp:fam 459:3:-1 by blue 248:2:-1 at gen483 Univ0 prob=0.885
AgeVaxH35.js:2220 354I i:ageGp:fam 278:2:-1 by yellow 302:2:-1 at gen483 Univ0 prob=0.592
AgeVaxH35.js:2220 356I i:ageGp:fam 101:1:-1 by red 933:7:-1 at gen484 Univ0 prob=0.670
AgeVaxH35.js:2201 356I j:ageGp:fam 201:2:-1 by blue 197:2:-1 at gen484 Univ0 prob=0.605
AgeVaxH35.js:2201 359I j:ageGp:fam 301:2:-1 by blue 42:1:-1 at gen485 Univ0 prob=0.775
AgeVaxH35.js:2220 359I i:ageGp:fam 445:3:-1 by blue 834:6:-1 at gen485 Univ0 prob=0.499
AgeVaxH35.js:2201 361I j:ageGp:fam 777:5:-1 by blue 197:2:-1 at gen486 Univ0 prob=0.932
AgeVaxH35.js:2201 363I j:ageGp:fam 924:7:-1 by blue 8:0:-1 at gen487 Univ0 prob=0.085
AgeVaxH35.js:2220 363I i:ageGp:fam 457:3:-1 by blue 906:7:-1 at gen487 Univ0 prob=0.814
AgeVaxH35.js:2220 363I i:ageGp:fam 458:3:-1 by blue 611:4:-1 at gen487 Univ0 prob=0.551
AgeVaxH35.js:2220 363I i:ageGp:fam 546:4:-1 by red 976:8:-1 at gen487 Univ0 prob=0.989
AgeVaxH35.js:2201 364I j:ageGp:fam 451:3:-1 by red 35:0:-1 at gen488 Univ0 prob=0.975
AgeVaxH35.js:2220 364I i:ageGp:fam 107:1:-1 by red 802:5:-1 at gen488 Univ0 prob=0.732
AgeVaxH35.js:2201 364I j:ageGp:fam 539:3:-1 by blue 331:2:-1 at gen488 Univ0 prob=0.928
AgeVaxH35.js:2201 364I j:ageGp:fam 905:7:-1 by blue 535:3:-1 at gen488 Univ0 prob=0.837
AgeVaxH35.js:2220 368I i:ageGp:fam 157:2:-1 by blue 754:5:-1 at gen489 Univ0 prob=0.394
AgeVaxH35.js:2220 368I i:ageGp:fam 226:2:-1 by red 527:3:-1 at gen489 Univ0 prob=0.447
AgeVaxH35.js:2220 368I i:ageGp:fam 269:2:-1 by blue 535:3:-1 at gen489 Univ0 prob=0.237
AgeVaxH35.js:2201 368I j:ageGp:fam 753:5:-1 by red 523:3:-1 at gen489 Univ0 prob=0.169
AgeVaxH35.js:2201 372I j:ageGp:fam 756:5:-1 by red 563:4:-1 at gen490 Univ0 prob=0.492
AgeVaxH35.js:2220 372I i:ageGp:fam 766:5:-1 by red 788:5:-1 at gen490 Univ0 prob=0.150
AgeVaxH35.js:2220 376I i:ageGp:fam 522:3:-1 by blue 640:4:-1 at gen491 Univ0 prob=0.852
AgeVaxH35.js:2220 376I i:ageGp:fam 739:5:-1 by blue 820:5:-1 at gen491 Univ0 prob=0.860
AgeVaxH35.js:2220 380I i:ageGp:fam 122:1:-1 by blue 906:7:-1 at gen493 Univ0 prob=0.751
AgeVaxH35.js:2201 380I j:ageGp:fam 618:4:-1 by red 283:2:-1 at gen493 Univ0 prob=0.237
AgeVaxH35.js:2220 380I i:ageGp:fam 6:0:-1 by blue 754:5:-1 at gen494 Univ0 prob=0.721
AgeVaxH35.js:2220 380I i:ageGp:fam 32:0:-1 by blue 248:2:-1 at gen494 Univ0 prob=0.783
AgeVaxH35.js:2201 380I j:ageGp:fam 506:3:-1 by blue 39:0:-1 at gen494 Univ0 prob=0.974
AgeVaxH35.js:2201 380I j:ageGp:fam 921:7:-1 by blue 46:1:-1 at gen494 Univ0 prob=0.219
AgeVaxH35.js:2201 380I j:ageGp:fam 810:5:-1 by blue 82:1:-1 at gen494 Univ0 prob=0.638
AgeVaxH35.js:2201 380I j:ageGp:fam 630:4:-1 by red 319:2:-1 at gen494 Univ0 prob=0.860
AgeVaxH35.js:2201 382I j:ageGp:fam 328:2:-1 by red 283:2:-1 at gen495 Univ0 prob=0.513
AgeVaxH35.js:2220 382I i:ageGp:fam 308:2:-1 by red 391:3:-1 at gen495 Univ0 prob=0.903
AgeVaxH35.js:2201 388I j:ageGp:fam 631:4:-1 by red 88:1:-1 at gen496 Univ0 prob=0.018
AgeVaxH35.js:2220 390I i:ageGp:fam 212:2:-1 by red 322:2:-1 at gen497 Univ0 prob=0.085
AgeVaxH35.js:2201 391I j:ageGp:fam 442:3:-1 by red 391:3:-1 at gen498 Univ0 prob=0.482
AgeVaxH35.js:2220 392I i:ageGp:fam 265:2:-1 by blue 413:3:-1 at gen499 Univ0 prob=0.170
AgeVaxH35.js:2201 393I j:ageGp:fam 680:4:-1 by yellow 212:2:-1 at gen500 Univ0 prob=0.724
AgeVaxH35.js:2220 393I i:ageGp:fam 294:2:-1 by red 978:8:-1 at gen500 Univ0 prob=0.740
AgeVaxH35.js:2201 394I j:ageGp:fam 359:3:-1 by yellow 263:2:-1 at gen501 Univ0 prob=0.158
AgeVaxH35.js:2201 396I j:ageGp:fam 517:3:-1 by blue 46:1:-1 at gen502 Univ0 prob=0.842
AgeVaxH35.js:2201 396I j:ageGp:fam 776:5:-1 by blue 46:1:-1 at gen502 Univ0 prob=0.748
AgeVaxH35.js:2220 396I i:ageGp:fam 130:1:-1 by blue 999:9:-1 at gen502 Univ0 prob=0.004
AgeVaxH35.js:2220 396I i:ageGp:fam 199:2:-1 by red 563:4:-1 at gen502 Univ0 prob=0.547
AgeVaxH35.js:2220 396I i:ageGp:fam 287:2:-1 by red 523:3:-1 at gen502 Univ0 prob=0.274
AgeVaxH35.js:2220 402I i:ageGp:fam 26:0:-1 by blue 627:4:-1 at gen505 Univ0 prob=0.794
AgeVaxH35.js:2201 402I j:ageGp:fam 241:2:-1 by blue 46:1:-1 at gen506 Univ0 prob=0.799
AgeVaxH35.js:2201 403I j:ageGp:fam 255:2:-1 by blue 15:0:-1 at gen507 Univ0 prob=0.624
AgeVaxH35.js:2201 403I j:ageGp:fam 349:2:-1 by red 248:2:-1 at gen507 Univ0 prob=0.972
AgeVaxH35.js:2201 403I j:ageGp:fam 651:4:-1 by yellow 394:3:-1 at gen507 Univ0 prob=0.564
AgeVaxH35.js:2201 403I j:ageGp:fam 621:4:-1 by red 560:4:-1 at gen507 Univ0 prob=0.859
AgeVaxH35.js:2220 404I i:ageGp:fam 84:1:-1 by red 523:3:-1 at gen508 Univ0 prob=0.528
AgeVaxH35.js:2220 404I i:ageGp:fam 239:2:-1 by red 527:3:-1 at gen508 Univ0 prob=0.585
AgeVaxH35.js:2201 404I j:ageGp:fam 551:4:-1 by red 322:2:-1 at gen508 Univ0 prob=0.108
AgeVaxH35.js:2201 404I j:ageGp:fam 790:5:-1 by red 607:4:-1 at gen508 Univ0 prob=0.712
AgeVaxH35.js:2220 408I i:ageGp:fam 105:1:-1 by red 444:3:-1 at gen509 Univ0 prob=0.326
AgeVaxH35.js:2220 408I i:ageGp:fam 116:1:-1 by blue 354:2:-1 at gen509 Univ0 prob=0.183
AgeVaxH35.js:2201 408I j:ageGp:fam 819:5:-1 by blue 757:5:-1 at gen509 Univ0 prob=0.330
AgeVaxH35.js:2201 412I j:ageGp:fam 400:3:-1 by yellow 38:0:-1 at gen510 Univ0 prob=0.902
AgeVaxH35.js:2201 412I j:ageGp:fam 440:3:-1 by blue 229:2:-1 at gen510 Univ0 prob=0.006
AgeVaxH35.js:2201 415I j:ageGp:fam 830:6:-1 by blue 87:1:-1 at gen511 Univ0 prob=0.901
AgeVaxH35.js:2220 417I i:ageGp:fam 37:0:-1 by red 322:2:-1 at gen512 Univ0 prob=0.088
AgeVaxH35.js:2220 417I i:ageGp:fam 169:2:-1 by red 640:4:-1 at gen512 Univ0 prob=0.154
AgeVaxH35.js:2201 418I j:ageGp:fam 733:5:-1 by yellow 265:2:-1 at gen513 Univ0 prob=0.770
AgeVaxH35.js:2220 418I i:ageGp:fam 562:4:-1 by red 754:5:-1 at gen513 Univ0 prob=0.706
AgeVaxH35.js:2201 420I j:ageGp:fam 718:5:-1 by blue 673:4:-1 at gen514 Univ0 prob=0.987
AgeVaxH35.js:2220 422I i:ageGp:fam 345:2:-1 by blue 838:6:-1 at gen515 Univ0 prob=0.636
AgeVaxH35.js:2201 423I j:ageGp:fam 162:2:-1 by red 88:1:-1 at gen516 Univ0 prob=0.778
AgeVaxH35.js:2220 423I i:ageGp:fam 344:2:-1 by red 770:5:-1 at gen516 Univ0 prob=0.018
AgeVaxH35.js:2201 424I j:ageGp:fam 734:5:-1 by yellow 224:2:-1 at gen517 Univ0 prob=0.946
AgeVaxH35.js:2220 427I i:ageGp:fam 53:1:-1 by blue 108:1:-1 at gen519 Univ0 prob=0.567
AgeVaxH35.js:2201 427I j:ageGp:fam 221:2:-1 by red 46:1:-1 at gen520 Univ0 prob=0.914
AgeVaxH35.js:2220 427I i:ageGp:fam 491:3:-1 by blue 550:4:-1 at gen520 Univ0 prob=0.713
AgeVaxH35.js:2220 427I i:ageGp:fam 925:7:-1 by blue 999:9:-1 at gen520 Univ0 prob=0.913
AgeVaxH35.js:2201 428I j:ageGp:fam 821:6:-1 by blue 39:0:-1 at gen521 Univ0 prob=0.452
AgeVaxH35.js:2201 428I j:ageGp:fam 557:4:-1 by blue 197:2:-1 at gen521 Univ0 prob=0.484
AgeVaxH35.js:2201 431I j:ageGp:fam 852:6:-1 by red 35:0:-1 at gen522 Univ0 prob=0.688
AgeVaxH35.js:2201 431I j:ageGp:fam 998:9:-1 by red 35:0:-1 at gen522 Univ0 prob=0.993
AgeVaxH35.js:2220 431I i:ageGp:fam 502:3:-1 by blue 757:5:-1 at gen522 Univ0 prob=0.694
AgeVaxH35.js:2201 433I j:ageGp:fam 950:8:-1 by blue 82:1:-1 at gen523 Univ0 prob=0.849
AgeVaxH35.js:2220 436I i:ageGp:fam 152:2:-1 by blue 413:3:-1 at gen524 Univ0 prob=0.477
AgeVaxH35.js:2220 437I i:ageGp:fam 117:1:-1 by red 675:4:-1 at gen525 Univ0 prob=0.817
AgeVaxH35.js:2220 438I i:ageGp:fam 43:1:-1 by blue 295:2:-1 at gen526 Univ0 prob=0.306
AgeVaxH35.js:2201 438I j:ageGp:fam 247:2:-1 by red 49:1:-1 at gen526 Univ0 prob=0.810
AgeVaxH35.js:2201 438I j:ageGp:fam 937:7:-1 by blue 354:2:-1 at gen526 Univ0 prob=0.750
AgeVaxH35.js:2201 438I j:ageGp:fam 853:6:-1 by red 675:4:-1 at gen526 Univ0 prob=0.746
AgeVaxH35.js:2220 443I i:ageGp:fam 312:2:-1 by blue 975:8:-1 at gen528 Univ0 prob=0.653
AgeVaxH35.js:2220 443I i:ageGp:fam 180:2:-1 by blue 394:3:-1 at gen529 Univ0 prob=0.865
AgeVaxH35.js:2220 444I i:ageGp:fam 614:4:-1 by blue 779:5:-1 at gen530 Univ0 prob=0.511
AgeVaxH35.js:2220 445I i:ageGp:fam 22:0:-1 by red 906:7:-1 at gen531 Univ0 prob=0.628
AgeVaxH35.js:2220 445I i:ageGp:fam 453:3:-1 by red 640:4:-1 at gen531 Univ0 prob=0.729
AgeVaxH35.js:2220 446I i:ageGp:fam 580:4:-1 by blue 704:5:-1 at gen532 Univ0 prob=0.800
AgeVaxH35.js:2220 448I i:ageGp:fam 280:2:-1 by red 573:4:-1 at gen533 Univ0 prob=0.439
AgeVaxH35.js:2201 448I j:ageGp:fam 801:5:-1 by yellow 301:2:-1 at gen533 Univ0 prob=0.660
AgeVaxH35.js:2220 448I i:ageGp:fam 499:3:-1 by blue 953:8:-1 at gen533 Univ0 prob=0.079
AgeVaxH35.js:2220 448I i:ageGp:fam 863:6:-1 by blue 994:9:-1 at gen533 Univ0 prob=0.769
AgeVaxH35.js:2201 449I j:ageGp:fam 692:5:-1 by yellow 116:1:-1 at gen534 Univ0 prob=0.105
AgeVaxH35.js:2220 449I i:ageGp:fam 428:3:-1 by blue 492:3:-1 at gen534 Univ0 prob=0.340
AgeVaxH35.js:2201 449I j:ageGp:fam 761:5:-1 by red 754:5:-1 at gen534 Univ0 prob=0.461
AgeVaxH35.js:2220 453I i:ageGp:fam 33:0:-1 by red 770:5:-1 at gen535 Univ0 prob=0.348
AgeVaxH35.js:2220 456I i:ageGp:fam 125:1:-1 by red 560:4:-1 at gen536 Univ0 prob=0.205
AgeVaxH35.js:2220 456I i:ageGp:fam 475:3:-1 by yellow 777:5:-1 at gen536 Univ0 prob=0.422
AgeVaxH35.js:2201 456I j:ageGp:fam 848:6:-1 by red 611:4:-1 at gen536 Univ0 prob=0.136
AgeVaxH35.js:2220 457I i:ageGp:fam 185:2:-1 by blue 879:6:-1 at gen537 Univ0 prob=0.133
AgeVaxH35.js:2201 460I j:ageGp:fam 968:8:-1 by red 549:4:-1 at gen538 Univ0 prob=0.948
AgeVaxH35.js:2220 461I i:ageGp:fam 403:3:-1 by blue 539:3:-1 at gen539 Univ0 prob=0.264
AgeVaxH35.js:2220 461I i:ageGp:fam 441:3:-1 by red 976:8:-1 at gen539 Univ0 prob=0.279
AgeVaxH35.js:2220 462I i:ageGp:fam 62:1:-1 by blue 106:1:-1 at gen540 Univ0 prob=0.974
AgeVaxH35.js:2220 462I i:ageGp:fam 143:2:-1 by blue 317:2:-1 at gen540 Univ0 prob=0.112
AgeVaxH35.js:2201 462I j:ageGp:fam 402:3:-1 by red 331:2:-1 at gen540 Univ0 prob=0.715
AgeVaxH35.js:2201 462I j:ageGp:fam 559:4:-1 by blue 354:2:-1 at gen540 Univ0 prob=0.938
AgeVaxH35.js:2220 462I i:ageGp:fam 368:3:-1 by red 906:7:-1 at gen540 Univ0 prob=0.749
AgeVaxH35.js:2220 462I i:ageGp:fam 826:6:-1 by blue 953:8:-1 at gen540 Univ0 prob=0.010
AgeVaxH35.js:2220 464I i:ageGp:fam 65:1:-1 by yellow 241:2:-1 at gen541 Univ0 prob=0.363
AgeVaxH35.js:2201 464I j:ageGp:fam 625:4:-1 by red 88:1:-1 at gen541 Univ0 prob=0.375
AgeVaxH35.js:2201 464I j:ageGp:fam 874:6:-1 by red 611:4:-1 at gen541 Univ0 prob=0.935
AgeVaxH35.js:2220 464I i:ageGp:fam 616:4:-1 by blue 756:5:-1 at gen541 Univ0 prob=0.423
AgeVaxH35.js:2201 470I j:ageGp:fam 493:3:-1 by blue 31:0:-1 at gen542 Univ0 prob=0.999
AgeVaxH35.js:2220 470I i:ageGp:fam 205:2:-1 by red 681:4:-1 at gen542 Univ0 prob=0.604
AgeVaxH35.js:2201 474I j:ageGp:fam 182:2:-1 by blue 73:1:-1 at gen543 Univ0 prob=0.433
AgeVaxH35.js:2220 474I i:ageGp:fam 78:1:-1 by red 331:2:-1 at gen543 Univ0 prob=0.372
AgeVaxH35.js:2201 474I j:ageGp:fam 737:5:-1 by red 283:2:-1 at gen543 Univ0 prob=0.949
AgeVaxH35.js:2201 479I j:ageGp:fam 807:5:-1 by blue 151:2:-1 at gen545 Univ0 prob=0.155
AgeVaxH35.js:2201 479I j:ageGp:fam 847:6:-1 by yellow 212:2:-1 at gen545 Univ0 prob=0.881
AgeVaxH35.js:2220 479I i:ageGp:fam 745:5:-1 by red 754:5:-1 at gen545 Univ0 prob=0.940
AgeVaxH35.js:2220 479I i:ageGp:fam 292:2:-1 by red 528:3:-1 at gen546 Univ0 prob=0.518
AgeVaxH35.js:2201 482I j:ageGp:fam 944:7:-1 by blue 101:1:-1 at gen547 Univ0 prob=0.610
AgeVaxH35.js:2220 482I i:ageGp:fam 102:1:-1 by yellow 745:5:-1 at gen547 Univ0 prob=0.114
AgeVaxH35.js:2201 483I j:ageGp:fam 961:8:-1 by red 39:0:-1 at gen548 Univ0 prob=0.754
AgeVaxH35.js:2201 483I j:ageGp:fam 997:9:-1 by blue 510:3:-1 at gen548 Univ0 prob=0.933
AgeVaxH35.js:2201 485I j:ageGp:fam 380:3:-1 by blue 360:3:-1 at gen549 Univ0 prob=0.819
AgeVaxH35.js:2201 485I j:ageGp:fam 721:5:-1 by red 444:3:-1 at gen549 Univ0 prob=0.546
AgeVaxH35.js:2220 487I i:ageGp:fam 564:4:-1 by blue 704:5:-1 at gen550 Univ0 prob=0.180
AgeVaxH35.js:2220 487I i:ageGp:fam 669:4:-1 by blue 704:5:-1 at gen550 Univ0 prob=0.426
AgeVaxH35.js:2201 489I j:ageGp:fam 76:1:-1 by red 39:0:-1 at gen551 Univ0 prob=0.069
AgeVaxH35.js:2201 489I j:ageGp:fam 840:6:-1 by blue 235:2:-1 at gen551 Univ0 prob=0.228
AgeVaxH35.js:2201 489I j:ageGp:fam 574:4:-1 by blue 492:3:-1 at gen551 Univ0 prob=0.768
AgeVaxH35.js:2220 491I i:ageGp:fam 96:1:-1 by blue 224:2:-1 at gen552 Univ0 prob=0.180
AgeVaxH35.js:2220 491I i:ageGp:fam 419:3:-1 by blue 561:4:-1 at gen552 Univ0 prob=0.418
AgeVaxH35.js:2220 491I i:ageGp:fam 612:4:-1 by blue 953:8:-1 at gen552 Univ0 prob=0.517
AgeVaxH35.js:2201 494I j:ageGp:fam 857:6:-1 by blue 308:2:-1 at gen553 Univ0 prob=0.547
AgeVaxH35.js:2220 494I i:ageGp:fam 467:3:-1 by red 906:7:-1 at gen553 Univ0 prob=0.652
AgeVaxH35.js:2201 499I j:ageGp:fam 887:6:-1 by blue 673:4:-1 at gen555 Univ0 prob=0.325
AgeVaxH35.js:2201 499I j:ageGp:fam 409:3:-1 by yellow 84:1:-1 at gen556 Univ0 prob=0.681
AgeVaxH35.js:2201 499I j:ageGp:fam 461:3:-1 by red 88:1:-1 at gen556 Univ0 prob=0.769
AgeVaxH35.js:2220 499I i:ageGp:fam 111:1:-1 by red 906:7:-1 at gen556 Univ0 prob=0.872
AgeVaxH35.js:2220 499I i:ageGp:fam 339:2:-1 by red 523:3:-1 at gen556 Univ0 prob=0.937
AgeVaxH35.js:2201 499I j:ageGp:fam 762:5:-1 by blue 510:3:-1 at gen556 Univ0 prob=0.642
AgeVaxH35.js:2201 500I j:ageGp:fam 682:4:-1 by blue 445:3:-1 at gen557 Univ0 prob=0.485
AgeVaxH35.js:2220 505I i:ageGp:fam 50:1:-1 by blue 445:3:-1 at gen558 Univ0 prob=0.077
AgeVaxH35.js:2220 505I i:ageGp:fam 724:5:-1 by blue 777:5:-1 at gen558 Univ0 prob=0.146
AgeVaxH35.js:2220 506I i:ageGp:fam 365:3:-1 by blue 994:9:-1 at gen559 Univ0 prob=0.842
AgeVaxH35.js:2201 506I j:ageGp:fam 735:5:-1 by blue 458:3:-1 at gen559 Univ0 prob=0.100
AgeVaxH35.js:2201 506I j:ageGp:fam 990:9:-1 by yellow 467:3:-1 at gen559 Univ0 prob=0.855
AgeVaxH35.js:2201 508I j:ageGp:fam 460:3:-1 by red 88:1:-1 at gen560 Univ0 prob=0.411
AgeVaxH35.js:2220 508I i:ageGp:fam 407:3:-1 by blue 827:6:-1 at gen560 Univ0 prob=0.154
AgeVaxH35.js:2220 511I i:ageGp:fam 4:0:-1 by blue 905:7:-1 at gen561 Univ0 prob=0.870
AgeVaxH35.js:2201 513I j:ageGp:fam 693:5:-1 by yellow 169:2:-1 at gen562 Univ0 prob=0.538
AgeVaxH35.js:2220 513I i:ageGp:fam 187:2:-1 by blue 704:5:-1 at gen562 Univ0 prob=0.758
AgeVaxH35.js:2220 513I i:ageGp:fam 668:4:-1 by blue 953:8:-1 at gen562 Univ0 prob=0.413
AgeVaxH35.js:2201 513I j:ageGp:fam 896:6:-1 by red 754:5:-1 at gen562 Univ0 prob=0.304
AgeVaxH35.js:2201 518I j:ageGp:fam 783:5:-1 by blue 269:2:-1 at gen564 Univ0 prob=0.659
AgeVaxH35.js:2201 518I j:ageGp:fam 876:6:-1 by red 611:4:-1 at gen564 Univ0 prob=0.816
AgeVaxH35.js:2220 518I i:ageGp:fam 273:2:-1 by blue 618:4:-1 at gen565 Univ0 prob=0.346
AgeVaxH35.js:2201 518I j:ageGp:fam 596:4:-1 by red 527:3:-1 at gen565 Univ0 prob=0.910
AgeVaxH35.js:2201 518I j:ageGp:fam 841:6:-1 by red 679:4:-1 at gen565 Univ0 prob=0.363
AgeVaxH35.js:2201 520I j:ageGp:fam 518:3:-1 by blue 349:2:-1 at gen566 Univ0 prob=0.174
AgeVaxH35.js:2201 520I j:ageGp:fam 910:7:-1 by red 437:3:-1 at gen566 Univ0 prob=0.781
AgeVaxH35.js:2201 523I j:ageGp:fam 351:2:-1 by blue 6:0:-1 at gen567 Univ0 prob=0.200
AgeVaxH35.js:2201 523I j:ageGp:fam 883:6:-1 by blue 308:2:-1 at gen567 Univ0 prob=0.325
AgeVaxH35.js:2220 525I i:ageGp:fam 89:1:-1 by red 129:1:-1 at gen568 Univ0 prob=0.879
AgeVaxH35.js:2201 525I j:ageGp:fam 666:4:-1 by red 413:3:-1 at gen568 Univ0 prob=0.166
AgeVaxH35.js:2220 527I i:ageGp:fam 296:2:-1 by blue 630:4:-1 at gen569 Univ0 prob=0.056
AgeVaxH35.js:2201 529I j:ageGp:fam 825:6:-1 by blue 26:0:-1 at gen570 Univ0 prob=0.560
AgeVaxH35.js:2201 529I j:ageGp:fam 743:5:-1 by blue 621:4:-1 at gen570 Univ0 prob=0.327
AgeVaxH35.js:2220 530I i:ageGp:fam 204:2:-1 by blue 308:2:-1 at gen571 Univ0 prob=0.427
AgeVaxH35.js:2220 530I i:ageGp:fam 249:2:-1 by blue 704:5:-1 at gen571 Univ0 prob=0.653
AgeVaxH35.js:2201 530I j:ageGp:fam 533:3:-1 by red 391:3:-1 at gen571 Univ0 prob=0.605
AgeVaxH35.js:2201 530I j:ageGp:fam 671:4:-1 by red 492:3:-1 at gen571 Univ0 prob=0.686
AgeVaxH35.js:2220 536I i:ageGp:fam 7:0:-1 by red 492:3:-1 at gen573 Univ0 prob=0.767
AgeVaxH35.js:2201 536I j:ageGp:fam 867:6:-1 by blue 31:0:-1 at gen573 Univ0 prob=0.201
AgeVaxH35.js:2220 536I i:ageGp:fam 41:1:-1 by red 640:4:-1 at gen573 Univ0 prob=0.964
AgeVaxH35.js:2201 536I j:ageGp:fam 966:8:-1 by blue 0:-1:-1 at gen574 Univ0 prob=0.860
AgeVaxH35.js:2220 539I i:ageGp:fam 192:2:-1 by blue 539:3:-1 at gen575 Univ0 prob=0.894
AgeVaxH35.js:2220 539I i:ageGp:fam 213:2:-1 by red 354:2:-1 at gen575 Univ0 prob=0.271
AgeVaxH35.js:2220 539I i:ageGp:fam 324:2:-1 by red 906:7:-1 at gen575 Univ0 prob=0.818
AgeVaxH35.js:2220 539I i:ageGp:fam 650:4:-1 by yellow 937:7:-1 at gen575 Univ0 prob=0.016
AgeVaxH35.js:2201 540I j:ageGp:fam 167:2:-1 by blue 157:2:-1 at gen576 Univ0 prob=0.008
AgeVaxH35.js:2220 540I i:ageGp:fam 281:2:-1 by red 996:9:-1 at gen576 Univ0 prob=0.279
AgeVaxH35.js:2220 544I i:ageGp:fam 158:2:-1 by red 996:9:-1 at gen577 Univ0 prob=0.805
AgeVaxH35.js:2220 544I i:ageGp:fam 183:2:-1 by blue 227:2:-1 at gen577 Univ0 prob=0.796
AgeVaxH35.js:2201 544I j:ageGp:fam 738:5:-1 by yellow 192:2:-1 at gen577 Univ0 prob=0.964
AgeVaxH35.js:2220 544I i:ageGp:fam 245:2:-1 by blue 562:4:-1 at gen577 Univ0 prob=0.684
AgeVaxH35.js:2220 544I i:ageGp:fam 530:3:-1 by blue 821:6:-1 at gen577 Univ0 prob=0.402
AgeVaxH35.js:2201 546I j:ageGp:fam 486:3:-1 by blue 199:2:-1 at gen578 Univ0 prob=0.173
AgeVaxH35.js:2201 546I j:ageGp:fam 907:7:-1 by red 906:7:-1 at gen578 Univ0 prob=0.055
AgeVaxH35.js:2201 551I j:ageGp:fam 606:4:-1 by blue 235:2:-1 at gen579 Univ0 prob=0.074
AgeVaxH35.js:2220 551I i:ageGp:fam 309:2:-1 by red 354:2:-1 at gen579 Univ0 prob=0.092
AgeVaxH35.js:2220 551I i:ageGp:fam 316:2:-1 by blue 733:5:-1 at gen579 Univ0 prob=0.490
AgeVaxH35.js:2201 553I j:ageGp:fam 676:4:-1 by blue 551:4:-1 at gen580 Univ0 prob=0.578
AgeVaxH35.js:2201 556I j:ageGp:fam 890:6:-1 by blue 199:2:-1 at gen581 Univ0 prob=0.128
AgeVaxH35.js:2220 557I i:ageGp:fam 210:2:-1 by blue 630:4:-1 at gen582 Univ0 prob=0.402
AgeVaxH35.js:2220 557I i:ageGp:fam 276:2:-1 by blue 445:3:-1 at gen582 Univ0 prob=0.743
AgeVaxH35.js:2220 560I i:ageGp:fam 80:1:-1 by blue 212:2:-1 at gen584 Univ0 prob=0.339
AgeVaxH35.js:2220 560I i:ageGp:fam 154:2:-1 by red 994:9:-1 at gen585 Univ0 prob=0.530
AgeVaxH35.js:2201 560I j:ageGp:fam 480:3:-1 by yellow 475:3:-1 at gen585 Univ0 prob=0.881
AgeVaxH35.js:2220 561I i:ageGp:fam 30:0:-1 by blue 551:4:-1 at gen586 Univ0 prob=0.682
AgeVaxH35.js:2220 561I i:ageGp:fam 61:1:-1 by blue 445:3:-1 at gen586 Univ0 prob=0.829
AgeVaxH35.js:2201 561I j:ageGp:fam 759:5:-1 by blue 119:1:-1 at gen586 Univ0 prob=0.093
AgeVaxH35.js:2201 561I j:ageGp:fam 691:5:-1 by blue 458:3:-1 at gen586 Univ0 prob=0.036
AgeVaxH35.js:2220 563I i:ageGp:fam 576:4:-1 by blue 756:5:-1 at gen587 Univ0 prob=0.008
AgeVaxH35.js:2220 567I i:ageGp:fam 719:5:-1 by blue 733:5:-1 at gen588 Univ0 prob=0.570
AgeVaxH35.js:2201 568I j:ageGp:fam 609:4:-1 by blue 37:0:-1 at gen589 Univ0 prob=0.601
AgeVaxH35.js:2201 568I j:ageGp:fam 653:4:-1 by red 354:2:-1 at gen589 Univ0 prob=0.214
AgeVaxH35.js:2201 569I j:ageGp:fam 384:3:-1 by blue 235:2:-1 at gen590 Univ0 prob=0.612
AgeVaxH35.js:2201 569I j:ageGp:fam 714:5:-1 by red 492:3:-1 at gen590 Univ0 prob=0.278
AgeVaxH35.js:2201 569I j:ageGp:fam 803:5:-1 by blue 733:5:-1 at gen590 Univ0 prob=0.539
AgeVaxH35.js:2220 571I i:ageGp:fam 18:0:-1 by blue 116:1:-1 at gen591 Univ0 prob=0.400
AgeVaxH35.js:2201 571I j:ageGp:fam 449:3:-1 by red 35:0:-1 at gen591 Univ0 prob=0.241
AgeVaxH35.js:2220 571I i:ageGp:fam 259:2:-1 by blue 704:5:-1 at gen591 Univ0 prob=0.979
AgeVaxH35.js:2220 571I i:ageGp:fam 500:3:-1 by blue 733:5:-1 at gen591 Univ0 prob=0.186
AgeVaxH35.js:2201 574I j:ageGp:fam 850:6:-1 by yellow 78:1:-1 at gen592 Univ0 prob=0.364
AgeVaxH35.js:2201 574I j:ageGp:fam 969:8:-1 by red 86:1:-1 at gen592 Univ0 prob=0.776
AgeVaxH35.js:2220 574I i:ageGp:fam 353:2:-1 by red 492:3:-1 at gen592 Univ0 prob=0.259
AgeVaxH35.js:2201 578I j:ageGp:fam 355:2:-1 by blue 53:1:-1 at gen593 Univ0 prob=0.700
AgeVaxH35.js:2201 578I j:ageGp:fam 371:3:-1 by blue 116:1:-1 at gen593 Univ0 prob=0.669
AgeVaxH35.js:2201 578I j:ageGp:fam 684:4:-1 by blue 201:2:-1 at gen593 Univ0 prob=0.617
AgeVaxH35.js:2220 581I i:ageGp:fam 330:2:-1 by red 611:4:-1 at gen594 Univ0 prob=0.956
AgeVaxH35.js:2201 581I j:ageGp:fam 864:6:-1 by red 770:5:-1 at gen594 Univ0 prob=0.060
AgeVaxH35.js:2220 581I i:ageGp:fam 865:6:-1 by blue 925:7:-1 at gen594 Univ0 prob=0.690
AgeVaxH35.js:2220 584I i:ageGp:fam 569:4:-1 by blue 852:6:-1 at gen595 Univ0 prob=0.602
AgeVaxH35.js:2220 587I i:ageGp:fam 661:4:-1 by yellow 669:4:-1 at gen596 Univ0 prob=0.504
AgeVaxH35.js:2201 589I j:ageGp:fam 885:6:-1 by red 87:1:-1 at gen598 Univ0 prob=0.707
AgeVaxH35.js:2220 589I i:ageGp:fam 225:2:-1 by blue 451:3:-1 at gen598 Univ0 prob=0.759
AgeVaxH35.js:2201 589I j:ageGp:fam 591:4:-1 by red 282:2:-1 at gen598 Univ0 prob=0.256
AgeVaxH35.js:2220 589I i:ageGp:fam 47:1:-1 by red 673:4:-1 at gen599 Univ0 prob=0.347
AgeVaxH35.js:2220 589I i:ageGp:fam 70:1:-1 by red 627:4:-1 at gen599 Univ0 prob=0.114
AgeVaxH35.js:2201 589I j:ageGp:fam 970:8:-1 by red 106:1:-1 at gen599 Univ0 prob=0.988
AgeVaxH35.js:2220 589I i:ageGp:fam 448:3:-1 by blue 777:5:-1 at gen599 Univ0 prob=0.545
AgeVaxH35.js:2220 589I i:ageGp:fam 485:3:-1 by red 764:5:-1 at gen599 Univ0 prob=0.658
AgeVaxH35.js:2220 589I i:ageGp:fam 620:4:-1 by blue 733:5:-1 at gen599 Univ0 prob=0.739
AgeVaxH35.js:2201 598I j:ageGp:fam 796:5:-1 by red 445:3:-1 at gen601 Univ0 prob=0.447
AgeVaxH35.js:2201 598I j:ageGp:fam 711:5:-1 by red 31:0:-1 at gen602 Univ0 prob=0.091
AgeVaxH35.js:2201 598I j:ageGp:fam 685:4:-1 by blue 117:1:-1 at gen602 Univ0 prob=0.692
AgeVaxH35.js:2201 599I j:ageGp:fam 897:6:-1 by red 201:2:-1 at gen603 Univ0 prob=0.236
AgeVaxH35.js:2220 601I i:ageGp:fam 432:3:-1 by blue 564:4:-1 at gen604 Univ0 prob=0.061
AgeVaxH35.js:2220 601I i:ageGp:fam 483:3:-1 by blue 777:5:-1 at gen604 Univ0 prob=0.347
AgeVaxH35.js:2201 602I j:ageGp:fam 659:4:-1 by blue 419:3:-1 at gen605 Univ0 prob=0.855
AgeVaxH35.js:2201 602I j:ageGp:fam 945:7:-1 by red 906:7:-1 at gen605 Univ0 prob=0.115
AgeVaxH35.js:2220 606I i:ageGp:fam 64:1:-1 by red 838:6:-1 at gen607 Univ0 prob=0.827
AgeVaxH35.js:2201 606I j:ageGp:fam 639:4:-1 by yellow 158:2:-1 at gen607 Univ0 prob=0.032
AgeVaxH35.js:2201 606I j:ageGp:fam 639:4:-1 by blue 180:2:-1 at gen607 Univ0 prob=0.629
AgeVaxH35.js:2220 606I i:ageGp:fam 237:2:-1 by blue 826:6:-1 at gen607 Univ0 prob=0.734
AgeVaxH35.js:2201 606I j:ageGp:fam 809:5:-1 by red 354:2:-1 at gen607 Univ0 prob=0.828
AgeVaxH35.js:2201 606I j:ageGp:fam 750:5:-1 by red 635:4:-1 at gen607 Univ0 prob=0.289
AgeVaxH35.js:2201 606I j:ageGp:fam 608:4:-1 by red 279:2:-1 at gen608 Univ0 prob=0.701
AgeVaxH35.js:2201 611I j:ageGp:fam 207:2:-1 by yellow 80:1:-1 at gen609 Univ0 prob=0.837
AgeVaxH35.js:2220 611I i:ageGp:fam 147:2:-1 by red 906:7:-1 at gen609 Univ0 prob=0.012
AgeVaxH35.js:2220 612I i:ageGp:fam 113:1:-1 by yellow 735:5:-1 at gen610 Univ0 prob=0.364
AgeVaxH35.js:2201 615I j:ageGp:fam 740:5:-1 by blue 26:0:-1 at gen612 Univ0 prob=0.730
AgeVaxH35.js:2220 615I i:ageGp:fam 124:1:-1 by blue 143:2:-1 at gen612 Univ0 prob=0.336
AgeVaxH35.js:2201 615I j:ageGp:fam 429:3:-1 by red 358:2:-1 at gen612 Univ0 prob=0.450
AgeVaxH35.js:2201 615I j:ageGp:fam 698:5:-1 by red 527:3:-1 at gen612 Univ0 prob=0.304
AgeVaxH35.js:2201 615I j:ageGp:fam 665:4:-1 by red 587:4:-1 at gen612 Univ0 prob=0.355
AgeVaxH35.js:2201 615I j:ageGp:fam 722:5:-1 by red 527:3:-1 at gen613 Univ0 prob=0.516
AgeVaxH35.js:2201 615I j:ageGp:fam 736:5:-1 by red 630:4:-1 at gen613 Univ0 prob=0.900
AgeVaxH35.js:2220 615I i:ageGp:fam 667:4:-1 by blue 874:6:-1 at gen613 Univ0 prob=0.594
AgeVaxH35.js:2220 620I i:ageGp:fam 11:0:-1 by blue 467:3:-1 at gen614 Univ0 prob=0.483
AgeVaxH35.js:2201 620I j:ageGp:fam 300:2:-1 by red 244:2:-1 at gen614 Univ0 prob=0.178
AgeVaxH35.js:2201 620I j:ageGp:fam 814:5:-1 by red 244:2:-1 at gen614 Univ0 prob=0.814
AgeVaxH35.js:2201 620I j:ageGp:fam 943:7:-1 by blue 467:3:-1 at gen614 Univ0 prob=0.819
AgeVaxH35.js:2220 627I i:ageGp:fam 17:0:-1 by blue 37:0:-1 at gen616 Univ0 prob=0.244
AgeVaxH35.js:2220 627I i:ageGp:fam 318:2:-1 by red 437:3:-1 at gen616 Univ0 prob=0.375
AgeVaxH35.js:2201 629I j:ageGp:fam 642:4:-1 by blue 345:2:-1 at gen618 Univ0 prob=0.497
AgeVaxH35.js:2201 629I j:ageGp:fam 872:6:-1 by red 777:5:-1 at gen618 Univ0 prob=0.389
AgeVaxH35.js:2201 629I j:ageGp:fam 411:3:-1 by red 269:2:-1 at gen619 Univ0 prob=0.964
AgeVaxH35.js:2220 629I i:ageGp:fam 430:3:-1 by blue 874:6:-1 at gen619 Univ0 prob=0.386
AgeVaxH35.js:2220 629I i:ageGp:fam 503:3:-1 by blue 874:6:-1 at gen619 Univ0 prob=0.433
AgeVaxH35.js:2220 631I i:ageGp:fam 378:3:-1 by blue 847:6:-1 at gen620 Univ0 prob=0.526
AgeVaxH35.js:2220 631I i:ageGp:fam 660:4:-1 by blue 997:9:-1 at gen620 Univ0 prob=0.749
AgeVaxH35.js:2201 634I j:ageGp:fam 647:4:-1 by blue 84:1:-1 at gen621 Univ0 prob=0.376
AgeVaxH35.js:2220 634I i:ageGp:fam 433:3:-1 by red 527:3:-1 at gen621 Univ0 prob=0.778
AgeVaxH35.js:2220 634I i:ageGp:fam 846:6:-1 by blue 847:6:-1 at gen621 Univ0 prob=0.516
AgeVaxH35.js:2201 636I j:ageGp:fam 828:6:-1 by red 8:0:-1 at gen622 Univ0 prob=0.085
AgeVaxH35.js:2220 636I i:ageGp:fam 730:5:-1 by red 906:7:-1 at gen622 Univ0 prob=0.810
AgeVaxH35.js:2220 639I i:ageGp:fam 60:1:-1 by red 672:4:-1 at gen623 Univ0 prob=0.684
AgeVaxH35.js:2201 639I j:ageGp:fam 463:3:-1 by blue 62:1:-1 at gen623 Univ0 prob=0.263
AgeVaxH35.js:2201 639I j:ageGp:fam 487:3:-1 by red 197:2:-1 at gen623 Univ0 prob=0.913
AgeVaxH35.js:2201 641I j:ageGp:fam 512:3:-1 by yellow 167:2:-1 at gen624 Univ0 prob=0.960
AgeVaxH35.js:2220 641I i:ageGp:fam 288:2:-1 by blue 925:7:-1 at gen624 Univ0 prob=0.667
AgeVaxH35.js:2220 641I i:ageGp:fam 298:2:-1 by red 779:5:-1 at gen624 Univ0 prob=0.143
AgeVaxH35.js:2220 644I i:ageGp:fam 93:1:-1 by blue 102:1:-1 at gen625 Univ0 prob=0.521
AgeVaxH35.js:2201 644I j:ageGp:fam 584:4:-1 by blue 467:3:-1 at gen625 Univ0 prob=0.481
AgeVaxH35.js:2220 647I i:ageGp:fam 118:1:-1 by red 169:2:-1 at gen626 Univ0 prob=0.768
AgeVaxH35.js:2220 647I i:ageGp:fam 361:3:-1 by red 527:3:-1 at gen626 Univ0 prob=0.717
AgeVaxH35.js:2201 647I j:ageGp:fam 585:4:-1 by blue 574:4:-1 at gen626 Univ0 prob=0.830
AgeVaxH35.js:2220 647I i:ageGp:fam 833:6:-1 by red 905:7:-1 at gen626 Univ0 prob=0.804
AgeVaxH35.js:2220 649I i:ageGp:fam 140:2:-1 by red 627:4:-1 at gen627 Univ0 prob=0.916
AgeVaxH35.js:2220 649I i:ageGp:fam 211:2:-1 by blue 692:5:-1 at gen627 Univ0 prob=0.899
AgeVaxH35.js:2201 649I j:ageGp:fam 946:7:-1 by blue 419:3:-1 at gen627 Univ0 prob=0.829
AgeVaxH35.js:2220 649I i:ageGp:fam 490:3:-1 by red 712:5:-1 at gen627 Univ0 prob=0.137
AgeVaxH35.js:2220 653I i:ageGp:fam 181:2:-1 by blue 467:3:-1 at gen628 Univ0 prob=0.497
AgeVaxH35.js:2220 653I i:ageGp:fam 217:2:-1 by blue 857:6:-1 at gen628 Univ0 prob=0.319
AgeVaxH35.js:2201 653I j:ageGp:fam 916:7:-1 by red 413:3:-1 at gen628 Univ0 prob=0.968
AgeVaxH35.js:2220 653I i:ageGp:fam 624:4:-1 by blue 669:4:-1 at gen628 Univ0 prob=0.459
AgeVaxH35.js:2201 661I j:ageGp:fam 256:2:-1 by blue 180:2:-1 at gen630 Univ0 prob=0.174
AgeVaxH35.js:2220 661I i:ageGp:fam 191:2:-1 by red 328:2:-1 at gen630 Univ0 prob=0.120
AgeVaxH35.js:2220 661I i:ageGp:fam 372:3:-1 by red 437:3:-1 at gen630 Univ0 prob=0.740
AgeVaxH35.js:2220 661I i:ageGp:fam 28:0:-1 by blue 167:2:-1 at gen631 Univ0 prob=0.833
AgeVaxH35.js:2201 661I j:ageGp:fam 782:5:-1 by red 346:2:-1 at gen631 Univ0 prob=0.492
AgeVaxH35.js:2201 661I j:ageGp:fam 496:3:-1 by red 492:3:-1 at gen631 Univ0 prob=0.635
AgeVaxH35.js:2220 661I i:ageGp:fam 588:4:-1 by blue 830:6:-1 at gen631 Univ0 prob=0.508
AgeVaxH35.js:2201 664I j:ageGp:fam 723:5:-1 by red 527:3:-1 at gen632 Univ0 prob=0.261
AgeVaxH35.js:2201 668I j:ageGp:fam 176:2:-1 by red 173:2:-1 at gen633 Univ0 prob=0.459
AgeVaxH35.js:2220 668I i:ageGp:fam 488:3:-1 by red 611:4:-1 at gen633 Univ0 prob=0.717
AgeVaxH35.js:2201 668I j:ageGp:fam 811:5:-1 by red 630:4:-1 at gen633 Univ0 prob=0.362
AgeVaxH35.js:2220 668I i:ageGp:fam 811:5:-1 by blue 944:7:-1 at gen633 Univ0 prob=0.492
AgeVaxH35.js:2201 672I j:ageGp:fam 393:3:-1 by blue 180:2:-1 at gen636 Univ0 prob=0.653
AgeVaxH35.js:2220 672I i:ageGp:fam 427:3:-1 by red 838:6:-1 at gen636 Univ0 prob=0.412
AgeVaxH35.js:2220 672I i:ageGp:fam 623:4:-1 by red 627:4:-1 at gen636 Univ0 prob=0.822
AgeVaxH35.js:2220 675I i:ageGp:fam 323:2:-1 by blue 691:5:-1 at gen638 Univ0 prob=0.183
AgeVaxH35.js:2220 675I i:ageGp:fam 350:2:-1 by blue 783:5:-1 at gen638 Univ0 prob=0.981
AgeVaxH35.js:2220 675I i:ageGp:fam 27:0:-1 by red 629:4:-1 at gen639 Univ0 prob=0.021
AgeVaxH35.js:2201 675I j:ageGp:fam 97:1:-1 by blue 50:1:-1 at gen639 Univ0 prob=0.971
AgeVaxH35.js:2220 675I i:ageGp:fam 163:2:-1 by red 244:2:-1 at gen639 Univ0 prob=0.639
AgeVaxH35.js:2220 675I i:ageGp:fam 286:2:-1 by blue 559:4:-1 at gen639 Univ0 prob=0.973
AgeVaxH35.js:2201 677I j:ageGp:fam 321:2:-1 by red 31:0:-1 at gen640 Univ0 prob=0.451
AgeVaxH35.js:2220 677I i:ageGp:fam 342:2:-1 by red 635:4:-1 at gen640 Univ0 prob=0.083
AgeVaxH35.js:2220 681I i:ageGp:fam 141:2:-1 by yellow 350:2:-1 at gen641 Univ0 prob=0.985
AgeVaxH35.js:2201 681I j:ageGp:fam 831:6:-1 by red 212:2:-1 at gen641 Univ0 prob=0.416
AgeVaxH35.js:2201 681I j:ageGp:fam 751:5:-1 by blue 428:3:-1 at gen641 Univ0 prob=0.811
AgeVaxH35.js:2220 683I i:ageGp:fam 670:4:-1 by blue 735:5:-1 at gen642 Univ0 prob=0.255
AgeVaxH35.js:2220 686I i:ageGp:fam 195:2:-1 by blue 493:3:-1 at gen643 Univ0 prob=0.309
AgeVaxH35.js:2201 687I j:ageGp:fam 900:6:-1 by blue 30:0:-1 at gen644 Univ0 prob=0.628
AgeVaxH35.js:2220 687I i:ageGp:fam 66:1:-1 by red 235:2:-1 at gen644 Univ0 prob=0.654
AgeVaxH35.js:2201 687I j:ageGp:fam 507:3:-1 by red 235:2:-1 at gen644 Univ0 prob=0.041
AgeVaxH35.js:2201 687I j:ageGp:fam 785:5:-1 by red 317:2:-1 at gen644 Univ0 prob=0.556
AgeVaxH35.js:2220 687I i:ageGp:fam 387:3:-1 by blue 874:6:-1 at gen644 Univ0 prob=0.030
AgeVaxH35.js:2201 687I j:ageGp:fam 771:5:-1 by red 492:3:-1 at gen644 Univ0 prob=0.735
AgeVaxH35.js:2201 688I j:ageGp:fam 83:1:-1 by red 53:1:-1 at gen645 Univ0 prob=0.376
AgeVaxH35.js:2201 688I j:ageGp:fam 832:6:-1 by blue 210:2:-1 at gen645 Univ0 prob=0.424
AgeVaxH35.js:2220 688I i:ageGp:fam 464:3:-1 by red 925:7:-1 at gen645 Univ0 prob=0.759
AgeVaxH35.js:2201 694I j:ageGp:fam 775:5:-1 by blue 154:2:-1 at gen646 Univ0 prob=0.588
AgeVaxH35.js:2220 697I i:ageGp:fam 340:2:-1 by red 611:4:-1 at gen647 Univ0 prob=0.469
AgeVaxH35.js:2220 697I i:ageGp:fam 699:5:-1 by blue 990:9:-1 at gen647 Univ0 prob=0.978
AgeVaxH35.js:2201 700I j:ageGp:fam 537:3:-1 by blue 324:2:-1 at gen649 Univ0 prob=0.874
AgeVaxH35.js:2220 700I i:ageGp:fam 329:2:-1 by red 905:7:-1 at gen650 Univ0 prob=0.176
AgeVaxH35.js:2201 700I j:ageGp:fam 687:4:-1 by red 428:3:-1 at gen650 Univ0 prob=0.463
AgeVaxH35.js:2201 701I j:ageGp:fam 674:4:-1 by red 201:2:-1 at gen651 Univ0 prob=0.754
AgeVaxH35.js:2220 701I i:ageGp:fam 251:2:-1 by red 627:4:-1 at gen651 Univ0 prob=0.774
AgeVaxH35.js:2201 703I j:ageGp:fam 644:4:-1 by blue 296:2:-1 at gen652 Univ0 prob=0.250
AgeVaxH35.js:2201 703I j:ageGp:fam 920:7:-1 by blue 876:6:-1 at gen652 Univ0 prob=0.989
AgeVaxH35.js:2220 705I i:ageGp:fam 216:2:-1 by yellow 483:3:-1 at gen653 Univ0 prob=0.631
AgeVaxH35.js:2220 705I i:ageGp:fam 290:2:-1 by blue 857:6:-1 at gen653 Univ0 prob=0.207
AgeVaxH35.js:2220 705I i:ageGp:fam 456:3:-1 by red 704:5:-1 at gen653 Univ0 prob=0.297
AgeVaxH35.js:2220 705I i:ageGp:fam 703:5:-1 by yellow 809:5:-1 at gen653 Univ0 prob=0.371
AgeVaxH35.js:2220 707I i:ageGp:fam 44:1:-1 by red 235:2:-1 at gen654 Univ0 prob=0.902
AgeVaxH35.js:2220 707I i:ageGp:fam 59:1:-1 by red 777:5:-1 at gen654 Univ0 prob=0.200
AgeVaxH35.js:2201 707I j:ageGp:fam 843:6:-1 by red 611:4:-1 at gen654 Univ0 prob=0.420
AgeVaxH35.js:2220 707I i:ageGp:fam 726:5:-1 by red 754:5:-1 at gen654 Univ0 prob=0.333
AgeVaxH35.js:2220 711I i:ageGp:fam 179:2:-1 by blue 825:6:-1 at gen655 Univ0 prob=0.543
AgeVaxH35.js:2201 711I j:ageGp:fam 795:5:-1 by yellow 750:5:-1 at gen655 Univ0 prob=0.367
AgeVaxH35.js:2220 715I i:ageGp:fam 67:1:-1 by blue 70:1:-1 at gen656 Univ0 prob=0.877
AgeVaxH35.js:2201 717I j:ageGp:fam 602:4:-1 by red 38:0:-1 at gen657 Univ0 prob=0.009
AgeVaxH35.js:2220 717I i:ageGp:fam 272:2:-1 by red 442:3:-1 at gen657 Univ0 prob=0.374
AgeVaxH35.js:2201 718I j:ageGp:fam 856:6:-1 by blue 76:1:-1 at gen658 Univ0 prob=0.715
AgeVaxH35.js:2201 718I j:ageGp:fam 880:6:-1 by blue 210:2:-1 at gen658 Univ0 prob=0.466
AgeVaxH35.js:2201 718I j:ageGp:fam 414:3:-1 by red 235:2:-1 at gen658 Univ0 prob=0.757
AgeVaxH35.js:2220 718I i:ageGp:fam 268:2:-1 by blue 809:5:-1 at gen658 Univ0 prob=0.756
AgeVaxH35.js:2220 720I i:ageGp:fam 45:1:-1 by red 874:6:-1 at gen659 Univ0 prob=0.028
AgeVaxH35.js:2201 720I j:ageGp:fam 364:3:-1 by blue 50:1:-1 at gen659 Univ0 prob=0.738
AgeVaxH35.js:2201 724I j:ageGp:fam 648:4:-1 by red 42:1:-1 at gen660 Univ0 prob=0.441
AgeVaxH35.js:2220 724I i:ageGp:fam 142:2:-1 by red 162:2:-1 at gen660 Univ0 prob=0.345
AgeVaxH35.js:2220 724I i:ageGp:fam 356:2:-1 by blue 809:5:-1 at gen660 Univ0 prob=0.480
AgeVaxH35.js:2220 724I i:ageGp:fam 412:3:-1 by blue 530:3:-1 at gen660 Univ0 prob=0.840
AgeVaxH35.js:2220 726I i:ageGp:fam 471:3:-1 by blue 650:4:-1 at gen661 Univ0 prob=0.625
AgeVaxH35.js:2220 726I i:ageGp:fam 589:4:-1 by red 925:7:-1 at gen661 Univ0 prob=0.427
AgeVaxH35.js:2201 730I j:ageGp:fam 936:7:-1 by yellow 814:5:-1 at gen662 Univ0 prob=0.896
AgeVaxH35.js:2220 733I i:ageGp:fam 264:2:-1 by red 625:4:-1 at gen664 Univ0 prob=0.581
AgeVaxH35.js:2201 734I j:ageGp:fam 823:6:-1 by blue 225:2:-1 at gen666 Univ0 prob=0.572
AgeVaxH35.js:2201 734I j:ageGp:fam 860:6:-1 by blue 609:4:-1 at gen666 Univ0 prob=0.652
AgeVaxH35.js:2220 734I i:ageGp:fam 159:2:-1 by yellow 430:3:-1 at gen667 Univ0 prob=0.364
AgeVaxH35.js:2201 734I j:ageGp:fam 729:5:-1 by yellow 503:3:-1 at gen667 Univ0 prob=0.297
AgeVaxH35.js:2220 736I i:ageGp:fam 178:2:-1 by red 821:6:-1 at gen668 Univ0 prob=0.007
AgeVaxH35.js:2201 738I j:ageGp:fam 347:2:-1 by blue 259:2:-1 at gen669 Univ0 prob=0.611
AgeVaxH35.js:2220 738I i:ageGp:fam 347:2:-1 by red 944:7:-1 at gen669 Univ0 prob=0.098
AgeVaxH35.js:2220 739I i:ageGp:fam 29:0:-1 by yellow 828:6:-1 at gen670 Univ0 prob=0.680
AgeVaxH35.js:2201 740I j:ageGp:fam 931:7:-1 by red 6:0:-1 at gen671 Univ0 prob=0.824
AgeVaxH35.js:2201 740I j:ageGp:fam 598:4:-1 by red 38:0:-1 at gen671 Univ0 prob=0.203
AgeVaxH35.js:2220 740I i:ageGp:fam 55:1:-1 by red 437:3:-1 at gen671 Univ0 prob=0.780
AgeVaxH35.js:2220 740I i:ageGp:fam 55:1:-1 by red 847:6:-1 at gen671 Univ0 prob=0.047
AgeVaxH35.js:2220 740I i:ageGp:fam 71:1:-1 by red 87:1:-1 at gen671 Univ0 prob=0.253
AgeVaxH35.js:2201 740I j:ageGp:fam 917:7:-1 by blue 665:4:-1 at gen671 Univ0 prob=0.799
AgeVaxH35.js:2201 746I j:ageGp:fam 835:6:-1 by red 84:1:-1 at gen673 Univ0 prob=0.105
AgeVaxH35.js:2220 746I i:ageGp:fam 148:2:-1 by blue 330:2:-1 at gen673 Univ0 prob=0.675
AgeVaxH35.js:2201 746I j:ageGp:fam 839:6:-1 by red 201:2:-1 at gen673 Univ0 prob=0.535
AgeVaxH35.js:2220 746I i:ageGp:fam 257:2:-1 by blue 814:5:-1 at gen673 Univ0 prob=0.551
AgeVaxH35.js:2220 746I i:ageGp:fam 291:2:-1 by blue 896:6:-1 at gen673 Univ0 prob=0.265
AgeVaxH35.js:2201 746I j:ageGp:fam 768:5:-1 by blue 730:5:-1 at gen673 Univ0 prob=0.428
AgeVaxH35.js:2201 746I j:ageGp:fam 382:3:-1 by blue 70:1:-1 at gen674 Univ0 prob=0.618
AgeVaxH35.js:2201 746I j:ageGp:fam 577:4:-1 by blue 70:1:-1 at gen674 Univ0 prob=0.339
AgeVaxH35.js:2201 746I j:ageGp:fam 583:4:-1 by blue 167:2:-1 at gen674 Univ0 prob=0.943
AgeVaxH35.js:2201 746I j:ageGp:fam 622:4:-1 by blue 259:2:-1 at gen674 Univ0 prob=0.115
AgeVaxH35.js:2220 746I i:ageGp:fam 516:3:-1 by blue 691:5:-1 at gen674 Univ0 prob=0.228
AgeVaxH35.js:2220 752I i:ageGp:fam 126:1:-1 by blue 210:2:-1 at gen675 Univ0 prob=0.798
AgeVaxH35.js:2220 752I i:ageGp:fam 161:2:-1 by red 713:5:-1 at gen675 Univ0 prob=0.614
AgeVaxH35.js:2220 752I i:ageGp:fam 501:3:-1 by blue 576:4:-1 at gen675 Univ0 prob=0.115
AgeVaxH35.js:2220 752I i:ageGp:fam 505:3:-1 by blue 530:3:-1 at gen675 Univ0 prob=0.979
AgeVaxH35.js:2201 761I j:ageGp:fam 92:1:-1 by red 53:1:-1 at gen677 Univ0 prob=0.187
AgeVaxH35.js:2201 761I j:ageGp:fam 972:8:-1 by red 247:2:-1 at gen677 Univ0 prob=0.820
AgeVaxH35.js:2220 761I i:ageGp:fam 326:2:-1 by red 592:4:-1 at gen677 Univ0 prob=0.414
AgeVaxH35.js:2220 761I i:ageGp:fam 892:6:-1 by blue 990:9:-1 at gen677 Univ0 prob=0.816
AgeVaxH35.js:2201 765I j:ageGp:fam 894:6:-1 by red 162:2:-1 at gen679 Univ0 prob=0.143
AgeVaxH35.js:2220 765I i:ageGp:fam 220:2:-1 by blue 809:5:-1 at gen679 Univ0 prob=0.183
AgeVaxH35.js:2220 765I i:ageGp:fam 262:2:-1 by red 302:2:-1 at gen680 Univ0 prob=0.638
AgeVaxH35.js:2201 768I j:ageGp:fam 234:2:-1 by blue 70:1:-1 at gen682 Univ0 prob=0.757
AgeVaxH35.js:2220 768I i:ageGp:fam 434:3:-1 by blue 496:3:-1 at gen682 Univ0 prob=0.726
AgeVaxH35.js:2201 768I j:ageGp:fam 567:4:-1 by red 53:1:-1 at gen683 Univ0 prob=0.881
AgeVaxH35.js:2220 768I i:ageGp:fam 610:4:-1 by red 724:5:-1 at gen683 Univ0 prob=0.246
AgeVaxH35.js:2220 772I i:ageGp:fam 160:2:-1 by blue 691:5:-1 at gen686 Univ0 prob=0.295
AgeVaxH35.js:2220 772I i:ageGp:fam 171:2:-1 by blue 330:2:-1 at gen686 Univ0 prob=0.838
AgeVaxH35.js:2201 772I j:ageGp:fam 689:4:-1 by blue 70:1:-1 at gen687 Univ0 prob=0.264
AgeVaxH35.js:2201 775I j:ageGp:fam 800:5:-1 by red 87:1:-1 at gen690 Univ0 prob=0.285
AgeVaxH35.js:2201 775I j:ageGp:fam 572:4:-1 by red 201:2:-1 at gen690 Univ0 prob=0.400
AgeVaxH35.js:2220 775I i:ageGp:fam 242:2:-1 by blue 943:7:-1 at gen691 Univ0 prob=0.314
AgeVaxH35.js:2220 775I i:ageGp:fam 555:4:-1 by red 830:6:-1 at gen691 Univ0 prob=0.821
AgeVaxH35.js:2201 777I j:ageGp:fam 556:4:-1 by red 53:1:-1 at gen692 Univ0 prob=0.829
AgeVaxH35.js:2201 777I j:ageGp:fam 707:5:-1 by red 244:2:-1 at gen692 Univ0 prob=0.653
AgeVaxH35.js:2220 777I i:ageGp:fam 497:3:-1 by blue 872:6:-1 at gen692 Univ0 prob=0.040
AgeVaxH35.js:2201 779I j:ageGp:fam 131:2:-1 by blue 70:1:-1 at gen693 Univ0 prob=0.741
AgeVaxH35.js:2220 779I i:ageGp:fam 138:2:-1 by red 997:9:-1 at gen693 Univ0 prob=0.920
AgeVaxH35.js:2201 782I j:ageGp:fam 417:3:-1 by red 167:2:-1 at gen694 Univ0 prob=0.058
AgeVaxH35.js:2220 784I i:ageGp:fam 95:1:-1 by red 249:2:-1 at gen695 Univ0 prob=0.864
AgeVaxH35.js:2220 785I i:ageGp:fam 410:3:-1 by blue 872:6:-1 at gen696 Univ0 prob=0.106
AgeVaxH35.js:2201 786I j:ageGp:fam 983:9:-1 by blue 60:1:-1 at gen697 Univ0 prob=0.963
AgeVaxH35.js:2201 786I j:ageGp:fam 233:2:-1 by blue 70:1:-1 at gen697 Univ0 prob=0.429
AgeVaxH35.js:2201 787I j:ageGp:fam 818:5:-1 by blue 83:1:-1 at gen698 Univ0 prob=0.233
AgeVaxH35.js:2201 790I j:ageGp:fam 881:6:-1 by yellow 251:2:-1 at gen700 Univ0 prob=0.453
AgeVaxH35.js:2201 790I j:ageGp:fam 446:3:-1 by blue 181:2:-1 at gen701 Univ0 prob=0.037
AgeVaxH35.js:2201 791I j:ageGp:fam 396:3:-1 by blue 66:1:-1 at gen702 Univ0 prob=0.235
AgeVaxH35.js:2201 791I j:ageGp:fam 767:5:-1 by red 108:1:-1 at gen702 Univ0 prob=0.517
AgeVaxH35.js:2201 791I j:ageGp:fam 633:4:-1 by red 437:3:-1 at gen702 Univ0 prob=0.988
AgeVaxH35.js:2220 792I i:ageGp:fam 52:1:-1 by red 668:4:-1 at gen703 Univ0 prob=0.690
AgeVaxH35.js:2201 792I j:ageGp:fam 514:3:-1 by blue 411:3:-1 at gen703 Univ0 prob=0.497
AgeVaxH35.js:2220 792I i:ageGp:fam 708:5:-1 by blue 943:7:-1 at gen703 Univ0 prob=0.249
AgeVaxH35.js:2201 792I j:ageGp:fam 977:8:-1 by red 830:6:-1 at gen703 Univ0 prob=0.957
AgeVaxH35.js:2201 795I j:ageGp:fam 466:3:-1 by red 162:2:-1 at gen704 Univ0 prob=0.739
AgeVaxH35.js:2220 800I i:ageGp:fam 798:5:-1 by red 925:7:-1 at gen707 Univ0 prob=0.806
AgeVaxH35.js:2201 800I j:ageGp:fam 469:3:-1 by blue 411:3:-1 at gen708 Univ0 prob=0.113
AgeVaxH35.js:2220 801I i:ageGp:fam 386:3:-1 by red 876:6:-1 at gen709 Univ0 prob=0.602
AgeVaxH35.js:2220 802I i:ageGp:fam 114:1:-1 by red 990:9:-1 at gen710 Univ0 prob=0.746
AgeVaxH35.js:2220 802I i:ageGp:fam 594:4:-1 by blue 623:4:-1 at gen710 Univ0 prob=0.554
AgeVaxH35.js:2201 802I j:ageGp:fam 875:6:-1 by red 625:4:-1 at gen710 Univ0 prob=0.705
AgeVaxH35.js:2220 802I i:ageGp:fam 654:4:-1 by red 990:9:-1 at gen710 Univ0 prob=0.445
AgeVaxH35.js:2220 807I i:ageGp:fam 137:2:-1 by blue 943:7:-1 at gen712 Univ0 prob=0.723
AgeVaxH35.js:2220 807I i:ageGp:fam 304:2:-1 by red 990:9:-1 at gen712 Univ0 prob=0.351
AgeVaxH35.js:2220 807I i:ageGp:fam 538:3:-1 by yellow 654:4:-1 at gen712 Univ0 prob=0.755
AgeVaxH35.js:2220 807I i:ageGp:fam 54:1:-1 by red 691:5:-1 at gen713 Univ0 prob=0.176
AgeVaxH35.js:2201 811I j:ageGp:fam 967:8:-1 by red 756:5:-1 at gen715 Univ0 prob=0.959
AgeVaxH35.js:2201 812I j:ageGp:fam 855:6:-1 by blue 83:1:-1 at gen717 Univ0 prob=0.776
AgeVaxH35.js:2220 812I i:ageGp:fam 335:2:-1 by blue 430:3:-1 at gen717 Univ0 prob=0.954
AgeVaxH35.js:2201 812I j:ageGp:fam 662:4:-1 by yellow 654:4:-1 at gen717 Univ0 prob=0.439
AgeVaxH35.js:2220 815I i:ageGp:fam 40:1:-1 by red 691:5:-1 at gen719 Univ0 prob=0.954
AgeVaxH35.js:2220 815I i:ageGp:fam 51:1:-1 by red 691:5:-1 at gen719 Univ0 prob=0.612
AgeVaxH35.js:2201 815I j:ageGp:fam 715:5:-1 by yellow 304:2:-1 at gen720 Univ0 prob=0.036
AgeVaxH35.js:2220 817I i:ageGp:fam 305:2:-1 by red 890:6:-1 at gen721 Univ0 prob=0.338
AgeVaxH35.js:2220 818I i:ageGp:fam 545:4:-1 by blue 703:5:-1 at gen722 Univ0 prob=0.744
AgeVaxH35.js:2220 819I i:ageGp:fam 189:2:-1 by blue 943:7:-1 at gen723 Univ0 prob=0.032
AgeVaxH35.js:2220 819I i:ageGp:fam 435:3:-1 by blue 860:6:-1 at gen723 Univ0 prob=0.677
AgeVaxH35.js:2220 819I i:ageGp:fam 542:4:-1 by red 691:5:-1 at gen723 Univ0 prob=0.005
AgeVaxH35.js:2220 820I i:ageGp:fam 132:2:-1 by red 944:7:-1 at gen724 Univ0 prob=0.464
AgeVaxH35.js:2220 823I i:ageGp:fam 13:0:-1 by blue 699:5:-1 at gen725 Univ0 prob=0.973
AgeVaxH35.js:2220 825I i:ageGp:fam 370:3:-1 by red 925:7:-1 at gen728 Univ0 prob=0.715
AgeVaxH35.js:2201 826I j:ageGp:fam 223:2:-1 by red 154:2:-1 at gen730 Univ0 prob=0.838
AgeVaxH35.js:2220 826I i:ageGp:fam 274:2:-1 by red 724:5:-1 at gen730 Univ0 prob=0.130
AgeVaxH35.js:2220 826I i:ageGp:fam 615:4:-1 by blue 880:6:-1 at gen730 Univ0 prob=0.581
AgeVaxH35.js:2220 829I i:ageGp:fam 19:0:-1 by blue 723:5:-1 at gen733 Univ0 prob=0.325
AgeVaxH35.js:2201 829I j:ageGp:fam 688:4:-1 by blue 148:2:-1 at gen734 Univ0 prob=0.699
AgeVaxH35.js:2220 830I i:ageGp:fam 541:4:-1 by red 825:6:-1 at gen735 Univ0 prob=0.832
AgeVaxH35.js:2220 832I i:ageGp:fam 297:2:-1 by blue 382:3:-1 at gen737 Univ0 prob=0.936
AgeVaxH35.js:2220 832I i:ageGp:fam 760:5:-1 by blue 880:6:-1 at gen737 Univ0 prob=0.249
AgeVaxH35.js:2220 832I i:ageGp:fam 56:1:-1 by blue 140:2:-1 at gen738 Univ0 prob=0.819
AgeVaxH35.js:2220 834I i:ageGp:fam 99:1:-1 by red 825:6:-1 at gen739 Univ0 prob=0.647
AgeVaxH35.js:2220 834I i:ageGp:fam 166:2:-1 by blue 464:3:-1 at gen739 Univ0 prob=0.692
AgeVaxH35.js:2220 834I i:ageGp:fam 200:2:-1 by red 943:7:-1 at gen739 Univ0 prob=0.975
AgeVaxH35.js:2201 835I j:ageGp:fam 926:7:-1 by blue 382:3:-1 at gen740 Univ0 prob=0.662
AgeVaxH35.js:2201 838I j:ageGp:fam 404:3:-1 by blue 257:2:-1 at gen741 Univ0 prob=0.983
AgeVaxH35.js:2220 840I i:ageGp:fam 79:1:-1 by red 874:6:-1 at gen745 Univ0 prob=0.445
AgeVaxH35.js:2220 840I i:ageGp:fam 416:3:-1 by red 661:4:-1 at gen745 Univ0 prob=0.005
AgeVaxH35.js:2220 840I i:ageGp:fam 805:5:-1 by red 990:9:-1 at gen745 Univ0 prob=0.681
AgeVaxH35.js:2201 840I j:ageGp:fam 854:6:-1 by blue 264:2:-1 at gen746 Univ0 prob=0.380
AgeVaxH35.js:2201 843I j:ageGp:fam 593:4:-1 by red 269:2:-1 at gen747 Univ0 prob=0.335
AgeVaxH35.js:2201 845I j:ageGp:fam 717:5:-1 by blue 264:2:-1 at gen749 Univ0 prob=0.804
AgeVaxH35.js:2220 845I i:ageGp:fam 420:3:-1 by yellow 435:3:-1 at gen749 Univ0 prob=0.198
AgeVaxH35.js:2201 845I j:ageGp:fam 705:5:-1 by red 488:3:-1 at gen749 Univ0 prob=0.801
AgeVaxH35.js:2201 845I j:ageGp:fam 700:5:-1 by red 609:4:-1 at gen750 Univ0 prob=0.835
AgeVaxH35.js:2201 848I j:ageGp:fam 988:9:-1 by blue 892:6:-1 at gen751 Univ0 prob=0.971
AgeVaxH35.js:2220 849I i:ageGp:fam 123:1:-1 by blue 892:6:-1 at gen752 Univ0 prob=0.793
AgeVaxH35.js:2201 849I j:ageGp:fam 418:3:-1 by red 154:2:-1 at gen752 Univ0 prob=0.267
AgeVaxH35.js:2220 849I i:ageGp:fam 406:3:-1 by yellow 662:4:-1 at gen752 Univ0 prob=0.787
AgeVaxH35.js:2220 850I i:ageGp:fam 90:1:-1 by blue 555:4:-1 at gen753 Univ0 prob=0.496
AgeVaxH35.js:2220 853I i:ageGp:fam 20:0:-1 by red 411:3:-1 at gen754 Univ0 prob=0.900
AgeVaxH35.js:2201 855I j:ageGp:fam 289:2:-1 by blue 178:2:-1 at gen757 Univ0 prob=0.518
AgeVaxH35.js:2220 856I i:ageGp:fam 315:2:-1 by blue 880:6:-1 at gen761 Univ0 prob=0.832
AgeVaxH35.js:2201 857I j:ageGp:fam 376:3:-1 by red 43:1:-1 at gen763 Univ0 prob=0.667
AgeVaxH35.js:2220 857I i:ageGp:fam 109:1:-1 by blue 114:1:-1 at gen763 Univ0 prob=0.685
AgeVaxH35.js:2201 857I j:ageGp:fam 254:2:-1 by blue 114:1:-1 at gen763 Univ0 prob=0.834
AgeVaxH35.js:2220 857I i:ageGp:fam 601:4:-1 by red 998:9:-1 at gen763 Univ0 prob=0.078
AgeVaxH35.js:2201 861I j:ageGp:fam 862:6:-1 by blue 44:1:-1 at gen765 Univ0 prob=0.289
AgeVaxH35.js:2201 861I j:ageGp:fam 995:9:-1 by blue 775:5:-1 at gen765 Univ0 prob=0.980
AgeVaxH35.js:2220 861I i:ageGp:fam 727:5:-1 by red 990:9:-1 at gen766 Univ0 prob=0.351
AgeVaxH35.js:2201 863I j:ageGp:fam 478:3:-1 by red 43:1:-1 at gen767 Univ0 prob=0.230
AgeVaxH35.js:2220 864I i:ageGp:fam 454:3:-1 by blue 860:6:-1 at gen768 Univ0 prob=0.107
AgeVaxH35.js:2201 866I j:ageGp:fam 960:8:-1 by blue 610:4:-1 at gen770 Univ0 prob=0.982
AgeVaxH35.js:2201 866I j:ageGp:fam 652:4:-1 by red 80:1:-1 at gen771 Univ0 prob=0.967
AgeVaxH35.js:2220 866I i:ageGp:fam 260:2:-1 by blue 516:3:-1 at gen771 Univ0 prob=0.044
AgeVaxH35.js:2201 866I j:ageGp:fam 741:5:-1 by red 300:2:-1 at gen771 Univ0 prob=0.583
AgeVaxH35.js:2201 867I j:ageGp:fam 663:4:-1 by blue 417:3:-1 at gen772 Univ0 prob=0.590
AgeVaxH35.js:2220 870I i:ageGp:fam 443:3:-1 by blue 729:5:-1 at gen773 Univ0 prob=0.034
AgeVaxH35.js:2220 872I i:ageGp:fam 48:1:-1 by blue 654:4:-1 at gen776 Univ0 prob=0.894
AgeVaxH35.js:2201 872I j:ageGp:fam 509:3:-1 by blue 417:3:-1 at gen777 Univ0 prob=0.314
AgeVaxH35.js:2201 872I j:ageGp:fam 817:5:-1 by blue 434:3:-1 at gen777 Univ0 prob=0.765
AgeVaxH35.js:2220 872I i:ageGp:fam 570:4:-1 by red 925:7:-1 at gen777 Univ0 prob=0.396
AgeVaxH35.js:2201 873I j:ageGp:fam 923:7:-1 by blue 171:2:-1 at gen778 Univ0 prob=0.957
AgeVaxH35.js:2220 877I i:ageGp:fam 77:1:-1 by blue 622:4:-1 at gen780 Univ0 prob=0.643
AgeVaxH35.js:2220 877I i:ageGp:fam 198:2:-1 by blue 466:3:-1 at gen780 Univ0 prob=0.778
AgeVaxH35.js:2201 877I j:ageGp:fam 939:7:-1 by red 698:5:-1 at gen780 Univ0 prob=0.975
AgeVaxH35.js:2201 877I j:ageGp:fam 578:4:-1 by red 11:0:-1 at gen781 Univ0 prob=0.433
AgeVaxH35.js:2220 877I i:ageGp:fam 504:3:-1 by red 775:5:-1 at gen781 Univ0 prob=0.506
AgeVaxH35.js:2220 880I i:ageGp:fam 121:1:-1 by blue 654:4:-1 at gen782 Univ0 prob=0.563
AgeVaxH35.js:2220 882I i:ageGp:fam 534:3:-1 by blue 798:5:-1 at gen783 Univ0 prob=0.728
AgeVaxH35.js:2201 884I j:ageGp:fam 991:9:-1 by yellow 90:1:-1 at gen786 Univ0 prob=0.966
AgeVaxH35.js:2201 884I j:ageGp:fam 772:5:-1 by yellow 454:3:-1 at gen786 Univ0 prob=0.069
AgeVaxH35.js:2201 886I j:ageGp:fam 240:2:-1 by blue 114:1:-1 at gen789 Univ0 prob=0.409
AgeVaxH35.js:2220 886I i:ageGp:fam 196:2:-1 by red 990:9:-1 at gen789 Univ0 prob=0.848
AgeVaxH35.js:2201 886I j:ageGp:fam 529:3:-1 by red 387:3:-1 at gen789 Univ0 prob=0.499
AgeVaxH35.js:2220 889I i:ageGp:fam 133:2:-1 by red 625:4:-1 at gen791 Univ0 prob=0.204
AgeVaxH35.js:2220 889I i:ageGp:fam 156:2:-1 by blue 189:2:-1 at gen792 Univ0 prob=0.760
AgeVaxH35.js:2220 891I i:ageGp:fam 184:2:-1 by blue 662:4:-1 at gen794 Univ0 prob=0.767
AgeVaxH35.js:2220 891I i:ageGp:fam 586:4:-1 by red 990:9:-1 at gen794 Univ0 prob=0.772
AgeVaxH35.js:2201 891I j:ageGp:fam 641:4:-1 by red 387:3:-1 at gen795 Univ0 prob=0.311
AgeVaxH35.js:2201 893I j:ageGp:fam 649:4:-1 by red 93:1:-1 at gen796 Univ0 prob=0.784
AgeVaxH35.js:2201 893I j:ageGp:fam 787:5:-1 by blue 435:3:-1 at gen796 Univ0 prob=0.760
AgeVaxH35.js:2220 896I i:ageGp:fam 752:5:-1 by red 860:6:-1 at gen798 Univ0 prob=0.803
AgeVaxH35.js:2201 897I j:ageGp:fam 985:9:-1 by blue 805:5:-1 at gen800 Univ0 prob=0.996
AgeVaxH35.js:2201 898I j:ageGp:fam 149:2:-1 by red 53:1:-1 at gen802 Univ0 prob=0.173
AgeVaxH35.js:2201 898I j:ageGp:fam 755:5:-1 by blue 434:3:-1 at gen802 Univ0 prob=0.724
AgeVaxH35.js:2220 900I i:ageGp:fam 489:3:-1 by blue 538:3:-1 at gen805 Univ0 prob=0.035
AgeVaxH35.js:2220 900I i:ageGp:fam 103:1:-1 by blue 798:5:-1 at gen806 Univ0 prob=0.991
AgeVaxH35.js:2201 901I j:ageGp:fam 100:1:-1 by red 66:1:-1 at gen807 Univ0 prob=0.673
AgeVaxH35.js:2201 901I j:ageGp:fam 547:4:-1 by blue 114:1:-1 at gen807 Univ0 prob=0.753
AgeVaxH35.js:2201 902I j:ageGp:fam 899:6:-1 by red 625:4:-1 at gen808 Univ0 prob=0.612
AgeVaxH35.js:2220 904I i:ageGp:fam 23:0:-1 by red 625:4:-1 at gen809 Univ0 prob=0.268
AgeVaxH35.js:2220 906I i:ageGp:fam 333:2:-1 by red 703:5:-1 at gen811 Univ0 prob=0.936
AgeVaxH35.js:2201 906I j:ageGp:fam 686:4:-1 by blue 200:2:-1 at gen812 Univ0 prob=0.402
AgeVaxH35.js:2220 908I i:ageGp:fam 74:1:-1 by yellow 489:3:-1 at gen814 Univ0 prob=0.015
AgeVaxH35.js:2201 909I j:ageGp:fam 845:6:-1 by blue 715:5:-1 at gen817 Univ0 prob=0.046
AgeVaxH35.js:2201 910I j:ageGp:fam 565:4:-1 by blue 435:3:-1 at gen819 Univ0 prob=0.368
AgeVaxH35.js:2220 910I i:ageGp:fam 793:5:-1 by red 943:7:-1 at gen819 Univ0 prob=0.106
AgeVaxH35.js:2201 912I j:ageGp:fam 868:6:-1 by blue 593:4:-1 at gen821 Univ0 prob=0.760
AgeVaxH35.js:2220 912I i:ageGp:fam 214:2:-1 by blue 435:3:-1 at gen822 Univ0 prob=0.113
AgeVaxH35.js:2201 913I j:ageGp:fam 366:3:-1 by blue 114:1:-1 at gen823 Univ0 prob=0.489
AgeVaxH35.js:2201 914I j:ageGp:fam 658:4:-1 by blue 404:3:-1 at gen824 Univ0 prob=0.173
AgeVaxH35.js:2220 914I i:ageGp:fam 893:6:-1 by red 936:7:-1 at gen824 Univ0 prob=0.449
AgeVaxH35.js:2201 917I j:ageGp:fam 374:3:-1 by blue 200:2:-1 at gen827 Univ0 prob=0.240
AgeVaxH35.js:2220 918I i:ageGp:fam 232:2:-1 by red 872:6:-1 at gen829 Univ0 prob=0.435
AgeVaxH35.js:2201 918I j:ageGp:fam 677:4:-1 by blue 593:4:-1 at gen830 Univ0 prob=0.025
AgeVaxH35.js:2201 920I j:ageGp:fam 993:9:-1 by red 83:1:-1 at gen832 Univ0 prob=0.971
AgeVaxH35.js:2201 920I j:ageGp:fam 455:3:-1 by red 210:2:-1 at gen832 Univ0 prob=0.540
AgeVaxH35.js:2201 920I j:ageGp:fam 543:4:-1 by red 387:3:-1 at gen832 Univ0 prob=0.784
AgeVaxH35.js:2201 920I j:ageGp:fam 389:3:-1 by yellow 214:2:-1 at gen833 Univ0 prob=0.866
AgeVaxH35.js:2220 924I i:ageGp:fam 72:1:-1 by red 417:3:-1 at gen835 Univ0 prob=0.799
AgeVaxH35.js:2201 925I j:ageGp:fam 884:6:-1 by blue 805:5:-1 at gen838 Univ0 prob=0.097
AgeVaxH35.js:2220 926I i:ageGp:fam 473:3:-1 by red 990:9:-1 at gen840 Univ0 prob=0.002
AgeVaxH35.js:2201 927I j:ageGp:fam 773:5:-1 by red 622:4:-1 at gen842 Univ0 prob=0.941
AgeVaxH35.js:2201 928I j:ageGp:fam 193:2:-1 by blue 133:2:-1 at gen844 Univ0 prob=0.680
AgeVaxH35.js:2220 929I i:ageGp:fam 5:0:-1 by blue 454:3:-1 at gen846 Univ0 prob=0.597
AgeVaxH35.js:2220 930I i:ageGp:fam 369:3:-1 by red 622:4:-1 at gen848 Univ0 prob=0.349
AgeVaxH35.js:2220 931I i:ageGp:fam 313:2:-1 by red 876:6:-1 at gen851 Univ0 prob=0.727
AgeVaxH35.js:2220 931I i:ageGp:fam 397:3:-1 by red 623:4:-1 at gen852 Univ0 prob=0.737
AgeVaxH35.js:2220 932I i:ageGp:fam 219:2:-1 by red 798:5:-1 at gen853 Univ0 prob=0.030
AgeVaxH35.js:2201 934I j:ageGp:fam 381:3:-1 by blue 196:2:-1 at gen856 Univ0 prob=0.676
AgeVaxH35.js:2220 935I i:ageGp:fam 104:1:-1 by blue 772:5:-1 at gen858 Univ0 prob=0.614
AgeVaxH35.js:2220 936I i:ageGp:fam 498:3:-1 by red 659:4:-1 at gen863 Univ0 prob=0.446
AgeVaxH35.js:2201 937I j:ageGp:fam 188:2:-1 by red 45:1:-1 at gen868 Univ0 prob=0.818
AgeVaxH35.js:2220 938I i:ageGp:fam 579:4:-1 by red 688:4:-1 at gen870 Univ0 prob=0.116
AgeVaxH35.js:2220 939I i:ageGp:fam 568:4:-1 by red 798:5:-1 at gen873 Univ0 prob=0.614
AgeVaxH35.js:2201 940I j:ageGp:fam 697:5:-1 by yellow 579:4:-1 at gen876 Univ0 prob=0.435
AgeVaxH35.js:2201 941I j:ageGp:fam 327:2:-1 by red 114:1:-1 at gen879 Univ0 prob=0.315
AgeVaxH35.js:2201 942I j:ageGp:fam 908:7:-1 by blue 103:1:-1 at gen885 Univ0 prob=0.886
AgeVaxH35.js:2220 943I i:ageGp:fam 725:5:-1 by red 798:5:-1 at gen887 Univ0 prob=0.864
AgeVaxH35.js:2220 944I i:ageGp:fam 646:4:-1 by blue 985:9:-1 at gen889 Univ0 prob=0.586
AgeVaxH35.js:2220 944I i:ageGp:fam 590:4:-1 by red 843:6:-1 at gen890 Univ0 prob=0.647
AgeVaxH35.js:2220 945I i:ageGp:fam 575:4:-1 by yellow 725:5:-1 at gen891 Univ0 prob=0.641
AgeVaxH35.js:2220 945I i:ageGp:fam 913:7:-1 by blue 993:9:-1 at gen891 Univ0 prob=0.991
AgeVaxH35.js:2220 948I i:ageGp:fam 657:4:-1 by red 688:4:-1 at gen894 Univ0 prob=0.045
AgeVaxH35.js:2220 949I i:ageGp:fam 136:2:-1 by blue 543:4:-1 at gen898 Univ0 prob=0.462
AgeVaxH35.js:2220 950I i:ageGp:fam 813:5:-1 by blue 985:9:-1 at gen906 Univ0 prob=0.108
AgeVaxH35.js:2201 950I j:ageGp:fam 778:5:-1 by red 433:3:-1 at gen907 Univ0 prob=0.091
AgeVaxH35.js:2201 952I j:ageGp:fam 822:6:-1 by red 121:1:-1 at gen912 Univ0 prob=0.683
AgeVaxH35.js:2220 952I i:ageGp:fam 789:5:-1 by blue 985:9:-1 at gen912 Univ0 prob=0.408
AgeVaxH35.js:2201 954I j:ageGp:fam 599:4:-1 by blue 473:3:-1 at gen920 Univ0 prob=0.097
AgeVaxH35.js:2201 955I j:ageGp:fam 536:3:-1 by blue 193:2:-1 at gen922 Univ0 prob=0.031
AgeVaxH35.js:2221 956I i:ageGp:fam 758:5:-1 by red 798:5:-1 at gen925 Univ0 prob=0.673
AgeVaxH35.js:2221 957I i:ageGp:fam 747:5:-1 by blue 993:9:-1 at gen930 Univ0 prob=0.509
AgeVaxH35.js:2202 958I j:ageGp:fam 626:4:-1 by red 121:1:-1 at gen933 Univ0 prob=0.447
AgeVaxH35.js:2221 959I i:ageGp:fam 343:2:-1 by red 798:5:-1 at gen943 Univ0 prob=0.765
AgeVaxH35.js:2202 960I j:ageGp:fam 261:2:-1 by red 133:2:-1 at gen945 Univ0 prob=0.202
AgeVaxH35.js:2221 961I i:ageGp:fam 112:1:-1 by blue 327:2:-1 at gen947 Univ0 prob=0.531
AgeVaxH35.js:2221 962I i:ageGp:fam 367:3:-1 by red 760:5:-1 at gen951 Univ0 prob=0.779
AgeVaxH35.js:2221 963I i:ageGp:fam 34:0:-1 by red 114:1:-1 at gen953 Univ0 prob=0.413
AgeVaxH35.js:2221 964I i:ageGp:fam 909:7:-1 by red 983:9:-1 at gen955 Univ0 prob=0.986
AgeVaxH35.js:2202 965I j:ageGp:fam 794:5:-1 by yellow 112:1:-1 at gen958 Univ0 prob=0.690
AgeVaxH35.js:2202 966I j:ageGp:fam 474:3:-1 by red 196:2:-1 at gen961 Univ0 prob=0.619
AgeVaxH35.js:2221 966I i:ageGp:fam 474:3:-1 by red 686:4:-1 at gen961 Univ0 prob=0.816
AgeVaxH35.js:2202 966I j:ageGp:fam 912:7:-1 by red 835:6:-1 at gen961 Univ0 prob=0.982
AgeVaxH35.js:2221 968I i:ageGp:fam 63:1:-1 by blue 657:4:-1 at gen963 Univ0 prob=0.787
AgeVaxH35.js:2221 969I i:ageGp:fam 174:2:-1 by red 538:3:-1 at gen966 Univ0 prob=0.868
AgeVaxH35.js:2202 970I j:ageGp:fam 980:8:-1 by red 313:2:-1 at gen974 Univ0 prob=0.971
AgeVaxH35.js:2202 971I j:ageGp:fam 911:7:-1 by red 473:3:-1 at gen1004 Univ0 prob=0.990
AgeVaxH35.js:2202 972I j:ageGp:fam 982:9:-1 by red 327:2:-1 at gen1008 Univ0 prob=0.958
AgeVaxH35.js:2202 973I j:ageGp:fam 415:3:-1 by red 103:1:-1 at gen1016 Univ0 prob=0.054
AgeVaxH35.js:2202 973I j:ageGp:fam 886:6:-1 by blue 261:2:-1 at gen1017 Univ0 prob=0.836
AgeVaxH35.js:2202 975I j:ageGp:fam 919:7:-1 by red 575:4:-1 at gen1037 Univ0 prob=0.987
AgeVaxH35.js:2221 976I i:ageGp:fam 544:4:-1 by red 568:4:-1 at gen1049 Univ0 prob=0.053
AgeVaxH35.js:2221 977I i:ageGp:fam 271:2:-1 by red 884:6:-1 at gen1089 Univ0 prob=0.172
AgeVaxH35.js:2202 978I j:ageGp:fam 806:5:-1 by red 214:2:-1 at gen1092 Univ0 prob=0.371
AgeVaxH35.js:2202 979I j:ageGp:fam 153:2:-1 by red 104:1:-1 at gen1104 Univ0 prob=0.726
