Some messages have been moved to the Issues panel.
AgeVaxH35.js:871 Sat Jan 23 2021 23:15:48 GMT-0800 (Pacific Standard Time)
AgeVaxH35.js:872 CovidSIMVL Mode1 and Mod2 Hybrid 35d
AgeVaxH35.js:873 Mode 1 >13 and <36 is 75%
AgeVaxH35.js:874 Mode 2 >28 is 95%; >13 and <29 is 75%
AgeVaxH35.js:4464 exit covidSim
AgeVaxH35.js:23 getAsText File {name: "Popn1000.csv", lastModified: 1611430642000, lastModifiedDate: Sat Jan 23 2021 11:37:22 GMT-0800 (Pacific Standard Time), webkitRelativePath: "", size: 23944, …}
AgeVaxH35.js:32 File {name: "Popn1000.csv", lastModified: 1611430642000, lastModifiedDate: Sat Jan 23 2021 11:37:22 GMT-0800 (Pacific Standard Time), webkitRelativePath: "", size: 23944, …}
AgeVaxH35.js:23 getAsText File {name: "VL1ageGp2.csv", lastModified: 1611004274000, lastModifiedDate: Mon Jan 18 2021 13:11:14 GMT-0800 (Pacific Standard Time), webkitRelativePath: "", size: 65, …}
AgeVaxH35.js:32 File {name: "VL1ageGp2.csv", lastModified: 1611004274000, lastModifiedDate: Mon Jan 18 2021 13:11:14 GMT-0800 (Pacific Standard Time), webkitRelativePath: "", size: 65, …}
AgeVaxH35.js:1675 Red Days changed to 8.2
AgeVaxH35.js:1697 New Hazard Radius = 2.1
AgeVaxH35.js:1711 new Mingle Factor = 0.95
AgeVaxH35.js:2305 1I x:ageGp:fam 812:5:-1 by blue 150:2:-1 at gen12 Univ0 prob=0.518
AgeVaxH35.js:2305 2I x:ageGp:fam 502:3:-1 by blue 150:2:-1 at gen25 Univ0 prob=0.448
AgeVaxH35.js:2305 3I x:ageGp:fam 805:5:-1 by blue 150:2:-1 at gen41 Univ0 prob=0.187
AgeVaxH35.js:2305 4I x:ageGp:fam 648:4:-1 by red 150:2:-1 at gen54 Univ0 prob=0.937
AgeVaxH35.js:2305 5I x:ageGp:fam 180:2:-1 by red 150:2:-1 at gen83 Univ0 prob=0.421
AgeVaxH35.js:2305 6I x:ageGp:fam 410:3:-1 by blue 805:5:-1 at gen100 Univ0 prob=0.194
AgeVaxH35.js:2305 6I x:ageGp:fam 573:4:-1 by blue 812:5:-1 at gen100 Univ0 prob=0.190
AgeVaxH35.js:2305 8I x:ageGp:fam 637:4:-1 by red 150:2:-1 at gen111 Univ0 prob=0.569
AgeVaxH35.js:2305 9I x:ageGp:fam 900:6:-1 by blue 648:4:-1 at gen115 Univ0 prob=0.219
AgeVaxH35.js:2305 10I x:ageGp:fam 429:3:-1 by blue 502:3:-1 at gen117 Univ0 prob=0.681
AgeVaxH35.js:2305 10I x:ageGp:fam 827:6:-1 by blue 648:4:-1 at gen117 Univ0 prob=0.430
AgeVaxH35.js:2305 12I x:ageGp:fam 171:2:-1 by blue 805:5:-1 at gen121 Univ0 prob=0.261
AgeVaxH35.js:2305 13I x:ageGp:fam 794:5:-1 by blue 812:5:-1 at gen128 Univ0 prob=0.386
AgeVaxH35.js:2305 14I x:ageGp:fam 87:1:-1 by blue 180:2:-1 at gen132 Univ0 prob=0.224
AgeVaxH35.js:2305 15I x:ageGp:fam 836:6:-1 by blue 648:4:-1 at gen136 Univ0 prob=0.551
AgeVaxH35.js:2305 15I x:ageGp:fam 355:2:-1 by yellow 836:6:-1 at gen137 Univ0 prob=0.309
AgeVaxH35.js:2305 15I x:ageGp:fam 797:5:-1 by blue 648:4:-1 at gen137 Univ0 prob=0.386
AgeVaxH35.js:2305 18I x:ageGp:fam 849:6:-1 by red 502:3:-1 at gen143 Univ0 prob=0.098
AgeVaxH35.js:2305 19I x:ageGp:fam 474:3:-1 by red 502:3:-1 at gen146 Univ0 prob=0.878
AgeVaxH35.js:2305 20I x:ageGp:fam 740:5:-1 by yellow 410:3:-1 at gen151 Univ0 prob=0.894
AgeVaxH35.js:2305 21I x:ageGp:fam 730:5:-1 by blue 410:3:-1 at gen155 Univ0 prob=0.114
AgeVaxH35.js:2305 21I x:ageGp:fam 817:5:-1 by blue 180:2:-1 at gen156 Univ0 prob=0.831
AgeVaxH35.js:2305 21I x:ageGp:fam 338:2:-1 by blue 648:4:-1 at gen156 Univ0 prob=0.979
AgeVaxH35.js:2305 24I x:ageGp:fam 617:4:-1 by red 502:3:-1 at gen161 Univ0 prob=0.458
AgeVaxH35.js:2305 25I x:ageGp:fam 168:2:-1 by blue 410:3:-1 at gen163 Univ0 prob=0.886
AgeVaxH35.js:2305 25I x:ageGp:fam 115:1:-1 by blue 180:2:-1 at gen164 Univ0 prob=0.426
AgeVaxH35.js:2305 25I x:ageGp:fam 175:2:-1 by yellow 617:4:-1 at gen164 Univ0 prob=0.826
AgeVaxH35.js:2305 25I x:ageGp:fam 514:3:-1 by yellow 900:6:-1 at gen164 Univ0 prob=0.395
AgeVaxH35.js:2305 29I x:ageGp:fam 419:3:-1 by yellow 429:3:-1 at gen166 Univ0 prob=0.934
AgeVaxH35.js:2305 30I x:ageGp:fam 683:4:-1 by red 502:3:-1 at gen169 Univ0 prob=0.695
AgeVaxH35.js:2305 30I x:ageGp:fam 504:3:-1 by red 805:5:-1 at gen170 Univ0 prob=0.763
AgeVaxH35.js:2305 32I x:ageGp:fam 329:2:-1 by blue 573:4:-1 at gen174 Univ0 prob=0.608
AgeVaxH35.js:2305 32I x:ageGp:fam 48:1:-1 by blue 410:3:-1 at gen175 Univ0 prob=0.129
AgeVaxH35.js:2305 33I x:ageGp:fam 946:7:-1 by blue 171:2:-1 at gen176 Univ0 prob=0.203
AgeVaxH35.js:2305 35I x:ageGp:fam 379:3:-1 by blue 171:2:-1 at gen180 Univ0 prob=0.674
AgeVaxH35.js:2305 35I x:ageGp:fam 285:2:-1 by red 648:4:-1 at gen181 Univ0 prob=0.543
AgeVaxH35.js:2305 37I x:ageGp:fam 554:4:-1 by red 805:5:-1 at gen183 Univ0 prob=0.122
AgeVaxH35.js:2305 38I x:ageGp:fam 784:5:-1 by yellow 836:6:-1 at gen187 Univ0 prob=0.092
AgeVaxH35.js:2305 39I x:ageGp:fam 707:5:-1 by blue 827:6:-1 at gen189 Univ0 prob=0.139
AgeVaxH35.js:2305 39I x:ageGp:fam 318:2:-1 by blue 900:6:-1 at gen190 Univ0 prob=0.786
AgeVaxH35.js:2305 41I x:ageGp:fam 50:1:-1 by blue 900:6:-1 at gen194 Univ0 prob=0.804
AgeVaxH35.js:2305 41I x:ageGp:fam 416:3:-1 by blue 171:2:-1 at gen194 Univ0 prob=0.250
AgeVaxH35.js:2305 41I x:ageGp:fam 92:1:-1 by blue 429:3:-1 at gen195 Univ0 prob=0.245
AgeVaxH35.js:2305 43I x:ageGp:fam 510:3:-1 by blue 573:4:-1 at gen196 Univ0 prob=0.418
AgeVaxH35.js:2305 45I x:ageGp:fam 423:3:-1 by blue 836:6:-1 at gen200 Univ0 prob=0.682
AgeVaxH35.js:2305 45I x:ageGp:fam 577:4:-1 by red 648:4:-1 at gen201 Univ0 prob=0.271
AgeVaxH35.js:2305 45I x:ageGp:fam 709:5:-1 by red 648:4:-1 at gen201 Univ0 prob=0.891
AgeVaxH35.js:2305 45I x:ageGp:fam 851:6:-1 by blue 794:5:-1 at gen201 Univ0 prob=0.357
AgeVaxH35.js:2305 49I x:ageGp:fam 848:6:-1 by blue 180:2:-1 at gen204 Univ0 prob=0.149
AgeVaxH35.js:2305 49I x:ageGp:fam 258:2:-1 by blue 637:4:-1 at gen204 Univ0 prob=0.192
AgeVaxH35.js:2305 49I x:ageGp:fam 926:7:-1 by blue 900:6:-1 at gen204 Univ0 prob=0.767
AgeVaxH35.js:2305 49I x:ageGp:fam 430:3:-1 by blue 87:1:-1 at gen205 Univ0 prob=0.090
AgeVaxH35.js:2305 53I x:ageGp:fam 78:1:-1 by blue 429:3:-1 at gen208 Univ0 prob=0.577
AgeVaxH35.js:2305 53I x:ageGp:fam 834:6:-1 by blue 87:1:-1 at gen208 Univ0 prob=0.290
AgeVaxH35.js:2305 55I x:ageGp:fam 576:4:-1 by blue 171:2:-1 at gen212 Univ0 prob=0.018
AgeVaxH35.js:2305 55I x:ageGp:fam 810:5:-1 by red 805:5:-1 at gen212 Univ0 prob=0.667
AgeVaxH35.js:2305 57I x:ageGp:fam 634:4:-1 by blue 355:2:-1 at gen215 Univ0 prob=0.546
AgeVaxH35.js:2305 57I x:ageGp:fam 369:3:-1 by blue 637:4:-1 at gen215 Univ0 prob=0.456
AgeVaxH35.js:2305 57I x:ageGp:fam 741:5:-1 by yellow 810:5:-1 at gen215 Univ0 prob=0.666
AgeVaxH35.js:2305 60I x:ageGp:fam 774:5:-1 by blue 175:2:-1 at gen217 Univ0 prob=0.029
AgeVaxH35.js:2305 61I x:ageGp:fam 282:2:-1 by blue 817:5:-1 at gen219 Univ0 prob=0.256
AgeVaxH35.js:2305 61I x:ageGp:fam 589:4:-1 by yellow 683:4:-1 at gen219 Univ0 prob=0.327
AgeVaxH35.js:2305 61I x:ageGp:fam 855:6:-1 by blue 338:2:-1 at gen220 Univ0 prob=0.176
AgeVaxH35.js:2305 63I x:ageGp:fam 922:7:-1 by blue 637:4:-1 at gen221 Univ0 prob=0.816
AgeVaxH35.js:2305 64I x:ageGp:fam 110:1:-1 by red 180:2:-1 at gen222 Univ0 prob=0.611
AgeVaxH35.js:2305 64I x:ageGp:fam 807:5:-1 by blue 573:4:-1 at gen222 Univ0 prob=0.481
AgeVaxH35.js:2305 65I x:ageGp:fam 401:3:-1 by blue 797:5:-1 at gen223 Univ0 prob=0.965
AgeVaxH35.js:2305 67I x:ageGp:fam 304:2:-1 by red 180:2:-1 at gen224 Univ0 prob=0.926
AgeVaxH35.js:2305 69I x:ageGp:fam 865:6:-1 by blue 87:1:-1 at gen226 Univ0 prob=0.320
AgeVaxH35.js:2305 69I x:ageGp:fam 945:7:-1 by blue 171:2:-1 at gen227 Univ0 prob=0.907
AgeVaxH35.js:2305 70I x:ageGp:fam 412:3:-1 by blue 740:5:-1 at gen228 Univ0 prob=0.450
AgeVaxH35.js:2305 72I x:ageGp:fam 826:6:-1 by blue 168:2:-1 at gen230 Univ0 prob=0.907
AgeVaxH35.js:2305 72I x:ageGp:fam 555:4:-1 by blue 817:5:-1 at gen230 Univ0 prob=0.585
AgeVaxH35.js:2305 74I x:ageGp:fam 438:3:-1 by blue 87:1:-1 at gen233 Univ0 prob=0.443
AgeVaxH35.js:2305 74I x:ageGp:fam 829:6:-1 by blue 474:3:-1 at gen234 Univ0 prob=0.709
AgeVaxH35.js:2305 75I x:ageGp:fam 642:4:-1 by red 180:2:-1 at gen235 Univ0 prob=0.694
AgeVaxH35.js:2305 76I x:ageGp:fam 489:3:-1 by red 429:3:-1 at gen236 Univ0 prob=0.017
AgeVaxH35.js:2305 76I x:ageGp:fam 736:5:-1 by blue 836:6:-1 at gen236 Univ0 prob=0.058
AgeVaxH35.js:2305 77I x:ageGp:fam 178:2:-1 by red 180:2:-1 at gen237 Univ0 prob=0.773
AgeVaxH35.js:2305 77I x:ageGp:fam 761:5:-1 by blue 794:5:-1 at gen237 Univ0 prob=0.428
AgeVaxH35.js:2305 81I x:ageGp:fam 6:0:-1 by blue 784:5:-1 at gen239 Univ0 prob=0.253
AgeVaxH35.js:2305 81I x:ageGp:fam 654:4:-1 by red 637:4:-1 at gen239 Univ0 prob=0.870
AgeVaxH35.js:2305 81I x:ageGp:fam 481:3:-1 by blue 419:3:-1 at gen240 Univ0 prob=0.444
AgeVaxH35.js:2305 84I x:ageGp:fam 411:3:-1 by blue 419:3:-1 at gen242 Univ0 prob=0.669
AgeVaxH35.js:2305 85I x:ageGp:fam 880:6:-1 by blue 329:2:-1 at gen247 Univ0 prob=0.591
AgeVaxH35.js:2305 85I x:ageGp:fam 371:3:-1 by blue 504:3:-1 at gen247 Univ0 prob=0.279
AgeVaxH35.js:2305 85I x:ageGp:fam 702:5:-1 by green 371:3:-1 at gen247 Univ0 prob=0.795
AgeVaxH35.js:2305 85I x:ageGp:fam 702:5:-1 by blue 504:3:-1 at gen247 Univ0 prob=0.226
AgeVaxH35.js:2305 85I x:ageGp:fam 566:4:-1 by blue 683:4:-1 at gen247 Univ0 prob=0.760
AgeVaxH35.js:2305 85I x:ageGp:fam 482:3:-1 by blue 617:4:-1 at gen248 Univ0 prob=0.113
AgeVaxH35.js:2305 89I x:ageGp:fam 191:2:-1 by blue 329:2:-1 at gen249 Univ0 prob=0.669
AgeVaxH35.js:2305 91I x:ageGp:fam 737:5:-1 by blue 329:2:-1 at gen251 Univ0 prob=0.953
AgeVaxH35.js:2305 92I x:ageGp:fam 930:7:-1 by blue 419:3:-1 at gen253 Univ0 prob=0.967
AgeVaxH35.js:2305 92I x:ageGp:fam 396:3:-1 by blue 577:4:-1 at gen254 Univ0 prob=0.754
AgeVaxH35.js:2305 94I x:ageGp:fam 697:5:-1 by red 171:2:-1 at gen260 Univ0 prob=0.149
AgeVaxH35.js:2305 94I x:ageGp:fam 194:2:-1 by blue 285:2:-1 at gen260 Univ0 prob=0.016
AgeVaxH35.js:2305 96I x:ageGp:fam 459:3:-1 by blue 318:2:-1 at gen263 Univ0 prob=0.783
AgeVaxH35.js:2305 97I x:ageGp:fam 128:1:-1 by blue 554:4:-1 at gen265 Univ0 prob=0.295
AgeVaxH35.js:2305 98I x:ageGp:fam 500:3:-1 by blue 683:4:-1 at gen268 Univ0 prob=0.282
AgeVaxH35.js:2305 99I x:ageGp:fam 375:3:-1 by blue 683:4:-1 at gen270 Univ0 prob=0.567
AgeVaxH35.js:2305 99I x:ageGp:fam 515:3:-1 by red 637:4:-1 at gen271 Univ0 prob=0.096
AgeVaxH35.js:2305 101I x:ageGp:fam 444:3:-1 by blue 683:4:-1 at gen273 Univ0 prob=0.885
AgeVaxH35.js:2305 101I x:ageGp:fam 12:0:-1 by blue 589:4:-1 at gen274 Univ0 prob=0.946
AgeVaxH35.js:2305 101I x:ageGp:fam 998:9:-1 by blue 922:7:-1 at gen274 Univ0 prob=0.251
AgeVaxH35.js:2305 102I x:ageGp:fam 324:2:-1 by blue 589:4:-1 at gen275 Univ0 prob=0.017
AgeVaxH35.js:2305 102I x:ageGp:fam 421:3:-1 by blue 589:4:-1 at gen275 Univ0 prob=0.107
AgeVaxH35.js:2305 106I x:ageGp:fam 315:2:-1 by blue 258:2:-1 at gen278 Univ0 prob=0.798
AgeVaxH35.js:2305 107I x:ageGp:fam 31:0:-1 by red 419:3:-1 at gen280 Univ0 prob=0.953
AgeVaxH35.js:2305 107I x:ageGp:fam 595:4:-1 by blue 851:6:-1 at gen280 Univ0 prob=0.691
AgeVaxH35.js:2305 107I x:ageGp:fam 645:4:-1 by blue 848:6:-1 at gen281 Univ0 prob=0.855
AgeVaxH35.js:2305 110I x:ageGp:fam 252:2:-1 by red 797:5:-1 at gen286 Univ0 prob=0.135
AgeVaxH35.js:2305 110I x:ageGp:fam 961:8:-1 by blue 810:5:-1 at gen286 Univ0 prob=0.509
AgeVaxH35.js:2305 112I x:ageGp:fam 347:2:-1 by red 429:3:-1 at gen291 Univ0 prob=0.908
AgeVaxH35.js:2305 112I x:ageGp:fam 665:4:-1 by blue 369:3:-1 at gen291 Univ0 prob=0.600
AgeVaxH35.js:2305 112I x:ageGp:fam 962:8:-1 by red 637:4:-1 at gen291 Univ0 prob=0.488
AgeVaxH35.js:2305 112I x:ageGp:fam 678:4:-1 by blue 369:3:-1 at gen292 Univ0 prob=0.065
AgeVaxH35.js:2305 115I x:ageGp:fam 528:3:-1 by blue 945:7:-1 at gen293 Univ0 prob=0.221
AgeVaxH35.js:2305 116I x:ageGp:fam 250:2:-1 by blue 411:3:-1 at gen294 Univ0 prob=0.291
AgeVaxH35.js:2305 116I x:ageGp:fam 734:5:-1 by blue 855:6:-1 at gen294 Univ0 prob=0.069
AgeVaxH35.js:2305 119I x:ageGp:fam 698:5:-1 by red 87:1:-1 at gen296 Univ0 prob=0.715
AgeVaxH35.js:2305 119I x:ageGp:fam 825:6:-1 by blue 634:4:-1 at gen296 Univ0 prob=0.804
AgeVaxH35.js:2305 121I x:ageGp:fam 55:1:-1 by blue 50:1:-1 at gen298 Univ0 prob=0.305
AgeVaxH35.js:2305 121I x:ageGp:fam 456:3:-1 by blue 50:1:-1 at gen298 Univ0 prob=0.723
AgeVaxH35.js:2305 123I x:ageGp:fam 14:0:-1 by red 683:4:-1 at gen300 Univ0 prob=0.479
AgeVaxH35.js:2305 123I x:ageGp:fam 39:0:-1 by blue 826:6:-1 at gen300 Univ0 prob=0.665
AgeVaxH35.js:2305 123I x:ageGp:fam 387:3:-1 by red 48:1:-1 at gen301 Univ0 prob=0.109
AgeVaxH35.js:2305 123I x:ageGp:fam 143:2:-1 by blue 865:6:-1 at gen301 Univ0 prob=0.890
AgeVaxH35.js:2305 127I x:ageGp:fam 581:4:-1 by blue 50:1:-1 at gen303 Univ0 prob=0.922
AgeVaxH35.js:2305 127I x:ageGp:fam 298:2:-1 by blue 554:4:-1 at gen304 Univ0 prob=0.544
AgeVaxH35.js:2305 128I x:ageGp:fam 255:2:-1 by blue 412:3:-1 at gen305 Univ0 prob=0.186
AgeVaxH35.js:2305 128I x:ageGp:fam 771:5:-1 by blue 369:3:-1 at gen305 Univ0 prob=0.695
AgeVaxH35.js:2305 129I x:ageGp:fam 28:0:-1 by blue 589:4:-1 at gen306 Univ0 prob=0.441
AgeVaxH35.js:2305 132I x:ageGp:fam 372:3:-1 by blue 110:1:-1 at gen308 Univ0 prob=0.198
AgeVaxH35.js:2305 132I x:ageGp:fam 779:5:-1 by blue 369:3:-1 at gen309 Univ0 prob=0.706
AgeVaxH35.js:2305 134I x:ageGp:fam 877:6:-1 by blue 865:6:-1 at gen312 Univ0 prob=0.363
AgeVaxH35.js:2305 134I x:ageGp:fam 44:1:-1 by blue 930:7:-1 at gen313 Univ0 prob=0.788
AgeVaxH35.js:2305 134I x:ageGp:fam 783:5:-1 by red 50:1:-1 at gen313 Univ0 prob=0.223
AgeVaxH35.js:2305 134I x:ageGp:fam 54:1:-1 by blue 489:3:-1 at gen313 Univ0 prob=0.132
AgeVaxH35.js:2305 134I x:ageGp:fam 305:2:-1 by blue 412:3:-1 at gen313 Univ0 prob=0.455
AgeVaxH35.js:2305 134I x:ageGp:fam 537:3:-1 by blue 654:4:-1 at gen313 Univ0 prob=0.566
AgeVaxH35.js:2305 134I x:ageGp:fam 602:4:-1 by blue 930:7:-1 at gen313 Univ0 prob=0.490
AgeVaxH35.js:2305 135I x:ageGp:fam 632:4:-1 by blue 411:3:-1 at gen314 Univ0 prob=0.891
AgeVaxH35.js:2305 141I x:ageGp:fam 691:5:-1 by blue 589:4:-1 at gen315 Univ0 prob=0.209
AgeVaxH35.js:2305 141I x:ageGp:fam 884:6:-1 by blue 826:6:-1 at gen315 Univ0 prob=0.471
AgeVaxH35.js:2305 142I x:ageGp:fam 889:6:-1 by red 87:1:-1 at gen316 Univ0 prob=0.413
AgeVaxH35.js:2305 142I x:ageGp:fam 159:2:-1 by blue 930:7:-1 at gen316 Univ0 prob=0.861
AgeVaxH35.js:2305 146I x:ageGp:fam 51:1:-1 by red 285:2:-1 at gen318 Univ0 prob=0.130
AgeVaxH35.js:2305 146I x:ageGp:fam 381:3:-1 by yellow 515:3:-1 at gen319 Univ0 prob=0.821
AgeVaxH35.js:2305 147I x:ageGp:fam 72:1:-1 by blue 369:3:-1 at gen320 Univ0 prob=0.646
AgeVaxH35.js:2305 148I x:ageGp:fam 249:2:-1 by red 50:1:-1 at gen321 Univ0 prob=0.892
AgeVaxH35.js:2305 148I x:ageGp:fam 959:8:-1 by red 87:1:-1 at gen321 Univ0 prob=0.512
AgeVaxH35.js:2305 149I x:ageGp:fam 559:4:-1 by red 50:1:-1 at gen322 Univ0 prob=0.438
AgeVaxH35.js:2305 149I x:ageGp:fam 184:2:-1 by red 87:1:-1 at gen322 Univ0 prob=0.778
AgeVaxH35.js:2305 149I x:ageGp:fam 878:6:-1 by red 740:5:-1 at gen322 Univ0 prob=0.257
AgeVaxH35.js:2305 154I x:ageGp:fam 404:3:-1 by blue 589:4:-1 at gen326 Univ0 prob=0.517
AgeVaxH35.js:2305 154I x:ageGp:fam 422:3:-1 by blue 880:6:-1 at gen326 Univ0 prob=0.038
AgeVaxH35.js:2305 154I x:ageGp:fam 179:2:-1 by blue 654:4:-1 at gen327 Univ0 prob=0.499
AgeVaxH35.js:2305 156I x:ageGp:fam 509:3:-1 by blue 930:7:-1 at gen328 Univ0 prob=0.685
AgeVaxH35.js:2305 157I x:ageGp:fam 46:1:-1 by blue 589:4:-1 at gen329 Univ0 prob=0.993
AgeVaxH35.js:2305 157I x:ageGp:fam 113:1:-1 by blue 855:6:-1 at gen329 Univ0 prob=0.946
AgeVaxH35.js:2305 157I x:ageGp:fam 693:5:-1 by blue 375:3:-1 at gen329 Univ0 prob=0.636
AgeVaxH35.js:2305 157I x:ageGp:fam 525:3:-1 by blue 412:3:-1 at gen329 Univ0 prob=0.302
AgeVaxH35.js:2305 157I x:ageGp:fam 478:3:-1 by blue 865:6:-1 at gen329 Univ0 prob=0.467
AgeVaxH35.js:2305 163I x:ageGp:fam 19:0:-1 by blue 31:0:-1 at gen331 Univ0 prob=0.186
AgeVaxH35.js:2305 163I x:ageGp:fam 19:0:-1 by blue 826:6:-1 at gen331 Univ0 prob=0.802
AgeVaxH35.js:2305 163I x:ageGp:fam 208:2:-1 by blue 697:5:-1 at gen332 Univ0 prob=0.253
AgeVaxH35.js:2305 163I x:ageGp:fam 893:6:-1 by red 258:2:-1 at gen332 Univ0 prob=0.352
AgeVaxH35.js:2305 164I x:ageGp:fam 518:3:-1 by blue 12:0:-1 at gen333 Univ0 prob=0.037
AgeVaxH35.js:2305 164I x:ageGp:fam 570:4:-1 by blue 12:0:-1 at gen333 Univ0 prob=0.042
AgeVaxH35.js:2305 164I x:ageGp:fam 680:4:-1 by blue 500:3:-1 at gen333 Univ0 prob=0.876
AgeVaxH35.js:2305 164I x:ageGp:fam 801:5:-1 by red 577:4:-1 at gen333 Univ0 prob=0.273
AgeVaxH35.js:2305 166I x:ageGp:fam 102:1:-1 by blue 807:5:-1 at gen334 Univ0 prob=0.838
AgeVaxH35.js:2305 166I x:ageGp:fam 814:5:-1 by red 168:2:-1 at gen334 Univ0 prob=0.002
AgeVaxH35.js:2305 166I x:ageGp:fam 336:2:-1 by red 318:2:-1 at gen334 Univ0 prob=0.438
AgeVaxH35.js:2305 173I x:ageGp:fam 155:2:-1 by blue 930:7:-1 at gen336 Univ0 prob=0.548
AgeVaxH35.js:2305 173I x:ageGp:fam 244:2:-1 by blue 324:2:-1 at gen336 Univ0 prob=0.066
AgeVaxH35.js:2305 173I x:ageGp:fam 245:2:-1 by blue 324:2:-1 at gen336 Univ0 prob=0.286
AgeVaxH35.js:2305 173I x:ageGp:fam 231:2:-1 by blue 930:7:-1 at gen337 Univ0 prob=0.104
AgeVaxH35.js:2305 176I x:ageGp:fam 118:1:-1 by blue 865:6:-1 at gen338 Univ0 prob=0.158
AgeVaxH35.js:2305 176I x:ageGp:fam 818:5:-1 by blue 930:7:-1 at gen338 Univ0 prob=0.051
AgeVaxH35.js:2305 179I x:ageGp:fam 869:6:-1 by red 810:5:-1 at gen340 Univ0 prob=0.512
AgeVaxH35.js:2305 179I x:ageGp:fam 224:2:-1 by red 577:4:-1 at gen341 Univ0 prob=0.450
AgeVaxH35.js:2305 179I x:ageGp:fam 949:8:-1 by blue 375:3:-1 at gen341 Univ0 prob=0.405
AgeVaxH35.js:2305 179I x:ageGp:fam 987:9:-1 by blue 438:3:-1 at gen341 Univ0 prob=0.578
AgeVaxH35.js:2305 180I x:ageGp:fam 777:5:-1 by blue 401:3:-1 at gen342 Univ0 prob=0.640
AgeVaxH35.js:2305 183I x:ageGp:fam 16:0:-1 by blue 375:3:-1 at gen343 Univ0 prob=0.619
AgeVaxH35.js:2305 183I x:ageGp:fam 912:7:-1 by blue 515:3:-1 at gen343 Univ0 prob=0.053
AgeVaxH35.js:2305 184I x:ageGp:fam 753:5:-1 by red 168:2:-1 at gen344 Univ0 prob=0.206
AgeVaxH35.js:2305 186I x:ageGp:fam 432:3:-1 by red 369:3:-1 at gen345 Univ0 prob=0.535
AgeVaxH35.js:2305 186I x:ageGp:fam 677:4:-1 by blue 489:3:-1 at gen345 Univ0 prob=0.776
AgeVaxH35.js:2305 186I x:ageGp:fam 612:4:-1 by blue 654:4:-1 at gen345 Univ0 prob=0.368
AgeVaxH35.js:2305 187I x:ageGp:fam 452:3:-1 by red 258:2:-1 at gen346 Univ0 prob=0.641
AgeVaxH35.js:2305 190I x:ageGp:fam 333:2:-1 by blue 489:3:-1 at gen347 Univ0 prob=0.441
AgeVaxH35.js:2305 190I x:ageGp:fam 977:8:-1 by red 589:4:-1 at gen347 Univ0 prob=0.911
AgeVaxH35.js:2305 193I x:ageGp:fam 157:2:-1 by blue 12:0:-1 at gen351 Univ0 prob=0.326
AgeVaxH35.js:2305 193I x:ageGp:fam 217:2:-1 by red 589:4:-1 at gen352 Univ0 prob=0.741
AgeVaxH35.js:2305 193I x:ageGp:fam 780:5:-1 by blue 961:8:-1 at gen352 Univ0 prob=0.923
AgeVaxH35.js:2305 194I x:ageGp:fam 129:1:-1 by blue 444:3:-1 at gen353 Univ0 prob=0.364
AgeVaxH35.js:2305 194I x:ageGp:fam 908:7:-1 by blue 998:9:-1 at gen353 Univ0 prob=0.129
AgeVaxH35.js:2305 198I x:ageGp:fam 723:5:-1 by blue 191:2:-1 at gen355 Univ0 prob=0.487
AgeVaxH35.js:2305 198I x:ageGp:fam 542:4:-1 by blue 998:9:-1 at gen355 Univ0 prob=0.028
AgeVaxH35.js:2305 198I x:ageGp:fam 362:3:-1 by yellow 28:0:-1 at gen356 Univ0 prob=0.587
AgeVaxH35.js:2305 200I x:ageGp:fam 300:2:-1 by red 577:4:-1 at gen357 Univ0 prob=0.649
AgeVaxH35.js:2305 200I x:ageGp:fam 793:5:-1 by red 589:4:-1 at gen357 Univ0 prob=0.360
AgeVaxH35.js:2305 201I x:ageGp:fam 26:0:-1 by red 774:5:-1 at gen358 Univ0 prob=0.179
AgeVaxH35.js:2305 201I x:ageGp:fam 326:2:-1 by red 654:4:-1 at gen358 Univ0 prob=0.782
AgeVaxH35.js:2305 203I x:ageGp:fam 41:1:-1 by blue 581:4:-1 at gen359 Univ0 prob=0.871
AgeVaxH35.js:2305 203I x:ageGp:fam 927:7:-1 by blue 252:2:-1 at gen359 Univ0 prob=0.674
AgeVaxH35.js:2305 207I x:ageGp:fam 107:1:-1 by blue 12:0:-1 at gen361 Univ0 prob=0.061
AgeVaxH35.js:2305 207I x:ageGp:fam 342:2:-1 by red 707:5:-1 at gen361 Univ0 prob=0.417
AgeVaxH35.js:2305 207I x:ageGp:fam 907:7:-1 by blue 411:3:-1 at gen361 Univ0 prob=0.194
AgeVaxH35.js:2305 207I x:ageGp:fam 101:1:-1 by blue 930:7:-1 at gen362 Univ0 prob=0.122
AgeVaxH35.js:2305 207I x:ageGp:fam 776:5:-1 by blue 324:2:-1 at gen362 Univ0 prob=0.880
AgeVaxH35.js:2305 207I x:ageGp:fam 897:6:-1 by blue 998:9:-1 at gen362 Univ0 prob=0.382
AgeVaxH35.js:2305 210I x:ageGp:fam 471:3:-1 by blue 191:2:-1 at gen363 Univ0 prob=0.857
AgeVaxH35.js:2305 210I x:ageGp:fam 867:6:-1 by blue 581:4:-1 at gen363 Univ0 prob=0.809
AgeVaxH35.js:2305 213I x:ageGp:fam 622:4:-1 by blue 44:1:-1 at gen364 Univ0 prob=0.357
AgeVaxH35.js:2305 215I x:ageGp:fam 538:3:-1 by blue 678:4:-1 at gen365 Univ0 prob=0.735
AgeVaxH35.js:2305 216I x:ageGp:fam 679:4:-1 by red 589:4:-1 at gen366 Univ0 prob=0.872
AgeVaxH35.js:2305 217I x:ageGp:fam 584:4:-1 by blue 783:5:-1 at gen367 Univ0 prob=0.049
AgeVaxH35.js:2305 218I x:ageGp:fam 461:3:-1 by blue 961:8:-1 at gen368 Univ0 prob=0.233
AgeVaxH35.js:2305 218I x:ageGp:fam 904:7:-1 by blue 515:3:-1 at gen368 Univ0 prob=0.436
AgeVaxH35.js:2305 219I x:ageGp:fam 720:5:-1 by blue 28:0:-1 at gen369 Univ0 prob=0.426
AgeVaxH35.js:2305 219I x:ageGp:fam 765:5:-1 by blue 143:2:-1 at gen369 Univ0 prob=0.117
AgeVaxH35.js:2305 219I x:ageGp:fam 980:8:-1 by blue 456:3:-1 at gen369 Univ0 prob=0.450
AgeVaxH35.js:2305 221I x:ageGp:fam 223:2:-1 by red 489:3:-1 at gen370 Univ0 prob=0.405
AgeVaxH35.js:2305 221I x:ageGp:fam 888:6:-1 by red 489:3:-1 at gen370 Univ0 prob=0.994
AgeVaxH35.js:2305 221I x:ageGp:fam 933:7:-1 by blue 528:3:-1 at gen370 Univ0 prob=0.566
AgeVaxH35.js:2305 221I x:ageGp:fam 857:6:-1 by blue 825:6:-1 at gen370 Univ0 prob=0.114
AgeVaxH35.js:2305 224I x:ageGp:fam 169:2:-1 by red 489:3:-1 at gen371 Univ0 prob=0.902
AgeVaxH35.js:2305 224I x:ageGp:fam 488:3:-1 by blue 691:5:-1 at gen371 Univ0 prob=0.378
AgeVaxH35.js:2305 228I x:ageGp:fam 89:1:-1 by blue 28:0:-1 at gen372 Univ0 prob=0.504
AgeVaxH35.js:2305 228I x:ageGp:fam 545:4:-1 by red 110:1:-1 at gen372 Univ0 prob=0.564
AgeVaxH35.js:2305 228I x:ageGp:fam 297:2:-1 by red 589:4:-1 at gen372 Univ0 prob=0.343
AgeVaxH35.js:2305 230I x:ageGp:fam 296:2:-1 by blue 528:3:-1 at gen373 Univ0 prob=0.782
AgeVaxH35.js:2305 230I x:ageGp:fam 792:5:-1 by red 489:3:-1 at gen373 Univ0 prob=0.360
AgeVaxH35.js:2305 233I x:ageGp:fam 580:4:-1 by blue 515:3:-1 at gen374 Univ0 prob=0.793
AgeVaxH35.js:2305 233I x:ageGp:fam 822:6:-1 by blue 779:5:-1 at gen374 Univ0 prob=0.845
AgeVaxH35.js:2305 235I x:ageGp:fam 447:3:-1 by blue 444:3:-1 at gen375 Univ0 prob=0.168
AgeVaxH35.js:2305 235I x:ageGp:fam 627:4:-1 by red 589:4:-1 at gen375 Univ0 prob=0.225
AgeVaxH35.js:2305 237I x:ageGp:fam 164:2:-1 by red 930:7:-1 at gen376 Univ0 prob=0.748
AgeVaxH35.js:2305 239I x:ageGp:fam 427:3:-1 by blue 55:1:-1 at gen377 Univ0 prob=0.221
AgeVaxH35.js:2305 239I x:ageGp:fam 339:2:-1 by red 110:1:-1 at gen377 Univ0 prob=0.054
AgeVaxH35.js:2305 239I x:ageGp:fam 755:5:-1 by red 258:2:-1 at gen377 Univ0 prob=0.069
AgeVaxH35.js:2305 239I x:ageGp:fam 652:4:-1 by blue 387:3:-1 at gen377 Univ0 prob=0.439
AgeVaxH35.js:2305 240I x:ageGp:fam 7:0:-1 by red 401:3:-1 at gen378 Univ0 prob=0.969
AgeVaxH35.js:2305 240I x:ageGp:fam 127:1:-1 by red 654:4:-1 at gen378 Univ0 prob=0.287
AgeVaxH35.js:2305 240I x:ageGp:fam 361:3:-1 by red 577:4:-1 at gen378 Univ0 prob=0.526
AgeVaxH35.js:2305 244I x:ageGp:fam 862:6:-1 by blue 581:4:-1 at gen379 Univ0 prob=0.415
AgeVaxH35.js:2305 247I x:ageGp:fam 32:0:-1 by blue 779:5:-1 at gen380 Univ0 prob=0.015
AgeVaxH35.js:2305 247I x:ageGp:fam 628:4:-1 by blue 372:3:-1 at gen380 Univ0 prob=0.281
AgeVaxH35.js:2305 247I x:ageGp:fam 940:7:-1 by red 865:6:-1 at gen380 Univ0 prob=0.331
AgeVaxH35.js:2305 251I x:ageGp:fam 689:4:-1 by red 589:4:-1 at gen382 Univ0 prob=0.890
AgeVaxH35.js:2305 252I x:ageGp:fam 68:1:-1 by blue 998:9:-1 at gen384 Univ0 prob=0.994
AgeVaxH35.js:2305 252I x:ageGp:fam 93:1:-1 by blue 779:5:-1 at gen384 Univ0 prob=0.647
AgeVaxH35.js:2305 252I x:ageGp:fam 967:8:-1 by blue 404:3:-1 at gen384 Univ0 prob=0.337
AgeVaxH35.js:2305 252I x:ageGp:fam 687:4:-1 by red 589:4:-1 at gen384 Univ0 prob=0.991
AgeVaxH35.js:2305 252I x:ageGp:fam 66:1:-1 by blue 14:0:-1 at gen385 Univ0 prob=0.096
AgeVaxH35.js:2305 252I x:ageGp:fam 161:2:-1 by blue 602:4:-1 at gen385 Univ0 prob=0.758
AgeVaxH35.js:2305 252I x:ageGp:fam 274:2:-1 by blue 372:3:-1 at gen385 Univ0 prob=0.623
AgeVaxH35.js:2305 252I x:ageGp:fam 941:7:-1 by blue 444:3:-1 at gen385 Univ0 prob=0.605
AgeVaxH35.js:2305 256I x:ageGp:fam 657:4:-1 by blue 143:2:-1 at gen386 Univ0 prob=0.005
AgeVaxH35.js:2305 256I x:ageGp:fam 659:4:-1 by blue 537:3:-1 at gen386 Univ0 prob=0.293
AgeVaxH35.js:2305 256I x:ageGp:fam 850:6:-1 by blue 581:4:-1 at gen386 Univ0 prob=0.505
AgeVaxH35.js:2305 256I x:ageGp:fam 924:7:-1 by blue 783:5:-1 at gen386 Univ0 prob=0.114
AgeVaxH35.js:2305 260I x:ageGp:fam 653:4:-1 by blue 55:1:-1 at gen387 Univ0 prob=0.789
AgeVaxH35.js:2305 260I x:ageGp:fam 98:1:-1 by blue 962:8:-1 at gen387 Univ0 prob=0.065
AgeVaxH35.js:2305 260I x:ageGp:fam 795:5:-1 by blue 632:4:-1 at gen387 Univ0 prob=0.423
AgeVaxH35.js:2305 264I x:ageGp:fam 185:2:-1 by blue 387:3:-1 at gen388 Univ0 prob=0.665
AgeVaxH35.js:2305 264I x:ageGp:fam 524:3:-1 by red 566:4:-1 at gen388 Univ0 prob=0.160
AgeVaxH35.js:2305 264I x:ageGp:fam 983:9:-1 by blue 691:5:-1 at gen388 Univ0 prob=0.692
AgeVaxH35.js:2305 270I x:ageGp:fam 749:5:-1 by blue 249:2:-1 at gen390 Univ0 prob=0.655
AgeVaxH35.js:2305 270I x:ageGp:fam 625:4:-1 by red 396:3:-1 at gen391 Univ0 prob=0.786
AgeVaxH35.js:2305 270I x:ageGp:fam 501:3:-1 by blue 869:6:-1 at gen391 Univ0 prob=0.935
AgeVaxH35.js:2305 270I x:ageGp:fam 894:6:-1 by blue 528:3:-1 at gen391 Univ0 prob=0.451
AgeVaxH35.js:2305 271I x:ageGp:fam 100:1:-1 by red 865:6:-1 at gen392 Univ0 prob=0.486
AgeVaxH35.js:2305 271I x:ageGp:fam 971:8:-1 by blue 783:5:-1 at gen392 Univ0 prob=0.443
AgeVaxH35.js:2305 274I x:ageGp:fam 778:5:-1 by red 12:0:-1 at gen393 Univ0 prob=0.919
AgeVaxH35.js:2305 274I x:ageGp:fam 672:4:-1 by blue 771:5:-1 at gen393 Univ0 prob=0.881
AgeVaxH35.js:2305 276I x:ageGp:fam 42:1:-1 by blue 249:2:-1 at gen394 Univ0 prob=0.430
AgeVaxH35.js:2305 276I x:ageGp:fam 80:1:-1 by red 737:5:-1 at gen394 Univ0 prob=0.172
AgeVaxH35.js:2305 276I x:ageGp:fam 165:2:-1 by blue 537:3:-1 at gen394 Univ0 prob=0.420
AgeVaxH35.js:2305 278I x:ageGp:fam 21:0:-1 by blue 143:2:-1 at gen395 Univ0 prob=0.182
AgeVaxH35.js:2305 281I x:ageGp:fam 791:5:-1 by red 654:4:-1 at gen396 Univ0 prob=0.077
AgeVaxH35.js:2305 282I x:ageGp:fam 363:3:-1 by red 634:4:-1 at gen397 Univ0 prob=0.397
AgeVaxH35.js:2305 282I x:ageGp:fam 832:6:-1 by red 654:4:-1 at gen397 Univ0 prob=0.309
AgeVaxH35.js:2305 283I x:ageGp:fam 816:5:-1 by blue 143:2:-1 at gen398 Univ0 prob=0.498
AgeVaxH35.js:2305 285I x:ageGp:fam 216:2:-1 by blue 404:3:-1 at gen399 Univ0 prob=0.332
AgeVaxH35.js:2305 285I x:ageGp:fam 420:3:-1 by red 589:4:-1 at gen399 Univ0 prob=0.350
AgeVaxH35.js:2305 285I x:ageGp:fam 873:6:-1 by blue 734:5:-1 at gen399 Univ0 prob=0.063
AgeVaxH35.js:2305 289I x:ageGp:fam 823:6:-1 by blue 912:7:-1 at gen401 Univ0 prob=0.886
AgeVaxH35.js:2305 290I x:ageGp:fam 105:1:-1 by blue 889:6:-1 at gen404 Univ0 prob=0.024
AgeVaxH35.js:2305 290I x:ageGp:fam 327:2:-1 by blue 224:2:-1 at gen404 Univ0 prob=0.518
AgeVaxH35.js:2305 290I x:ageGp:fam 446:3:-1 by blue 245:2:-1 at gen404 Univ0 prob=0.268
AgeVaxH35.js:2305 290I x:ageGp:fam 615:4:-1 by blue 818:5:-1 at gen404 Univ0 prob=0.949
AgeVaxH35.js:2305 290I x:ageGp:fam 932:7:-1 by blue 818:5:-1 at gen404 Univ0 prob=0.014
AgeVaxH35.js:2305 290I x:ageGp:fam 331:2:-1 by blue 113:1:-1 at gen405 Univ0 prob=0.563
AgeVaxH35.js:2305 290I x:ageGp:fam 561:4:-1 by blue 305:2:-1 at gen405 Univ0 prob=0.086
AgeVaxH35.js:2305 295I x:ageGp:fam 368:3:-1 by blue 570:4:-1 at gen406 Univ0 prob=0.345
AgeVaxH35.js:2305 295I x:ageGp:fam 890:6:-1 by yellow 542:4:-1 at gen406 Univ0 prob=0.051
AgeVaxH35.js:2305 295I x:ageGp:fam 575:4:-1 by blue 734:5:-1 at gen406 Univ0 prob=0.807
AgeVaxH35.js:2305 295I x:ageGp:fam 629:4:-1 by blue 612:4:-1 at gen406 Univ0 prob=0.491
AgeVaxH35.js:2305 297I x:ageGp:fam 37:0:-1 by red 515:3:-1 at gen407 Univ0 prob=0.798
AgeVaxH35.js:2305 302I x:ageGp:fam 828:6:-1 by red 444:3:-1 at gen409 Univ0 prob=0.964
AgeVaxH35.js:2305 302I x:ageGp:fam 717:5:-1 by red 481:3:-1 at gen409 Univ0 prob=0.582
AgeVaxH35.js:2305 302I x:ageGp:fam 62:1:-1 by blue 612:4:-1 at gen410 Univ0 prob=0.858
AgeVaxH35.js:2305 302I x:ageGp:fam 214:2:-1 by blue 113:1:-1 at gen410 Univ0 prob=0.975
AgeVaxH35.js:2305 302I x:ageGp:fam 931:7:-1 by blue 456:3:-1 at gen410 Univ0 prob=0.055
AgeVaxH35.js:2305 302I x:ageGp:fam 531:3:-1 by red 998:9:-1 at gen410 Univ0 prob=0.487
AgeVaxH35.js:2305 308I x:ageGp:fam 236:2:-1 by red 444:3:-1 at gen412 Univ0 prob=0.195
AgeVaxH35.js:2305 309I x:ageGp:fam 831:6:-1 by blue 250:2:-1 at gen414 Univ0 prob=0.659
AgeVaxH35.js:2305 309I x:ageGp:fam 881:6:-1 by blue 509:3:-1 at gen414 Univ0 prob=0.060
AgeVaxH35.js:2305 309I x:ageGp:fam 354:2:-1 by blue 208:2:-1 at gen415 Univ0 prob=0.653
AgeVaxH35.js:2305 309I x:ageGp:fam 544:4:-1 by blue 959:8:-1 at gen415 Univ0 prob=0.961
AgeVaxH35.js:2305 311I x:ageGp:fam 582:4:-1 by blue 159:2:-1 at gen416 Univ0 prob=0.356
AgeVaxH35.js:2305 313I x:ageGp:fam 27:0:-1 by blue 818:5:-1 at gen417 Univ0 prob=0.402
AgeVaxH35.js:2305 314I x:ageGp:fam 399:3:-1 by red 581:4:-1 at gen418 Univ0 prob=0.687
AgeVaxH35.js:2305 315I x:ageGp:fam 237:2:-1 by blue 159:2:-1 at gen419 Univ0 prob=0.936
AgeVaxH35.js:2305 316I x:ageGp:fam 611:4:-1 by blue 818:5:-1 at gen420 Univ0 prob=0.343
AgeVaxH35.js:2305 317I x:ageGp:fam 195:2:-1 by blue 381:3:-1 at gen421 Univ0 prob=0.413
AgeVaxH35.js:2305 318I x:ageGp:fam 359:3:-1 by blue 249:2:-1 at gen422 Univ0 prob=0.340
AgeVaxH35.js:2305 319I x:ageGp:fam 641:4:-1 by blue 723:5:-1 at gen423 Univ0 prob=0.088
AgeVaxH35.js:2305 319I x:ageGp:fam 731:5:-1 by blue 977:8:-1 at gen423 Univ0 prob=0.787
AgeVaxH35.js:2305 322I x:ageGp:fam 64:1:-1 by red 372:3:-1 at gen425 Univ0 prob=0.708
AgeVaxH35.js:2305 322I x:ageGp:fam 182:2:-1 by blue 342:2:-1 at gen425 Univ0 prob=0.526
AgeVaxH35.js:2305 322I x:ageGp:fam 553:4:-1 by red 250:2:-1 at gen425 Univ0 prob=0.185
AgeVaxH35.js:2305 322I x:ageGp:fam 856:6:-1 by blue 432:3:-1 at gen425 Univ0 prob=0.287
AgeVaxH35.js:2305 322I x:ageGp:fam 485:3:-1 by blue 776:5:-1 at gen425 Univ0 prob=0.608
AgeVaxH35.js:2305 322I x:ageGp:fam 389:3:-1 by blue 559:4:-1 at gen426 Univ0 prob=0.134
AgeVaxH35.js:2305 322I x:ageGp:fam 747:5:-1 by blue 818:5:-1 at gen426 Univ0 prob=0.640
AgeVaxH35.js:2305 327I x:ageGp:fam 655:4:-1 by red 372:3:-1 at gen427 Univ0 prob=0.658
AgeVaxH35.js:2305 327I x:ageGp:fam 955:8:-1 by blue 432:3:-1 at gen427 Univ0 prob=0.765
AgeVaxH35.js:2305 329I x:ageGp:fam 356:2:-1 by red 143:2:-1 at gen428 Univ0 prob=0.636
AgeVaxH35.js:2305 329I x:ageGp:fam 658:4:-1 by blue 959:8:-1 at gen428 Univ0 prob=0.654
AgeVaxH35.js:2305 331I x:ageGp:fam 309:2:-1 by red 191:2:-1 at gen429 Univ0 prob=0.084
AgeVaxH35.js:2305 331I x:ageGp:fam 492:3:-1 by blue 326:2:-1 at gen429 Univ0 prob=0.353
AgeVaxH35.js:2305 331I x:ageGp:fam 380:3:-1 by blue 867:6:-1 at gen429 Univ0 prob=0.491
AgeVaxH35.js:2305 336I x:ageGp:fam 106:1:-1 by blue 818:5:-1 at gen431 Univ0 prob=0.806
AgeVaxH35.js:2305 336I x:ageGp:fam 574:4:-1 by blue 361:3:-1 at gen431 Univ0 prob=0.764
AgeVaxH35.js:2305 336I x:ageGp:fam 15:0:-1 by blue 559:4:-1 at gen432 Univ0 prob=0.555
AgeVaxH35.js:2305 336I x:ageGp:fam 964:8:-1 by blue 959:8:-1 at gen432 Univ0 prob=0.968
AgeVaxH35.js:2305 338I x:ageGp:fam 963:8:-1 by blue 249:2:-1 at gen433 Univ0 prob=0.514
AgeVaxH35.js:2305 338I x:ageGp:fam 451:3:-1 by red 930:7:-1 at gen433 Univ0 prob=0.024
AgeVaxH35.js:2305 342I x:ageGp:fam 965:8:-1 by blue 129:1:-1 at gen435 Univ0 prob=0.716
AgeVaxH35.js:2305 342I x:ageGp:fam 760:5:-1 by red 962:8:-1 at gen436 Univ0 prob=0.010
AgeVaxH35.js:2305 342I x:ageGp:fam 906:7:-1 by blue 867:6:-1 at gen436 Univ0 prob=0.139
AgeVaxH35.js:2305 343I x:ageGp:fam 123:1:-1 by blue 949:8:-1 at gen437 Univ0 prob=0.924
AgeVaxH35.js:2305 345I x:ageGp:fam 712:5:-1 by blue 107:1:-1 at gen438 Univ0 prob=0.752
AgeVaxH35.js:2305 347I x:ageGp:fam 874:6:-1 by red 250:2:-1 at gen440 Univ0 prob=0.236
AgeVaxH35.js:2305 347I x:ageGp:fam 699:5:-1 by red 515:3:-1 at gen440 Univ0 prob=0.954
AgeVaxH35.js:2305 347I x:ageGp:fam 815:5:-1 by red 678:4:-1 at gen440 Univ0 prob=0.226
AgeVaxH35.js:2305 347I x:ageGp:fam 738:5:-1 by blue 98:1:-1 at gen441 Univ0 prob=0.534
AgeVaxH35.js:2305 347I x:ageGp:fam 450:3:-1 by blue 542:4:-1 at gen441 Univ0 prob=0.635
AgeVaxH35.js:2305 350I x:ageGp:fam 126:1:-1 by red 930:7:-1 at gen442 Univ0 prob=0.350
AgeVaxH35.js:2305 352I x:ageGp:fam 273:2:-1 by blue 107:1:-1 at gen443 Univ0 prob=0.605
AgeVaxH35.js:2305 352I x:ageGp:fam 547:4:-1 by blue 113:1:-1 at gen443 Univ0 prob=0.133
AgeVaxH35.js:2305 352I x:ageGp:fam 644:4:-1 by blue 179:2:-1 at gen443 Univ0 prob=0.945
AgeVaxH35.js:2305 353I x:ageGp:fam 253:2:-1 by blue 101:1:-1 at gen444 Univ0 prob=0.445
AgeVaxH35.js:2305 353I x:ageGp:fam 301:2:-1 by red 537:3:-1 at gen444 Univ0 prob=0.448
AgeVaxH35.js:2305 353I x:ageGp:fam 493:3:-1 by blue 326:2:-1 at gen444 Univ0 prob=0.863
AgeVaxH35.js:2305 353I x:ageGp:fam 346:2:-1 by blue 980:8:-1 at gen444 Univ0 prob=0.477
AgeVaxH35.js:2305 353I x:ageGp:fam 919:7:-1 by blue 933:7:-1 at gen444 Univ0 prob=0.943
AgeVaxH35.js:2305 356I x:ageGp:fam 158:2:-1 by blue 897:6:-1 at gen445 Univ0 prob=0.113
AgeVaxH35.js:2305 356I x:ageGp:fam 440:3:-1 by blue 983:9:-1 at gen445 Univ0 prob=0.635
AgeVaxH35.js:2305 356I x:ageGp:fam 684:4:-1 by red 783:5:-1 at gen445 Univ0 prob=0.538
AgeVaxH35.js:2305 361I x:ageGp:fam 613:4:-1 by blue 16:0:-1 at gen446 Univ0 prob=0.963
AgeVaxH35.js:2305 361I x:ageGp:fam 950:8:-1 by blue 452:3:-1 at gen446 Univ0 prob=0.140
AgeVaxH35.js:2305 361I x:ageGp:fam 872:6:-1 by blue 791:5:-1 at gen446 Univ0 prob=0.551
AgeVaxH35.js:2305 364I x:ageGp:fam 883:6:-1 by blue 904:7:-1 at gen447 Univ0 prob=0.452
AgeVaxH35.js:2305 368I x:ageGp:fam 11:0:-1 by red 528:3:-1 at gen450 Univ0 prob=0.302
AgeVaxH35.js:2305 368I x:ageGp:fam 879:6:-1 by blue 749:5:-1 at gen450 Univ0 prob=0.892
AgeVaxH35.js:2305 368I x:ageGp:fam 891:6:-1 by yellow 823:6:-1 at gen450 Univ0 prob=0.443
AgeVaxH35.js:2305 368I x:ageGp:fam 67:1:-1 by blue 361:3:-1 at gen451 Univ0 prob=0.844
AgeVaxH35.js:2305 368I x:ageGp:fam 796:5:-1 by blue 129:1:-1 at gen451 Univ0 prob=0.938
AgeVaxH35.js:2305 368I x:ageGp:fam 841:6:-1 by blue 333:2:-1 at gen451 Univ0 prob=0.224
AgeVaxH35.js:2305 368I x:ageGp:fam 462:3:-1 by blue 501:3:-1 at gen451 Univ0 prob=0.738
AgeVaxH35.js:2305 371I x:ageGp:fam 17:0:-1 by blue 427:3:-1 at gen452 Univ0 prob=0.374
AgeVaxH35.js:2305 371I x:ageGp:fam 457:3:-1 by blue 127:1:-1 at gen452 Univ0 prob=0.783
AgeVaxH35.js:2305 375I x:ageGp:fam 121:1:-1 by blue 245:2:-1 at gen453 Univ0 prob=0.979
AgeVaxH35.js:2305 375I x:ageGp:fam 556:4:-1 by red 372:3:-1 at gen453 Univ0 prob=0.409
AgeVaxH35.js:2305 375I x:ageGp:fam 532:3:-1 by blue 971:8:-1 at gen453 Univ0 prob=0.902
AgeVaxH35.js:2305 377I x:ageGp:fam 601:4:-1 by blue 32:0:-1 at gen454 Univ0 prob=0.009
AgeVaxH35.js:2305 377I x:ageGp:fam 188:2:-1 by blue 679:4:-1 at gen454 Univ0 prob=0.065
AgeVaxH35.js:2305 382I x:ageGp:fam 402:3:-1 by red 381:3:-1 at gen456 Univ0 prob=0.638
AgeVaxH35.js:2305 382I x:ageGp:fam 162:2:-1 by blue 427:3:-1 at gen457 Univ0 prob=0.043
AgeVaxH35.js:2305 383I x:ageGp:fam 746:5:-1 by blue 580:4:-1 at gen458 Univ0 prob=0.207
AgeVaxH35.js:2305 384I x:ageGp:fam 618:4:-1 by blue 62:1:-1 at gen459 Univ0 prob=0.146
AgeVaxH35.js:2305 384I x:ageGp:fam 663:4:-1 by blue 62:1:-1 at gen459 Univ0 prob=0.141
AgeVaxH35.js:2305 384I x:ageGp:fam 948:7:-1 by red 143:2:-1 at gen459 Univ0 prob=0.948
AgeVaxH35.js:2305 384I x:ageGp:fam 428:3:-1 by blue 657:4:-1 at gen459 Univ0 prob=0.018
AgeVaxH35.js:2305 384I x:ageGp:fam 475:3:-1 by blue 850:6:-1 at gen459 Univ0 prob=0.914
AgeVaxH35.js:2305 384I x:ageGp:fam 607:4:-1 by red 801:5:-1 at gen459 Univ0 prob=0.586
AgeVaxH35.js:2305 384I x:ageGp:fam 948:7:-1 by blue 765:5:-1 at gen459 Univ0 prob=0.880
AgeVaxH35.js:2305 384I x:ageGp:fam 802:5:-1 by red 961:8:-1 at gen459 Univ0 prob=0.959
AgeVaxH35.js:2305 385I x:ageGp:fam 74:1:-1 by blue 21:0:-1 at gen460 Univ0 prob=0.330
AgeVaxH35.js:2305 385I x:ageGp:fam 90:1:-1 by blue 41:1:-1 at gen460 Univ0 prob=0.951
AgeVaxH35.js:2305 385I x:ageGp:fam 310:2:-1 by blue 98:1:-1 at gen460 Univ0 prob=0.396
AgeVaxH35.js:2305 385I x:ageGp:fam 505:3:-1 by blue 127:1:-1 at gen460 Univ0 prob=0.997
AgeVaxH35.js:2305 385I x:ageGp:fam 892:6:-1 by blue 127:1:-1 at gen460 Univ0 prob=0.808
AgeVaxH35.js:2305 385I x:ageGp:fam 876:6:-1 by blue 672:4:-1 at gen460 Univ0 prob=0.693
AgeVaxH35.js:2305 392I x:ageGp:fam 189:2:-1 by blue 629:4:-1 at gen461 Univ0 prob=0.520
AgeVaxH35.js:2305 392I x:ageGp:fam 476:3:-1 by blue 659:4:-1 at gen461 Univ0 prob=0.137
AgeVaxH35.js:2305 398I x:ageGp:fam 994:9:-1 by blue 127:1:-1 at gen462 Univ0 prob=0.036
AgeVaxH35.js:2305 398I x:ageGp:fam 991:9:-1 by yellow 931:7:-1 at gen462 Univ0 prob=0.886
AgeVaxH35.js:2305 400I x:ageGp:fam 131:2:-1 by blue 628:4:-1 at gen463 Univ0 prob=0.288
AgeVaxH35.js:2305 400I x:ageGp:fam 989:9:-1 by blue 908:7:-1 at gen463 Univ0 prob=0.242
AgeVaxH35.js:2305 404I x:ageGp:fam 160:2:-1 by red 602:4:-1 at gen465 Univ0 prob=0.482
AgeVaxH35.js:2305 404I x:ageGp:fam 1:0:-1 by blue 659:4:-1 at gen466 Univ0 prob=0.573
AgeVaxH35.js:2305 405I x:ageGp:fam 464:3:-1 by blue 32:0:-1 at gen467 Univ0 prob=0.647
AgeVaxH35.js:2305 405I x:ageGp:fam 469:3:-1 by red 245:2:-1 at gen467 Univ0 prob=0.135
AgeVaxH35.js:2305 405I x:ageGp:fam 638:4:-1 by red 528:3:-1 at gen467 Univ0 prob=0.794
AgeVaxH35.js:2305 405I x:ageGp:fam 605:4:-1 by red 877:6:-1 at gen467 Univ0 prob=0.989
AgeVaxH35.js:2305 406I x:ageGp:fam 33:0:-1 by blue 653:4:-1 at gen468 Univ0 prob=0.995
AgeVaxH35.js:2305 406I x:ageGp:fam 262:2:-1 by blue 795:5:-1 at gen468 Univ0 prob=0.100
AgeVaxH35.js:2305 406I x:ageGp:fam 639:4:-1 by blue 749:5:-1 at gen468 Univ0 prob=0.487
AgeVaxH35.js:2305 406I x:ageGp:fam 715:5:-1 by blue 931:7:-1 at gen468 Univ0 prob=0.105
AgeVaxH35.js:2305 410I x:ageGp:fam 925:7:-1 by red 612:4:-1 at gen469 Univ0 prob=0.057
AgeVaxH35.js:2305 414I x:ageGp:fam 125:1:-1 by blue 832:6:-1 at gen470 Univ0 prob=0.857
AgeVaxH35.js:2305 414I x:ageGp:fam 397:3:-1 by blue 653:4:-1 at gen470 Univ0 prob=0.468
AgeVaxH35.js:2305 414I x:ageGp:fam 603:4:-1 by blue 933:7:-1 at gen470 Univ0 prob=0.101
AgeVaxH35.js:2305 418I x:ageGp:fam 806:5:-1 by red 143:2:-1 at gen472 Univ0 prob=0.826
AgeVaxH35.js:2305 418I x:ageGp:fam 976:8:-1 by blue 68:1:-1 at gen473 Univ0 prob=0.649
AgeVaxH35.js:2305 419I x:ageGp:fam 199:2:-1 by red 326:2:-1 at gen474 Univ0 prob=0.010
AgeVaxH35.js:2305 419I x:ageGp:fam 256:2:-1 by red 889:6:-1 at gen474 Univ0 prob=0.113
AgeVaxH35.js:2305 422I x:ageGp:fam 95:1:-1 by blue 850:6:-1 at gen477 Univ0 prob=0.898
AgeVaxH35.js:2305 422I x:ageGp:fam 358:2:-1 by red 305:2:-1 at gen477 Univ0 prob=0.860
AgeVaxH35.js:2305 422I x:ageGp:fam 328:2:-1 by blue 327:2:-1 at gen477 Univ0 prob=0.902
AgeVaxH35.js:2305 422I x:ageGp:fam 503:3:-1 by blue 792:5:-1 at gen478 Univ0 prob=0.618
AgeVaxH35.js:2305 425I x:ageGp:fam 495:3:-1 by red 525:3:-1 at gen479 Univ0 prob=0.520
AgeVaxH35.js:2305 425I x:ageGp:fam 975:8:-1 by blue 890:6:-1 at gen479 Univ0 prob=0.041
AgeVaxH35.js:2305 426I x:ageGp:fam 623:4:-1 by red 581:4:-1 at gen480 Univ0 prob=0.000
AgeVaxH35.js:2305 428I x:ageGp:fam 512:3:-1 by blue 890:6:-1 at gen481 Univ0 prob=0.369
AgeVaxH35.js:2305 428I x:ageGp:fam 646:4:-1 by red 897:6:-1 at gen481 Univ0 prob=0.018
AgeVaxH35.js:2305 431I x:ageGp:fam 183:2:-1 by blue 629:4:-1 at gen483 Univ0 prob=0.982
AgeVaxH35.js:2305 431I x:ageGp:fam 497:3:-1 by red 779:5:-1 at gen483 Univ0 prob=0.480
AgeVaxH35.js:2305 431I x:ageGp:fam 322:2:-1 by red 179:2:-1 at gen484 Univ0 prob=0.594
AgeVaxH35.js:2305 434I x:ageGp:fam 703:5:-1 by red 41:1:-1 at gen486 Univ0 prob=0.297
AgeVaxH35.js:2305 434I x:ageGp:fam 520:3:-1 by blue 127:1:-1 at gen486 Univ0 prob=0.642
AgeVaxH35.js:2305 434I x:ageGp:fam 148:2:-1 by blue 816:5:-1 at gen486 Univ0 prob=0.889
AgeVaxH35.js:2305 434I x:ageGp:fam 259:2:-1 by blue 791:5:-1 at gen486 Univ0 prob=0.538
AgeVaxH35.js:2305 434I x:ageGp:fam 527:3:-1 by red 765:5:-1 at gen487 Univ0 prob=0.720
AgeVaxH35.js:2305 438I x:ageGp:fam 280:2:-1 by red 765:5:-1 at gen488 Univ0 prob=0.015
AgeVaxH35.js:2305 438I x:ageGp:fam 295:2:-1 by blue 327:2:-1 at gen488 Univ0 prob=0.294
AgeVaxH35.js:2305 439I x:ageGp:fam 9:0:-1 by blue 427:3:-1 at gen489 Univ0 prob=0.019
AgeVaxH35.js:2305 439I x:ageGp:fam 465:3:-1 by blue 27:0:-1 at gen489 Univ0 prob=0.946
AgeVaxH35.js:2305 439I x:ageGp:fam 640:4:-1 by blue 657:4:-1 at gen489 Univ0 prob=0.486
AgeVaxH35.js:2305 441I x:ageGp:fam 701:5:-1 by blue 931:7:-1 at gen490 Univ0 prob=0.275
AgeVaxH35.js:2305 444I x:ageGp:fam 25:0:-1 by blue 672:4:-1 at gen491 Univ0 prob=0.884
AgeVaxH35.js:2305 446I x:ageGp:fam 5:0:-1 by blue 659:4:-1 at gen493 Univ0 prob=0.347
AgeVaxH35.js:2305 446I x:ageGp:fam 448:3:-1 by red 612:4:-1 at gen493 Univ0 prob=0.708
AgeVaxH35.js:2305 446I x:ageGp:fam 993:9:-1 by blue 492:3:-1 at gen493 Univ0 prob=0.065
AgeVaxH35.js:2305 446I x:ageGp:fam 433:3:-1 by blue 27:0:-1 at gen494 Univ0 prob=0.490
AgeVaxH35.js:2305 446I x:ageGp:fam 203:2:-1 by blue 672:4:-1 at gen494 Univ0 prob=0.748
AgeVaxH35.js:2305 449I x:ageGp:fam 859:6:-1 by blue 62:1:-1 at gen495 Univ0 prob=0.023
AgeVaxH35.js:2305 449I x:ageGp:fam 395:3:-1 by blue 450:3:-1 at gen495 Univ0 prob=0.005
AgeVaxH35.js:2305 451I x:ageGp:fam 141:2:-1 by red 933:7:-1 at gen496 Univ0 prob=0.666
AgeVaxH35.js:2305 451I x:ageGp:fam 770:5:-1 by red 372:3:-1 at gen496 Univ0 prob=0.644
AgeVaxH35.js:2305 453I x:ageGp:fam 221:2:-1 by blue 816:5:-1 at gen497 Univ0 prob=0.689
AgeVaxH35.js:2305 455I x:ageGp:fam 341:2:-1 by blue 62:1:-1 at gen498 Univ0 prob=0.872
AgeVaxH35.js:2305 456I x:ageGp:fam 479:3:-1 by blue 93:1:-1 at gen499 Univ0 prob=0.127
AgeVaxH35.js:2305 457I x:ageGp:fam 534:3:-1 by blue 356:2:-1 at gen500 Univ0 prob=0.160
AgeVaxH35.js:2305 459I x:ageGp:fam 176:2:-1 by blue 380:3:-1 at gen502 Univ0 prob=0.633
AgeVaxH35.js:2305 459I x:ageGp:fam 467:3:-1 by red 127:1:-1 at gen503 Univ0 prob=0.323
AgeVaxH35.js:2305 459I x:ageGp:fam 508:3:-1 by blue 796:5:-1 at gen503 Univ0 prob=0.649
AgeVaxH35.js:2305 460I x:ageGp:fam 732:5:-1 by blue 93:1:-1 at gen504 Univ0 prob=0.513
AgeVaxH35.js:2305 462I x:ageGp:fam 517:3:-1 by blue 37:0:-1 at gen505 Univ0 prob=0.689
AgeVaxH35.js:2305 462I x:ageGp:fam 990:9:-1 by blue 575:4:-1 at gen505 Univ0 prob=0.358
AgeVaxH35.js:2305 463I x:ageGp:fam 61:1:-1 by red 127:1:-1 at gen506 Univ0 prob=0.697
AgeVaxH35.js:2305 463I x:ageGp:fam 317:2:-1 by blue 182:2:-1 at gen506 Univ0 prob=0.836
AgeVaxH35.js:2305 463I x:ageGp:fam 384:3:-1 by blue 796:5:-1 at gen506 Univ0 prob=0.932
AgeVaxH35.js:2305 465I x:ageGp:fam 357:2:-1 by blue 21:0:-1 at gen507 Univ0 prob=0.798
AgeVaxH35.js:2305 465I x:ageGp:fam 22:0:-1 by blue 37:0:-1 at gen507 Univ0 prob=0.970
AgeVaxH35.js:2305 468I x:ageGp:fam 586:4:-1 by blue 492:3:-1 at gen508 Univ0 prob=0.545
AgeVaxH35.js:2305 470I x:ageGp:fam 968:8:-1 by blue 850:6:-1 at gen509 Univ0 prob=0.167
AgeVaxH35.js:2305 471I x:ageGp:fam 960:8:-1 by red 32:0:-1 at gen510 Univ0 prob=0.214
AgeVaxH35.js:2305 471I x:ageGp:fam 947:7:-1 by red 971:8:-1 at gen510 Univ0 prob=0.626
AgeVaxH35.js:2305 472I x:ageGp:fam 409:3:-1 by red 336:2:-1 at gen511 Univ0 prob=0.231
AgeVaxH35.js:2305 474I x:ageGp:fam 675:4:-1 by yellow 994:9:-1 at gen512 Univ0 prob=0.442
AgeVaxH35.js:2305 475I x:ageGp:fam 36:0:-1 by blue 327:2:-1 at gen513 Univ0 prob=0.347
AgeVaxH35.js:2305 475I x:ageGp:fam 550:4:-1 by blue 931:7:-1 at gen513 Univ0 prob=0.088
AgeVaxH35.js:2305 476I x:ageGp:fam 673:4:-1 by red 102:1:-1 at gen514 Univ0 prob=0.193
AgeVaxH35.js:2305 476I x:ageGp:fam 142:2:-1 by red 524:3:-1 at gen514 Univ0 prob=0.691
AgeVaxH35.js:2305 476I x:ageGp:fam 374:3:-1 by red 461:3:-1 at gen514 Univ0 prob=0.820
AgeVaxH35.js:2305 476I x:ageGp:fam 996:9:-1 by blue 601:4:-1 at gen514 Univ0 prob=0.641
AgeVaxH35.js:2305 478I x:ageGp:fam 308:2:-1 by blue 531:3:-1 at gen515 Univ0 prob=0.744
AgeVaxH35.js:2305 483I x:ageGp:fam 53:1:-1 by red 818:5:-1 at gen517 Univ0 prob=0.639
AgeVaxH35.js:2305 483I x:ageGp:fam 882:6:-1 by blue 605:4:-1 at gen517 Univ0 prob=0.733
AgeVaxH35.js:2305 483I x:ageGp:fam 204:2:-1 by blue 663:4:-1 at gen518 Univ0 prob=0.752
AgeVaxH35.js:2305 485I x:ageGp:fam 272:2:-1 by blue 27:0:-1 at gen519 Univ0 prob=0.600
AgeVaxH35.js:2305 486I x:ageGp:fam 809:5:-1 by blue 62:1:-1 at gen520 Univ0 prob=0.209
AgeVaxH35.js:2305 486I x:ageGp:fam 773:5:-1 by blue 644:4:-1 at gen520 Univ0 prob=0.631
AgeVaxH35.js:2305 486I x:ageGp:fam 773:5:-1 by blue 872:6:-1 at gen520 Univ0 prob=0.329
AgeVaxH35.js:2305 487I x:ageGp:fam 443:3:-1 by blue 872:6:-1 at gen521 Univ0 prob=0.142
AgeVaxH35.js:2305 489I x:ageGp:fam 119:1:-1 by red 672:4:-1 at gen522 Univ0 prob=0.722
AgeVaxH35.js:2305 489I x:ageGp:fam 656:4:-1 by blue 493:3:-1 at gen522 Univ0 prob=0.439
AgeVaxH35.js:2305 490I x:ageGp:fam 491:3:-1 by blue 11:0:-1 at gen523 Univ0 prob=0.332
AgeVaxH35.js:2305 490I x:ageGp:fam 835:6:-1 by red 93:1:-1 at gen523 Univ0 prob=0.498
AgeVaxH35.js:2305 490I x:ageGp:fam 294:2:-1 by blue 644:4:-1 at gen523 Univ0 prob=0.851
AgeVaxH35.js:2305 490I x:ageGp:fam 486:3:-1 by blue 919:7:-1 at gen523 Univ0 prob=0.165
AgeVaxH35.js:2305 496I x:ageGp:fam 229:2:-1 by blue 544:4:-1 at gen526 Univ0 prob=0.766
AgeVaxH35.js:2305 496I x:ageGp:fam 590:4:-1 by red 672:4:-1 at gen526 Univ0 prob=0.474
AgeVaxH35.js:2305 496I x:ageGp:fam 985:9:-1 by blue 746:5:-1 at gen526 Univ0 prob=0.236
AgeVaxH35.js:2305 496I x:ageGp:fam 854:6:-1 by blue 802:5:-1 at gen526 Univ0 prob=0.413
AgeVaxH35.js:2305 496I x:ageGp:fam 291:2:-1 by blue 919:7:-1 at gen527 Univ0 prob=0.400
AgeVaxH35.js:2305 496I x:ageGp:fam 690:5:-1 by blue 892:6:-1 at gen527 Univ0 prob=0.675
AgeVaxH35.js:2305 500I x:ageGp:fam 133:2:-1 by blue 492:3:-1 at gen528 Univ0 prob=0.153
AgeVaxH35.js:2305 500I x:ageGp:fam 647:4:-1 by blue 457:3:-1 at gen528 Univ0 prob=0.702
AgeVaxH35.js:2305 502I x:ageGp:fam 470:3:-1 by blue 11:0:-1 at gen529 Univ0 prob=0.353
AgeVaxH35.js:2305 502I x:ageGp:fam 340:2:-1 by blue 925:7:-1 at gen529 Univ0 prob=0.439
AgeVaxH35.js:2305 502I x:ageGp:fam 437:3:-1 by red 850:6:-1 at gen529 Univ0 prob=0.204
AgeVaxH35.js:2305 502I x:ageGp:fam 853:6:-1 by blue 601:4:-1 at gen529 Univ0 prob=0.608
AgeVaxH35.js:2305 502I x:ageGp:fam 744:5:-1 by red 816:5:-1 at gen529 Univ0 prob=0.521
AgeVaxH35.js:2305 509I x:ageGp:fam 116:1:-1 by red 32:0:-1 at gen531 Univ0 prob=0.993
AgeVaxH35.js:2305 509I x:ageGp:fam 132:2:-1 by blue 601:4:-1 at gen531 Univ0 prob=0.649
AgeVaxH35.js:2305 509I x:ageGp:fam 345:2:-1 by blue 601:4:-1 at gen531 Univ0 prob=0.422
AgeVaxH35.js:2305 509I x:ageGp:fam 804:5:-1 by red 850:6:-1 at gen531 Univ0 prob=0.945
AgeVaxH35.js:2305 509I x:ageGp:fam 733:5:-1 by blue 505:3:-1 at gen532 Univ0 prob=0.970
AgeVaxH35.js:2305 513I x:ageGp:fam 173:2:-1 by blue 505:3:-1 at gen533 Univ0 prob=0.550
AgeVaxH35.js:2305 513I x:ageGp:fam 284:2:-1 by blue 746:5:-1 at gen533 Univ0 prob=0.714
AgeVaxH35.js:2305 514I x:ageGp:fam 596:4:-1 by blue 402:3:-1 at gen534 Univ0 prob=0.173
AgeVaxH35.js:2305 514I x:ageGp:fam 519:3:-1 by blue 505:3:-1 at gen534 Univ0 prob=0.388
AgeVaxH35.js:2305 514I x:ageGp:fam 833:6:-1 by blue 931:7:-1 at gen534 Univ0 prob=0.116
AgeVaxH35.js:2305 516I x:ageGp:fam 562:4:-1 by blue 397:3:-1 at gen535 Univ0 prob=0.143
AgeVaxH35.js:2305 516I x:ageGp:fam 923:7:-1 by red 791:5:-1 at gen535 Univ0 prob=0.197
AgeVaxH35.js:2305 519I x:ageGp:fam 97:1:-1 by blue 876:6:-1 at gen536 Univ0 prob=0.427
AgeVaxH35.js:2305 519I x:ageGp:fam 845:6:-1 by blue 253:2:-1 at gen536 Univ0 prob=0.589
AgeVaxH35.js:2305 519I x:ageGp:fam 754:5:-1 by red 672:4:-1 at gen536 Univ0 prob=0.399
AgeVaxH35.js:2305 521I x:ageGp:fam 516:3:-1 by yellow 295:2:-1 at gen537 Univ0 prob=0.525
AgeVaxH35.js:2305 521I x:ageGp:fam 630:4:-1 by blue 322:2:-1 at gen537 Univ0 prob=0.852
AgeVaxH35.js:2305 521I x:ageGp:fam 516:3:-1 by blue 574:4:-1 at gen537 Univ0 prob=0.820
AgeVaxH35.js:2305 521I x:ageGp:fam 860:6:-1 by blue 976:8:-1 at gen537 Univ0 prob=0.160
AgeVaxH35.js:2305 527I x:ageGp:fam 18:0:-1 by blue 644:4:-1 at gen539 Univ0 prob=0.503
AgeVaxH35.js:2305 527I x:ageGp:fam 735:5:-1 by red 127:1:-1 at gen539 Univ0 prob=0.432
AgeVaxH35.js:2305 527I x:ageGp:fam 81:1:-1 by blue 876:6:-1 at gen540 Univ0 prob=0.884
AgeVaxH35.js:2305 529I x:ageGp:fam 821:6:-1 by blue 262:2:-1 at gen541 Univ0 prob=0.999
AgeVaxH35.js:2305 529I x:ageGp:fam 995:9:-1 by blue 605:4:-1 at gen541 Univ0 prob=0.107
AgeVaxH35.js:2305 530I x:ageGp:fam 377:3:-1 by blue 892:6:-1 at gen542 Univ0 prob=0.788
AgeVaxH35.js:2305 532I x:ageGp:fam 238:2:-1 by blue 993:9:-1 at gen543 Univ0 prob=0.925
AgeVaxH35.js:2305 533I x:ageGp:fam 875:6:-1 by blue 33:0:-1 at gen544 Univ0 prob=0.769
AgeVaxH35.js:2305 534I x:ageGp:fam 323:2:-1 by blue 815:5:-1 at gen545 Univ0 prob=0.684
AgeVaxH35.js:2305 535I x:ageGp:fam 198:2:-1 by red 672:4:-1 at gen546 Univ0 prob=0.767
AgeVaxH35.js:2305 536I x:ageGp:fam 24:0:-1 by red 765:5:-1 at gen547 Univ0 prob=0.003
AgeVaxH35.js:2305 536I x:ageGp:fam 314:2:-1 by blue 203:2:-1 at gen547 Univ0 prob=0.553
AgeVaxH35.js:2305 536I x:ageGp:fam 306:2:-1 by blue 976:8:-1 at gen547 Univ0 prob=0.401
AgeVaxH35.js:2305 537I x:ageGp:fam 187:2:-1 by blue 520:3:-1 at gen548 Univ0 prob=0.385
AgeVaxH35.js:2305 537I x:ageGp:fam 360:3:-1 by red 933:7:-1 at gen548 Univ0 prob=0.529
AgeVaxH35.js:2305 540I x:ageGp:fam 114:1:-1 by blue 892:6:-1 at gen549 Univ0 prob=0.168
AgeVaxH35.js:2305 540I x:ageGp:fam 218:2:-1 by blue 892:6:-1 at gen549 Univ0 prob=0.625
AgeVaxH35.js:2305 540I x:ageGp:fam 235:2:-1 by red 940:7:-1 at gen549 Univ0 prob=0.631
AgeVaxH35.js:2305 540I x:ageGp:fam 800:5:-1 by blue 806:5:-1 at gen549 Univ0 prob=0.379
AgeVaxH35.js:2305 542I x:ageGp:fam 898:6:-1 by blue 534:3:-1 at gen550 Univ0 prob=0.998
AgeVaxH35.js:2305 542I x:ageGp:fam 743:5:-1 by blue 644:4:-1 at gen550 Univ0 prob=0.131
AgeVaxH35.js:2305 548I x:ageGp:fam 319:2:-1 by blue 464:3:-1 at gen552 Univ0 prob=0.437
AgeVaxH35.js:2305 548I x:ageGp:fam 58:1:-1 by blue 464:3:-1 at gen553 Univ0 prob=0.375
AgeVaxH35.js:2305 548I x:ageGp:fam 661:4:-1 by blue 746:5:-1 at gen553 Univ0 prob=0.275
AgeVaxH35.js:2305 551I x:ageGp:fam 522:3:-1 by blue 125:1:-1 at gen555 Univ0 prob=0.869
AgeVaxH35.js:2305 551I x:ageGp:fam 316:2:-1 by red 127:1:-1 at gen556 Univ0 prob=0.057
AgeVaxH35.js:2305 551I x:ageGp:fam 811:5:-1 by blue 534:3:-1 at gen556 Univ0 prob=0.861
AgeVaxH35.js:2305 552I x:ageGp:fam 134:2:-1 by red 816:5:-1 at gen557 Univ0 prob=0.612
AgeVaxH35.js:2305 552I x:ageGp:fam 548:4:-1 by blue 183:2:-1 at gen557 Univ0 prob=0.026
AgeVaxH35.js:2305 554I x:ageGp:fam 563:4:-1 by red 657:4:-1 at gen558 Univ0 prob=0.809
AgeVaxH35.js:2305 556I x:ageGp:fam 88:1:-1 by blue 732:5:-1 at gen559 Univ0 prob=0.318
AgeVaxH35.js:2305 556I x:ageGp:fam 750:5:-1 by blue 806:5:-1 at gen559 Univ0 prob=0.031
AgeVaxH35.js:2305 557I x:ageGp:fam 303:2:-1 by blue 527:3:-1 at gen560 Univ0 prob=0.553
AgeVaxH35.js:2305 557I x:ageGp:fam 468:3:-1 by blue 397:3:-1 at gen560 Univ0 prob=0.398
AgeVaxH35.js:2305 557I x:ageGp:fam 928:7:-1 by yellow 586:4:-1 at gen560 Univ0 prob=0.334
AgeVaxH35.js:2305 562I x:ageGp:fam 742:5:-1 by blue 806:5:-1 at gen562 Univ0 prob=0.883
AgeVaxH35.js:2305 562I x:ageGp:fam 63:1:-1 by red 62:1:-1 at gen563 Univ0 prob=0.927
AgeVaxH35.js:2305 563I x:ageGp:fam 759:5:-1 by blue 505:3:-1 at gen564 Univ0 prob=0.654
AgeVaxH35.js:2305 564I x:ageGp:fam 936:7:-1 by blue 601:4:-1 at gen565 Univ0 prob=0.312
AgeVaxH35.js:2305 565I x:ageGp:fam 952:8:-1 by blue 25:0:-1 at gen566 Univ0 prob=0.099
AgeVaxH35.js:2305 565I x:ageGp:fam 852:6:-1 by blue 520:3:-1 at gen566 Univ0 prob=0.951
AgeVaxH35.js:2305 568I x:ageGp:fam 391:3:-1 by blue 663:4:-1 at gen569 Univ0 prob=0.764
AgeVaxH35.js:2305 568I x:ageGp:fam 507:3:-1 by blue 402:3:-1 at gen570 Univ0 prob=0.780
AgeVaxH35.js:2305 568I x:ageGp:fam 557:4:-1 by red 629:4:-1 at gen570 Univ0 prob=0.033
AgeVaxH35.js:2305 569I x:ageGp:fam 288:2:-1 by blue 125:1:-1 at gen571 Univ0 prob=0.386
AgeVaxH35.js:2305 571I x:ageGp:fam 151:2:-1 by blue 119:1:-1 at gen572 Univ0 prob=0.489
AgeVaxH35.js:2305 571I x:ageGp:fam 418:3:-1 by blue 322:2:-1 at gen572 Univ0 prob=0.966
AgeVaxH35.js:2305 572I x:ageGp:fam 567:4:-1 by red 237:2:-1 at gen573 Univ0 prob=0.473
AgeVaxH35.js:2305 572I x:ageGp:fam 242:2:-1 by red 672:4:-1 at gen573 Univ0 prob=0.066
AgeVaxH35.js:2305 572I x:ageGp:fam 798:5:-1 by blue 294:2:-1 at gen573 Univ0 prob=0.887
AgeVaxH35.js:2305 572I x:ageGp:fam 864:6:-1 by blue 520:3:-1 at gen573 Univ0 prob=0.548
AgeVaxH35.js:2305 574I x:ageGp:fam 942:7:-1 by blue 125:1:-1 at gen574 Univ0 prob=0.076
AgeVaxH35.js:2305 574I x:ageGp:fam 348:2:-1 by red 493:3:-1 at gen574 Univ0 prob=0.835
AgeVaxH35.js:2305 580I x:ageGp:fam 579:4:-1 by blue 141:2:-1 at gen578 Univ0 prob=0.070
AgeVaxH35.js:2305 580I x:ageGp:fam 415:3:-1 by blue 176:2:-1 at gen578 Univ0 prob=0.487
AgeVaxH35.js:2305 580I x:ageGp:fam 721:5:-1 by red 575:4:-1 at gen579 Univ0 prob=0.162
AgeVaxH35.js:2305 582I x:ageGp:fam 523:3:-1 by blue 119:1:-1 at gen580 Univ0 prob=0.716
AgeVaxH35.js:2305 582I x:ageGp:fam 424:3:-1 by blue 443:3:-1 at gen580 Univ0 prob=0.073
AgeVaxH35.js:2305 582I x:ageGp:fam 954:8:-1 by red 644:4:-1 at gen580 Univ0 prob=0.440
AgeVaxH35.js:2305 586I x:ageGp:fam 137:2:-1 by yellow 833:6:-1 at gen582 Univ0 prob=0.015
AgeVaxH35.js:2305 586I x:ageGp:fam 674:4:-1 by red 37:0:-1 at gen583 Univ0 prob=0.312
AgeVaxH35.js:2305 586I x:ageGp:fam 104:1:-1 by blue 176:2:-1 at gen583 Univ0 prob=0.727
AgeVaxH35.js:2305 586I x:ageGp:fam 267:2:-1 by blue 675:4:-1 at gen583 Univ0 prob=0.328
AgeVaxH35.js:2305 587I x:ageGp:fam 29:0:-1 by red 189:2:-1 at gen584 Univ0 prob=0.107
AgeVaxH35.js:2305 587I x:ageGp:fam 530:3:-1 by blue 806:5:-1 at gen584 Univ0 prob=0.865
AgeVaxH35.js:2305 587I x:ageGp:fam 847:6:-1 by blue 853:6:-1 at gen584 Univ0 prob=0.578
AgeVaxH35.js:2305 590I x:ageGp:fam 896:6:-1 by blue 357:2:-1 at gen585 Univ0 prob=0.379
AgeVaxH35.js:2305 590I x:ageGp:fam 651:4:-1 by red 816:5:-1 at gen585 Univ0 prob=0.558
AgeVaxH35.js:2305 595I x:ageGp:fam 472:3:-1 by yellow 754:5:-1 at gen588 Univ0 prob=0.836
AgeVaxH35.js:2305 595I x:ageGp:fam 268:2:-1 by blue 586:4:-1 at gen589 Univ0 prob=0.623
AgeVaxH35.js:2305 597I x:ageGp:fam 388:3:-1 by blue 284:2:-1 at gen591 Univ0 prob=0.874
AgeVaxH35.js:2305 597I x:ageGp:fam 426:3:-1 by blue 204:2:-1 at gen592 Univ0 prob=0.778
AgeVaxH35.js:2305 598I x:ageGp:fam 96:1:-1 by red 389:3:-1 at gen593 Univ0 prob=0.964
AgeVaxH35.js:2305 598I x:ageGp:fam 914:7:-1 by blue 701:5:-1 at gen593 Univ0 prob=0.168
AgeVaxH35.js:2305 601I x:ageGp:fam 969:8:-1 by blue 25:0:-1 at gen595 Univ0 prob=0.483
AgeVaxH35.js:2305 601I x:ageGp:fam 986:9:-1 by red 644:4:-1 at gen596 Univ0 prob=0.755
AgeVaxH35.js:2305 601I x:ageGp:fam 846:6:-1 by red 994:9:-1 at gen596 Univ0 prob=0.601
AgeVaxH35.js:2305 602I x:ageGp:fam 167:2:-1 by blue 97:1:-1 at gen597 Univ0 prob=0.486
AgeVaxH35.js:2305 602I x:ageGp:fam 624:4:-1 by blue 119:1:-1 at gen597 Univ0 prob=0.350
AgeVaxH35.js:2305 602I x:ageGp:fam 899:6:-1 by blue 733:5:-1 at gen597 Univ0 prob=0.240
AgeVaxH35.js:2305 604I x:ageGp:fam 408:3:-1 by red 976:8:-1 at gen598 Univ0 prob=0.465
AgeVaxH35.js:2305 607I x:ageGp:fam 152:2:-1 by blue 733:5:-1 at gen599 Univ0 prob=0.012
AgeVaxH35.js:2305 607I x:ageGp:fam 254:2:-1 by blue 198:2:-1 at gen599 Univ0 prob=0.402
AgeVaxH35.js:2305 608I x:ageGp:fam 787:5:-1 by blue 36:0:-1 at gen600 Univ0 prob=0.403
AgeVaxH35.js:2305 608I x:ageGp:fam 400:3:-1 by blue 284:2:-1 at gen600 Univ0 prob=0.653
AgeVaxH35.js:2305 610I x:ageGp:fam 716:5:-1 by blue 25:0:-1 at gen601 Univ0 prob=0.965
AgeVaxH35.js:2305 613I x:ageGp:fam 406:3:-1 by red 195:2:-1 at gen603 Univ0 prob=0.107
AgeVaxH35.js:2305 613I x:ageGp:fam 951:8:-1 by blue 116:1:-1 at gen604 Univ0 prob=0.933
AgeVaxH35.js:2305 613I x:ageGp:fam 643:4:-1 by blue 596:4:-1 at gen604 Univ0 prob=0.512
AgeVaxH35.js:2305 614I x:ageGp:fam 378:3:-1 by blue 198:2:-1 at gen605 Univ0 prob=0.513
AgeVaxH35.js:2305 616I x:ageGp:fam 117:1:-1 by blue 733:5:-1 at gen606 Univ0 prob=0.855
AgeVaxH35.js:2305 616I x:ageGp:fam 748:5:-1 by red 715:5:-1 at gen606 Univ0 prob=0.055
AgeVaxH35.js:2305 617I x:ageGp:fam 264:2:-1 by blue 18:0:-1 at gen607 Univ0 prob=0.626
AgeVaxH35.js:2305 617I x:ageGp:fam 365:3:-1 by blue 18:0:-1 at gen607 Univ0 prob=0.422
AgeVaxH35.js:2305 617I x:ageGp:fam 506:3:-1 by red 948:7:-1 at gen607 Univ0 prob=0.303
AgeVaxH35.js:2305 622I x:ageGp:fam 405:3:-1 by blue 25:0:-1 at gen609 Univ0 prob=0.805
AgeVaxH35.js:2305 622I x:ageGp:fam 228:2:-1 by blue 661:4:-1 at gen609 Univ0 prob=0.114
AgeVaxH35.js:2305 622I x:ageGp:fam 824:6:-1 by blue 754:5:-1 at gen609 Univ0 prob=0.105
AgeVaxH35.js:2305 622I x:ageGp:fam 207:2:-1 by blue 467:3:-1 at gen610 Univ0 prob=0.733
AgeVaxH35.js:2305 625I x:ageGp:fam 289:2:-1 by blue 860:6:-1 at gen611 Univ0 prob=0.045
AgeVaxH35.js:2305 625I x:ageGp:fam 803:5:-1 by red 892:6:-1 at gen611 Univ0 prob=0.132
AgeVaxH35.js:2305 626I x:ageGp:fam 83:1:-1 by blue 314:2:-1 at gen612 Univ0 prob=0.723
AgeVaxH35.js:2305 626I x:ageGp:fam 166:2:-1 by red 876:6:-1 at gen612 Univ0 prob=0.975
AgeVaxH35.js:2305 626I x:ageGp:fam 685:4:-1 by blue 833:6:-1 at gen612 Univ0 prob=0.733
AgeVaxH35.js:2305 628I x:ageGp:fam 866:6:-1 by blue 534:3:-1 at gen613 Univ0 prob=0.332
AgeVaxH35.js:2305 631I x:ageGp:fam 414:3:-1 by blue 88:1:-1 at gen614 Univ0 prob=0.350
AgeVaxH35.js:2305 631I x:ageGp:fam 551:4:-1 by red 770:5:-1 at gen614 Univ0 prob=0.736
AgeVaxH35.js:2305 631I x:ageGp:fam 970:8:-1 by red 806:5:-1 at gen614 Univ0 prob=0.387
AgeVaxH35.js:2305 632I x:ageGp:fam 321:2:-1 by red 644:4:-1 at gen615 Univ0 prob=0.501
AgeVaxH35.js:2305 635I x:ageGp:fam 719:5:-1 by red 25:0:-1 at gen616 Univ0 prob=0.953
AgeVaxH35.js:2305 636I x:ageGp:fam 71:1:-1 by blue 985:9:-1 at gen617 Univ0 prob=0.785
AgeVaxH35.js:2305 636I x:ageGp:fam 311:2:-1 by blue 675:4:-1 at gen617 Univ0 prob=0.855
AgeVaxH35.js:2305 636I x:ageGp:fam 751:5:-1 by blue 519:3:-1 at gen617 Univ0 prob=0.372
AgeVaxH35.js:2305 636I x:ageGp:fam 599:4:-1 by blue 833:6:-1 at gen617 Univ0 prob=0.209
AgeVaxH35.js:2305 637I x:ageGp:fam 916:7:-1 by red 322:2:-1 at gen618 Univ0 prob=0.841
AgeVaxH35.js:2305 641I x:ageGp:fam 785:5:-1 by yellow 507:3:-1 at gen619 Univ0 prob=0.755
AgeVaxH35.js:2305 641I x:ageGp:fam 911:7:-1 by blue 811:5:-1 at gen619 Univ0 prob=0.497
AgeVaxH35.js:2305 642I x:ageGp:fam 609:4:-1 by blue 661:4:-1 at gen620 Univ0 prob=0.966
AgeVaxH35.js:2305 644I x:ageGp:fam 163:2:-1 by blue 294:2:-1 at gen621 Univ0 prob=0.105
AgeVaxH35.js:2305 645I x:ageGp:fam 20:0:-1 by blue 996:9:-1 at gen622 Univ0 prob=0.765
AgeVaxH35.js:2305 645I x:ageGp:fam 56:1:-1 by blue 284:2:-1 at gen622 Univ0 prob=0.737
AgeVaxH35.js:2305 645I x:ageGp:fam 915:7:-1 by blue 800:5:-1 at gen622 Univ0 prob=0.278
AgeVaxH35.js:2305 646I x:ageGp:fam 43:1:-1 by blue 316:2:-1 at gen623 Univ0 prob=0.546
AgeVaxH35.js:2305 646I x:ageGp:fam 108:1:-1 by red 397:3:-1 at gen623 Univ0 prob=0.489
AgeVaxH35.js:2305 649I x:ageGp:fam 837:6:-1 by blue 18:0:-1 at gen624 Univ0 prob=0.881
AgeVaxH35.js:2305 649I x:ageGp:fam 84:1:-1 by blue 314:2:-1 at gen624 Univ0 prob=0.041
AgeVaxH35.js:2305 649I x:ageGp:fam 170:2:-1 by blue 443:3:-1 at gen624 Univ0 prob=0.018
AgeVaxH35.js:2305 649I x:ageGp:fam 302:2:-1 by blue 759:5:-1 at gen624 Univ0 prob=0.245
AgeVaxH35.js:2305 651I x:ageGp:fam 724:5:-1 by blue 198:2:-1 at gen625 Univ0 prob=0.065
AgeVaxH35.js:2305 651I x:ageGp:fam 425:3:-1 by red 433:3:-1 at gen625 Univ0 prob=0.728
AgeVaxH35.js:2305 655I x:ageGp:fam 966:8:-1 by red 462:3:-1 at gen626 Univ0 prob=0.131
AgeVaxH35.js:2305 655I x:ageGp:fam 782:5:-1 by blue 656:4:-1 at gen626 Univ0 prob=0.942
AgeVaxH35.js:2305 657I x:ageGp:fam 52:1:-1 by blue 218:2:-1 at gen627 Univ0 prob=0.068
AgeVaxH35.js:2305 659I x:ageGp:fam 385:3:-1 by red 25:0:-1 at gen628 Univ0 prob=0.556
AgeVaxH35.js:2305 659I x:ageGp:fam 887:6:-1 by blue 852:6:-1 at gen628 Univ0 prob=0.138
AgeVaxH35.js:2305 662I x:ageGp:fam 112:1:-1 by blue 661:4:-1 at gen630 Univ0 prob=0.776
AgeVaxH35.js:2305 662I x:ageGp:fam 669:4:-1 by red 534:3:-1 at gen631 Univ0 prob=0.612
AgeVaxH35.js:2305 663I x:ageGp:fam 181:2:-1 by red 125:1:-1 at gen632 Univ0 prob=0.980
AgeVaxH35.js:2305 663I x:ageGp:fam 558:4:-1 by red 357:2:-1 at gen632 Univ0 prob=0.272
AgeVaxH35.js:2305 664I x:ageGp:fam 598:4:-1 by red 975:8:-1 at gen633 Univ0 prob=0.157
AgeVaxH35.js:2305 666I x:ageGp:fam 186:2:-1 by blue 104:1:-1 at gen634 Univ0 prob=0.904
AgeVaxH35.js:2305 666I x:ageGp:fam 299:2:-1 by blue 104:1:-1 at gen634 Univ0 prob=0.254
AgeVaxH35.js:2305 666I x:ageGp:fam 174:2:-1 by blue 811:5:-1 at gen634 Univ0 prob=0.619
AgeVaxH35.js:2305 666I x:ageGp:fam 929:7:-1 by blue 204:2:-1 at gen634 Univ0 prob=0.275
AgeVaxH35.js:2305 667I x:ageGp:fam 366:3:-1 by blue 800:5:-1 at gen635 Univ0 prob=0.753
AgeVaxH35.js:2305 667I x:ageGp:fam 435:3:-1 by blue 852:6:-1 at gen635 Univ0 prob=0.540
AgeVaxH35.js:2305 671I x:ageGp:fam 591:4:-1 by blue 303:2:-1 at gen636 Univ0 prob=0.083
AgeVaxH35.js:2305 673I x:ageGp:fam 197:2:-1 by red 993:9:-1 at gen637 Univ0 prob=0.651
AgeVaxH35.js:2305 674I x:ageGp:fam 626:4:-1 by blue 97:1:-1 at gen638 Univ0 prob=0.840
AgeVaxH35.js:2305 674I x:ageGp:fam 711:5:-1 by red 605:4:-1 at gen638 Univ0 prob=0.945
AgeVaxH35.js:2305 675I x:ageGp:fam 8:0:-1 by blue 896:6:-1 at gen639 Univ0 prob=0.594
AgeVaxH35.js:2305 678I x:ageGp:fam 226:2:-1 by blue 800:5:-1 at gen641 Univ0 prob=0.423
AgeVaxH35.js:2305 678I x:ageGp:fam 958:8:-1 by blue 507:3:-1 at gen641 Univ0 prob=0.473
AgeVaxH35.js:2305 678I x:ageGp:fam 705:5:-1 by blue 523:3:-1 at gen641 Univ0 prob=0.614
AgeVaxH35.js:2305 678I x:ageGp:fam 526:3:-1 by red 746:5:-1 at gen642 Univ0 prob=0.253
AgeVaxH35.js:2305 682I x:ageGp:fam 820:5:-1 by blue 97:1:-1 at gen644 Univ0 prob=0.759
AgeVaxH35.js:2305 682I x:ageGp:fam 455:3:-1 by red 141:2:-1 at gen644 Univ0 prob=0.793
AgeVaxH35.js:2305 682I x:ageGp:fam 82:1:-1 by blue 137:2:-1 at gen645 Univ0 prob=0.209
AgeVaxH35.js:2305 682I x:ageGp:fam 279:2:-1 by blue 754:5:-1 at gen645 Univ0 prob=0.904
AgeVaxH35.js:2305 684I x:ageGp:fam 34:0:-1 by blue 860:6:-1 at gen646 Univ0 prob=0.021
AgeVaxH35.js:2305 686I x:ageGp:fam 140:2:-1 by blue 151:2:-1 at gen647 Univ0 prob=0.011
AgeVaxH35.js:2305 686I x:ageGp:fam 343:2:-1 by blue 942:7:-1 at gen647 Univ0 prob=0.591
AgeVaxH35.js:2305 686I x:ageGp:fam 546:4:-1 by blue 852:6:-1 at gen647 Univ0 prob=0.047
AgeVaxH35.js:2305 687I x:ageGp:fam 266:2:-1 by blue 242:2:-1 at gen648 Univ0 prob=0.596
AgeVaxH35.js:2305 691I x:ageGp:fam 981:8:-1 by blue 942:7:-1 at gen650 Univ0 prob=0.793
AgeVaxH35.js:2305 691I x:ageGp:fam 154:2:-1 by blue 579:4:-1 at gen651 Univ0 prob=0.771
AgeVaxH35.js:2305 691I x:ageGp:fam 578:4:-1 by blue 952:8:-1 at gen651 Univ0 prob=0.894
AgeVaxH35.js:2305 694I x:ageGp:fam 600:4:-1 by yellow 378:3:-1 at gen653 Univ0 prob=0.529
AgeVaxH35.js:2305 694I x:ageGp:fam 583:4:-1 by blue 661:4:-1 at gen653 Univ0 prob=0.577
AgeVaxH35.js:2305 694I x:ageGp:fam 585:4:-1 by blue 800:5:-1 at gen654 Univ0 prob=0.754
AgeVaxH35.js:2305 694I x:ageGp:fam 706:5:-1 by blue 875:6:-1 at gen654 Univ0 prob=0.200
AgeVaxH35.js:2305 696I x:ageGp:fam 681:4:-1 by red 97:1:-1 at gen655 Univ0 prob=0.599
AgeVaxH35.js:2305 696I x:ageGp:fam 212:2:-1 by red 357:2:-1 at gen655 Univ0 prob=0.100
AgeVaxH35.js:2305 698I x:ageGp:fam 762:5:-1 by blue 721:5:-1 at gen656 Univ0 prob=0.138
AgeVaxH35.js:2305 700I x:ageGp:fam 23:0:-1 by red 116:1:-1 at gen657 Univ0 prob=0.427
AgeVaxH35.js:2305 700I x:ageGp:fam 982:9:-1 by blue 388:3:-1 at gen657 Univ0 prob=0.358
AgeVaxH35.js:2305 703I x:ageGp:fam 513:3:-1 by blue 114:1:-1 at gen659 Univ0 prob=0.640
AgeVaxH35.js:2305 703I x:ageGp:fam 193:2:-1 by red 860:6:-1 at gen659 Univ0 prob=0.363
AgeVaxH35.js:2305 703I x:ageGp:fam 718:5:-1 by blue 400:3:-1 at gen659 Univ0 prob=0.501
AgeVaxH35.js:2305 703I x:ageGp:fam 251:2:-1 by yellow 803:5:-1 at gen660 Univ0 prob=0.999
AgeVaxH35.js:2305 706I x:ageGp:fam 263:2:-1 by blue 314:2:-1 at gen661 Univ0 prob=0.742
AgeVaxH35.js:2305 706I x:ageGp:fam 988:9:-1 by blue 314:2:-1 at gen661 Univ0 prob=0.736
AgeVaxH35.js:2305 707I x:ageGp:fam 499:3:-1 by blue 228:2:-1 at gen662 Univ0 prob=0.632
AgeVaxH35.js:2305 707I x:ageGp:fam 383:3:-1 by blue 507:3:-1 at gen662 Univ0 prob=0.412
AgeVaxH35.js:2305 707I x:ageGp:fam 635:4:-1 by blue 954:8:-1 at gen662 Univ0 prob=0.363
AgeVaxH35.js:2305 709I x:ageGp:fam 917:7:-1 by red 976:8:-1 at gen663 Univ0 prob=0.506
AgeVaxH35.js:2305 712I x:ageGp:fam 704:5:-1 by red 833:6:-1 at gen664 Univ0 prob=0.024
AgeVaxH35.js:2305 713I x:ageGp:fam 460:3:-1 by blue 651:4:-1 at gen665 Univ0 prob=0.553
AgeVaxH35.js:2305 714I x:ageGp:fam 10:0:-1 by blue 83:1:-1 at gen666 Univ0 prob=0.414
AgeVaxH35.js:2305 714I x:ageGp:fam 240:2:-1 by blue 914:7:-1 at gen666 Univ0 prob=0.323
AgeVaxH35.js:2305 715I x:ageGp:fam 407:3:-1 by red 448:3:-1 at gen667 Univ0 prob=0.712
AgeVaxH35.js:2305 717I x:ageGp:fam 956:8:-1 by blue 314:2:-1 at gen668 Univ0 prob=0.871
AgeVaxH35.js:2305 719I x:ageGp:fam 70:1:-1 by blue 405:3:-1 at gen670 Univ0 prob=0.108
AgeVaxH35.js:2305 719I x:ageGp:fam 664:4:-1 by blue 137:2:-1 at gen670 Univ0 prob=0.267
AgeVaxH35.js:2305 719I x:ageGp:fam 614:4:-1 by blue 798:5:-1 at gen670 Univ0 prob=0.320
AgeVaxH35.js:2305 719I x:ageGp:fam 667:4:-1 by blue 811:5:-1 at gen670 Univ0 prob=0.276
AgeVaxH35.js:2305 719I x:ageGp:fam 529:3:-1 by red 357:2:-1 at gen671 Univ0 prob=0.939
AgeVaxH35.js:2305 723I x:ageGp:fam 135:2:-1 by blue 852:6:-1 at gen672 Univ0 prob=0.235
AgeVaxH35.js:2305 723I x:ageGp:fam 666:4:-1 by yellow 837:6:-1 at gen672 Univ0 prob=0.628
AgeVaxH35.js:2305 724I x:ageGp:fam 453:3:-1 by yellow 84:1:-1 at gen673 Univ0 prob=0.059
AgeVaxH35.js:2305 724I x:ageGp:fam 394:3:-1 by red 119:1:-1 at gen673 Univ0 prob=0.339
AgeVaxH35.js:2305 726I x:ageGp:fam 938:7:-1 by yellow 108:1:-1 at gen674 Univ0 prob=0.123
AgeVaxH35.js:2305 728I x:ageGp:fam 45:1:-1 by blue 207:2:-1 at gen675 Univ0 prob=0.818
AgeVaxH35.js:2305 728I x:ageGp:fam 885:6:-1 by red 550:4:-1 at gen675 Univ0 prob=0.686
AgeVaxH35.js:2305 731I x:ageGp:fam 953:8:-1 by red 314:2:-1 at gen677 Univ0 prob=0.443
AgeVaxH35.js:2305 731I x:ageGp:fam 498:3:-1 by red 985:9:-1 at gen677 Univ0 prob=0.450
AgeVaxH35.js:2305 733I x:ageGp:fam 77:1:-1 by red 690:5:-1 at gen679 Univ0 prob=0.407
AgeVaxH35.js:2305 733I x:ageGp:fam 206:2:-1 by blue 748:5:-1 at gen679 Univ0 prob=0.234
AgeVaxH35.js:2305 735I x:ageGp:fam 999:9:-1 by red 357:2:-1 at gen681 Univ0 prob=0.736
AgeVaxH35.js:2305 735I x:ageGp:fam 445:3:-1 by blue 643:4:-1 at gen681 Univ0 prob=0.261
AgeVaxH35.js:2305 735I x:ageGp:fam 364:3:-1 by red 116:1:-1 at gen682 Univ0 prob=0.605
AgeVaxH35.js:2305 735I x:ageGp:fam 839:6:-1 by blue 242:2:-1 at gen682 Univ0 prob=0.722
AgeVaxH35.js:2305 735I x:ageGp:fam 902:7:-1 by red 284:2:-1 at gen682 Univ0 prob=0.076
AgeVaxH35.js:2305 737I x:ageGp:fam 861:6:-1 by blue 952:8:-1 at gen683 Univ0 prob=0.705
AgeVaxH35.js:2305 740I x:ageGp:fam 564:4:-1 by blue 289:2:-1 at gen684 Univ0 prob=0.845
AgeVaxH35.js:2305 741I x:ageGp:fam 156:2:-1 by blue 866:6:-1 at gen685 Univ0 prob=0.636
AgeVaxH35.js:2305 741I x:ageGp:fam 633:4:-1 by red 800:5:-1 at gen685 Univ0 prob=0.753
AgeVaxH35.js:2305 744I x:ageGp:fam 94:1:-1 by red 314:2:-1 at gen687 Univ0 prob=0.408
AgeVaxH35.js:2305 744I x:ageGp:fam 271:2:-1 by red 97:1:-1 at gen687 Univ0 prob=0.604
AgeVaxH35.js:2305 744I x:ageGp:fam 487:3:-1 by blue 289:2:-1 at gen688 Univ0 prob=0.125
AgeVaxH35.js:2305 746I x:ageGp:fam 992:9:-1 by red 114:1:-1 at gen689 Univ0 prob=0.912
AgeVaxH35.js:2305 746I x:ageGp:fam 278:2:-1 by blue 388:3:-1 at gen689 Univ0 prob=0.639
AgeVaxH35.js:2305 747I x:ageGp:fam 130:1:-1 by blue 824:6:-1 at gen690 Univ0 prob=0.247
AgeVaxH35.js:2305 749I x:ageGp:fam 392:3:-1 by blue 785:5:-1 at gen691 Univ0 prob=0.427
AgeVaxH35.js:2305 749I x:ageGp:fam 895:6:-1 by yellow 958:8:-1 at gen691 Univ0 prob=0.849
AgeVaxH35.js:2305 750I x:ageGp:fam 283:2:-1 by blue 719:5:-1 at gen692 Univ0 prob=0.895
AgeVaxH35.js:2305 752I x:ageGp:fam 843:6:-1 by blue 84:1:-1 at gen693 Univ0 prob=0.635
AgeVaxH35.js:2305 752I x:ageGp:fam 177:2:-1 by blue 866:6:-1 at gen693 Univ0 prob=0.886
AgeVaxH35.js:2305 752I x:ageGp:fam 222:2:-1 by blue 609:4:-1 at gen693 Univ0 prob=0.901
AgeVaxH35.js:2305 753I x:ageGp:fam 73:1:-1 by blue 321:2:-1 at gen694 Univ0 prob=0.625
AgeVaxH35.js:2305 753I x:ageGp:fam 376:3:-1 by blue 321:2:-1 at gen694 Univ0 prob=0.758
AgeVaxH35.js:2305 753I x:ageGp:fam 533:3:-1 by blue 385:3:-1 at gen694 Univ0 prob=0.045
AgeVaxH35.js:2305 756I x:ageGp:fam 373:3:-1 by blue 299:2:-1 at gen695 Univ0 prob=0.546
AgeVaxH35.js:2305 756I x:ageGp:fam 650:4:-1 by blue 365:3:-1 at gen695 Univ0 prob=0.716
AgeVaxH35.js:2305 759I x:ageGp:fam 944:7:-1 by blue 167:2:-1 at gen696 Univ0 prob=0.636
AgeVaxH35.js:2305 759I x:ageGp:fam 766:5:-1 by blue 299:2:-1 at gen696 Univ0 prob=0.571
AgeVaxH35.js:2305 759I x:ageGp:fam 608:4:-1 by red 314:2:-1 at gen696 Univ0 prob=0.856
AgeVaxH35.js:2305 759I x:ageGp:fam 560:4:-1 by blue 837:6:-1 at gen696 Univ0 prob=0.369
AgeVaxH35.js:2305 759I x:ageGp:fam 616:4:-1 by blue 911:7:-1 at gen696 Univ0 prob=0.090
AgeVaxH35.js:2305 759I x:ageGp:fam 708:5:-1 by blue 748:5:-1 at gen696 Univ0 prob=0.506
AgeVaxH35.js:2305 767I x:ageGp:fam 4:0:-1 by blue 311:2:-1 at gen698 Univ0 prob=0.235
AgeVaxH35.js:2305 767I x:ageGp:fam 543:4:-1 by blue 609:4:-1 at gen699 Univ0 prob=0.781
AgeVaxH35.js:2305 767I x:ageGp:fam 725:5:-1 by blue 643:4:-1 at gen699 Univ0 prob=0.538
AgeVaxH35.js:2305 768I x:ageGp:fam 870:6:-1 by blue 966:8:-1 at gen700 Univ0 prob=0.876
AgeVaxH35.js:2305 770I x:ageGp:fam 943:7:-1 by blue 546:4:-1 at gen701 Univ0 prob=0.594
AgeVaxH35.js:2305 770I x:ageGp:fam 593:4:-1 by blue 643:4:-1 at gen701 Univ0 prob=0.899
AgeVaxH35.js:2305 770I x:ageGp:fam 713:5:-1 by blue 837:6:-1 at gen701 Univ0 prob=0.726
AgeVaxH35.js:2305 771I x:ageGp:fam 286:2:-1 by blue 599:4:-1 at gen702 Univ0 prob=0.923
AgeVaxH35.js:2305 774I x:ageGp:fam 434:3:-1 by blue 385:3:-1 at gen703 Univ0 prob=0.222
AgeVaxH35.js:2305 775I x:ageGp:fam 30:0:-1 by blue 197:2:-1 at gen704 Univ0 prob=0.089
AgeVaxH35.js:2305 775I x:ageGp:fam 484:3:-1 by blue 824:6:-1 at gen704 Univ0 prob=0.586
AgeVaxH35.js:2305 775I x:ageGp:fam 972:8:-1 by red 754:5:-1 at gen704 Univ0 prob=0.836
AgeVaxH35.js:2305 779I x:ageGp:fam 692:5:-1 by blue 583:4:-1 at gen706 Univ0 prob=0.396
AgeVaxH35.js:2305 779I x:ageGp:fam 441:3:-1 by blue 212:2:-1 at gen707 Univ0 prob=0.693
AgeVaxH35.js:2305 779I x:ageGp:fam 337:2:-1 by blue 785:5:-1 at gen707 Univ0 prob=0.741
AgeVaxH35.js:2305 779I x:ageGp:fam 631:4:-1 by blue 385:3:-1 at gen707 Univ0 prob=0.165
AgeVaxH35.js:2305 780I x:ageGp:fam 756:5:-1 by blue 84:1:-1 at gen708 Univ0 prob=0.945
AgeVaxH35.js:2305 780I x:ageGp:fam 313:2:-1 by red 833:6:-1 at gen708 Univ0 prob=0.911
AgeVaxH35.js:2305 780I x:ageGp:fam 918:7:-1 by blue 321:2:-1 at gen708 Univ0 prob=0.055
AgeVaxH35.js:2305 780I x:ageGp:fam 918:7:-1 by blue 365:3:-1 at gen708 Univ0 prob=0.953
AgeVaxH35.js:2305 780I x:ageGp:fam 463:3:-1 by blue 455:3:-1 at gen708 Univ0 prob=0.269
AgeVaxH35.js:2305 783I x:ageGp:fam 939:7:-1 by blue 837:6:-1 at gen709 Univ0 prob=0.962
AgeVaxH35.js:2305 787I x:ageGp:fam 232:2:-1 by red 759:5:-1 at gen710 Univ0 prob=0.222
AgeVaxH35.js:2305 788I x:ageGp:fam 139:2:-1 by blue 226:2:-1 at gen711 Univ0 prob=0.233
AgeVaxH35.js:2305 788I x:ageGp:fam 320:2:-1 by blue 251:2:-1 at gen711 Univ0 prob=0.655
AgeVaxH35.js:2305 788I x:ageGp:fam 290:2:-1 by red 661:4:-1 at gen711 Univ0 prob=0.202
AgeVaxH35.js:2305 788I x:ageGp:fam 449:3:-1 by red 898:6:-1 at gen711 Univ0 prob=0.365
AgeVaxH35.js:2305 789I x:ageGp:fam 230:2:-1 by blue 197:2:-1 at gen712 Univ0 prob=0.625
AgeVaxH35.js:2305 793I x:ageGp:fam 819:5:-1 by blue 289:2:-1 at gen713 Univ0 prob=0.593
AgeVaxH35.js:2305 793I x:ageGp:fam 569:4:-1 by blue 711:5:-1 at gen713 Univ0 prob=0.165
AgeVaxH35.js:2305 794I x:ageGp:fam 243:2:-1 by red 833:6:-1 at gen714 Univ0 prob=0.479
AgeVaxH35.js:2305 794I x:ageGp:fam 957:8:-1 by blue 405:3:-1 at gen714 Univ0 prob=0.769
AgeVaxH35.js:2305 794I x:ageGp:fam 957:8:-1 by blue 988:9:-1 at gen714 Univ0 prob=0.768
AgeVaxH35.js:2305 796I x:ageGp:fam 205:2:-1 by blue 163:2:-1 at gen715 Univ0 prob=0.133
AgeVaxH35.js:2305 796I x:ageGp:fam 714:5:-1 by blue 982:9:-1 at gen715 Univ0 prob=0.968
AgeVaxH35.js:2305 798I x:ageGp:fam 85:1:-1 by blue 365:3:-1 at gen716 Univ0 prob=0.374
AgeVaxH35.js:2305 798I x:ageGp:fam 124:1:-1 by blue 609:4:-1 at gen716 Univ0 prob=0.561
AgeVaxH35.js:2305 802I x:ageGp:fam 257:2:-1 by blue 455:3:-1 at gen718 Univ0 prob=0.918
AgeVaxH35.js:2305 802I x:ageGp:fam 312:2:-1 by blue 785:5:-1 at gen718 Univ0 prob=0.466
AgeVaxH35.js:2305 802I x:ageGp:fam 99:1:-1 by blue 762:5:-1 at gen719 Univ0 prob=0.425
AgeVaxH35.js:2305 804I x:ageGp:fam 671:4:-1 by blue 8:0:-1 at gen720 Univ0 prob=0.442
AgeVaxH35.js:2305 804I x:ageGp:fam 13:0:-1 by blue 289:2:-1 at gen720 Univ0 prob=0.261
AgeVaxH35.js:2305 804I x:ageGp:fam 13:0:-1 by blue 669:4:-1 at gen720 Univ0 prob=0.710
AgeVaxH35.js:2305 804I x:ageGp:fam 790:5:-1 by yellow 529:3:-1 at gen720 Univ0 prob=0.858
AgeVaxH35.js:2305 805I x:ageGp:fam 436:3:-1 by blue 34:0:-1 at gen721 Univ0 prob=0.657
AgeVaxH35.js:2305 805I x:ageGp:fam 858:6:-1 by blue 435:3:-1 at gen721 Univ0 prob=0.433
AgeVaxH35.js:2305 808I x:ageGp:fam 913:7:-1 by blue 264:2:-1 at gen722 Univ0 prob=0.628
AgeVaxH35.js:2305 810I x:ageGp:fam 201:2:-1 by blue 186:2:-1 at gen723 Univ0 prob=0.583
AgeVaxH35.js:2305 811I x:ageGp:fam 335:2:-1 by red 942:7:-1 at gen724 Univ0 prob=0.307
AgeVaxH35.js:2305 811I x:ageGp:fam 604:4:-1 by blue 666:4:-1 at gen724 Univ0 prob=0.266
AgeVaxH35.js:2305 812I x:ageGp:fam 215:2:-1 by red 522:3:-1 at gen725 Univ0 prob=0.113
AgeVaxH35.js:2305 812I x:ageGp:fam 682:4:-1 by blue 226:2:-1 at gen725 Univ0 prob=0.912
AgeVaxH35.js:2305 814I x:ageGp:fam 196:2:-1 by blue 365:3:-1 at gen726 Univ0 prob=0.207
AgeVaxH35.js:2305 814I x:ageGp:fam 233:2:-1 by blue 311:2:-1 at gen726 Univ0 prob=0.231
AgeVaxH35.js:2305 814I x:ageGp:fam 729:5:-1 by blue 938:7:-1 at gen726 Univ0 prob=0.780
AgeVaxH35.js:2305 816I x:ageGp:fam 621:4:-1 by blue 112:1:-1 at gen727 Univ0 prob=0.969
AgeVaxH35.js:2305 819I x:ageGp:fam 153:2:-1 by blue 885:6:-1 at gen728 Univ0 prob=0.217
AgeVaxH35.js:2305 819I x:ageGp:fam 788:5:-1 by blue 435:3:-1 at gen728 Univ0 prob=0.553
AgeVaxH35.js:2305 820I x:ageGp:fam 353:2:-1 by blue 911:7:-1 at gen729 Univ0 prob=0.977
AgeVaxH35.js:2305 820I x:ageGp:fam 781:5:-1 by blue 915:7:-1 at gen729 Univ0 prob=0.226
AgeVaxH35.js:2305 824I x:ageGp:fam 241:2:-1 by blue 108:1:-1 at gen731 Univ0 prob=0.672
AgeVaxH35.js:2305 824I x:ageGp:fam 662:4:-1 by blue 635:4:-1 at gen731 Univ0 prob=0.499
AgeVaxH35.js:2305 824I x:ageGp:fam 722:5:-1 by blue 911:7:-1 at gen731 Univ0 prob=0.151
AgeVaxH35.js:2305 827I x:ageGp:fam 571:4:-1 by red 811:5:-1 at gen734 Univ0 prob=0.488
AgeVaxH35.js:2305 827I x:ageGp:fam 979:8:-1 by blue 635:4:-1 at gen735 Univ0 prob=0.662
AgeVaxH35.js:2305 828I x:ageGp:fam 293:2:-1 by blue 193:2:-1 at gen736 Univ0 prob=0.264
AgeVaxH35.js:2305 829I x:ageGp:fam 65:1:-1 by blue 635:4:-1 at gen737 Univ0 prob=0.638
AgeVaxH35.js:2305 830I x:ageGp:fam 769:5:-1 by blue 186:2:-1 at gen738 Univ0 prob=0.308
AgeVaxH35.js:2305 830I x:ageGp:fam 772:5:-1 by blue 635:4:-1 at gen738 Univ0 prob=0.738
AgeVaxH35.js:2305 833I x:ageGp:fam 838:6:-1 by red 289:2:-1 at gen740 Univ0 prob=0.763
AgeVaxH35.js:2305 833I x:ageGp:fam 261:2:-1 by red 530:3:-1 at gen741 Univ0 prob=0.537
AgeVaxH35.js:2305 833I x:ageGp:fam 454:3:-1 by blue 718:5:-1 at gen741 Univ0 prob=0.714
AgeVaxH35.js:2305 834I x:ageGp:fam 511:3:-1 by blue 279:2:-1 at gen742 Univ0 prob=0.871
AgeVaxH35.js:2305 834I x:ageGp:fam 568:4:-1 by red 406:3:-1 at gen742 Univ0 prob=0.907
AgeVaxH35.js:2305 836I x:ageGp:fam 275:2:-1 by blue 635:4:-1 at gen743 Univ0 prob=0.213
AgeVaxH35.js:2305 839I x:ageGp:fam 935:7:-1 by blue 23:0:-1 at gen746 Univ0 prob=0.004
AgeVaxH35.js:2305 839I x:ageGp:fam 145:2:-1 by blue 560:4:-1 at gen746 Univ0 prob=0.059
AgeVaxH35.js:2305 839I x:ageGp:fam 688:4:-1 by blue 226:2:-1 at gen747 Univ0 prob=0.561
AgeVaxH35.js:2305 839I x:ageGp:fam 597:4:-1 by blue 513:3:-1 at gen747 Univ0 prob=0.208
AgeVaxH35.js:2305 841I x:ageGp:fam 122:1:-1 by blue 154:2:-1 at gen748 Univ0 prob=0.629
AgeVaxH35.js:2305 843I x:ageGp:fam 764:5:-1 by red 207:2:-1 at gen749 Univ0 prob=0.604
AgeVaxH35.js:2305 843I x:ageGp:fam 588:4:-1 by blue 499:3:-1 at gen749 Univ0 prob=0.639
AgeVaxH35.js:2305 843I x:ageGp:fam 660:4:-1 by red 911:7:-1 at gen749 Univ0 prob=0.466
AgeVaxH35.js:2305 847I x:ageGp:fam 210:2:-1 by red 609:4:-1 at gen753 Univ0 prob=0.135
AgeVaxH35.js:2305 848I x:ageGp:fam 382:3:-1 by blue 560:4:-1 at gen755 Univ0 prob=0.921
AgeVaxH35.js:2305 849I x:ageGp:fam 767:5:-1 by red 226:2:-1 at gen757 Univ0 prob=0.033
AgeVaxH35.js:2305 850I x:ageGp:fam 997:9:-1 by blue 441:3:-1 at gen760 Univ0 prob=0.891
AgeVaxH35.js:2305 851I x:ageGp:fam 417:3:-1 by red 137:2:-1 at gen762 Univ0 prob=0.476
AgeVaxH35.js:2305 852I x:ageGp:fam 649:4:-1 by blue 156:2:-1 at gen764 Univ0 prob=0.616
AgeVaxH35.js:2305 852I x:ageGp:fam 225:2:-1 by red 837:6:-1 at gen764 Univ0 prob=0.557
AgeVaxH35.js:2305 852I x:ageGp:fam 886:6:-1 by red 321:2:-1 at gen764 Univ0 prob=0.855
AgeVaxH35.js:2305 852I x:ageGp:fam 370:3:-1 by red 643:4:-1 at gen764 Univ0 prob=0.259
AgeVaxH35.js:2305 852I x:ageGp:fam 572:4:-1 by blue 392:3:-1 at gen765 Univ0 prob=0.046
AgeVaxH35.js:2305 856I x:ageGp:fam 610:4:-1 by blue 667:4:-1 at gen766 Univ0 prob=0.941
AgeVaxH35.js:2305 857I x:ageGp:fam 696:5:-1 by red 137:2:-1 at gen767 Univ0 prob=0.473
AgeVaxH35.js:2305 857I x:ageGp:fam 910:7:-1 by blue 177:2:-1 at gen767 Univ0 prob=0.629
AgeVaxH35.js:2305 860I x:ageGp:fam 109:1:-1 by red 289:2:-1 at gen771 Univ0 prob=0.188
AgeVaxH35.js:2305 860I x:ageGp:fam 535:3:-1 by blue 718:5:-1 at gen772 Univ0 prob=0.174
AgeVaxH35.js:2305 861I x:ageGp:fam 200:2:-1 by blue 982:9:-1 at gen773 Univ0 prob=0.620
AgeVaxH35.js:2305 862I x:ageGp:fam 403:3:-1 by blue 286:2:-1 at gen774 Univ0 prob=0.168
AgeVaxH35.js:2305 862I x:ageGp:fam 636:4:-1 by blue 441:3:-1 at gen774 Univ0 prob=0.065
AgeVaxH35.js:2305 862I x:ageGp:fam 868:6:-1 by red 911:7:-1 at gen774 Univ0 prob=0.928
AgeVaxH35.js:2305 863I x:ageGp:fam 536:3:-1 by blue 124:1:-1 at gen775 Univ0 prob=0.020
AgeVaxH35.js:2305 863I x:ageGp:fam 172:2:-1 by red 600:4:-1 at gen775 Univ0 prob=0.851
AgeVaxH35.js:2305 863I x:ageGp:fam 213:2:-1 by red 837:6:-1 at gen775 Univ0 prob=0.041
AgeVaxH35.js:2305 869I x:ageGp:fam 694:5:-1 by blue 193:2:-1 at gen779 Univ0 prob=0.376
AgeVaxH35.js:2305 869I x:ageGp:fam 86:1:-1 by red 311:2:-1 at gen780 Univ0 prob=0.733
AgeVaxH35.js:2305 870I x:ageGp:fam 490:3:-1 by red 705:5:-1 at gen781 Univ0 prob=0.277
AgeVaxH35.js:2305 871I x:ageGp:fam 149:2:-1 by red 226:2:-1 at gen782 Univ0 prob=0.802
AgeVaxH35.js:2305 871I x:ageGp:fam 349:2:-1 by red 911:7:-1 at gen782 Univ0 prob=0.420
AgeVaxH35.js:2305 872I x:ageGp:fam 863:6:-1 by blue 156:2:-1 at gen783 Univ0 prob=0.050
AgeVaxH35.js:2305 872I x:ageGp:fam 710:5:-1 by blue 635:4:-1 at gen783 Univ0 prob=0.076
AgeVaxH35.js:2305 874I x:ageGp:fam 59:1:-1 by red 958:8:-1 at gen784 Univ0 prob=0.055
AgeVaxH35.js:2305 877I x:ageGp:fam 909:7:-1 by blue 13:0:-1 at gen786 Univ0 prob=0.697
AgeVaxH35.js:2305 877I x:ageGp:fam 920:7:-1 by blue 139:2:-1 at gen786 Univ0 prob=0.458
AgeVaxH35.js:2305 879I x:ageGp:fam 332:2:-1 by blue 666:4:-1 at gen788 Univ0 prob=0.773
AgeVaxH35.js:2305 879I x:ageGp:fam 728:5:-1 by red 226:2:-1 at gen789 Univ0 prob=0.258
AgeVaxH35.js:2305 880I x:ageGp:fam 903:7:-1 by blue 939:7:-1 at gen790 Univ0 prob=0.163
AgeVaxH35.js:2305 881I x:ageGp:fam 483:3:-1 by blue 819:5:-1 at gen791 Univ0 prob=0.712
AgeVaxH35.js:2305 883I x:ageGp:fam 686:4:-1 by blue 979:8:-1 at gen793 Univ0 prob=0.971
AgeVaxH35.js:2305 884I x:ageGp:fam 905:7:-1 by blue 454:3:-1 at gen795 Univ0 prob=0.012
AgeVaxH35.js:2305 885I x:ageGp:fam 2:0:-1 by blue 335:2:-1 at gen797 Univ0 prob=0.055
AgeVaxH35.js:2305 885I x:ageGp:fam 496:3:-1 by blue 392:3:-1 at gen798 Univ0 prob=0.517
AgeVaxH35.js:2305 885I x:ageGp:fam 552:4:-1 by yellow 660:4:-1 at gen798 Univ0 prob=0.372
AgeVaxH35.js:2305 885I x:ageGp:fam 973:8:-1 by red 667:4:-1 at gen798 Univ0 prob=0.587
AgeVaxH35.js:2305 885I x:ageGp:fam 937:7:-1 by blue 943:7:-1 at gen798 Univ0 prob=0.889
AgeVaxH35.js:2305 886I x:ageGp:fam 480:3:-1 by blue 335:2:-1 at gen799 Univ0 prob=0.318
AgeVaxH35.js:2305 891I x:ageGp:fam 458:3:-1 by red 917:7:-1 at gen803 Univ0 prob=0.467
AgeVaxH35.js:2305 891I x:ageGp:fam 40:1:-1 by blue 353:2:-1 at gen804 Univ0 prob=0.767
AgeVaxH35.js:2305 893I x:ageGp:fam 47:1:-1 by blue 392:3:-1 at gen807 Univ0 prob=0.494
AgeVaxH35.js:2305 893I x:ageGp:fam 344:2:-1 by blue 772:5:-1 at gen807 Univ0 prob=0.606
AgeVaxH35.js:2305 893I x:ageGp:fam 431:3:-1 by red 226:2:-1 at gen808 Univ0 prob=0.231
AgeVaxH35.js:2305 896I x:ageGp:fam 69:1:-1 by red 667:4:-1 at gen812 Univ0 prob=0.744
AgeVaxH35.js:2305 896I x:ageGp:fam 220:2:-1 by blue 713:5:-1 at gen812 Univ0 prob=0.905
AgeVaxH35.js:2305 898I x:ageGp:fam 775:5:-1 by red 45:1:-1 at gen820 Univ0 prob=0.615
AgeVaxH35.js:2305 899I x:ageGp:fam 739:5:-1 by blue 660:4:-1 at gen822 Univ0 prob=0.574
AgeVaxH35.js:2305 900I x:ageGp:fam 38:0:-1 by blue 764:5:-1 at gen829 Univ0 prob=0.807
AgeVaxH35.js:2305 900I x:ageGp:fam 57:1:-1 by blue 312:2:-1 at gen829 Univ0 prob=0.966
AgeVaxH35.js:2305 902I x:ageGp:fam 35:0:-1 by blue 696:5:-1 at gen832 Univ0 prob=0.473
AgeVaxH35.js:2305 902I x:ageGp:fam 758:5:-1 by red 156:2:-1 at gen832 Univ0 prob=0.309
AgeVaxH35.js:2305 902I x:ageGp:fam 799:5:-1 by red 487:3:-1 at gen833 Univ0 prob=0.085
AgeVaxH35.js:2305 905I x:ageGp:fam 75:1:-1 by blue 769:5:-1 at gen835 Univ0 prob=0.315
AgeVaxH35.js:2305 906I x:ageGp:fam 350:2:-1 by red 917:7:-1 at gen837 Univ0 prob=0.972
AgeVaxH35.js:2305 907I x:ageGp:fam 202:2:-1 by blue 417:3:-1 at gen841 Univ0 prob=0.037
AgeVaxH35.js:2305 907I x:ageGp:fam 49:1:-1 by red 156:2:-1 at gen842 Univ0 prob=0.711
AgeVaxH35.js:2305 907I x:ageGp:fam 587:4:-1 by blue 649:4:-1 at gen842 Univ0 prob=0.648
AgeVaxH35.js:2305 910I x:ageGp:fam 676:4:-1 by blue 710:5:-1 at gen844 Univ0 prob=0.136
AgeVaxH35.js:2305 911I x:ageGp:fam 768:5:-1 by red 286:2:-1 at gen850 Univ0 prob=0.932
AgeVaxH35.js:2305 911I x:ageGp:fam 844:6:-1 by red 290:2:-1 at gen851 Univ0 prob=0.651
AgeVaxH35.js:2305 912I x:ageGp:fam 606:4:-1 by blue 694:5:-1 at gen852 Univ0 prob=0.598
AgeVaxH35.js:2305 913I x:ageGp:fam 752:5:-1 by red 177:2:-1 at gen853 Univ0 prob=0.833
AgeVaxH35.js:2305 915I x:ageGp:fam 79:1:-1 by red 139:2:-1 at gen856 Univ0 prob=0.188
AgeVaxH35.js:2305 915I x:ageGp:fam 265:2:-1 by blue 649:4:-1 at gen856 Univ0 prob=0.225
AgeVaxH35.js:2305 915I x:ageGp:fam 757:5:-1 by red 487:3:-1 at gen857 Univ0 prob=0.919
AgeVaxH35.js:2305 917I x:ageGp:fam 144:2:-1 by blue 710:5:-1 at gen858 Univ0 prob=0.389
AgeVaxH35.js:2305 918I x:ageGp:fam 541:4:-1 by red 335:2:-1 at gen859 Univ0 prob=0.684
AgeVaxH35.js:2305 920I x:ageGp:fam 934:7:-1 by blue 660:4:-1 at gen863 Univ0 prob=0.958
AgeVaxH35.js:2305 920I x:ageGp:fam 227:2:-1 by blue 688:4:-1 at gen864 Univ0 prob=0.033
AgeVaxH35.js:2305 921I x:ageGp:fam 413:3:-1 by red 454:3:-1 at gen865 Univ0 prob=0.780
AgeVaxH35.js:2305 923I x:ageGp:fam 398:3:-1 by blue 149:2:-1 at gen870 Univ0 prob=0.868
AgeVaxH35.js:2305 923I x:ageGp:fam 592:4:-1 by blue 344:2:-1 at gen870 Univ0 prob=0.220
AgeVaxH35.js:2305 923I x:ageGp:fam 539:3:-1 by red 335:2:-1 at gen871 Univ0 prob=0.101
AgeVaxH35.js:2305 926I x:ageGp:fam 111:1:-1 by blue 483:3:-1 at gen875 Univ0 prob=0.808
AgeVaxH35.js:2305 926I x:ageGp:fam 3:0:-1 by red 312:2:-1 at gen876 Univ0 prob=0.583
AgeVaxH35.js:2305 928I x:ageGp:fam 246:2:-1 by blue 739:5:-1 at gen881 Univ0 prob=0.953
AgeVaxH35.js:2305 929I x:ageGp:fam 0:0:-1 by red 688:4:-1 at gen886 Univ0 prob=0.650
AgeVaxH35.js:2305 929I x:ageGp:fam 136:2:-1 by red 353:2:-1 at gen886 Univ0 prob=0.504
AgeVaxH35.js:2305 931I x:ageGp:fam 334:2:-1 by blue 758:5:-1 at gen889 Univ0 prob=0.799
AgeVaxH35.js:2305 931I x:ageGp:fam 281:2:-1 by red 660:4:-1 at gen890 Univ0 prob=0.799
AgeVaxH35.js:2305 933I x:ageGp:fam 521:3:-1 by blue 496:3:-1 at gen895 Univ0 prob=0.802
AgeVaxH35.js:2305 933I x:ageGp:fam 619:4:-1 by blue 350:2:-1 at gen896 Univ0 prob=0.663
AgeVaxH35.js:2305 934I x:ageGp:fam 840:6:-1 by blue 40:1:-1 at gen897 Univ0 prob=0.934
AgeVaxH35.js:2305 935I x:ageGp:fam 248:2:-1 by red 535:3:-1 at gen898 Univ0 prob=0.876
AgeVaxH35.js:2305 936I x:ageGp:fam 594:4:-1 by red 649:4:-1 at gen899 Univ0 prob=0.603
AgeVaxH35.js:2305 938I x:ageGp:fam 352:2:-1 by blue 752:5:-1 at gen903 Univ0 prob=0.482
AgeVaxH35.js:2305 938I x:ageGp:fam 842:6:-1 by blue 686:4:-1 at gen903 Univ0 prob=0.955
AgeVaxH35.js:2305 940I x:ageGp:fam 192:2:-1 by blue 844:6:-1 at gen905 Univ0 prob=0.626
AgeVaxH35.js:2305 941I x:ageGp:fam 620:4:-1 by blue 758:5:-1 at gen909 Univ0 prob=0.668
AgeVaxH35.js:2305 942I x:ageGp:fam 76:1:-1 by red 454:3:-1 at gen912 Univ0 prob=0.230
AgeVaxH35.js:2305 943I x:ageGp:fam 209:2:-1 by red 65:1:-1 at gen919 Univ0 prob=0.863
AgeVaxH35.js:2305 944I x:ageGp:fam 103:1:-1 by red 649:4:-1 at gen921 Univ0 prob=0.649
AgeVaxH35.js:2305 944I x:ageGp:fam 147:2:-1 by blue 350:2:-1 at gen921 Univ0 prob=0.444
AgeVaxH35.js:2305 944I x:ageGp:fam 287:2:-1 by blue 757:5:-1 at gen921 Univ0 prob=0.506
AgeVaxH35.js:2305 947I x:ageGp:fam 219:2:-1 by red 767:5:-1 at gen923 Univ0 prob=0.143
AgeVaxH35.js:2305 947I x:ageGp:fam 494:3:-1 by red 649:4:-1 at gen923 Univ0 prob=0.990
AgeVaxH35.js:2305 947I x:ageGp:fam 367:3:-1 by blue 758:5:-1 at gen924 Univ0 prob=0.378
AgeVaxH35.js:2305 949I x:ageGp:fam 277:2:-1 by blue 758:5:-1 at gen925 Univ0 prob=0.118
AgeVaxH35.js:2305 951I x:ageGp:fam 670:4:-1 by yellow 246:2:-1 at gen930 Univ0 prob=0.110
AgeVaxH35.js:2305 952I x:ageGp:fam 700:5:-1 by blue 246:2:-1 at gen933 Univ0 prob=0.567
AgeVaxH35.js:2305 952I x:ageGp:fam 789:5:-1 by blue 265:2:-1 at gen933 Univ0 prob=0.760
AgeVaxH35.js:2305 952I x:ageGp:fam 786:5:-1 by red 660:4:-1 at gen933 Univ0 prob=0.282
AgeVaxH35.js:2305 955I x:ageGp:fam 211:2:-1 by blue 265:2:-1 at gen938 Univ0 prob=0.376
AgeVaxH35.js:2305 956I x:ageGp:fam 120:1:-1 by blue 757:5:-1 at gen940 Univ0 prob=0.098
AgeVaxH35.js:2305 957I x:ageGp:fam 984:9:-1 by blue 49:1:-1 at gen943 Univ0 prob=0.809
AgeVaxH35.js:2305 957I x:ageGp:fam 830:6:-1 by red 535:3:-1 at gen943 Univ0 prob=0.916
AgeVaxH35.js:2305 957I x:ageGp:fam 974:8:-1 by red 536:3:-1 at gen943 Univ0 prob=0.167
AgeVaxH35.js:2305 957I x:ageGp:fam 727:5:-1 by red 868:6:-1 at gen943 Univ0 prob=0.259
AgeVaxH35.js:2305 961I x:ageGp:fam 260:2:-1 by blue 541:4:-1 at gen945 Univ0 prob=0.313
AgeVaxH35.js:2305 962I x:ageGp:fam 763:5:-1 by yellow 840:6:-1 at gen948 Univ0 prob=0.939
AgeVaxH35.js:2305 963I x:ageGp:fam 565:4:-1 by red 344:2:-1 at gen953 Univ0 prob=0.635
AgeVaxH35.js:2305 963I x:ageGp:fam 978:8:-1 by blue 246:2:-1 at gen954 Univ0 prob=0.293
AgeVaxH35.js:2305 965I x:ageGp:fam 540:3:-1 by blue 136:2:-1 at gen961 Univ0 prob=0.435
AgeVaxH35.js:2305 965I x:ageGp:fam 745:5:-1 by red 694:5:-1 at gen961 Univ0 prob=0.730
AgeVaxH35.js:2305 965I x:ageGp:fam 390:3:-1 by blue 246:2:-1 at gen962 Univ0 prob=0.478
AgeVaxH35.js:2305 968I x:ageGp:fam 726:5:-1 by blue 136:2:-1 at gen966 Univ0 prob=0.232
AgeVaxH35.js:2305 969I x:ageGp:fam 91:1:-1 by red 758:5:-1 at gen971 Univ0 prob=0.000
AgeVaxH35.js:2305 969I x:ageGp:fam 549:4:-1 by blue 281:2:-1 at gen971 Univ0 prob=0.498
AgeVaxH35.js:2305 971I x:ageGp:fam 138:2:-1 by blue 281:2:-1 at gen974 Univ0 prob=0.612
AgeVaxH35.js:2305 972I x:ageGp:fam 234:2:-1 by red 40:1:-1 at gen979 Univ0 prob=0.577
AgeVaxH35.js:2305 973I x:ageGp:fam 247:2:-1 by blue 277:2:-1 at gen983 Univ0 prob=0.893
AgeVaxH35.js:2305 973I x:ageGp:fam 269:2:-1 by blue 281:2:-1 at gen983 Univ0 prob=0.941
AgeVaxH35.js:2305 973I x:ageGp:fam 473:3:-1 by blue 246:2:-1 at gen984 Univ0 prob=0.437
AgeVaxH35.js:2305 976I x:ageGp:fam 871:6:-1 by blue 620:4:-1 at gen986 Univ0 prob=0.341
AgeVaxH35.js:2305 977I x:ageGp:fam 292:2:-1 by red 934:7:-1 at gen988 Univ0 prob=0.804
AgeVaxH35.js:2305 977I x:ageGp:fam 386:3:-1 by blue 840:6:-1 at gen989 Univ0 prob=0.707
AgeVaxH35.js:2305 979I x:ageGp:fam 808:5:-1 by blue 136:2:-1 at gen992 Univ0 prob=0.552
AgeVaxH35.js:2305 980I x:ageGp:fam 190:2:-1 by blue 700:5:-1 at gen994 Univ0 prob=0.371
AgeVaxH35.js:2305 981I x:ageGp:fam 60:1:-1 by blue 367:3:-1 at gen996 Univ0 prob=0.440
AgeVaxH35.js:2305 981I x:ageGp:fam 477:3:-1 by blue 620:4:-1 at gen997 Univ0 prob=0.932
AgeVaxH35.js:2305 983I x:ageGp:fam 146:2:-1 by blue 287:2:-1 at gen999 Univ0 prob=0.045
AgeVaxH35.js:2305 983I x:ageGp:fam 393:3:-1 by blue 277:2:-1 at gen1000 Univ0 prob=0.549
AgeVaxH35.js:2305 985I x:ageGp:fam 668:4:-1 by blue 0:0:-1 at gen1002 Univ0 prob=0.590
AgeVaxH35.js:2305 986I x:ageGp:fam 921:7:-1 by blue 246:2:-1 at gen1005 Univ0 prob=0.286
AgeVaxH35.js:2305 987I x:ageGp:fam 442:3:-1 by red 265:2:-1 at gen1007 Univ0 prob=0.934
AgeVaxH35.js:2305 987I x:ageGp:fam 325:2:-1 by red 265:2:-1 at gen1008 Univ0 prob=0.598
AgeVaxH35.js:2305 989I x:ageGp:fam 276:2:-1 by blue 211:2:-1 at gen1011 Univ0 prob=0.657
AgeVaxH35.js:2305 989I x:ageGp:fam 439:3:-1 by red 246:2:-1 at gen1011 Univ0 prob=0.801
AgeVaxH35.js:2305 991I x:ageGp:fam 330:2:-1 by red 136:2:-1 at gen1016 Univ0 prob=0.179
AgeVaxH35.js:2305 992I x:ageGp:fam 813:5:-1 by blue 984:9:-1 at gen1018 Univ0 prob=0.374
AgeVaxH35.js:2305 993I x:ageGp:fam 695:5:-1 by red 246:2:-1 at gen1021 Univ0 prob=0.928
AgeVaxH35.js:2305 994I x:ageGp:fam 351:2:-1 by yellow 138:2:-1 at gen1024 Univ0 prob=0.743
AgeVaxH35.js:2305 995I x:ageGp:fam 239:2:-1 by blue 789:5:-1 at gen1030 Univ0 prob=0.643
AgeVaxH35.js:2305 996I x:ageGp:fam 466:3:-1 by blue 473:3:-1 at gen1036 Univ0 prob=0.920
AgeVaxH35.js:2305 997I x:ageGp:fam 270:2:-1 by red 281:2:-1 at gen1058 Univ0 prob=0.812
