AgeVaxH35.js:871 Mon Jan 18 2021 20:43:40 GMT-0800 (Pacific Standard Time)
AgeVaxH35.js:872 CovidSIMVL Mode1 and Mod2 Hybrid 35d
AgeVaxH35.js:873 Mode 1 >13 and <36 is 75%
AgeVaxH35.js:874 Mode 2 >28 is 95%; >13 and <29 is 75%
AgeVaxH35.js:4370 exit covidSim
AgeVaxH35.js:23 getAsText File {name: "Popn1000.csv", lastModified: 1611021598000, lastModifiedDate: Mon Jan 18 2021 17:59:58 GMT-0800 (Pacific Standard Time), webkitRelativePath: "", size: 23944, …}
AgeVaxH35.js:32 File {name: "Popn1000.csv", lastModified: 1611021598000, lastModifiedDate: Mon Jan 18 2021 17:59:58 GMT-0800 (Pacific Standard Time), webkitRelativePath: "", size: 23944, …}
AgeVaxH35.js:23 getAsText File {name: "VL1ageGp2.csv", lastModified: 1611004274000, lastModifiedDate: Mon Jan 18 2021 13:11:14 GMT-0800 (Pacific Standard Time), webkitRelativePath: "", size: 65, …}
AgeVaxH35.js:32 File {name: "VL1ageGp2.csv", lastModified: 1611004274000, lastModifiedDate: Mon Jan 18 2021 13:11:14 GMT-0800 (Pacific Standard Time), webkitRelativePath: "", size: 65, …}
AgeVaxH35.js:1696 New Hazard Radius = 2
AgeVaxH35.js:1718 Age Group 2,50 1st shot; 2nd auto in 35days
AgeVaxH35.js:1724 AgeGp =2 To be vaccinated=50%
AgeVaxH35.js:1736 (1000) [0, 1, 2, 3, 4, 5, 6, 7, 8, 9, 10, 11, 12, 13, 14, 15, 16, 17, 18, 19, 20, 21, 22, 23, 24, 25, 26, 27, 28, 29, 30, 31, 32, 33, 34, 35, 36, 37, 38, 39, 40, 41, 42, 43, 44, 45, 46, 47, 48, 49, 50, 51, 52, 53, 54, 55, 56, 57, 58, 59, 60, 61, 62, 63, 64, 65, 66, 67, 68, 69, 70, 71, 72, 73, 74, 75, 76, 77, 78, 79, 80, 81, 82, 83, 84, 85, 86, 87, 88, 89, 90, 91, 92, 93, 94, 95, 96, 97, 98, 99, …]
AgeVaxH35.js:1752 ageGp2 count: 227 List: 131,132,133,134,135,136,137,138,139,140,141,142,143,144,145,146,147,148,149,151,152,153,154,155,156,157,158,159,160,161,162,163,164,165,166,167,168,169,170,171,172,173,174,175,176,177,178,179,180,181,182,183,184,185,186,187,188,189,190,191,192,193,194,195,196,197,198,199,200,201,202,203,204,205,206,207,208,209,210,211,212,213,214,215,216,217,218,219,220,221,222,223,224,225,226,227,228,229,230,231,232,233,234,235,236,237,238,239,240,241,242,243,244,245,246,247,248,249,250,251,252,253,254,255,256,257,258,259,260,261,262,263,264,265,266,267,268,269,270,271,272,273,274,275,276,277,278,279,280,281,282,283,284,285,286,287,288,289,290,291,292,293,294,295,296,297,298,299,300,301,302,303,304,305,306,307,308,309,310,311,312,313,314,315,316,317,318,319,320,321,322,323,324,325,326,327,328,329,330,331,332,333,334,335,336,337,338,339,340,341,342,343,344,345,346,347,348,349,350,351,352,353,354,355,356,357,358
AgeVaxH35.js:1780 Vaccination list = 113
AgeVaxH35.js:1794 AgeGp2 vaccinated 113 List: 259,202,155,322,319,280,205,328,334,310,297,288,246,159,301,217,236,242,190,171,250,172,212,300,352,156,278,235,157,321,323,210,286,208,262,177,141,181,269,273,325,272,224,251,299,243,312,223,138,204,275,158,245,244,345,264,335,331,178,221,313,192,143,211,348,233,292,308,170,293,261,182,219,315,226,238,314,343,176,241,291,228,148,164,289,140,306,139,218,188,326,318,154,132,356,277,135,350,184,191,260,271,187,167,189,290,346,258,327,357,254,257,336
AgeVaxH35.js:2202 1I j:ageGp:fam 908:7:-1 by blue 150:2:-1 at gen13 Univ0 prob=0.748
AgeVaxH35.js:2202 2I j:ageGp:fam 775:5:-1 by blue 150:2:-1 at gen36 Univ0 prob=0.021
AgeVaxH35.js:2202 3I j:ageGp:fam 683:4:-1 by red 150:2:-1 at gen74 Univ0 prob=0.356
AgeVaxH35.js:2202 4I j:ageGp:fam 949:8:-1 by red 150:2:-1 at gen95 Univ0 prob=0.507
AgeVaxH35.js:2221 5I i:ageGp:fam 386:3:-1 by blue 908:7:-1 at gen98 Univ0 prob=0.515
AgeVaxH35.js:2202 6I j:ageGp:fam 210:2:-1 by red 150:2:-1 at gen108 Univ0 prob=0.074
AgeVaxH35.js:2221 7I i:ageGp:fam 36:0:-1 by blue 908:7:-1 at gen122 Univ0 prob=0.841
AgeVaxH35.js:2202 8I j:ageGp:fam 496:3:-1 by red 150:2:-1 at gen141 Univ0 prob=0.717
AgeVaxH35.js:2221 8I i:ageGp:fam 590:4:-1 by red 908:7:-1 at gen141 Univ0 prob=0.100
AgeVaxH35.js:2202 10I j:ageGp:fam 856:6:-1 by red 150:2:-1 at gen143 Univ0 prob=0.743
AgeVaxH35.js:2202 11I j:ageGp:fam 770:5:-1 by blue 683:4:-1 at gen147 Univ0 prob=0.738
AgeVaxH35.js:2221 12I i:ageGp:fam 728:5:-1 by blue 775:5:-1 at gen152 Univ0 prob=0.483
AgeVaxH35.js:2202 13I j:ageGp:fam 153:2:-1 by red 150:2:-1 at gen165 Univ0 prob=0.467
AgeVaxH35.js:2221 13I i:ageGp:fam 20:0:-1 by blue 949:8:-1 at gen166 Univ0 prob=0.104
AgeVaxH35.js:2202 15I j:ageGp:fam 895:6:-1 by blue 386:3:-1 at gen168 Univ0 prob=0.891
AgeVaxH35.js:2221 16I i:ageGp:fam 553:4:-1 by red 775:5:-1 at gen174 Univ0 prob=0.007
AgeVaxH35.js:2202 17I j:ageGp:fam 358:2:-1 by blue 36:0:-1 at gen179 Univ0 prob=0.683
AgeVaxH35.js:2202 17I j:ageGp:fam 352:2:-1 by blue 210:2:-1 at gen180 Univ0 prob=0.380
AgeVaxH35.js:2202 19I j:ageGp:fam 836:6:-1 by red 683:4:-1 at gen191 Univ0 prob=0.470
AgeVaxH35.js:2202 19I j:ageGp:fam 787:5:-1 by blue 210:2:-1 at gen192 Univ0 prob=0.528
AgeVaxH35.js:2202 20I j:ageGp:fam 357:2:-1 by yellow 153:2:-1 at gen193 Univ0 prob=0.108
AgeVaxH35.js:2202 20I j:ageGp:fam 467:3:-1 by blue 386:3:-1 at gen193 Univ0 prob=0.966
AgeVaxH35.js:2221 21I i:ageGp:fam 112:1:-1 by yellow 467:3:-1 at gen194 Univ0 prob=0.160
AgeVaxH35.js:2221 24I i:ageGp:fam 140:2:-1 by blue 386:3:-1 at gen211 Univ0 prob=0.535
AgeVaxH35.js:2202 25I j:ageGp:fam 771:5:-1 by blue 153:2:-1 at gen215 Univ0 prob=0.828
AgeVaxH35.js:2221 25I i:ageGp:fam 531:3:-1 by blue 856:6:-1 at gen215 Univ0 prob=0.818
AgeVaxH35.js:2202 27I j:ageGp:fam 535:3:-1 by red 150:2:-1 at gen217 Univ0 prob=0.494
AgeVaxH35.js:2202 28I j:ageGp:fam 710:5:-1 by blue 36:0:-1 at gen221 Univ0 prob=0.988
AgeVaxH35.js:2202 29I j:ageGp:fam 525:3:-1 by blue 496:3:-1 at gen223 Univ0 prob=0.036
AgeVaxH35.js:2221 30I i:ageGp:fam 396:3:-1 by blue 856:6:-1 at gen225 Univ0 prob=0.875
AgeVaxH35.js:2221 30I i:ageGp:fam 910:7:-1 by red 949:8:-1 at gen225 Univ0 prob=0.117
AgeVaxH35.js:2221 32I i:ageGp:fam 202:2:-1 by yellow 352:2:-1 at gen229 Univ0 prob=0.903
AgeVaxH35.js:2221 32I i:ageGp:fam 250:2:-1 by blue 496:3:-1 at gen230 Univ0 prob=0.166
AgeVaxH35.js:2202 32I j:ageGp:fam 637:4:-1 by blue 590:4:-1 at gen230 Univ0 prob=0.099
AgeVaxH35.js:2221 33I i:ageGp:fam 17:0:-1 by blue 856:6:-1 at gen231 Univ0 prob=0.870
AgeVaxH35.js:2221 36I i:ageGp:fam 144:2:-1 by red 683:4:-1 at gen234 Univ0 prob=0.229
AgeVaxH35.js:2221 37I i:ageGp:fam 172:2:-1 by blue 496:3:-1 at gen236 Univ0 prob=0.719
AgeVaxH35.js:2221 38I i:ageGp:fam 74:1:-1 by red 683:4:-1 at gen238 Univ0 prob=0.572
AgeVaxH35.js:2202 39I j:ageGp:fam 190:2:-1 by yellow 172:2:-1 at gen242 Univ0 prob=0.009
AgeVaxH35.js:2221 39I i:ageGp:fam 618:4:-1 by yellow 787:5:-1 at gen242 Univ0 prob=0.022
AgeVaxH35.js:2221 39I i:ageGp:fam 791:5:-1 by blue 856:6:-1 at gen242 Univ0 prob=0.428
AgeVaxH35.js:2202 42I j:ageGp:fam 612:4:-1 by blue 590:4:-1 at gen247 Univ0 prob=0.822
AgeVaxH35.js:2221 42I i:ageGp:fam 65:1:-1 by blue 553:4:-1 at gen248 Univ0 prob=0.597
AgeVaxH35.js:2202 44I j:ageGp:fam 412:3:-1 by yellow 65:1:-1 at gen250 Univ0 prob=0.541
AgeVaxH35.js:2221 45I i:ageGp:fam 18:0:-1 by blue 590:4:-1 at gen252 Univ0 prob=0.189
AgeVaxH35.js:2221 45I i:ageGp:fam 708:5:-1 by blue 728:5:-1 at gen252 Univ0 prob=0.610
AgeVaxH35.js:2202 45I j:ageGp:fam 991:9:-1 by red 908:7:-1 at gen253 Univ0 prob=0.367
AgeVaxH35.js:2202 47I j:ageGp:fam 805:5:-1 by blue 728:5:-1 at gen254 Univ0 prob=0.823
AgeVaxH35.js:2202 49I j:ageGp:fam 962:8:-1 by red 856:6:-1 at gen257 Univ0 prob=0.227
AgeVaxH35.js:2202 50I j:ageGp:fam 916:7:-1 by blue 770:5:-1 at gen260 Univ0 prob=0.245
AgeVaxH35.js:2221 50I i:ageGp:fam 71:1:-1 by red 949:8:-1 at gen261 Univ0 prob=0.015
AgeVaxH35.js:2202 52I j:ageGp:fam 478:3:-1 by blue 358:2:-1 at gen267 Univ0 prob=0.445
AgeVaxH35.js:2221 52I i:ageGp:fam 175:2:-1 by red 590:4:-1 at gen268 Univ0 prob=0.069
AgeVaxH35.js:2202 54I j:ageGp:fam 475:3:-1 by blue 153:2:-1 at gen270 Univ0 prob=0.183
AgeVaxH35.js:2221 54I i:ageGp:fam 588:4:-1 by red 683:4:-1 at gen270 Univ0 prob=0.638
AgeVaxH35.js:2221 56I i:ageGp:fam 119:1:-1 by red 770:5:-1 at gen273 Univ0 prob=0.154
AgeVaxH35.js:2221 56I i:ageGp:fam 385:3:-1 by red 683:4:-1 at gen274 Univ0 prob=0.404
AgeVaxH35.js:2221 58I i:ageGp:fam 98:1:-1 by blue 358:2:-1 at gen277 Univ0 prob=0.164
AgeVaxH35.js:2202 58I j:ageGp:fam 826:6:-1 by red 386:3:-1 at gen277 Univ0 prob=0.641
AgeVaxH35.js:2221 58I i:ageGp:fam 888:6:-1 by red 908:7:-1 at gen277 Univ0 prob=0.095
AgeVaxH35.js:2221 58I i:ageGp:fam 247:2:-1 by blue 357:2:-1 at gen278 Univ0 prob=0.839
AgeVaxH35.js:2221 61I i:ageGp:fam 4:0:-1 by blue 396:3:-1 at gen279 Univ0 prob=0.263
AgeVaxH35.js:2221 62I i:ageGp:fam 146:2:-1 by blue 396:3:-1 at gen280 Univ0 prob=0.423
AgeVaxH35.js:2221 64I i:ageGp:fam 594:4:-1 by yellow 805:5:-1 at gen282 Univ0 prob=0.833
AgeVaxH35.js:2221 65I i:ageGp:fam 211:2:-1 by blue 467:3:-1 at gen284 Univ0 prob=0.660
AgeVaxH35.js:2202 65I j:ageGp:fam 994:9:-1 by blue 467:3:-1 at gen284 Univ0 prob=0.512
AgeVaxH35.js:2202 67I j:ageGp:fam 251:2:-1 by blue 144:2:-1 at gen287 Univ0 prob=0.614
AgeVaxH35.js:2221 67I i:ageGp:fam 224:2:-1 by blue 531:3:-1 at gen287 Univ0 prob=0.991
AgeVaxH35.js:2202 69I j:ageGp:fam 587:4:-1 by red 553:4:-1 at gen289 Univ0 prob=0.412
AgeVaxH35.js:2202 69I j:ageGp:fam 849:6:-1 by red 728:5:-1 at gen290 Univ0 prob=0.695
AgeVaxH35.js:2202 70I j:ageGp:fam 900:6:-1 by blue 202:2:-1 at gen291 Univ0 prob=0.283
AgeVaxH35.js:2221 70I i:ageGp:fam 766:5:-1 by red 856:6:-1 at gen291 Univ0 prob=0.701
AgeVaxH35.js:2202 71I j:ageGp:fam 441:3:-1 by red 386:3:-1 at gen292 Univ0 prob=0.076
AgeVaxH35.js:2221 74I i:ageGp:fam 277:2:-1 by blue 710:5:-1 at gen294 Univ0 prob=0.974
AgeVaxH35.js:2221 74I i:ageGp:fam 199:2:-1 by red 775:5:-1 at gen295 Univ0 prob=0.104
AgeVaxH35.js:2202 75I j:ageGp:fam 435:3:-1 by red 36:0:-1 at gen296 Univ0 prob=0.315
AgeVaxH35.js:2202 77I j:ageGp:fam 461:3:-1 by blue 18:0:-1 at gen302 Univ0 prob=0.814
AgeVaxH35.js:2221 77I i:ageGp:fam 53:1:-1 by blue 710:5:-1 at gen302 Univ0 prob=0.800
AgeVaxH35.js:2202 77I j:ageGp:fam 505:3:-1 by blue 140:2:-1 at gen303 Univ0 prob=0.402
AgeVaxH35.js:2202 77I j:ageGp:fam 203:2:-1 by red 153:2:-1 at gen303 Univ0 prob=0.974
AgeVaxH35.js:2202 77I j:ageGp:fam 711:5:-1 by blue 396:3:-1 at gen303 Univ0 prob=0.972
AgeVaxH35.js:2221 79I i:ageGp:fam 3:0:-1 by blue 991:9:-1 at gen304 Univ0 prob=0.013
AgeVaxH35.js:2202 82I j:ageGp:fam 932:7:-1 by blue 396:3:-1 at gen305 Univ0 prob=0.293
AgeVaxH35.js:2221 83I i:ageGp:fam 115:1:-1 by red 358:2:-1 at gen306 Univ0 prob=0.772
AgeVaxH35.js:2202 85I j:ageGp:fam 655:4:-1 by blue 140:2:-1 at gen310 Univ0 prob=0.385
AgeVaxH35.js:2202 85I j:ageGp:fam 999:9:-1 by blue 250:2:-1 at gen310 Univ0 prob=0.061
AgeVaxH35.js:2202 85I j:ageGp:fam 976:8:-1 by red 358:2:-1 at gen311 Univ0 prob=0.538
AgeVaxH35.js:2221 87I i:ageGp:fam 220:2:-1 by red 358:2:-1 at gen312 Univ0 prob=0.519
AgeVaxH35.js:2202 88I j:ageGp:fam 287:2:-1 by blue 250:2:-1 at gen313 Univ0 prob=0.494
AgeVaxH35.js:2202 88I j:ageGp:fam 759:5:-1 by red 553:4:-1 at gen313 Univ0 prob=0.254
AgeVaxH35.js:2202 91I j:ageGp:fam 873:6:-1 by red 728:5:-1 at gen315 Univ0 prob=0.113
AgeVaxH35.js:2221 91I i:ageGp:fam 47:1:-1 by blue 910:7:-1 at gen316 Univ0 prob=0.503
AgeVaxH35.js:2202 91I j:ageGp:fam 433:3:-1 by blue 250:2:-1 at gen316 Univ0 prob=0.202
AgeVaxH35.js:2202 91I j:ageGp:fam 616:4:-1 by blue 525:3:-1 at gen316 Univ0 prob=0.607
AgeVaxH35.js:2202 95I j:ageGp:fam 967:8:-1 by blue 250:2:-1 at gen319 Univ0 prob=0.233
AgeVaxH35.js:2202 95I j:ageGp:fam 850:6:-1 by red 787:5:-1 at gen319 Univ0 prob=0.394
AgeVaxH35.js:2202 95I j:ageGp:fam 678:4:-1 by red 467:3:-1 at gen320 Univ0 prob=0.168
AgeVaxH35.js:2202 97I j:ageGp:fam 942:7:-1 by blue 18:0:-1 at gen321 Univ0 prob=0.483
AgeVaxH35.js:2221 97I i:ageGp:fam 446:3:-1 by blue 525:3:-1 at gen321 Univ0 prob=0.599
AgeVaxH35.js:2202 98I j:ageGp:fam 975:8:-1 by red 590:4:-1 at gen322 Univ0 prob=0.249
AgeVaxH35.js:2221 100I i:ageGp:fam 104:1:-1 by blue 637:4:-1 at gen323 Univ0 prob=0.067
AgeVaxH35.js:2202 100I j:ageGp:fam 527:3:-1 by blue 202:2:-1 at gen323 Univ0 prob=0.973
AgeVaxH35.js:2221 101I i:ageGp:fam 157:2:-1 by blue 172:2:-1 at gen324 Univ0 prob=0.269
AgeVaxH35.js:2221 103I i:ageGp:fam 337:2:-1 by red 358:2:-1 at gen325 Univ0 prob=0.698
AgeVaxH35.js:2221 103I i:ageGp:fam 355:2:-1 by red 770:5:-1 at gen325 Univ0 prob=0.764
AgeVaxH35.js:2202 104I j:ageGp:fam 304:2:-1 by blue 17:0:-1 at gen326 Univ0 prob=0.101
AgeVaxH35.js:2202 104I j:ageGp:fam 957:8:-1 by yellow 157:2:-1 at gen326 Univ0 prob=0.672
AgeVaxH35.js:2221 104I i:ageGp:fam 424:3:-1 by blue 525:3:-1 at gen326 Univ0 prob=0.202
AgeVaxH35.js:2221 106I i:ageGp:fam 72:1:-1 by red 856:6:-1 at gen327 Univ0 prob=0.453
AgeVaxH35.js:2221 106I i:ageGp:fam 179:2:-1 by blue 525:3:-1 at gen327 Univ0 prob=0.498
AgeVaxH35.js:2202 111I j:ageGp:fam 767:5:-1 by blue 18:0:-1 at gen329 Univ0 prob=0.612
AgeVaxH35.js:2202 111I j:ageGp:fam 254:2:-1 by blue 172:2:-1 at gen329 Univ0 prob=0.964
AgeVaxH35.js:2221 111I i:ageGp:fam 463:3:-1 by red 836:6:-1 at gen329 Univ0 prob=0.747
AgeVaxH35.js:2202 111I j:ageGp:fam 874:6:-1 by blue 172:2:-1 at gen330 Univ0 prob=0.702
AgeVaxH35.js:2221 111I i:ageGp:fam 489:3:-1 by blue 791:5:-1 at gen330 Univ0 prob=0.346
AgeVaxH35.js:2202 116I j:ageGp:fam 513:3:-1 by yellow 157:2:-1 at gen332 Univ0 prob=0.593
AgeVaxH35.js:2202 116I j:ageGp:fam 958:8:-1 by blue 250:2:-1 at gen332 Univ0 prob=0.866
AgeVaxH35.js:2221 116I i:ageGp:fam 456:3:-1 by red 770:5:-1 at gen332 Univ0 prob=0.107
AgeVaxH35.js:2221 116I i:ageGp:fam 742:5:-1 by blue 991:9:-1 at gen332 Univ0 prob=0.465
AgeVaxH35.js:2202 116I j:ageGp:fam 931:7:-1 by blue 4:0:-1 at gen333 Univ0 prob=0.513
AgeVaxH35.js:2202 121I j:ageGp:fam 615:4:-1 by blue 4:0:-1 at gen337 Univ0 prob=0.339
AgeVaxH35.js:2221 121I i:ageGp:fam 230:2:-1 by blue 962:8:-1 at gen338 Univ0 prob=0.342
AgeVaxH35.js:2202 121I j:ageGp:fam 740:5:-1 by blue 412:3:-1 at gen338 Univ0 prob=0.053
AgeVaxH35.js:2202 124I j:ageGp:fam 542:4:-1 by red 112:1:-1 at gen340 Univ0 prob=0.411
AgeVaxH35.js:2202 124I j:ageGp:fam 915:7:-1 by red 210:2:-1 at gen340 Univ0 prob=0.070
AgeVaxH35.js:2202 124I j:ageGp:fam 724:5:-1 by yellow 220:2:-1 at gen340 Univ0 prob=0.948
AgeVaxH35.js:2202 124I j:ageGp:fam 726:5:-1 by yellow 220:2:-1 at gen340 Univ0 prob=0.608
AgeVaxH35.js:2221 124I i:ageGp:fam 682:4:-1 by red 771:5:-1 at gen340 Univ0 prob=0.168
AgeVaxH35.js:2202 124I j:ageGp:fam 909:7:-1 by red 770:5:-1 at gen340 Univ0 prob=0.391
AgeVaxH35.js:2202 124I j:ageGp:fam 185:2:-1 by blue 175:2:-1 at gen341 Univ0 prob=0.013
AgeVaxH35.js:2221 124I i:ageGp:fam 185:2:-1 by red 683:4:-1 at gen341 Univ0 prob=0.512
AgeVaxH35.js:2221 124I i:ageGp:fam 361:3:-1 by red 770:5:-1 at gen341 Univ0 prob=0.088
AgeVaxH35.js:2202 130I j:ageGp:fam 747:5:-1 by blue 612:4:-1 at gen342 Univ0 prob=0.209
AgeVaxH35.js:2202 132I j:ageGp:fam 700:5:-1 by blue 412:3:-1 at gen343 Univ0 prob=0.391
AgeVaxH35.js:2202 133I j:ageGp:fam 532:3:-1 by blue 4:0:-1 at gen344 Univ0 prob=0.727
AgeVaxH35.js:2221 133I i:ageGp:fam 445:3:-1 by blue 916:7:-1 at gen344 Univ0 prob=0.481
AgeVaxH35.js:2202 136I j:ageGp:fam 720:5:-1 by red 112:1:-1 at gen348 Univ0 prob=0.892
AgeVaxH35.js:2202 136I j:ageGp:fam 654:4:-1 by blue 412:3:-1 at gen349 Univ0 prob=0.711
AgeVaxH35.js:2202 138I j:ageGp:fam 137:2:-1 by yellow 72:1:-1 at gen352 Univ0 prob=0.006
AgeVaxH35.js:2221 138I i:ageGp:fam 137:2:-1 by blue 805:5:-1 at gen352 Univ0 prob=0.019
AgeVaxH35.js:2202 138I j:ageGp:fam 983:9:-1 by red 250:2:-1 at gen352 Univ0 prob=0.305
AgeVaxH35.js:2202 138I j:ageGp:fam 989:9:-1 by red 496:3:-1 at gen352 Univ0 prob=0.229
AgeVaxH35.js:2221 138I i:ageGp:fam 709:5:-1 by blue 991:9:-1 at gen352 Univ0 prob=0.535
AgeVaxH35.js:2202 138I j:ageGp:fam 469:3:-1 by blue 146:2:-1 at gen353 Univ0 prob=0.783
AgeVaxH35.js:2202 142I j:ageGp:fam 552:4:-1 by blue 441:3:-1 at gen354 Univ0 prob=0.397
AgeVaxH35.js:2221 143I i:ageGp:fam 7:0:-1 by blue 587:4:-1 at gen355 Univ0 prob=0.854
AgeVaxH35.js:2202 145I j:ageGp:fam 600:4:-1 by blue 461:3:-1 at gen357 Univ0 prob=0.806
AgeVaxH35.js:2202 145I j:ageGp:fam 777:5:-1 by blue 461:3:-1 at gen357 Univ0 prob=0.082
AgeVaxH35.js:2202 145I j:ageGp:fam 799:5:-1 by red 467:3:-1 at gen358 Univ0 prob=0.295
AgeVaxH35.js:2221 148I i:ageGp:fam 128:1:-1 by red 531:3:-1 at gen361 Univ0 prob=0.409
AgeVaxH35.js:2221 148I i:ageGp:fam 295:2:-1 by red 770:5:-1 at gen361 Univ0 prob=0.154
AgeVaxH35.js:2221 148I i:ageGp:fam 28:0:-1 by red 202:2:-1 at gen362 Univ0 prob=0.997
AgeVaxH35.js:2221 150I i:ageGp:fam 99:1:-1 by blue 588:4:-1 at gen363 Univ0 prob=0.825
AgeVaxH35.js:2202 150I j:ageGp:fam 878:6:-1 by red 590:4:-1 at gen363 Univ0 prob=0.418
AgeVaxH35.js:2202 151I j:ageGp:fam 737:5:-1 by red 140:2:-1 at gen364 Univ0 prob=0.614
AgeVaxH35.js:2221 151I i:ageGp:fam 206:2:-1 by blue 900:6:-1 at gen364 Univ0 prob=0.424
AgeVaxH35.js:2202 153I j:ageGp:fam 830:6:-1 by blue 18:0:-1 at gen365 Univ0 prob=0.711
AgeVaxH35.js:2221 155I i:ageGp:fam 55:1:-1 by blue 588:4:-1 at gen366 Univ0 prob=0.766
AgeVaxH35.js:2202 155I j:ageGp:fam 703:5:-1 by red 140:2:-1 at gen366 Univ0 prob=0.258
AgeVaxH35.js:2202 155I j:ageGp:fam 619:4:-1 by blue 616:4:-1 at gen366 Univ0 prob=0.241
AgeVaxH35.js:2202 155I j:ageGp:fam 765:5:-1 by blue 616:4:-1 at gen366 Univ0 prob=0.907
AgeVaxH35.js:2221 155I i:ageGp:fam 687:4:-1 by blue 805:5:-1 at gen366 Univ0 prob=0.849
AgeVaxH35.js:2221 156I i:ageGp:fam 93:1:-1 by yellow 99:1:-1 at gen367 Univ0 prob=0.941
AgeVaxH35.js:2202 161I j:ageGp:fam 906:7:-1 by red 20:0:-1 at gen368 Univ0 prob=0.318
AgeVaxH35.js:2202 162I j:ageGp:fam 617:4:-1 by red 18:0:-1 at gen369 Univ0 prob=0.766
AgeVaxH35.js:2202 162I j:ageGp:fam 825:6:-1 by red 190:2:-1 at gen369 Univ0 prob=0.663
AgeVaxH35.js:2221 162I i:ageGp:fam 493:3:-1 by red 612:4:-1 at gen369 Univ0 prob=0.072
AgeVaxH35.js:2202 166I j:ageGp:fam 694:5:-1 by blue 4:0:-1 at gen371 Univ0 prob=0.642
AgeVaxH35.js:2202 166I j:ageGp:fam 806:5:-1 by red 18:0:-1 at gen371 Univ0 prob=0.846
AgeVaxH35.js:2202 166I j:ageGp:fam 626:4:-1 by red 140:2:-1 at gen371 Univ0 prob=0.942
AgeVaxH35.js:2202 166I j:ageGp:fam 636:4:-1 by red 153:2:-1 at gen372 Univ0 prob=0.418
AgeVaxH35.js:2202 169I j:ageGp:fam 952:8:-1 by red 18:0:-1 at gen373 Univ0 prob=0.469
AgeVaxH35.js:2202 169I j:ageGp:fam 416:3:-1 by red 144:2:-1 at gen373 Univ0 prob=0.156
AgeVaxH35.js:2221 169I i:ageGp:fam 693:5:-1 by red 910:7:-1 at gen373 Univ0 prob=0.658
AgeVaxH35.js:2202 170I j:ageGp:fam 951:8:-1 by red 190:2:-1 at gen374 Univ0 prob=0.507
AgeVaxH35.js:2202 173I j:ageGp:fam 734:5:-1 by blue 4:0:-1 at gen375 Univ0 prob=0.241
AgeVaxH35.js:2202 174I j:ageGp:fam 810:5:-1 by red 18:0:-1 at gen376 Univ0 prob=0.915
AgeVaxH35.js:2202 175I j:ageGp:fam 171:2:-1 by red 20:0:-1 at gen377 Univ0 prob=0.976
AgeVaxH35.js:2202 176I j:ageGp:fam 677:4:-1 by blue 385:3:-1 at gen378 Univ0 prob=0.138
AgeVaxH35.js:2202 178I j:ageGp:fam 623:4:-1 by blue 527:3:-1 at gen380 Univ0 prob=0.500
AgeVaxH35.js:2221 178I i:ageGp:fam 556:4:-1 by blue 849:6:-1 at gen381 Univ0 prob=0.605
AgeVaxH35.js:2202 178I j:ageGp:fam 611:4:-1 by blue 588:4:-1 at gen381 Univ0 prob=0.711
AgeVaxH35.js:2221 179I i:ageGp:fam 60:1:-1 by yellow 556:4:-1 at gen382 Univ0 prob=0.246
AgeVaxH35.js:2221 179I i:ageGp:fam 671:4:-1 by red 787:5:-1 at gen382 Univ0 prob=0.518
AgeVaxH35.js:2202 181I j:ageGp:fam 882:6:-1 by red 140:2:-1 at gen383 Univ0 prob=0.166
AgeVaxH35.js:2202 181I j:ageGp:fam 966:8:-1 by red 144:2:-1 at gen383 Univ0 prob=0.895
AgeVaxH35.js:2221 181I i:ageGp:fam 330:2:-1 by blue 999:9:-1 at gen383 Univ0 prob=0.280
AgeVaxH35.js:2221 186I i:ageGp:fam 235:2:-1 by yellow 556:4:-1 at gen385 Univ0 prob=0.956
AgeVaxH35.js:2221 187I i:ageGp:fam 443:3:-1 by red 770:5:-1 at gen388 Univ0 prob=0.765
AgeVaxH35.js:2221 187I i:ageGp:fam 69:1:-1 by blue 616:4:-1 at gen389 Univ0 prob=0.376
AgeVaxH35.js:2202 189I j:ageGp:fam 979:8:-1 by blue 361:3:-1 at gen391 Univ0 prob=0.114
AgeVaxH35.js:2221 189I i:ageGp:fam 307:2:-1 by blue 424:3:-1 at gen392 Univ0 prob=0.633
AgeVaxH35.js:2221 190I i:ageGp:fam 132:2:-1 by blue 433:3:-1 at gen393 Univ0 prob=0.860
AgeVaxH35.js:2221 191I i:ageGp:fam 859:6:-1 by blue 932:7:-1 at gen394 Univ0 prob=0.662
AgeVaxH35.js:2221 192I i:ageGp:fam 26:0:-1 by blue 542:4:-1 at gen395 Univ0 prob=0.181
AgeVaxH35.js:2221 192I i:ageGp:fam 66:1:-1 by blue 942:7:-1 at gen395 Univ0 prob=0.611
AgeVaxH35.js:2221 192I i:ageGp:fam 256:2:-1 by blue 446:3:-1 at gen395 Univ0 prob=0.534
AgeVaxH35.js:2202 192I j:ageGp:fam 689:4:-1 by green 256:2:-1 at gen395 Univ0 prob=0.916
AgeVaxH35.js:2221 192I i:ageGp:fam 256:2:-1 by red 910:7:-1 at gen395 Univ0 prob=0.441
AgeVaxH35.js:2221 192I i:ageGp:fam 369:3:-1 by red 770:5:-1 at gen395 Univ0 prob=0.064
AgeVaxH35.js:2221 192I i:ageGp:fam 414:3:-1 by blue 505:3:-1 at gen395 Univ0 prob=0.700
AgeVaxH35.js:2202 199I j:ageGp:fam 417:3:-1 by red 190:2:-1 at gen397 Univ0 prob=0.497
AgeVaxH35.js:2221 199I i:ageGp:fam 621:4:-1 by yellow 859:6:-1 at gen397 Univ0 prob=0.368
AgeVaxH35.js:2202 199I j:ageGp:fam 540:3:-1 by blue 461:3:-1 at gen398 Univ0 prob=0.767
AgeVaxH35.js:2221 201I i:ageGp:fam 507:3:-1 by blue 527:3:-1 at gen399 Univ0 prob=0.047
AgeVaxH35.js:2202 203I j:ageGp:fam 649:4:-1 by blue 532:3:-1 at gen401 Univ0 prob=0.509
AgeVaxH35.js:2202 204I j:ageGp:fam 197:2:-1 by red 112:1:-1 at gen403 Univ0 prob=0.672
AgeVaxH35.js:2202 205I j:ageGp:fam 312:2:-1 by red 140:2:-1 at gen405 Univ0 prob=0.964
AgeVaxH35.js:2202 205I j:ageGp:fam 409:3:-1 by blue 287:2:-1 at gen405 Univ0 prob=0.761
AgeVaxH35.js:2221 205I i:ageGp:fam 509:3:-1 by blue 967:8:-1 at gen405 Univ0 prob=0.568
AgeVaxH35.js:2221 205I i:ageGp:fam 12:0:-1 by red 74:1:-1 at gen406 Univ0 prob=0.858
AgeVaxH35.js:2221 205I i:ageGp:fam 367:3:-1 by red 708:5:-1 at gen406 Univ0 prob=0.125
AgeVaxH35.js:2202 208I j:ageGp:fam 103:1:-1 by yellow 12:0:-1 at gen407 Univ0 prob=0.276
AgeVaxH35.js:2202 208I j:ageGp:fam 972:8:-1 by blue 456:3:-1 at gen407 Univ0 prob=0.381
AgeVaxH35.js:2221 208I i:ageGp:fam 511:3:-1 by blue 942:7:-1 at gen407 Univ0 prob=0.615
AgeVaxH35.js:2202 210I j:ageGp:fam 534:3:-1 by red 18:0:-1 at gen408 Univ0 prob=0.688
AgeVaxH35.js:2221 210I i:ageGp:fam 366:3:-1 by blue 931:7:-1 at gen408 Univ0 prob=0.497
AgeVaxH35.js:2202 210I j:ageGp:fam 524:3:-1 by blue 456:3:-1 at gen408 Univ0 prob=0.095
AgeVaxH35.js:2202 210I j:ageGp:fam 985:9:-1 by blue 489:3:-1 at gen408 Univ0 prob=0.958
AgeVaxH35.js:2221 217I i:ageGp:fam 184:2:-1 by red 728:5:-1 at gen410 Univ0 prob=0.792
AgeVaxH35.js:2202 217I j:ageGp:fam 502:3:-1 by blue 424:3:-1 at gen410 Univ0 prob=0.466
AgeVaxH35.js:2202 217I j:ageGp:fam 754:5:-1 by blue 456:3:-1 at gen410 Univ0 prob=0.014
AgeVaxH35.js:2221 217I i:ageGp:fam 419:3:-1 by blue 456:3:-1 at gen411 Univ0 prob=0.945
AgeVaxH35.js:2202 220I j:ageGp:fam 646:4:-1 by blue 424:3:-1 at gen412 Univ0 prob=0.869
AgeVaxH35.js:2202 220I j:ageGp:fam 868:6:-1 by blue 726:5:-1 at gen412 Univ0 prob=0.970
AgeVaxH35.js:2202 221I j:ageGp:fam 714:5:-1 by blue 682:4:-1 at gen413 Univ0 prob=0.006
AgeVaxH35.js:2221 224I i:ageGp:fam 147:2:-1 by blue 254:2:-1 at gen415 Univ0 prob=0.109
AgeVaxH35.js:2221 224I i:ageGp:fam 255:2:-1 by yellow 703:5:-1 at gen415 Univ0 prob=0.262
AgeVaxH35.js:2221 224I i:ageGp:fam 520:3:-1 by red 588:4:-1 at gen416 Univ0 prob=0.809
AgeVaxH35.js:2221 224I i:ageGp:fam 658:4:-1 by blue 726:5:-1 at gen416 Univ0 prob=0.823
AgeVaxH35.js:2202 226I j:ageGp:fam 294:2:-1 by red 18:0:-1 at gen417 Univ0 prob=0.798
AgeVaxH35.js:2221 226I i:ageGp:fam 233:2:-1 by red 618:4:-1 at gen417 Univ0 prob=0.975
AgeVaxH35.js:2221 226I i:ageGp:fam 393:3:-1 by blue 711:5:-1 at gen417 Univ0 prob=0.355
AgeVaxH35.js:2202 228I j:ageGp:fam 963:8:-1 by blue 726:5:-1 at gen418 Univ0 prob=0.815
AgeVaxH35.js:2202 231I j:ageGp:fam 750:5:-1 by blue 532:3:-1 at gen419 Univ0 prob=0.718
AgeVaxH35.js:2202 231I j:ageGp:fam 938:7:-1 by blue 799:5:-1 at gen419 Univ0 prob=0.607
AgeVaxH35.js:2221 231I i:ageGp:fam 959:8:-1 by red 962:8:-1 at gen419 Univ0 prob=0.513
AgeVaxH35.js:2221 232I i:ageGp:fam 237:2:-1 by blue 619:4:-1 at gen420 Univ0 prob=0.942
AgeVaxH35.js:2202 232I j:ageGp:fam 833:6:-1 by blue 619:4:-1 at gen420 Univ0 prob=0.518
AgeVaxH35.js:2221 235I i:ageGp:fam 508:3:-1 by red 708:5:-1 at gen421 Univ0 prob=0.157
AgeVaxH35.js:2221 235I i:ageGp:fam 550:4:-1 by red 588:4:-1 at gen421 Univ0 prob=0.850
AgeVaxH35.js:2221 237I i:ageGp:fam 320:2:-1 by blue 505:3:-1 at gen422 Univ0 prob=0.136
AgeVaxH35.js:2221 237I i:ageGp:fam 485:3:-1 by yellow 952:8:-1 at gen422 Univ0 prob=0.943
AgeVaxH35.js:2221 239I i:ageGp:fam 16:0:-1 by red 478:3:-1 at gen423 Univ0 prob=0.627
AgeVaxH35.js:2221 239I i:ageGp:fam 907:7:-1 by blue 942:7:-1 at gen423 Univ0 prob=0.315
AgeVaxH35.js:2221 241I i:ageGp:fam 64:1:-1 by blue 99:1:-1 at gen424 Univ0 prob=0.284
AgeVaxH35.js:2221 241I i:ageGp:fam 422:3:-1 by blue 952:8:-1 at gen424 Univ0 prob=0.221
AgeVaxH35.js:2202 241I j:ageGp:fam 638:4:-1 by blue 456:3:-1 at gen424 Univ0 prob=0.138
AgeVaxH35.js:2221 243I i:ageGp:fam 252:2:-1 by blue 445:3:-1 at gen425 Univ0 prob=0.932
AgeVaxH35.js:2221 243I i:ageGp:fam 265:2:-1 by yellow 320:2:-1 at gen425 Univ0 prob=0.791
AgeVaxH35.js:2221 243I i:ageGp:fam 992:9:-1 by red 994:9:-1 at gen425 Univ0 prob=0.259
AgeVaxH35.js:2202 246I j:ageGp:fam 449:3:-1 by red 71:1:-1 at gen426 Univ0 prob=0.597
AgeVaxH35.js:2221 246I i:ageGp:fam 577:4:-1 by yellow 658:4:-1 at gen426 Univ0 prob=0.070
AgeVaxH35.js:2202 246I j:ageGp:fam 881:6:-1 by blue 726:5:-1 at gen426 Univ0 prob=0.616
AgeVaxH35.js:2221 252I i:ageGp:fam 192:2:-1 by yellow 320:2:-1 at gen428 Univ0 prob=0.790
AgeVaxH35.js:2221 252I i:ageGp:fam 564:4:-1 by blue 952:8:-1 at gen428 Univ0 prob=0.292
AgeVaxH35.js:2202 252I j:ageGp:fam 426:3:-1 by red 385:3:-1 at gen429 Univ0 prob=0.502
AgeVaxH35.js:2202 252I j:ageGp:fam 761:5:-1 by blue 532:3:-1 at gen429 Univ0 prob=0.370
AgeVaxH35.js:2221 254I i:ageGp:fam 501:3:-1 by blue 724:5:-1 at gen430 Univ0 prob=0.599
AgeVaxH35.js:2221 256I i:ageGp:fam 272:2:-1 by blue 678:4:-1 at gen431 Univ0 prob=0.888
AgeVaxH35.js:2202 258I j:ageGp:fam 945:7:-1 by red 385:3:-1 at gen433 Univ0 prob=0.253
AgeVaxH35.js:2202 258I j:ageGp:fam 912:7:-1 by blue 616:4:-1 at gen433 Univ0 prob=0.978
AgeVaxH35.js:2221 258I i:ageGp:fam 131:2:-1 by red 478:3:-1 at gen434 Univ0 prob=0.416
AgeVaxH35.js:2221 258I i:ageGp:fam 335:2:-1 by blue 726:5:-1 at gen434 Univ0 prob=0.826
AgeVaxH35.js:2202 258I j:ageGp:fam 613:4:-1 by blue 424:3:-1 at gen434 Univ0 prob=0.247
AgeVaxH35.js:2202 263I j:ageGp:fam 430:3:-1 by red 112:1:-1 at gen437 Univ0 prob=0.206
AgeVaxH35.js:2202 263I j:ageGp:fam 566:4:-1 by blue 532:3:-1 at gen437 Univ0 prob=0.209
AgeVaxH35.js:2221 263I i:ageGp:fam 557:4:-1 by blue 619:4:-1 at gen438 Univ0 prob=0.818
AgeVaxH35.js:2221 265I i:ageGp:fam 62:1:-1 by red 678:4:-1 at gen439 Univ0 prob=0.056
AgeVaxH35.js:2202 265I j:ageGp:fam 843:6:-1 by blue 330:2:-1 at gen439 Univ0 prob=0.485
AgeVaxH35.js:2202 265I j:ageGp:fam 843:6:-1 by blue 513:3:-1 at gen439 Univ0 prob=0.346
AgeVaxH35.js:2202 266I j:ageGp:fam 644:4:-1 by red 140:2:-1 at gen440 Univ0 prob=0.584
AgeVaxH35.js:2221 268I i:ageGp:fam 349:2:-1 by red 527:3:-1 at gen441 Univ0 prob=0.723
AgeVaxH35.js:2202 268I j:ageGp:fam 717:5:-1 by red 527:3:-1 at gen441 Univ0 prob=0.873
AgeVaxH35.js:2221 268I i:ageGp:fam 555:4:-1 by blue 825:6:-1 at gen441 Univ0 prob=0.058
AgeVaxH35.js:2221 268I i:ageGp:fam 801:5:-1 by blue 952:8:-1 at gen441 Univ0 prob=0.294
AgeVaxH35.js:2221 269I i:ageGp:fam 231:2:-1 by blue 958:8:-1 at gen442 Univ0 prob=0.178
AgeVaxH35.js:2202 269I j:ageGp:fam 788:5:-1 by blue 726:5:-1 at gen442 Univ0 prob=0.346
AgeVaxH35.js:2221 273I i:ageGp:fam 356:2:-1 by blue 952:8:-1 at gen443 Univ0 prob=0.882
AgeVaxH35.js:2221 276I i:ageGp:fam 738:5:-1 by yellow 859:6:-1 at gen445 Univ0 prob=0.953
AgeVaxH35.js:2221 277I i:ageGp:fam 30:0:-1 by red 251:2:-1 at gen447 Univ0 prob=0.141
AgeVaxH35.js:2202 277I j:ageGp:fam 824:6:-1 by blue 230:2:-1 at gen447 Univ0 prob=0.867
AgeVaxH35.js:2202 277I j:ageGp:fam 842:6:-1 by blue 615:4:-1 at gen447 Univ0 prob=0.271
AgeVaxH35.js:2221 277I i:ageGp:fam 672:4:-1 by blue 882:6:-1 at gen447 Univ0 prob=0.124
AgeVaxH35.js:2202 281I j:ageGp:fam 675:4:-1 by blue 28:0:-1 at gen449 Univ0 prob=0.329
AgeVaxH35.js:2221 281I i:ageGp:fam 40:1:-1 by red 932:7:-1 at gen449 Univ0 prob=0.385
AgeVaxH35.js:2202 281I j:ageGp:fam 559:4:-1 by red 250:2:-1 at gen449 Univ0 prob=0.657
AgeVaxH35.js:2221 281I i:ageGp:fam 350:2:-1 by blue 952:8:-1 at gen449 Univ0 prob=0.824
AgeVaxH35.js:2202 281I j:ageGp:fam 679:4:-1 by blue 469:3:-1 at gen449 Univ0 prob=0.854
AgeVaxH35.js:2221 281I i:ageGp:fam 679:4:-1 by blue 734:5:-1 at gen449 Univ0 prob=0.386
AgeVaxH35.js:2202 281I j:ageGp:fam 701:5:-1 by blue 619:4:-1 at gen450 Univ0 prob=0.019
AgeVaxH35.js:2221 286I i:ageGp:fam 847:6:-1 by red 942:7:-1 at gen451 Univ0 prob=0.169
AgeVaxH35.js:2202 287I j:ageGp:fam 517:3:-1 by red 424:3:-1 at gen452 Univ0 prob=0.487
AgeVaxH35.js:2202 287I j:ageGp:fam 640:4:-1 by red 616:4:-1 at gen452 Univ0 prob=0.539
AgeVaxH35.js:2202 287I j:ageGp:fam 890:6:-1 by blue 687:4:-1 at gen452 Univ0 prob=0.521
AgeVaxH35.js:2221 287I i:ageGp:fam 913:7:-1 by blue 952:8:-1 at gen452 Univ0 prob=0.947
AgeVaxH35.js:2221 292I i:ageGp:fam 329:2:-1 by red 525:3:-1 at gen454 Univ0 prob=0.831
AgeVaxH35.js:2221 292I i:ageGp:fam 510:3:-1 by blue 694:5:-1 at gen455 Univ0 prob=0.449
AgeVaxH35.js:2221 293I i:ageGp:fam 568:4:-1 by red 616:4:-1 at gen456 Univ0 prob=0.751
AgeVaxH35.js:2202 294I j:ageGp:fam 807:5:-1 by yellow 40:1:-1 at gen457 Univ0 prob=0.957
AgeVaxH35.js:2202 294I j:ageGp:fam 458:3:-1 by blue 69:1:-1 at gen457 Univ0 prob=0.882
AgeVaxH35.js:2202 295I j:ageGp:fam 760:5:-1 by red 3:0:-1 at gen458 Univ0 prob=0.390
AgeVaxH35.js:2221 295I i:ageGp:fam 477:3:-1 by blue 615:4:-1 at gen458 Univ0 prob=0.013
AgeVaxH35.js:2202 297I j:ageGp:fam 706:5:-1 by red 424:3:-1 at gen459 Univ0 prob=0.373
AgeVaxH35.js:2221 297I i:ageGp:fam 516:3:-1 by blue 626:4:-1 at gen459 Univ0 prob=0.867
AgeVaxH35.js:2221 297I i:ageGp:fam 516:3:-1 by blue 737:5:-1 at gen459 Univ0 prob=0.786
AgeVaxH35.js:2221 297I i:ageGp:fam 902:7:-1 by red 932:7:-1 at gen459 Univ0 prob=0.097
AgeVaxH35.js:2221 299I i:ageGp:fam 14:0:-1 by blue 469:3:-1 at gen460 Univ0 prob=0.172
AgeVaxH35.js:2202 299I j:ageGp:fam 465:3:-1 by red 202:2:-1 at gen460 Univ0 prob=0.917
AgeVaxH35.js:2202 302I j:ageGp:fam 835:6:-1 by blue 810:5:-1 at gen461 Univ0 prob=0.619
AgeVaxH35.js:2202 304I j:ageGp:fam 471:3:-1 by red 287:2:-1 at gen462 Univ0 prob=0.134
AgeVaxH35.js:2221 304I i:ageGp:fam 457:3:-1 by blue 469:3:-1 at gen462 Univ0 prob=0.975
AgeVaxH35.js:2202 304I j:ageGp:fam 921:7:-1 by red 588:4:-1 at gen462 Univ0 prob=0.803
AgeVaxH35.js:2202 305I j:ageGp:fam 923:7:-1 by blue 93:1:-1 at gen463 Univ0 prob=0.070
AgeVaxH35.js:2202 308I j:ageGp:fam 666:4:-1 by red 140:2:-1 at gen464 Univ0 prob=0.864
AgeVaxH35.js:2202 308I j:ageGp:fam 712:5:-1 by red 146:2:-1 at gen464 Univ0 prob=0.375
AgeVaxH35.js:2221 308I i:ageGp:fam 848:6:-1 by blue 979:8:-1 at gen464 Univ0 prob=0.426
AgeVaxH35.js:2202 309I j:ageGp:fam 691:5:-1 by blue 66:1:-1 at gen465 Univ0 prob=0.293
AgeVaxH35.js:2221 309I i:ageGp:fam 234:2:-1 by yellow 848:6:-1 at gen465 Univ0 prob=0.099
AgeVaxH35.js:2221 312I i:ageGp:fam 284:2:-1 by blue 951:8:-1 at gen466 Univ0 prob=0.770
AgeVaxH35.js:2202 312I j:ageGp:fam 790:5:-1 by blue 619:4:-1 at gen466 Univ0 prob=0.825
AgeVaxH35.js:2221 312I i:ageGp:fam 633:4:-1 by red 994:9:-1 at gen466 Univ0 prob=0.362
AgeVaxH35.js:2202 312I j:ageGp:fam 751:5:-1 by blue 646:4:-1 at gen466 Univ0 prob=0.197
AgeVaxH35.js:2202 312I j:ageGp:fam 793:5:-1 by blue 671:4:-1 at gen466 Univ0 prob=0.371
AgeVaxH35.js:2202 314I j:ageGp:fam 268:2:-1 by red 190:2:-1 at gen467 Univ0 prob=0.686
AgeVaxH35.js:2202 314I j:ageGp:fam 929:7:-1 by red 287:2:-1 at gen467 Univ0 prob=0.247
AgeVaxH35.js:2221 319I i:ageGp:fam 152:2:-1 by blue 534:3:-1 at gen468 Univ0 prob=0.115
AgeVaxH35.js:2221 319I i:ageGp:fam 428:3:-1 by red 532:3:-1 at gen468 Univ0 prob=0.260
AgeVaxH35.js:2221 319I i:ageGp:fam 886:6:-1 by blue 952:8:-1 at gen468 Univ0 prob=0.352
AgeVaxH35.js:2221 321I i:ageGp:fam 31:0:-1 by red 588:4:-1 at gen469 Univ0 prob=0.571
AgeVaxH35.js:2221 321I i:ageGp:fam 376:3:-1 by yellow 428:3:-1 at gen469 Univ0 prob=0.261
AgeVaxH35.js:2202 321I j:ageGp:fam 870:6:-1 by red 396:3:-1 at gen469 Univ0 prob=0.635
AgeVaxH35.js:2202 324I j:ageGp:fam 334:2:-1 by blue 171:2:-1 at gen470 Univ0 prob=0.875
AgeVaxH35.js:2221 324I i:ageGp:fam 289:2:-1 by blue 294:2:-1 at gen470 Univ0 prob=0.875
AgeVaxH35.js:2221 324I i:ageGp:fam 558:4:-1 by yellow 833:6:-1 at gen470 Univ0 prob=0.567
AgeVaxH35.js:2202 324I j:ageGp:fam 984:9:-1 by blue 703:5:-1 at gen470 Univ0 prob=0.660
AgeVaxH35.js:2221 327I i:ageGp:fam 35:0:-1 by red 767:5:-1 at gen471 Univ0 prob=0.500
AgeVaxH35.js:2221 327I i:ageGp:fam 83:1:-1 by red 469:3:-1 at gen471 Univ0 prob=0.361
AgeVaxH35.js:2202 327I j:ageGp:fam 818:5:-1 by yellow 284:2:-1 at gen471 Univ0 prob=0.013
AgeVaxH35.js:2221 327I i:ageGp:fam 481:3:-1 by red 932:7:-1 at gen471 Univ0 prob=0.819
AgeVaxH35.js:2202 327I j:ageGp:fam 961:8:-1 by red 527:3:-1 at gen471 Univ0 prob=0.383
AgeVaxH35.js:2221 331I i:ageGp:fam 244:2:-1 by red 532:3:-1 at gen472 Univ0 prob=0.905
AgeVaxH35.js:2202 331I j:ageGp:fam 603:4:-1 by yellow 320:2:-1 at gen472 Univ0 prob=0.954
AgeVaxH35.js:2221 336I i:ageGp:fam 84:1:-1 by red 469:3:-1 at gen473 Univ0 prob=0.620
AgeVaxH35.js:2221 336I i:ageGp:fam 108:1:-1 by blue 255:2:-1 at gen473 Univ0 prob=0.253
AgeVaxH35.js:2221 336I i:ageGp:fam 259:2:-1 by blue 754:5:-1 at gen473 Univ0 prob=0.834
AgeVaxH35.js:2221 336I i:ageGp:fam 521:3:-1 by blue 649:4:-1 at gen473 Univ0 prob=0.211
AgeVaxH35.js:2221 338I i:ageGp:fam 279:2:-1 by red 962:8:-1 at gen474 Univ0 prob=0.421
AgeVaxH35.js:2202 342I j:ageGp:fam 316:2:-1 by blue 66:1:-1 at gen475 Univ0 prob=0.453
AgeVaxH35.js:2221 342I i:ageGp:fam 130:1:-1 by blue 694:5:-1 at gen475 Univ0 prob=0.388
AgeVaxH35.js:2221 342I i:ageGp:fam 324:2:-1 by blue 417:3:-1 at gen475 Univ0 prob=0.586
AgeVaxH35.js:2202 342I j:ageGp:fam 936:7:-1 by blue 619:4:-1 at gen475 Univ0 prob=0.524
AgeVaxH35.js:2221 343I i:ageGp:fam 182:2:-1 by blue 979:8:-1 at gen476 Univ0 prob=0.863
AgeVaxH35.js:2202 343I j:ageGp:fam 838:6:-1 by blue 806:5:-1 at gen476 Univ0 prob=0.761
AgeVaxH35.js:2221 347I i:ageGp:fam 88:1:-1 by blue 507:3:-1 at gen477 Univ0 prob=0.235
AgeVaxH35.js:2202 347I j:ageGp:fam 817:5:-1 by red 140:2:-1 at gen477 Univ0 prob=0.570
AgeVaxH35.js:2221 351I i:ageGp:fam 32:0:-1 by red 287:2:-1 at gen479 Univ0 prob=0.129
AgeVaxH35.js:2221 351I i:ageGp:fam 270:2:-1 by blue 369:3:-1 at gen479 Univ0 prob=0.610
AgeVaxH35.js:2202 351I j:ageGp:fam 442:3:-1 by blue 422:3:-1 at gen479 Univ0 prob=0.251
AgeVaxH35.js:2202 351I j:ageGp:fam 213:2:-1 by blue 192:2:-1 at gen480 Univ0 prob=0.361
AgeVaxH35.js:2221 351I i:ageGp:fam 219:2:-1 by blue 689:4:-1 at gen480 Univ0 prob=0.805
AgeVaxH35.js:2221 351I i:ageGp:fam 727:5:-1 by blue 979:8:-1 at gen480 Univ0 prob=0.672
AgeVaxH35.js:2202 354I j:ageGp:fam 964:8:-1 by blue 206:2:-1 at gen481 Univ0 prob=0.099
AgeVaxH35.js:2221 354I i:ageGp:fam 399:3:-1 by blue 882:6:-1 at gen481 Univ0 prob=0.876
AgeVaxH35.js:2202 354I j:ageGp:fam 582:4:-1 by blue 485:3:-1 at gen481 Univ0 prob=0.169
AgeVaxH35.js:2221 360I i:ageGp:fam 695:5:-1 by blue 825:6:-1 at gen484 Univ0 prob=0.392
AgeVaxH35.js:2202 360I j:ageGp:fam 816:5:-1 by blue 69:1:-1 at gen485 Univ0 prob=0.778
AgeVaxH35.js:2202 360I j:ageGp:fam 575:4:-1 by red 250:2:-1 at gen485 Univ0 prob=0.169
AgeVaxH35.js:2202 361I j:ageGp:fam 779:5:-1 by red 250:2:-1 at gen486 Univ0 prob=0.269
AgeVaxH35.js:2221 361I i:ageGp:fam 274:2:-1 by blue 754:5:-1 at gen486 Univ0 prob=0.809
AgeVaxH35.js:2202 361I j:ageGp:fam 632:4:-1 by blue 320:2:-1 at gen486 Univ0 prob=0.676
AgeVaxH35.js:2202 366I j:ageGp:fam 705:5:-1 by blue 147:2:-1 at gen488 Univ0 prob=0.559
AgeVaxH35.js:2202 366I j:ageGp:fam 981:8:-1 by blue 417:3:-1 at gen488 Univ0 prob=0.753
AgeVaxH35.js:2202 366I j:ageGp:fam 756:5:-1 by red 616:4:-1 at gen489 Univ0 prob=0.227
AgeVaxH35.js:2221 368I i:ageGp:fam 63:1:-1 by blue 734:5:-1 at gen490 Univ0 prob=0.739
AgeVaxH35.js:2202 368I j:ageGp:fam 408:3:-1 by blue 237:2:-1 at gen490 Univ0 prob=0.757
AgeVaxH35.js:2202 368I j:ageGp:fam 911:7:-1 by yellow 788:5:-1 at gen490 Univ0 prob=0.847
AgeVaxH35.js:2221 369I i:ageGp:fam 415:3:-1 by blue 750:5:-1 at gen491 Univ0 prob=0.572
AgeVaxH35.js:2221 372I i:ageGp:fam 297:2:-1 by blue 979:8:-1 at gen492 Univ0 prob=0.852
AgeVaxH35.js:2221 372I i:ageGp:fam 398:3:-1 by blue 750:5:-1 at gen492 Univ0 prob=0.828
AgeVaxH35.js:2221 375I i:ageGp:fam 177:2:-1 by blue 265:2:-1 at gen494 Univ0 prob=0.975
AgeVaxH35.js:2202 375I j:ageGp:fam 802:5:-1 by red 456:3:-1 at gen494 Univ0 prob=0.347
AgeVaxH35.js:2221 377I i:ageGp:fam 434:3:-1 by red 600:4:-1 at gen497 Univ0 prob=0.744
AgeVaxH35.js:2202 378I j:ageGp:fam 669:4:-1 by red 251:2:-1 at gen499 Univ0 prob=0.491
AgeVaxH35.js:2221 378I i:ageGp:fam 280:2:-1 by red 337:2:-1 at gen499 Univ0 prob=0.783
AgeVaxH35.js:2221 378I i:ageGp:fam 486:3:-1 by blue 511:3:-1 at gen499 Univ0 prob=0.776
AgeVaxH35.js:2221 378I i:ageGp:fam 121:1:-1 by red 157:2:-1 at gen500 Univ0 prob=0.528
AgeVaxH35.js:2202 378I j:ageGp:fam 215:2:-1 by blue 192:2:-1 at gen500 Univ0 prob=0.305
AgeVaxH35.js:2221 378I i:ageGp:fam 267:2:-1 by red 505:3:-1 at gen500 Univ0 prob=0.289
AgeVaxH35.js:2202 378I j:ageGp:fam 899:6:-1 by blue 564:4:-1 at gen500 Univ0 prob=0.815
AgeVaxH35.js:2221 381I i:ageGp:fam 484:3:-1 by blue 761:5:-1 at gen501 Univ0 prob=0.664
AgeVaxH35.js:2221 385I i:ageGp:fam 180:2:-1 by blue 881:6:-1 at gen502 Univ0 prob=0.185
AgeVaxH35.js:2221 385I i:ageGp:fam 548:4:-1 by blue 788:5:-1 at gen502 Univ0 prob=0.514
AgeVaxH35.js:2202 386I j:ageGp:fam 188:2:-1 by blue 16:0:-1 at gen503 Univ0 prob=0.796
AgeVaxH35.js:2221 386I i:ageGp:fam 145:2:-1 by blue 356:2:-1 at gen503 Univ0 prob=0.054
AgeVaxH35.js:2202 386I j:ageGp:fam 898:6:-1 by yellow 484:3:-1 at gen503 Univ0 prob=0.716
AgeVaxH35.js:2221 391I i:ageGp:fam 861:6:-1 by red 882:6:-1 at gen505 Univ0 prob=0.709
AgeVaxH35.js:2202 391I j:ageGp:fam 480:3:-1 by red 445:3:-1 at gen506 Univ0 prob=0.013
AgeVaxH35.js:2202 391I j:ageGp:fam 973:8:-1 by blue 564:4:-1 at gen506 Univ0 prob=0.166
AgeVaxH35.js:2202 391I j:ageGp:fam 782:5:-1 by red 588:4:-1 at gen506 Univ0 prob=0.752
AgeVaxH35.js:2221 392I i:ageGp:fam 1:0:-1 by blue 131:2:-1 at gen507 Univ0 prob=0.793
AgeVaxH35.js:2221 392I i:ageGp:fam 92:1:-1 by blue 613:4:-1 at gen507 Univ0 prob=0.237
AgeVaxH35.js:2221 395I i:ageGp:fam 57:1:-1 by blue 644:4:-1 at gen508 Univ0 prob=0.972
AgeVaxH35.js:2221 395I i:ageGp:fam 204:2:-1 by blue 312:2:-1 at gen508 Univ0 prob=0.980
AgeVaxH35.js:2202 397I j:ageGp:fam 965:8:-1 by yellow 92:1:-1 at gen509 Univ0 prob=0.017
AgeVaxH35.js:2202 397I j:ageGp:fam 673:4:-1 by blue 568:4:-1 at gen509 Univ0 prob=0.712
AgeVaxH35.js:2202 399I j:ageGp:fam 585:4:-1 by red 230:2:-1 at gen510 Univ0 prob=0.696
AgeVaxH35.js:2202 399I j:ageGp:fam 608:4:-1 by blue 265:2:-1 at gen510 Univ0 prob=0.911
AgeVaxH35.js:2221 399I i:ageGp:fam 562:4:-1 by blue 913:7:-1 at gen510 Univ0 prob=0.402
AgeVaxH35.js:2202 399I j:ageGp:fam 924:7:-1 by blue 881:6:-1 at gen510 Univ0 prob=0.948
AgeVaxH35.js:2221 405I i:ageGp:fam 68:1:-1 by yellow 108:1:-1 at gen512 Univ0 prob=0.120
AgeVaxH35.js:2221 405I i:ageGp:fam 164:2:-1 by red 700:5:-1 at gen513 Univ0 prob=0.954
AgeVaxH35.js:2221 405I i:ageGp:fam 581:4:-1 by yellow 666:4:-1 at gen513 Univ0 prob=0.484
AgeVaxH35.js:2202 406I j:ageGp:fam 360:3:-1 by red 69:1:-1 at gen514 Univ0 prob=0.839
AgeVaxH35.js:2221 408I i:ageGp:fam 406:3:-1 by red 765:5:-1 at gen515 Univ0 prob=0.713
AgeVaxH35.js:2221 408I i:ageGp:fam 652:4:-1 by blue 807:5:-1 at gen515 Univ0 prob=0.618
AgeVaxH35.js:2221 408I i:ageGp:fam 823:6:-1 by blue 881:6:-1 at gen515 Univ0 prob=0.887
AgeVaxH35.js:2202 409I j:ageGp:fam 862:6:-1 by yellow 428:3:-1 at gen516 Univ0 prob=0.715
AgeVaxH35.js:2221 409I i:ageGp:fam 837:6:-1 by yellow 929:7:-1 at gen516 Univ0 prob=0.154
AgeVaxH35.js:2202 414I j:ageGp:fam 792:5:-1 by blue 644:4:-1 at gen518 Univ0 prob=0.094
AgeVaxH35.js:2221 414I i:ageGp:fam 127:1:-1 by blue 349:2:-1 at gen519 Univ0 prob=0.228
AgeVaxH35.js:2202 414I j:ageGp:fam 858:6:-1 by blue 197:2:-1 at gen519 Univ0 prob=0.107
AgeVaxH35.js:2202 415I j:ageGp:fam 659:4:-1 by red 417:3:-1 at gen520 Univ0 prob=0.005
AgeVaxH35.js:2202 417I j:ageGp:fam 845:6:-1 by blue 675:4:-1 at gen521 Univ0 prob=0.650
AgeVaxH35.js:2202 418I j:ageGp:fam 990:9:-1 by red 726:5:-1 at gen522 Univ0 prob=0.819
AgeVaxH35.js:2221 419I i:ageGp:fam 293:2:-1 by yellow 324:2:-1 at gen523 Univ0 prob=0.887
AgeVaxH35.js:2221 419I i:ageGp:fam 387:3:-1 by red 527:3:-1 at gen523 Univ0 prob=0.392
AgeVaxH35.js:2202 420I j:ageGp:fam 429:3:-1 by yellow 324:2:-1 at gen524 Univ0 prob=0.395
AgeVaxH35.js:2202 422I j:ageGp:fam 332:2:-1 by blue 244:2:-1 at gen525 Univ0 prob=0.025
AgeVaxH35.js:2221 422I i:ageGp:fam 447:3:-1 by blue 672:4:-1 at gen525 Univ0 prob=0.966
AgeVaxH35.js:2202 425I j:ageGp:fam 580:4:-1 by blue 559:4:-1 at gen527 Univ0 prob=0.077
AgeVaxH35.js:2221 426I i:ageGp:fam 80:1:-1 by blue 750:5:-1 at gen530 Univ0 prob=0.735
AgeVaxH35.js:2221 426I i:ageGp:fam 141:2:-1 by red 972:8:-1 at gen530 Univ0 prob=0.832
AgeVaxH35.js:2221 426I i:ageGp:fam 142:2:-1 by red 649:4:-1 at gen530 Univ0 prob=0.370
AgeVaxH35.js:2202 426I j:ageGp:fam 401:3:-1 by blue 265:2:-1 at gen531 Univ0 prob=0.436
AgeVaxH35.js:2202 426I j:ageGp:fam 731:5:-1 by blue 349:2:-1 at gen531 Univ0 prob=0.118
AgeVaxH35.js:2221 429I i:ageGp:fam 143:2:-1 by blue 259:2:-1 at gen532 Univ0 prob=0.980
AgeVaxH35.js:2202 429I j:ageGp:fam 891:6:-1 by blue 471:3:-1 at gen532 Univ0 prob=0.984
AgeVaxH35.js:2221 429I i:ageGp:fam 491:3:-1 by red 616:4:-1 at gen532 Univ0 prob=0.106
AgeVaxH35.js:2221 429I i:ageGp:fam 537:3:-1 by blue 881:6:-1 at gen532 Univ0 prob=0.811
AgeVaxH35.js:2202 431I j:ageGp:fam 176:2:-1 by red 69:1:-1 at gen533 Univ0 prob=0.864
AgeVaxH35.js:2221 431I i:ageGp:fam 155:2:-1 by blue 265:2:-1 at gen533 Univ0 prob=0.853
AgeVaxH35.js:2221 435I i:ageGp:fam 539:3:-1 by blue 632:4:-1 at gen534 Univ0 prob=0.174
AgeVaxH35.js:2221 438I i:ageGp:fam 453:3:-1 by blue 471:3:-1 at gen536 Univ0 prob=0.530
AgeVaxH35.js:2202 438I j:ageGp:fam 379:3:-1 by blue 255:2:-1 at gen537 Univ0 prob=0.134
AgeVaxH35.js:2221 440I i:ageGp:fam 472:3:-1 by blue 564:4:-1 at gen539 Univ0 prob=0.287
AgeVaxH35.js:2221 440I i:ageGp:fam 685:4:-1 by red 765:5:-1 at gen539 Univ0 prob=0.812
AgeVaxH35.js:2202 440I j:ageGp:fam 855:6:-1 by blue 329:2:-1 at gen540 Univ0 prob=0.986
AgeVaxH35.js:2202 440I j:ageGp:fam 610:4:-1 by blue 350:2:-1 at gen540 Univ0 prob=0.462
AgeVaxH35.js:2202 440I j:ageGp:fam 822:6:-1 by blue 672:4:-1 at gen540 Univ0 prob=0.045
AgeVaxH35.js:2221 442I i:ageGp:fam 796:5:-1 by red 951:8:-1 at gen541 Univ0 prob=0.077
AgeVaxH35.js:2202 445I j:ageGp:fam 953:8:-1 by blue 376:3:-1 at gen542 Univ0 prob=0.094
AgeVaxH35.js:2221 446I i:ageGp:fam 25:0:-1 by blue 964:8:-1 at gen543 Univ0 prob=0.759
AgeVaxH35.js:2221 447I i:ageGp:fam 326:2:-1 by red 881:6:-1 at gen544 Univ0 prob=0.881
AgeVaxH35.js:2221 447I i:ageGp:fam 373:3:-1 by yellow 823:6:-1 at gen544 Univ0 prob=0.461
AgeVaxH35.js:2221 448I i:ageGp:fam 512:3:-1 by blue 672:4:-1 at gen545 Univ0 prob=0.351
AgeVaxH35.js:2202 450I j:ageGp:fam 526:3:-1 by blue 376:3:-1 at gen546 Univ0 prob=0.713
AgeVaxH35.js:2221 450I i:ageGp:fam 391:3:-1 by blue 577:4:-1 at gen546 Univ0 prob=0.476
AgeVaxH35.js:2202 451I j:ageGp:fam 364:3:-1 by blue 297:2:-1 at gen547 Univ0 prob=0.397
AgeVaxH35.js:2202 451I j:ageGp:fam 634:4:-1 by red 532:3:-1 at gen547 Univ0 prob=0.981
AgeVaxH35.js:2202 451I j:ageGp:fam 834:6:-1 by blue 818:5:-1 at gen547 Univ0 prob=0.607
AgeVaxH35.js:2221 453I i:ageGp:fam 105:1:-1 by blue 152:2:-1 at gen548 Univ0 prob=0.792
AgeVaxH35.js:2221 453I i:ageGp:fam 574:4:-1 by blue 929:7:-1 at gen548 Univ0 prob=0.427
AgeVaxH35.js:2202 456I j:ageGp:fam 871:6:-1 by blue 32:0:-1 at gen549 Univ0 prob=0.322
AgeVaxH35.js:2221 456I i:ageGp:fam 87:1:-1 by red 564:4:-1 at gen549 Univ0 prob=0.166
AgeVaxH35.js:2221 456I i:ageGp:fam 200:2:-1 by red 532:3:-1 at gen549 Univ0 prob=0.421
AgeVaxH35.js:2221 458I i:ageGp:fam 61:1:-1 by blue 510:3:-1 at gen550 Univ0 prob=0.902
AgeVaxH35.js:2202 462I j:ageGp:fam 781:5:-1 by red 255:2:-1 at gen552 Univ0 prob=0.694
AgeVaxH35.js:2202 462I j:ageGp:fam 551:4:-1 by blue 279:2:-1 at gen552 Univ0 prob=0.915
AgeVaxH35.js:2202 462I j:ageGp:fam 894:6:-1 by red 649:4:-1 at gen552 Univ0 prob=0.948
AgeVaxH35.js:2221 462I i:ageGp:fam 365:3:-1 by red 882:6:-1 at gen553 Univ0 prob=0.482
AgeVaxH35.js:2221 462I i:ageGp:fam 392:3:-1 by yellow 574:4:-1 at gen553 Univ0 prob=0.848
AgeVaxH35.js:2202 462I j:ageGp:fam 518:3:-1 by blue 477:3:-1 at gen553 Univ0 prob=0.222
AgeVaxH35.js:2202 465I j:ageGp:fam 950:8:-1 by blue 32:0:-1 at gen554 Univ0 prob=0.554
AgeVaxH35.js:2202 465I j:ageGp:fam 482:3:-1 by blue 84:1:-1 at gen554 Univ0 prob=0.103
AgeVaxH35.js:2221 465I i:ageGp:fam 159:2:-1 by blue 558:4:-1 at gen554 Univ0 prob=0.822
AgeVaxH35.js:2202 465I j:ageGp:fam 490:3:-1 by blue 471:3:-1 at gen554 Univ0 prob=0.555
AgeVaxH35.js:2202 465I j:ageGp:fam 697:5:-1 by red 520:3:-1 at gen554 Univ0 prob=0.543
AgeVaxH35.js:2202 465I j:ageGp:fam 690:5:-1 by red 564:4:-1 at gen554 Univ0 prob=0.291
AgeVaxH35.js:2221 474I i:ageGp:fam 315:2:-1 by yellow 365:3:-1 at gen556 Univ0 prob=0.972
AgeVaxH35.js:2202 474I j:ageGp:fam 804:5:-1 by red 509:3:-1 at gen556 Univ0 prob=0.892
AgeVaxH35.js:2202 474I j:ageGp:fam 840:6:-1 by blue 818:5:-1 at gen556 Univ0 prob=0.902
AgeVaxH35.js:2202 477I j:ageGp:fam 864:6:-1 by yellow 608:4:-1 at gen558 Univ0 prob=0.347
AgeVaxH35.js:2221 477I i:ageGp:fam 423:3:-1 by blue 911:7:-1 at gen559 Univ0 prob=0.717
AgeVaxH35.js:2202 477I j:ageGp:fam 752:5:-1 by blue 458:3:-1 at gen559 Univ0 prob=0.303
AgeVaxH35.js:2221 477I i:ageGp:fam 625:4:-1 by blue 981:8:-1 at gen559 Univ0 prob=0.404
AgeVaxH35.js:2221 478I i:ageGp:fam 39:0:-1 by red 600:4:-1 at gen560 Univ0 prob=0.665
AgeVaxH35.js:2202 478I j:ageGp:fam 996:9:-1 by red 69:1:-1 at gen560 Univ0 prob=0.038
AgeVaxH35.js:2221 481I i:ageGp:fam 158:2:-1 by red 265:2:-1 at gen561 Univ0 prob=0.762
AgeVaxH35.js:2202 481I j:ageGp:fam 495:3:-1 by green 158:2:-1 at gen561 Univ0 prob=0.879
AgeVaxH35.js:2221 481I i:ageGp:fam 359:3:-1 by red 881:6:-1 at gen561 Univ0 prob=0.522
AgeVaxH35.js:2221 481I i:ageGp:fam 363:3:-1 by blue 756:5:-1 at gen561 Univ0 prob=0.244
AgeVaxH35.js:2202 483I j:ageGp:fam 70:1:-1 by yellow 68:1:-1 at gen562 Univ0 prob=0.146
AgeVaxH35.js:2221 483I i:ageGp:fam 339:2:-1 by blue 924:7:-1 at gen562 Univ0 prob=0.855
AgeVaxH35.js:2221 483I i:ageGp:fam 339:2:-1 by blue 965:8:-1 at gen562 Univ0 prob=0.016
AgeVaxH35.js:2202 483I j:ageGp:fam 943:7:-1 by blue 666:4:-1 at gen562 Univ0 prob=0.549
AgeVaxH35.js:2202 487I j:ageGp:fam 905:7:-1 by blue 349:2:-1 at gen563 Univ0 prob=0.213
AgeVaxH35.js:2202 490I j:ageGp:fam 67:1:-1 by red 62:1:-1 at gen564 Univ0 prob=0.358
AgeVaxH35.js:2221 490I i:ageGp:fam 645:4:-1 by blue 695:5:-1 at gen564 Univ0 prob=0.691
AgeVaxH35.js:2202 491I j:ageGp:fam 749:5:-1 by red 524:3:-1 at gen565 Univ0 prob=0.062
AgeVaxH35.js:2221 491I i:ageGp:fam 872:6:-1 by blue 902:7:-1 at gen565 Univ0 prob=0.815
AgeVaxH35.js:2202 493I j:ageGp:fam 418:3:-1 by red 62:1:-1 at gen566 Univ0 prob=0.606
AgeVaxH35.js:2202 493I j:ageGp:fam 748:5:-1 by blue 376:3:-1 at gen566 Univ0 prob=0.274
AgeVaxH35.js:2202 493I j:ageGp:fam 536:3:-1 by blue 399:3:-1 at gen566 Univ0 prob=0.041
AgeVaxH35.js:2202 495I j:ageGp:fam 346:2:-1 by blue 32:0:-1 at gen567 Univ0 prob=0.811
AgeVaxH35.js:2221 498I i:ageGp:fam 735:5:-1 by blue 902:7:-1 at gen568 Univ0 prob=0.916
AgeVaxH35.js:2221 499I i:ageGp:fam 160:2:-1 by blue 964:8:-1 at gen569 Univ0 prob=0.281
AgeVaxH35.js:2202 499I j:ageGp:fam 455:3:-1 by blue 408:3:-1 at gen569 Univ0 prob=0.793
AgeVaxH35.js:2202 500I j:ageGp:fam 944:7:-1 by blue 329:2:-1 at gen570 Univ0 prob=0.744
AgeVaxH35.js:2221 500I i:ageGp:fam 353:2:-1 by blue 911:7:-1 at gen570 Univ0 prob=0.305
AgeVaxH35.js:2202 500I j:ageGp:fam 783:5:-1 by blue 471:3:-1 at gen570 Univ0 prob=0.812
AgeVaxH35.js:2221 500I i:ageGp:fam 707:5:-1 by red 788:5:-1 at gen570 Univ0 prob=0.821
AgeVaxH35.js:2202 500I j:ageGp:fam 955:8:-1 by blue 807:5:-1 at gen570 Univ0 prob=0.123
AgeVaxH35.js:2202 502I j:ageGp:fam 925:7:-1 by blue 204:2:-1 at gen571 Univ0 prob=0.737
AgeVaxH35.js:2221 502I i:ageGp:fam 476:3:-1 by blue 792:5:-1 at gen571 Univ0 prob=0.248
AgeVaxH35.js:2221 509I i:ageGp:fam 113:1:-1 by blue 484:3:-1 at gen574 Univ0 prob=0.840
AgeVaxH35.js:2221 509I i:ageGp:fam 368:3:-1 by red 972:8:-1 at gen574 Univ0 prob=0.441
AgeVaxH35.js:2202 509I j:ageGp:fam 609:4:-1 by blue 548:4:-1 at gen574 Univ0 prob=0.991
AgeVaxH35.js:2202 509I j:ageGp:fam 920:7:-1 by red 640:4:-1 at gen574 Univ0 prob=0.108
AgeVaxH35.js:2221 509I i:ageGp:fam 321:2:-1 by blue 823:6:-1 at gen575 Univ0 prob=0.911
AgeVaxH35.js:2202 509I j:ageGp:fam 639:4:-1 by blue 408:3:-1 at gen575 Univ0 prob=0.692
AgeVaxH35.js:2221 509I i:ageGp:fam 470:3:-1 by red 532:3:-1 at gen575 Univ0 prob=0.709
AgeVaxH35.js:2221 513I i:ageGp:fam 79:1:-1 by blue 415:3:-1 at gen576 Univ0 prob=0.283
AgeVaxH35.js:2221 513I i:ageGp:fam 410:3:-1 by red 638:4:-1 at gen576 Univ0 prob=0.408
AgeVaxH35.js:2221 513I i:ageGp:fam 462:3:-1 by blue 911:7:-1 at gen576 Univ0 prob=0.990
AgeVaxH35.js:2202 516I j:ageGp:fam 869:6:-1 by blue 215:2:-1 at gen577 Univ0 prob=0.514
AgeVaxH35.js:2221 519I i:ageGp:fam 89:1:-1 by blue 861:6:-1 at gen578 Univ0 prob=0.302
AgeVaxH35.js:2202 519I j:ageGp:fam 733:5:-1 by blue 521:3:-1 at gen578 Univ0 prob=0.045
AgeVaxH35.js:2202 519I j:ageGp:fam 604:4:-1 by red 564:4:-1 at gen578 Univ0 prob=0.566
AgeVaxH35.js:2221 519I i:ageGp:fam 653:4:-1 by blue 659:4:-1 at gen578 Univ0 prob=0.269
AgeVaxH35.js:2202 519I j:ageGp:fam 853:6:-1 by blue 659:4:-1 at gen578 Univ0 prob=0.176
AgeVaxH35.js:2202 519I j:ageGp:fam 741:5:-1 by blue 666:4:-1 at gen578 Univ0 prob=0.143
AgeVaxH35.js:2221 520I i:ageGp:fam 29:0:-1 by blue 659:4:-1 at gen579 Univ0 prob=0.489
AgeVaxH35.js:2221 520I i:ageGp:fam 107:1:-1 by red 726:5:-1 at gen579 Univ0 prob=0.585
AgeVaxH35.js:2202 528I j:ageGp:fam 292:2:-1 by red 287:2:-1 at gen581 Univ0 prob=0.857
AgeVaxH35.js:2221 528I i:ageGp:fam 681:4:-1 by blue 862:6:-1 at gen581 Univ0 prob=0.277
AgeVaxH35.js:2221 528I i:ageGp:fam 764:5:-1 by blue 965:8:-1 at gen581 Univ0 prob=0.582
AgeVaxH35.js:2202 528I j:ageGp:fam 857:6:-1 by blue 204:2:-1 at gen582 Univ0 prob=0.351
AgeVaxH35.js:2221 528I i:ageGp:fam 567:4:-1 by blue 898:6:-1 at gen582 Univ0 prob=0.194
AgeVaxH35.js:2202 528I j:ageGp:fam 798:5:-1 by blue 673:4:-1 at gen582 Univ0 prob=0.260
AgeVaxH35.js:2221 534I i:ageGp:fam 23:0:-1 by red 329:2:-1 at gen584 Univ0 prob=0.608
AgeVaxH35.js:2202 534I j:ageGp:fam 789:5:-1 by yellow 176:2:-1 at gen584 Univ0 prob=0.290
AgeVaxH35.js:2221 534I i:ageGp:fam 404:3:-1 by red 532:3:-1 at gen585 Univ0 prob=0.162
AgeVaxH35.js:2221 536I i:ageGp:fam 383:3:-1 by blue 911:7:-1 at gen586 Univ0 prob=0.191
AgeVaxH35.js:2221 538I i:ageGp:fam 236:2:-1 by yellow 365:3:-1 at gen589 Univ0 prob=0.787
AgeVaxH35.js:2202 538I j:ageGp:fam 732:5:-1 by red 510:3:-1 at gen589 Univ0 prob=0.359
AgeVaxH35.js:2221 538I i:ageGp:fam 772:5:-1 by blue 837:6:-1 at gen589 Univ0 prob=0.378
AgeVaxH35.js:2221 538I i:ageGp:fam 15:0:-1 by red 640:4:-1 at gen590 Univ0 prob=0.686
AgeVaxH35.js:2221 538I i:ageGp:fam 193:2:-1 by red 471:3:-1 at gen590 Univ0 prob=0.780
AgeVaxH35.js:2202 538I j:ageGp:fam 883:6:-1 by blue 453:3:-1 at gen590 Univ0 prob=0.513
AgeVaxH35.js:2202 538I j:ageGp:fam 739:5:-1 by blue 652:4:-1 at gen590 Univ0 prob=0.037
AgeVaxH35.js:2202 538I j:ageGp:fam 893:6:-1 by blue 652:4:-1 at gen590 Univ0 prob=0.335
AgeVaxH35.js:2202 541I j:ageGp:fam 971:8:-1 by blue 360:3:-1 at gen591 Univ0 prob=0.152
AgeVaxH35.js:2202 541I j:ageGp:fam 854:6:-1 by blue 399:3:-1 at gen591 Univ0 prob=0.689
AgeVaxH35.js:2221 541I i:ageGp:fam 598:4:-1 by blue 837:6:-1 at gen591 Univ0 prob=0.244
AgeVaxH35.js:2202 546I j:ageGp:fam 325:2:-1 by red 40:1:-1 at gen592 Univ0 prob=0.819
AgeVaxH35.js:2221 546I i:ageGp:fam 354:2:-1 by blue 756:5:-1 at gen592 Univ0 prob=0.116
AgeVaxH35.js:2221 546I i:ageGp:fam 499:3:-1 by red 882:6:-1 at gen592 Univ0 prob=0.302
AgeVaxH35.js:2221 552I i:ageGp:fam 530:3:-1 by red 532:3:-1 at gen594 Univ0 prob=0.101
AgeVaxH35.js:2221 552I i:ageGp:fam 296:2:-1 by yellow 567:4:-1 at gen595 Univ0 prob=0.930
AgeVaxH35.js:2202 552I j:ageGp:fam 831:6:-1 by blue 521:3:-1 at gen595 Univ0 prob=0.477
AgeVaxH35.js:2221 552I i:ageGp:fam 664:4:-1 by red 972:8:-1 at gen595 Univ0 prob=0.903
AgeVaxH35.js:2202 553I j:ageGp:fam 440:3:-1 by red 422:3:-1 at gen596 Univ0 prob=0.808
AgeVaxH35.js:2202 553I j:ageGp:fam 755:5:-1 by yellow 664:4:-1 at gen596 Univ0 prob=0.925
AgeVaxH35.js:2221 553I i:ageGp:fam 755:5:-1 by red 972:8:-1 at gen596 Univ0 prob=0.802
AgeVaxH35.js:2221 556I i:ageGp:fam 620:4:-1 by red 912:7:-1 at gen597 Univ0 prob=0.361
AgeVaxH35.js:2221 558I i:ageGp:fam 59:1:-1 by blue 861:6:-1 at gen598 Univ0 prob=0.616
AgeVaxH35.js:2221 558I i:ageGp:fam 468:3:-1 by blue 816:5:-1 at gen598 Univ0 prob=0.087
AgeVaxH35.js:2202 558I j:ageGp:fam 794:5:-1 by blue 792:5:-1 at gen598 Univ0 prob=0.961
AgeVaxH35.js:2202 559I j:ageGp:fam 599:4:-1 by red 244:2:-1 at gen599 Univ0 prob=0.574
AgeVaxH35.js:2202 559I j:ageGp:fam 877:6:-1 by red 399:3:-1 at gen599 Univ0 prob=0.611
AgeVaxH35.js:2221 559I i:ageGp:fam 591:4:-1 by red 818:5:-1 at gen599 Univ0 prob=0.192
AgeVaxH35.js:2221 565I i:ageGp:fam 571:4:-1 by red 902:7:-1 at gen601 Univ0 prob=0.369
AgeVaxH35.js:2221 565I i:ageGp:fam 348:2:-1 by blue 373:3:-1 at gen602 Univ0 prob=0.953
AgeVaxH35.js:2221 566I i:ageGp:fam 306:2:-1 by red 471:3:-1 at gen603 Univ0 prob=0.974
AgeVaxH35.js:2221 567I i:ageGp:fam 44:1:-1 by red 265:2:-1 at gen604 Univ0 prob=0.210
AgeVaxH35.js:2221 567I i:ageGp:fam 421:3:-1 by red 726:5:-1 at gen604 Univ0 prob=0.890
AgeVaxH35.js:2202 567I j:ageGp:fam 917:7:-1 by red 701:5:-1 at gen604 Univ0 prob=0.080
AgeVaxH35.js:2202 571I j:ageGp:fam 919:7:-1 by red 521:3:-1 at gen606 Univ0 prob=0.446
AgeVaxH35.js:2221 571I i:ageGp:fam 347:2:-1 by blue 401:3:-1 at gen607 Univ0 prob=0.692
AgeVaxH35.js:2202 571I j:ageGp:fam 676:4:-1 by red 638:4:-1 at gen607 Univ0 prob=0.189
AgeVaxH35.js:2202 572I j:ageGp:fam 718:5:-1 by blue 142:2:-1 at gen608 Univ0 prob=0.008
AgeVaxH35.js:2221 572I i:ageGp:fam 205:2:-1 by blue 548:4:-1 at gen608 Univ0 prob=0.875
AgeVaxH35.js:2202 574I j:ageGp:fam 914:7:-1 by blue 898:6:-1 at gen609 Univ0 prob=0.738
AgeVaxH35.js:2202 576I j:ageGp:fam 821:6:-1 by blue 143:2:-1 at gen610 Univ0 prob=0.206
AgeVaxH35.js:2221 577I i:ageGp:fam 450:3:-1 by blue 673:4:-1 at gen611 Univ0 prob=0.371
AgeVaxH35.js:2221 578I i:ageGp:fam 56:1:-1 by red 458:3:-1 at gen612 Univ0 prob=0.570
AgeVaxH35.js:2202 578I j:ageGp:fam 867:6:-1 by red 324:2:-1 at gen612 Univ0 prob=0.804
AgeVaxH35.js:2221 578I i:ageGp:fam 593:4:-1 by blue 822:6:-1 at gen612 Univ0 prob=0.353
AgeVaxH35.js:2202 579I j:ageGp:fam 218:2:-1 by blue 92:1:-1 at gen613 Univ0 prob=0.935
AgeVaxH35.js:2221 582I i:ageGp:fam 241:2:-1 by blue 864:6:-1 at gen614 Univ0 prob=0.804
AgeVaxH35.js:2202 582I j:ageGp:fam 978:8:-1 by red 666:4:-1 at gen614 Univ0 prob=0.235
AgeVaxH35.js:2202 583I j:ageGp:fam 901:6:-1 by red 62:1:-1 at gen615 Univ0 prob=0.074
AgeVaxH35.js:2202 583I j:ageGp:fam 841:6:-1 by blue 200:2:-1 at gen615 Univ0 prob=0.373
AgeVaxH35.js:2202 583I j:ageGp:fam 785:5:-1 by blue 652:4:-1 at gen615 Univ0 prob=0.280
AgeVaxH35.js:2221 585I i:ageGp:fam 85:1:-1 by red 649:4:-1 at gen616 Univ0 prob=0.772
AgeVaxH35.js:2202 585I j:ageGp:fam 298:2:-1 by red 270:2:-1 at gen616 Univ0 prob=0.306
AgeVaxH35.js:2202 585I j:ageGp:fam 345:2:-1 by red 329:2:-1 at gen616 Univ0 prob=0.786
AgeVaxH35.js:2221 591I i:ageGp:fam 170:2:-1 by red 911:7:-1 at gen618 Univ0 prob=0.768
AgeVaxH35.js:2221 592I i:ageGp:fam 22:0:-1 by red 428:3:-1 at gen620 Univ0 prob=0.271
AgeVaxH35.js:2202 592I j:ageGp:fam 930:7:-1 by yellow 620:4:-1 at gen620 Univ0 prob=0.963
AgeVaxH35.js:2202 594I j:ageGp:fam 397:3:-1 by red 376:3:-1 at gen622 Univ0 prob=0.802
AgeVaxH35.js:2221 594I i:ageGp:fam 154:2:-1 by blue 155:2:-1 at gen623 Univ0 prob=0.951
AgeVaxH35.js:2221 595I i:ageGp:fam 181:2:-1 by red 638:4:-1 at gen624 Univ0 prob=0.854
AgeVaxH35.js:2221 595I i:ageGp:fam 630:4:-1 by red 701:5:-1 at gen624 Univ0 prob=0.023
AgeVaxH35.js:2202 596I j:ageGp:fam 980:8:-1 by yellow 205:2:-1 at gen625 Univ0 prob=0.502
AgeVaxH35.js:2202 596I j:ageGp:fam 635:4:-1 by blue 484:3:-1 at gen625 Univ0 prob=0.974
AgeVaxH35.js:2221 598I i:ageGp:fam 125:1:-1 by red 471:3:-1 at gen626 Univ0 prob=0.724
AgeVaxH35.js:2202 598I j:ageGp:fam 698:5:-1 by blue 652:4:-1 at gen626 Univ0 prob=0.917
AgeVaxH35.js:2221 600I i:ageGp:fam 498:3:-1 by red 734:5:-1 at gen627 Univ0 prob=0.462
AgeVaxH35.js:2202 600I j:ageGp:fam 699:5:-1 by red 608:4:-1 at gen627 Univ0 prob=0.012
AgeVaxH35.js:2221 602I i:ageGp:fam 261:2:-1 by blue 822:6:-1 at gen628 Univ0 prob=0.941
AgeVaxH35.js:2221 604I i:ageGp:fam 111:1:-1 by blue 141:2:-1 at gen629 Univ0 prob=0.848
AgeVaxH35.js:2221 604I i:ageGp:fam 214:2:-1 by red 701:5:-1 at gen629 Univ0 prob=0.882
AgeVaxH35.js:2221 604I i:ageGp:fam 362:3:-1 by yellow 567:4:-1 at gen629 Univ0 prob=0.562
AgeVaxH35.js:2202 604I j:ageGp:fam 715:5:-1 by red 608:4:-1 at gen629 Univ0 prob=0.854
AgeVaxH35.js:2221 609I i:ageGp:fam 151:2:-1 by red 902:7:-1 at gen632 Univ0 prob=0.764
AgeVaxH35.js:2221 609I i:ageGp:fam 309:2:-1 by blue 996:9:-1 at gen632 Univ0 prob=0.041
AgeVaxH35.js:2221 609I i:ageGp:fam 375:3:-1 by blue 752:5:-1 at gen632 Univ0 prob=0.845
AgeVaxH35.js:2202 609I j:ageGp:fam 641:4:-1 by blue 482:3:-1 at gen632 Univ0 prob=0.686
AgeVaxH35.js:2221 613I i:ageGp:fam 110:1:-1 by red 471:3:-1 at gen634 Univ0 prob=0.955
AgeVaxH35.js:2221 613I i:ageGp:fam 595:4:-1 by blue 752:5:-1 at gen634 Univ0 prob=0.757
AgeVaxH35.js:2221 613I i:ageGp:fam 262:2:-1 by red 564:4:-1 at gen635 Univ0 prob=0.782
AgeVaxH35.js:2202 613I j:ageGp:fam 986:9:-1 by blue 872:6:-1 at gen635 Univ0 prob=0.905
AgeVaxH35.js:2202 615I j:ageGp:fam 282:2:-1 by blue 176:2:-1 at gen636 Univ0 prob=0.092
AgeVaxH35.js:2202 615I j:ageGp:fam 880:6:-1 by blue 652:4:-1 at gen636 Univ0 prob=0.350
AgeVaxH35.js:2221 615I i:ageGp:fam 814:5:-1 by red 911:7:-1 at gen636 Univ0 prob=0.251
AgeVaxH35.js:2221 617I i:ageGp:fam 10:0:-1 by red 701:5:-1 at gen637 Univ0 prob=0.908
AgeVaxH35.js:2221 617I i:ageGp:fam 560:4:-1 by blue 894:6:-1 at gen637 Univ0 prob=0.980
AgeVaxH35.js:2202 620I j:ageGp:fam 394:3:-1 by red 1:0:-1 at gen638 Univ0 prob=0.058
AgeVaxH35.js:2221 620I i:ageGp:fam 680:4:-1 by blue 872:6:-1 at gen638 Univ0 prob=0.730
AgeVaxH35.js:2202 620I j:ageGp:fam 813:5:-1 by red 754:5:-1 at gen638 Univ0 prob=0.221
AgeVaxH35.js:2202 622I j:ageGp:fam 402:3:-1 by yellow 309:2:-1 at gen639 Univ0 prob=0.560
AgeVaxH35.js:2221 627I i:ageGp:fam 2:0:-1 by red 430:3:-1 at gen642 Univ0 prob=0.228
AgeVaxH35.js:2221 627I i:ageGp:fam 91:1:-1 by blue 142:2:-1 at gen642 Univ0 prob=0.562
AgeVaxH35.js:2221 627I i:ageGp:fam 459:3:-1 by yellow 814:5:-1 at gen642 Univ0 prob=0.649
AgeVaxH35.js:2221 630I i:ageGp:fam 97:1:-1 by blue 455:3:-1 at gen644 Univ0 prob=0.970
AgeVaxH35.js:2221 631I i:ageGp:fam 82:1:-1 by yellow 459:3:-1 at gen647 Univ0 prob=0.354
AgeVaxH35.js:2221 631I i:ageGp:fam 323:2:-1 by red 984:9:-1 at gen647 Univ0 prob=0.853
AgeVaxH35.js:2202 631I j:ageGp:fam 578:4:-1 by red 332:2:-1 at gen647 Univ0 prob=0.799
AgeVaxH35.js:2221 631I i:ageGp:fam 351:2:-1 by blue 359:3:-1 at gen647 Univ0 prob=0.079
AgeVaxH35.js:2202 631I j:ageGp:fam 519:3:-1 by red 422:3:-1 at gen647 Univ0 prob=0.668
AgeVaxH35.js:2202 631I j:ageGp:fam 260:2:-1 by red 40:1:-1 at gen648 Univ0 prob=0.996
AgeVaxH35.js:2202 631I j:ageGp:fam 651:4:-1 by blue 609:4:-1 at gen648 Univ0 prob=0.729
AgeVaxH35.js:2202 636I j:ageGp:fam 997:9:-1 by blue 495:3:-1 at gen649 Univ0 prob=0.629
AgeVaxH35.js:2202 636I j:ageGp:fam 997:9:-1 by blue 741:5:-1 at gen649 Univ0 prob=0.579
AgeVaxH35.js:2221 638I i:ageGp:fam 165:2:-1 by red 557:4:-1 at gen650 Univ0 prob=0.719
AgeVaxH35.js:2202 638I j:ageGp:fam 605:4:-1 by blue 404:3:-1 at gen650 Univ0 prob=0.046
AgeVaxH35.js:2221 639I i:ageGp:fam 529:3:-1 by blue 953:8:-1 at gen651 Univ0 prob=0.132
AgeVaxH35.js:2202 641I j:ageGp:fam 473:3:-1 by blue 25:0:-1 at gen652 Univ0 prob=0.116
AgeVaxH35.js:2221 643I i:ageGp:fam 222:2:-1 by blue 764:5:-1 at gen654 Univ0 prob=0.211
AgeVaxH35.js:2221 643I i:ageGp:fam 5:0:-1 by red 360:3:-1 at gen655 Univ0 prob=0.219
AgeVaxH35.js:2202 643I j:ageGp:fam 451:3:-1 by red 329:2:-1 at gen655 Univ0 prob=0.876
AgeVaxH35.js:2202 643I j:ageGp:fam 829:6:-1 by blue 783:5:-1 at gen655 Univ0 prob=0.828
AgeVaxH35.js:2221 644I i:ageGp:fam 290:2:-1 by red 293:2:-1 at gen656 Univ0 prob=0.777
AgeVaxH35.js:2221 644I i:ageGp:fam 400:3:-1 by blue 789:5:-1 at gen656 Univ0 prob=0.701
AgeVaxH35.js:2221 644I i:ageGp:fam 622:4:-1 by red 911:7:-1 at gen656 Univ0 prob=0.960
AgeVaxH35.js:2221 644I i:ageGp:fam 628:4:-1 by blue 789:5:-1 at gen656 Univ0 prob=0.665
AgeVaxH35.js:2202 644I j:ageGp:fam 934:7:-1 by red 807:5:-1 at gen656 Univ0 prob=0.515
AgeVaxH35.js:2221 647I i:ageGp:fam 448:3:-1 by blue 609:4:-1 at gen657 Univ0 prob=0.751
AgeVaxH35.js:2202 647I j:ageGp:fam 946:7:-1 by blue 490:3:-1 at gen657 Univ0 prob=0.906
AgeVaxH35.js:2202 647I j:ageGp:fam 828:6:-1 by red 524:3:-1 at gen657 Univ0 prob=0.132
AgeVaxH35.js:2202 647I j:ageGp:fam 946:7:-1 by blue 772:5:-1 at gen657 Univ0 prob=0.847
AgeVaxH35.js:2202 652I j:ageGp:fam 642:4:-1 by yellow 290:2:-1 at gen658 Univ0 prob=0.664
AgeVaxH35.js:2221 655I i:ageGp:fam 96:1:-1 by blue 798:5:-1 at gen659 Univ0 prob=0.636
AgeVaxH35.js:2221 656I i:ageGp:fam 50:1:-1 by red 176:2:-1 at gen660 Univ0 prob=0.803
AgeVaxH35.js:2202 656I j:ageGp:fam 948:7:-1 by red 141:2:-1 at gen660 Univ0 prob=0.462
AgeVaxH35.js:2221 656I i:ageGp:fam 174:2:-1 by blue 526:3:-1 at gen660 Univ0 prob=0.423
AgeVaxH35.js:2202 657I j:ageGp:fam 852:6:-1 by red 25:0:-1 at gen661 Univ0 prob=0.245
AgeVaxH35.js:2202 660I j:ageGp:fam 879:6:-1 by blue 193:2:-1 at gen662 Univ0 prob=0.870
AgeVaxH35.js:2202 661I j:ageGp:fam 784:5:-1 by blue 193:2:-1 at gen663 Univ0 prob=0.141
AgeVaxH35.js:2221 661I i:ageGp:fam 302:2:-1 by blue 894:6:-1 at gen663 Univ0 prob=0.286
AgeVaxH35.js:2202 661I j:ageGp:fam 661:4:-1 by red 324:2:-1 at gen663 Univ0 prob=0.327
AgeVaxH35.js:2221 662I i:ageGp:fam 13:0:-1 by blue 871:6:-1 at gen664 Univ0 prob=0.148
AgeVaxH35.js:2221 665I i:ageGp:fam 156:2:-1 by blue 996:9:-1 at gen665 Univ0 prob=0.775
AgeVaxH35.js:2221 665I i:ageGp:fam 538:3:-1 by blue 598:4:-1 at gen665 Univ0 prob=0.857
AgeVaxH35.js:2221 665I i:ageGp:fam 800:5:-1 by blue 996:9:-1 at gen665 Univ0 prob=0.441
AgeVaxH35.js:2221 666I i:ageGp:fam 592:4:-1 by blue 739:5:-1 at gen666 Univ0 prob=0.893
AgeVaxH35.js:2221 666I i:ageGp:fam 922:7:-1 by red 953:8:-1 at gen666 Univ0 prob=0.803
AgeVaxH35.js:2221 669I i:ageGp:fam 46:1:-1 by red 87:1:-1 at gen667 Univ0 prob=0.786
AgeVaxH35.js:2221 669I i:ageGp:fam 743:5:-1 by blue 783:5:-1 at gen667 Univ0 prob=0.911
AgeVaxH35.js:2221 671I i:ageGp:fam 166:2:-1 by blue 821:6:-1 at gen668 Univ0 prob=0.173
AgeVaxH35.js:2221 671I i:ageGp:fam 500:3:-1 by blue 598:4:-1 at gen668 Univ0 prob=0.762
AgeVaxH35.js:2221 673I i:ageGp:fam 19:0:-1 by red 293:2:-1 at gen669 Univ0 prob=0.672
AgeVaxH35.js:2221 673I i:ageGp:fam 122:1:-1 by blue 609:4:-1 at gen669 Univ0 prob=0.031
AgeVaxH35.js:2202 677I j:ageGp:fam 968:8:-1 by red 180:2:-1 at gen671 Univ0 prob=0.783
AgeVaxH35.js:2202 677I j:ageGp:fam 384:3:-1 by blue 193:2:-1 at gen671 Univ0 prob=0.101
AgeVaxH35.js:2202 679I j:ageGp:fam 860:6:-1 by red 453:3:-1 at gen674 Univ0 prob=0.503
AgeVaxH35.js:2221 679I i:ageGp:fam 444:3:-1 by red 490:3:-1 at gen675 Univ0 prob=0.500
AgeVaxH35.js:2221 680I i:ageGp:fam 431:3:-1 by red 964:8:-1 at gen676 Univ0 prob=0.187
AgeVaxH35.js:2221 680I i:ageGp:fam 474:3:-1 by red 911:7:-1 at gen676 Univ0 prob=0.530
AgeVaxH35.js:2221 680I i:ageGp:fam 579:4:-1 by blue 917:7:-1 at gen676 Univ0 prob=0.434
AgeVaxH35.js:2221 680I i:ageGp:fam 696:5:-1 by red 837:6:-1 at gen676 Univ0 prob=0.713
AgeVaxH35.js:2202 681I j:ageGp:fam 90:1:-1 by blue 15:0:-1 at gen677 Univ0 prob=0.997
AgeVaxH35.js:2221 681I i:ageGp:fam 38:0:-1 by blue 609:4:-1 at gen677 Univ0 prob=0.351
AgeVaxH35.js:2221 681I i:ageGp:fam 249:2:-1 by red 453:3:-1 at gen677 Univ0 prob=0.761
AgeVaxH35.js:2202 685I j:ageGp:fam 437:3:-1 by blue 214:2:-1 at gen678 Univ0 prob=0.047
AgeVaxH35.js:2202 685I j:ageGp:fam 245:2:-1 by red 244:2:-1 at gen678 Univ0 prob=0.807
AgeVaxH35.js:2202 688I j:ageGp:fam 768:5:-1 by red 332:2:-1 at gen679 Univ0 prob=0.378
AgeVaxH35.js:2202 688I j:ageGp:fam 647:4:-1 by blue 599:4:-1 at gen679 Univ0 prob=0.031
AgeVaxH35.js:2221 690I i:ageGp:fam 258:2:-1 by blue 598:4:-1 at gen680 Univ0 prob=0.812
AgeVaxH35.js:2221 692I i:ageGp:fam 331:2:-1 by blue 462:3:-1 at gen681 Univ0 prob=0.933
AgeVaxH35.js:2202 692I j:ageGp:fam 561:4:-1 by red 332:2:-1 at gen681 Univ0 prob=0.303
AgeVaxH35.js:2221 693I i:ageGp:fam 281:2:-1 by red 526:3:-1 at gen682 Univ0 prob=0.796
AgeVaxH35.js:2221 695I i:ageGp:fam 589:4:-1 by blue 893:6:-1 at gen683 Univ0 prob=0.852
AgeVaxH35.js:2221 696I i:ageGp:fam 629:4:-1 by blue 733:5:-1 at gen684 Univ0 prob=0.296
AgeVaxH35.js:2202 698I j:ageGp:fam 313:2:-1 by red 158:2:-1 at gen686 Univ0 prob=0.775
AgeVaxH35.js:2221 698I i:ageGp:fam 227:2:-1 by blue 348:2:-1 at gen686 Univ0 prob=0.217
AgeVaxH35.js:2221 698I i:ageGp:fam 308:2:-1 by yellow 696:5:-1 at gen686 Univ0 prob=0.931
AgeVaxH35.js:2202 698I j:ageGp:fam 729:5:-1 by red 495:3:-1 at gen686 Univ0 prob=0.738
AgeVaxH35.js:2221 698I i:ageGp:fam 656:4:-1 by blue 733:5:-1 at gen686 Univ0 prob=0.844
AgeVaxH35.js:2202 698I j:ageGp:fam 960:8:-1 by blue 715:5:-1 at gen686 Univ0 prob=0.860
AgeVaxH35.js:2202 704I j:ageGp:fam 844:6:-1 by yellow 0:-1:-1 at gen688 Univ0 prob=0.405
AgeVaxH35.js:2221 704I i:ageGp:fam 217:2:-1 by red 818:5:-1 at gen688 Univ0 prob=0.794
AgeVaxH35.js:2221 704I i:ageGp:fam 232:2:-1 by blue 919:7:-1 at gen688 Univ0 prob=0.103
AgeVaxH35.js:2221 707I i:ageGp:fam 34:0:-1 by red 818:5:-1 at gen690 Univ0 prob=0.103
AgeVaxH35.js:2221 707I i:ageGp:fam 21:0:-1 by red 415:3:-1 at gen691 Univ0 prob=0.841
AgeVaxH35.js:2202 708I j:ageGp:fam 736:5:-1 by blue 282:2:-1 at gen692 Univ0 prob=0.731
AgeVaxH35.js:2202 708I j:ageGp:fam 746:5:-1 by blue 404:3:-1 at gen692 Univ0 prob=0.692
AgeVaxH35.js:2221 709I i:ageGp:fam 514:3:-1 by blue 739:5:-1 at gen693 Univ0 prob=0.190
AgeVaxH35.js:2202 709I j:ageGp:fam 809:5:-1 by blue 699:5:-1 at gen693 Univ0 prob=0.203
AgeVaxH35.js:2221 709I i:ageGp:fam 795:5:-1 by red 898:6:-1 at gen693 Univ0 prob=0.064
AgeVaxH35.js:2202 711I j:ageGp:fam 420:3:-1 by blue 282:2:-1 at gen694 Univ0 prob=0.338
AgeVaxH35.js:2221 714I i:ageGp:fam 161:2:-1 by blue 772:5:-1 at gen695 Univ0 prob=0.314
AgeVaxH35.js:2202 714I j:ageGp:fam 745:5:-1 by red 200:2:-1 at gen695 Univ0 prob=0.527
AgeVaxH35.js:2221 715I i:ageGp:fam 51:1:-1 by yellow 514:3:-1 at gen696 Univ0 prob=0.608
AgeVaxH35.js:2202 715I j:ageGp:fam 340:2:-1 by blue 292:2:-1 at gen696 Univ0 prob=0.066
AgeVaxH35.js:2221 717I i:ageGp:fam 503:3:-1 by red 950:8:-1 at gen697 Univ0 prob=0.629
AgeVaxH35.js:2221 717I i:ageGp:fam 773:5:-1 by red 911:7:-1 at gen697 Univ0 prob=0.854
AgeVaxH35.js:2202 721I j:ageGp:fam 762:5:-1 by blue 0:-1:-1 at gen699 Univ0 prob=0.750
AgeVaxH35.js:2202 721I j:ageGp:fam 778:5:-1 by blue 764:5:-1 at gen699 Univ0 prob=0.705
AgeVaxH35.js:2202 721I j:ageGp:fam 937:7:-1 by red 911:7:-1 at gen699 Univ0 prob=0.508
AgeVaxH35.js:2221 724I i:ageGp:fam 543:4:-1 by red 837:6:-1 at gen703 Univ0 prob=0.417
AgeVaxH35.js:2221 724I i:ageGp:fam 730:5:-1 by red 733:5:-1 at gen703 Univ0 prob=0.261
AgeVaxH35.js:2221 724I i:ageGp:fam 266:2:-1 by yellow 628:4:-1 at gen704 Univ0 prob=0.180
AgeVaxH35.js:2221 724I i:ageGp:fam 372:3:-1 by blue 739:5:-1 at gen704 Univ0 prob=0.408
AgeVaxH35.js:2221 726I i:ageGp:fam 77:1:-1 by blue 400:3:-1 at gen705 Univ0 prob=0.607
AgeVaxH35.js:2202 726I j:ageGp:fam 494:3:-1 by red 349:2:-1 at gen705 Univ0 prob=0.398
AgeVaxH35.js:2202 728I j:ageGp:fam 342:2:-1 by blue 111:1:-1 at gen706 Univ0 prob=0.467
AgeVaxH35.js:2221 728I i:ageGp:fam 403:3:-1 by blue 473:3:-1 at gen706 Univ0 prob=0.277
AgeVaxH35.js:2221 732I i:ageGp:fam 186:2:-1 by red 739:5:-1 at gen708 Univ0 prob=0.622
AgeVaxH35.js:2221 732I i:ageGp:fam 497:3:-1 by red 807:5:-1 at gen708 Univ0 prob=0.952
AgeVaxH35.js:2202 732I j:ageGp:fam 523:3:-1 by red 458:3:-1 at gen709 Univ0 prob=0.797
AgeVaxH35.js:2202 734I j:ageGp:fam 436:3:-1 by blue 309:2:-1 at gen710 Univ0 prob=0.812
AgeVaxH35.js:2221 734I i:ageGp:fam 627:4:-1 by red 783:5:-1 at gen710 Univ0 prob=0.803
AgeVaxH35.js:2202 734I j:ageGp:fam 851:6:-1 by red 695:5:-1 at gen710 Univ0 prob=0.274
AgeVaxH35.js:2202 738I j:ageGp:fam 209:2:-1 by yellow 34:0:-1 at gen712 Univ0 prob=0.604
AgeVaxH35.js:2221 738I i:ageGp:fam 506:3:-1 by red 929:7:-1 at gen712 Univ0 prob=0.421
AgeVaxH35.js:2202 738I j:ageGp:fam 624:4:-1 by red 176:2:-1 at gen713 Univ0 prob=0.996
AgeVaxH35.js:2202 738I j:ageGp:fam 928:7:-1 by blue 784:5:-1 at gen713 Univ0 prob=0.629
AgeVaxH35.js:2221 740I i:ageGp:fam 586:4:-1 by yellow 696:5:-1 at gen714 Univ0 prob=0.707
AgeVaxH35.js:2202 742I j:ageGp:fam 719:5:-1 by red 652:4:-1 at gen715 Univ0 prob=0.286
AgeVaxH35.js:2221 743I i:ageGp:fam 413:3:-1 by blue 829:6:-1 at gen716 Univ0 prob=0.651
AgeVaxH35.js:2221 744I i:ageGp:fam 49:1:-1 by blue 814:5:-1 at gen717 Univ0 prob=0.068
AgeVaxH35.js:2202 744I j:ageGp:fam 725:5:-1 by yellow 217:2:-1 at gen717 Univ0 prob=0.878
AgeVaxH35.js:2202 745I j:ageGp:fam 563:4:-1 by red 141:2:-1 at gen718 Univ0 prob=0.958
AgeVaxH35.js:2221 747I i:ageGp:fam 846:6:-1 by red 911:7:-1 at gen719 Univ0 prob=0.698
AgeVaxH35.js:2221 749I i:ageGp:fam 253:2:-1 by blue 841:6:-1 at gen721 Univ0 prob=0.369
​ 750I i:ageGp:fam 388:3:-1 by red 964:8:-1 at gen724 Univ0 prob=0.398
​ 750I i:ageGp:fam 533:3:-1 by red 764:5:-1 at gen724 Univ0 prob=0.119
​ 750I i:ageGp:fam 6:0:-1 by red 306:2:-1 at gen725 Univ0 prob=0.357
​ 752I i:ageGp:fam 81:1:-1 by red 200:2:-1 at gen726 Univ0 prob=0.952
​ 753I i:ageGp:fam 201:2:-1 by blue 309:2:-1 at gen727 Univ0 prob=0.088
​ 753I j:ageGp:fam 601:4:-1 by red 453:3:-1 at gen727 Univ0 prob=0.792
​ 754I i:ageGp:fam 9:0:-1 by red 526:3:-1 at gen728 Univ0 prob=0.874
​ 754I i:ageGp:fam 101:1:-1 by red 695:5:-1 at gen728 Univ0 prob=0.482
​ 754I i:ageGp:fam 674:4:-1 by red 929:7:-1 at gen728 Univ0 prob=0.463
​ 756I j:ageGp:fam 839:6:-1 by red 200:2:-1 at gen729 Univ0 prob=0.430
​ 756I j:ageGp:fam 650:4:-1 by yellow 561:4:-1 at gen729 Univ0 prob=0.014
​ 756I i:ageGp:fam 692:5:-1 by blue 946:7:-1 at gen729 Univ0 prob=0.224
​ 759I j:ageGp:fam 545:4:-1 by red 406:3:-1 at gen730 Univ0 prob=0.131
​ 762I i:ageGp:fam 100:1:-1 by red 360:3:-1 at gen731 Univ0 prob=0.076
​ 762I i:ageGp:fam 136:2:-1 by blue 946:7:-1 at gen731 Univ0 prob=0.878
​ 763I j:ageGp:fam 614:4:-1 by blue 579:4:-1 at gen732 Univ0 prob=0.389
​ 765I i:ageGp:fam 425:3:-1 by blue 829:6:-1 at gen733 Univ0 prob=0.896
​ 767I i:ageGp:fam 134:2:-1 by red 911:7:-1 at gen735 Univ0 prob=0.623
​ 767I j:ageGp:fam 667:4:-1 by blue 402:3:-1 at gen736 Univ0 prob=0.668
​ 768I j:ageGp:fam 993:9:-1 by red 453:3:-1 at gen737 Univ0 prob=0.047
​ 768I j:ageGp:fam 684:4:-1 by yellow 656:4:-1 at gen737 Univ0 prob=0.282
​ 768I i:ageGp:fam 663:4:-1 by blue 814:5:-1 at gen737 Univ0 prob=0.112
​ 769I j:ageGp:fam 884:6:-1 by blue 214:2:-1 at gen738 Univ0 prob=0.036
​ 769I j:ageGp:fam 769:5:-1 by blue 444:3:-1 at gen738 Univ0 prob=0.284
​ 772I j:ageGp:fam 995:9:-1 by blue 784:5:-1 at gen739 Univ0 prob=0.960
​ 774I i:ageGp:fam 374:3:-1 by yellow 425:3:-1 at gen740 Univ0 prob=0.479
​ 774I i:ageGp:fam 515:3:-1 by blue 784:5:-1 at gen740 Univ0 prob=0.544
​ 775I j:ageGp:fam 570:4:-1 by blue 0:-1:-1 at gen741 Univ0 prob=0.872
​ 775I j:ageGp:fam 341:2:-1 by blue 214:2:-1 at gen741 Univ0 prob=0.479
​ 775I j:ageGp:fam 940:7:-1 by red 306:2:-1 at gen741 Univ0 prob=0.522
​ 780I j:ageGp:fam 904:7:-1 by red 783:5:-1 at gen743 Univ0 prob=0.831
​ 780I i:ageGp:fam 163:2:-1 by blue 784:5:-1 at gen744 Univ0 prob=0.255
​ 780I j:ageGp:fam 479:3:-1 by red 292:2:-1 at gen744 Univ0 prob=0.160
​ 780I j:ageGp:fam 665:4:-1 by blue 622:4:-1 at gen744 Univ0 prob=0.510
​ 781I i:ageGp:fam 116:1:-1 by blue 222:2:-1 at gen745 Univ0 prob=0.623
​ 784I i:ageGp:fam 464:3:-1 by yellow 846:6:-1 at gen746 Univ0 prob=0.316
​ 784I i:ageGp:fam 596:4:-1 by red 917:7:-1 at gen746 Univ0 prob=0.705
​ 785I j:ageGp:fam 117:1:-1 by blue 82:1:-1 at gen747 Univ0 prob=0.720
​ 785I i:ageGp:fam 94:1:-1 by blue 622:4:-1 at gen747 Univ0 prob=0.229
​ 787I i:ageGp:fam 95:1:-1 by yellow 601:4:-1 at gen748 Univ0 prob=0.739
​ 787I i:ageGp:fam 216:2:-1 by blue 448:3:-1 at gen748 Univ0 prob=1.000
​ 787I i:ageGp:fam 216:2:-1 by red 971:8:-1 at gen748 Univ0 prob=0.240
​ 787I j:ageGp:fam 892:6:-1 by red 735:5:-1 at gen748 Univ0 prob=0.671
​ 792I j:ageGp:fam 549:4:-1 by blue 50:1:-1 at gen750 Univ0 prob=0.537
​ 792I j:ageGp:fam 643:4:-1 by red 471:3:-1 at gen750 Univ0 prob=0.811
​ 792I j:ageGp:fam 378:3:-1 by blue 51:1:-1 at gen751 Univ0 prob=0.665
​ 792I i:ageGp:fam 169:2:-1 by red 695:5:-1 at gen751 Univ0 prob=0.654
​ 792I j:ageGp:fam 977:8:-1 by red 279:2:-1 at gen751 Univ0 prob=0.266
​ 792I j:ageGp:fam 977:8:-1 by red 585:4:-1 at gen751 Univ0 prob=0.341
​ 792I i:ageGp:fam 776:5:-1 by blue 784:5:-1 at gen751 Univ0 prob=0.866
​ 794I j:ageGp:fam 935:7:-1 by blue 5:0:-1 at gen752 Univ0 prob=0.981
​ 794I j:ageGp:fam 76:1:-1 by blue 50:1:-1 at gen752 Univ0 prob=0.122
​ 794I j:ageGp:fam 688:4:-1 by red 180:2:-1 at gen752 Univ0 prob=0.909
​ 794I i:ageGp:fam 606:4:-1 by red 883:6:-1 at gen752 Univ0 prob=0.288
​ 802I i:ageGp:fam 257:2:-1 by red 591:4:-1 at gen754 Univ0 prob=0.958
​ 803I j:ageGp:fam 753:5:-1 by red 10:0:-1 at gen756 Univ0 prob=0.359
​ 804I i:ageGp:fam 78:1:-1 by blue 628:4:-1 at gen758 Univ0 prob=0.834
​ 805I j:ageGp:fam 544:4:-1 by red 214:2:-1 at gen760 Univ0 prob=0.904
​ 805I i:ageGp:fam 405:3:-1 by blue 622:4:-1 at gen760 Univ0 prob=0.763
​ 807I j:ageGp:fam 648:4:-1 by red 453:3:-1 at gen763 Univ0 prob=0.435
​ 807I i:ageGp:fam 466:3:-1 by blue 579:4:-1 at gen763 Univ0 prob=0.564
​ 807I i:ageGp:fam 333:2:-1 by blue 592:4:-1 at gen764 Univ0 prob=0.571
​ 807I i:ageGp:fam 377:3:-1 by red 739:5:-1 at gen764 Univ0 prob=0.211
​ 809I j:ageGp:fam 974:8:-1 by red 1:0:-1 at gen765 Univ0 prob=0.704
​ 809I i:ageGp:fam 248:2:-1 by blue 384:3:-1 at gen765 Univ0 prob=0.282
​ 809I j:ageGp:fam 744:5:-1 by blue 249:2:-1 at gen765 Univ0 prob=0.884
​ 811I i:ageGp:fam 33:0:-1 by blue 561:4:-1 at gen766 Univ0 prob=0.040
​ 811I i:ageGp:fam 607:4:-1 by red 695:5:-1 at gen766 Univ0 prob=0.301
​ 811I j:ageGp:fam 947:7:-1 by blue 624:4:-1 at gen766 Univ0 prob=0.230
​ 817I j:ageGp:fam 812:5:-1 by red 599:4:-1 at gen768 Univ0 prob=0.338
​ 817I j:ageGp:fam 903:7:-1 by red 10:0:-1 at gen769 Univ0 prob=0.394
​ 817I j:ageGp:fam 662:4:-1 by blue 340:2:-1 at gen769 Univ0 prob=0.881
​ 818I j:ageGp:fam 129:1:-1 by blue 50:1:-1 at gen770 Univ0 prob=0.804
​ 821I j:ageGp:fam 657:4:-1 by blue 51:1:-1 at gen772 Univ0 prob=0.227
​ 821I i:ageGp:fam 223:2:-1 by blue 474:3:-1 at gen772 Univ0 prob=0.974
​ 823I i:ageGp:fam 133:2:-1 by red 282:2:-1 at gen774 Univ0 prob=0.580
​ 823I i:ageGp:fam 390:3:-1 by red 397:3:-1 at gen774 Univ0 prob=0.796
​ 823I i:ageGp:fam 41:1:-1 by blue 579:4:-1 at gen775 Univ0 prob=0.346
​ 825I i:ageGp:fam 123:1:-1 by red 911:7:-1 at gen776 Univ0 prob=0.402
​ 826I i:ageGp:fam 432:3:-1 by yellow 570:4:-1 at gen777 Univ0 prob=0.871
​ 827I i:ageGp:fam 48:1:-1 by blue 601:4:-1 at gen778 Univ0 prob=0.961
​ 827I j:ageGp:fam 954:8:-1 by blue 51:1:-1 at gen778 Univ0 prob=0.889
​ 827I i:ageGp:fam 114:1:-1 by blue 266:2:-1 at gen778 Univ0 prob=0.459
​ 827I j:ageGp:fam 303:2:-1 by red 176:2:-1 at gen778 Univ0 prob=0.946
​ 827I j:ageGp:fam 597:4:-1 by blue 232:2:-1 at gen778 Univ0 prob=0.817
​ 828I i:ageGp:fam 198:2:-1 by blue 436:3:-1 at gen779 Univ0 prob=0.079
​ 834I i:ageGp:fam 722:5:-1 by blue 773:5:-1 at gen781 Univ0 prob=0.002
​ 834I i:ageGp:fam 317:2:-1 by blue 844:6:-1 at gen782 Univ0 prob=0.872
​ 835I j:ageGp:fam 407:3:-1 by blue 19:0:-1 at gen783 Univ0 prob=0.862
​ 837I j:ageGp:fam 815:5:-1 by blue 624:4:-1 at gen786 Univ0 prob=0.068
​ 837I j:ageGp:fam 887:6:-1 by red 306:2:-1 at gen787 Univ0 prob=0.489
​ 838I j:ageGp:fam 713:5:-1 by blue 656:4:-1 at gen788 Univ0 prob=0.650
​ 838I i:ageGp:fam 686:4:-1 by blue 928:7:-1 at gen788 Univ0 prob=0.621
​ 838I i:ageGp:fam 713:5:-1 by red 733:5:-1 at gen788 Univ0 prob=0.737
​ 839I j:ageGp:fam 956:8:-1 by blue 674:4:-1 at gen789 Univ0 prob=0.282
​ 841I i:ageGp:fam 73:1:-1 by red 731:5:-1 at gen790 Univ0 prob=0.413
​ 841I j:ageGp:fam 927:7:-1 by red 222:2:-1 at gen790 Univ0 prob=0.221
​ 841I j:ageGp:fam 504:3:-1 by blue 388:3:-1 at gen790 Univ0 prob=0.538
​ 842I i:ageGp:fam 602:4:-1 by blue 624:4:-1 at gen791 Univ0 prob=0.713
​ 845I j:ageGp:fam 572:4:-1 by red 306:2:-1 at gen792 Univ0 prob=0.534
​ 845I i:ageGp:fam 438:3:-1 by blue 937:7:-1 at gen792 Univ0 prob=0.109
​ 846I i:ageGp:fam 124:1:-1 by red 170:2:-1 at gen793 Univ0 prob=0.573
​ 848I j:ageGp:fam 670:4:-1 by blue 656:4:-1 at gen794 Univ0 prob=0.993
​ 849I i:ageGp:fam 58:1:-1 by blue 464:3:-1 at gen795 Univ0 prob=0.423
​ 849I j:ageGp:fam 370:3:-1 by blue 249:2:-1 at gen795 Univ0 prob=0.580
​ 849I i:ageGp:fam 460:3:-1 by blue 624:4:-1 at gen795 Univ0 prob=0.513
​ 853I j:ageGp:fam 704:5:-1 by blue 51:1:-1 at gen798 Univ0 prob=0.940
​ 853I j:ageGp:fam 758:5:-1 by red 306:2:-1 at gen798 Univ0 prob=0.460
AgeVaxH35.js:2202 855I j:ageGp:fam 336:2:-1 by red 309:2:-1 at gen803 Univ0 prob=0.988
AgeVaxH35.js:2202 855I j:ageGp:fam 569:4:-1 by blue 101:1:-1 at gen804 Univ0 prob=0.383
AgeVaxH35.js:2202 855I j:ageGp:fam 933:7:-1 by blue 643:4:-1 at gen804 Univ0 prob=0.877
AgeVaxH35.js:2202 858I j:ageGp:fam 875:6:-1 by red 143:2:-1 at gen807 Univ0 prob=0.786
AgeVaxH35.js:2202 858I j:ageGp:fam 565:4:-1 by red 170:2:-1 at gen807 Univ0 prob=0.177
AgeVaxH35.js:2221 858I i:ageGp:fam 194:2:-1 by blue 624:4:-1 at gen807 Univ0 prob=0.118
AgeVaxH35.js:2202 858I j:ageGp:fam 896:6:-1 by blue 201:2:-1 at gen807 Univ0 prob=0.366
AgeVaxH35.js:2221 858I i:ageGp:fam 8:0:-1 by blue 523:3:-1 at gen808 Univ0 prob=0.328
AgeVaxH35.js:2221 862I i:ageGp:fam 11:0:-1 by red 214:2:-1 at gen809 Univ0 prob=0.316
AgeVaxH35.js:2202 862I j:ageGp:fam 820:5:-1 by yellow 317:2:-1 at gen809 Univ0 prob=0.960
AgeVaxH35.js:2221 863I i:ageGp:fam 118:1:-1 by blue 665:4:-1 at gen810 Univ0 prob=0.508
AgeVaxH35.js:2221 865I i:ageGp:fam 487:3:-1 by blue 884:6:-1 at gen811 Univ0 prob=0.049
AgeVaxH35.js:2202 866I j:ageGp:fam 75:1:-1 by red 19:0:-1 at gen812 Univ0 prob=0.578
AgeVaxH35.js:2221 868I i:ageGp:fam 196:2:-1 by blue 341:2:-1 at gen815 Univ0 prob=0.333
AgeVaxH35.js:2202 868I j:ageGp:fam 380:3:-1 by blue 341:2:-1 at gen815 Univ0 prob=0.377
AgeVaxH35.js:2221 868I i:ageGp:fam 126:1:-1 by blue 342:2:-1 at gen816 Univ0 prob=0.292
AgeVaxH35.js:2202 868I j:ageGp:fam 885:6:-1 by blue 884:6:-1 at gen816 Univ0 prob=0.367
AgeVaxH35.js:2202 870I j:ageGp:fam 492:3:-1 by yellow 33:0:-1 at gen817 Univ0 prob=0.758
AgeVaxH35.js:2221 870I i:ageGp:fam 37:0:-1 by red 170:2:-1 at gen817 Univ0 prob=0.754
AgeVaxH35.js:2221 874I i:ageGp:fam 721:5:-1 by blue 846:6:-1 at gen819 Univ0 prob=0.961
AgeVaxH35.js:2221 875I i:ageGp:fam 42:1:-1 by blue 117:1:-1 at gen821 Univ0 prob=0.374
AgeVaxH35.js:2202 875I j:ageGp:fam 897:6:-1 by red 306:2:-1 at gen821 Univ0 prob=0.189
AgeVaxH35.js:2221 877I i:ageGp:fam 24:0:-1 by blue 341:2:-1 at gen823 Univ0 prob=0.345
AgeVaxH35.js:2202 877I j:ageGp:fam 865:6:-1 by red 122:1:-1 at gen823 Univ0 prob=0.714
AgeVaxH35.js:2202 879I j:ageGp:fam 411:3:-1 by yellow 194:2:-1 at gen825 Univ0 prob=0.278
AgeVaxH35.js:2221 879I i:ageGp:fam 43:1:-1 by red 51:1:-1 at gen826 Univ0 prob=0.343
AgeVaxH35.js:2221 880I i:ageGp:fam 827:6:-1 by red 879:6:-1 at gen827 Univ0 prob=0.828
AgeVaxH35.js:2221 882I i:ageGp:fam 120:1:-1 by blue 846:6:-1 at gen832 Univ0 prob=0.978
AgeVaxH35.js:2221 883I i:ageGp:fam 283:2:-1 by red 363:3:-1 at gen834 Univ0 prob=0.076
AgeVaxH35.js:2221 883I i:ageGp:fam 285:2:-1 by red 372:3:-1 at gen834 Univ0 prob=0.733
AgeVaxH35.js:2202 883I j:ageGp:fam 702:5:-1 by blue 201:2:-1 at gen835 Univ0 prob=0.659
AgeVaxH35.js:2202 883I j:ageGp:fam 926:7:-1 by red 372:3:-1 at gen835 Univ0 prob=0.662
AgeVaxH35.js:2202 885I j:ageGp:fam 863:6:-1 by blue 6:0:-1 at gen836 Univ0 prob=0.961
AgeVaxH35.js:2221 887I i:ageGp:fam 52:1:-1 by red 996:9:-1 at gen837 Univ0 prob=0.787
AgeVaxH35.js:2221 888I i:ageGp:fam 541:4:-1 by red 591:4:-1 at gen838 Univ0 prob=0.253
AgeVaxH35.js:2202 889I j:ageGp:fam 832:6:-1 by red 19:0:-1 at gen839 Univ0 prob=0.733
AgeVaxH35.js:2202 891I j:ageGp:fam 786:5:-1 by red 768:5:-1 at gen841 Univ0 prob=0.925
AgeVaxH35.js:2202 892I j:ageGp:fam 584:4:-1 by blue 163:2:-1 at gen845 Univ0 prob=0.288
AgeVaxH35.js:2202 892I j:ageGp:fam 311:2:-1 by red 306:2:-1 at gen845 Univ0 prob=0.863
AgeVaxH35.js:2202 894I j:ageGp:fam 876:6:-1 by red 19:0:-1 at gen849 Univ0 prob=0.421
AgeVaxH35.js:2202 894I j:ageGp:fam 660:4:-1 by blue 303:2:-1 at gen850 Univ0 prob=0.823
AgeVaxH35.js:2202 895I j:ageGp:fam 149:2:-1 by red 9:0:-1 at gen851 Univ0 prob=0.543
AgeVaxH35.js:2221 895I i:ageGp:fam 389:3:-1 by red 650:4:-1 at gen851 Univ0 prob=0.997
AgeVaxH35.js:2202 896I j:ageGp:fam 969:8:-1 by red 444:3:-1 at gen852 Univ0 prob=0.530
AgeVaxH35.js:2221 898I i:ageGp:fam 45:1:-1 by blue 684:4:-1 at gen853 Univ0 prob=0.997
AgeVaxH35.js:2202 899I j:ageGp:fam 229:2:-1 by red 101:1:-1 at gen854 Univ0 prob=0.392
AgeVaxH35.js:2221 899I i:ageGp:fam 371:3:-1 by yellow 389:3:-1 at gen854 Univ0 prob=0.495
AgeVaxH35.js:2221 900I i:ageGp:fam 168:2:-1 by blue 995:9:-1 at gen855 Univ0 prob=0.547
AgeVaxH35.js:2221 903I i:ageGp:fam 866:6:-1 by red 937:7:-1 at gen857 Univ0 prob=0.527
AgeVaxH35.js:2202 903I j:ageGp:fam 987:9:-1 by red 523:3:-1 at gen858 Univ0 prob=0.538
AgeVaxH35.js:2202 904I j:ageGp:fam 546:4:-1 by blue 198:2:-1 at gen859 Univ0 prob=0.315
AgeVaxH35.js:2202 904I j:ageGp:fam 803:5:-1 by blue 597:4:-1 at gen859 Univ0 prob=0.222
AgeVaxH35.js:2202 907I j:ageGp:fam 576:4:-1 by red 201:2:-1 at gen861 Univ0 prob=0.498
AgeVaxH35.js:2202 907I j:ageGp:fam 547:4:-1 by blue 58:1:-1 at gen862 Univ0 prob=0.024
AgeVaxH35.js:2221 908I i:ageGp:fam 774:5:-1 by red 789:5:-1 at gen863 Univ0 prob=0.486
AgeVaxH35.js:2202 909I j:ageGp:fam 797:5:-1 by red 650:4:-1 at gen864 Univ0 prob=0.448
AgeVaxH35.js:2221 911I i:ageGp:fam 452:3:-1 by red 884:6:-1 at gen866 Univ0 prob=0.875
AgeVaxH35.js:2221 912I i:ageGp:fam 207:2:-1 by red 232:2:-1 at gen869 Univ0 prob=0.351
AgeVaxH35.js:2221 912I i:ageGp:fam 102:1:-1 by red 813:5:-1 at gen870 Univ0 prob=0.294
AgeVaxH35.js:2221 912I i:ageGp:fam 439:3:-1 by blue 758:5:-1 at gen870 Univ0 prob=0.695
AgeVaxH35.js:2202 913I j:ageGp:fam 763:5:-1 by blue 597:4:-1 at gen871 Univ0 prob=0.084
AgeVaxH35.js:2221 915I i:ageGp:fam 106:1:-1 by red 431:3:-1 at gen872 Univ0 prob=0.884
AgeVaxH35.js:2221 916I i:ageGp:fam 286:2:-1 by blue 820:5:-1 at gen873 Univ0 prob=0.971
AgeVaxH35.js:2221 918I i:ageGp:fam 338:2:-1 by blue 758:5:-1 at gen876 Univ0 prob=0.300
AgeVaxH35.js:2202 918I j:ageGp:fam 918:7:-1 by blue 11:0:-1 at gen877 Univ0 prob=0.253
AgeVaxH35.js:2221 918I i:ageGp:fam 212:2:-1 by blue 887:6:-1 at gen877 Univ0 prob=0.974
AgeVaxH35.js:2202 918I j:ageGp:fam 988:9:-1 by blue 303:2:-1 at gen877 Univ0 prob=0.411
AgeVaxH35.js:2221 919I i:ageGp:fam 27:0:-1 by red 846:6:-1 at gen878 Univ0 prob=0.668
AgeVaxH35.js:2221 922I i:ageGp:fam 427:3:-1 by blue 721:5:-1 at gen879 Univ0 prob=0.597
AgeVaxH35.js:2221 923I i:ageGp:fam 269:2:-1 by red 729:5:-1 at gen880 Univ0 prob=0.995
AgeVaxH35.js:2221 923I i:ageGp:fam 554:4:-1 by blue 758:5:-1 at gen880 Univ0 prob=0.587
AgeVaxH35.js:2221 926I i:ageGp:fam 162:2:-1 by blue 569:4:-1 at gen883 Univ0 prob=0.306
AgeVaxH35.js:2202 926I j:ageGp:fam 263:2:-1 by blue 194:2:-1 at gen883 Univ0 prob=0.490
AgeVaxH35.js:2202 926I j:ageGp:fam 242:2:-1 by blue 223:2:-1 at gen884 Univ0 prob=0.985
AgeVaxH35.js:2221 926I i:ageGp:fam 483:3:-1 by red 846:6:-1 at gen884 Univ0 prob=0.098
AgeVaxH35.js:2221 928I i:ageGp:fam 573:4:-1 by red 813:5:-1 at gen885 Univ0 prob=0.618
AgeVaxH35.js:2202 928I j:ageGp:fam 668:4:-1 by red 592:4:-1 at gen885 Univ0 prob=0.093
AgeVaxH35.js:2202 930I j:ageGp:fam 808:5:-1 by red 33:0:-1 at gen886 Univ0 prob=0.744
AgeVaxH35.js:2202 930I j:ageGp:fam 819:5:-1 by blue 758:5:-1 at gen886 Univ0 prob=0.234
AgeVaxH35.js:2221 932I i:ageGp:fam 173:2:-1 by blue 721:5:-1 at gen887 Univ0 prob=0.149
AgeVaxH35.js:2202 932I j:ageGp:fam 716:5:-1 by red 622:4:-1 at gen887 Univ0 prob=0.973
AgeVaxH35.js:2202 936I j:ageGp:fam 344:2:-1 by blue 114:1:-1 at gen890 Univ0 prob=0.370
AgeVaxH35.js:2202 937I j:ageGp:fam 889:6:-1 by blue 758:5:-1 at gen893 Univ0 prob=0.024
AgeVaxH35.js:2202 938I j:ageGp:fam 583:4:-1 by red 533:3:-1 at gen896 Univ0 prob=0.904
AgeVaxH35.js:2221 938I i:ageGp:fam 631:4:-1 by red 947:7:-1 at gen896 Univ0 prob=0.387
AgeVaxH35.js:2221 940I i:ageGp:fam 811:5:-1 by red 940:7:-1 at gen908 Univ0 prob=0.561
AgeVaxH35.js:2221 940I i:ageGp:fam 240:2:-1 by blue 863:6:-1 at gen909 Univ0 prob=0.075
AgeVaxH35.js:2202 941I j:ageGp:fam 305:2:-1 by blue 43:1:-1 at gen910 Univ0 prob=0.471
AgeVaxH35.js:2221 942I i:ageGp:fam 109:1:-1 by red 954:8:-1 at gen911 Univ0 prob=0.030
AgeVaxH35.js:2202 943I j:ageGp:fam 941:7:-1 by red 622:4:-1 at gen912 Univ0 prob=0.098
AgeVaxH35.js:2202 945I j:ageGp:fam 982:9:-1 by yellow 811:5:-1 at gen916 Univ0 prob=0.499
AgeVaxH35.js:2221 945I i:ageGp:fam 381:3:-1 by red 940:7:-1 at gen917 Univ0 prob=0.995
AgeVaxH35.js:2221 947I i:ageGp:fam 723:5:-1 by blue 763:5:-1 at gen921 Univ0 prob=0.517
AgeVaxH35.js:2202 947I j:ageGp:fam 939:7:-1 by red 758:5:-1 at gen921 Univ0 prob=0.414
AgeVaxH35.js:2221 949I i:ageGp:fam 757:5:-1 by red 884:6:-1 at gen924 Univ0 prob=0.712
AgeVaxH35.js:2202 950I j:ageGp:fam 54:1:-1 by blue 45:1:-1 at gen926 Univ0 prob=0.369
AgeVaxH35.js:2221 950I i:ageGp:fam 299:2:-1 by red 684:4:-1 at gen926 Univ0 prob=0.967
AgeVaxH35.js:2202 952I j:ageGp:fam 998:9:-1 by red 597:4:-1 at gen929 Univ0 prob=0.249
AgeVaxH35.js:2221 953I i:ageGp:fam 488:3:-1 by red 884:6:-1 at gen931 Univ0 prob=0.471
AgeVaxH35.js:2221 953I i:ageGp:fam 395:3:-1 by red 758:5:-1 at gen932 Univ0 prob=0.785
AgeVaxH35.js:2202 955I j:ageGp:fam 780:5:-1 by red 19:0:-1 at gen934 Univ0 prob=0.024
AgeVaxH35.js:2221 955I i:ageGp:fam 454:3:-1 by yellow 819:5:-1 at gen934 Univ0 prob=0.228
AgeVaxH35.js:2202 955I j:ageGp:fam 970:8:-1 by red 194:2:-1 at gen935 Univ0 prob=0.518
AgeVaxH35.js:2221 955I i:ageGp:fam 239:2:-1 by red 815:5:-1 at gen935 Univ0 prob=0.631
AgeVaxH35.js:2202 957I j:ageGp:fam 522:3:-1 by red 194:2:-1 at gen936 Univ0 prob=0.019
AgeVaxH35.js:2221 959I i:ageGp:fam 528:3:-1 by red 758:5:-1 at gen937 Univ0 prob=0.036
AgeVaxH35.js:2202 961I j:ageGp:fam 276:2:-1 by red 19:0:-1 at gen939 Univ0 prob=0.988
AgeVaxH35.js:2221 962I i:ageGp:fam 382:3:-1 by red 974:8:-1 at gen946 Univ0 prob=0.255
AgeVaxH35.js:2221 963I i:ageGp:fam 225:2:-1 by red 884:6:-1 at gen953 Univ0 prob=0.874
AgeVaxH35.js:2221 964I i:ageGp:fam 86:1:-1 by blue 803:5:-1 at gen955 Univ0 prob=0.219
AgeVaxH35.js:2221 965I i:ageGp:fam 327:2:-1 by red 719:5:-1 at gen962 Univ0 prob=0.952
AgeVaxH35.js:2221 966I i:ageGp:fam 195:2:-1 by blue 982:9:-1 at gen969 Univ0 prob=0.845
AgeVaxH35.js:2221 966I i:ageGp:fam 243:2:-1 by red 947:7:-1 at gen970 Univ0 prob=0.985
AgeVaxH35.js:2202 968I j:ageGp:fam 310:2:-1 by blue 240:2:-1 at gen993 Univ0 prob=0.995
AgeVaxH35.js:2221 968I i:ageGp:fam 310:2:-1 by blue 988:9:-1 at gen993 Univ0 prob=0.192
AgeVaxH35.js:2221 969I i:ageGp:fam 183:2:-1 by red 573:4:-1 at gen1007 Univ0 prob=0.289
AgeVaxH35.js:2221 970I i:ageGp:fam 148:2:-1 by red 583:4:-1 at gen1029 Univ0 prob=0.964
AgeVaxH35.js:2221 971I i:ageGp:fam 187:2:-1 by red 887:6:-1 at gen1046 Univ0 prob=0.963
AgeVaxH35.js:2221 972I i:ageGp:fam 246:2:-1 by red 722:5:-1 at gen1057 Univ0 prob=0.962
