Some messages have been moved to the Issues panel.
AgeVaxH35.js:871 Fri Jan 22 2021 13:58:21 GMT-0800 (Pacific Standard Time)
AgeVaxH35.js:872 CovidSIMVL Mode1 and Mod2 Hybrid 35d
AgeVaxH35.js:873 Mode 1 >13 and <36 is 75%
AgeVaxH35.js:874 Mode 2 >28 is 95%; >13 and <29 is 75%
AgeVaxH35.js:4444 exit covidSim
AgeVaxH35.js:23 getAsText File {name: "Popn1000.csv", lastModified: 1611021598000, lastModifiedDate: Mon Jan 18 2021 17:59:58 GMT-0800 (Pacific Standard Time), webkitRelativePath: "", size: 23944, …}
AgeVaxH35.js:32 File {name: "Popn1000.csv", lastModified: 1611021598000, lastModifiedDate: Mon Jan 18 2021 17:59:58 GMT-0800 (Pacific Standard Time), webkitRelativePath: "", size: 23944, …}
AgeVaxH35.js:23 getAsText File {name: "VL1ageGp2.csv", lastModified: 1611004274000, lastModifiedDate: Mon Jan 18 2021 13:11:14 GMT-0800 (Pacific Standard Time), webkitRelativePath: "", size: 65, …}
AgeVaxH35.js:32 File {name: "VL1ageGp2.csv", lastModified: 1611004274000, lastModifiedDate: Mon Jan 18 2021 13:11:14 GMT-0800 (Pacific Standard Time), webkitRelativePath: "", size: 65, …}
AgeVaxH35.js:2293 0I x:ageGp:fam 486:3:-1 by green 150:2:-1 at gen0 Univ0 prob=0.411
AgeVaxH35.js:1718 Age Group 9,100 1st shot; 2nd auto in 35days
AgeVaxH35.js:1724 AgeGp =9 To be vaccinated=100%
AgeVaxH35.js:1736 (1000) [0, 1, 2, 3, 4, 5, 6, 7, 8, 9, 10, 11, 12, 13, 14, 15, 16, 17, 18, 19, 20, 21, 22, 23, 24, 25, 26, 27, 28, 29, 30, 31, 32, 33, 34, 35, 36, 37, 38, 39, 40, 41, 42, 43, 44, 45, 46, 47, 48, 49, 50, 51, 52, 53, 54, 55, 56, 57, 58, 59, 60, 61, 62, 63, 64, 65, 66, 67, 68, 69, 70, 71, 72, 73, 74, 75, 76, 77, 78, 79, 80, 81, 82, 83, 84, 85, 86, 87, 88, 89, 90, 91, 92, 93, 94, 95, 96, 97, 98, 99, …]
AgeVaxH35.js:1752 ageGp9 count: 18 List: 982,983,984,985,986,987,988,989,990,991,992,993,994,995,996,997,998,999
AgeVaxH35.js:1780 Vaccination list = 18
AgeVaxH35.js:1794 AgeGp9 vaccinated 18 List: 996,995,998,988,991,985,986,987,992,990,993,983,982,994,999,989,984,997
AgeVaxH35.js:1718 Age Group 8,100 1st shot; 2nd auto in 35days
AgeVaxH35.js:1724 AgeGp =8 To be vaccinated=100%
AgeVaxH35.js:1736 (1000) [0, 1, 2, 3, 4, 5, 6, 7, 8, 9, 10, 11, 12, 13, 14, 15, 16, 17, 18, 19, 20, 21, 22, 23, 24, 25, 26, 27, 28, 29, 30, 31, 32, 33, 34, 35, 36, 37, 38, 39, 40, 41, 42, 43, 44, 45, 46, 47, 48, 49, 50, 51, 52, 53, 54, 55, 56, 57, 58, 59, 60, 61, 62, 63, 64, 65, 66, 67, 68, 69, 70, 71, 72, 73, 74, 75, 76, 77, 78, 79, 80, 81, 82, 83, 84, 85, 86, 87, 88, 89, 90, 91, 92, 93, 94, 95, 96, 97, 98, 99, …]
AgeVaxH35.js:1752 ageGp8 count: 33 List: 949,950,951,952,953,954,955,956,957,958,959,960,961,962,963,964,965,966,967,968,969,970,971,972,973,974,975,976,977,978,979,980,981
AgeVaxH35.js:1780 Vaccination list = 33
AgeVaxH35.js:1794 AgeGp8 vaccinated 33 List: 966,972,967,977,952,949,981,978,955,963,951,960,974,971,950,957,964,979,962,953,969,976,965,959,975,973,968,980,954,956,970,958,961
AgeVaxH35.js:1718 Age Group 7,100 1st shot; 2nd auto in 35days
AgeVaxH35.js:1724 AgeGp =7 To be vaccinated=100%
AgeVaxH35.js:1736 (1000) [0, 1, 2, 3, 4, 5, 6, 7, 8, 9, 10, 11, 12, 13, 14, 15, 16, 17, 18, 19, 20, 21, 22, 23, 24, 25, 26, 27, 28, 29, 30, 31, 32, 33, 34, 35, 36, 37, 38, 39, 40, 41, 42, 43, 44, 45, 46, 47, 48, 49, 50, 51, 52, 53, 54, 55, 56, 57, 58, 59, 60, 61, 62, 63, 64, 65, 66, 67, 68, 69, 70, 71, 72, 73, 74, 75, 76, 77, 78, 79, 80, 81, 82, 83, 84, 85, 86, 87, 88, 89, 90, 91, 92, 93, 94, 95, 96, 97, 98, 99, …]
AgeVaxH35.js:1752 ageGp7 count: 47 List: 902,903,904,905,906,907,908,909,910,911,912,913,914,915,916,917,918,919,920,921,922,923,924,925,926,927,928,929,930,931,932,933,934,935,936,937,938,939,940,941,942,943,944,945,946,947,948
AgeVaxH35.js:1780 Vaccination list = 47
AgeVaxH35.js:1794 AgeGp7 vaccinated 47 List: 937,930,912,918,908,948,913,936,932,945,916,942,940,921,914,919,946,935,925,903,905,920,926,906,924,928,923,907,933,934,939,938,927,943,904,902,915,910,947,931,922,917,944,909,911,929,941
AgeVaxH35.js:1696 New Hazard Radius = 1.3
AgeVaxH35.js:1710 new Mingle Factor = 7
AgeVaxH35.js:1674 Red Days changed to 8.7
AgeVaxH35.js:2293 2I x:ageGp:fam 488:3:-1 by blue 150:2:-1 at gen9 Univ0 prob=0.206
AgeVaxH35.js:2293 3I x:ageGp:fam 470:3:-1 by blue 150:2:-1 at gen25 Univ0 prob=0.544
AgeVaxH35.js:2293 4I x:ageGp:fam 208:2:-1 by blue 488:3:-1 at gen62 Univ0 prob=0.148
AgeVaxH35.js:2293 5I x:ageGp:fam 296:2:-1 by red 150:2:-1 at gen66 Univ0 prob=0.676
AgeVaxH35.js:2293 6I x:ageGp:fam 284:2:-1 by red 150:2:-1 at gen76 Univ0 prob=0.165
AgeVaxH35.js:2293 6I x:ageGp:fam 755:5:-1 by blue 486:3:-1 at gen77 Univ0 prob=0.056
AgeVaxH35.js:2293 8I x:ageGp:fam 993:9:-1 by blue 488:3:-1 at gen80 Univ0 prob=0.865
AgeVaxH35.js:2293 9I x:ageGp:fam 342:2:-1 by red 150:2:-1 at gen83 Univ0 prob=0.170
AgeVaxH35.js:2293 10I x:ageGp:fam 206:2:-1 by blue 486:3:-1 at gen89 Univ0 prob=0.134
AgeVaxH35.js:2293 11I x:ageGp:fam 793:5:-1 by blue 470:3:-1 at gen98 Univ0 prob=0.122
AgeVaxH35.js:2293 12I x:ageGp:fam 605:4:-1 by blue 488:3:-1 at gen106 Univ0 prob=0.141
AgeVaxH35.js:2293 13I x:ageGp:fam 386:3:-1 by red 486:3:-1 at gen115 Univ0 prob=0.168
AgeVaxH35.js:2293 14I x:ageGp:fam 783:5:-1 by blue 488:3:-1 at gen118 Univ0 prob=0.267
AgeVaxH35.js:2293 15I x:ageGp:fam 885:6:-1 by red 486:3:-1 at gen120 Univ0 prob=0.173
AgeVaxH35.js:2293 16I x:ageGp:fam 37:0:-1 by red 486:3:-1 at gen130 Univ0 prob=0.378
AgeVaxH35.js:2293 17I x:ageGp:fam 347:2:-1 by blue 470:3:-1 at gen134 Univ0 prob=0.818
AgeVaxH35.js:2293 17I x:ageGp:fam 626:4:-1 by blue 993:9:-1 at gen134 Univ0 prob=0.584
AgeVaxH35.js:2293 19I x:ageGp:fam 149:2:-1 by red 488:3:-1 at gen144 Univ0 prob=0.036
AgeVaxH35.js:2293 19I x:ageGp:fam 409:3:-1 by red 486:3:-1 at gen144 Univ0 prob=0.644
AgeVaxH35.js:2293 19I x:ageGp:fam 305:2:-1 by red 486:3:-1 at gen145 Univ0 prob=0.463
AgeVaxH35.js:2293 22I x:ageGp:fam 17:0:-1 by blue 755:5:-1 at gen149 Univ0 prob=0.164
AgeVaxH35.js:2293 23I x:ageGp:fam 820:5:-1 by blue 284:2:-1 at gen155 Univ0 prob=0.121
AgeVaxH35.js:2293 23I x:ageGp:fam 945:7:-1 by blue 993:9:-1 at gen156 Univ0 prob=0.148
AgeVaxH35.js:2293 24I x:ageGp:fam 376:3:-1 by blue 206:2:-1 at gen157 Univ0 prob=0.726
AgeVaxH35.js:2293 26I x:ageGp:fam 147:2:-1 by red 470:3:-1 at gen161 Univ0 prob=0.327
AgeVaxH35.js:2293 27I x:ageGp:fam 655:4:-1 by blue 208:2:-1 at gen163 Univ0 prob=0.870
AgeVaxH35.js:2293 28I x:ageGp:fam 841:6:-1 by blue 993:9:-1 at gen167 Univ0 prob=0.159
AgeVaxH35.js:2293 29I x:ageGp:fam 922:7:-1 by blue 993:9:-1 at gen170 Univ0 prob=0.125
AgeVaxH35.js:2293 30I x:ageGp:fam 760:5:-1 by blue 208:2:-1 at gen172 Univ0 prob=0.492
AgeVaxH35.js:2293 31I x:ageGp:fam 70:1:-1 by red 488:3:-1 at gen174 Univ0 prob=0.284
AgeVaxH35.js:2293 31I x:ageGp:fam 465:3:-1 by blue 284:2:-1 at gen174 Univ0 prob=0.082
AgeVaxH35.js:2293 33I x:ageGp:fam 947:7:-1 by blue 793:5:-1 at gen176 Univ0 prob=0.254
AgeVaxH35.js:2293 34I x:ageGp:fam 239:2:-1 by blue 993:9:-1 at gen181 Univ0 prob=0.938
AgeVaxH35.js:2293 35I x:ageGp:fam 453:3:-1 by blue 605:4:-1 at gen183 Univ0 prob=0.606
AgeVaxH35.js:2293 36I x:ageGp:fam 176:2:-1 by blue 793:5:-1 at gen186 Univ0 prob=0.398
AgeVaxH35.js:2293 36I x:ageGp:fam 660:4:-1 by red 488:3:-1 at gen186 Univ0 prob=0.874
AgeVaxH35.js:2293 36I x:ageGp:fam 620:4:-1 by blue 605:4:-1 at gen187 Univ0 prob=0.951
AgeVaxH35.js:2293 38I x:ageGp:fam 297:2:-1 by blue 605:4:-1 at gen188 Univ0 prob=0.623
AgeVaxH35.js:2293 39I x:ageGp:fam 178:2:-1 by red 488:3:-1 at gen189 Univ0 prob=0.036
AgeVaxH35.js:2293 39I x:ageGp:fam 530:3:-1 by blue 605:4:-1 at gen189 Univ0 prob=0.420
AgeVaxH35.js:2293 40I x:ageGp:fam 850:6:-1 by red 208:2:-1 at gen190 Univ0 prob=0.342
AgeVaxH35.js:2293 40I x:ageGp:fam 413:3:-1 by blue 783:5:-1 at gen190 Univ0 prob=0.316
AgeVaxH35.js:2293 42I x:ageGp:fam 600:4:-1 by red 296:2:-1 at gen191 Univ0 prob=0.079
AgeVaxH35.js:2293 42I x:ageGp:fam 636:4:-1 by blue 783:5:-1 at gen191 Univ0 prob=0.450
AgeVaxH35.js:2293 42I x:ageGp:fam 763:5:-1 by blue 793:5:-1 at gen191 Univ0 prob=0.507
AgeVaxH35.js:2293 47I x:ageGp:fam 260:2:-1 by blue 386:3:-1 at gen194 Univ0 prob=0.992
AgeVaxH35.js:2293 48I x:ageGp:fam 635:4:-1 by red 208:2:-1 at gen197 Univ0 prob=0.746
AgeVaxH35.js:2293 48I x:ageGp:fam 251:2:-1 by blue 793:5:-1 at gen197 Univ0 prob=0.670
AgeVaxH35.js:2293 48I x:ageGp:fam 824:6:-1 by red 296:2:-1 at gen198 Univ0 prob=0.898
AgeVaxH35.js:2293 51I x:ageGp:fam 367:3:-1 by red 342:2:-1 at gen201 Univ0 prob=0.253
AgeVaxH35.js:2293 52I x:ageGp:fam 746:5:-1 by blue 347:2:-1 at gen206 Univ0 prob=0.301
AgeVaxH35.js:2293 52I x:ageGp:fam 207:2:-1 by red 284:2:-1 at gen207 Univ0 prob=0.762
AgeVaxH35.js:2293 53I x:ageGp:fam 58:1:-1 by blue 206:2:-1 at gen208 Univ0 prob=0.272
AgeVaxH35.js:2293 54I x:ageGp:fam 497:3:-1 by red 488:3:-1 at gen209 Univ0 prob=0.953
AgeVaxH35.js:2293 55I x:ageGp:fam 719:5:-1 by blue 793:5:-1 at gen210 Univ0 prob=0.044
AgeVaxH35.js:2293 57I x:ageGp:fam 489:3:-1 by blue 885:6:-1 at gen212 Univ0 prob=0.774
AgeVaxH35.js:2293 58I x:ageGp:fam 215:2:-1 by blue 37:0:-1 at gen214 Univ0 prob=0.346
AgeVaxH35.js:2293 58I x:ageGp:fam 514:3:-1 by red 993:9:-1 at gen215 Univ0 prob=0.108
AgeVaxH35.js:2293 59I x:ageGp:fam 316:2:-1 by yellow 514:3:-1 at gen216 Univ0 prob=0.110
AgeVaxH35.js:2293 59I x:ageGp:fam 561:4:-1 by blue 409:3:-1 at gen216 Univ0 prob=0.368
AgeVaxH35.js:2293 60I x:ageGp:fam 686:4:-1 by yellow 215:2:-1 at gen217 Univ0 prob=0.300
AgeVaxH35.js:2293 63I x:ageGp:fam 777:5:-1 by blue 605:4:-1 at gen221 Univ0 prob=0.379
AgeVaxH35.js:2293 64I x:ageGp:fam 88:1:-1 by blue 305:2:-1 at gen223 Univ0 prob=0.127
AgeVaxH35.js:2293 65I x:ageGp:fam 331:2:-1 by red 208:2:-1 at gen225 Univ0 prob=0.051
AgeVaxH35.js:2293 65I x:ageGp:fam 221:2:-1 by blue 605:4:-1 at gen225 Univ0 prob=0.174
AgeVaxH35.js:2293 65I x:ageGp:fam 487:3:-1 by blue 305:2:-1 at gen225 Univ0 prob=0.669
AgeVaxH35.js:2293 65I x:ageGp:fam 580:4:-1 by red 993:9:-1 at gen225 Univ0 prob=0.620
AgeVaxH35.js:2293 65I x:ageGp:fam 130:1:-1 by blue 17:0:-1 at gen226 Univ0 prob=0.944
AgeVaxH35.js:2293 65I x:ageGp:fam 704:5:-1 by blue 409:3:-1 at gen226 Univ0 prob=0.800
AgeVaxH35.js:2293 69I x:ageGp:fam 416:3:-1 by red 284:2:-1 at gen227 Univ0 prob=0.201
AgeVaxH35.js:2293 69I x:ageGp:fam 898:6:-1 by blue 386:3:-1 at gen227 Univ0 prob=0.703
AgeVaxH35.js:2293 69I x:ageGp:fam 803:5:-1 by red 605:4:-1 at gen227 Univ0 prob=0.886
AgeVaxH35.js:2293 71I x:ageGp:fam 288:2:-1 by blue 465:3:-1 at gen228 Univ0 prob=0.067
AgeVaxH35.js:2293 74I x:ageGp:fam 762:5:-1 by red 206:2:-1 at gen229 Univ0 prob=0.041
AgeVaxH35.js:2293 75I x:ageGp:fam 8:0:-1 by blue 783:5:-1 at gen230 Univ0 prob=0.309
AgeVaxH35.js:2293 75I x:ageGp:fam 882:6:-1 by blue 17:0:-1 at gen230 Univ0 prob=0.166
AgeVaxH35.js:2293 75I x:ageGp:fam 109:1:-1 by blue 37:0:-1 at gen230 Univ0 prob=0.807
AgeVaxH35.js:2293 75I x:ageGp:fam 539:3:-1 by red 755:5:-1 at gen230 Univ0 prob=0.671
AgeVaxH35.js:2293 75I x:ageGp:fam 923:7:-1 by red 755:5:-1 at gen230 Univ0 prob=0.831
AgeVaxH35.js:2293 76I x:ageGp:fam 122:1:-1 by red 284:2:-1 at gen231 Univ0 prob=0.993
AgeVaxH35.js:2293 82I x:ageGp:fam 259:2:-1 by yellow 109:1:-1 at gen233 Univ0 prob=0.182
AgeVaxH35.js:2293 82I x:ageGp:fam 275:2:-1 by yellow 882:6:-1 at gen234 Univ0 prob=0.842
AgeVaxH35.js:2293 84I x:ageGp:fam 120:1:-1 by blue 655:4:-1 at gen237 Univ0 prob=0.613
AgeVaxH35.js:2293 84I x:ageGp:fam 678:4:-1 by red 296:2:-1 at gen237 Univ0 prob=0.805
AgeVaxH35.js:2293 84I x:ageGp:fam 552:4:-1 by blue 626:4:-1 at gen237 Univ0 prob=0.020
AgeVaxH35.js:2293 84I x:ageGp:fam 62:1:-1 by blue 820:5:-1 at gen238 Univ0 prob=0.555
AgeVaxH35.js:2293 84I x:ageGp:fam 271:2:-1 by red 755:5:-1 at gen238 Univ0 prob=0.709
AgeVaxH35.js:2293 84I x:ageGp:fam 423:3:-1 by blue 465:3:-1 at gen238 Univ0 prob=0.047
AgeVaxH35.js:2293 87I x:ageGp:fam 506:3:-1 by blue 149:2:-1 at gen239 Univ0 prob=0.352
AgeVaxH35.js:2293 91I x:ageGp:fam 94:1:-1 by red 342:2:-1 at gen241 Univ0 prob=0.162
AgeVaxH35.js:2293 91I x:ageGp:fam 512:3:-1 by red 208:2:-1 at gen241 Univ0 prob=0.597
AgeVaxH35.js:2293 91I x:ageGp:fam 498:3:-1 by red 605:4:-1 at gen241 Univ0 prob=0.190
AgeVaxH35.js:2293 91I x:ageGp:fam 302:2:-1 by red 885:6:-1 at gen242 Univ0 prob=0.259
AgeVaxH35.js:2293 91I x:ageGp:fam 354:2:-1 by red 783:5:-1 at gen242 Univ0 prob=0.804
AgeVaxH35.js:2293 96I x:ageGp:fam 705:5:-1 by blue 530:3:-1 at gen244 Univ0 prob=0.748
AgeVaxH35.js:2293 96I x:ageGp:fam 796:5:-1 by blue 636:4:-1 at gen244 Univ0 prob=0.119
AgeVaxH35.js:2293 96I x:ageGp:fam 556:4:-1 by red 208:2:-1 at gen245 Univ0 prob=0.584
AgeVaxH35.js:2293 96I x:ageGp:fam 887:6:-1 by red 783:5:-1 at gen245 Univ0 prob=0.411
AgeVaxH35.js:2293 98I x:ageGp:fam 853:6:-1 by blue 70:1:-1 at gen246 Univ0 prob=0.110
AgeVaxH35.js:2293 98I x:ageGp:fam 699:5:-1 by blue 147:2:-1 at gen246 Univ0 prob=0.020
AgeVaxH35.js:2293 98I x:ageGp:fam 255:2:-1 by blue 655:4:-1 at gen246 Univ0 prob=0.930
AgeVaxH35.js:2293 103I x:ageGp:fam 668:4:-1 by red 993:9:-1 at gen248 Univ0 prob=0.549
AgeVaxH35.js:2293 103I x:ageGp:fam 507:3:-1 by blue 465:3:-1 at gen249 Univ0 prob=0.337
AgeVaxH35.js:2293 104I x:ageGp:fam 618:4:-1 by blue 600:4:-1 at gen250 Univ0 prob=0.920
AgeVaxH35.js:2293 105I x:ageGp:fam 592:4:-1 by blue 17:0:-1 at gen251 Univ0 prob=0.817
AgeVaxH35.js:2293 105I x:ageGp:fam 431:3:-1 by red 793:5:-1 at gen251 Univ0 prob=0.485
AgeVaxH35.js:2293 106I x:ageGp:fam 103:1:-1 by blue 70:1:-1 at gen252 Univ0 prob=0.424
AgeVaxH35.js:2293 106I x:ageGp:fam 253:2:-1 by blue 841:6:-1 at gen252 Univ0 prob=0.253
AgeVaxH35.js:2293 106I x:ageGp:fam 584:4:-1 by yellow 367:3:-1 at gen252 Univ0 prob=0.727
AgeVaxH35.js:2293 106I x:ageGp:fam 836:6:-1 by blue 376:3:-1 at gen252 Univ0 prob=0.729
AgeVaxH35.js:2293 106I x:ageGp:fam 949:8:-1 by blue 945:7:-1 at gen252 Univ0 prob=0.373
AgeVaxH35.js:2293 108I x:ageGp:fam 485:3:-1 by blue 620:4:-1 at gen253 Univ0 prob=0.724
AgeVaxH35.js:2293 113I x:ageGp:fam 540:3:-1 by blue 620:4:-1 at gen254 Univ0 prob=0.401
AgeVaxH35.js:2293 114I x:ageGp:fam 116:1:-1 by blue 620:4:-1 at gen255 Univ0 prob=0.454
AgeVaxH35.js:2293 114I x:ageGp:fam 788:5:-1 by red 296:2:-1 at gen255 Univ0 prob=0.612
AgeVaxH35.js:2293 117I x:ageGp:fam 161:2:-1 by yellow 58:1:-1 at gen257 Univ0 prob=0.982
AgeVaxH35.js:2293 117I x:ageGp:fam 334:2:-1 by blue 850:6:-1 at gen257 Univ0 prob=0.907
AgeVaxH35.js:2293 117I x:ageGp:fam 18:0:-1 by red 342:2:-1 at gen258 Univ0 prob=0.352
AgeVaxH35.js:2293 117I x:ageGp:fam 209:2:-1 by red 284:2:-1 at gen258 Univ0 prob=0.100
AgeVaxH35.js:2293 117I x:ageGp:fam 387:3:-1 by blue 305:2:-1 at gen258 Univ0 prob=0.972
AgeVaxH35.js:2293 122I x:ageGp:fam 698:5:-1 by blue 58:1:-1 at gen260 Univ0 prob=0.686
AgeVaxH35.js:2293 122I x:ageGp:fam 132:2:-1 by blue 70:1:-1 at gen260 Univ0 prob=0.421
AgeVaxH35.js:2293 122I x:ageGp:fam 242:2:-1 by red 993:9:-1 at gen260 Univ0 prob=0.239
AgeVaxH35.js:2293 122I x:ageGp:fam 341:2:-1 by blue 660:4:-1 at gen261 Univ0 prob=0.253
AgeVaxH35.js:2293 122I x:ageGp:fam 412:3:-1 by blue 636:4:-1 at gen261 Univ0 prob=0.147
AgeVaxH35.js:2293 122I x:ageGp:fam 906:7:-1 by blue 530:3:-1 at gen261 Univ0 prob=0.320
AgeVaxH35.js:2293 122I x:ageGp:fam 999:9:-1 by red 755:5:-1 at gen261 Univ0 prob=0.722
AgeVaxH35.js:2293 125I x:ageGp:fam 75:1:-1 by blue 239:2:-1 at gen262 Univ0 prob=0.479
AgeVaxH35.js:2293 125I x:ageGp:fam 145:2:-1 by blue 719:5:-1 at gen262 Univ0 prob=0.974
AgeVaxH35.js:2293 125I x:ageGp:fam 567:4:-1 by blue 178:2:-1 at gen262 Univ0 prob=0.091
AgeVaxH35.js:2293 125I x:ageGp:fam 240:2:-1 by blue 922:7:-1 at gen262 Univ0 prob=0.994
AgeVaxH35.js:2293 125I x:ageGp:fam 780:5:-1 by blue 376:3:-1 at gen262 Univ0 prob=0.692
AgeVaxH35.js:2293 125I x:ageGp:fam 910:7:-1 by blue 660:4:-1 at gen262 Univ0 prob=0.432
AgeVaxH35.js:2293 129I x:ageGp:fam 319:2:-1 by red 755:5:-1 at gen263 Univ0 prob=0.922
AgeVaxH35.js:2293 129I x:ageGp:fam 770:5:-1 by blue 413:3:-1 at gen263 Univ0 prob=0.397
AgeVaxH35.js:2293 129I x:ageGp:fam 659:4:-1 by blue 636:4:-1 at gen263 Univ0 prob=0.774
AgeVaxH35.js:2293 135I x:ageGp:fam 420:3:-1 by blue 620:4:-1 at gen264 Univ0 prob=0.744
AgeVaxH35.js:2293 139I x:ageGp:fam 708:5:-1 by blue 147:2:-1 at gen266 Univ0 prob=0.738
AgeVaxH35.js:2293 139I x:ageGp:fam 658:4:-1 by blue 620:4:-1 at gen266 Univ0 prob=0.490
AgeVaxH35.js:2293 139I x:ageGp:fam 118:1:-1 by blue 465:3:-1 at gen267 Univ0 prob=0.238
AgeVaxH35.js:2293 139I x:ageGp:fam 802:5:-1 by blue 600:4:-1 at gen267 Univ0 prob=0.838
AgeVaxH35.js:2293 139I x:ageGp:fam 799:5:-1 by red 885:6:-1 at gen267 Univ0 prob=0.291
AgeVaxH35.js:2293 141I x:ageGp:fam 204:2:-1 by blue 413:3:-1 at gen268 Univ0 prob=0.366
AgeVaxH35.js:2293 144I x:ageGp:fam 729:5:-1 by yellow 777:5:-1 at gen269 Univ0 prob=0.977
AgeVaxH35.js:2293 145I x:ageGp:fam 712:5:-1 by red 149:2:-1 at gen270 Univ0 prob=0.305
AgeVaxH35.js:2293 145I x:ageGp:fam 690:5:-1 by red 605:4:-1 at gen270 Univ0 prob=0.152
AgeVaxH35.js:2293 145I x:ageGp:fam 775:5:-1 by red 793:5:-1 at gen270 Univ0 prob=0.080
AgeVaxH35.js:2293 146I x:ageGp:fam 822:6:-1 by blue 922:7:-1 at gen271 Univ0 prob=0.339
AgeVaxH35.js:2293 149I x:ageGp:fam 65:1:-1 by blue 251:2:-1 at gen272 Univ0 prob=0.625
AgeVaxH35.js:2293 149I x:ageGp:fam 629:4:-1 by blue 178:2:-1 at gen272 Univ0 prob=0.157
AgeVaxH35.js:2293 149I x:ageGp:fam 900:6:-1 by blue 215:2:-1 at gen272 Univ0 prob=0.053
AgeVaxH35.js:2293 149I x:ageGp:fam 536:3:-1 by blue 850:6:-1 at gen272 Univ0 prob=0.966
AgeVaxH35.js:2293 150I x:ageGp:fam 241:2:-1 by blue 660:4:-1 at gen273 Univ0 prob=0.296
AgeVaxH35.js:2293 150I x:ageGp:fam 394:3:-1 by blue 655:4:-1 at gen273 Univ0 prob=0.393
AgeVaxH35.js:2293 150I x:ageGp:fam 921:7:-1 by blue 453:3:-1 at gen273 Univ0 prob=0.056
AgeVaxH35.js:2293 157I x:ageGp:fam 936:7:-1 by blue 660:4:-1 at gen275 Univ0 prob=0.959
AgeVaxH35.js:2293 157I x:ageGp:fam 113:1:-1 by blue 58:1:-1 at gen276 Univ0 prob=0.650
AgeVaxH35.js:2293 157I x:ageGp:fam 286:2:-1 by blue 70:1:-1 at gen276 Univ0 prob=0.536
AgeVaxH35.js:2293 158I x:ageGp:fam 444:3:-1 by yellow 762:5:-1 at gen277 Univ0 prob=0.259
AgeVaxH35.js:2293 160I x:ageGp:fam 385:3:-1 by blue 88:1:-1 at gen278 Univ0 prob=0.060
AgeVaxH35.js:2293 161I x:ageGp:fam 318:2:-1 by blue 763:5:-1 at gen279 Univ0 prob=0.319
AgeVaxH35.js:2293 162I x:ageGp:fam 225:2:-1 by red 376:3:-1 at gen280 Univ0 prob=0.870
AgeVaxH35.js:2293 164I x:ageGp:fam 429:3:-1 by blue 251:2:-1 at gen282 Univ0 prob=0.729
AgeVaxH35.js:2293 164I x:ageGp:fam 642:4:-1 by blue 514:3:-1 at gen282 Univ0 prob=0.638
AgeVaxH35.js:2293 164I x:ageGp:fam 625:4:-1 by red 793:5:-1 at gen282 Univ0 prob=0.508
AgeVaxH35.js:2293 164I x:ageGp:fam 378:3:-1 by red 149:2:-1 at gen283 Univ0 prob=0.760
AgeVaxH35.js:2293 164I x:ageGp:fam 646:4:-1 by red 885:6:-1 at gen283 Univ0 prob=0.230
AgeVaxH35.js:2293 169I x:ageGp:fam 583:4:-1 by red 409:3:-1 at gen285 Univ0 prob=0.857
AgeVaxH35.js:2293 169I x:ageGp:fam 825:6:-1 by blue 719:5:-1 at gen285 Univ0 prob=0.700
AgeVaxH35.js:2293 169I x:ageGp:fam 56:1:-1 by blue 898:6:-1 at gen286 Univ0 prob=0.919
AgeVaxH35.js:2293 169I x:ageGp:fam 632:4:-1 by blue 176:2:-1 at gen286 Univ0 prob=0.593
AgeVaxH35.js:2293 169I x:ageGp:fam 280:2:-1 by red 922:7:-1 at gen286 Univ0 prob=0.953
AgeVaxH35.js:2293 169I x:ageGp:fam 581:4:-1 by blue 898:6:-1 at gen286 Univ0 prob=0.945
AgeVaxH35.js:2293 171I x:ageGp:fam 649:4:-1 by red 386:3:-1 at gen287 Univ0 prob=0.439
AgeVaxH35.js:2293 175I x:ageGp:fam 273:2:-1 by blue 600:4:-1 at gen288 Univ0 prob=0.715
AgeVaxH35.js:2293 175I x:ageGp:fam 585:4:-1 by blue 660:4:-1 at gen288 Univ0 prob=0.378
AgeVaxH35.js:2293 176I x:ageGp:fam 203:2:-1 by red 149:2:-1 at gen289 Univ0 prob=0.321
AgeVaxH35.js:2293 178I x:ageGp:fam 214:2:-1 by blue 923:7:-1 at gen290 Univ0 prob=0.471
AgeVaxH35.js:2293 179I x:ageGp:fam 977:8:-1 by blue 803:5:-1 at gen291 Univ0 prob=0.655
AgeVaxH35.js:2293 180I x:ageGp:fam 454:3:-1 by red 37:0:-1 at gen292 Univ0 prob=0.032
AgeVaxH35.js:2293 180I x:ageGp:fam 252:2:-1 by red 409:3:-1 at gen292 Univ0 prob=0.131
AgeVaxH35.js:2293 180I x:ageGp:fam 262:2:-1 by red 820:5:-1 at gen292 Univ0 prob=0.327
AgeVaxH35.js:2293 181I x:ageGp:fam 711:5:-1 by red 376:3:-1 at gen293 Univ0 prob=0.088
AgeVaxH35.js:2293 185I x:ageGp:fam 266:2:-1 by blue 719:5:-1 at gen295 Univ0 prob=0.836
AgeVaxH35.js:2293 185I x:ageGp:fam 569:4:-1 by blue 465:3:-1 at gen295 Univ0 prob=0.773
AgeVaxH35.js:2293 185I x:ageGp:fam 944:7:-1 by blue 552:4:-1 at gen295 Univ0 prob=0.692
AgeVaxH35.js:2293 185I x:ageGp:fam 602:4:-1 by blue 777:5:-1 at gen296 Univ0 prob=0.002
AgeVaxH35.js:2293 185I x:ageGp:fam 627:4:-1 by blue 705:5:-1 at gen296 Univ0 prob=0.063
AgeVaxH35.js:2293 190I x:ageGp:fam 590:4:-1 by blue 660:4:-1 at gen298 Univ0 prob=0.968
AgeVaxH35.js:2293 190I x:ageGp:fam 641:4:-1 by red 70:1:-1 at gen299 Univ0 prob=0.830
AgeVaxH35.js:2293 191I x:ageGp:fam 586:4:-1 by blue 260:2:-1 at gen300 Univ0 prob=0.920
AgeVaxH35.js:2293 191I x:ageGp:fam 550:4:-1 by blue 512:3:-1 at gen300 Univ0 prob=0.772
AgeVaxH35.js:2293 192I x:ageGp:fam 397:3:-1 by red 885:6:-1 at gen301 Univ0 prob=0.162
AgeVaxH35.js:2293 192I x:ageGp:fam 928:7:-1 by blue 762:5:-1 at gen301 Univ0 prob=0.817
AgeVaxH35.js:2293 194I x:ageGp:fam 558:4:-1 by red 70:1:-1 at gen302 Univ0 prob=0.300
AgeVaxH35.js:2293 194I x:ageGp:fam 91:1:-1 by red 947:7:-1 at gen302 Univ0 prob=0.938
AgeVaxH35.js:2293 194I x:ageGp:fam 101:1:-1 by red 945:7:-1 at gen302 Univ0 prob=0.805
AgeVaxH35.js:2293 194I x:ageGp:fam 697:5:-1 by blue 120:1:-1 at gen302 Univ0 prob=0.363
AgeVaxH35.js:2293 194I x:ageGp:fam 648:4:-1 by red 149:2:-1 at gen302 Univ0 prob=0.863
AgeVaxH35.js:2293 194I x:ageGp:fam 171:2:-1 by blue 923:7:-1 at gen302 Univ0 prob=0.553
AgeVaxH35.js:2293 196I x:ageGp:fam 946:7:-1 by blue 239:2:-1 at gen303 Univ0 prob=0.300
AgeVaxH35.js:2293 196I x:ageGp:fam 726:5:-1 by red 305:2:-1 at gen303 Univ0 prob=0.585
AgeVaxH35.js:2293 196I x:ageGp:fam 955:8:-1 by blue 686:4:-1 at gen303 Univ0 prob=0.832
AgeVaxH35.js:2293 196I x:ageGp:fam 873:6:-1 by blue 898:6:-1 at gen303 Univ0 prob=0.703
AgeVaxH35.js:2293 202I x:ageGp:fam 306:2:-1 by blue 331:2:-1 at gen304 Univ0 prob=0.239
AgeVaxH35.js:2293 202I x:ageGp:fam 574:4:-1 by blue 803:5:-1 at gen304 Univ0 prob=0.043
AgeVaxH35.js:2293 206I x:ageGp:fam 87:1:-1 by red 841:6:-1 at gen305 Univ0 prob=0.933
AgeVaxH35.js:2293 206I x:ageGp:fam 575:4:-1 by red 147:2:-1 at gen305 Univ0 prob=0.370
AgeVaxH35.js:2293 206I x:ageGp:fam 986:9:-1 by blue 796:5:-1 at gen305 Univ0 prob=0.923
AgeVaxH35.js:2293 208I x:ageGp:fam 326:2:-1 by blue 803:5:-1 at gen306 Univ0 prob=0.909
AgeVaxH35.js:2293 208I x:ageGp:fam 510:3:-1 by blue 416:3:-1 at gen306 Univ0 prob=0.450
AgeVaxH35.js:2293 208I x:ageGp:fam 442:3:-1 by blue 898:6:-1 at gen306 Univ0 prob=0.973
AgeVaxH35.js:2293 208I x:ageGp:fam 528:3:-1 by red 841:6:-1 at gen306 Univ0 prob=0.831
AgeVaxH35.js:2293 208I x:ageGp:fam 681:4:-1 by red 947:7:-1 at gen306 Univ0 prob=0.428
AgeVaxH35.js:2293 211I x:ageGp:fam 158:2:-1 by blue 120:1:-1 at gen307 Univ0 prob=0.471
AgeVaxH35.js:2293 211I x:ageGp:fam 599:4:-1 by blue 260:2:-1 at gen307 Univ0 prob=0.896
AgeVaxH35.js:2293 216I x:ageGp:fam 491:3:-1 by red 149:2:-1 at gen308 Univ0 prob=0.263
AgeVaxH35.js:2293 218I x:ageGp:fam 84:1:-1 by blue 887:6:-1 at gen309 Univ0 prob=0.233
AgeVaxH35.js:2293 218I x:ageGp:fam 904:7:-1 by blue 260:2:-1 at gen309 Univ0 prob=0.466
AgeVaxH35.js:2293 219I x:ageGp:fam 991:9:-1 by red 147:2:-1 at gen310 Univ0 prob=0.588
AgeVaxH35.js:2293 219I x:ageGp:fam 162:2:-1 by blue 271:2:-1 at gen310 Univ0 prob=0.863
AgeVaxH35.js:2293 219I x:ageGp:fam 877:6:-1 by red 376:3:-1 at gen310 Univ0 prob=0.574
AgeVaxH35.js:2293 219I x:ageGp:fam 953:8:-1 by red 620:4:-1 at gen310 Univ0 prob=0.838
AgeVaxH35.js:2293 221I x:ageGp:fam 15:0:-1 by blue 88:1:-1 at gen311 Univ0 prob=0.534
AgeVaxH35.js:2293 221I x:ageGp:fam 332:2:-1 by blue 62:1:-1 at gen311 Univ0 prob=0.687
AgeVaxH35.js:2293 221I x:ageGp:fam 357:2:-1 by blue 62:1:-1 at gen311 Univ0 prob=0.451
AgeVaxH35.js:2293 221I x:ageGp:fam 451:3:-1 by red 70:1:-1 at gen311 Univ0 prob=0.471
AgeVaxH35.js:2293 221I x:ageGp:fam 930:7:-1 by blue 122:1:-1 at gen311 Univ0 prob=0.099
AgeVaxH35.js:2293 221I x:ageGp:fam 289:2:-1 by blue 161:2:-1 at gen311 Univ0 prob=0.223
AgeVaxH35.js:2293 221I x:ageGp:fam 351:2:-1 by blue 255:2:-1 at gen311 Univ0 prob=0.965
AgeVaxH35.js:2293 225I x:ageGp:fam 100:1:-1 by blue 592:4:-1 at gen312 Univ0 prob=0.701
AgeVaxH35.js:2293 225I x:ageGp:fam 217:2:-1 by blue 275:2:-1 at gen312 Univ0 prob=0.200
AgeVaxH35.js:2293 232I x:ageGp:fam 25:0:-1 by blue 316:2:-1 at gen313 Univ0 prob=0.753
AgeVaxH35.js:2293 232I x:ageGp:fam 651:4:-1 by blue 122:1:-1 at gen313 Univ0 prob=0.458
AgeVaxH35.js:2293 234I x:ageGp:fam 570:4:-1 by blue 94:1:-1 at gen314 Univ0 prob=0.483
AgeVaxH35.js:2293 234I x:ageGp:fam 111:1:-1 by blue 498:3:-1 at gen314 Univ0 prob=0.743
AgeVaxH35.js:2293 236I x:ageGp:fam 833:6:-1 by blue 302:2:-1 at gen315 Univ0 prob=0.870
AgeVaxH35.js:2293 236I x:ageGp:fam 329:2:-1 by blue 762:5:-1 at gen315 Univ0 prob=0.776
AgeVaxH35.js:2293 238I x:ageGp:fam 640:4:-1 by blue 62:1:-1 at gen316 Univ0 prob=0.006
AgeVaxH35.js:2293 238I x:ageGp:fam 317:2:-1 by blue 271:2:-1 at gen316 Univ0 prob=0.249
AgeVaxH35.js:2293 238I x:ageGp:fam 806:5:-1 by blue 777:5:-1 at gen316 Univ0 prob=0.727
AgeVaxH35.js:2293 240I x:ageGp:fam 261:2:-1 by blue 420:3:-1 at gen317 Univ0 prob=0.778
AgeVaxH35.js:2293 240I x:ageGp:fam 349:2:-1 by red 947:7:-1 at gen317 Univ0 prob=0.875
AgeVaxH35.js:2293 240I x:ageGp:fam 492:3:-1 by blue 887:6:-1 at gen317 Univ0 prob=0.182
AgeVaxH35.js:2293 243I x:ageGp:fam 671:4:-1 by blue 556:4:-1 at gen318 Univ0 prob=0.513
AgeVaxH35.js:2293 243I x:ageGp:fam 634:4:-1 by blue 719:5:-1 at gen318 Univ0 prob=0.829
AgeVaxH35.js:2293 246I x:ageGp:fam 408:3:-1 by blue 122:1:-1 at gen319 Univ0 prob=0.502
AgeVaxH35.js:2293 246I x:ageGp:fam 676:4:-1 by red 176:2:-1 at gen319 Univ0 prob=0.686
AgeVaxH35.js:2293 246I x:ageGp:fam 434:3:-1 by blue 275:2:-1 at gen319 Univ0 prob=0.166
AgeVaxH35.js:2293 248I x:ageGp:fam 85:1:-1 by blue 271:2:-1 at gen320 Univ0 prob=0.263
AgeVaxH35.js:2293 248I x:ageGp:fam 410:3:-1 by blue 271:2:-1 at gen320 Univ0 prob=0.044
AgeVaxH35.js:2293 248I x:ageGp:fam 469:3:-1 by blue 416:3:-1 at gen320 Univ0 prob=0.006
AgeVaxH35.js:2293 248I x:ageGp:fam 463:3:-1 by red 760:5:-1 at gen320 Univ0 prob=0.260
AgeVaxH35.js:2293 251I x:ageGp:fam 789:5:-1 by blue 18:0:-1 at gen321 Univ0 prob=0.303
AgeVaxH35.js:2293 251I x:ageGp:fam 154:2:-1 by blue 561:4:-1 at gen321 Univ0 prob=0.154
AgeVaxH35.js:2293 251I x:ageGp:fam 285:2:-1 by red 251:2:-1 at gen321 Univ0 prob=0.715
AgeVaxH35.js:2293 251I x:ageGp:fam 721:5:-1 by red 626:4:-1 at gen321 Univ0 prob=0.147
AgeVaxH35.js:2293 255I x:ageGp:fam 77:1:-1 by blue 618:4:-1 at gen322 Univ0 prob=0.417
AgeVaxH35.js:2293 255I x:ageGp:fam 121:1:-1 by blue 94:1:-1 at gen322 Univ0 prob=0.361
AgeVaxH35.js:2293 255I x:ageGp:fam 440:3:-1 by blue 255:2:-1 at gen322 Univ0 prob=0.736
AgeVaxH35.js:2293 259I x:ageGp:fam 59:1:-1 by blue 431:3:-1 at gen323 Univ0 prob=0.878
AgeVaxH35.js:2293 259I x:ageGp:fam 339:2:-1 by blue 910:7:-1 at gen323 Univ0 prob=0.241
AgeVaxH35.js:2293 259I x:ageGp:fam 893:6:-1 by blue 431:3:-1 at gen323 Univ0 prob=0.193
AgeVaxH35.js:2293 259I x:ageGp:fam 543:4:-1 by red 885:6:-1 at gen323 Univ0 prob=0.899
AgeVaxH35.js:2293 262I x:ageGp:fam 23:0:-1 by blue 416:3:-1 at gen324 Univ0 prob=0.354
AgeVaxH35.js:2293 262I x:ageGp:fam 219:2:-1 by blue 302:2:-1 at gen324 Univ0 prob=0.627
AgeVaxH35.js:2293 262I x:ageGp:fam 741:5:-1 by blue 316:2:-1 at gen324 Univ0 prob=0.429
AgeVaxH35.js:2293 262I x:ageGp:fam 598:4:-1 by blue 507:3:-1 at gen324 Univ0 prob=0.369
AgeVaxH35.js:2293 262I x:ageGp:fam 889:6:-1 by blue 584:4:-1 at gen324 Univ0 prob=0.695
AgeVaxH35.js:2293 262I x:ageGp:fam 607:4:-1 by blue 777:5:-1 at gen324 Univ0 prob=0.177
AgeVaxH35.js:2293 262I x:ageGp:fam 981:8:-1 by blue 705:5:-1 at gen324 Univ0 prob=0.788
AgeVaxH35.js:2293 262I x:ageGp:fam 859:6:-1 by blue 853:6:-1 at gen324 Univ0 prob=0.878
AgeVaxH35.js:2293 266I x:ageGp:fam 32:0:-1 by blue 678:4:-1 at gen325 Univ0 prob=0.334
AgeVaxH35.js:2293 266I x:ageGp:fam 355:2:-1 by red 497:3:-1 at gen325 Univ0 prob=0.952
AgeVaxH35.js:2293 274I x:ageGp:fam 143:2:-1 by red 746:5:-1 at gen326 Univ0 prob=0.232
AgeVaxH35.js:2293 274I x:ageGp:fam 173:2:-1 by blue 762:5:-1 at gen326 Univ0 prob=0.993
AgeVaxH35.js:2293 274I x:ageGp:fam 230:2:-1 by blue 221:2:-1 at gen326 Univ0 prob=0.442
AgeVaxH35.js:2293 274I x:ageGp:fam 230:2:-1 by blue 777:5:-1 at gen326 Univ0 prob=0.378
AgeVaxH35.js:2293 274I x:ageGp:fam 805:5:-1 by red 305:2:-1 at gen326 Univ0 prob=0.350
AgeVaxH35.js:2293 274I x:ageGp:fam 450:3:-1 by blue 699:5:-1 at gen326 Univ0 prob=0.047
AgeVaxH35.js:2293 274I x:ageGp:fam 639:4:-1 by red 763:5:-1 at gen326 Univ0 prob=0.475
AgeVaxH35.js:2293 276I x:ageGp:fam 245:2:-1 by blue 719:5:-1 at gen327 Univ0 prob=0.250
AgeVaxH35.js:2293 276I x:ageGp:fam 249:2:-1 by blue 275:2:-1 at gen327 Univ0 prob=0.855
AgeVaxH35.js:2293 276I x:ageGp:fam 377:3:-1 by blue 255:2:-1 at gen327 Univ0 prob=0.699
AgeVaxH35.js:2293 276I x:ageGp:fam 674:4:-1 by blue 255:2:-1 at gen327 Univ0 prob=0.091
AgeVaxH35.js:2293 276I x:ageGp:fam 464:3:-1 by red 626:4:-1 at gen327 Univ0 prob=0.830
AgeVaxH35.js:2293 282I x:ageGp:fam 21:0:-1 by blue 302:2:-1 at gen328 Univ0 prob=0.633
AgeVaxH35.js:2293 282I x:ageGp:fam 290:2:-1 by blue 275:2:-1 at gen328 Univ0 prob=0.469
AgeVaxH35.js:2293 282I x:ageGp:fam 391:3:-1 by red 850:6:-1 at gen328 Univ0 prob=0.340
AgeVaxH35.js:2293 282I x:ageGp:fam 631:4:-1 by blue 836:6:-1 at gen328 Univ0 prob=0.806
AgeVaxH35.js:2293 287I x:ageGp:fam 3:0:-1 by blue 109:1:-1 at gen329 Univ0 prob=0.210
AgeVaxH35.js:2293 287I x:ageGp:fam 60:1:-1 by blue 704:5:-1 at gen329 Univ0 prob=0.959
AgeVaxH35.js:2293 287I x:ageGp:fam 294:2:-1 by red 239:2:-1 at gen329 Univ0 prob=0.736
AgeVaxH35.js:2293 287I x:ageGp:fam 909:7:-1 by red 824:6:-1 at gen329 Univ0 prob=0.654
AgeVaxH35.js:2293 291I x:ageGp:fam 5:0:-1 by blue 103:1:-1 at gen330 Univ0 prob=0.521
AgeVaxH35.js:2293 291I x:ageGp:fam 169:2:-1 by blue 514:3:-1 at gen330 Univ0 prob=0.758
AgeVaxH35.js:2293 291I x:ageGp:fam 186:2:-1 by blue 255:2:-1 at gen330 Univ0 prob=0.689
AgeVaxH35.js:2293 291I x:ageGp:fam 588:4:-1 by blue 204:2:-1 at gen330 Univ0 prob=0.923
AgeVaxH35.js:2293 291I x:ageGp:fam 547:4:-1 by blue 271:2:-1 at gen330 Univ0 prob=0.804
AgeVaxH35.js:2293 291I x:ageGp:fam 916:7:-1 by red 376:3:-1 at gen330 Univ0 prob=0.291
AgeVaxH35.js:2293 291I x:ageGp:fam 477:3:-1 by blue 923:7:-1 at gen330 Univ0 prob=0.379
AgeVaxH35.js:2293 295I x:ageGp:fam 696:5:-1 by blue 8:0:-1 at gen331 Univ0 prob=0.965
AgeVaxH35.js:2293 295I x:ageGp:fam 19:0:-1 by red 178:2:-1 at gen331 Univ0 prob=0.142
AgeVaxH35.js:2293 295I x:ageGp:fam 190:2:-1 by blue 540:3:-1 at gen331 Univ0 prob=0.883
AgeVaxH35.js:2293 295I x:ageGp:fam 373:3:-1 by blue 259:2:-1 at gen331 Univ0 prob=0.343
AgeVaxH35.js:2293 295I x:ageGp:fam 752:5:-1 by blue 259:2:-1 at gen331 Univ0 prob=0.884
AgeVaxH35.js:2293 295I x:ageGp:fam 328:2:-1 by blue 567:4:-1 at gen331 Univ0 prob=0.582
AgeVaxH35.js:2293 295I x:ageGp:fam 522:3:-1 by blue 898:6:-1 at gen331 Univ0 prob=0.653
AgeVaxH35.js:2293 302I x:ageGp:fam 461:3:-1 by red 70:1:-1 at gen332 Univ0 prob=0.043
AgeVaxH35.js:2293 302I x:ageGp:fam 144:2:-1 by red 178:2:-1 at gen332 Univ0 prob=0.632
AgeVaxH35.js:2293 302I x:ageGp:fam 254:2:-1 by blue 514:3:-1 at gen332 Univ0 prob=0.207
AgeVaxH35.js:2293 302I x:ageGp:fam 551:4:-1 by red 489:3:-1 at gen332 Univ0 prob=0.925
AgeVaxH35.js:2293 302I x:ageGp:fam 988:9:-1 by red 947:7:-1 at gen332 Univ0 prob=0.636
AgeVaxH35.js:2293 309I x:ageGp:fam 12:0:-1 by blue 423:3:-1 at gen333 Univ0 prob=0.737
AgeVaxH35.js:2293 309I x:ageGp:fam 156:2:-1 by blue 512:3:-1 at gen333 Univ0 prob=0.088
AgeVaxH35.js:2293 309I x:ageGp:fam 309:2:-1 by blue 719:5:-1 at gen333 Univ0 prob=0.004
AgeVaxH35.js:2293 309I x:ageGp:fam 437:3:-1 by blue 698:5:-1 at gen333 Univ0 prob=0.586
AgeVaxH35.js:2293 309I x:ageGp:fam 831:6:-1 by blue 584:4:-1 at gen333 Univ0 prob=0.066
AgeVaxH35.js:2293 309I x:ageGp:fam 768:5:-1 by red 760:5:-1 at gen333 Univ0 prob=0.640
AgeVaxH35.js:2293 314I x:ageGp:fam 419:3:-1 by red 947:7:-1 at gen334 Univ0 prob=0.252
AgeVaxH35.js:2293 314I x:ageGp:fam 858:6:-1 by blue 485:3:-1 at gen334 Univ0 prob=0.037
AgeVaxH35.js:2293 320I x:ageGp:fam 541:4:-1 by blue 331:2:-1 at gen335 Univ0 prob=0.263
AgeVaxH35.js:2293 320I x:ageGp:fam 340:2:-1 by blue 512:3:-1 at gen335 Univ0 prob=0.545
AgeVaxH35.js:2293 322I x:ageGp:fam 82:1:-1 by blue 770:5:-1 at gen336 Univ0 prob=0.551
AgeVaxH35.js:2293 322I x:ageGp:fam 198:2:-1 by red 530:3:-1 at gen336 Univ0 prob=0.109
AgeVaxH35.js:2293 322I x:ageGp:fam 455:3:-1 by blue 712:5:-1 at gen336 Univ0 prob=0.874
AgeVaxH35.js:2293 324I x:ageGp:fam 482:3:-1 by blue 75:1:-1 at gen337 Univ0 prob=0.481
AgeVaxH35.js:2293 327I x:ageGp:fam 246:2:-1 by red 149:2:-1 at gen338 Univ0 prob=0.261
AgeVaxH35.js:2293 327I x:ageGp:fam 211:2:-1 by blue 221:2:-1 at gen338 Univ0 prob=0.264
AgeVaxH35.js:2293 327I x:ageGp:fam 624:4:-1 by blue 580:4:-1 at gen338 Univ0 prob=0.377
AgeVaxH35.js:2293 327I x:ageGp:fam 679:4:-1 by blue 668:4:-1 at gen338 Univ0 prob=0.639
AgeVaxH35.js:2293 327I x:ageGp:fam 769:5:-1 by blue 836:6:-1 at gen338 Univ0 prob=0.328
AgeVaxH35.js:2293 328I x:ageGp:fam 894:6:-1 by yellow 203:2:-1 at gen339 Univ0 prob=0.054
AgeVaxH35.js:2293 328I x:ageGp:fam 801:5:-1 by blue 567:4:-1 at gen339 Univ0 prob=0.381
AgeVaxH35.js:2293 328I x:ageGp:fam 716:5:-1 by blue 708:5:-1 at gen339 Univ0 prob=0.811
AgeVaxH35.js:2293 333I x:ageGp:fam 343:2:-1 by blue 949:8:-1 at gen340 Univ0 prob=0.719
AgeVaxH35.js:2293 333I x:ageGp:fam 597:4:-1 by red 635:4:-1 at gen340 Univ0 prob=0.942
AgeVaxH35.js:2293 336I x:ageGp:fam 106:1:-1 by blue 416:3:-1 at gen341 Univ0 prob=0.626
AgeVaxH35.js:2293 336I x:ageGp:fam 643:4:-1 by blue 113:1:-1 at gen341 Univ0 prob=0.260
AgeVaxH35.js:2293 336I x:ageGp:fam 538:3:-1 by red 636:4:-1 at gen341 Univ0 prob=0.456
AgeVaxH35.js:2293 338I x:ageGp:fam 654:4:-1 by red 147:2:-1 at gen342 Univ0 prob=0.335
AgeVaxH35.js:2293 338I x:ageGp:fam 483:3:-1 by blue 240:2:-1 at gen342 Univ0 prob=0.586
AgeVaxH35.js:2293 338I x:ageGp:fam 473:3:-1 by blue 936:7:-1 at gen342 Univ0 prob=0.153
AgeVaxH35.js:2293 338I x:ageGp:fam 563:4:-1 by red 777:5:-1 at gen342 Univ0 prob=0.164
AgeVaxH35.js:2293 341I x:ageGp:fam 131:2:-1 by red 620:4:-1 at gen343 Univ0 prob=0.605
AgeVaxH35.js:2293 341I x:ageGp:fam 213:2:-1 by blue 949:8:-1 at gen343 Univ0 prob=0.261
AgeVaxH35.js:2293 341I x:ageGp:fam 837:6:-1 by blue 275:2:-1 at gen343 Univ0 prob=0.599
AgeVaxH35.js:2293 341I x:ageGp:fam 456:3:-1 by blue 592:4:-1 at gen343 Univ0 prob=0.008
AgeVaxH35.js:2293 345I x:ageGp:fam 287:2:-1 by blue 18:0:-1 at gen344 Univ0 prob=0.752
AgeVaxH35.js:2293 345I x:ageGp:fam 503:3:-1 by red 70:1:-1 at gen344 Univ0 prob=0.929
AgeVaxH35.js:2293 345I x:ageGp:fam 127:1:-1 by red 820:5:-1 at gen344 Univ0 prob=0.670
AgeVaxH35.js:2293 345I x:ageGp:fam 720:5:-1 by blue 204:2:-1 at gen344 Univ0 prob=0.526
AgeVaxH35.js:2293 345I x:ageGp:fam 222:2:-1 by blue 898:6:-1 at gen344 Univ0 prob=0.565
AgeVaxH35.js:2293 345I x:ageGp:fam 753:5:-1 by blue 354:2:-1 at gen344 Univ0 prob=0.429
AgeVaxH35.js:2293 345I x:ageGp:fam 466:3:-1 by blue 944:7:-1 at gen344 Univ0 prob=0.054
AgeVaxH35.js:2293 349I x:ageGp:fam 844:6:-1 by blue 431:3:-1 at gen345 Univ0 prob=0.618
AgeVaxH35.js:2293 349I x:ageGp:fam 863:6:-1 by blue 536:3:-1 at gen345 Univ0 prob=0.354
AgeVaxH35.js:2293 349I x:ageGp:fam 564:4:-1 by blue 796:5:-1 at gen345 Univ0 prob=0.454
AgeVaxH35.js:2293 349I x:ageGp:fam 839:6:-1 by red 686:4:-1 at gen345 Univ0 prob=0.903
AgeVaxH35.js:2293 356I x:ageGp:fam 732:5:-1 by blue 255:2:-1 at gen346 Univ0 prob=0.074
AgeVaxH35.js:2293 356I x:ageGp:fam 662:4:-1 by blue 354:2:-1 at gen346 Univ0 prob=0.280
AgeVaxH35.js:2293 356I x:ageGp:fam 433:3:-1 by blue 512:3:-1 at gen346 Univ0 prob=0.038
AgeVaxH35.js:2293 360I x:ageGp:fam 135:2:-1 by blue 65:1:-1 at gen347 Univ0 prob=0.927
AgeVaxH35.js:2293 360I x:ageGp:fam 728:5:-1 by blue 65:1:-1 at gen347 Univ0 prob=0.064
AgeVaxH35.js:2293 360I x:ageGp:fam 886:6:-1 by blue 420:3:-1 at gen347 Univ0 prob=0.751
AgeVaxH35.js:2293 360I x:ageGp:fam 868:6:-1 by blue 629:4:-1 at gen347 Univ0 prob=0.933
AgeVaxH35.js:2293 360I x:ageGp:fam 682:4:-1 by blue 659:4:-1 at gen347 Univ0 prob=0.809
AgeVaxH35.js:2293 360I x:ageGp:fam 830:6:-1 by red 922:7:-1 at gen347 Univ0 prob=0.726
AgeVaxH35.js:2293 363I x:ageGp:fam 187:2:-1 by red 251:2:-1 at gen348 Univ0 prob=0.869
AgeVaxH35.js:2293 363I x:ageGp:fam 838:6:-1 by red 409:3:-1 at gen348 Univ0 prob=0.820
AgeVaxH35.js:2293 369I x:ageGp:fam 223:2:-1 by red 600:4:-1 at gen349 Univ0 prob=0.743
AgeVaxH35.js:2293 369I x:ageGp:fam 773:5:-1 by blue 825:6:-1 at gen349 Univ0 prob=0.854
AgeVaxH35.js:2293 371I x:ageGp:fam 174:2:-1 by blue 678:4:-1 at gen350 Univ0 prob=0.998
AgeVaxH35.js:2293 371I x:ageGp:fam 235:2:-1 by red 820:5:-1 at gen350 Univ0 prob=0.963
AgeVaxH35.js:2293 371I x:ageGp:fam 939:7:-1 by blue 334:2:-1 at gen350 Univ0 prob=0.666
AgeVaxH35.js:2293 371I x:ageGp:fam 929:7:-1 by blue 822:6:-1 at gen350 Univ0 prob=0.373
AgeVaxH35.js:2293 373I x:ageGp:fam 778:5:-1 by blue 853:6:-1 at gen351 Univ0 prob=0.726
AgeVaxH35.js:2293 377I x:ageGp:fam 861:6:-1 by blue 18:0:-1 at gen352 Univ0 prob=0.825
AgeVaxH35.js:2293 377I x:ageGp:fam 573:4:-1 by red 58:1:-1 at gen352 Univ0 prob=0.520
AgeVaxH35.js:2293 377I x:ageGp:fam 446:3:-1 by red 760:5:-1 at gen352 Univ0 prob=0.101
AgeVaxH35.js:2293 377I x:ageGp:fam 707:5:-1 by red 487:3:-1 at gen352 Univ0 prob=0.171
AgeVaxH35.js:2293 378I x:ageGp:fam 795:5:-1 by blue 94:1:-1 at gen353 Univ0 prob=0.176
AgeVaxH35.js:2293 378I x:ageGp:fam 534:3:-1 by blue 512:3:-1 at gen353 Univ0 prob=0.050
AgeVaxH35.js:2293 378I x:ageGp:fam 638:4:-1 by red 898:6:-1 at gen353 Univ0 prob=0.209
AgeVaxH35.js:2293 382I x:ageGp:fam 647:4:-1 by blue 302:2:-1 at gen354 Univ0 prob=0.715
AgeVaxH35.js:2293 382I x:ageGp:fam 684:4:-1 by blue 429:3:-1 at gen354 Univ0 prob=0.356
AgeVaxH35.js:2293 382I x:ageGp:fam 513:3:-1 by blue 780:5:-1 at gen354 Univ0 prob=0.995
AgeVaxH35.js:2293 382I x:ageGp:fam 559:4:-1 by blue 540:3:-1 at gen354 Univ0 prob=0.940
AgeVaxH35.js:2293 385I x:ageGp:fam 34:0:-1 by blue 412:3:-1 at gen355 Univ0 prob=0.050
AgeVaxH35.js:2293 385I x:ageGp:fam 381:3:-1 by red 88:1:-1 at gen355 Univ0 prob=0.910
AgeVaxH35.js:2293 385I x:ageGp:fam 606:4:-1 by red 552:4:-1 at gen355 Univ0 prob=0.322
AgeVaxH35.js:2293 385I x:ageGp:fam 714:5:-1 by blue 556:4:-1 at gen355 Univ0 prob=0.773
AgeVaxH35.js:2293 385I x:ageGp:fam 878:6:-1 by blue 629:4:-1 at gen355 Univ0 prob=0.706
AgeVaxH35.js:2293 389I x:ageGp:fam 26:0:-1 by red 122:1:-1 at gen356 Univ0 prob=0.429
AgeVaxH35.js:2293 389I x:ageGp:fam 265:2:-1 by blue 394:3:-1 at gen356 Univ0 prob=0.845
AgeVaxH35.js:2293 389I x:ageGp:fam 293:2:-1 by blue 536:3:-1 at gen356 Univ0 prob=0.721
AgeVaxH35.js:2293 389I x:ageGp:fam 537:3:-1 by red 552:4:-1 at gen356 Univ0 prob=0.831
AgeVaxH35.js:2293 389I x:ageGp:fam 870:6:-1 by blue 708:5:-1 at gen356 Univ0 prob=0.783
AgeVaxH35.js:2293 394I x:ageGp:fam 38:0:-1 by blue 65:1:-1 at gen357 Univ0 prob=0.780
AgeVaxH35.js:2293 394I x:ageGp:fam 857:6:-1 by red 109:1:-1 at gen357 Univ0 prob=0.148
AgeVaxH35.js:2293 394I x:ageGp:fam 194:2:-1 by blue 921:7:-1 at gen357 Univ0 prob=0.667
AgeVaxH35.js:2293 394I x:ageGp:fam 282:2:-1 by blue 658:4:-1 at gen357 Univ0 prob=0.221
AgeVaxH35.js:2293 394I x:ageGp:fam 571:4:-1 by blue 658:4:-1 at gen357 Univ0 prob=0.471
AgeVaxH35.js:2293 399I x:ageGp:fam 237:2:-1 by blue 334:2:-1 at gen358 Univ0 prob=0.955
AgeVaxH35.js:2293 399I x:ageGp:fam 460:3:-1 by red 686:4:-1 at gen358 Univ0 prob=0.393
AgeVaxH35.js:2293 404I x:ageGp:fam 236:2:-1 by blue 574:4:-1 at gen359 Univ0 prob=0.380
AgeVaxH35.js:2293 404I x:ageGp:fam 304:2:-1 by red 271:2:-1 at gen359 Univ0 prob=0.952
AgeVaxH35.js:2293 404I x:ageGp:fam 368:3:-1 by red 705:5:-1 at gen359 Univ0 prob=0.009
AgeVaxH35.js:2293 404I x:ageGp:fam 500:3:-1 by red 580:4:-1 at gen359 Univ0 prob=0.266
AgeVaxH35.js:2293 406I x:ageGp:fam 516:3:-1 by blue 286:2:-1 at gen360 Univ0 prob=0.840
AgeVaxH35.js:2293 406I x:ageGp:fam 613:4:-1 by blue 802:5:-1 at gen360 Univ0 prob=0.315
AgeVaxH35.js:2293 410I x:ageGp:fam 155:2:-1 by blue 900:6:-1 at gen361 Univ0 prob=0.601
AgeVaxH35.js:2293 410I x:ageGp:fam 562:4:-1 by blue 158:2:-1 at gen361 Univ0 prob=0.316
AgeVaxH35.js:2293 410I x:ageGp:fam 369:3:-1 by blue 429:3:-1 at gen361 Univ0 prob=0.832
AgeVaxH35.js:2293 410I x:ageGp:fam 621:4:-1 by red 636:4:-1 at gen361 Univ0 prob=0.401
AgeVaxH35.js:2293 412I x:ageGp:fam 55:1:-1 by red 288:2:-1 at gen362 Univ0 prob=0.090
AgeVaxH35.js:2293 412I x:ageGp:fam 740:5:-1 by red 62:1:-1 at gen362 Univ0 prob=0.963
AgeVaxH35.js:2293 412I x:ageGp:fam 95:1:-1 by red 178:2:-1 at gen362 Univ0 prob=0.821
AgeVaxH35.js:2293 412I x:ageGp:fam 933:7:-1 by blue 204:2:-1 at gen362 Univ0 prob=0.236
AgeVaxH35.js:2293 412I x:ageGp:fam 881:6:-1 by red 275:2:-1 at gen362 Univ0 prob=0.466
AgeVaxH35.js:2293 416I x:ageGp:fam 380:3:-1 by red 635:4:-1 at gen363 Univ0 prob=0.652
AgeVaxH35.js:2293 416I x:ageGp:fam 472:3:-1 by blue 632:4:-1 at gen363 Univ0 prob=0.265
AgeVaxH35.js:2293 416I x:ageGp:fam 475:3:-1 by blue 900:6:-1 at gen363 Univ0 prob=0.324
AgeVaxH35.js:2293 421I x:ageGp:fam 804:5:-1 by red 215:2:-1 at gen364 Univ0 prob=0.586
AgeVaxH35.js:2293 421I x:ageGp:fam 823:6:-1 by blue 668:4:-1 at gen364 Univ0 prob=0.811
AgeVaxH35.js:2293 424I x:ageGp:fam 895:6:-1 by red 88:1:-1 at gen365 Univ0 prob=0.304
AgeVaxH35.js:2293 424I x:ageGp:fam 105:1:-1 by red 316:2:-1 at gen365 Univ0 prob=0.255
AgeVaxH35.js:2293 424I x:ageGp:fam 274:2:-1 by blue 711:5:-1 at gen365 Univ0 prob=0.209
AgeVaxH35.js:2293 424I x:ageGp:fam 847:6:-1 by blue 583:4:-1 at gen365 Univ0 prob=0.017
AgeVaxH35.js:2293 426I x:ageGp:fam 248:2:-1 by red 8:0:-1 at gen366 Univ0 prob=0.326
AgeVaxH35.js:2293 426I x:ageGp:fam 478:3:-1 by blue 349:2:-1 at gen366 Univ0 prob=0.530
AgeVaxH35.js:2293 426I x:ageGp:fam 509:3:-1 by red 636:4:-1 at gen366 Univ0 prob=0.658
AgeVaxH35.js:2293 430I x:ageGp:fam 30:0:-1 by blue 161:2:-1 at gen367 Univ0 prob=0.345
AgeVaxH35.js:2293 430I x:ageGp:fam 80:1:-1 by blue 116:1:-1 at gen367 Univ0 prob=0.585
AgeVaxH35.js:2293 430I x:ageGp:fam 107:1:-1 by blue 567:4:-1 at gen367 Univ0 prob=0.660
AgeVaxH35.js:2293 430I x:ageGp:fam 205:2:-1 by blue 625:4:-1 at gen367 Univ0 prob=0.008
AgeVaxH35.js:2293 430I x:ageGp:fam 418:3:-1 by red 824:6:-1 at gen367 Univ0 prob=0.366
AgeVaxH35.js:2293 433I x:ageGp:fam 185:2:-1 by blue 575:4:-1 at gen368 Univ0 prob=0.695
AgeVaxH35.js:2293 433I x:ageGp:fam 256:2:-1 by red 618:4:-1 at gen368 Univ0 prob=0.573
AgeVaxH35.js:2293 433I x:ageGp:fam 276:2:-1 by blue 491:3:-1 at gen368 Univ0 prob=0.589
AgeVaxH35.js:2293 433I x:ageGp:fam 518:3:-1 by blue 286:2:-1 at gen368 Univ0 prob=0.692
AgeVaxH35.js:2293 438I x:ageGp:fam 64:1:-1 by red 882:6:-1 at gen369 Univ0 prob=0.042
AgeVaxH35.js:2293 438I x:ageGp:fam 133:2:-1 by red 239:2:-1 at gen369 Univ0 prob=0.847
AgeVaxH35.js:2293 438I x:ageGp:fam 168:2:-1 by blue 581:4:-1 at gen369 Univ0 prob=0.961
AgeVaxH35.js:2293 438I x:ageGp:fam 589:4:-1 by blue 225:2:-1 at gen369 Univ0 prob=0.320
AgeVaxH35.js:2293 438I x:ageGp:fam 277:2:-1 by blue 690:5:-1 at gen369 Univ0 prob=0.594
AgeVaxH35.js:2293 438I x:ageGp:fam 787:5:-1 by blue 708:5:-1 at gen369 Univ0 prob=0.797
AgeVaxH35.js:2293 442I x:ageGp:fam 224:2:-1 by red 824:6:-1 at gen370 Univ0 prob=0.258
AgeVaxH35.js:2293 442I x:ageGp:fam 856:6:-1 by blue 420:3:-1 at gen370 Univ0 prob=0.937
AgeVaxH35.js:2293 442I x:ageGp:fam 457:3:-1 by blue 463:3:-1 at gen370 Univ0 prob=0.852
AgeVaxH35.js:2293 442I x:ageGp:fam 645:4:-1 by red 719:5:-1 at gen370 Univ0 prob=0.818
AgeVaxH35.js:2293 448I x:ageGp:fam 281:2:-1 by red 635:4:-1 at gen371 Univ0 prob=0.713
AgeVaxH35.js:2293 452I x:ageGp:fam 399:3:-1 by red 58:1:-1 at gen372 Univ0 prob=0.175
AgeVaxH35.js:2293 452I x:ageGp:fam 61:1:-1 by blue 485:3:-1 at gen372 Univ0 prob=0.873
AgeVaxH35.js:2293 452I x:ageGp:fam 849:6:-1 by red 103:1:-1 at gen372 Univ0 prob=0.261
AgeVaxH35.js:2293 452I x:ageGp:fam 622:4:-1 by blue 132:2:-1 at gen372 Univ0 prob=0.194
AgeVaxH35.js:2293 452I x:ageGp:fam 157:2:-1 by blue 629:4:-1 at gen372 Univ0 prob=0.975
AgeVaxH35.js:2293 453I x:ageGp:fam 554:4:-1 by blue 59:1:-1 at gen373 Univ0 prob=0.989
AgeVaxH35.js:2293 453I x:ageGp:fam 817:5:-1 by blue 111:1:-1 at gen373 Univ0 prob=0.802
AgeVaxH35.js:2293 453I x:ageGp:fam 709:5:-1 by blue 204:2:-1 at gen373 Univ0 prob=0.768
AgeVaxH35.js:2293 453I x:ageGp:fam 826:6:-1 by blue 214:2:-1 at gen373 Univ0 prob=0.589
AgeVaxH35.js:2293 453I x:ageGp:fam 919:7:-1 by red 260:2:-1 at gen373 Univ0 prob=0.184
AgeVaxH35.js:2293 453I x:ageGp:fam 279:2:-1 by blue 775:5:-1 at gen373 Univ0 prob=0.197
AgeVaxH35.js:2293 453I x:ageGp:fam 542:4:-1 by red 836:6:-1 at gen373 Univ0 prob=0.627
AgeVaxH35.js:2293 458I x:ageGp:fam 112:1:-1 by blue 825:6:-1 at gen374 Univ0 prob=0.475
AgeVaxH35.js:2293 458I x:ageGp:fam 182:2:-1 by red 788:5:-1 at gen374 Univ0 prob=0.893
AgeVaxH35.js:2293 458I x:ageGp:fam 808:5:-1 by red 416:3:-1 at gen374 Univ0 prob=0.072
AgeVaxH35.js:2293 458I x:ageGp:fam 594:4:-1 by blue 543:4:-1 at gen374 Univ0 prob=0.503
AgeVaxH35.js:2293 458I x:ageGp:fam 772:5:-1 by blue 659:4:-1 at gen374 Univ0 prob=0.908
AgeVaxH35.js:2293 458I x:ageGp:fam 739:5:-1 by blue 928:7:-1 at gen374 Univ0 prob=0.434
AgeVaxH35.js:2293 465I x:ageGp:fam 835:6:-1 by red 176:2:-1 at gen375 Univ0 prob=0.378
AgeVaxH35.js:2293 465I x:ageGp:fam 816:5:-1 by blue 203:2:-1 at gen375 Univ0 prob=0.113
AgeVaxH35.js:2293 465I x:ageGp:fam 257:2:-1 by red 487:3:-1 at gen375 Univ0 prob=0.069
AgeVaxH35.js:2293 465I x:ageGp:fam 565:4:-1 by blue 429:3:-1 at gen375 Univ0 prob=0.224
AgeVaxH35.js:2293 465I x:ageGp:fam 767:5:-1 by blue 543:4:-1 at gen375 Univ0 prob=0.076
AgeVaxH35.js:2293 465I x:ageGp:fam 610:4:-1 by blue 859:6:-1 at gen375 Univ0 prob=0.251
AgeVaxH35.js:2293 471I x:ageGp:fam 700:5:-1 by red 297:2:-1 at gen376 Univ0 prob=0.840
AgeVaxH35.js:2293 471I x:ageGp:fam 402:3:-1 by red 506:3:-1 at gen376 Univ0 prob=0.437
AgeVaxH35.js:2293 471I x:ageGp:fam 901:6:-1 by blue 671:4:-1 at gen376 Univ0 prob=0.384
AgeVaxH35.js:2293 477I x:ageGp:fam 250:2:-1 by blue 977:8:-1 at gen377 Univ0 prob=0.505
AgeVaxH35.js:2293 480I x:ageGp:fam 13:0:-1 by blue 25:0:-1 at gen378 Univ0 prob=0.501
AgeVaxH35.js:2293 480I x:ageGp:fam 86:1:-1 by red 122:1:-1 at gen378 Univ0 prob=0.362
AgeVaxH35.js:2293 480I x:ageGp:fam 180:2:-1 by blue 113:1:-1 at gen378 Univ0 prob=0.712
AgeVaxH35.js:2293 480I x:ageGp:fam 141:2:-1 by red 498:3:-1 at gen378 Univ0 prob=0.208
AgeVaxH35.js:2293 480I x:ageGp:fam 160:2:-1 by blue 697:5:-1 at gen378 Univ0 prob=0.243
AgeVaxH35.js:2293 480I x:ageGp:fam 615:4:-1 by blue 241:2:-1 at gen378 Univ0 prob=0.790
AgeVaxH35.js:2293 480I x:ageGp:fam 364:3:-1 by blue 780:5:-1 at gen378 Univ0 prob=0.954
AgeVaxH35.js:2293 480I x:ageGp:fam 389:3:-1 by blue 463:3:-1 at gen378 Univ0 prob=0.620
AgeVaxH35.js:2293 481I x:ageGp:fam 0:0:-1 by red 887:6:-1 at gen379 Univ0 prob=0.971
AgeVaxH35.js:2293 481I x:ageGp:fam 785:5:-1 by blue 65:1:-1 at gen379 Univ0 prob=0.709
AgeVaxH35.js:2293 481I x:ageGp:fam 193:2:-1 by blue 726:5:-1 at gen379 Univ0 prob=0.501
AgeVaxH35.js:2293 481I x:ageGp:fam 393:3:-1 by red 255:2:-1 at gen379 Univ0 prob=0.775
AgeVaxH35.js:2293 481I x:ageGp:fam 382:3:-1 by red 413:3:-1 at gen379 Univ0 prob=0.802
AgeVaxH35.js:2293 481I x:ageGp:fam 428:3:-1 by blue 721:5:-1 at gen379 Univ0 prob=0.389
AgeVaxH35.js:2293 481I x:ageGp:fam 633:4:-1 by blue 558:4:-1 at gen379 Univ0 prob=0.264
AgeVaxH35.js:2293 481I x:ageGp:fam 818:5:-1 by blue 986:9:-1 at gen379 Univ0 prob=0.530
AgeVaxH35.js:2293 489I x:ageGp:fam 227:2:-1 by blue 161:2:-1 at gen380 Univ0 prob=0.832
AgeVaxH35.js:2293 489I x:ageGp:fam 855:6:-1 by blue 241:2:-1 at gen380 Univ0 prob=0.496
AgeVaxH35.js:2293 489I x:ageGp:fam 243:2:-1 by blue 536:3:-1 at gen380 Univ0 prob=0.344
AgeVaxH35.js:2293 489I x:ageGp:fam 244:2:-1 by red 319:2:-1 at gen380 Univ0 prob=0.554
AgeVaxH35.js:2293 489I x:ageGp:fam 356:2:-1 by blue 575:4:-1 at gen380 Univ0 prob=0.564
AgeVaxH35.js:2293 489I x:ageGp:fam 667:4:-1 by blue 385:3:-1 at gen380 Univ0 prob=0.873
AgeVaxH35.js:2293 489I x:ageGp:fam 398:3:-1 by blue 900:6:-1 at gen380 Univ0 prob=0.057
AgeVaxH35.js:2293 497I x:ageGp:fam 529:3:-1 by red 259:2:-1 at gen381 Univ0 prob=0.349
AgeVaxH35.js:2293 497I x:ageGp:fam 722:5:-1 by yellow 461:3:-1 at gen381 Univ0 prob=0.267
AgeVaxH35.js:2293 497I x:ageGp:fam 749:5:-1 by blue 712:5:-1 at gen381 Univ0 prob=0.308
AgeVaxH35.js:2293 504I x:ageGp:fam 104:1:-1 by red 636:4:-1 at gen382 Univ0 prob=0.272
AgeVaxH35.js:2293 504I x:ageGp:fam 181:2:-1 by red 387:3:-1 at gen382 Univ0 prob=0.620
AgeVaxH35.js:2293 504I x:ageGp:fam 229:2:-1 by red 431:3:-1 at gen382 Univ0 prob=0.099
AgeVaxH35.js:2293 504I x:ageGp:fam 549:4:-1 by red 530:3:-1 at gen382 Univ0 prob=0.224
AgeVaxH35.js:2293 504I x:ageGp:fam 967:8:-1 by blue 944:7:-1 at gen382 Univ0 prob=0.031
AgeVaxH35.js:2293 507I x:ageGp:fam 233:2:-1 by blue 289:2:-1 at gen383 Univ0 prob=0.193
AgeVaxH35.js:2293 507I x:ageGp:fam 815:5:-1 by blue 266:2:-1 at gen383 Univ0 prob=0.881
AgeVaxH35.js:2293 507I x:ageGp:fam 269:2:-1 by red 803:5:-1 at gen383 Univ0 prob=0.556
AgeVaxH35.js:2293 507I x:ageGp:fam 295:2:-1 by blue 649:4:-1 at gen383 Univ0 prob=0.993
AgeVaxH35.js:2293 507I x:ageGp:fam 614:4:-1 by blue 357:2:-1 at gen383 Univ0 prob=0.327
AgeVaxH35.js:2293 507I x:ageGp:fam 809:5:-1 by red 556:4:-1 at gen383 Univ0 prob=0.147
AgeVaxH35.js:2293 507I x:ageGp:fam 987:9:-1 by blue 802:5:-1 at gen383 Univ0 prob=0.964
AgeVaxH35.js:2293 512I x:ageGp:fam 170:2:-1 by red 898:6:-1 at gen384 Univ0 prob=0.673
AgeVaxH35.js:2293 519I x:ageGp:fam 49:1:-1 by red 387:3:-1 at gen385 Univ0 prob=0.078
AgeVaxH35.js:2293 519I x:ageGp:fam 609:4:-1 by blue 60:1:-1 at gen385 Univ0 prob=0.799
AgeVaxH35.js:2293 519I x:ageGp:fam 481:3:-1 by red 130:1:-1 at gen385 Univ0 prob=0.433
AgeVaxH35.js:2293 519I x:ageGp:fam 179:2:-1 by red 498:3:-1 at gen385 Univ0 prob=0.121
AgeVaxH35.js:2293 520I x:ageGp:fam 314:2:-1 by blue 77:1:-1 at gen386 Univ0 prob=0.707
AgeVaxH35.js:2293 520I x:ageGp:fam 480:3:-1 by blue 351:2:-1 at gen386 Univ0 prob=0.348
AgeVaxH35.js:2293 524I x:ageGp:fam 39:0:-1 by blue 775:5:-1 at gen387 Univ0 prob=0.831
AgeVaxH35.js:2293 524I x:ageGp:fam 129:1:-1 by blue 936:7:-1 at gen387 Univ0 prob=0.033
AgeVaxH35.js:2293 524I x:ageGp:fam 384:3:-1 by red 497:3:-1 at gen387 Univ0 prob=0.191
AgeVaxH35.js:2293 524I x:ageGp:fam 984:9:-1 by red 580:4:-1 at gen387 Univ0 prob=0.157
AgeVaxH35.js:2293 526I x:ageGp:fam 665:4:-1 by blue 936:7:-1 at gen388 Univ0 prob=0.504
AgeVaxH35.js:2293 526I x:ageGp:fam 717:5:-1 by red 746:5:-1 at gen388 Univ0 prob=0.893
AgeVaxH35.js:2293 530I x:ageGp:fam 404:3:-1 by red 94:1:-1 at gen389 Univ0 prob=0.561
AgeVaxH35.js:2293 530I x:ageGp:fam 102:1:-1 by blue 100:1:-1 at gen389 Univ0 prob=0.390
AgeVaxH35.js:2293 530I x:ageGp:fam 148:2:-1 by blue 455:3:-1 at gen389 Univ0 prob=0.462
AgeVaxH35.js:2293 530I x:ageGp:fam 713:5:-1 by red 660:4:-1 at gen389 Univ0 prob=0.422
AgeVaxH35.js:2293 532I x:ageGp:fam 43:1:-1 by blue 397:3:-1 at gen390 Univ0 prob=0.254
AgeVaxH35.js:2293 532I x:ageGp:fam 484:3:-1 by blue 261:2:-1 at gen390 Univ0 prob=0.733
AgeVaxH35.js:2293 532I x:ageGp:fam 272:2:-1 by blue 286:2:-1 at gen390 Univ0 prob=0.981
AgeVaxH35.js:2293 532I x:ageGp:fam 436:3:-1 by red 659:4:-1 at gen390 Univ0 prob=0.624
AgeVaxH35.js:2293 532I x:ageGp:fam 727:5:-1 by blue 450:3:-1 at gen390 Univ0 prob=0.514
AgeVaxH35.js:2293 532I x:ageGp:fam 914:7:-1 by blue 569:4:-1 at gen390 Univ0 prob=0.345
AgeVaxH35.js:2293 532I x:ageGp:fam 786:5:-1 by blue 632:4:-1 at gen390 Univ0 prob=0.607
AgeVaxH35.js:2293 532I x:ageGp:fam 730:5:-1 by blue 802:5:-1 at gen390 Univ0 prob=0.381
AgeVaxH35.js:2293 536I x:ageGp:fam 2:0:-1 by red 109:1:-1 at gen391 Univ0 prob=0.465
AgeVaxH35.js:2293 536I x:ageGp:fam 177:2:-1 by red 118:1:-1 at gen391 Univ0 prob=0.281
AgeVaxH35.js:2293 536I x:ageGp:fam 619:4:-1 by blue 254:2:-1 at gen391 Univ0 prob=0.682
AgeVaxH35.js:2293 536I x:ageGp:fam 527:3:-1 by blue 351:2:-1 at gen391 Univ0 prob=0.059
AgeVaxH35.js:2293 536I x:ageGp:fam 980:8:-1 by blue 833:6:-1 at gen391 Univ0 prob=0.326
AgeVaxH35.js:2293 544I x:ageGp:fam 7:0:-1 by blue 329:2:-1 at gen392 Univ0 prob=0.336
AgeVaxH35.js:2293 544I x:ageGp:fam 415:3:-1 by blue 91:1:-1 at gen392 Univ0 prob=0.470
AgeVaxH35.js:2293 544I x:ageGp:fam 283:2:-1 by blue 394:3:-1 at gen392 Univ0 prob=0.082
AgeVaxH35.js:2293 544I x:ageGp:fam 612:4:-1 by red 699:5:-1 at gen392 Univ0 prob=0.119
AgeVaxH35.js:2293 544I x:ageGp:fam 756:5:-1 by blue 641:4:-1 at gen392 Univ0 prob=0.895
AgeVaxH35.js:2293 549I x:ageGp:fam 152:2:-1 by blue 85:1:-1 at gen393 Univ0 prob=1.000
AgeVaxH35.js:2293 549I x:ageGp:fam 292:2:-1 by red 999:9:-1 at gen393 Univ0 prob=0.356
AgeVaxH35.js:2293 549I x:ageGp:fam 312:2:-1 by red 770:5:-1 at gen393 Univ0 prob=0.221
AgeVaxH35.js:2293 549I x:ageGp:fam 312:2:-1 by red 802:5:-1 at gen393 Univ0 prob=0.934
AgeVaxH35.js:2293 549I x:ageGp:fam 324:2:-1 by blue 469:3:-1 at gen393 Univ0 prob=0.970
AgeVaxH35.js:2293 549I x:ageGp:fam 519:3:-1 by red 354:2:-1 at gen393 Univ0 prob=0.547
AgeVaxH35.js:2293 554I x:ageGp:fam 67:1:-1 by red 316:2:-1 at gen394 Univ0 prob=0.607
AgeVaxH35.js:2293 554I x:ageGp:fam 96:1:-1 by blue 721:5:-1 at gen394 Univ0 prob=0.742
AgeVaxH35.js:2293 554I x:ageGp:fam 653:4:-1 by blue 986:9:-1 at gen394 Univ0 prob=0.301
AgeVaxH35.js:2293 554I x:ageGp:fam 683:4:-1 by blue 805:5:-1 at gen394 Univ0 prob=0.554
AgeVaxH35.js:2293 559I x:ageGp:fam 353:2:-1 by blue 106:1:-1 at gen395 Univ0 prob=0.824
AgeVaxH35.js:2293 559I x:ageGp:fam 232:2:-1 by blue 378:3:-1 at gen395 Univ0 prob=0.789
AgeVaxH35.js:2293 559I x:ageGp:fam 827:6:-1 by red 853:6:-1 at gen395 Univ0 prob=0.884
AgeVaxH35.js:2293 563I x:ageGp:fam 526:3:-1 by blue 59:1:-1 at gen396 Univ0 prob=0.540
AgeVaxH35.js:2293 563I x:ageGp:fam 323:2:-1 by blue 473:3:-1 at gen396 Univ0 prob=0.994
AgeVaxH35.js:2293 563I x:ageGp:fam 359:3:-1 by blue 585:4:-1 at gen396 Univ0 prob=0.155
AgeVaxH35.js:2293 566I x:ageGp:fam 76:1:-1 by red 88:1:-1 at gen397 Univ0 prob=0.421
AgeVaxH35.js:2293 566I x:ageGp:fam 238:2:-1 by blue 541:4:-1 at gen397 Univ0 prob=0.780
AgeVaxH35.js:2293 566I x:ageGp:fam 596:4:-1 by blue 329:2:-1 at gen397 Univ0 prob=0.184
AgeVaxH35.js:2293 566I x:ageGp:fam 890:6:-1 by red 354:2:-1 at gen397 Univ0 prob=0.757
AgeVaxH35.js:2293 566I x:ageGp:fam 403:3:-1 by red 507:3:-1 at gen397 Univ0 prob=0.072
AgeVaxH35.js:2293 569I x:ageGp:fam 959:8:-1 by red 122:1:-1 at gen398 Univ0 prob=0.939
AgeVaxH35.js:2293 569I x:ageGp:fam 300:2:-1 by blue 873:6:-1 at gen398 Univ0 prob=0.418
AgeVaxH35.js:2293 574I x:ageGp:fam 9:0:-1 by blue 859:6:-1 at gen399 Univ0 prob=0.942
AgeVaxH35.js:2293 574I x:ageGp:fam 189:2:-1 by blue 289:2:-1 at gen399 Univ0 prob=0.123
AgeVaxH35.js:2293 574I x:ageGp:fam 344:2:-1 by blue 674:4:-1 at gen399 Univ0 prob=0.568
AgeVaxH35.js:2293 574I x:ageGp:fam 800:5:-1 by red 853:6:-1 at gen399 Univ0 prob=0.954
AgeVaxH35.js:2293 576I x:ageGp:fam 422:3:-1 by red 94:1:-1 at gen400 Univ0 prob=0.250
AgeVaxH35.js:2293 576I x:ageGp:fam 396:3:-1 by red 103:1:-1 at gen400 Univ0 prob=0.183
AgeVaxH35.js:2293 576I x:ageGp:fam 231:2:-1 by red 507:3:-1 at gen400 Univ0 prob=0.361
AgeVaxH35.js:2293 580I x:ageGp:fam 479:3:-1 by red 412:3:-1 at gen401 Univ0 prob=0.707
AgeVaxH35.js:2293 580I x:ageGp:fam 499:3:-1 by red 668:4:-1 at gen401 Univ0 prob=0.194
AgeVaxH35.js:2293 583I x:ageGp:fam 48:1:-1 by red 122:1:-1 at gen402 Univ0 prob=0.128
AgeVaxH35.js:2293 583I x:ageGp:fam 392:3:-1 by blue 986:9:-1 at gen402 Univ0 prob=0.468
AgeVaxH35.js:2293 583I x:ageGp:fam 843:6:-1 by blue 588:4:-1 at gen402 Univ0 prob=0.236
AgeVaxH35.js:2293 583I x:ageGp:fam 673:4:-1 by red 729:5:-1 at gen402 Univ0 prob=0.036
AgeVaxH35.js:2293 583I x:ageGp:fam 846:6:-1 by red 999:9:-1 at gen402 Univ0 prob=0.599
AgeVaxH35.js:2293 585I x:ageGp:fam 688:4:-1 by red 120:1:-1 at gen403 Univ0 prob=0.667
AgeVaxH35.js:2293 585I x:ageGp:fam 197:2:-1 by blue 522:3:-1 at gen403 Univ0 prob=0.620
AgeVaxH35.js:2293 585I x:ageGp:fam 438:3:-1 by blue 564:4:-1 at gen403 Univ0 prob=0.349
AgeVaxH35.js:2293 590I x:ageGp:fam 545:4:-1 by red 75:1:-1 at gen404 Univ0 prob=0.285
AgeVaxH35.js:2293 590I x:ageGp:fam 99:1:-1 by blue 451:3:-1 at gen404 Univ0 prob=0.678
AgeVaxH35.js:2293 590I x:ageGp:fam 441:3:-1 by blue 558:4:-1 at gen404 Univ0 prob=0.057
AgeVaxH35.js:2293 593I x:ageGp:fam 998:9:-1 by blue 12:0:-1 at gen405 Univ0 prob=0.887
AgeVaxH35.js:2293 593I x:ageGp:fam 435:3:-1 by blue 262:2:-1 at gen405 Univ0 prob=0.464
AgeVaxH35.js:2293 593I x:ageGp:fam 313:2:-1 by red 489:3:-1 at gen405 Univ0 prob=0.449
AgeVaxH35.js:2293 593I x:ageGp:fam 903:7:-1 by blue 440:3:-1 at gen405 Univ0 prob=0.918
AgeVaxH35.js:2293 596I x:ageGp:fam 78:1:-1 by red 514:3:-1 at gen406 Univ0 prob=0.201
AgeVaxH35.js:2293 596I x:ageGp:fam 108:1:-1 by red 836:6:-1 at gen406 Univ0 prob=0.254
AgeVaxH35.js:2293 600I x:ageGp:fam 228:2:-1 by red 203:2:-1 at gen407 Univ0 prob=0.731
AgeVaxH35.js:2293 600I x:ageGp:fam 407:3:-1 by red 704:5:-1 at gen407 Univ0 prob=0.646
AgeVaxH35.js:2293 600I x:ageGp:fam 505:3:-1 by blue 588:4:-1 at gen407 Univ0 prob=0.276
AgeVaxH35.js:2293 600I x:ageGp:fam 555:4:-1 by red 659:4:-1 at gen407 Univ0 prob=0.334
AgeVaxH35.js:2293 600I x:ageGp:fam 644:4:-1 by red 923:7:-1 at gen407 Univ0 prob=0.855
AgeVaxH35.js:2293 602I x:ageGp:fam 42:1:-1 by blue 34:0:-1 at gen408 Univ0 prob=0.668
AgeVaxH35.js:2293 602I x:ageGp:fam 829:6:-1 by red 65:1:-1 at gen408 Univ0 prob=0.701
AgeVaxH35.js:2293 602I x:ageGp:fam 68:1:-1 by blue 528:3:-1 at gen408 Univ0 prob=0.103
AgeVaxH35.js:2293 602I x:ageGp:fam 89:1:-1 by blue 456:3:-1 at gen408 Univ0 prob=0.638
AgeVaxH35.js:2293 602I x:ageGp:fam 669:4:-1 by blue 859:6:-1 at gen408 Univ0 prob=0.731
AgeVaxH35.js:2293 607I x:ageGp:fam 680:4:-1 by blue 82:1:-1 at gen409 Univ0 prob=0.297
AgeVaxH35.js:2293 607I x:ageGp:fam 421:3:-1 by blue 144:2:-1 at gen409 Univ0 prob=0.455
AgeVaxH35.js:2293 607I x:ageGp:fam 533:3:-1 by red 225:2:-1 at gen409 Univ0 prob=0.570
AgeVaxH35.js:2293 607I x:ageGp:fam 798:5:-1 by blue 988:9:-1 at gen409 Univ0 prob=0.063
AgeVaxH35.js:2293 612I x:ageGp:fam 183:2:-1 by red 242:2:-1 at gen410 Univ0 prob=0.030
AgeVaxH35.js:2293 612I x:ageGp:fam 582:4:-1 by blue 522:3:-1 at gen410 Univ0 prob=0.157
AgeVaxH35.js:2293 612I x:ageGp:fam 891:6:-1 by red 602:4:-1 at gen410 Univ0 prob=0.441
AgeVaxH35.js:2293 616I x:ageGp:fam 24:0:-1 by red 625:4:-1 at gen411 Univ0 prob=0.099
AgeVaxH35.js:2293 616I x:ageGp:fam 92:1:-1 by blue 222:2:-1 at gen411 Univ0 prob=0.036
AgeVaxH35.js:2293 616I x:ageGp:fam 842:6:-1 by blue 121:1:-1 at gen411 Univ0 prob=0.837
AgeVaxH35.js:2293 616I x:ageGp:fam 138:2:-1 by red 540:3:-1 at gen411 Univ0 prob=0.957
AgeVaxH35.js:2293 616I x:ageGp:fam 191:2:-1 by red 540:3:-1 at gen411 Univ0 prob=0.840
AgeVaxH35.js:2293 616I x:ageGp:fam 494:3:-1 by blue 624:4:-1 at gen411 Univ0 prob=0.420
AgeVaxH35.js:2293 619I x:ageGp:fam 366:3:-1 by red 113:1:-1 at gen412 Univ0 prob=0.953
AgeVaxH35.js:2293 619I x:ageGp:fam 128:1:-1 by blue 741:5:-1 at gen412 Univ0 prob=0.239
AgeVaxH35.js:2293 619I x:ageGp:fam 268:2:-1 by blue 801:5:-1 at gen412 Univ0 prob=0.639
AgeVaxH35.js:2293 619I x:ageGp:fam 737:5:-1 by blue 460:3:-1 at gen412 Univ0 prob=0.967
AgeVaxH35.js:2293 625I x:ageGp:fam 401:3:-1 by blue 12:0:-1 at gen413 Univ0 prob=0.318
AgeVaxH35.js:2293 625I x:ageGp:fam 321:2:-1 by red 729:5:-1 at gen413 Univ0 prob=0.709
AgeVaxH35.js:2293 625I x:ageGp:fam 346:2:-1 by blue 461:3:-1 at gen413 Univ0 prob=0.718
AgeVaxH35.js:2293 625I x:ageGp:fam 553:4:-1 by red 354:2:-1 at gen413 Univ0 prob=0.034
AgeVaxH35.js:2293 625I x:ageGp:fam 623:4:-1 by blue 408:3:-1 at gen413 Univ0 prob=0.889
AgeVaxH35.js:2293 625I x:ageGp:fam 766:5:-1 by red 581:4:-1 at gen413 Univ0 prob=0.593
AgeVaxH35.js:2293 625I x:ageGp:fam 902:7:-1 by red 775:5:-1 at gen413 Univ0 prob=0.047
AgeVaxH35.js:2293 625I x:ageGp:fam 807:5:-1 by red 788:5:-1 at gen413 Univ0 prob=0.899
AgeVaxH35.js:2293 629I x:ageGp:fam 524:3:-1 by red 204:2:-1 at gen414 Univ0 prob=0.258
AgeVaxH35.js:2293 629I x:ageGp:fam 869:6:-1 by red 204:2:-1 at gen414 Univ0 prob=0.533
AgeVaxH35.js:2293 629I x:ageGp:fam 937:7:-1 by red 252:2:-1 at gen414 Univ0 prob=0.750
AgeVaxH35.js:2293 629I x:ageGp:fam 291:2:-1 by red 678:4:-1 at gen414 Univ0 prob=0.749
AgeVaxH35.js:2293 629I x:ageGp:fam 327:2:-1 by red 708:5:-1 at gen414 Univ0 prob=0.398
AgeVaxH35.js:2293 629I x:ageGp:fam 390:3:-1 by red 507:3:-1 at gen414 Univ0 prob=0.289
AgeVaxH35.js:2293 629I x:ageGp:fam 630:4:-1 by red 711:5:-1 at gen414 Univ0 prob=0.926
AgeVaxH35.js:2293 637I x:ageGp:fam 11:0:-1 by blue 328:2:-1 at gen415 Univ0 prob=0.640
AgeVaxH35.js:2293 637I x:ageGp:fam 675:4:-1 by blue 34:0:-1 at gen415 Univ0 prob=0.165
AgeVaxH35.js:2293 637I x:ageGp:fam 706:5:-1 by red 103:1:-1 at gen415 Univ0 prob=0.490
AgeVaxH35.js:2293 637I x:ageGp:fam 897:6:-1 by blue 696:5:-1 at gen415 Univ0 prob=0.838
AgeVaxH35.js:2293 637I x:ageGp:fam 747:5:-1 by red 999:9:-1 at gen415 Univ0 prob=0.632
AgeVaxH35.js:2293 644I x:ageGp:fam 813:5:-1 by blue 156:2:-1 at gen416 Univ0 prob=0.840
AgeVaxH35.js:2293 644I x:ageGp:fam 781:5:-1 by red 567:4:-1 at gen416 Univ0 prob=0.806
AgeVaxH35.js:2293 644I x:ageGp:fam 576:4:-1 by blue 916:7:-1 at gen416 Univ0 prob=0.341
AgeVaxH35.js:2293 649I x:ageGp:fam 517:3:-1 by blue 716:5:-1 at gen417 Univ0 prob=0.925
AgeVaxH35.js:2293 649I x:ageGp:fam 971:8:-1 by red 632:4:-1 at gen417 Univ0 prob=0.659
AgeVaxH35.js:2293 652I x:ageGp:fam 652:4:-1 by blue 261:2:-1 at gen418 Univ0 prob=0.031
AgeVaxH35.js:2293 652I x:ageGp:fam 278:2:-1 by red 825:6:-1 at gen418 Univ0 prob=0.751
AgeVaxH35.js:2293 652I x:ageGp:fam 884:6:-1 by blue 599:4:-1 at gen418 Univ0 prob=0.392
AgeVaxH35.js:2293 654I x:ageGp:fam 616:4:-1 by blue 290:2:-1 at gen419 Univ0 prob=0.446
AgeVaxH35.js:2293 654I x:ageGp:fam 299:2:-1 by blue 598:4:-1 at gen419 Univ0 prob=0.330
AgeVaxH35.js:2293 654I x:ageGp:fam 821:6:-1 by red 770:5:-1 at gen419 Univ0 prob=0.727
AgeVaxH35.js:2293 657I x:ageGp:fam 471:3:-1 by blue 135:2:-1 at gen420 Univ0 prob=0.023
AgeVaxH35.js:2293 657I x:ageGp:fam 854:6:-1 by blue 217:2:-1 at gen420 Univ0 prob=0.704
AgeVaxH35.js:2293 657I x:ageGp:fam 731:5:-1 by blue 294:2:-1 at gen420 Univ0 prob=0.101
AgeVaxH35.js:2293 657I x:ageGp:fam 330:2:-1 by red 552:4:-1 at gen420 Univ0 prob=0.395
AgeVaxH35.js:2293 660I x:ageGp:fam 723:5:-1 by blue 174:2:-1 at gen421 Univ0 prob=0.659
AgeVaxH35.js:2293 660I x:ageGp:fam 337:2:-1 by blue 198:2:-1 at gen421 Univ0 prob=0.762
AgeVaxH35.js:2293 660I x:ageGp:fam 311:2:-1 by blue 293:2:-1 at gen421 Univ0 prob=0.232
AgeVaxH35.js:2293 660I x:ageGp:fam 734:5:-1 by red 528:3:-1 at gen421 Univ0 prob=0.804
AgeVaxH35.js:2293 660I x:ageGp:fam 591:4:-1 by blue 563:4:-1 at gen421 Univ0 prob=0.203
AgeVaxH35.js:2293 660I x:ageGp:fam 734:5:-1 by blue 953:8:-1 at gen421 Univ0 prob=0.903
AgeVaxH35.js:2293 664I x:ageGp:fam 51:1:-1 by yellow 709:5:-1 at gen422 Univ0 prob=0.365
AgeVaxH35.js:2293 664I x:ageGp:fam 303:2:-1 by blue 82:1:-1 at gen422 Univ0 prob=0.840
AgeVaxH35.js:2293 664I x:ageGp:fam 363:3:-1 by blue 671:4:-1 at gen422 Univ0 prob=0.808
AgeVaxH35.js:2293 664I x:ageGp:fam 994:9:-1 by yellow 709:5:-1 at gen422 Univ0 prob=0.681
AgeVaxH35.js:2293 669I x:ageGp:fam 226:2:-1 by blue 789:5:-1 at gen423 Univ0 prob=0.297
AgeVaxH35.js:2293 669I x:ageGp:fam 687:4:-1 by red 241:2:-1 at gen423 Univ0 prob=0.813
AgeVaxH35.js:2293 669I x:ageGp:fam 425:3:-1 by blue 778:5:-1 at gen423 Univ0 prob=0.142
AgeVaxH35.js:2293 669I x:ageGp:fam 774:5:-1 by blue 654:4:-1 at gen423 Univ0 prob=0.833
AgeVaxH35.js:2293 673I x:ageGp:fam 117:1:-1 by blue 741:5:-1 at gen424 Univ0 prob=0.589
AgeVaxH35.js:2293 673I x:ageGp:fam 142:2:-1 by red 512:3:-1 at gen424 Univ0 prob=0.130
AgeVaxH35.js:2293 673I x:ageGp:fam 163:2:-1 by blue 930:7:-1 at gen424 Univ0 prob=0.611
AgeVaxH35.js:2293 673I x:ageGp:fam 548:4:-1 by blue 219:2:-1 at gen424 Univ0 prob=0.106
AgeVaxH35.js:2293 673I x:ageGp:fam 459:3:-1 by red 240:2:-1 at gen424 Univ0 prob=0.675
AgeVaxH35.js:2293 673I x:ageGp:fam 267:2:-1 by blue 419:3:-1 at gen424 Univ0 prob=0.790
AgeVaxH35.js:2293 673I x:ageGp:fam 508:3:-1 by red 678:4:-1 at gen424 Univ0 prob=0.431
AgeVaxH35.js:2293 673I x:ageGp:fam 715:5:-1 by blue 837:6:-1 at gen424 Univ0 prob=0.112
AgeVaxH35.js:2293 677I x:ageGp:fam 515:3:-1 by red 921:7:-1 at gen425 Univ0 prob=0.249
AgeVaxH35.js:2293 685I x:ageGp:fam 79:1:-1 by blue 513:3:-1 at gen426 Univ0 prob=0.270
AgeVaxH35.js:2293 685I x:ageGp:fam 362:3:-1 by blue 909:7:-1 at gen426 Univ0 prob=0.961
AgeVaxH35.js:2293 685I x:ageGp:fam 650:4:-1 by blue 859:6:-1 at gen426 Univ0 prob=0.431
AgeVaxH35.js:2293 686I x:ageGp:fam 27:0:-1 by red 906:7:-1 at gen427 Univ0 prob=0.085
AgeVaxH35.js:2293 686I x:ageGp:fam 137:2:-1 by red 266:2:-1 at gen427 Univ0 prob=0.666
AgeVaxH35.js:2293 686I x:ageGp:fam 405:3:-1 by blue 778:5:-1 at gen427 Univ0 prob=0.300
AgeVaxH35.js:2293 689I x:ageGp:fam 725:5:-1 by blue 77:1:-1 at gen428 Univ0 prob=0.209
AgeVaxH35.js:2293 689I x:ageGp:fam 907:7:-1 by red 111:1:-1 at gen428 Univ0 prob=0.724
AgeVaxH35.js:2293 689I x:ageGp:fam 406:3:-1 by blue 647:4:-1 at gen428 Univ0 prob=0.517
AgeVaxH35.js:2293 692I x:ageGp:fam 29:0:-1 by red 62:1:-1 at gen429 Univ0 prob=0.181
AgeVaxH35.js:2293 692I x:ageGp:fam 33:0:-1 by red 394:3:-1 at gen429 Univ0 prob=0.318
AgeVaxH35.js:2293 692I x:ageGp:fam 199:2:-1 by blue 804:5:-1 at gen429 Univ0 prob=0.931
AgeVaxH35.js:2293 692I x:ageGp:fam 496:3:-1 by red 262:2:-1 at gen429 Univ0 prob=0.135
AgeVaxH35.js:2293 692I x:ageGp:fam 298:2:-1 by red 423:3:-1 at gen429 Univ0 prob=0.646
AgeVaxH35.js:2293 695I x:ageGp:fam 134:2:-1 by red 729:5:-1 at gen430 Univ0 prob=0.319
AgeVaxH35.js:2293 695I x:ageGp:fam 978:8:-1 by blue 795:5:-1 at gen430 Univ0 prob=0.116
AgeVaxH35.js:2293 700I x:ageGp:fam 447:3:-1 by red 397:3:-1 at gen431 Univ0 prob=0.357
AgeVaxH35.js:2293 700I x:ageGp:fam 572:4:-1 by blue 513:3:-1 at gen431 Univ0 prob=0.873
AgeVaxH35.js:2293 700I x:ageGp:fam 718:5:-1 by blue 720:5:-1 at gen431 Univ0 prob=0.212
AgeVaxH35.js:2293 702I x:ageGp:fam 166:2:-1 by blue 156:2:-1 at gen432 Univ0 prob=0.658
AgeVaxH35.js:2293 702I x:ageGp:fam 462:3:-1 by red 574:4:-1 at gen432 Univ0 prob=0.309
AgeVaxH35.js:2293 705I x:ageGp:fam 97:1:-1 by red 387:3:-1 at gen433 Univ0 prob=0.785
AgeVaxH35.js:2293 705I x:ageGp:fam 566:4:-1 by blue 219:2:-1 at gen433 Univ0 prob=0.120
AgeVaxH35.js:2293 707I x:ageGp:fam 270:2:-1 by blue 889:6:-1 at gen434 Univ0 prob=0.896
AgeVaxH35.js:2293 709I x:ageGp:fam 511:3:-1 by blue 538:3:-1 at gen435 Univ0 prob=0.779
AgeVaxH35.js:2293 709I x:ageGp:fam 864:6:-1 by blue 543:4:-1 at gen435 Univ0 prob=0.864
AgeVaxH35.js:2293 710I x:ageGp:fam 467:3:-1 by blue 398:3:-1 at gen436 Univ0 prob=0.851
AgeVaxH35.js:2293 710I x:ageGp:fam 742:5:-1 by red 429:3:-1 at gen436 Univ0 prob=0.140
AgeVaxH35.js:2293 712I x:ageGp:fam 611:4:-1 by red 94:1:-1 at gen437 Univ0 prob=0.748
AgeVaxH35.js:2293 712I x:ageGp:fam 172:2:-1 by blue 537:3:-1 at gen437 Univ0 prob=0.337
AgeVaxH35.js:2293 712I x:ageGp:fam 301:2:-1 by red 780:5:-1 at gen437 Univ0 prob=0.020
AgeVaxH35.js:2293 714I x:ageGp:fam 216:2:-1 by red 240:2:-1 at gen438 Univ0 prob=0.511
AgeVaxH35.js:2293 714I x:ageGp:fam 579:4:-1 by blue 509:3:-1 at gen438 Univ0 prob=0.095
AgeVaxH35.js:2293 717I x:ageGp:fam 724:5:-1 by blue 26:0:-1 at gen439 Univ0 prob=0.069
AgeVaxH35.js:2293 717I x:ageGp:fam 202:2:-1 by red 162:2:-1 at gen439 Univ0 prob=0.123
AgeVaxH35.js:2293 717I x:ageGp:fam 866:6:-1 by blue 187:2:-1 at gen439 Univ0 prob=0.362
AgeVaxH35.js:2293 719I x:ageGp:fam 125:1:-1 by red 101:1:-1 at gen440 Univ0 prob=0.262
AgeVaxH35.js:2293 719I x:ageGp:fam 220:2:-1 by blue 107:1:-1 at gen440 Univ0 prob=0.979
AgeVaxH35.js:2293 719I x:ageGp:fam 670:4:-1 by blue 194:2:-1 at gen440 Univ0 prob=0.611
AgeVaxH35.js:2293 719I x:ageGp:fam 379:3:-1 by red 341:2:-1 at gen440 Univ0 prob=0.555
AgeVaxH35.js:2293 719I x:ageGp:fam 361:3:-1 by red 569:4:-1 at gen440 Univ0 prob=0.469
AgeVaxH35.js:2293 719I x:ageGp:fam 424:3:-1 by blue 621:4:-1 at gen440 Univ0 prob=0.830
AgeVaxH35.js:2293 722I x:ageGp:fam 333:2:-1 by red 84:1:-1 at gen441 Univ0 prob=0.989
AgeVaxH35.js:2293 722I x:ageGp:fam 960:8:-1 by blue 143:2:-1 at gen441 Univ0 prob=0.134
AgeVaxH35.js:2293 722I x:ageGp:fam 358:2:-1 by blue 437:3:-1 at gen441 Univ0 prob=0.121
AgeVaxH35.js:2293 722I x:ageGp:fam 535:3:-1 by red 592:4:-1 at gen441 Univ0 prob=0.372
AgeVaxH35.js:2293 728I x:ageGp:fam 20:0:-1 by red 204:2:-1 at gen442 Univ0 prob=0.681
AgeVaxH35.js:2293 728I x:ageGp:fam 617:4:-1 by red 770:5:-1 at gen442 Univ0 prob=0.889
AgeVaxH35.js:2293 728I x:ageGp:fam 664:4:-1 by blue 838:6:-1 at gen442 Univ0 prob=0.983
AgeVaxH35.js:2293 732I x:ageGp:fam 495:3:-1 by blue 106:1:-1 at gen443 Univ0 prob=0.090
AgeVaxH35.js:2293 732I x:ageGp:fam 139:2:-1 by red 575:4:-1 at gen443 Univ0 prob=0.636
AgeVaxH35.js:2293 732I x:ageGp:fam 352:2:-1 by blue 144:2:-1 at gen443 Univ0 prob=0.274
AgeVaxH35.js:2293 732I x:ageGp:fam 184:2:-1 by blue 369:3:-1 at gen443 Univ0 prob=0.880
AgeVaxH35.js:2293 732I x:ageGp:fam 578:4:-1 by red 351:2:-1 at gen443 Univ0 prob=0.955
AgeVaxH35.js:2293 732I x:ageGp:fam 888:6:-1 by blue 355:2:-1 at gen443 Univ0 prob=0.826
AgeVaxH35.js:2293 735I x:ageGp:fam 388:3:-1 by red 408:3:-1 at gen444 Univ0 prob=0.190
AgeVaxH35.js:2293 735I x:ageGp:fam 666:4:-1 by red 592:4:-1 at gen444 Univ0 prob=0.985
AgeVaxH35.js:2293 741I x:ageGp:fam 53:1:-1 by red 241:2:-1 at gen445 Univ0 prob=0.207
AgeVaxH35.js:2293 741I x:ageGp:fam 860:6:-1 by red 77:1:-1 at gen445 Univ0 prob=0.230
AgeVaxH35.js:2293 741I x:ageGp:fam 370:3:-1 by red 602:4:-1 at gen445 Univ0 prob=0.474
AgeVaxH35.js:2293 741I x:ageGp:fam 521:3:-1 by red 944:7:-1 at gen445 Univ0 prob=0.485
AgeVaxH35.js:2293 741I x:ageGp:fam 703:5:-1 by red 825:6:-1 at gen445 Univ0 prob=0.645
AgeVaxH35.js:2293 743I x:ageGp:fam 66:1:-1 by blue 654:4:-1 at gen446 Univ0 prob=0.998
AgeVaxH35.js:2293 743I x:ageGp:fam 968:8:-1 by blue 170:2:-1 at gen446 Univ0 prob=0.638
AgeVaxH35.js:2293 748I x:ageGp:fam 119:1:-1 by red 273:2:-1 at gen447 Univ0 prob=0.290
AgeVaxH35.js:2293 748I x:ageGp:fam 322:2:-1 by red 708:5:-1 at gen447 Univ0 prob=0.549
AgeVaxH35.js:2293 748I x:ageGp:fam 372:3:-1 by blue 767:5:-1 at gen447 Univ0 prob=0.407
AgeVaxH35.js:2293 750I x:ageGp:fam 677:4:-1 by blue 279:2:-1 at gen448 Univ0 prob=0.649
AgeVaxH35.js:2293 753I x:ageGp:fam 672:4:-1 by blue 156:2:-1 at gen449 Univ0 prob=0.025
AgeVaxH35.js:2293 753I x:ageGp:fam 828:6:-1 by red 339:2:-1 at gen449 Univ0 prob=0.898
AgeVaxH35.js:2293 753I x:ageGp:fam 790:5:-1 by blue 343:2:-1 at gen449 Univ0 prob=0.809
AgeVaxH35.js:2293 753I x:ageGp:fam 531:3:-1 by blue 769:5:-1 at gen449 Univ0 prob=0.615
AgeVaxH35.js:2293 754I x:ageGp:fam 523:3:-1 by red 59:1:-1 at gen450 Univ0 prob=0.210
AgeVaxH35.js:2293 754I x:ageGp:fam 691:5:-1 by blue 86:1:-1 at gen450 Univ0 prob=0.582
AgeVaxH35.js:2293 754I x:ageGp:fam 110:1:-1 by red 640:4:-1 at gen450 Univ0 prob=0.689
AgeVaxH35.js:2293 754I x:ageGp:fam 458:3:-1 by red 173:2:-1 at gen450 Univ0 prob=0.721
AgeVaxH35.js:2293 758I x:ageGp:fam 544:4:-1 by red 230:2:-1 at gen451 Univ0 prob=0.529
AgeVaxH35.js:2293 758I x:ageGp:fam 360:3:-1 by red 988:9:-1 at gen451 Univ0 prob=0.484
AgeVaxH35.js:2293 762I x:ageGp:fam 47:1:-1 by blue 281:2:-1 at gen452 Univ0 prob=0.612
AgeVaxH35.js:2293 762I x:ageGp:fam 812:5:-1 by red 77:1:-1 at gen452 Univ0 prob=0.363
AgeVaxH35.js:2293 762I x:ageGp:fam 93:1:-1 by red 641:4:-1 at gen452 Univ0 prob=0.906
AgeVaxH35.js:2293 762I x:ageGp:fam 782:5:-1 by blue 293:2:-1 at gen452 Univ0 prob=0.674
AgeVaxH35.js:2293 764I x:ageGp:fam 6:0:-1 by red 203:2:-1 at gen453 Univ0 prob=0.136
AgeVaxH35.js:2293 764I x:ageGp:fam 310:2:-1 by blue 353:2:-1 at gen453 Univ0 prob=0.855
AgeVaxH35.js:2293 764I x:ageGp:fam 320:2:-1 by blue 622:4:-1 at gen453 Univ0 prob=0.417
AgeVaxH35.js:2293 764I x:ageGp:fam 601:4:-1 by blue 645:4:-1 at gen453 Univ0 prob=0.251
AgeVaxH35.js:2293 768I x:ageGp:fam 36:0:-1 by red 56:1:-1 at gen454 Univ0 prob=0.233
AgeVaxH35.js:2293 768I x:ageGp:fam 57:1:-1 by blue 855:6:-1 at gen454 Univ0 prob=0.646
AgeVaxH35.js:2293 768I x:ageGp:fam 140:2:-1 by blue 785:5:-1 at gen454 Univ0 prob=0.049
AgeVaxH35.js:2293 768I x:ageGp:fam 159:2:-1 by red 558:4:-1 at gen454 Univ0 prob=0.582
AgeVaxH35.js:2293 768I x:ageGp:fam 692:5:-1 by blue 868:6:-1 at gen454 Univ0 prob=0.474
AgeVaxH35.js:2293 772I x:ageGp:fam 54:1:-1 by red 904:7:-1 at gen455 Univ0 prob=0.859
AgeVaxH35.js:2293 772I x:ageGp:fam 146:2:-1 by red 741:5:-1 at gen455 Univ0 prob=0.583
AgeVaxH35.js:2293 772I x:ageGp:fam 153:2:-1 by blue 713:5:-1 at gen455 Univ0 prob=0.568
AgeVaxH35.js:2293 772I x:ageGp:fam 234:2:-1 by blue 868:6:-1 at gen455 Univ0 prob=0.925
AgeVaxH35.js:2293 772I x:ageGp:fam 247:2:-1 by red 306:2:-1 at gen455 Univ0 prob=0.109
AgeVaxH35.js:2293 772I x:ageGp:fam 779:5:-1 by blue 500:3:-1 at gen455 Univ0 prob=0.526
AgeVaxH35.js:2293 777I x:ageGp:fam 308:2:-1 by red 3:0:-1 at gen456 Univ0 prob=0.797
AgeVaxH35.js:2293 777I x:ageGp:fam 83:1:-1 by blue 238:2:-1 at gen456 Univ0 prob=0.304
AgeVaxH35.js:2293 777I x:ageGp:fam 114:1:-1 by blue 295:2:-1 at gen456 Univ0 prob=0.951
AgeVaxH35.js:2293 777I x:ageGp:fam 525:3:-1 by yellow 644:4:-1 at gen456 Univ0 prob=0.433
AgeVaxH35.js:2293 777I x:ageGp:fam 701:5:-1 by red 936:7:-1 at gen456 Univ0 prob=0.798
AgeVaxH35.js:2293 783I x:ageGp:fam 31:0:-1 by blue 594:4:-1 at gen457 Univ0 prob=0.952
AgeVaxH35.js:2293 783I x:ageGp:fam 452:3:-1 by yellow 42:1:-1 at gen457 Univ0 prob=0.574
AgeVaxH35.js:2293 783I x:ageGp:fam 840:6:-1 by blue 49:1:-1 at gen457 Univ0 prob=0.771
AgeVaxH35.js:2293 788I x:ageGp:fam 794:5:-1 by red 318:2:-1 at gen458 Univ0 prob=0.310
AgeVaxH35.js:2293 791I x:ageGp:fam 876:6:-1 by red 456:3:-1 at gen459 Univ0 prob=0.697
AgeVaxH35.js:2293 792I x:ageGp:fam 913:7:-1 by red 590:4:-1 at gen460 Univ0 prob=0.194
AgeVaxH35.js:2293 793I x:ageGp:fam 335:2:-1 by red 805:5:-1 at gen461 Univ0 prob=0.608
AgeVaxH35.js:2293 793I x:ageGp:fam 771:5:-1 by blue 653:4:-1 at gen461 Univ0 prob=0.482
AgeVaxH35.js:2293 793I x:ageGp:fam 743:5:-1 by blue 984:9:-1 at gen461 Univ0 prob=0.621
AgeVaxH35.js:2293 794I x:ageGp:fam 45:1:-1 by red 84:1:-1 at gen462 Univ0 prob=0.913
AgeVaxH35.js:2293 794I x:ageGp:fam 136:2:-1 by red 833:6:-1 at gen462 Univ0 prob=0.069
AgeVaxH35.js:2293 797I x:ageGp:fam 568:4:-1 by red 101:1:-1 at gen463 Univ0 prob=0.007
AgeVaxH35.js:2293 797I x:ageGp:fam 502:3:-1 by red 805:5:-1 at gen463 Univ0 prob=0.663
AgeVaxH35.js:2293 799I x:ageGp:fam 905:7:-1 by blue 24:0:-1 at gen464 Univ0 prob=0.233
AgeVaxH35.js:2293 799I x:ageGp:fam 40:1:-1 by red 217:2:-1 at gen464 Univ0 prob=0.846
AgeVaxH35.js:2293 799I x:ageGp:fam 350:2:-1 by red 217:2:-1 at gen464 Univ0 prob=0.453
AgeVaxH35.js:2293 799I x:ageGp:fam 604:4:-1 by red 469:3:-1 at gen464 Univ0 prob=0.333
AgeVaxH35.js:2293 799I x:ageGp:fam 757:5:-1 by red 752:5:-1 at gen464 Univ0 prob=0.237
AgeVaxH35.js:2293 801I x:ageGp:fam 432:3:-1 by blue 740:5:-1 at gen465 Univ0 prob=0.728
AgeVaxH35.js:2293 801I x:ageGp:fam 695:5:-1 by blue 817:5:-1 at gen465 Univ0 prob=0.512
AgeVaxH35.js:2293 801I x:ageGp:fam 892:6:-1 by red 697:5:-1 at gen465 Univ0 prob=0.102
AgeVaxH35.js:2293 809I x:ageGp:fam 151:2:-1 by red 451:3:-1 at gen467 Univ0 prob=0.977
AgeVaxH35.js:2293 809I x:ageGp:fam 748:5:-1 by red 213:2:-1 at gen467 Univ0 prob=0.443
AgeVaxH35.js:2293 809I x:ageGp:fam 992:9:-1 by red 246:2:-1 at gen467 Univ0 prob=0.364
AgeVaxH35.js:2293 809I x:ageGp:fam 263:2:-1 by red 410:3:-1 at gen467 Univ0 prob=0.600
AgeVaxH35.js:2293 809I x:ageGp:fam 880:6:-1 by red 674:4:-1 at gen467 Univ0 prob=0.957
AgeVaxH35.js:2293 809I x:ageGp:fam 745:5:-1 by red 773:5:-1 at gen467 Univ0 prob=0.925
AgeVaxH35.js:2293 809I x:ageGp:fam 22:0:-1 by blue 683:4:-1 at gen468 Univ0 prob=0.909
AgeVaxH35.js:2293 809I x:ageGp:fam 41:1:-1 by blue 283:2:-1 at gen468 Univ0 prob=0.678
AgeVaxH35.js:2293 809I x:ageGp:fam 443:3:-1 by red 111:1:-1 at gen468 Univ0 prob=0.578
AgeVaxH35.js:2293 809I x:ageGp:fam 608:4:-1 by red 217:2:-1 at gen468 Univ0 prob=0.140
AgeVaxH35.js:2293 809I x:ageGp:fam 374:3:-1 by red 981:8:-1 at gen468 Univ0 prob=0.092
AgeVaxH35.js:2293 809I x:ageGp:fam 468:3:-1 by red 547:4:-1 at gen468 Univ0 prob=0.515
AgeVaxH35.js:2293 815I x:ageGp:fam 338:2:-1 by red 408:3:-1 at gen469 Univ0 prob=0.327
AgeVaxH35.js:2293 821I x:ageGp:fam 35:0:-1 by red 721:5:-1 at gen470 Univ0 prob=0.587
AgeVaxH35.js:2293 821I x:ageGp:fam 736:5:-1 by red 266:2:-1 at gen470 Univ0 prob=0.144
AgeVaxH35.js:2293 821I x:ageGp:fam 557:4:-1 by blue 279:2:-1 at gen470 Univ0 prob=0.543
AgeVaxH35.js:2293 821I x:ageGp:fam 593:4:-1 by blue 389:3:-1 at gen470 Univ0 prob=0.771
AgeVaxH35.js:2293 822I x:ageGp:fam 862:6:-1 by blue 277:2:-1 at gen471 Univ0 prob=0.629
AgeVaxH35.js:2293 822I x:ageGp:fam 797:5:-1 by blue 800:5:-1 at gen471 Univ0 prob=0.323
AgeVaxH35.js:2293 822I x:ageGp:fam 871:6:-1 by red 991:9:-1 at gen471 Univ0 prob=0.227
AgeVaxH35.js:2293 826I x:ageGp:fam 754:5:-1 by red 859:6:-1 at gen472 Univ0 prob=0.715
AgeVaxH35.js:2293 829I x:ageGp:fam 532:3:-1 by blue 64:1:-1 at gen473 Univ0 prob=0.721
AgeVaxH35.js:2293 829I x:ageGp:fam 661:4:-1 by blue 233:2:-1 at gen473 Univ0 prob=0.011
AgeVaxH35.js:2293 830I x:ageGp:fam 14:0:-1 by red 538:3:-1 at gen474 Univ0 prob=0.049
AgeVaxH35.js:2293 830I x:ageGp:fam 744:5:-1 by red 21:0:-1 at gen474 Univ0 prob=0.818
AgeVaxH35.js:2293 830I x:ageGp:fam 814:5:-1 by blue 80:1:-1 at gen474 Univ0 prob=0.872
AgeVaxH35.js:2293 830I x:ageGp:fam 124:1:-1 by red 894:6:-1 at gen474 Univ0 prob=0.691
AgeVaxH35.js:2293 832I x:ageGp:fam 560:4:-1 by blue 177:2:-1 at gen475 Univ0 prob=0.125
AgeVaxH35.js:2293 832I x:ageGp:fam 307:2:-1 by red 460:3:-1 at gen475 Univ0 prob=0.268
AgeVaxH35.js:2293 832I x:ageGp:fam 493:3:-1 by red 351:2:-1 at gen475 Univ0 prob=0.616
AgeVaxH35.js:2293 832I x:ageGp:fam 702:5:-1 by red 769:5:-1 at gen475 Univ0 prob=0.924
AgeVaxH35.js:2293 836I x:ageGp:fam 710:5:-1 by red 100:1:-1 at gen476 Univ0 prob=0.489
AgeVaxH35.js:2293 836I x:ageGp:fam 685:4:-1 by red 223:2:-1 at gen476 Univ0 prob=0.107
AgeVaxH35.js:2293 836I x:ageGp:fam 336:2:-1 by red 873:6:-1 at gen476 Univ0 prob=0.532
AgeVaxH35.js:2293 836I x:ageGp:fam 383:3:-1 by red 602:4:-1 at gen476 Univ0 prob=0.359
AgeVaxH35.js:2293 836I x:ageGp:fam 411:3:-1 by red 662:4:-1 at gen476 Univ0 prob=0.691
AgeVaxH35.js:2293 840I x:ageGp:fam 63:1:-1 by blue 7:0:-1 at gen477 Univ0 prob=0.544
AgeVaxH35.js:2293 840I x:ageGp:fam 750:5:-1 by red 127:1:-1 at gen477 Univ0 prob=0.066
AgeVaxH35.js:2293 840I x:ageGp:fam 188:2:-1 by blue 438:3:-1 at gen477 Univ0 prob=0.938
AgeVaxH35.js:2293 840I x:ageGp:fam 345:2:-1 by blue 441:3:-1 at gen477 Univ0 prob=0.970
AgeVaxH35.js:2293 840I x:ageGp:fam 952:8:-1 by blue 613:4:-1 at gen477 Univ0 prob=0.821
AgeVaxH35.js:2293 845I x:ageGp:fam 792:5:-1 by blue 418:3:-1 at gen478 Univ0 prob=0.703
AgeVaxH35.js:2293 845I x:ageGp:fam 439:3:-1 by red 574:4:-1 at gen478 Univ0 prob=0.296
AgeVaxH35.js:2293 850I x:ageGp:fam 874:6:-1 by red 634:4:-1 at gen479 Univ0 prob=0.182
AgeVaxH35.js:2293 850I x:ageGp:fam 899:6:-1 by red 839:6:-1 at gen479 Univ0 prob=0.859
AgeVaxH35.js:2293 852I x:ageGp:fam 603:4:-1 by blue 197:2:-1 at gen480 Univ0 prob=0.332
AgeVaxH35.js:2293 852I x:ageGp:fam 375:3:-1 by blue 228:2:-1 at gen480 Univ0 prob=0.265
AgeVaxH35.js:2293 854I x:ageGp:fam 28:0:-1 by red 56:1:-1 at gen481 Univ0 prob=0.041
AgeVaxH35.js:2293 854I x:ageGp:fam 90:1:-1 by red 684:4:-1 at gen481 Univ0 prob=0.754
AgeVaxH35.js:2293 854I x:ageGp:fam 657:4:-1 by red 953:8:-1 at gen481 Univ0 prob=0.326
AgeVaxH35.js:2293 854I x:ageGp:fam 751:5:-1 by red 696:5:-1 at gen481 Univ0 prob=0.360
AgeVaxH35.js:2293 860I x:ageGp:fam 872:6:-1 by blue 128:1:-1 at gen483 Univ0 prob=0.401
AgeVaxH35.js:2293 860I x:ageGp:fam 165:2:-1 by blue 526:3:-1 at gen483 Univ0 prob=0.623
AgeVaxH35.js:2293 860I x:ageGp:fam 210:2:-1 by blue 68:1:-1 at gen484 Univ0 prob=0.901
AgeVaxH35.js:2293 860I x:ageGp:fam 126:1:-1 by red 861:6:-1 at gen484 Univ0 prob=0.130
AgeVaxH35.js:2293 860I x:ageGp:fam 845:6:-1 by red 558:4:-1 at gen484 Univ0 prob=0.891
AgeVaxH35.js:2293 860I x:ageGp:fam 810:5:-1 by red 981:8:-1 at gen484 Univ0 prob=0.338
AgeVaxH35.js:2293 862I x:ageGp:fam 445:3:-1 by blue 48:1:-1 at gen485 Univ0 prob=0.105
AgeVaxH35.js:2293 862I x:ageGp:fam 201:2:-1 by red 91:1:-1 at gen485 Univ0 prob=0.713
AgeVaxH35.js:2293 862I x:ageGp:fam 811:5:-1 by red 726:5:-1 at gen485 Univ0 prob=0.605
AgeVaxH35.js:2293 866I x:ageGp:fam 733:5:-1 by blue 250:2:-1 at gen486 Univ0 prob=0.245
AgeVaxH35.js:2293 866I x:ageGp:fam 879:6:-1 by blue 269:2:-1 at gen486 Univ0 prob=0.329
AgeVaxH35.js:2293 866I x:ageGp:fam 501:3:-1 by blue 891:6:-1 at gen486 Univ0 prob=0.025
AgeVaxH35.js:2293 869I x:ageGp:fam 167:2:-1 by red 190:2:-1 at gen487 Univ0 prob=0.135
AgeVaxH35.js:2293 869I x:ageGp:fam 865:6:-1 by blue 314:2:-1 at gen487 Univ0 prob=0.257
AgeVaxH35.js:2293 869I x:ageGp:fam 852:6:-1 by blue 903:7:-1 at gen487 Univ0 prob=0.008
AgeVaxH35.js:2293 869I x:ageGp:fam 935:7:-1 by red 863:6:-1 at gen487 Univ0 prob=0.440
AgeVaxH35.js:2293 872I x:ageGp:fam 4:0:-1 by red 248:2:-1 at gen488 Univ0 prob=0.696
AgeVaxH35.js:2293 872I x:ageGp:fam 969:8:-1 by blue 229:2:-1 at gen488 Univ0 prob=0.232
AgeVaxH35.js:2293 876I x:ageGp:fam 192:2:-1 by blue 505:3:-1 at gen489 Univ0 prob=0.507
AgeVaxH35.js:2293 876I x:ageGp:fam 656:4:-1 by blue 313:2:-1 at gen489 Univ0 prob=0.857
AgeVaxH35.js:2293 880I x:ageGp:fam 979:8:-1 by blue 181:2:-1 at gen491 Univ0 prob=0.451
AgeVaxH35.js:2293 880I x:ageGp:fam 918:7:-1 by red 373:3:-1 at gen491 Univ0 prob=0.710
AgeVaxH35.js:2293 880I x:ageGp:fam 765:5:-1 by blue 404:3:-1 at gen491 Univ0 prob=0.618
AgeVaxH35.js:2293 880I x:ageGp:fam 976:8:-1 by red 707:5:-1 at gen491 Univ0 prob=0.861
AgeVaxH35.js:2293 884I x:ageGp:fam 69:1:-1 by blue 774:5:-1 at gen493 Univ0 prob=0.117
AgeVaxH35.js:2293 884I x:ageGp:fam 123:1:-1 by blue 998:9:-1 at gen493 Univ0 prob=0.410
AgeVaxH35.js:2293 884I x:ageGp:fam 761:5:-1 by red 213:2:-1 at gen494 Univ0 prob=0.786
AgeVaxH35.js:2293 884I x:ageGp:fam 875:6:-1 by red 674:4:-1 at gen494 Univ0 prob=0.357
AgeVaxH35.js:2293 884I x:ageGp:fam 848:6:-1 by red 933:7:-1 at gen494 Univ0 prob=0.843
AgeVaxH35.js:2293 889I x:ageGp:fam 258:2:-1 by red 285:2:-1 at gen496 Univ0 prob=0.890
AgeVaxH35.js:2293 889I x:ageGp:fam 417:3:-1 by blue 422:3:-1 at gen496 Univ0 prob=0.147
AgeVaxH35.js:2293 889I x:ageGp:fam 990:9:-1 by blue 596:4:-1 at gen496 Univ0 prob=0.725
AgeVaxH35.js:2293 889I x:ageGp:fam 964:8:-1 by red 833:6:-1 at gen496 Univ0 prob=0.788
AgeVaxH35.js:2293 889I x:ageGp:fam 264:2:-1 by blue 524:3:-1 at gen497 Univ0 prob=0.120
AgeVaxH35.js:2293 889I x:ageGp:fam 925:7:-1 by red 645:4:-1 at gen497 Univ0 prob=0.730
AgeVaxH35.js:2293 893I x:ageGp:fam 973:8:-1 by blue 362:3:-1 at gen498 Univ0 prob=0.844
AgeVaxH35.js:2293 895I x:ageGp:fam 694:5:-1 by red 187:2:-1 at gen499 Univ0 prob=0.994
AgeVaxH35.js:2293 897I x:ageGp:fam 819:5:-1 by red 380:3:-1 at gen501 Univ0 prob=0.660
AgeVaxH35.js:2293 898I x:ageGp:fam 546:4:-1 by red 80:1:-1 at gen503 Univ0 prob=0.548
AgeVaxH35.js:2293 898I x:ageGp:fam 758:5:-1 by red 326:2:-1 at gen503 Univ0 prob=0.187
AgeVaxH35.js:2293 898I x:ageGp:fam 689:4:-1 by blue 479:3:-1 at gen504 Univ0 prob=0.269
AgeVaxH35.js:2293 898I x:ageGp:fam 954:8:-1 by blue 902:7:-1 at gen504 Univ0 prob=0.474
AgeVaxH35.js:2293 900I x:ageGp:fam 44:1:-1 by red 598:4:-1 at gen505 Univ0 prob=0.946
AgeVaxH35.js:2293 900I x:ageGp:fam 951:8:-1 by red 187:2:-1 at gen505 Univ0 prob=0.502
AgeVaxH35.js:2293 900I x:ageGp:fam 637:4:-1 by blue 199:2:-1 at gen505 Univ0 prob=0.984
AgeVaxH35.js:2293 900I x:ageGp:fam 637:4:-1 by red 549:4:-1 at gen505 Univ0 prob=0.967
AgeVaxH35.js:2293 902I x:ageGp:fam 520:3:-1 by blue 846:6:-1 at gen506 Univ0 prob=0.446
AgeVaxH35.js:2293 905I x:ageGp:fam 400:3:-1 by red 654:4:-1 at gen507 Univ0 prob=0.860
AgeVaxH35.js:2293 905I x:ageGp:fam 490:3:-1 by blue 675:4:-1 at gen507 Univ0 prob=0.134
AgeVaxH35.js:2293 906I x:ageGp:fam 16:0:-1 by blue 731:5:-1 at gen508 Univ0 prob=0.940
AgeVaxH35.js:2293 906I x:ageGp:fam 315:2:-1 by blue 42:1:-1 at gen508 Univ0 prob=0.713
AgeVaxH35.js:2293 906I x:ageGp:fam 73:1:-1 by red 772:5:-1 at gen508 Univ0 prob=0.815
AgeVaxH35.js:2293 906I x:ageGp:fam 175:2:-1 by blue 467:3:-1 at gen508 Univ0 prob=0.967
AgeVaxH35.js:2293 906I x:ageGp:fam 950:8:-1 by blue 312:2:-1 at gen508 Univ0 prob=0.388
AgeVaxH35.js:2293 908I x:ageGp:fam 883:6:-1 by blue 321:2:-1 at gen509 Univ0 prob=0.401
AgeVaxH35.js:2293 913I x:ageGp:fam 834:6:-1 by blue 519:3:-1 at gen510 Univ0 prob=0.282
AgeVaxH35.js:2293 913I x:ageGp:fam 577:4:-1 by red 849:6:-1 at gen510 Univ0 prob=0.785
AgeVaxH35.js:2293 916I x:ageGp:fam 738:5:-1 by red 450:3:-1 at gen512 Univ0 prob=0.806
AgeVaxH35.js:2293 916I x:ageGp:fam 985:9:-1 by blue 591:4:-1 at gen512 Univ0 prob=0.908
AgeVaxH35.js:2293 918I x:ageGp:fam 449:3:-1 by red 909:7:-1 at gen514 Univ0 prob=0.277
AgeVaxH35.js:2293 918I x:ageGp:fam 200:2:-1 by red 769:5:-1 at gen515 Univ0 prob=0.472
AgeVaxH35.js:2293 919I x:ageGp:fam 1:0:-1 by blue 29:0:-1 at gen516 Univ0 prob=0.877
AgeVaxH35.js:2293 921I x:ageGp:fam 50:1:-1 by blue 153:2:-1 at gen519 Univ0 prob=0.671
AgeVaxH35.js:2293 921I x:ageGp:fam 218:2:-1 by blue 97:1:-1 at gen519 Univ0 prob=0.966
AgeVaxH35.js:2293 921I x:ageGp:fam 164:2:-1 by blue 828:6:-1 at gen520 Univ0 prob=0.015
AgeVaxH35.js:2293 921I x:ageGp:fam 430:3:-1 by red 440:3:-1 at gen520 Univ0 prob=0.186
AgeVaxH35.js:2293 925I x:ageGp:fam 72:1:-1 by red 39:0:-1 at gen522 Univ0 prob=0.807
AgeVaxH35.js:2293 925I x:ageGp:fam 414:3:-1 by red 500:3:-1 at gen523 Univ0 prob=0.669
AgeVaxH35.js:2293 926I x:ageGp:fam 71:1:-1 by red 0:0:-1 at gen524 Univ0 prob=0.372
AgeVaxH35.js:2293 928I x:ageGp:fam 832:6:-1 by red 398:3:-1 at gen529 Univ0 prob=0.576
AgeVaxH35.js:2293 928I x:ageGp:fam 476:3:-1 by red 891:6:-1 at gen529 Univ0 prob=0.597
AgeVaxH35.js:2293 928I x:ageGp:fam 989:9:-1 by red 522:3:-1 at gen529 Univ0 prob=0.083
AgeVaxH35.js:2293 931I x:ageGp:fam 759:5:-1 by blue 146:2:-1 at gen532 Univ0 prob=0.816
AgeVaxH35.js:2293 931I x:ageGp:fam 10:0:-1 by red 295:2:-1 at gen533 Univ0 prob=0.789
AgeVaxH35.js:2293 932I x:ageGp:fam 784:5:-1 by red 939:7:-1 at gen534 Univ0 prob=0.250
AgeVaxH35.js:2293 934I x:ageGp:fam 735:5:-1 by blue 163:2:-1 at gen536 Univ0 prob=0.371
AgeVaxH35.js:2293 934I x:ageGp:fam 348:2:-1 by red 895:6:-1 at gen537 Univ0 prob=0.873
AgeVaxH35.js:2293 935I x:ageGp:fam 948:7:-1 by red 644:4:-1 at gen538 Univ0 prob=0.097
AgeVaxH35.js:2293 936I x:ageGp:fam 474:3:-1 by blue 432:3:-1 at gen539 Univ0 prob=0.949
AgeVaxH35.js:2293 936I x:ageGp:fam 938:7:-1 by red 800:5:-1 at gen539 Univ0 prob=0.405
AgeVaxH35.js:2293 939I x:ageGp:fam 927:7:-1 by red 187:2:-1 at gen542 Univ0 prob=0.531
AgeVaxH35.js:2293 939I x:ageGp:fam 587:4:-1 by blue 388:3:-1 at gen542 Univ0 prob=0.277
AgeVaxH35.js:2293 939I x:ageGp:fam 996:9:-1 by blue 247:2:-1 at gen543 Univ0 prob=0.029
AgeVaxH35.js:2293 939I x:ageGp:fam 851:6:-1 by blue 308:2:-1 at gen543 Univ0 prob=0.063
AgeVaxH35.js:2293 939I x:ageGp:fam 791:5:-1 by blue 715:5:-1 at gen543 Univ0 prob=0.186
AgeVaxH35.js:2293 944I x:ageGp:fam 426:3:-1 by blue 166:2:-1 at gen545 Univ0 prob=0.023
AgeVaxH35.js:2293 944I x:ageGp:fam 975:8:-1 by red 633:4:-1 at gen546 Univ0 prob=0.792
AgeVaxH35.js:2293 945I x:ageGp:fam 448:3:-1 by red 276:2:-1 at gen547 Univ0 prob=0.709
AgeVaxH35.js:2293 947I x:ageGp:fam 371:3:-1 by blue 661:4:-1 at gen551 Univ0 prob=0.764
AgeVaxH35.js:2293 948I x:ageGp:fam 325:2:-1 by red 669:4:-1 at gen553 Univ0 prob=0.344
AgeVaxH35.js:2293 949I x:ageGp:fam 115:1:-1 by blue 603:4:-1 at gen557 Univ0 prob=0.042
AgeVaxH35.js:2293 949I x:ageGp:fam 958:8:-1 by red 462:3:-1 at gen557 Univ0 prob=0.247
AgeVaxH35.js:2293 949I x:ageGp:fam 663:4:-1 by red 436:3:-1 at gen558 Univ0 prob=0.208
AgeVaxH35.js:2293 949I x:ageGp:fam 628:4:-1 by red 816:5:-1 at gen558 Univ0 prob=0.946
AgeVaxH35.js:2293 951I x:ageGp:fam 196:2:-1 by red 229:2:-1 at gen559 Univ0 prob=0.339
AgeVaxH35.js:2293 954I x:ageGp:fam 52:1:-1 by red 216:2:-1 at gen563 Univ0 prob=0.957
AgeVaxH35.js:2293 954I x:ageGp:fam 961:8:-1 by blue 557:4:-1 at gen563 Univ0 prob=0.531
AgeVaxH35.js:2293 954I x:ageGp:fam 595:4:-1 by red 438:3:-1 at gen564 Univ0 prob=0.916
AgeVaxH35.js:2293 956I x:ageGp:fam 867:6:-1 by red 756:5:-1 at gen565 Univ0 prob=0.568
AgeVaxH35.js:2293 957I x:ageGp:fam 46:1:-1 by red 344:2:-1 at gen566 Univ0 prob=0.899
AgeVaxH35.js:2293 957I x:ageGp:fam 98:1:-1 by red 847:6:-1 at gen566 Univ0 prob=0.898
AgeVaxH35.js:2293 957I x:ageGp:fam 995:9:-1 by red 142:2:-1 at gen566 Univ0 prob=0.676
AgeVaxH35.js:2293 961I x:ageGp:fam 972:8:-1 by red 406:3:-1 at gen569 Univ0 prob=0.458
AgeVaxH35.js:2293 962I x:ageGp:fam 908:7:-1 by red 142:2:-1 at gen576 Univ0 prob=0.661
AgeVaxH35.js:2293 963I x:ageGp:fam 504:3:-1 by blue 814:5:-1 at gen581 Univ0 prob=0.404
AgeVaxH35.js:2293 964I x:ageGp:fam 212:2:-1 by red 903:7:-1 at gen584 Univ0 prob=0.695
AgeVaxH35.js:2293 965I x:ageGp:fam 764:5:-1 by red 54:1:-1 at gen588 Univ0 prob=0.595
AgeVaxH35.js:2293 966I x:ageGp:fam 427:3:-1 by red 97:1:-1 at gen591 Univ0 prob=0.219
AgeVaxH35.js:2293 967I x:ageGp:fam 195:2:-1 by red 869:6:-1 at gen594 Univ0 prob=0.046
AgeVaxH35.js:2293 968I x:ageGp:fam 943:7:-1 by red 467:3:-1 at gen598 Univ0 prob=0.694
AgeVaxH35.js:2293 969I x:ageGp:fam 915:7:-1 by red 197:2:-1 at gen601 Univ0 prob=0.756
AgeVaxH35.js:2293 970I x:ageGp:fam 395:3:-1 by red 666:4:-1 at gen615 Univ0 prob=0.125
AgeVaxH35.js:2293 971I x:ageGp:fam 81:1:-1 by red 845:6:-1 at gen622 Univ0 prob=0.204
AgeVaxH35.js:2293 971I x:ageGp:fam 693:5:-1 by blue 414:3:-1 at gen622 Univ0 prob=0.409
AgeVaxH35.js:2293 973I x:ageGp:fam 956:8:-1 by red 496:3:-1 at gen624 Univ0 prob=0.389
AgeVaxH35.js:2293 973I x:ageGp:fam 963:8:-1 by red 417:3:-1 at gen625 Univ0 prob=0.284
AgeVaxH35.js:2293 975I x:ageGp:fam 365:3:-1 by red 872:6:-1 at gen638 Univ0 prob=0.214
AgeVaxH35.js:2293 976I x:ageGp:fam 997:9:-1 by red 36:0:-1 at gen640 Univ0 prob=0.837
AgeVaxH35.js:2293 977I x:ageGp:fam 917:7:-1 by red 468:3:-1 at gen652 Univ0 prob=0.589
AgeVaxH35.js:2293 978I x:ageGp:fam 776:5:-1 by blue 504:3:-1 at gen654 Univ0 prob=0.539
AgeVaxH35.js:2293 979I x:ageGp:fam 982:9:-1 by red 758:5:-1 at gen666 Univ0 prob=0.406
AgeVaxH35.js:2293 979I x:ageGp:fam 920:7:-1 by red 657:4:-1 at gen667 Univ0 prob=0.580
AgeVaxH35.js:2293 981I x:ageGp:fam 896:6:-1 by red 976:8:-1 at gen687 Univ0 prob=0.889
