AgeVaxH35.js:871 Thu Jan 21 2021 10:53:19 GMT-0800 (Pacific Standard Time)
AgeVaxH35.js:872 CovidSIMVL Mode1 and Mod2 Hybrid 35d
AgeVaxH35.js:873 Mode 1 >13 and <36 is 75%
AgeVaxH35.js:874 Mode 2 >28 is 95%; >13 and <29 is 75%
AgeVaxH35.js:4444 exit covidSim
AgeVaxH35.js:23 getAsText File {name: "Popn1000.csv", lastModified: 1611021598000, lastModifiedDate: Mon Jan 18 2021 17:59:58 GMT-0800 (Pacific Standard Time), webkitRelativePath: "", size: 23944, …}
AgeVaxH35.js:32 File {name: "Popn1000.csv", lastModified: 1611021598000, lastModifiedDate: Mon Jan 18 2021 17:59:58 GMT-0800 (Pacific Standard Time), webkitRelativePath: "", size: 23944, …}
AgeVaxH35.js:23 getAsText File {name: "VL1ageGp2.csv", lastModified: 1611004274000, lastModifiedDate: Mon Jan 18 2021 13:11:14 GMT-0800 (Pacific Standard Time), webkitRelativePath: "", size: 65, …}
AgeVaxH35.js:32 File {name: "VL1ageGp2.csv", lastModified: 1611004274000, lastModifiedDate: Mon Jan 18 2021 13:11:14 GMT-0800 (Pacific Standard Time), webkitRelativePath: "", size: 65, …}
AgeVaxH35.js:2293 0I x:ageGp:fam 111:1:-1 by green 150:2:-1 at gen0 Univ0 prob=0.484
AgeVaxH35.js:2293 0I x:ageGp:fam 925:7:-1 by green 150:2:-1 at gen0 Univ0 prob=0.582
AgeVaxH35.js:1696 New Hazard Radius = 2
AgeVaxH35.js:1718 Age Group 9,100 1st shot; 2nd auto in 35days
AgeVaxH35.js:1724 AgeGp =9 To be vaccinated=100%
AgeVaxH35.js:1736 (1000) [0, 1, 2, 3, 4, 5, 6, 7, 8, 9, 10, 11, 12, 13, 14, 15, 16, 17, 18, 19, 20, 21, 22, 23, 24, 25, 26, 27, 28, 29, 30, 31, 32, 33, 34, 35, 36, 37, 38, 39, 40, 41, 42, 43, 44, 45, 46, 47, 48, 49, 50, 51, 52, 53, 54, 55, 56, 57, 58, 59, 60, 61, 62, 63, 64, 65, 66, 67, 68, 69, 70, 71, 72, 73, 74, 75, 76, 77, 78, 79, 80, 81, 82, 83, 84, 85, 86, 87, 88, 89, 90, 91, 92, 93, 94, 95, 96, 97, 98, 99, …]
AgeVaxH35.js:1752 ageGp9 count: 18 List: 982,983,984,985,986,987,988,989,990,991,992,993,994,995,996,997,998,999
AgeVaxH35.js:1780 Vaccination list = 18
AgeVaxH35.js:1794 AgeGp9 vaccinated 18 List: 992,996,997,988,994,983,982,987,998,990,986,995,991,999,984,989,985,993
AgeVaxH35.js:1718 Age Group 8,100 1st shot; 2nd auto in 35days
AgeVaxH35.js:1724 AgeGp =8 To be vaccinated=100%
AgeVaxH35.js:1736 (1000) [0, 1, 2, 3, 4, 5, 6, 7, 8, 9, 10, 11, 12, 13, 14, 15, 16, 17, 18, 19, 20, 21, 22, 23, 24, 25, 26, 27, 28, 29, 30, 31, 32, 33, 34, 35, 36, 37, 38, 39, 40, 41, 42, 43, 44, 45, 46, 47, 48, 49, 50, 51, 52, 53, 54, 55, 56, 57, 58, 59, 60, 61, 62, 63, 64, 65, 66, 67, 68, 69, 70, 71, 72, 73, 74, 75, 76, 77, 78, 79, 80, 81, 82, 83, 84, 85, 86, 87, 88, 89, 90, 91, 92, 93, 94, 95, 96, 97, 98, 99, …]
AgeVaxH35.js:1752 ageGp8 count: 33 List: 949,950,951,952,953,954,955,956,957,958,959,960,961,962,963,964,965,966,967,968,969,970,971,972,973,974,975,976,977,978,979,980,981
AgeVaxH35.js:1780 Vaccination list = 33
AgeVaxH35.js:1794 AgeGp8 vaccinated 33 List: 967,955,980,975,970,965,973,968,953,981,960,963,952,979,974,956,969,958,949,972,951,976,966,977,971,957,978,962,950,959,961,964,954
AgeVaxH35.js:1718 Age Group 7,100 1st shot; 2nd auto in 35days
AgeVaxH35.js:1724 AgeGp =7 To be vaccinated=100%
AgeVaxH35.js:1736 (1000) [0, 1, 2, 3, 4, 5, 6, 7, 8, 9, 10, 11, 12, 13, 14, 15, 16, 17, 18, 19, 20, 21, 22, 23, 24, 25, 26, 27, 28, 29, 30, 31, 32, 33, 34, 35, 36, 37, 38, 39, 40, 41, 42, 43, 44, 45, 46, 47, 48, 49, 50, 51, 52, 53, 54, 55, 56, 57, 58, 59, 60, 61, 62, 63, 64, 65, 66, 67, 68, 69, 70, 71, 72, 73, 74, 75, 76, 77, 78, 79, 80, 81, 82, 83, 84, 85, 86, 87, 88, 89, 90, 91, 92, 93, 94, 95, 96, 97, 98, 99, …]
AgeVaxH35.js:1752 ageGp7 count: 46 List: 902,903,904,905,906,907,908,909,910,911,912,913,914,915,916,917,918,919,920,921,922,923,924,926,927,928,929,930,931,932,933,934,935,936,937,938,939,940,941,942,943,944,945,946,947,948
AgeVaxH35.js:1780 Vaccination list = 46
AgeVaxH35.js:1794 AgeGp7 vaccinated 46 List: 928,921,934,922,927,913,939,933,904,938,948,945,923,909,931,932,908,947,912,903,935,906,929,916,940,907,919,937,946,930,936,914,915,926,924,905,902,941,910,920,944,943,942,918,911,917
AgeVaxH35.js:2293 3I x:ageGp:fam 714:5:-1 by blue 150:2:-1 at gen43 Univ0 prob=0.323
AgeVaxH35.js:2293 4I x:ageGp:fam 186:2:-1 by red 150:2:-1 at gen56 Univ0 prob=0.831
AgeVaxH35.js:2293 5I x:ageGp:fam 401:3:-1 by red 150:2:-1 at gen61 Univ0 prob=0.033
AgeVaxH35.js:2293 6I x:ageGp:fam 753:5:-1 by blue 925:7:-1 at gen65 Univ0 prob=0.331
AgeVaxH35.js:2293 7I x:ageGp:fam 991:9:-1 by red 150:2:-1 at gen67 Univ0 prob=0.189
AgeVaxH35.js:2293 8I x:ageGp:fam 251:2:-1 by blue 111:1:-1 at gen72 Univ0 prob=0.302
AgeVaxH35.js:2293 8I x:ageGp:fam 471:3:-1 by yellow 251:2:-1 at gen73 Univ0 prob=0.161
AgeVaxH35.js:2293 9I x:ageGp:fam 12:0:-1 by yellow 251:2:-1 at gen74 Univ0 prob=0.789
AgeVaxH35.js:2293 10I x:ageGp:fam 652:4:-1 by blue 925:7:-1 at gen75 Univ0 prob=0.983
AgeVaxH35.js:2293 12I x:ageGp:fam 801:5:-1 by red 150:2:-1 at gen80 Univ0 prob=0.071
AgeVaxH35.js:2293 13I x:ageGp:fam 896:6:-1 by blue 925:7:-1 at gen85 Univ0 prob=0.619
AgeVaxH35.js:2293 14I x:ageGp:fam 93:1:-1 by blue 111:1:-1 at gen88 Univ0 prob=0.002
AgeVaxH35.js:2293 15I x:ageGp:fam 840:6:-1 by blue 111:1:-1 at gen90 Univ0 prob=0.950
AgeVaxH35.js:2293 16I x:ageGp:fam 378:3:-1 by blue 714:5:-1 at gen97 Univ0 prob=0.471
AgeVaxH35.js:2293 17I x:ageGp:fam 490:3:-1 by red 150:2:-1 at gen103 Univ0 prob=0.811
AgeVaxH35.js:2293 18I x:ageGp:fam 253:2:-1 by blue 186:2:-1 at gen109 Univ0 prob=0.875
AgeVaxH35.js:2293 19I x:ageGp:fam 960:8:-1 by blue 714:5:-1 at gen119 Univ0 prob=0.880
AgeVaxH35.js:2293 19I x:ageGp:fam 571:4:-1 by blue 714:5:-1 at gen120 Univ0 prob=0.107
AgeVaxH35.js:2293 21I x:ageGp:fam 712:5:-1 by red 111:1:-1 at gen122 Univ0 prob=0.278
AgeVaxH35.js:2293 22I x:ageGp:fam 74:1:-1 by red 150:2:-1 at gen127 Univ0 prob=0.337
AgeVaxH35.js:2293 23I x:ageGp:fam 487:3:-1 by blue 714:5:-1 at gen132 Univ0 prob=0.190
AgeVaxH35.js:2293 24I x:ageGp:fam 60:1:-1 by blue 714:5:-1 at gen134 Univ0 prob=0.402
AgeVaxH35.js:2293 24I x:ageGp:fam 130:1:-1 by red 925:7:-1 at gen134 Univ0 prob=0.928
AgeVaxH35.js:2293 26I x:ageGp:fam 990:9:-1 by red 150:2:-1 at gen136 Univ0 prob=0.697
AgeVaxH35.js:2293 26I x:ageGp:fam 990:9:-1 by blue 991:9:-1 at gen136 Univ0 prob=0.665
AgeVaxH35.js:2293 26I x:ageGp:fam 550:4:-1 by yellow 93:1:-1 at gen137 Univ0 prob=0.607
AgeVaxH35.js:2293 28I x:ageGp:fam 606:4:-1 by red 925:7:-1 at gen151 Univ0 prob=0.166
AgeVaxH35.js:2293 29I x:ageGp:fam 92:1:-1 by blue 251:2:-1 at gen155 Univ0 prob=0.365
AgeVaxH35.js:2293 30I x:ageGp:fam 432:3:-1 by blue 471:3:-1 at gen157 Univ0 prob=0.931
AgeVaxH35.js:2293 31I x:ageGp:fam 811:5:-1 by blue 471:3:-1 at gen159 Univ0 prob=0.620
AgeVaxH35.js:2293 31I x:ageGp:fam 640:4:-1 by blue 991:9:-1 at gen160 Univ0 prob=0.939
AgeVaxH35.js:2293 33I x:ageGp:fam 670:4:-1 by blue 253:2:-1 at gen164 Univ0 prob=0.345
AgeVaxH35.js:2293 34I x:ageGp:fam 107:1:-1 by blue 471:3:-1 at gen167 Univ0 prob=0.402
AgeVaxH35.js:2293 34I x:ageGp:fam 16:0:-1 by red 714:5:-1 at gen168 Univ0 prob=0.073
AgeVaxH35.js:2293 36I x:ageGp:fam 534:3:-1 by blue 896:6:-1 at gen170 Univ0 prob=0.326
AgeVaxH35.js:2293 37I x:ageGp:fam 892:6:-1 by red 111:1:-1 at gen172 Univ0 prob=0.570
AgeVaxH35.js:2293 38I x:ageGp:fam 11:0:-1 by blue 753:5:-1 at gen175 Univ0 prob=0.515
AgeVaxH35.js:2293 39I x:ageGp:fam 793:5:-1 by blue 960:8:-1 at gen177 Univ0 prob=0.818
AgeVaxH35.js:2293 39I x:ageGp:fam 476:3:-1 by blue 12:0:-1 at gen178 Univ0 prob=0.388
AgeVaxH35.js:2293 40I x:ageGp:fam 795:5:-1 by blue 571:4:-1 at gen179 Univ0 prob=0.413
AgeVaxH35.js:2293 42I x:ageGp:fam 351:2:-1 by blue 712:5:-1 at gen184 Univ0 prob=0.016
AgeVaxH35.js:2293 42I x:ageGp:fam 95:1:-1 by blue 130:1:-1 at gen185 Univ0 prob=0.778
AgeVaxH35.js:2293 42I x:ageGp:fam 417:3:-1 by blue 130:1:-1 at gen185 Univ0 prob=0.153
AgeVaxH35.js:2293 43I x:ageGp:fam 979:8:-1 by blue 60:1:-1 at gen186 Univ0 prob=0.211
AgeVaxH35.js:2293 43I x:ageGp:fam 203:2:-1 by red 753:5:-1 at gen186 Univ0 prob=0.549
AgeVaxH35.js:2293 47I x:ageGp:fam 447:3:-1 by blue 130:1:-1 at gen189 Univ0 prob=0.409
AgeVaxH35.js:2293 48I x:ageGp:fam 930:7:-1 by blue 93:1:-1 at gen191 Univ0 prob=0.191
AgeVaxH35.js:2293 48I x:ageGp:fam 131:2:-1 by blue 571:4:-1 at gen192 Univ0 prob=0.064
AgeVaxH35.js:2293 50I x:ageGp:fam 757:5:-1 by blue 571:4:-1 at gen195 Univ0 prob=0.698
AgeVaxH35.js:2293 50I x:ageGp:fam 835:6:-1 by blue 896:6:-1 at gen195 Univ0 prob=0.957
AgeVaxH35.js:2293 52I x:ageGp:fam 25:0:-1 by blue 93:1:-1 at gen197 Univ0 prob=0.274
AgeVaxH35.js:2293 52I x:ageGp:fam 39:0:-1 by red 111:1:-1 at gen198 Univ0 prob=0.644
AgeVaxH35.js:2293 52I x:ageGp:fam 902:7:-1 by green 39:0:-1 at gen198 Univ0 prob=0.289
AgeVaxH35.js:2293 53I x:ageGp:fam 439:3:-1 by red 925:7:-1 at gen199 Univ0 prob=0.562
AgeVaxH35.js:2293 56I x:ageGp:fam 237:2:-1 by red 652:4:-1 at gen201 Univ0 prob=0.673
AgeVaxH35.js:2293 56I x:ageGp:fam 597:4:-1 by blue 253:2:-1 at gen202 Univ0 prob=0.072
AgeVaxH35.js:2293 57I x:ageGp:fam 781:5:-1 by red 840:6:-1 at gen203 Univ0 prob=0.229
AgeVaxH35.js:2293 58I x:ageGp:fam 945:7:-1 by blue 712:5:-1 at gen204 Univ0 prob=0.874
AgeVaxH35.js:2293 60I x:ageGp:fam 122:1:-1 by blue 487:3:-1 at gen208 Univ0 prob=0.884
AgeVaxH35.js:2293 61I x:ageGp:fam 776:5:-1 by red 401:3:-1 at gen210 Univ0 prob=0.815
AgeVaxH35.js:2293 61I x:ageGp:fam 776:5:-1 by red 714:5:-1 at gen210 Univ0 prob=0.399
AgeVaxH35.js:2293 61I x:ageGp:fam 468:3:-1 by blue 571:4:-1 at gen211 Univ0 prob=0.554
AgeVaxH35.js:2293 63I x:ageGp:fam 58:1:-1 by blue 571:4:-1 at gen214 Univ0 prob=0.898
AgeVaxH35.js:2293 63I x:ageGp:fam 264:2:-1 by blue 253:2:-1 at gen214 Univ0 prob=0.293
AgeVaxH35.js:2293 65I x:ageGp:fam 805:5:-1 by red 111:1:-1 at gen216 Univ0 prob=0.308
AgeVaxH35.js:2293 66I x:ageGp:fam 604:4:-1 by red 111:1:-1 at gen218 Univ0 prob=0.018
AgeVaxH35.js:2293 66I x:ageGp:fam 310:2:-1 by blue 487:3:-1 at gen219 Univ0 prob=0.043
AgeVaxH35.js:2293 66I x:ageGp:fam 914:7:-1 by blue 432:3:-1 at gen219 Univ0 prob=0.539
AgeVaxH35.js:2293 69I x:ageGp:fam 513:3:-1 by blue 130:1:-1 at gen222 Univ0 prob=0.045
AgeVaxH35.js:2293 69I x:ageGp:fam 485:3:-1 by green 513:3:-1 at gen222 Univ0 prob=0.541
AgeVaxH35.js:2293 69I x:ageGp:fam 797:5:-1 by blue 571:4:-1 at gen223 Univ0 prob=0.662
AgeVaxH35.js:2293 71I x:ageGp:fam 105:1:-1 by blue 487:3:-1 at gen224 Univ0 prob=0.196
AgeVaxH35.js:2293 71I x:ageGp:fam 964:8:-1 by red 111:1:-1 at gen224 Univ0 prob=0.551
AgeVaxH35.js:2293 72I x:ageGp:fam 721:5:-1 by blue 571:4:-1 at gen225 Univ0 prob=0.401
AgeVaxH35.js:2293 75I x:ageGp:fam 665:4:-1 by blue 130:1:-1 at gen229 Univ0 prob=0.607
AgeVaxH35.js:2293 75I x:ageGp:fam 590:4:-1 by blue 795:5:-1 at gen230 Univ0 prob=0.293
AgeVaxH35.js:2293 76I x:ageGp:fam 556:4:-1 by red 378:3:-1 at gen231 Univ0 prob=0.011
AgeVaxH35.js:2293 77I x:ageGp:fam 174:2:-1 by blue 606:4:-1 at gen232 Univ0 prob=0.730
AgeVaxH35.js:2293 79I x:ageGp:fam 348:2:-1 by blue 793:5:-1 at gen236 Univ0 prob=0.339
AgeVaxH35.js:2293 79I x:ageGp:fam 529:3:-1 by blue 60:1:-1 at gen237 Univ0 prob=0.261
AgeVaxH35.js:2293 79I x:ageGp:fam 529:3:-1 by blue 92:1:-1 at gen237 Univ0 prob=0.769
AgeVaxH35.js:2293 79I x:ageGp:fam 221:2:-1 by blue 432:3:-1 at gen237 Univ0 prob=0.886
AgeVaxH35.js:2293 82I x:ageGp:fam 935:7:-1 by blue 432:3:-1 at gen239 Univ0 prob=0.850
AgeVaxH35.js:2293 82I x:ageGp:fam 415:3:-1 by blue 60:1:-1 at gen240 Univ0 prob=0.690
AgeVaxH35.js:2293 82I x:ageGp:fam 278:2:-1 by blue 130:1:-1 at gen240 Univ0 prob=0.218
AgeVaxH35.js:2293 85I x:ageGp:fam 440:3:-1 by red 186:2:-1 at gen242 Univ0 prob=0.047
AgeVaxH35.js:2293 86I x:ageGp:fam 472:3:-1 by red 93:1:-1 at gen247 Univ0 prob=0.142
AgeVaxH35.js:2293 87I x:ageGp:fam 147:2:-1 by blue 534:3:-1 at gen249 Univ0 prob=0.750
AgeVaxH35.js:2293 87I x:ageGp:fam 499:3:-1 by red 490:3:-1 at gen249 Univ0 prob=0.004
AgeVaxH35.js:2293 89I x:ageGp:fam 312:2:-1 by blue 107:1:-1 at gen253 Univ0 prob=0.341
AgeVaxH35.js:2293 89I x:ageGp:fam 420:3:-1 by yellow 597:4:-1 at gen253 Univ0 prob=0.586
AgeVaxH35.js:2293 91I x:ageGp:fam 517:3:-1 by red 378:3:-1 at gen256 Univ0 prob=0.898
AgeVaxH35.js:2293 91I x:ageGp:fam 531:3:-1 by red 925:7:-1 at gen257 Univ0 prob=0.690
AgeVaxH35.js:2293 92I x:ageGp:fam 479:3:-1 by yellow 517:3:-1 at gen258 Univ0 prob=0.809
AgeVaxH35.js:2293 92I x:ageGp:fam 779:5:-1 by blue 892:6:-1 at gen258 Univ0 prob=0.096
AgeVaxH35.js:2293 93I x:ageGp:fam 698:5:-1 by blue 447:3:-1 at gen259 Univ0 prob=0.130
AgeVaxH35.js:2293 96I x:ageGp:fam 783:5:-1 by blue 95:1:-1 at gen261 Univ0 prob=0.983
AgeVaxH35.js:2293 96I x:ageGp:fam 331:2:-1 by red 490:3:-1 at gen261 Univ0 prob=0.053
AgeVaxH35.js:2293 98I x:ageGp:fam 972:8:-1 by blue 107:1:-1 at gen265 Univ0 prob=0.040
AgeVaxH35.js:2293 98I x:ageGp:fam 277:2:-1 by blue 92:1:-1 at gen266 Univ0 prob=0.881
AgeVaxH35.js:2293 98I x:ageGp:fam 552:4:-1 by red 801:5:-1 at gen266 Univ0 prob=0.830
AgeVaxH35.js:2293 101I x:ageGp:fam 769:5:-1 by blue 107:1:-1 at gen268 Univ0 prob=0.735
AgeVaxH35.js:2293 101I x:ageGp:fam 978:8:-1 by red 378:3:-1 at gen268 Univ0 prob=0.395
AgeVaxH35.js:2293 101I x:ageGp:fam 10:0:-1 by blue 95:1:-1 at gen269 Univ0 prob=0.019
AgeVaxH35.js:2293 101I x:ageGp:fam 802:5:-1 by blue 95:1:-1 at gen269 Univ0 prob=0.235
AgeVaxH35.js:2293 101I x:ageGp:fam 335:2:-1 by red 960:8:-1 at gen269 Univ0 prob=0.952
AgeVaxH35.js:2293 106I x:ageGp:fam 120:1:-1 by blue 131:2:-1 at gen271 Univ0 prob=0.379
AgeVaxH35.js:2293 106I x:ageGp:fam 940:7:-1 by blue 25:0:-1 at gen272 Univ0 prob=0.009
AgeVaxH35.js:2293 106I x:ageGp:fam 28:0:-1 by blue 203:2:-1 at gen272 Univ0 prob=0.516
AgeVaxH35.js:2293 106I x:ageGp:fam 559:4:-1 by blue 811:5:-1 at gen272 Univ0 prob=0.306
AgeVaxH35.js:2293 110I x:ageGp:fam 744:5:-1 by red 840:6:-1 at gen275 Univ0 prob=0.321
AgeVaxH35.js:2293 110I x:ageGp:fam 391:3:-1 by red 378:3:-1 at gen276 Univ0 prob=0.655
AgeVaxH35.js:2293 110I x:ageGp:fam 403:3:-1 by blue 795:5:-1 at gen276 Univ0 prob=0.864
AgeVaxH35.js:2293 111I x:ageGp:fam 27:0:-1 by red 432:3:-1 at gen277 Univ0 prob=0.048
AgeVaxH35.js:2293 111I x:ageGp:fam 384:3:-1 by red 93:1:-1 at gen277 Univ0 prob=0.545
AgeVaxH35.js:2293 113I x:ageGp:fam 689:4:-1 by blue 468:3:-1 at gen278 Univ0 prob=0.320
AgeVaxH35.js:2293 115I x:ageGp:fam 774:5:-1 by red 251:2:-1 at gen279 Univ0 prob=0.668
AgeVaxH35.js:2293 115I x:ageGp:fam 578:4:-1 by red 378:3:-1 at gen279 Univ0 prob=0.472
AgeVaxH35.js:2293 115I x:ageGp:fam 666:4:-1 by red 378:3:-1 at gen279 Univ0 prob=0.864
AgeVaxH35.js:2293 115I x:ageGp:fam 774:5:-1 by blue 757:5:-1 at gen279 Univ0 prob=0.310
AgeVaxH35.js:2293 116I x:ageGp:fam 752:5:-1 by blue 95:1:-1 at gen280 Univ0 prob=0.577
AgeVaxH35.js:2293 119I x:ageGp:fam 915:7:-1 by blue 203:2:-1 at gen281 Univ0 prob=0.336
AgeVaxH35.js:2293 119I x:ageGp:fam 675:4:-1 by blue 945:7:-1 at gen281 Univ0 prob=0.396
AgeVaxH35.js:2293 120I x:ageGp:fam 898:6:-1 by blue 122:1:-1 at gen282 Univ0 prob=0.362
AgeVaxH35.js:2293 122I x:ageGp:fam 636:4:-1 by blue 757:5:-1 at gen283 Univ0 prob=0.298
AgeVaxH35.js:2293 123I x:ageGp:fam 478:3:-1 by red 606:4:-1 at gen284 Univ0 prob=0.276
AgeVaxH35.js:2293 124I x:ageGp:fam 540:3:-1 by red 432:3:-1 at gen285 Univ0 prob=0.396
AgeVaxH35.js:2293 124I x:ageGp:fam 745:5:-1 by yellow 478:3:-1 at gen285 Univ0 prob=0.779
AgeVaxH35.js:2293 127I x:ageGp:fam 749:5:-1 by red 378:3:-1 at gen287 Univ0 prob=0.253
AgeVaxH35.js:2293 127I x:ageGp:fam 489:3:-1 by blue 447:3:-1 at gen287 Univ0 prob=0.658
AgeVaxH35.js:2293 129I x:ageGp:fam 493:3:-1 by blue 58:1:-1 at gen290 Univ0 prob=0.055
AgeVaxH35.js:2293 130I x:ageGp:fam 365:3:-1 by red 74:1:-1 at gen292 Univ0 prob=0.915
AgeVaxH35.js:2293 130I x:ageGp:fam 103:1:-1 by blue 439:3:-1 at gen292 Univ0 prob=0.773
AgeVaxH35.js:2293 130I x:ageGp:fam 185:2:-1 by blue 468:3:-1 at gen292 Univ0 prob=0.988
AgeVaxH35.js:2293 130I x:ageGp:fam 4:0:-1 by blue 914:7:-1 at gen293 Univ0 prob=0.487
AgeVaxH35.js:2293 130I x:ageGp:fam 530:3:-1 by blue 468:3:-1 at gen293 Univ0 prob=0.716
AgeVaxH35.js:2293 133I x:ageGp:fam 537:3:-1 by blue 476:3:-1 at gen294 Univ0 prob=0.054
AgeVaxH35.js:2293 135I x:ageGp:fam 508:3:-1 by blue 439:3:-1 at gen295 Univ0 prob=0.263
AgeVaxH35.js:2293 136I x:ageGp:fam 833:6:-1 by blue 964:8:-1 at gen296 Univ0 prob=0.613
AgeVaxH35.js:2293 138I x:ageGp:fam 623:4:-1 by blue 439:3:-1 at gen299 Univ0 prob=0.891
AgeVaxH35.js:2293 138I x:ageGp:fam 495:3:-1 by red 795:5:-1 at gen299 Univ0 prob=0.777
AgeVaxH35.js:2293 140I x:ageGp:fam 585:4:-1 by red 95:1:-1 at gen301 Univ0 prob=0.069
AgeVaxH35.js:2293 140I x:ageGp:fam 741:5:-1 by blue 174:2:-1 at gen302 Univ0 prob=0.864
AgeVaxH35.js:2293 142I x:ageGp:fam 245:2:-1 by red 95:1:-1 at gen304 Univ0 prob=0.555
AgeVaxH35.js:2293 142I x:ageGp:fam 703:5:-1 by red 107:1:-1 at gen304 Univ0 prob=0.593
AgeVaxH35.js:2293 142I x:ageGp:fam 17:0:-1 by blue 604:4:-1 at gen305 Univ0 prob=0.812
AgeVaxH35.js:2293 142I x:ageGp:fam 375:3:-1 by blue 935:7:-1 at gen305 Univ0 prob=0.160
AgeVaxH35.js:2293 146I x:ageGp:fam 577:4:-1 by red 95:1:-1 at gen308 Univ0 prob=0.925
AgeVaxH35.js:2293 147I x:ageGp:fam 551:4:-1 by red 186:2:-1 at gen310 Univ0 prob=0.692
AgeVaxH35.js:2293 147I x:ageGp:fam 303:2:-1 by red 840:6:-1 at gen310 Univ0 prob=0.746
AgeVaxH35.js:2293 149I x:ageGp:fam 293:2:-1 by red 39:0:-1 at gen313 Univ0 prob=0.050
AgeVaxH35.js:2293 149I x:ageGp:fam 82:1:-1 by blue 264:2:-1 at gen313 Univ0 prob=0.893
AgeVaxH35.js:2293 149I x:ageGp:fam 218:2:-1 by red 417:3:-1 at gen314 Univ0 prob=0.226
AgeVaxH35.js:2293 151I x:ageGp:fam 393:3:-1 by red 439:3:-1 at gen315 Univ0 prob=0.554
AgeVaxH35.js:2293 152I x:ageGp:fam 459:3:-1 by blue 485:3:-1 at gen316 Univ0 prob=0.514
AgeVaxH35.js:2293 153I x:ageGp:fam 201:2:-1 by blue 556:4:-1 at gen317 Univ0 prob=0.844
AgeVaxH35.js:2293 153I x:ageGp:fam 555:4:-1 by blue 237:2:-1 at gen317 Univ0 prob=0.077
AgeVaxH35.js:2293 154I x:ageGp:fam 205:2:-1 by red 432:3:-1 at gen318 Univ0 prob=0.165
AgeVaxH35.js:2293 154I x:ageGp:fam 337:2:-1 by blue 914:7:-1 at gen318 Univ0 prob=0.999
AgeVaxH35.js:2293 156I x:ageGp:fam 64:1:-1 by blue 221:2:-1 at gen319 Univ0 prob=0.865
AgeVaxH35.js:2293 156I x:ageGp:fam 144:2:-1 by blue 769:5:-1 at gen319 Univ0 prob=0.885
AgeVaxH35.js:2293 156I x:ageGp:fam 874:6:-1 by red 447:3:-1 at gen319 Univ0 prob=0.628
AgeVaxH35.js:2293 158I x:ageGp:fam 14:0:-1 by blue 914:7:-1 at gen320 Univ0 prob=0.918
AgeVaxH35.js:2293 158I x:ageGp:fam 958:8:-1 by red 490:3:-1 at gen320 Univ0 prob=0.169
AgeVaxH35.js:2293 158I x:ageGp:fam 533:3:-1 by blue 559:4:-1 at gen320 Univ0 prob=0.847
AgeVaxH35.js:2293 164I x:ageGp:fam 584:4:-1 by red 131:2:-1 at gen322 Univ0 prob=0.976
AgeVaxH35.js:2293 165I x:ageGp:fam 70:1:-1 by red 447:3:-1 at gen325 Univ0 prob=0.716
AgeVaxH35.js:2293 165I x:ageGp:fam 453:3:-1 by red 439:3:-1 at gen325 Univ0 prob=0.208
AgeVaxH35.js:2293 165I x:ageGp:fam 635:4:-1 by blue 964:8:-1 at gen325 Univ0 prob=0.847
AgeVaxH35.js:2293 168I x:ageGp:fam 659:4:-1 by red 447:3:-1 at gen327 Univ0 prob=0.971
AgeVaxH35.js:2293 168I x:ageGp:fam 63:1:-1 by yellow 752:5:-1 at gen328 Univ0 prob=0.436
AgeVaxH35.js:2293 168I x:ageGp:fam 566:4:-1 by red 979:8:-1 at gen328 Univ0 prob=0.838
AgeVaxH35.js:2293 168I x:ageGp:fam 637:4:-1 by yellow 752:5:-1 at gen328 Univ0 prob=0.668
AgeVaxH35.js:2293 172I x:ageGp:fam 480:3:-1 by red 439:3:-1 at gen331 Univ0 prob=0.679
AgeVaxH35.js:2293 173I x:ageGp:fam 354:2:-1 by red 439:3:-1 at gen333 Univ0 prob=0.229
AgeVaxH35.js:2293 173I x:ageGp:fam 256:2:-1 by blue 277:2:-1 at gen334 Univ0 prob=0.262
AgeVaxH35.js:2293 174I x:ageGp:fam 162:2:-1 by blue 174:2:-1 at gen335 Univ0 prob=0.962
AgeVaxH35.js:2293 174I x:ageGp:fam 281:2:-1 by blue 531:3:-1 at gen335 Univ0 prob=0.777
AgeVaxH35.js:2293 177I x:ageGp:fam 35:0:-1 by red 447:3:-1 at gen339 Univ0 prob=0.400
AgeVaxH35.js:2293 177I x:ageGp:fam 214:2:-1 by red 417:3:-1 at gen340 Univ0 prob=0.640
AgeVaxH35.js:2293 179I x:ageGp:fam 543:4:-1 by blue 964:8:-1 at gen343 Univ0 prob=0.302
AgeVaxH35.js:2293 179I x:ageGp:fam 414:3:-1 by red 95:1:-1 at gen344 Univ0 prob=0.127
AgeVaxH35.js:2293 180I x:ageGp:fam 406:3:-1 by red 130:1:-1 at gen345 Univ0 prob=0.201
AgeVaxH35.js:2293 180I x:ageGp:fam 583:4:-1 by blue 802:5:-1 at gen345 Univ0 prob=0.545
AgeVaxH35.js:2293 180I x:ageGp:fam 661:4:-1 by blue 752:5:-1 at gen345 Univ0 prob=0.008
AgeVaxH35.js:2293 181I x:ageGp:fam 474:3:-1 by blue 120:1:-1 at gen346 Univ0 prob=0.540
AgeVaxH35.js:2293 184I x:ageGp:fam 605:4:-1 by blue 689:4:-1 at gen347 Univ0 prob=0.513
AgeVaxH35.js:2293 184I x:ageGp:fam 630:4:-1 by red 840:6:-1 at gen347 Univ0 prob=0.452
AgeVaxH35.js:2293 187I x:ageGp:fam 787:5:-1 by blue 277:2:-1 at gen349 Univ0 prob=0.714
AgeVaxH35.js:2293 187I x:ageGp:fam 984:9:-1 by blue 578:4:-1 at gen349 Univ0 prob=0.922
AgeVaxH35.js:2293 187I x:ageGp:fam 102:1:-1 by blue 277:2:-1 at gen350 Univ0 prob=0.362
AgeVaxH35.js:2293 187I x:ageGp:fam 897:6:-1 by blue 802:5:-1 at gen350 Univ0 prob=0.401
AgeVaxH35.js:2293 189I x:ageGp:fam 99:1:-1 by blue 978:8:-1 at gen351 Univ0 prob=0.365
AgeVaxH35.js:2293 189I x:ageGp:fam 369:3:-1 by blue 403:3:-1 at gen351 Univ0 prob=0.514
AgeVaxH35.js:2293 193I x:ageGp:fam 304:2:-1 by blue 537:3:-1 at gen353 Univ0 prob=0.907
AgeVaxH35.js:2293 193I x:ageGp:fam 481:3:-1 by blue 898:6:-1 at gen354 Univ0 prob=0.728
AgeVaxH35.js:2293 194I x:ageGp:fam 126:1:-1 by blue 120:1:-1 at gen355 Univ0 prob=0.016
AgeVaxH35.js:2293 194I x:ageGp:fam 367:3:-1 by blue 578:4:-1 at gen355 Univ0 prob=0.606
AgeVaxH35.js:2293 197I x:ageGp:fam 73:1:-1 by red 174:2:-1 at gen357 Univ0 prob=0.719
AgeVaxH35.js:2293 197I x:ageGp:fam 789:5:-1 by blue 120:1:-1 at gen357 Univ0 prob=0.678
AgeVaxH35.js:2293 197I x:ageGp:fam 830:6:-1 by blue 666:4:-1 at gen357 Univ0 prob=0.114
AgeVaxH35.js:2293 197I x:ageGp:fam 848:6:-1 by red 964:8:-1 at gen357 Univ0 prob=0.778
AgeVaxH35.js:2293 197I x:ageGp:fam 526:3:-1 by red 95:1:-1 at gen358 Univ0 prob=0.936
AgeVaxH35.js:2293 197I x:ageGp:fam 467:3:-1 by blue 898:6:-1 at gen358 Univ0 prob=0.957
AgeVaxH35.js:2293 203I x:ageGp:fam 87:1:-1 by blue 120:1:-1 at gen360 Univ0 prob=0.143
AgeVaxH35.js:2293 203I x:ageGp:fam 402:3:-1 by red 95:1:-1 at gen360 Univ0 prob=0.170
AgeVaxH35.js:2293 203I x:ageGp:fam 888:6:-1 by red 811:5:-1 at gen360 Univ0 prob=0.036
AgeVaxH35.js:2293 203I x:ageGp:fam 497:3:-1 by red 174:2:-1 at gen361 Univ0 prob=0.807
AgeVaxH35.js:2293 203I x:ageGp:fam 613:4:-1 by blue 403:3:-1 at gen361 Univ0 prob=0.511
AgeVaxH35.js:2293 208I x:ageGp:fam 815:5:-1 by red 447:3:-1 at gen363 Univ0 prob=0.460
AgeVaxH35.js:2293 208I x:ageGp:fam 750:5:-1 by red 39:0:-1 at gen364 Univ0 prob=0.569
AgeVaxH35.js:2293 209I x:ageGp:fam 301:2:-1 by blue 577:4:-1 at gen365 Univ0 prob=0.140
AgeVaxH35.js:2293 211I x:ageGp:fam 656:4:-1 by red 95:1:-1 at gen368 Univ0 prob=0.279
AgeVaxH35.js:2293 211I x:ageGp:fam 511:3:-1 by blue 537:3:-1 at gen368 Univ0 prob=0.009
AgeVaxH35.js:2293 211I x:ageGp:fam 784:5:-1 by blue 185:2:-1 at gen369 Univ0 prob=0.425
AgeVaxH35.js:2293 211I x:ageGp:fam 336:2:-1 by red 556:4:-1 at gen369 Univ0 prob=0.031
AgeVaxH35.js:2293 213I x:ageGp:fam 772:5:-1 by red 468:3:-1 at gen370 Univ0 prob=0.759
AgeVaxH35.js:2293 216I x:ageGp:fam 260:2:-1 by red 74:1:-1 at gen372 Univ0 prob=0.148
AgeVaxH35.js:2293 216I x:ageGp:fam 893:6:-1 by blue 185:2:-1 at gen372 Univ0 prob=0.089
AgeVaxH35.js:2293 216I x:ageGp:fam 385:3:-1 by blue 537:3:-1 at gen372 Univ0 prob=0.071
AgeVaxH35.js:2293 216I x:ageGp:fam 572:4:-1 by red 95:1:-1 at gen373 Univ0 prob=0.937
AgeVaxH35.js:2293 216I x:ageGp:fam 660:4:-1 by blue 584:4:-1 at gen373 Univ0 prob=0.585
AgeVaxH35.js:2293 216I x:ageGp:fam 911:7:-1 by blue 802:5:-1 at gen373 Univ0 prob=0.319
AgeVaxH35.js:2293 216I x:ageGp:fam 819:5:-1 by red 840:6:-1 at gen373 Univ0 prob=0.502
AgeVaxH35.js:2293 219I x:ageGp:fam 297:2:-1 by red 964:8:-1 at gen374 Univ0 prob=0.914
AgeVaxH35.js:2293 223I x:ageGp:fam 383:3:-1 by red 105:1:-1 at gen375 Univ0 prob=0.505
AgeVaxH35.js:2293 223I x:ageGp:fam 180:2:-1 by red 122:1:-1 at gen375 Univ0 prob=0.637
AgeVaxH35.js:2293 224I x:ageGp:fam 924:7:-1 by blue 769:5:-1 at gen376 Univ0 prob=0.118
AgeVaxH35.js:2293 226I x:ageGp:fam 541:4:-1 by blue 303:2:-1 at gen377 Univ0 prob=0.323
AgeVaxH35.js:2293 226I x:ageGp:fam 423:3:-1 by blue 703:5:-1 at gen377 Univ0 prob=0.186
AgeVaxH35.js:2293 229I x:ageGp:fam 178:2:-1 by blue 802:5:-1 at gen379 Univ0 prob=0.849
AgeVaxH35.js:2293 229I x:ageGp:fam 431:3:-1 by red 721:5:-1 at gen379 Univ0 prob=0.554
AgeVaxH35.js:2293 229I x:ageGp:fam 740:5:-1 by blue 833:6:-1 at gen379 Univ0 prob=0.034
AgeVaxH35.js:2293 232I x:ageGp:fam 807:5:-1 by red 556:4:-1 at gen383 Univ0 prob=0.006
AgeVaxH35.js:2293 232I x:ageGp:fam 971:8:-1 by red 130:1:-1 at gen384 Univ0 prob=0.137
AgeVaxH35.js:2293 232I x:ageGp:fam 694:5:-1 by blue 480:3:-1 at gen384 Univ0 prob=0.995
AgeVaxH35.js:2293 232I x:ageGp:fam 828:6:-1 by red 802:5:-1 at gen384 Univ0 prob=0.315
AgeVaxH35.js:2293 236I x:ageGp:fam 488:3:-1 by red 95:1:-1 at gen386 Univ0 prob=0.404
AgeVaxH35.js:2293 236I x:ageGp:fam 343:2:-1 by blue 577:4:-1 at gen386 Univ0 prob=0.336
AgeVaxH35.js:2293 236I x:ageGp:fam 608:4:-1 by red 712:5:-1 at gen386 Univ0 prob=0.226
AgeVaxH35.js:2293 236I x:ageGp:fam 437:3:-1 by blue 585:4:-1 at gen387 Univ0 prob=0.289
AgeVaxH35.js:2293 240I x:ageGp:fam 15:0:-1 by red 783:5:-1 at gen390 Univ0 prob=0.220
AgeVaxH35.js:2293 240I x:ageGp:fam 169:2:-1 by red 590:4:-1 at gen391 Univ0 prob=0.113
AgeVaxH35.js:2293 240I x:ageGp:fam 457:3:-1 by blue 577:4:-1 at gen391 Univ0 prob=0.615
AgeVaxH35.js:2293 241I x:ageGp:fam 576:4:-1 by blue 201:2:-1 at gen392 Univ0 prob=0.857
AgeVaxH35.js:2293 241I x:ageGp:fam 667:4:-1 by blue 256:2:-1 at gen392 Univ0 prob=0.428
AgeVaxH35.js:2293 243I x:ageGp:fam 477:3:-1 by blue 14:0:-1 at gen393 Univ0 prob=0.234
AgeVaxH35.js:2293 243I x:ageGp:fam 569:4:-1 by red 277:2:-1 at gen393 Univ0 prob=0.829
AgeVaxH35.js:2293 245I x:ageGp:fam 587:4:-1 by blue 666:4:-1 at gen394 Univ0 prob=0.979
AgeVaxH35.js:2293 247I x:ageGp:fam 620:4:-1 by blue 14:0:-1 at gen395 Univ0 prob=0.256
AgeVaxH35.js:2293 247I x:ageGp:fam 117:1:-1 by blue 752:5:-1 at gen395 Univ0 prob=0.169
AgeVaxH35.js:2293 247I x:ageGp:fam 505:3:-1 by blue 530:3:-1 at gen395 Univ0 prob=0.937
AgeVaxH35.js:2293 248I x:ageGp:fam 853:6:-1 by blue 63:1:-1 at gen396 Univ0 prob=0.140
AgeVaxH35.js:2293 248I x:ageGp:fam 234:2:-1 by blue 64:1:-1 at gen396 Univ0 prob=0.090
AgeVaxH35.js:2293 248I x:ageGp:fam 470:3:-1 by red 74:1:-1 at gen396 Univ0 prob=0.348
AgeVaxH35.js:2293 248I x:ageGp:fam 975:8:-1 by blue 585:4:-1 at gen396 Univ0 prob=0.086
AgeVaxH35.js:2293 251I x:ageGp:fam 430:3:-1 by blue 915:7:-1 at gen397 Univ0 prob=0.763
AgeVaxH35.js:2293 255I x:ageGp:fam 711:5:-1 by blue 185:2:-1 at gen398 Univ0 prob=0.627
AgeVaxH35.js:2293 255I x:ageGp:fam 983:9:-1 by blue 245:2:-1 at gen398 Univ0 prob=0.665
AgeVaxH35.js:2293 255I x:ageGp:fam 760:5:-1 by yellow 474:3:-1 at gen398 Univ0 prob=0.945
AgeVaxH35.js:2293 256I x:ageGp:fam 91:1:-1 by red 74:1:-1 at gen399 Univ0 prob=0.994
AgeVaxH35.js:2293 256I x:ageGp:fam 349:2:-1 by blue 605:4:-1 at gen399 Univ0 prob=0.987
AgeVaxH35.js:2293 259I x:ageGp:fam 731:5:-1 by blue 63:1:-1 at gen400 Univ0 prob=0.500
AgeVaxH35.js:2293 259I x:ageGp:fam 628:4:-1 by red 74:1:-1 at gen400 Univ0 prob=0.816
AgeVaxH35.js:2293 259I x:ageGp:fam 855:6:-1 by red 802:5:-1 at gen400 Univ0 prob=0.840
AgeVaxH35.js:2293 261I x:ageGp:fam 100:1:-1 by red 74:1:-1 at gen401 Univ0 prob=0.833
AgeVaxH35.js:2293 264I x:ageGp:fam 141:2:-1 by red 606:4:-1 at gen402 Univ0 prob=0.145
AgeVaxH35.js:2293 264I x:ageGp:fam 634:4:-1 by blue 245:2:-1 at gen402 Univ0 prob=0.418
AgeVaxH35.js:2293 265I x:ageGp:fam 545:4:-1 by red 935:7:-1 at gen403 Univ0 prob=0.215
AgeVaxH35.js:2293 265I x:ageGp:fam 708:5:-1 by red 752:5:-1 at gen403 Univ0 prob=0.529
AgeVaxH35.js:2293 265I x:ageGp:fam 803:5:-1 by red 744:5:-1 at gen403 Univ0 prob=0.602
AgeVaxH35.js:2293 267I x:ageGp:fam 822:6:-1 by blue 661:4:-1 at gen404 Univ0 prob=0.093
AgeVaxH35.js:2293 270I x:ageGp:fam 618:4:-1 by blue 480:3:-1 at gen405 Univ0 prob=0.282
AgeVaxH35.js:2293 272I x:ageGp:fam 257:2:-1 by red 10:0:-1 at gen407 Univ0 prob=0.315
AgeVaxH35.js:2293 272I x:ageGp:fam 97:1:-1 by blue 256:2:-1 at gen407 Univ0 prob=0.833
AgeVaxH35.js:2293 272I x:ageGp:fam 662:4:-1 by blue 848:6:-1 at gen407 Univ0 prob=0.255
AgeVaxH35.js:2293 272I x:ageGp:fam 877:6:-1 by red 802:5:-1 at gen408 Univ0 prob=0.674
AgeVaxH35.js:2293 275I x:ageGp:fam 601:4:-1 by red 802:5:-1 at gen409 Univ0 prob=0.168
AgeVaxH35.js:2293 277I x:ageGp:fam 861:6:-1 by red 74:1:-1 at gen411 Univ0 prob=0.720
AgeVaxH35.js:2293 277I x:ageGp:fam 443:3:-1 by blue 659:4:-1 at gen412 Univ0 prob=0.625
AgeVaxH35.js:2293 279I x:ageGp:fam 610:4:-1 by red 39:0:-1 at gen414 Univ0 prob=0.522
AgeVaxH35.js:2293 279I x:ageGp:fam 814:5:-1 by red 39:0:-1 at gen414 Univ0 prob=0.200
AgeVaxH35.js:2293 279I x:ageGp:fam 456:3:-1 by red 185:2:-1 at gen414 Univ0 prob=0.259
AgeVaxH35.js:2293 282I x:ageGp:fam 903:7:-1 by red 174:2:-1 at gen417 Univ0 prob=0.467
AgeVaxH35.js:2293 282I x:ageGp:fam 748:5:-1 by red 185:2:-1 at gen417 Univ0 prob=0.285
AgeVaxH35.js:2293 282I x:ageGp:fam 734:5:-1 by red 689:4:-1 at gen417 Univ0 prob=0.859
AgeVaxH35.js:2293 282I x:ageGp:fam 676:4:-1 by red 833:6:-1 at gen418 Univ0 prob=0.224
AgeVaxH35.js:2293 285I x:ageGp:fam 539:3:-1 by red 478:3:-1 at gen419 Univ0 prob=0.913
AgeVaxH35.js:2293 287I x:ageGp:fam 881:6:-1 by blue 583:4:-1 at gen421 Univ0 prob=0.041
AgeVaxH35.js:2293 287I x:ageGp:fam 886:6:-1 by blue 661:4:-1 at gen421 Univ0 prob=0.298
AgeVaxH35.js:2293 287I x:ageGp:fam 408:3:-1 by red 752:5:-1 at gen422 Univ0 prob=0.270
AgeVaxH35.js:2293 287I x:ageGp:fam 743:5:-1 by blue 893:6:-1 at gen422 Univ0 prob=0.967
AgeVaxH35.js:2293 289I x:ageGp:fam 124:1:-1 by blue 369:3:-1 at gen423 Univ0 prob=0.826
AgeVaxH35.js:2293 289I x:ageGp:fam 411:3:-1 by blue 605:4:-1 at gen423 Univ0 prob=0.648
AgeVaxH35.js:2293 289I x:ageGp:fam 560:4:-1 by blue 585:4:-1 at gen423 Univ0 prob=0.896
AgeVaxH35.js:2293 291I x:ageGp:fam 300:2:-1 by blue 585:4:-1 at gen424 Univ0 prob=0.928
AgeVaxH35.js:2293 291I x:ageGp:fam 370:3:-1 by blue 635:4:-1 at gen424 Univ0 prob=0.516
AgeVaxH35.js:2293 294I x:ageGp:fam 271:2:-1 by blue 474:3:-1 at gen425 Univ0 prob=0.499
AgeVaxH35.js:2293 294I x:ageGp:fam 770:5:-1 by red 403:3:-1 at gen425 Univ0 prob=0.212
AgeVaxH35.js:2293 296I x:ageGp:fam 643:4:-1 by blue 375:3:-1 at gen426 Univ0 prob=0.678
AgeVaxH35.js:2293 296I x:ageGp:fam 929:7:-1 by red 721:5:-1 at gen426 Univ0 prob=0.869
AgeVaxH35.js:2293 298I x:ageGp:fam 400:3:-1 by red 331:2:-1 at gen427 Univ0 prob=0.797
AgeVaxH35.js:2293 300I x:ageGp:fam 24:0:-1 by blue 406:3:-1 at gen428 Univ0 prob=0.136
AgeVaxH35.js:2293 300I x:ageGp:fam 791:5:-1 by red 39:0:-1 at gen428 Univ0 prob=0.297
AgeVaxH35.js:2293 300I x:ageGp:fam 350:2:-1 by red 802:5:-1 at gen428 Univ0 prob=0.523
AgeVaxH35.js:2293 301I x:ageGp:fam 412:3:-1 by blue 102:1:-1 at gen429 Univ0 prob=0.336
AgeVaxH35.js:2293 305I x:ageGp:fam 510:3:-1 by blue 369:3:-1 at gen432 Univ0 prob=0.258
AgeVaxH35.js:2293 305I x:ageGp:fam 364:3:-1 by red 744:5:-1 at gen433 Univ0 prob=0.243
AgeVaxH35.js:2293 305I x:ageGp:fam 810:5:-1 by blue 848:6:-1 at gen433 Univ0 prob=0.551
AgeVaxH35.js:2293 308I x:ageGp:fam 228:2:-1 by blue 73:1:-1 at gen435 Univ0 prob=0.477
AgeVaxH35.js:2293 308I x:ageGp:fam 386:3:-1 by blue 102:1:-1 at gen436 Univ0 prob=0.452
AgeVaxH35.js:2293 308I x:ageGp:fam 157:2:-1 by blue 126:1:-1 at gen436 Univ0 prob=0.230
AgeVaxH35.js:2293 308I x:ageGp:fam 224:2:-1 by red 403:3:-1 at gen436 Univ0 prob=0.630
AgeVaxH35.js:2293 308I x:ageGp:fam 386:3:-1 by red 310:2:-1 at gen436 Univ0 prob=0.756
AgeVaxH35.js:2293 309I x:ageGp:fam 3:0:-1 by blue 893:6:-1 at gen437 Univ0 prob=0.291
AgeVaxH35.js:2293 309I x:ageGp:fam 794:5:-1 by blue 256:2:-1 at gen437 Univ0 prob=0.353
AgeVaxH35.js:2293 309I x:ageGp:fam 452:3:-1 by red 689:4:-1 at gen437 Univ0 prob=0.964
AgeVaxH35.js:2293 312I x:ageGp:fam 542:4:-1 by blue 637:4:-1 at gen438 Univ0 prob=0.943
AgeVaxH35.js:2293 312I x:ageGp:fam 718:5:-1 by red 752:5:-1 at gen438 Univ0 prob=0.639
AgeVaxH35.js:2293 315I x:ageGp:fam 800:5:-1 by blue 354:2:-1 at gen439 Univ0 prob=0.201
AgeVaxH35.js:2293 317I x:ageGp:fam 80:1:-1 by blue 511:3:-1 at gen440 Univ0 prob=0.084
AgeVaxH35.js:2293 317I x:ageGp:fam 123:1:-1 by blue 99:1:-1 at gen440 Univ0 prob=0.365
AgeVaxH35.js:2293 317I x:ageGp:fam 688:4:-1 by blue 99:1:-1 at gen440 Univ0 prob=0.647
AgeVaxH35.js:2293 318I x:ageGp:fam 109:1:-1 by blue 467:3:-1 at gen441 Univ0 prob=0.869
AgeVaxH35.js:2293 318I x:ageGp:fam 202:2:-1 by yellow 667:4:-1 at gen441 Univ0 prob=0.008
AgeVaxH35.js:2293 321I x:ageGp:fam 161:2:-1 by red 375:3:-1 at gen442 Univ0 prob=0.544
AgeVaxH35.js:2293 321I x:ageGp:fam 252:2:-1 by blue 888:6:-1 at gen442 Univ0 prob=0.771
AgeVaxH35.js:2293 323I x:ageGp:fam 387:3:-1 by blue 613:4:-1 at gen443 Univ0 prob=0.769
AgeVaxH35.js:2293 325I x:ageGp:fam 685:4:-1 by blue 467:3:-1 at gen444 Univ0 prob=0.366
AgeVaxH35.js:2293 325I x:ageGp:fam 523:3:-1 by yellow 505:3:-1 at gen444 Univ0 prob=0.833
AgeVaxH35.js:2293 328I x:ageGp:fam 198:2:-1 by red 958:8:-1 at gen448 Univ0 prob=0.484
AgeVaxH35.js:2293 328I x:ageGp:fam 288:2:-1 by red 964:8:-1 at gen448 Univ0 prob=0.101
AgeVaxH35.js:2293 328I x:ageGp:fam 619:4:-1 by blue 661:4:-1 at gen448 Univ0 prob=0.066
AgeVaxH35.js:2293 328I x:ageGp:fam 32:0:-1 by blue 583:4:-1 at gen449 Univ0 prob=0.479
AgeVaxH35.js:2293 328I x:ageGp:fam 316:2:-1 by red 666:4:-1 at gen449 Univ0 prob=0.679
AgeVaxH35.js:2293 328I x:ageGp:fam 804:5:-1 by blue 505:3:-1 at gen449 Univ0 prob=0.322
AgeVaxH35.js:2293 328I x:ageGp:fam 596:4:-1 by blue 819:5:-1 at gen449 Univ0 prob=0.913
AgeVaxH35.js:2293 331I x:ageGp:fam 943:7:-1 by blue 73:1:-1 at gen450 Univ0 prob=0.923
AgeVaxH35.js:2293 331I x:ageGp:fam 773:5:-1 by blue 430:3:-1 at gen450 Univ0 prob=0.664
AgeVaxH35.js:2293 335I x:ageGp:fam 112:1:-1 by blue 828:6:-1 at gen451 Univ0 prob=0.432
AgeVaxH35.js:2293 335I x:ageGp:fam 838:6:-1 by red 277:2:-1 at gen451 Univ0 prob=0.358
AgeVaxH35.js:2293 335I x:ageGp:fam 705:5:-1 by red 447:3:-1 at gen451 Univ0 prob=0.199
AgeVaxH35.js:2293 335I x:ageGp:fam 717:5:-1 by red 577:4:-1 at gen451 Univ0 prob=0.506
AgeVaxH35.js:2293 337I x:ageGp:fam 43:1:-1 by red 958:8:-1 at gen452 Univ0 prob=0.324
AgeVaxH35.js:2293 337I x:ageGp:fam 59:1:-1 by red 556:4:-1 at gen452 Univ0 prob=0.325
AgeVaxH35.js:2293 337I x:ageGp:fam 274:2:-1 by blue 583:4:-1 at gen452 Univ0 prob=0.635
AgeVaxH35.js:2293 337I x:ageGp:fam 837:6:-1 by blue 543:4:-1 at gen452 Univ0 prob=0.410
AgeVaxH35.js:2293 337I x:ageGp:fam 876:6:-1 by red 637:4:-1 at gen452 Univ0 prob=0.443
AgeVaxH35.js:2293 341I x:ageGp:fam 404:3:-1 by red 666:4:-1 at gen453 Univ0 prob=0.578
AgeVaxH35.js:2293 341I x:ageGp:fam 421:3:-1 by yellow 822:6:-1 at gen453 Univ0 prob=0.173
AgeVaxH35.js:2293 346I x:ageGp:fam 266:2:-1 by blue 102:1:-1 at gen454 Univ0 prob=0.454
AgeVaxH35.js:2293 346I x:ageGp:fam 538:3:-1 by blue 819:5:-1 at gen454 Univ0 prob=0.602
AgeVaxH35.js:2293 348I x:ageGp:fam 683:4:-1 by red 666:4:-1 at gen455 Univ0 prob=0.647
AgeVaxH35.js:2293 350I x:ageGp:fam 976:8:-1 by blue 787:5:-1 at gen456 Univ0 prob=0.508
AgeVaxH35.js:2293 351I x:ageGp:fam 609:4:-1 by red 468:3:-1 at gen457 Univ0 prob=0.286
AgeVaxH35.js:2293 352I x:ageGp:fam 101:1:-1 by red 958:8:-1 at gen458 Univ0 prob=0.337
AgeVaxH35.js:2293 352I x:ageGp:fam 521:3:-1 by red 958:8:-1 at gen458 Univ0 prob=0.173
AgeVaxH35.js:2293 353I x:ageGp:fam 653:4:-1 by blue 731:5:-1 at gen459 Univ0 prob=0.405
AgeVaxH35.js:2293 355I x:ageGp:fam 2:0:-1 by blue 822:6:-1 at gen460 Univ0 prob=0.092
AgeVaxH35.js:2293 355I x:ageGp:fam 473:3:-1 by blue 73:1:-1 at gen460 Univ0 prob=0.649
AgeVaxH35.js:2293 358I x:ageGp:fam 146:2:-1 by blue 828:6:-1 at gen463 Univ0 prob=0.740
AgeVaxH35.js:2293 358I x:ageGp:fam 823:6:-1 by blue 467:3:-1 at gen463 Univ0 prob=0.133
AgeVaxH35.js:2293 358I x:ageGp:fam 219:2:-1 by red 10:0:-1 at gen464 Univ0 prob=0.223
AgeVaxH35.js:2293 360I x:ageGp:fam 208:2:-1 by blue 656:4:-1 at gen465 Univ0 prob=0.358
AgeVaxH35.js:2293 360I x:ageGp:fam 429:3:-1 by red 439:3:-1 at gen465 Univ0 prob=0.988
AgeVaxH35.js:2293 361I x:ageGp:fam 184:2:-1 by blue 437:3:-1 at gen466 Univ0 prob=0.579
AgeVaxH35.js:2293 361I x:ageGp:fam 832:6:-1 by blue 830:6:-1 at gen466 Univ0 prob=0.359
AgeVaxH35.js:2293 365I x:ageGp:fam 916:7:-1 by blue 587:4:-1 at gen468 Univ0 prob=0.039
AgeVaxH35.js:2293 365I x:ageGp:fam 143:2:-1 by blue 893:6:-1 at gen469 Univ0 prob=0.928
AgeVaxH35.js:2293 366I x:ageGp:fam 669:4:-1 by blue 822:6:-1 at gen470 Univ0 prob=0.169
AgeVaxH35.js:2293 367I x:ageGp:fam 418:3:-1 by blue 126:1:-1 at gen471 Univ0 prob=0.256
AgeVaxH35.js:2293 367I x:ageGp:fam 323:2:-1 by red 583:4:-1 at gen471 Univ0 prob=0.675
AgeVaxH35.js:2293 367I x:ageGp:fam 944:7:-1 by blue 457:3:-1 at gen471 Univ0 prob=0.685
AgeVaxH35.js:2293 371I x:ageGp:fam 233:2:-1 by blue 91:1:-1 at gen473 Univ0 prob=0.335
AgeVaxH35.js:2293 371I x:ageGp:fam 710:5:-1 by red 439:3:-1 at gen473 Univ0 prob=0.691
AgeVaxH35.js:2293 371I x:ageGp:fam 756:5:-1 by red 530:3:-1 at gen473 Univ0 prob=0.280
AgeVaxH35.js:2293 371I x:ageGp:fam 682:4:-1 by red 637:4:-1 at gen473 Univ0 prob=0.483
AgeVaxH35.js:2293 371I x:ageGp:fam 724:5:-1 by blue 234:2:-1 at gen474 Univ0 prob=0.332
AgeVaxH35.js:2293 371I x:ageGp:fam 785:5:-1 by blue 470:3:-1 at gen474 Univ0 prob=0.212
AgeVaxH35.js:2293 371I x:ageGp:fam 527:3:-1 by blue 760:5:-1 at gen474 Univ0 prob=0.395
AgeVaxH35.js:2293 375I x:ageGp:fam 84:1:-1 by red 556:4:-1 at gen475 Univ0 prob=0.029
AgeVaxH35.js:2293 378I x:ageGp:fam 624:4:-1 by blue 336:2:-1 at gen476 Univ0 prob=0.976
AgeVaxH35.js:2293 378I x:ageGp:fam 725:5:-1 by blue 667:4:-1 at gen476 Univ0 prob=0.216
AgeVaxH35.js:2293 379I x:ageGp:fam 379:3:-1 by blue 124:1:-1 at gen477 Univ0 prob=0.567
AgeVaxH35.js:2293 379I x:ageGp:fam 283:2:-1 by blue 349:2:-1 at gen477 Univ0 prob=0.123
AgeVaxH35.js:2293 379I x:ageGp:fam 520:3:-1 by red 835:6:-1 at gen477 Univ0 prob=0.570
AgeVaxH35.js:2293 379I x:ageGp:fam 697:5:-1 by red 613:4:-1 at gen477 Univ0 prob=0.664
AgeVaxH35.js:2293 381I x:ageGp:fam 53:1:-1 by blue 430:3:-1 at gen478 Univ0 prob=0.993
AgeVaxH35.js:2293 381I x:ageGp:fam 118:1:-1 by blue 828:6:-1 at gen478 Univ0 prob=0.877
AgeVaxH35.js:2293 381I x:ageGp:fam 664:4:-1 by red 185:2:-1 at gen478 Univ0 prob=0.194
AgeVaxH35.js:2293 381I x:ageGp:fam 645:4:-1 by red 583:4:-1 at gen478 Univ0 prob=0.996
AgeVaxH35.js:2293 381I x:ageGp:fam 798:5:-1 by blue 822:6:-1 at gen478 Univ0 prob=0.912
AgeVaxH35.js:2293 390I x:ageGp:fam 775:5:-1 by blue 97:1:-1 at gen481 Univ0 prob=0.309
AgeVaxH35.js:2293 390I x:ageGp:fam 909:7:-1 by red 897:6:-1 at gen482 Univ0 prob=0.351
AgeVaxH35.js:2293 392I x:ageGp:fam 394:3:-1 by blue 886:6:-1 at gen484 Univ0 prob=0.133
AgeVaxH35.js:2293 393I x:ageGp:fam 843:6:-1 by red 848:6:-1 at gen486 Univ0 prob=0.531
AgeVaxH35.js:2293 393I x:ageGp:fam 629:4:-1 by blue 117:1:-1 at gen487 Univ0 prob=0.370
AgeVaxH35.js:2293 393I x:ageGp:fam 183:2:-1 by blue 760:5:-1 at gen487 Univ0 prob=0.852
AgeVaxH35.js:2293 394I x:ageGp:fam 125:1:-1 by red 120:1:-1 at gen488 Univ0 prob=0.797
AgeVaxH35.js:2293 394I x:ageGp:fam 236:2:-1 by blue 803:5:-1 at gen488 Univ0 prob=0.799
AgeVaxH35.js:2293 394I x:ageGp:fam 735:5:-1 by red 893:6:-1 at gen488 Univ0 prob=0.351
AgeVaxH35.js:2293 396I x:ageGp:fam 967:8:-1 by blue 15:0:-1 at gen489 Univ0 prob=0.969
AgeVaxH35.js:2293 396I x:ageGp:fam 33:0:-1 by blue 828:6:-1 at gen489 Univ0 prob=0.734
AgeVaxH35.js:2293 396I x:ageGp:fam 81:1:-1 by blue 97:1:-1 at gen489 Univ0 prob=0.926
AgeVaxH35.js:2293 396I x:ageGp:fam 455:3:-1 by blue 117:1:-1 at gen489 Univ0 prob=0.968
AgeVaxH35.js:2293 396I x:ageGp:fam 140:2:-1 by red 556:4:-1 at gen489 Univ0 prob=0.825
AgeVaxH35.js:2293 396I x:ageGp:fam 764:5:-1 by red 605:4:-1 at gen489 Univ0 prob=0.028
AgeVaxH35.js:2293 399I x:ageGp:fam 276:2:-1 by red 511:3:-1 at gen490 Univ0 prob=0.162
AgeVaxH35.js:2293 399I x:ageGp:fam 276:2:-1 by red 752:5:-1 at gen490 Univ0 prob=0.103
AgeVaxH35.js:2293 399I x:ageGp:fam 276:2:-1 by red 783:5:-1 at gen490 Univ0 prob=0.039
AgeVaxH35.js:2293 399I x:ageGp:fam 442:3:-1 by red 893:6:-1 at gen490 Univ0 prob=0.392
AgeVaxH35.js:2293 399I x:ageGp:fam 575:4:-1 by red 583:4:-1 at gen490 Univ0 prob=0.786
AgeVaxH35.js:2293 405I x:ageGp:fam 658:4:-1 by blue 97:1:-1 at gen491 Univ0 prob=0.026
AgeVaxH35.js:2293 405I x:ageGp:fam 786:5:-1 by blue 100:1:-1 at gen491 Univ0 prob=0.181
AgeVaxH35.js:2293 410I x:ageGp:fam 693:5:-1 by blue 794:5:-1 at gen493 Univ0 prob=0.484
AgeVaxH35.js:2293 411I x:ageGp:fam 648:4:-1 by red 637:4:-1 at gen495 Univ0 prob=0.141
AgeVaxH35.js:2293 411I x:ageGp:fam 873:6:-1 by blue 828:6:-1 at gen495 Univ0 prob=0.402
AgeVaxH35.js:2293 411I x:ageGp:fam 13:0:-1 by blue 510:3:-1 at gen496 Univ0 prob=0.673
AgeVaxH35.js:2293 413I x:ageGp:fam 496:3:-1 by blue 387:3:-1 at gen497 Univ0 prob=0.662
AgeVaxH35.js:2293 414I x:ageGp:fam 622:4:-1 by blue 117:1:-1 at gen498 Univ0 prob=0.204
AgeVaxH35.js:2293 415I x:ageGp:fam 647:4:-1 by red 605:4:-1 at gen499 Univ0 prob=0.728
AgeVaxH35.js:2293 415I x:ageGp:fam 980:8:-1 by red 637:4:-1 at gen499 Univ0 prob=0.654
AgeVaxH35.js:2293 415I x:ageGp:fam 644:4:-1 by blue 791:5:-1 at gen499 Univ0 prob=0.190
AgeVaxH35.js:2293 416I x:ageGp:fam 341:2:-1 by red 637:4:-1 at gen500 Univ0 prob=0.935
AgeVaxH35.js:2293 416I x:ageGp:fam 392:3:-1 by red 467:3:-1 at gen500 Univ0 prob=0.810
AgeVaxH35.js:2293 416I x:ageGp:fam 574:4:-1 by red 784:5:-1 at gen500 Univ0 prob=0.059
AgeVaxH35.js:2293 419I x:ageGp:fam 76:1:-1 by blue 271:2:-1 at gen501 Univ0 prob=0.670
AgeVaxH35.js:2293 419I x:ageGp:fam 238:2:-1 by red 613:4:-1 at gen501 Univ0 prob=0.388
AgeVaxH35.js:2293 419I x:ageGp:fam 895:6:-1 by blue 601:4:-1 at gen501 Univ0 prob=0.965
AgeVaxH35.js:2293 422I x:ageGp:fam 358:2:-1 by blue 794:5:-1 at gen502 Univ0 prob=0.316
AgeVaxH35.js:2293 422I x:ageGp:fam 409:3:-1 by red 784:5:-1 at gen502 Univ0 prob=0.091
AgeVaxH35.js:2293 425I x:ageGp:fam 668:4:-1 by blue 97:1:-1 at gen503 Univ0 prob=0.041
AgeVaxH35.js:2293 425I x:ageGp:fam 279:2:-1 by blue 523:3:-1 at gen503 Univ0 prob=0.012
AgeVaxH35.js:2293 425I x:ageGp:fam 923:7:-1 by blue 408:3:-1 at gen503 Univ0 prob=0.630
AgeVaxH35.js:2293 427I x:ageGp:fam 211:2:-1 by red 336:2:-1 at gen504 Univ0 prob=0.258
AgeVaxH35.js:2293 427I x:ageGp:fam 491:3:-1 by blue 685:4:-1 at gen504 Univ0 prob=0.738
AgeVaxH35.js:2293 427I x:ageGp:fam 680:4:-1 by red 583:4:-1 at gen504 Univ0 prob=0.583
AgeVaxH35.js:2293 430I x:ageGp:fam 880:6:-1 by blue 271:2:-1 at gen505 Univ0 prob=0.047
AgeVaxH35.js:2293 430I x:ageGp:fam 500:3:-1 by blue 791:5:-1 at gen505 Univ0 prob=0.824
AgeVaxH35.js:2293 433I x:ageGp:fam 460:3:-1 by blue 791:5:-1 at gen506 Univ0 prob=0.994
AgeVaxH35.js:2293 433I x:ageGp:fam 503:3:-1 by yellow 538:3:-1 at gen506 Univ0 prob=0.307
AgeVaxH35.js:2293 433I x:ageGp:fam 612:4:-1 by red 583:4:-1 at gen506 Univ0 prob=0.501
AgeVaxH35.js:2293 435I x:ageGp:fam 108:1:-1 by red 659:4:-1 at gen507 Univ0 prob=0.339
AgeVaxH35.js:2293 438I x:ageGp:fam 921:7:-1 by red 613:4:-1 at gen508 Univ0 prob=0.599
AgeVaxH35.js:2293 438I x:ageGp:fam 761:5:-1 by red 888:6:-1 at gen508 Univ0 prob=0.679
AgeVaxH35.js:2293 439I x:ageGp:fam 67:1:-1 by red 73:1:-1 at gen509 Univ0 prob=0.171
AgeVaxH35.js:2293 439I x:ageGp:fam 615:4:-1 by red 457:3:-1 at gen509 Univ0 prob=0.485
AgeVaxH35.js:2293 441I x:ageGp:fam 20:0:-1 by red 556:4:-1 at gen510 Univ0 prob=0.749
AgeVaxH35.js:2293 441I x:ageGp:fam 49:1:-1 by red 336:2:-1 at gen510 Univ0 prob=0.231
AgeVaxH35.js:2293 441I x:ageGp:fam 866:6:-1 by red 802:5:-1 at gen510 Univ0 prob=0.550
AgeVaxH35.js:2293 443I x:ageGp:fam 45:1:-1 by blue 810:5:-1 at gen511 Univ0 prob=0.910
AgeVaxH35.js:2293 443I x:ageGp:fam 311:2:-1 by blue 794:5:-1 at gen511 Univ0 prob=0.965
AgeVaxH35.js:2293 443I x:ageGp:fam 953:8:-1 by red 488:3:-1 at gen511 Univ0 prob=0.867
AgeVaxH35.js:2293 446I x:ageGp:fam 191:2:-1 by blue 473:3:-1 at gen512 Univ0 prob=0.229
AgeVaxH35.js:2293 446I x:ageGp:fam 396:3:-1 by red 888:6:-1 at gen512 Univ0 prob=0.410
AgeVaxH35.js:2293 449I x:ageGp:fam 216:2:-1 by blue 822:6:-1 at gen513 Univ0 prob=0.585
AgeVaxH35.js:2293 452I x:ageGp:fam 891:6:-1 by blue 3:0:-1 at gen515 Univ0 prob=0.913
AgeVaxH35.js:2293 452I x:ageGp:fam 269:2:-1 by blue 97:1:-1 at gen515 Univ0 prob=0.008
AgeVaxH35.js:2293 452I x:ageGp:fam 197:2:-1 by blue 404:3:-1 at gen515 Univ0 prob=0.377
AgeVaxH35.js:2293 452I x:ageGp:fam 128:1:-1 by blue 429:3:-1 at gen516 Univ0 prob=0.647
AgeVaxH35.js:2293 452I x:ageGp:fam 847:6:-1 by red 369:3:-1 at gen516 Univ0 prob=0.185
AgeVaxH35.js:2293 452I x:ageGp:fam 448:3:-1 by red 457:3:-1 at gen516 Univ0 prob=0.393
AgeVaxH35.js:2293 452I x:ageGp:fam 963:8:-1 by blue 523:3:-1 at gen516 Univ0 prob=0.531
AgeVaxH35.js:2293 455I x:ageGp:fam 484:3:-1 by blue 708:5:-1 at gen517 Univ0 prob=0.689
AgeVaxH35.js:2293 455I x:ageGp:fam 831:6:-1 by blue 521:3:-1 at gen517 Univ0 prob=0.424
AgeVaxH35.js:2293 459I x:ageGp:fam 83:1:-1 by blue 810:5:-1 at gen518 Univ0 prob=0.380
AgeVaxH35.js:2293 459I x:ageGp:fam 85:1:-1 by red 245:2:-1 at gen518 Univ0 prob=0.215
AgeVaxH35.js:2293 459I x:ageGp:fam 145:2:-1 by red 457:3:-1 at gen518 Univ0 prob=0.219
AgeVaxH35.js:2293 459I x:ageGp:fam 591:4:-1 by blue 731:5:-1 at gen518 Univ0 prob=0.776
AgeVaxH35.js:2293 461I x:ageGp:fam 663:4:-1 by blue 59:1:-1 at gen519 Univ0 prob=0.060
AgeVaxH35.js:2293 461I x:ageGp:fam 327:2:-1 by blue 618:4:-1 at gen519 Univ0 prob=0.448
AgeVaxH35.js:2293 465I x:ageGp:fam 920:7:-1 by blue 123:1:-1 at gen520 Univ0 prob=0.902
AgeVaxH35.js:2293 465I x:ageGp:fam 138:2:-1 by red 256:2:-1 at gen520 Univ0 prob=0.835
AgeVaxH35.js:2293 465I x:ageGp:fam 352:2:-1 by blue 542:4:-1 at gen520 Univ0 prob=0.204
AgeVaxH35.js:2293 467I x:ageGp:fam 397:3:-1 by red 281:2:-1 at gen521 Univ0 prob=0.603
AgeVaxH35.js:2293 467I x:ageGp:fam 359:3:-1 by blue 523:3:-1 at gen521 Univ0 prob=0.742
AgeVaxH35.js:2293 470I x:ageGp:fam 449:3:-1 by blue 198:2:-1 at gen522 Univ0 prob=0.712
AgeVaxH35.js:2293 470I x:ageGp:fam 262:2:-1 by red 803:5:-1 at gen522 Univ0 prob=0.331
AgeVaxH35.js:2293 472I x:ageGp:fam 86:1:-1 by blue 3:0:-1 at gen523 Univ0 prob=0.141
AgeVaxH35.js:2293 472I x:ageGp:fam 890:6:-1 by red 234:2:-1 at gen523 Univ0 prob=0.717
AgeVaxH35.js:2293 472I x:ageGp:fam 790:5:-1 by red 245:2:-1 at gen523 Univ0 prob=0.801
AgeVaxH35.js:2293 472I x:ageGp:fam 950:8:-1 by red 667:4:-1 at gen523 Univ0 prob=0.087
AgeVaxH35.js:2293 472I x:ageGp:fam 673:4:-1 by yellow 785:5:-1 at gen523 Univ0 prob=0.074
AgeVaxH35.js:2293 479I x:ageGp:fam 904:7:-1 by red 383:3:-1 at gen525 Univ0 prob=0.194
AgeVaxH35.js:2293 479I x:ageGp:fam 40:1:-1 by blue 823:6:-1 at gen526 Univ0 prob=0.708
AgeVaxH35.js:2293 479I x:ageGp:fam 413:3:-1 by blue 323:2:-1 at gen526 Univ0 prob=0.999
AgeVaxH35.js:2293 479I x:ageGp:fam 504:3:-1 by blue 408:3:-1 at gen526 Univ0 prob=0.113
AgeVaxH35.js:2293 479I x:ageGp:fam 554:4:-1 by red 787:5:-1 at gen526 Univ0 prob=0.774
AgeVaxH35.js:2293 479I x:ageGp:fam 641:4:-1 by blue 685:4:-1 at gen526 Univ0 prob=0.011
AgeVaxH35.js:2293 480I x:ageGp:fam 72:1:-1 by red 457:3:-1 at gen527 Univ0 prob=0.419
AgeVaxH35.js:2293 480I x:ageGp:fam 175:2:-1 by blue 101:1:-1 at gen527 Univ0 prob=0.319
AgeVaxH35.js:2293 480I x:ageGp:fam 149:2:-1 by red 369:3:-1 at gen527 Univ0 prob=0.162
AgeVaxH35.js:2293 480I x:ageGp:fam 465:3:-1 by red 893:6:-1 at gen527 Univ0 prob=0.087
AgeVaxH35.js:2293 485I x:ageGp:fam 47:1:-1 by red 531:3:-1 at gen528 Univ0 prob=0.659
AgeVaxH35.js:2293 485I x:ageGp:fam 192:2:-1 by blue 404:3:-1 at gen528 Univ0 prob=0.735
AgeVaxH35.js:2293 491I x:ageGp:fam 235:2:-1 by red 256:2:-1 at gen531 Univ0 prob=0.454
AgeVaxH35.js:2293 491I x:ageGp:fam 582:4:-1 by red 393:3:-1 at gen531 Univ0 prob=0.584
AgeVaxH35.js:2293 491I x:ageGp:fam 602:4:-1 by blue 473:3:-1 at gen531 Univ0 prob=0.712
AgeVaxH35.js:2293 491I x:ageGp:fam 494:3:-1 by blue 832:6:-1 at gen531 Univ0 prob=0.458
AgeVaxH35.js:2293 491I x:ageGp:fam 582:4:-1 by red 578:4:-1 at gen531 Univ0 prob=0.708
AgeVaxH35.js:2293 491I x:ageGp:fam 593:4:-1 by blue 542:4:-1 at gen532 Univ0 prob=0.240
AgeVaxH35.js:2293 495I x:ageGp:fam 989:9:-1 by blue 2:0:-1 at gen533 Univ0 prob=0.138
AgeVaxH35.js:2293 495I x:ageGp:fam 96:1:-1 by blue 404:3:-1 at gen533 Univ0 prob=0.163
AgeVaxH35.js:2293 496I x:ageGp:fam 399:3:-1 by blue 118:1:-1 at gen534 Univ0 prob=0.005
AgeVaxH35.js:2293 496I x:ageGp:fam 766:5:-1 by red 569:4:-1 at gen534 Univ0 prob=0.405
AgeVaxH35.js:2293 498I x:ageGp:fam 722:5:-1 by blue 2:0:-1 at gen535 Univ0 prob=0.296
AgeVaxH35.js:2293 500I x:ageGp:fam 340:2:-1 by blue 161:2:-1 at gen536 Univ0 prob=0.082
AgeVaxH35.js:2293 500I x:ageGp:fam 179:2:-1 by blue 823:6:-1 at gen536 Univ0 prob=0.258
AgeVaxH35.js:2293 501I x:ageGp:fam 671:4:-1 by red 659:4:-1 at gen537 Univ0 prob=0.131
AgeVaxH35.js:2293 503I x:ageGp:fam 994:9:-1 by blue 2:0:-1 at gen538 Univ0 prob=0.957
AgeVaxH35.js:2293 503I x:ageGp:fam 156:2:-1 by yellow 629:4:-1 at gen538 Univ0 prob=0.072
AgeVaxH35.js:2293 503I x:ageGp:fam 332:2:-1 by red 874:6:-1 at gen538 Univ0 prob=0.832
AgeVaxH35.js:2293 503I x:ageGp:fam 374:3:-1 by blue 387:3:-1 at gen538 Univ0 prob=0.844
AgeVaxH35.js:2293 503I x:ageGp:fam 525:3:-1 by red 803:5:-1 at gen538 Univ0 prob=0.394
AgeVaxH35.js:2293 503I x:ageGp:fam 563:4:-1 by blue 710:5:-1 at gen538 Univ0 prob=0.455
AgeVaxH35.js:2293 503I x:ageGp:fam 780:5:-1 by red 888:6:-1 at gen538 Univ0 prob=0.644
AgeVaxH35.js:2293 504I x:ageGp:fam 57:1:-1 by red 583:4:-1 at gen539 Univ0 prob=0.573
AgeVaxH35.js:2293 511I x:ageGp:fam 136:2:-1 by blue 442:3:-1 at gen540 Univ0 prob=0.510
AgeVaxH35.js:2293 511I x:ageGp:fam 878:6:-1 by blue 658:4:-1 at gen540 Univ0 prob=0.933
AgeVaxH35.js:2293 511I x:ageGp:fam 699:5:-1 by blue 791:5:-1 at gen540 Univ0 prob=0.077
AgeVaxH35.js:2293 515I x:ageGp:fam 444:3:-1 by red 569:4:-1 at gen542 Univ0 prob=0.617
AgeVaxH35.js:2293 515I x:ageGp:fam 6:0:-1 by red 117:1:-1 at gen543 Univ0 prob=0.137
AgeVaxH35.js:2293 515I x:ageGp:fam 241:2:-1 by blue 80:1:-1 at gen543 Univ0 prob=0.898
AgeVaxH35.js:2293 515I x:ageGp:fam 104:1:-1 by red 975:8:-1 at gen543 Univ0 prob=0.377
AgeVaxH35.js:2293 515I x:ageGp:fam 631:4:-1 by red 369:3:-1 at gen543 Univ0 prob=0.816
AgeVaxH35.js:2293 516I x:ageGp:fam 390:3:-1 by blue 146:2:-1 at gen544 Univ0 prob=0.200
AgeVaxH35.js:2293 520I x:ageGp:fam 926:7:-1 by blue 228:2:-1 at gen545 Univ0 prob=0.551
AgeVaxH35.js:2293 520I x:ageGp:fam 518:3:-1 by blue 473:3:-1 at gen545 Univ0 prob=0.407
AgeVaxH35.js:2293 521I x:ageGp:fam 298:2:-1 by blue 33:0:-1 at gen546 Univ0 prob=0.617
AgeVaxH35.js:2293 523I x:ageGp:fam 171:2:-1 by blue 2:0:-1 at gen547 Univ0 prob=0.990
AgeVaxH35.js:2293 523I x:ageGp:fam 726:5:-1 by blue 84:1:-1 at gen547 Univ0 prob=0.835
AgeVaxH35.js:2293 523I x:ageGp:fam 720:5:-1 by blue 140:2:-1 at gen547 Univ0 prob=0.209
AgeVaxH35.js:2293 524I x:ageGp:fam 173:2:-1 by blue 452:3:-1 at gen548 Univ0 prob=0.929
AgeVaxH35.js:2293 527I x:ageGp:fam 650:4:-1 by red 185:2:-1 at gen549 Univ0 prob=0.048
AgeVaxH35.js:2293 527I x:ageGp:fam 188:2:-1 by red 874:6:-1 at gen549 Univ0 prob=0.450
AgeVaxH35.js:2293 527I x:ageGp:fam 320:2:-1 by blue 418:3:-1 at gen549 Univ0 prob=0.180
AgeVaxH35.js:2293 528I x:ageGp:fam 29:0:-1 by blue 622:4:-1 at gen550 Univ0 prob=0.799
AgeVaxH35.js:2293 528I x:ageGp:fam 78:1:-1 by red 888:6:-1 at gen550 Univ0 prob=0.050
AgeVaxH35.js:2293 531I x:ageGp:fam 762:5:-1 by blue 101:1:-1 at gen551 Univ0 prob=0.157
AgeVaxH35.js:2293 531I x:ageGp:fam 767:5:-1 by blue 387:3:-1 at gen551 Univ0 prob=0.088
AgeVaxH35.js:2293 533I x:ageGp:fam 507:3:-1 by red 430:3:-1 at gen552 Univ0 prob=0.151
AgeVaxH35.js:2293 535I x:ageGp:fam 244:2:-1 by blue 693:5:-1 at gen553 Univ0 prob=0.658
AgeVaxH35.js:2293 537I x:ageGp:fam 68:1:-1 by blue 658:4:-1 at gen555 Univ0 prob=0.049
AgeVaxH35.js:2293 537I x:ageGp:fam 77:1:-1 by blue 520:3:-1 at gen556 Univ0 prob=0.919
AgeVaxH35.js:2293 537I x:ageGp:fam 625:4:-1 by blue 520:3:-1 at gen556 Univ0 prob=0.513
AgeVaxH35.js:2293 537I x:ageGp:fam 818:5:-1 by blue 685:4:-1 at gen556 Univ0 prob=0.270
AgeVaxH35.js:2293 538I x:ageGp:fam 71:1:-1 by red 234:2:-1 at gen557 Univ0 prob=0.952
AgeVaxH35.js:2293 541I x:ageGp:fam 558:4:-1 by blue 455:3:-1 at gen558 Univ0 prob=0.627
AgeVaxH35.js:2293 542I x:ageGp:fam 695:5:-1 by blue 208:2:-1 at gen559 Univ0 prob=0.783
AgeVaxH35.js:2293 542I x:ageGp:fam 546:4:-1 by yellow 311:2:-1 at gen559 Univ0 prob=0.007
AgeVaxH35.js:2293 542I x:ageGp:fam 461:3:-1 by blue 527:3:-1 at gen559 Univ0 prob=0.959
AgeVaxH35.js:2293 542I x:ageGp:fam 829:6:-1 by blue 622:4:-1 at gen559 Univ0 prob=0.314
AgeVaxH35.js:2293 543I x:ageGp:fam 210:2:-1 by blue 67:1:-1 at gen560 Univ0 prob=0.285
AgeVaxH35.js:2293 543I x:ageGp:fam 617:4:-1 by blue 101:1:-1 at gen560 Univ0 prob=0.478
AgeVaxH35.js:2293 543I x:ageGp:fam 227:2:-1 by red 888:6:-1 at gen560 Univ0 prob=0.427
AgeVaxH35.js:2293 543I x:ageGp:fam 434:3:-1 by blue 735:5:-1 at gen560 Univ0 prob=0.660
AgeVaxH35.js:2293 543I x:ageGp:fam 627:4:-1 by blue 658:4:-1 at gen560 Univ0 prob=0.396
AgeVaxH35.js:2293 547I x:ageGp:fam 777:5:-1 by blue 143:2:-1 at gen561 Univ0 prob=0.831
AgeVaxH35.js:2293 547I x:ageGp:fam 999:9:-1 by blue 274:2:-1 at gen561 Univ0 prob=0.650
AgeVaxH35.js:2293 552I x:ageGp:fam 213:2:-1 by blue 67:1:-1 at gen562 Univ0 prob=0.403
AgeVaxH35.js:2293 554I x:ageGp:fam 961:8:-1 by red 123:1:-1 at gen563 Univ0 prob=0.064
AgeVaxH35.js:2293 554I x:ageGp:fam 700:5:-1 by blue 140:2:-1 at gen563 Univ0 prob=0.956
AgeVaxH35.js:2293 555I x:ageGp:fam 905:7:-1 by red 822:6:-1 at gen564 Univ0 prob=0.720
AgeVaxH35.js:2293 557I x:ageGp:fam 255:2:-1 by blue 967:8:-1 at gen565 Univ0 prob=0.945
AgeVaxH35.js:2293 559I x:ageGp:fam 381:3:-1 by red 874:6:-1 at gen567 Univ0 prob=0.518
AgeVaxH35.js:2293 559I x:ageGp:fam 942:7:-1 by blue 396:3:-1 at gen568 Univ0 prob=0.550
AgeVaxH35.js:2293 559I x:ageGp:fam 594:4:-1 by blue 664:4:-1 at gen568 Univ0 prob=0.021
AgeVaxH35.js:2293 560I x:ageGp:fam 754:5:-1 by blue 143:2:-1 at gen569 Univ0 prob=0.658
AgeVaxH35.js:2293 560I x:ageGp:fam 812:5:-1 by red 316:2:-1 at gen569 Univ0 prob=0.880
AgeVaxH35.js:2293 560I x:ageGp:fam 416:3:-1 by blue 629:4:-1 at gen569 Univ0 prob=0.791
AgeVaxH35.js:2293 562I x:ageGp:fam 863:6:-1 by blue 473:3:-1 at gen570 Univ0 prob=0.888
AgeVaxH35.js:2293 565I x:ageGp:fam 509:3:-1 by red 97:1:-1 at gen571 Univ0 prob=0.633
AgeVaxH35.js:2293 565I x:ageGp:fam 522:3:-1 by blue 101:1:-1 at gen571 Univ0 prob=0.265
AgeVaxH35.js:2293 565I x:ageGp:fam 148:2:-1 by blue 980:8:-1 at gen571 Univ0 prob=0.305
AgeVaxH35.js:2293 565I x:ageGp:fam 346:2:-1 by red 452:3:-1 at gen571 Univ0 prob=0.311
AgeVaxH35.js:2293 566I x:ageGp:fam 632:4:-1 by blue 32:0:-1 at gen572 Univ0 prob=0.096
AgeVaxH35.js:2293 566I x:ageGp:fam 223:2:-1 by blue 143:2:-1 at gen572 Univ0 prob=0.104
AgeVaxH35.js:2293 566I x:ageGp:fam 466:3:-1 by blue 668:4:-1 at gen572 Univ0 prob=0.743
AgeVaxH35.js:2293 566I x:ageGp:fam 867:6:-1 by blue 644:4:-1 at gen572 Univ0 prob=0.204
AgeVaxH35.js:2293 570I x:ageGp:fam 875:6:-1 by red 185:2:-1 at gen573 Univ0 prob=0.873
AgeVaxH35.js:2293 570I x:ageGp:fam 908:7:-1 by red 402:3:-1 at gen573 Univ0 prob=0.400
AgeVaxH35.js:2293 570I x:ageGp:fam 771:5:-1 by red 404:3:-1 at gen573 Univ0 prob=0.780
AgeVaxH35.js:2293 574I x:ageGp:fam 62:1:-1 by red 109:1:-1 at gen574 Univ0 prob=0.166
AgeVaxH35.js:2293 574I x:ageGp:fam 445:3:-1 by red 102:1:-1 at gen574 Univ0 prob=0.186
AgeVaxH35.js:2293 574I x:ageGp:fam 305:2:-1 by red 803:5:-1 at gen574 Univ0 prob=0.607
AgeVaxH35.js:2293 577I x:ageGp:fam 207:2:-1 by red 404:3:-1 at gen575 Univ0 prob=0.685
AgeVaxH35.js:2293 577I x:ageGp:fam 872:6:-1 by blue 980:8:-1 at gen575 Univ0 prob=0.221
AgeVaxH35.js:2293 580I x:ageGp:fam 407:3:-1 by blue 496:3:-1 at gen576 Univ0 prob=0.691
AgeVaxH35.js:2293 580I x:ageGp:fam 639:4:-1 by red 452:3:-1 at gen576 Univ0 prob=0.725
AgeVaxH35.js:2293 580I x:ageGp:fam 464:3:-1 by blue 923:7:-1 at gen576 Univ0 prob=0.993
AgeVaxH35.js:2293 582I x:ageGp:fam 598:4:-1 by blue 269:2:-1 at gen577 Univ0 prob=0.824
AgeVaxH35.js:2293 585I x:ageGp:fam 232:2:-1 by red 430:3:-1 at gen578 Univ0 prob=0.048
AgeVaxH35.js:2293 585I x:ageGp:fam 759:5:-1 by blue 575:4:-1 at gen578 Univ0 prob=0.884
AgeVaxH35.js:2293 585I x:ageGp:fam 900:6:-1 by blue 575:4:-1 at gen578 Univ0 prob=0.111
AgeVaxH35.js:2293 585I x:ageGp:fam 977:8:-1 by blue 697:5:-1 at gen578 Univ0 prob=0.530
AgeVaxH35.js:2293 586I x:ageGp:fam 889:6:-1 by red 274:2:-1 at gen579 Univ0 prob=0.207
AgeVaxH35.js:2293 586I x:ageGp:fam 567:4:-1 by blue 668:4:-1 at gen579 Univ0 prob=0.248
AgeVaxH35.js:2293 586I x:ageGp:fam 959:8:-1 by red 743:5:-1 at gen579 Univ0 prob=0.825
AgeVaxH35.js:2293 590I x:ageGp:fam 166:2:-1 by red 888:6:-1 at gen580 Univ0 prob=0.829
AgeVaxH35.js:2293 590I x:ageGp:fam 973:8:-1 by red 893:6:-1 at gen580 Univ0 prob=0.183
AgeVaxH35.js:2293 593I x:ageGp:fam 129:1:-1 by blue 149:2:-1 at gen581 Univ0 prob=0.980
AgeVaxH35.js:2293 593I x:ageGp:fam 426:3:-1 by blue 236:2:-1 at gen581 Univ0 prob=0.831
AgeVaxH35.js:2293 595I x:ageGp:fam 315:2:-1 by blue 823:6:-1 at gen582 Univ0 prob=0.220
AgeVaxH35.js:2293 598I x:ageGp:fam 152:2:-1 by blue 235:2:-1 at gen584 Univ0 prob=0.231
AgeVaxH35.js:2293 598I x:ageGp:fam 933:7:-1 by blue 396:3:-1 at gen584 Univ0 prob=0.304
AgeVaxH35.js:2293 598I x:ageGp:fam 941:7:-1 by blue 33:0:-1 at gen585 Univ0 prob=0.986
AgeVaxH35.js:2293 598I x:ageGp:fam 856:6:-1 by blue 216:2:-1 at gen585 Univ0 prob=0.622
AgeVaxH35.js:2293 598I x:ageGp:fam 581:4:-1 by blue 575:4:-1 at gen585 Univ0 prob=0.357
AgeVaxH35.js:2293 600I x:ageGp:fam 655:4:-1 by red 822:6:-1 at gen586 Univ0 prob=0.645
AgeVaxH35.js:2293 604I x:ageGp:fam 199:2:-1 by red 123:1:-1 at gen588 Univ0 prob=0.286
AgeVaxH35.js:2293 604I x:ageGp:fam 715:5:-1 by yellow 699:5:-1 at gen588 Univ0 prob=0.539
AgeVaxH35.js:2293 604I x:ageGp:fam 947:7:-1 by blue 40:1:-1 at gen589 Univ0 prob=0.800
AgeVaxH35.js:2293 606I x:ageGp:fam 127:1:-1 by blue 179:2:-1 at gen590 Univ0 prob=0.906
AgeVaxH35.js:2293 606I x:ageGp:fam 170:2:-1 by blue 668:4:-1 at gen590 Univ0 prob=0.918
AgeVaxH35.js:2293 607I x:ageGp:fam 52:1:-1 by red 323:2:-1 at gen591 Univ0 prob=0.056
AgeVaxH35.js:2293 607I x:ageGp:fam 765:5:-1 by red 387:3:-1 at gen591 Univ0 prob=0.642
AgeVaxH35.js:2293 609I x:ageGp:fam 329:2:-1 by blue 680:4:-1 at gen592 Univ0 prob=0.300
AgeVaxH35.js:2293 611I x:ageGp:fam 536:3:-1 by blue 216:2:-1 at gen593 Univ0 prob=0.792
AgeVaxH35.js:2293 611I x:ageGp:fam 839:6:-1 by blue 920:7:-1 at gen593 Univ0 prob=0.052
AgeVaxH35.js:2293 612I x:ageGp:fam 44:1:-1 by blue 85:1:-1 at gen594 Univ0 prob=0.415
AgeVaxH35.js:2293 612I x:ageGp:fam 243:2:-1 by red 569:4:-1 at gen594 Univ0 prob=0.397
AgeVaxH35.js:2293 612I x:ageGp:fam 309:2:-1 by blue 904:7:-1 at gen594 Univ0 prob=0.860
AgeVaxH35.js:2293 612I x:ageGp:fam 691:5:-1 by blue 575:4:-1 at gen594 Univ0 prob=0.583
AgeVaxH35.js:2293 614I x:ageGp:fam 422:3:-1 by blue 766:5:-1 at gen595 Univ0 prob=0.299
AgeVaxH35.js:2293 618I x:ageGp:fam 194:2:-1 by blue 658:4:-1 at gen596 Univ0 prob=0.957
AgeVaxH35.js:2293 618I x:ageGp:fam 395:3:-1 by red 803:5:-1 at gen596 Univ0 prob=0.420
AgeVaxH35.js:2293 619I x:ageGp:fam 204:2:-1 by blue 86:1:-1 at gen597 Univ0 prob=0.899
AgeVaxH35.js:2293 619I x:ageGp:fam 139:2:-1 by blue 645:4:-1 at gen597 Univ0 prob=0.254
AgeVaxH35.js:2293 621I x:ageGp:fam 206:2:-1 by blue 980:8:-1 at gen598 Univ0 prob=0.437
AgeVaxH35.js:2293 623I x:ageGp:fam 325:2:-1 by red 520:3:-1 at gen599 Univ0 prob=0.165
AgeVaxH35.js:2293 624I x:ageGp:fam 938:7:-1 by blue 644:4:-1 at gen600 Univ0 prob=0.826
AgeVaxH35.js:2293 624I x:ageGp:fam 782:5:-1 by blue 699:5:-1 at gen600 Univ0 prob=0.988
AgeVaxH35.js:2293 625I x:ageGp:fam 137:2:-1 by blue 85:1:-1 at gen601 Univ0 prob=0.082
AgeVaxH35.js:2293 625I x:ageGp:fam 182:2:-1 by red 383:3:-1 at gen601 Univ0 prob=0.553
AgeVaxH35.js:2293 627I x:ageGp:fam 626:4:-1 by blue 311:2:-1 at gen602 Univ0 prob=0.752
AgeVaxH35.js:2293 627I x:ageGp:fam 405:3:-1 by blue 658:4:-1 at gen602 Univ0 prob=0.807
AgeVaxH35.js:2293 627I x:ageGp:fam 852:6:-1 by blue 612:4:-1 at gen602 Univ0 prob=0.555
AgeVaxH35.js:2293 629I x:ageGp:fam 834:6:-1 by red 101:1:-1 at gen603 Univ0 prob=0.438
AgeVaxH35.js:2293 632I x:ageGp:fam 687:4:-1 by blue 269:2:-1 at gen604 Univ0 prob=0.941
AgeVaxH35.js:2293 632I x:ageGp:fam 363:3:-1 by red 645:4:-1 at gen604 Univ0 prob=0.897
AgeVaxH35.js:2293 632I x:ageGp:fam 974:8:-1 by blue 735:5:-1 at gen604 Univ0 prob=0.918
AgeVaxH35.js:2293 633I x:ageGp:fam 133:2:-1 by red 271:2:-1 at gen605 Univ0 prob=0.565
AgeVaxH35.js:2293 633I x:ageGp:fam 318:2:-1 by blue 507:3:-1 at gen605 Univ0 prob=0.893
AgeVaxH35.js:2293 636I x:ageGp:fam 189:2:-1 by blue 491:3:-1 at gen606 Univ0 prob=0.532
AgeVaxH35.js:2293 636I x:ageGp:fam 361:3:-1 by blue 644:4:-1 at gen606 Univ0 prob=0.706
AgeVaxH35.js:2293 638I x:ageGp:fam 217:2:-1 by blue 668:4:-1 at gen607 Univ0 prob=0.859
AgeVaxH35.js:2293 638I x:ageGp:fam 580:4:-1 by red 430:3:-1 at gen607 Univ0 prob=0.907
AgeVaxH35.js:2293 642I x:ageGp:fam 314:2:-1 by blue 554:4:-1 at gen610 Univ0 prob=0.123
AgeVaxH35.js:2293 642I x:ageGp:fam 548:4:-1 by red 3:0:-1 at gen611 Univ0 prob=0.975
AgeVaxH35.js:2293 644I x:ageGp:fam 751:5:-1 by blue 269:2:-1 at gen613 Univ0 prob=0.381
AgeVaxH35.js:2293 644I x:ageGp:fam 388:3:-1 by blue 390:3:-1 at gen613 Univ0 prob=0.824
AgeVaxH35.js:2293 644I x:ageGp:fam 729:5:-1 by blue 920:7:-1 at gen614 Univ0 prob=0.012
AgeVaxH35.js:2293 646I x:ageGp:fam 562:4:-1 by blue 68:1:-1 at gen615 Univ0 prob=0.427
AgeVaxH35.js:2293 646I x:ageGp:fam 532:3:-1 by blue 145:2:-1 at gen615 Univ0 prob=0.416
AgeVaxH35.js:2293 646I x:ageGp:fam 289:2:-1 by blue 829:6:-1 at gen615 Univ0 prob=0.957
AgeVaxH35.js:2293 647I x:ageGp:fam 338:2:-1 by blue 86:1:-1 at gen616 Univ0 prob=0.577
AgeVaxH35.js:2293 647I x:ageGp:fam 906:7:-1 by blue 86:1:-1 at gen616 Univ0 prob=0.208
AgeVaxH35.js:2293 647I x:ageGp:fam 885:6:-1 by red 383:3:-1 at gen616 Univ0 prob=0.214
AgeVaxH35.js:2293 650I x:ageGp:fam 116:1:-1 by blue 68:1:-1 at gen617 Univ0 prob=0.854
AgeVaxH35.js:2293 650I x:ageGp:fam 261:2:-1 by blue 72:1:-1 at gen617 Univ0 prob=0.092
AgeVaxH35.js:2293 650I x:ageGp:fam 425:3:-1 by blue 374:3:-1 at gen617 Univ0 prob=0.763
AgeVaxH35.js:2293 650I x:ageGp:fam 821:6:-1 by blue 994:9:-1 at gen617 Univ0 prob=0.645
AgeVaxH35.js:2293 657I x:ageGp:fam 450:3:-1 by blue 235:2:-1 at gen619 Univ0 prob=0.235
AgeVaxH35.js:2293 657I x:ageGp:fam 927:7:-1 by red 256:2:-1 at gen619 Univ0 prob=0.081
AgeVaxH35.js:2293 657I x:ageGp:fam 302:2:-1 by blue 878:6:-1 at gen619 Univ0 prob=0.643
AgeVaxH35.js:2293 657I x:ageGp:fam 808:5:-1 by red 807:5:-1 at gen619 Univ0 prob=0.183
AgeVaxH35.js:2293 657I x:ageGp:fam 806:5:-1 by blue 390:3:-1 at gen620 Univ0 prob=0.528
AgeVaxH35.js:2293 657I x:ageGp:fam 427:3:-1 by red 794:5:-1 at gen620 Univ0 prob=0.590
AgeVaxH35.js:2293 657I x:ageGp:fam 824:6:-1 by blue 766:5:-1 at gen620 Univ0 prob=0.023
AgeVaxH35.js:2293 661I x:ageGp:fam 946:7:-1 by red 283:2:-1 at gen621 Univ0 prob=0.937
AgeVaxH35.js:2293 661I x:ageGp:fam 870:6:-1 by blue 546:4:-1 at gen621 Univ0 prob=0.259
AgeVaxH35.js:2293 664I x:ageGp:fam 319:2:-1 by blue 57:1:-1 at gen622 Univ0 prob=0.711
AgeVaxH35.js:2293 664I x:ageGp:fam 649:4:-1 by red 143:2:-1 at gen622 Univ0 prob=0.904
AgeVaxH35.js:2293 666I x:ageGp:fam 94:1:-1 by blue 867:6:-1 at gen623 Univ0 prob=0.696
AgeVaxH35.js:2293 666I x:ageGp:fam 547:4:-1 by blue 920:7:-1 at gen623 Univ0 prob=0.627
AgeVaxH35.js:2293 668I x:ageGp:fam 267:2:-1 by red 3:0:-1 at gen624 Univ0 prob=0.250
AgeVaxH35.js:2293 668I x:ageGp:fam 827:6:-1 by red 117:1:-1 at gen624 Univ0 prob=0.694
AgeVaxH35.js:2293 668I x:ageGp:fam 737:5:-1 by red 383:3:-1 at gen624 Univ0 prob=0.966
AgeVaxH35.js:2293 668I x:ageGp:fam 768:5:-1 by red 383:3:-1 at gen624 Univ0 prob=0.858
AgeVaxH35.js:2293 670I x:ageGp:fam 190:2:-1 by blue 554:4:-1 at gen625 Univ0 prob=0.100
AgeVaxH35.js:2293 670I x:ageGp:fam 190:2:-1 by blue 766:5:-1 at gen625 Univ0 prob=0.750
AgeVaxH35.js:2293 670I x:ageGp:fam 516:3:-1 by red 725:5:-1 at gen625 Univ0 prob=0.262
AgeVaxH35.js:2293 674I x:ageGp:fam 61:1:-1 by blue 878:6:-1 at gen626 Univ0 prob=0.442
AgeVaxH35.js:2293 676I x:ageGp:fam 151:2:-1 by blue 612:4:-1 at gen627 Univ0 prob=0.679
AgeVaxH35.js:2293 677I x:ageGp:fam 907:7:-1 by blue 416:3:-1 at gen628 Univ0 prob=0.101
AgeVaxH35.js:2293 677I x:ageGp:fam 951:8:-1 by red 718:5:-1 at gen628 Univ0 prob=0.924
AgeVaxH35.js:2293 678I x:ageGp:fam 424:3:-1 by red 383:3:-1 at gen629 Univ0 prob=0.692
AgeVaxH35.js:2293 678I x:ageGp:fam 514:3:-1 by red 430:3:-1 at gen629 Univ0 prob=0.462
AgeVaxH35.js:2293 680I x:ageGp:fam 730:5:-1 by blue 86:1:-1 at gen630 Univ0 prob=0.757
AgeVaxH35.js:2293 680I x:ageGp:fam 115:1:-1 by red 527:3:-1 at gen630 Univ0 prob=0.777
AgeVaxH35.js:2293 682I x:ageGp:fam 225:2:-1 by red 102:1:-1 at gen631 Univ0 prob=0.725
AgeVaxH35.js:2293 682I x:ageGp:fam 240:2:-1 by red 452:3:-1 at gen631 Univ0 prob=0.146
AgeVaxH35.js:2293 682I x:ageGp:fam 334:2:-1 by red 311:2:-1 at gen631 Univ0 prob=0.896
AgeVaxH35.js:2293 684I x:ageGp:fam 215:2:-1 by blue 85:1:-1 at gen632 Univ0 prob=0.851
AgeVaxH35.js:2293 684I x:ageGp:fam 177:2:-1 by blue 145:2:-1 at gen632 Univ0 prob=0.363
AgeVaxH35.js:2293 687I x:ageGp:fam 250:2:-1 by blue 554:4:-1 at gen633 Univ0 prob=0.024
AgeVaxH35.js:2293 689I x:ageGp:fam 638:4:-1 by red 387:3:-1 at gen634 Univ0 prob=0.187
AgeVaxH35.js:2293 689I x:ageGp:fam 549:4:-1 by blue 650:4:-1 at gen634 Univ0 prob=0.472
AgeVaxH35.js:2293 690I x:ageGp:fam 862:6:-1 by blue 40:1:-1 at gen635 Univ0 prob=0.678
AgeVaxH35.js:2293 690I x:ageGp:fam 654:4:-1 by blue 381:3:-1 at gen635 Univ0 prob=0.640
AgeVaxH35.js:2293 692I x:ageGp:fam 273:2:-1 by red 323:2:-1 at gen636 Univ0 prob=0.389
AgeVaxH35.js:2293 694I x:ageGp:fam 747:5:-1 by blue 546:4:-1 at gen637 Univ0 prob=0.876
AgeVaxH35.js:2293 694I x:ageGp:fam 887:6:-1 by red 791:5:-1 at gen637 Univ0 prob=0.614
AgeVaxH35.js:2293 694I x:ageGp:fam 850:6:-1 by red 975:8:-1 at gen637 Univ0 prob=0.993
AgeVaxH35.js:2293 695I x:ageGp:fam 259:2:-1 by red 409:3:-1 at gen638 Univ0 prob=0.924
AgeVaxH35.js:2293 699I x:ageGp:fam 23:0:-1 by blue 6:0:-1 at gen640 Univ0 prob=0.664
AgeVaxH35.js:2293 699I x:ageGp:fam 23:0:-1 by blue 632:4:-1 at gen640 Univ0 prob=0.298
AgeVaxH35.js:2293 699I x:ageGp:fam 376:3:-1 by blue 699:5:-1 at gen641 Univ0 prob=0.091
AgeVaxH35.js:2293 699I x:ageGp:fam 515:3:-1 by blue 625:4:-1 at gen641 Univ0 prob=0.301
AgeVaxH35.js:2293 699I x:ageGp:fam 817:5:-1 by blue 867:6:-1 at gen641 Univ0 prob=0.448
AgeVaxH35.js:2293 700I x:ageGp:fam 254:2:-1 by blue 989:9:-1 at gen642 Univ0 prob=0.883
AgeVaxH35.js:2293 703I x:ageGp:fam 290:2:-1 by red 311:2:-1 at gen643 Univ0 prob=0.081
AgeVaxH35.js:2293 704I x:ageGp:fam 110:1:-1 by red 668:4:-1 at gen644 Univ0 prob=0.472
AgeVaxH35.js:2293 704I x:ageGp:fam 196:2:-1 by red 680:4:-1 at gen644 Univ0 prob=0.344
AgeVaxH35.js:2293 704I x:ageGp:fam 728:5:-1 by red 216:2:-1 at gen644 Univ0 prob=0.185
AgeVaxH35.js:2293 704I x:ageGp:fam 282:2:-1 by blue 766:5:-1 at gen644 Univ0 prob=0.320
AgeVaxH35.js:2293 704I x:ageGp:fam 603:4:-1 by red 383:3:-1 at gen644 Univ0 prob=0.859
AgeVaxH35.js:2293 705I x:ageGp:fam 986:9:-1 by red 85:1:-1 at gen645 Univ0 prob=0.170
AgeVaxH35.js:2293 705I x:ageGp:fam 296:2:-1 by red 622:4:-1 at gen645 Univ0 prob=0.058
AgeVaxH35.js:2293 705I x:ageGp:fam 313:2:-1 by red 920:7:-1 at gen645 Univ0 prob=0.925
AgeVaxH35.js:2293 705I x:ageGp:fam 373:3:-1 by red 316:2:-1 at gen645 Univ0 prob=0.539
AgeVaxH35.js:2293 705I x:ageGp:fam 564:4:-1 by red 383:3:-1 at gen645 Univ0 prob=0.794
AgeVaxH35.js:2293 705I x:ageGp:fam 845:6:-1 by blue 464:3:-1 at gen645 Univ0 prob=0.715
AgeVaxH35.js:2293 705I x:ageGp:fam 851:6:-1 by blue 466:3:-1 at gen645 Univ0 prob=0.561
AgeVaxH35.js:2293 710I x:ageGp:fam 469:3:-1 by red 920:7:-1 at gen646 Univ0 prob=0.593
AgeVaxH35.js:2293 718I x:ageGp:fam 30:0:-1 by blue 720:5:-1 at gen648 Univ0 prob=0.245
AgeVaxH35.js:2293 718I x:ageGp:fam 677:4:-1 by red 192:2:-1 at gen648 Univ0 prob=0.394
AgeVaxH35.js:2293 718I x:ageGp:fam 345:2:-1 by blue 207:2:-1 at gen648 Univ0 prob=0.778
AgeVaxH35.js:2293 718I x:ageGp:fam 948:7:-1 by red 500:3:-1 at gen648 Univ0 prob=0.081
AgeVaxH35.js:2293 722I x:ageGp:fam 339:2:-1 by red 15:0:-1 at gen650 Univ0 prob=0.147
AgeVaxH35.js:2293 722I x:ageGp:fam 679:4:-1 by blue 445:3:-1 at gen650 Univ0 prob=0.970
AgeVaxH35.js:2293 722I x:ageGp:fam 433:3:-1 by blue 507:3:-1 at gen651 Univ0 prob=0.090
AgeVaxH35.js:2293 722I x:ageGp:fam 957:8:-1 by blue 900:6:-1 at gen651 Univ0 prob=0.658
AgeVaxH35.js:2293 724I x:ageGp:fam 8:0:-1 by blue 44:1:-1 at gen652 Univ0 prob=0.276
AgeVaxH35.js:2293 724I x:ageGp:fam 247:2:-1 by blue 771:5:-1 at gen652 Univ0 prob=0.999
AgeVaxH35.js:2293 724I x:ageGp:fam 883:6:-1 by red 387:3:-1 at gen652 Univ0 prob=0.682
AgeVaxH35.js:2293 726I x:ageGp:fam 441:3:-1 by blue 29:0:-1 at gen653 Univ0 prob=0.529
AgeVaxH35.js:2293 726I x:ageGp:fam 573:4:-1 by blue 223:2:-1 at gen653 Univ0 prob=0.331
AgeVaxH35.js:2293 726I x:ageGp:fam 486:3:-1 by red 575:4:-1 at gen653 Univ0 prob=0.458
AgeVaxH35.js:2293 726I x:ageGp:fam 912:7:-1 by red 496:3:-1 at gen653 Univ0 prob=0.586
AgeVaxH35.js:2293 726I x:ageGp:fam 985:9:-1 by blue 759:5:-1 at gen653 Univ0 prob=0.495
AgeVaxH35.js:2293 726I x:ageGp:fam 901:6:-1 by blue 867:6:-1 at gen653 Univ0 prob=0.805
AgeVaxH35.js:2293 729I x:ageGp:fam 995:9:-1 by red 688:4:-1 at gen654 Univ0 prob=0.560
AgeVaxH35.js:2293 736I x:ageGp:fam 657:4:-1 by blue 625:4:-1 at gen656 Univ0 prob=0.770
AgeVaxH35.js:2293 736I x:ageGp:fam 263:2:-1 by red 644:4:-1 at gen657 Univ0 prob=0.471
AgeVaxH35.js:2293 736I x:ageGp:fam 910:7:-1 by red 269:2:-1 at gen657 Univ0 prob=0.805
AgeVaxH35.js:2293 737I x:ageGp:fam 287:2:-1 by red 775:5:-1 at gen658 Univ0 prob=0.393
AgeVaxH35.js:2293 737I x:ageGp:fam 928:7:-1 by yellow 314:2:-1 at gen658 Univ0 prob=0.079
AgeVaxH35.js:2293 737I x:ageGp:fam 701:5:-1 by blue 318:2:-1 at gen658 Univ0 prob=0.759
AgeVaxH35.js:2293 737I x:ageGp:fam 952:8:-1 by red 622:4:-1 at gen658 Univ0 prob=0.863
AgeVaxH35.js:2293 743I x:ageGp:fam 172:2:-1 by red 96:1:-1 at gen660 Univ0 prob=0.592
AgeVaxH35.js:2293 743I x:ageGp:fam 684:4:-1 by blue 867:6:-1 at gen661 Univ0 prob=0.694
AgeVaxH35.js:2293 745I x:ageGp:fam 317:2:-1 by blue 977:8:-1 at gen663 Univ0 prob=0.343
AgeVaxH35.js:2293 745I x:ageGp:fam 435:3:-1 by blue 466:3:-1 at gen663 Univ0 prob=0.477
AgeVaxH35.js:2293 745I x:ageGp:fam 158:2:-1 by red 86:1:-1 at gen664 Univ0 prob=0.621
AgeVaxH35.js:2293 745I x:ageGp:fam 506:3:-1 by red 192:2:-1 at gen664 Univ0 prob=0.026
AgeVaxH35.js:2293 745I x:ageGp:fam 371:3:-1 by blue 361:3:-1 at gen664 Univ0 prob=0.606
AgeVaxH35.js:2293 747I x:ageGp:fam 31:0:-1 by red 269:2:-1 at gen665 Univ0 prob=0.281
AgeVaxH35.js:2293 750I x:ageGp:fam 272:2:-1 by blue 466:3:-1 at gen666 Univ0 prob=0.357
AgeVaxH35.js:2293 750I x:ageGp:fam 355:2:-1 by blue 947:7:-1 at gen666 Univ0 prob=0.069
AgeVaxH35.js:2293 751I x:ageGp:fam 248:2:-1 by yellow 885:6:-1 at gen667 Univ0 prob=0.588
AgeVaxH35.js:2293 754I x:ageGp:fam 981:8:-1 by red 72:1:-1 at gen669 Univ0 prob=0.795
AgeVaxH35.js:2293 754I x:ageGp:fam 222:2:-1 by red 78:1:-1 at gen670 Univ0 prob=0.405
AgeVaxH35.js:2293 754I x:ageGp:fam 519:3:-1 by red 192:2:-1 at gen670 Univ0 prob=0.966
AgeVaxH35.js:2293 754I x:ageGp:fam 322:2:-1 by red 920:7:-1 at gen670 Univ0 prob=0.623
AgeVaxH35.js:2293 754I x:ageGp:fam 918:7:-1 by red 430:3:-1 at gen670 Univ0 prob=0.325
AgeVaxH35.js:2293 754I x:ageGp:fam 706:5:-1 by red 878:6:-1 at gen670 Univ0 prob=0.282
AgeVaxH35.js:2293 755I x:ageGp:fam 159:2:-1 by red 457:3:-1 at gen671 Univ0 prob=0.781
AgeVaxH35.js:2293 760I x:ageGp:fam 859:6:-1 by blue 466:3:-1 at gen672 Univ0 prob=0.850
AgeVaxH35.js:2293 762I x:ageGp:fam 864:6:-1 by blue 558:4:-1 at gen674 Univ0 prob=0.010
AgeVaxH35.js:2293 762I x:ageGp:fam 651:4:-1 by blue 808:5:-1 at gen674 Univ0 prob=0.452
AgeVaxH35.js:2293 762I x:ageGp:fam 34:0:-1 by red 404:3:-1 at gen675 Univ0 prob=0.482
AgeVaxH35.js:2293 762I x:ageGp:fam 163:2:-1 by red 717:5:-1 at gen675 Univ0 prob=0.579
AgeVaxH35.js:2293 764I x:ageGp:fam 841:6:-1 by red 500:3:-1 at gen676 Univ0 prob=0.405
AgeVaxH35.js:2293 766I x:ageGp:fam 258:2:-1 by blue 598:4:-1 at gen677 Univ0 prob=0.675
AgeVaxH35.js:2293 766I x:ageGp:fam 292:2:-1 by blue 834:6:-1 at gen677 Univ0 prob=0.834
AgeVaxH35.js:2293 766I x:ageGp:fam 599:4:-1 by blue 466:3:-1 at gen677 Univ0 prob=0.431
AgeVaxH35.js:2293 766I x:ageGp:fam 865:6:-1 by red 612:4:-1 at gen677 Univ0 prob=0.311
AgeVaxH35.js:2293 767I x:ageGp:fam 220:2:-1 by blue 445:3:-1 at gen678 Univ0 prob=0.958
AgeVaxH35.js:2293 767I x:ageGp:fam 324:2:-1 by blue 885:6:-1 at gen678 Univ0 prob=0.008
AgeVaxH35.js:2293 767I x:ageGp:fam 389:3:-1 by red 818:5:-1 at gen678 Univ0 prob=0.073
​ 771I x:ageGp:fam 164:2:-1 by blue 632:4:-1 at gen679 Univ0 prob=0.719
​ 771I x:ageGp:fam 778:5:-1 by red 602:4:-1 at gen679 Univ0 prob=0.873
​ 776I x:ageGp:fam 54:1:-1 by blue 152:2:-1 at gen681 Univ0 prob=0.553
​ 776I x:ageGp:fam 135:2:-1 by blue 938:7:-1 at gen681 Univ0 prob=0.337
​ 776I x:ageGp:fam 557:4:-1 by blue 363:3:-1 at gen681 Univ0 prob=0.573
​ 776I x:ageGp:fam 949:8:-1 by red 521:3:-1 at gen681 Univ0 prob=0.763
​ 776I x:ageGp:fam 932:7:-1 by red 920:7:-1 at gen682 Univ0 prob=0.124
​ 780I x:ageGp:fam 568:4:-1 by red 558:4:-1 at gen683 Univ0 prob=0.618
​ 782I x:ageGp:fam 732:5:-1 by blue 548:4:-1 at gen685 Univ0 prob=0.165
​ 782I x:ageGp:fam 966:8:-1 by red 668:4:-1 at gen685 Univ0 prob=0.629
​ 782I x:ageGp:fam 825:6:-1 by red 521:3:-1 at gen686 Univ0 prob=0.842
​ 784I x:ageGp:fam 37:0:-1 by blue 204:2:-1 at gen687 Univ0 prob=0.446
​ 784I x:ageGp:fam 813:5:-1 by red 767:5:-1 at gen687 Univ0 prob=0.331
​ 785I x:ageGp:fam 969:8:-1 by red 644:4:-1 at gen688 Univ0 prob=0.076
​ 787I x:ageGp:fam 75:1:-1 by blue 204:2:-1 at gen689 Univ0 prob=0.080
​ 787I x:ageGp:fam 678:4:-1 by red 500:3:-1 at gen689 Univ0 prob=0.180
​ 787I x:ageGp:fam 736:5:-1 by red 521:3:-1 at gen689 Univ0 prob=0.652
​ 791I x:ageGp:fam 7:0:-1 by blue 715:5:-1 at gen691 Univ0 prob=0.589
​ 792I x:ageGp:fam 193:2:-1 by red 598:4:-1 at gen693 Univ0 prob=0.090
​ 792I x:ageGp:fam 42:1:-1 by red 449:3:-1 at gen694 Univ0 prob=0.158
​ 793I x:ageGp:fam 535:3:-1 by blue 947:7:-1 at gen695 Univ0 prob=0.024
​ 794I x:ageGp:fam 121:1:-1 by blue 361:3:-1 at gen696 Univ0 prob=0.503
​ 795I x:ageGp:fam 65:1:-1 by red 323:2:-1 at gen697 Univ0 prob=0.289
​ 796I x:ageGp:fam 5:0:-1 by blue 547:4:-1 at gen698 Univ0 prob=0.669
​ 796I x:ageGp:fam 330:2:-1 by yellow 30:0:-1 at gen698 Univ0 prob=0.545
​ 796I x:ageGp:fam 134:2:-1 by blue 564:4:-1 at gen698 Univ0 prob=0.693
​ 796I x:ageGp:fam 307:2:-1 by blue 852:6:-1 at gen698 Univ0 prob=0.950
​ 797I x:ageGp:fam 727:5:-1 by blue 376:3:-1 at gen699 Univ0 prob=0.091
​ 801I x:ageGp:fam 755:5:-1 by blue 334:2:-1 at gen700 Univ0 prob=0.285
​ 802I x:ageGp:fam 611:4:-1 by blue 217:2:-1 at gen701 Univ0 prob=0.172
​ 804I x:ageGp:fam 702:5:-1 by blue 562:4:-1 at gen703 Univ0 prob=0.131
​ 804I x:ageGp:fam 707:5:-1 by blue 947:7:-1 at gen703 Univ0 prob=0.663
​ 806I x:ageGp:fam 229:2:-1 by red 644:4:-1 at gen706 Univ0 prob=0.730
​ 806I x:ageGp:fam 934:7:-1 by red 567:4:-1 at gen706 Univ0 prob=0.782
​ 806I x:ageGp:fam 18:0:-1 by blue 638:4:-1 at gen707 Univ0 prob=0.039
​ 808I x:ageGp:fam 212:2:-1 by red 546:4:-1 at gen708 Univ0 prob=0.303
​ 808I x:ageGp:fam 410:3:-1 by red 311:2:-1 at gen708 Univ0 prob=0.094
​ 808I x:ageGp:fam 592:4:-1 by blue 862:6:-1 at gen708 Univ0 prob=0.712
​ 809I x:ageGp:fam 512:3:-1 by blue 845:6:-1 at gen709 Univ0 prob=0.732
​ 812I x:ageGp:fam 268:2:-1 by blue 259:2:-1 at gen710 Univ0 prob=0.649
​ 812I x:ageGp:fam 816:5:-1 by blue 259:2:-1 at gen710 Univ0 prob=0.257
​ 812I x:ageGp:fam 524:3:-1 by red 269:2:-1 at gen710 Univ0 prob=0.905
​ 812I x:ageGp:fam 524:3:-1 by blue 901:6:-1 at gen710 Univ0 prob=0.661
​ 813I x:ageGp:fam 1:0:-1 by blue 313:2:-1 at gen711 Univ0 prob=0.804
​ 813I x:ageGp:fam 922:7:-1 by red 207:2:-1 at gen711 Univ0 prob=0.669
​ 813I x:ageGp:fam 438:3:-1 by red 445:3:-1 at gen711 Univ0 prob=0.535
​ 819I x:ageGp:fam 308:2:-1 by blue 376:3:-1 at gen713 Univ0 prob=0.045
​ 819I x:ageGp:fam 356:2:-1 by red 445:3:-1 at gen714 Univ0 prob=0.000
​ 821I x:ageGp:fam 860:6:-1 by blue 441:3:-1 at gen716 Univ0 prob=0.092
​ 821I x:ageGp:fam 46:1:-1 by red 445:3:-1 at gen717 Univ0 prob=0.013
​ 822I x:ageGp:fam 48:1:-1 by blue 318:2:-1 at gen718 Univ0 prob=0.545
​ 822I x:ageGp:fam 106:1:-1 by red 269:2:-1 at gen718 Univ0 prob=0.851
​ 822I x:ageGp:fam 869:6:-1 by red 867:6:-1 at gen718 Univ0 prob=0.498
​ 823I x:ageGp:fam 55:1:-1 by blue 190:2:-1 at gen719 Univ0 prob=0.305
​ 823I x:ageGp:fam 176:2:-1 by red 68:1:-1 at gen719 Univ0 prob=0.945
​ 823I x:ageGp:fam 561:4:-1 by red 445:3:-1 at gen719 Univ0 prob=0.031
​ 826I x:ageGp:fam 168:2:-1 by red 452:3:-1 at gen720 Univ0 prob=0.183
​ 826I x:ageGp:fam 844:6:-1 by blue 547:4:-1 at gen720 Univ0 prob=0.956
​ 831I x:ageGp:fam 633:4:-1 by blue 603:4:-1 at gen722 Univ0 prob=0.335
​ 831I x:ageGp:fam 686:4:-1 by red 699:5:-1 at gen722 Univ0 prob=0.903
​ 833I x:ageGp:fam 553:4:-1 by blue 425:3:-1 at gen724 Univ0 prob=0.132
​ 833I x:ageGp:fam 646:4:-1 by red 818:5:-1 at gen724 Univ0 prob=0.889
​ 835I x:ageGp:fam 788:5:-1 by blue 313:2:-1 at gen726 Univ0 prob=0.884
​ 835I x:ageGp:fam 200:2:-1 by red 920:7:-1 at gen727 Univ0 prob=0.254
​ 836I x:ageGp:fam 857:6:-1 by red 374:3:-1 at gen728 Univ0 prob=0.247
​ 837I x:ageGp:fam 165:2:-1 by blue 296:2:-1 at gen729 Univ0 prob=0.774
​ 838I x:ageGp:fam 9:0:-1 by blue 901:6:-1 at gen730 Univ0 prob=0.767
​ 838I x:ageGp:fam 41:1:-1 by blue 679:4:-1 at gen730 Univ0 prob=0.981
​ 838I x:ageGp:fam 299:2:-1 by blue 287:2:-1 at gen730 Univ0 prob=0.814
​ 838I x:ageGp:fam 733:5:-1 by blue 287:2:-1 at gen730 Univ0 prob=0.637
​ 843I x:ageGp:fam 328:2:-1 by yellow 949:8:-1 at gen732 Univ0 prob=0.622
​ 843I x:ageGp:fam 854:6:-1 by blue 862:6:-1 at gen733 Univ0 prob=0.637
​ 845I x:ageGp:fam 758:5:-1 by blue 8:0:-1 at gen735 Univ0 prob=0.391
​ 845I x:ageGp:fam 436:3:-1 by red 867:6:-1 at gen736 Univ0 prob=0.464
​ 846I x:ageGp:fam 38:0:-1 by red 558:4:-1 at gen737 Univ0 prob=0.007
​ 846I x:ageGp:fam 294:2:-1 by red 751:5:-1 at gen737 Univ0 prob=0.378
​ 846I x:ageGp:fam 826:6:-1 by blue 701:5:-1 at gen737 Univ0 prob=0.206
​ 850I x:ageGp:fam 398:3:-1 by blue 313:2:-1 at gen740 Univ0 prob=0.080
​ 850I x:ageGp:fam 595:4:-1 by blue 932:7:-1 at gen740 Univ0 prob=0.435
​ 852I x:ageGp:fam 713:5:-1 by red 374:3:-1 at gen743 Univ0 prob=0.856
​ 852I x:ageGp:fam 796:5:-1 by blue 519:3:-1 at gen743 Univ0 prob=0.216
​ 852I x:ageGp:fam 589:4:-1 by blue 519:3:-1 at gen744 Univ0 prob=0.819
​ 855I x:ageGp:fam 321:2:-1 by blue 8:0:-1 at gen746 Univ0 prob=0.794
​ 855I x:ageGp:fam 22:0:-1 by red 715:5:-1 at gen746 Univ0 prob=0.587
​ 855I x:ageGp:fam 528:3:-1 by red 782:5:-1 at gen746 Univ0 prob=0.786
​ 855I x:ageGp:fam 621:4:-1 by blue 31:0:-1 at gen747 Univ0 prob=0.920
​ 858I x:ageGp:fam 90:1:-1 by red 782:5:-1 at gen748 Univ0 prob=0.876
​ 858I x:ageGp:fam 544:4:-1 by blue 334:2:-1 at gen748 Univ0 prob=0.393
​ 861I x:ageGp:fam 372:3:-1 by red 445:3:-1 at gen750 Univ0 prob=0.150
​ 861I x:ageGp:fam 209:2:-1 by blue 535:3:-1 at gen751 Univ0 prob=0.325
​ 861I x:ageGp:fam 871:6:-1 by blue 948:7:-1 at gen751 Univ0 prob=0.631
​ 864I x:ageGp:fam 998:9:-1 by red 189:2:-1 at gen757 Univ0 prob=0.179
​ 864I x:ageGp:fam 230:2:-1 by red 334:2:-1 at gen757 Univ0 prob=0.347
​ 864I x:ageGp:fam 482:3:-1 by blue 135:2:-1 at gen758 Univ0 prob=0.052
​ 866I x:ageGp:fam 280:2:-1 by blue 229:2:-1 at gen759 Univ0 prob=0.250
​ 868I x:ageGp:fam 342:2:-1 by blue 592:4:-1 at gen761 Univ0 prob=0.785
​ 868I x:ageGp:fam 155:2:-1 by red 775:5:-1 at gen762 Univ0 prob=0.630
​ 868I x:ageGp:fam 368:3:-1 by red 313:2:-1 at gen762 Univ0 prob=0.335
​ 868I x:ageGp:fam 763:5:-1 by red 625:4:-1 at gen762 Univ0 prob=0.075
​ 868I x:ageGp:fam 739:5:-1 by yellow 922:7:-1 at gen762 Univ0 prob=0.780
​ 869I x:ageGp:fam 333:2:-1 by blue 8:0:-1 at gen763 Univ0 prob=0.750
​ 869I x:ageGp:fam 153:2:-1 by blue 287:2:-1 at gen763 Univ0 prob=0.022
​ 869I x:ageGp:fam 799:5:-1 by blue 263:2:-1 at gen763 Univ0 prob=0.972
​ 876I x:ageGp:fam 709:5:-1 by blue 8:0:-1 at gen766 Univ0 prob=0.541
​ 876I x:ageGp:fam 475:3:-1 by red 775:5:-1 at gen767 Univ0 prob=0.673
​ 878I x:ageGp:fam 98:1:-1 by red 192:2:-1 at gen771 Univ0 prob=0.348
​ 879I x:ageGp:fam 742:5:-1 by red 948:7:-1 at gen773 Univ0 prob=0.160
​ 879I x:ageGp:fam 692:5:-1 by blue 248:2:-1 at gen774 Univ0 prob=0.088
​ 881I x:ageGp:fam 69:1:-1 by blue 755:5:-1 at gen776 Univ0 prob=0.764
​ 881I x:ageGp:fam 286:2:-1 by blue 684:4:-1 at gen776 Univ0 prob=0.306
​ 881I x:ageGp:fam 498:3:-1 by red 952:8:-1 at gen777 Univ0 prob=0.694
​ 884I x:ageGp:fam 446:3:-1 by blue 41:1:-1 at gen783 Univ0 prob=0.757
​ 884I x:ageGp:fam 588:4:-1 by blue 611:4:-1 at gen784 Univ0 prob=0.057
​ 886I x:ageGp:fam 284:2:-1 by blue 844:6:-1 at gen786 Univ0 prob=0.404
​ 886I x:ageGp:fam 242:2:-1 by blue 356:2:-1 at gen787 Univ0 prob=0.923
​ 886I x:ageGp:fam 842:6:-1 by blue 922:7:-1 at gen787 Univ0 prob=0.286
​ 890I x:ageGp:fam 380:3:-1 by red 322:2:-1 at gen795 Univ0 prob=0.179
​ 890I x:ageGp:fam 616:4:-1 by blue 324:2:-1 at gen795 Univ0 prob=0.731
​ 890I x:ageGp:fam 291:2:-1 by blue 48:1:-1 at gen796 Univ0 prob=0.651
​ 890I x:ageGp:fam 353:2:-1 by blue 589:4:-1 at gen796 Univ0 prob=0.897
​ 892I x:ageGp:fam 167:2:-1 by blue 922:7:-1 at gen797 Univ0 prob=0.922
​ 895I x:ageGp:fam 454:3:-1 by red 445:3:-1 at gen799 Univ0 prob=0.867
​ 896I x:ageGp:fam 154:2:-1 by red 885:6:-1 at gen801 Univ0 prob=0.395
​ 896I x:ageGp:fam 360:3:-1 by blue 356:2:-1 at gen801 Univ0 prob=0.299
​ 896I x:ageGp:fam 114:1:-1 by red 324:2:-1 at gen802 Univ0 prob=0.120
​ 896I x:ageGp:fam 579:4:-1 by yellow 871:6:-1 at gen802 Univ0 prob=0.558
​ 898I x:ageGp:fam 884:6:-1 by blue 46:1:-1 at gen803 Univ0 prob=0.081
​ 898I x:ageGp:fam 295:2:-1 by blue 299:2:-1 at gen803 Univ0 prob=0.276
​ 898I x:ageGp:fam 501:3:-1 by yellow 871:6:-1 at gen803 Univ0 prob=0.190
​ 903I x:ageGp:fam 746:5:-1 by red 313:2:-1 at gen805 Univ0 prob=0.096
​ 904I x:ageGp:fam 462:3:-1 by blue 46:1:-1 at gen807 Univ0 prob=0.503
​ 905I x:ageGp:fam 66:1:-1 by blue 1:0:-1 at gen810 Univ0 prob=0.944
​ 905I x:ageGp:fam 50:1:-1 by red 94:1:-1 at gen811 Univ0 prob=0.784
​ 905I x:ageGp:fam 265:2:-1 by red 318:2:-1 at gen811 Univ0 prob=0.683
​ 905I x:ageGp:fam 849:6:-1 by red 938:7:-1 at gen811 Univ0 prob=0.355
​ 906I x:ageGp:fam 586:4:-1 by blue 9:0:-1 at gen812 Univ0 prob=0.707
​ 906I x:ageGp:fam 26:0:-1 by blue 356:2:-1 at gen812 Univ0 prob=0.992
​ 906I x:ageGp:fam 132:2:-1 by blue 633:4:-1 at gen812 Univ0 prob=0.551
​ 909I x:ageGp:fam 607:4:-1 by blue 41:1:-1 at gen813 Univ0 prob=0.613
​ 909I x:ageGp:fam 239:2:-1 by red 938:7:-1 at gen813 Univ0 prob=0.817
​ 914I x:ageGp:fam 187:2:-1 by red 715:5:-1 at gen816 Univ0 prob=0.368
​ 914I x:ageGp:fam 160:2:-1 by red 194:2:-1 at gen817 Univ0 prob=0.285
​ 916I x:ageGp:fam 868:6:-1 by blue 321:2:-1 at gen824 Univ0 prob=0.834
​ 916I x:ageGp:fam 377:3:-1 by red 361:3:-1 at gen824 Univ0 prob=0.316
​ 918I x:ageGp:fam 246:2:-1 by blue 200:2:-1 at gen826 Univ0 prob=0.388
​ 918I x:ageGp:fam 696:5:-1 by red 715:5:-1 at gen826 Univ0 prob=0.074
​ 920I x:ageGp:fam 993:9:-1 by blue 321:2:-1 at gen828 Univ0 prob=0.799
​ 921I x:ageGp:fam 362:3:-1 by red 839:6:-1 at gen830 Univ0 prob=0.185
​ 921I x:ageGp:fam 846:6:-1 by red 715:5:-1 at gen830 Univ0 prob=0.126
​ 923I x:ageGp:fam 56:1:-1 by red 324:2:-1 at gen832 Univ0 prob=0.330
