AgeVaxH35.js:871 Mon Jan 18 2021 21:43:16 GMT-0800 (Pacific Standard Time)
AgeVaxH35.js:872 CovidSIMVL Mode1 and Mod2 Hybrid 35d
AgeVaxH35.js:873 Mode 1 >13 and <36 is 75%
AgeVaxH35.js:874 Mode 2 >28 is 95%; >13 and <29 is 75%
AgeVaxH35.js:4370 exit covidSim
AgeVaxH35.js:23 getAsText File {name: "Popn1000.csv", lastModified: 1611021598000, lastModifiedDate: Mon Jan 18 2021 17:59:58 GMT-0800 (Pacific Standard Time), webkitRelativePath: "", size: 23944, …}
AgeVaxH35.js:32 File {name: "Popn1000.csv", lastModified: 1611021598000, lastModifiedDate: Mon Jan 18 2021 17:59:58 GMT-0800 (Pacific Standard Time), webkitRelativePath: "", size: 23944, …}
AgeVaxH35.js:23 getAsText File {name: "VL1ageGp2.csv", lastModified: 1611004274000, lastModifiedDate: Mon Jan 18 2021 13:11:14 GMT-0800 (Pacific Standard Time), webkitRelativePath: "", size: 65, …}
AgeVaxH35.js:32 File {name: "VL1ageGp2.csv", lastModified: 1611004274000, lastModifiedDate: Mon Jan 18 2021 13:11:14 GMT-0800 (Pacific Standard Time), webkitRelativePath: "", size: 65, …}
AgeVaxH35.js:1696 New Hazard Radius = 2
AgeVaxH35.js:2202 0I j:ageGp:fam 945:7:-1 by green 150:2:-1 at gen0 Univ0 prob=0.996
AgeVaxH35.js:1674 Red Days changed to 8.2
AgeVaxH35.js:1718 Age Group 9,100 1st shot; 2nd auto in 35days
AgeVaxH35.js:1724 AgeGp =9 To be vaccinated=100%
AgeVaxH35.js:1736 (1000) [0, 1, 2, 3, 4, 5, 6, 7, 8, 9, 10, 11, 12, 13, 14, 15, 16, 17, 18, 19, 20, 21, 22, 23, 24, 25, 26, 27, 28, 29, 30, 31, 32, 33, 34, 35, 36, 37, 38, 39, 40, 41, 42, 43, 44, 45, 46, 47, 48, 49, 50, 51, 52, 53, 54, 55, 56, 57, 58, 59, 60, 61, 62, 63, 64, 65, 66, 67, 68, 69, 70, 71, 72, 73, 74, 75, 76, 77, 78, 79, 80, 81, 82, 83, 84, 85, 86, 87, 88, 89, 90, 91, 92, 93, 94, 95, 96, 97, 98, 99, …]
AgeVaxH35.js:1752 ageGp9 count: 18 List: 982,983,984,985,986,987,988,989,990,991,992,993,994,995,996,997,998,999
AgeVaxH35.js:1780 Vaccination list = 18
AgeVaxH35.js:1794 AgeGp9 vaccinated 18 List: 991,985,990,996,992,993,994,987,984,998,986,982,988,997,995,999,989,983
AgeVaxH35.js:1718 Age Group 8,100 1st shot; 2nd auto in 35days
AgeVaxH35.js:1724 AgeGp =8 To be vaccinated=100%
AgeVaxH35.js:1736 (1000) [0, 1, 2, 3, 4, 5, 6, 7, 8, 9, 10, 11, 12, 13, 14, 15, 16, 17, 18, 19, 20, 21, 22, 23, 24, 25, 26, 27, 28, 29, 30, 31, 32, 33, 34, 35, 36, 37, 38, 39, 40, 41, 42, 43, 44, 45, 46, 47, 48, 49, 50, 51, 52, 53, 54, 55, 56, 57, 58, 59, 60, 61, 62, 63, 64, 65, 66, 67, 68, 69, 70, 71, 72, 73, 74, 75, 76, 77, 78, 79, 80, 81, 82, 83, 84, 85, 86, 87, 88, 89, 90, 91, 92, 93, 94, 95, 96, 97, 98, 99, …]
AgeVaxH35.js:1752 ageGp8 count: 33 List: 949,950,951,952,953,954,955,956,957,958,959,960,961,962,963,964,965,966,967,968,969,970,971,972,973,974,975,976,977,978,979,980,981
AgeVaxH35.js:1780 Vaccination list = 33
AgeVaxH35.js:1794 AgeGp8 vaccinated 33 List: 957,965,956,955,951,975,964,952,980,978,968,958,976,977,953,963,960,962,971,969,972,949,966,970,954,979,959,967,981,973,974,950,961
AgeVaxH35.js:1718 Age Group 7,100 1st shot; 2nd auto in 35days
AgeVaxH35.js:1724 AgeGp =7 To be vaccinated=100%
AgeVaxH35.js:1736 (1000) [0, 1, 2, 3, 4, 5, 6, 7, 8, 9, 10, 11, 12, 13, 14, 15, 16, 17, 18, 19, 20, 21, 22, 23, 24, 25, 26, 27, 28, 29, 30, 31, 32, 33, 34, 35, 36, 37, 38, 39, 40, 41, 42, 43, 44, 45, 46, 47, 48, 49, 50, 51, 52, 53, 54, 55, 56, 57, 58, 59, 60, 61, 62, 63, 64, 65, 66, 67, 68, 69, 70, 71, 72, 73, 74, 75, 76, 77, 78, 79, 80, 81, 82, 83, 84, 85, 86, 87, 88, 89, 90, 91, 92, 93, 94, 95, 96, 97, 98, 99, …]
AgeVaxH35.js:1752 ageGp7 count: 47 List: 902,903,904,905,906,907,908,909,910,911,912,913,914,915,916,917,918,919,920,921,922,923,924,925,926,927,928,929,930,931,932,933,934,935,936,937,938,939,940,941,942,943,944,945,946,947,948
AgeVaxH35.js:1780 Vaccination list = 47
AgeVaxH35.js:1794 AgeGp7 vaccinated 47 List: 909,945,929,910,906,914,918,922,923,930,941,935,946,904,947,912,903,902,915,911,908,936,916,939,938,932,905,940,943,933,917,926,920,934,942,948,928,944,927,924,913,931,919,937,925,921,907
AgeVaxH35.js:2202 1I j:ageGp:fam 467:3:-1 by blue 150:2:-1 at gen6 Univ0 prob=0.174
AgeVaxH35.js:2202 2I j:ageGp:fam 945:7:-1 by red 150:2:-1 at gen51 Univ0 prob=0.866
AgeVaxH35.js:2221 3I i:ageGp:fam 310:2:-1 by blue 945:7:-1 at gen59 Univ0 prob=0.892
AgeVaxH35.js:2202 4I j:ageGp:fam 635:4:-1 by red 150:2:-1 at gen66 Univ0 prob=0.772
AgeVaxH35.js:2221 5I i:ageGp:fam 305:2:-1 by blue 467:3:-1 at gen68 Univ0 prob=0.828
AgeVaxH35.js:2202 6I j:ageGp:fam 434:3:-1 by red 150:2:-1 at gen72 Univ0 prob=0.423
AgeVaxH35.js:2221 7I i:ageGp:fam 726:5:-1 by blue 945:7:-1 at gen76 Univ0 prob=0.095
AgeVaxH35.js:2221 8I i:ageGp:fam 252:2:-1 by blue 945:7:-1 at gen78 Univ0 prob=0.719
AgeVaxH35.js:2202 9I j:ageGp:fam 286:2:-1 by red 150:2:-1 at gen82 Univ0 prob=0.906
AgeVaxH35.js:2202 10I j:ageGp:fam 729:5:-1 by blue 467:3:-1 at gen88 Univ0 prob=0.199
AgeVaxH35.js:2221 11I i:ageGp:fam 175:2:-1 by blue 945:7:-1 at gen93 Univ0 prob=0.094
AgeVaxH35.js:2202 12I j:ageGp:fam 497:3:-1 by red 150:2:-1 at gen102 Univ0 prob=0.578
AgeVaxH35.js:2202 13I j:ageGp:fam 291:2:-1 by red 150:2:-1 at gen104 Univ0 prob=0.075
AgeVaxH35.js:2221 13I i:ageGp:fam 486:3:-1 by yellow 497:3:-1 at gen104 Univ0 prob=0.293
AgeVaxH35.js:2202 15I j:ageGp:fam 753:5:-1 by blue 467:3:-1 at gen109 Univ0 prob=0.067
AgeVaxH35.js:2221 16I i:ageGp:fam 782:5:-1 by blue 945:7:-1 at gen113 Univ0 prob=0.372
AgeVaxH35.js:2221 17I i:ageGp:fam 179:2:-1 by blue 467:3:-1 at gen118 Univ0 prob=0.281
AgeVaxH35.js:2221 18I i:ageGp:fam 323:2:-1 by blue 434:3:-1 at gen125 Univ0 prob=0.042
AgeVaxH35.js:2202 19I j:ageGp:fam 364:3:-1 by blue 310:2:-1 at gen131 Univ0 prob=0.274
AgeVaxH35.js:2202 19I j:ageGp:fam 839:6:-1 by blue 305:2:-1 at gen132 Univ0 prob=0.395
AgeVaxH35.js:2221 21I i:ageGp:fam 449:3:-1 by blue 726:5:-1 at gen136 Univ0 prob=0.660
AgeVaxH35.js:2202 22I j:ageGp:fam 838:6:-1 by red 467:3:-1 at gen139 Univ0 prob=0.300
AgeVaxH35.js:2202 23I j:ageGp:fam 820:5:-1 by blue 310:2:-1 at gen141 Univ0 prob=0.065
AgeVaxH35.js:2202 24I j:ageGp:fam 719:5:-1 by blue 305:2:-1 at gen144 Univ0 prob=0.758
AgeVaxH35.js:2202 24I j:ageGp:fam 879:6:-1 by blue 310:2:-1 at gen144 Univ0 prob=0.222
AgeVaxH35.js:2202 24I j:ageGp:fam 942:7:-1 by yellow 838:6:-1 at gen144 Univ0 prob=0.050
AgeVaxH35.js:2221 27I i:ageGp:fam 7:0:-1 by blue 434:3:-1 at gen147 Univ0 prob=0.062
AgeVaxH35.js:2202 28I j:ageGp:fam 933:7:-1 by blue 726:5:-1 at gen150 Univ0 prob=0.592
AgeVaxH35.js:2202 28I j:ageGp:fam 985:9:-1 by blue 726:5:-1 at gen150 Univ0 prob=0.268
AgeVaxH35.js:2221 28I i:ageGp:fam 920:7:-1 by yellow 985:9:-1 at gen151 Univ0 prob=0.233
AgeVaxH35.js:2202 30I j:ageGp:fam 733:5:-1 by blue 726:5:-1 at gen152 Univ0 prob=0.476
AgeVaxH35.js:2202 30I j:ageGp:fam 922:7:-1 by blue 729:5:-1 at gen152 Univ0 prob=0.391
AgeVaxH35.js:2221 31I i:ageGp:fam 405:3:-1 by yellow 985:9:-1 at gen153 Univ0 prob=0.524
AgeVaxH35.js:2202 33I j:ageGp:fam 612:4:-1 by yellow 405:3:-1 at gen154 Univ0 prob=0.648
AgeVaxH35.js:2221 34I i:ageGp:fam 51:1:-1 by blue 726:5:-1 at gen155 Univ0 prob=0.141
AgeVaxH35.js:2202 35I j:ageGp:fam 980:8:-1 by red 467:3:-1 at gen156 Univ0 prob=0.876
AgeVaxH35.js:2202 37I j:ageGp:fam 522:3:-1 by blue 310:2:-1 at gen158 Univ0 prob=0.438
AgeVaxH35.js:2221 38I i:ageGp:fam 193:2:-1 by blue 305:2:-1 at gen163 Univ0 prob=0.367
AgeVaxH35.js:2202 38I j:ageGp:fam 627:4:-1 by blue 305:2:-1 at gen164 Univ0 prob=0.351
AgeVaxH35.js:2202 38I j:ageGp:fam 785:5:-1 by blue 310:2:-1 at gen164 Univ0 prob=0.797
AgeVaxH35.js:2202 39I j:ageGp:fam 959:8:-1 by red 467:3:-1 at gen165 Univ0 prob=0.842
AgeVaxH35.js:2202 42I j:ageGp:fam 870:6:-1 by blue 726:5:-1 at gen169 Univ0 prob=0.951
AgeVaxH35.js:2202 43I j:ageGp:fam 549:4:-1 by blue 175:2:-1 at gen171 Univ0 prob=0.195
AgeVaxH35.js:2202 44I j:ageGp:fam 869:6:-1 by blue 310:2:-1 at gen174 Univ0 prob=0.608
AgeVaxH35.js:2202 45I j:ageGp:fam 552:4:-1 by blue 434:3:-1 at gen176 Univ0 prob=0.371
AgeVaxH35.js:2202 45I j:ageGp:fam 840:6:-1 by red 467:3:-1 at gen176 Univ0 prob=0.875
AgeVaxH35.js:2202 47I j:ageGp:fam 768:5:-1 by blue 486:3:-1 at gen178 Univ0 prob=0.493
AgeVaxH35.js:2202 48I j:ageGp:fam 415:3:-1 by blue 291:2:-1 at gen180 Univ0 prob=0.081
AgeVaxH35.js:2202 49I j:ageGp:fam 805:5:-1 by blue 726:5:-1 at gen182 Univ0 prob=0.075
AgeVaxH35.js:2202 49I j:ageGp:fam 865:6:-1 by blue 252:2:-1 at gen183 Univ0 prob=0.581
AgeVaxH35.js:2202 49I j:ageGp:fam 476:3:-1 by blue 291:2:-1 at gen183 Univ0 prob=0.806
AgeVaxH35.js:2221 52I i:ageGp:fam 370:3:-1 by blue 486:3:-1 at gen185 Univ0 prob=0.674
AgeVaxH35.js:2202 52I j:ageGp:fam 538:3:-1 by blue 486:3:-1 at gen185 Univ0 prob=0.780
AgeVaxH35.js:2221 52I i:ageGp:fam 350:2:-1 by blue 726:5:-1 at gen186 Univ0 prob=0.826
AgeVaxH35.js:2202 55I j:ageGp:fam 672:4:-1 by blue 179:2:-1 at gen193 Univ0 prob=0.430
AgeVaxH35.js:2202 55I j:ageGp:fam 801:5:-1 by red 310:2:-1 at gen194 Univ0 prob=0.983
AgeVaxH35.js:2202 57I j:ageGp:fam 327:2:-1 by blue 323:2:-1 at gen196 Univ0 prob=0.636
AgeVaxH35.js:2202 58I j:ageGp:fam 372:3:-1 by blue 175:2:-1 at gen202 Univ0 prob=0.497
AgeVaxH35.js:2221 58I i:ageGp:fam 211:2:-1 by blue 879:6:-1 at gen202 Univ0 prob=0.059
AgeVaxH35.js:2202 58I j:ageGp:fam 458:3:-1 by blue 364:3:-1 at gen203 Univ0 prob=0.073
AgeVaxH35.js:2202 60I j:ageGp:fam 671:4:-1 by blue 179:2:-1 at gen204 Univ0 prob=0.907
AgeVaxH35.js:2221 61I i:ageGp:fam 533:3:-1 by blue 839:6:-1 at gen205 Univ0 prob=0.676
AgeVaxH35.js:2202 63I j:ageGp:fam 477:3:-1 by red 434:3:-1 at gen207 Univ0 prob=0.268
AgeVaxH35.js:2221 64I i:ageGp:fam 402:3:-1 by blue 920:7:-1 at gen209 Univ0 prob=0.889
AgeVaxH35.js:2202 65I j:ageGp:fam 953:8:-1 by blue 291:2:-1 at gen212 Univ0 prob=0.994
AgeVaxH35.js:2221 65I i:ageGp:fam 435:3:-1 by blue 486:3:-1 at gen213 Univ0 prob=0.983
AgeVaxH35.js:2221 66I i:ageGp:fam 501:3:-1 by blue 612:4:-1 at gen214 Univ0 prob=0.882
AgeVaxH35.js:2221 67I i:ageGp:fam 5:0:-1 by blue 179:2:-1 at gen215 Univ0 prob=0.357
AgeVaxH35.js:2221 67I i:ageGp:fam 140:2:-1 by blue 820:5:-1 at gen215 Univ0 prob=0.388
AgeVaxH35.js:2202 68I j:ageGp:fam 888:6:-1 by blue 838:6:-1 at gen216 Univ0 prob=0.595
AgeVaxH35.js:2221 70I i:ageGp:fam 220:2:-1 by blue 405:3:-1 at gen217 Univ0 prob=0.198
AgeVaxH35.js:2221 70I i:ageGp:fam 220:2:-1 by blue 879:6:-1 at gen217 Univ0 prob=0.143
AgeVaxH35.js:2202 70I j:ageGp:fam 994:9:-1 by green 220:2:-1 at gen217 Univ0 prob=0.893
AgeVaxH35.js:2202 70I j:ageGp:fam 994:9:-1 by blue 405:3:-1 at gen217 Univ0 prob=0.506
AgeVaxH35.js:2221 70I i:ageGp:fam 607:4:-1 by blue 942:7:-1 at gen217 Univ0 prob=0.130
AgeVaxH35.js:2221 70I i:ageGp:fam 921:7:-1 by yellow 953:8:-1 at gen217 Univ0 prob=0.005
AgeVaxH35.js:2221 75I i:ageGp:fam 524:3:-1 by blue 838:6:-1 at gen219 Univ0 prob=0.538
AgeVaxH35.js:2221 76I i:ageGp:fam 108:1:-1 by yellow 607:4:-1 at gen223 Univ0 prob=0.671
AgeVaxH35.js:2221 76I i:ageGp:fam 329:2:-1 by blue 922:7:-1 at gen224 Univ0 prob=0.078
AgeVaxH35.js:2221 76I i:ageGp:fam 737:5:-1 by blue 933:7:-1 at gen224 Univ0 prob=0.562
AgeVaxH35.js:2202 77I j:ageGp:fam 902:7:-1 by blue 449:3:-1 at gen225 Univ0 prob=0.891
AgeVaxH35.js:2221 77I i:ageGp:fam 605:4:-1 by blue 719:5:-1 at gen225 Univ0 prob=0.350
AgeVaxH35.js:2221 79I i:ageGp:fam 246:2:-1 by blue 612:4:-1 at gen226 Univ0 prob=0.579
AgeVaxH35.js:2221 81I i:ageGp:fam 50:1:-1 by blue 933:7:-1 at gen227 Univ0 prob=0.139
AgeVaxH35.js:2202 82I j:ageGp:fam 274:2:-1 by red 252:2:-1 at gen228 Univ0 prob=0.965
AgeVaxH35.js:2221 82I i:ageGp:fam 657:4:-1 by blue 870:6:-1 at gen228 Univ0 prob=0.380
AgeVaxH35.js:2221 82I i:ageGp:fam 884:6:-1 by blue 959:8:-1 at gen228 Univ0 prob=0.804
AgeVaxH35.js:2221 83I i:ageGp:fam 44:1:-1 by red 635:4:-1 at gen229 Univ0 prob=0.817
AgeVaxH35.js:2221 87I i:ageGp:fam 6:0:-1 by yellow 865:6:-1 at gen231 Univ0 prob=0.007
AgeVaxH35.js:2221 87I i:ageGp:fam 470:3:-1 by blue 985:9:-1 at gen231 Univ0 prob=0.429
AgeVaxH35.js:2202 87I j:ageGp:fam 797:5:-1 by red 729:5:-1 at gen231 Univ0 prob=0.277
AgeVaxH35.js:2202 90I j:ageGp:fam 462:3:-1 by blue 7:0:-1 at gen235 Univ0 prob=0.632
AgeVaxH35.js:2202 90I j:ageGp:fam 841:6:-1 by blue 627:4:-1 at gen236 Univ0 prob=0.138
AgeVaxH35.js:2221 91I i:ageGp:fam 692:5:-1 by blue 785:5:-1 at gen237 Univ0 prob=0.871
AgeVaxH35.js:2221 92I i:ageGp:fam 752:5:-1 by blue 920:7:-1 at gen238 Univ0 prob=0.889
AgeVaxH35.js:2202 93I j:ageGp:fam 600:4:-1 by blue 405:3:-1 at gen239 Univ0 prob=0.775
AgeVaxH35.js:2221 95I i:ageGp:fam 649:4:-1 by blue 719:5:-1 at gen241 Univ0 prob=0.216
AgeVaxH35.js:2202 95I j:ageGp:fam 827:6:-1 by blue 719:5:-1 at gen241 Univ0 prob=0.967
AgeVaxH35.js:2221 95I i:ageGp:fam 236:2:-1 by red 252:2:-1 at gen242 Univ0 prob=0.255
AgeVaxH35.js:2202 97I j:ageGp:fam 831:6:-1 by blue 801:5:-1 at gen243 Univ0 prob=0.788
AgeVaxH35.js:2221 98I i:ageGp:fam 183:2:-1 by blue 879:6:-1 at gen244 Univ0 prob=0.138
AgeVaxH35.js:2221 99I i:ageGp:fam 63:1:-1 by red 305:2:-1 at gen245 Univ0 prob=0.586
AgeVaxH35.js:2221 99I i:ageGp:fam 144:2:-1 by red 305:2:-1 at gen245 Univ0 prob=0.732
AgeVaxH35.js:2202 102I j:ageGp:fam 767:5:-1 by blue 364:3:-1 at gen247 Univ0 prob=0.089
AgeVaxH35.js:2221 102I i:ageGp:fam 67:1:-1 by blue 840:6:-1 at gen248 Univ0 prob=0.442
AgeVaxH35.js:2202 102I j:ageGp:fam 924:7:-1 by blue 627:4:-1 at gen248 Univ0 prob=0.834
AgeVaxH35.js:2202 102I j:ageGp:fam 989:9:-1 by red 726:5:-1 at gen248 Univ0 prob=0.551
AgeVaxH35.js:2202 103I j:ageGp:fam 243:2:-1 by yellow 183:2:-1 at gen249 Univ0 prob=0.624
AgeVaxH35.js:2221 106I i:ageGp:fam 466:3:-1 by blue 672:4:-1 at gen250 Univ0 prob=0.721
AgeVaxH35.js:2202 106I j:ageGp:fam 691:5:-1 by blue 476:3:-1 at gen250 Univ0 prob=0.113
AgeVaxH35.js:2221 106I i:ageGp:fam 485:3:-1 by red 635:4:-1 at gen250 Univ0 prob=0.889
AgeVaxH35.js:2221 107I i:ageGp:fam 507:3:-1 by yellow 924:7:-1 at gen251 Univ0 prob=0.991
AgeVaxH35.js:2202 110I j:ageGp:fam 428:3:-1 by blue 415:3:-1 at gen252 Univ0 prob=0.197
AgeVaxH35.js:2221 110I i:ageGp:fam 450:3:-1 by blue 805:5:-1 at gen252 Univ0 prob=0.499
AgeVaxH35.js:2202 110I j:ageGp:fam 758:5:-1 by red 726:5:-1 at gen252 Univ0 prob=0.941
AgeVaxH35.js:2202 111I j:ageGp:fam 769:5:-1 by yellow 50:1:-1 at gen253 Univ0 prob=0.264
AgeVaxH35.js:2202 111I j:ageGp:fam 647:4:-1 by blue 552:4:-1 at gen253 Univ0 prob=0.734
AgeVaxH35.js:2202 114I j:ageGp:fam 407:3:-1 by yellow 50:1:-1 at gen254 Univ0 prob=0.059
AgeVaxH35.js:2221 116I i:ageGp:fam 734:5:-1 by red 782:5:-1 at gen255 Univ0 prob=0.315
AgeVaxH35.js:2202 118I j:ageGp:fam 824:6:-1 by blue 476:3:-1 at gen257 Univ0 prob=0.031
AgeVaxH35.js:2221 119I i:ageGp:fam 157:2:-1 by blue 477:3:-1 at gen259 Univ0 prob=0.147
AgeVaxH35.js:2221 119I i:ageGp:fam 162:2:-1 by blue 538:3:-1 at gen259 Univ0 prob=0.187
AgeVaxH35.js:2221 119I i:ageGp:fam 438:3:-1 by blue 733:5:-1 at gen260 Univ0 prob=0.539
AgeVaxH35.js:2221 119I i:ageGp:fam 515:3:-1 by blue 612:4:-1 at gen260 Univ0 prob=0.165
AgeVaxH35.js:2221 123I i:ageGp:fam 79:1:-1 by blue 933:7:-1 at gen262 Univ0 prob=0.293
AgeVaxH35.js:2202 123I j:ageGp:fam 934:7:-1 by red 364:3:-1 at gen263 Univ0 prob=0.140
AgeVaxH35.js:2202 123I j:ageGp:fam 694:5:-1 by blue 627:4:-1 at gen263 Univ0 prob=0.996
AgeVaxH35.js:2221 124I i:ageGp:fam 209:2:-1 by blue 458:3:-1 at gen264 Univ0 prob=0.658
AgeVaxH35.js:2221 124I i:ageGp:fam 811:5:-1 by red 942:7:-1 at gen264 Univ0 prob=0.285
AgeVaxH35.js:2202 126I j:ageGp:fam 786:5:-1 by red 291:2:-1 at gen265 Univ0 prob=0.950
AgeVaxH35.js:2202 129I j:ageGp:fam 868:6:-1 by blue 501:3:-1 at gen268 Univ0 prob=0.972
AgeVaxH35.js:2221 129I i:ageGp:fam 336:2:-1 by blue 959:8:-1 at gen269 Univ0 prob=0.647
AgeVaxH35.js:2221 129I i:ageGp:fam 715:5:-1 by blue 888:6:-1 at gen269 Univ0 prob=0.532
AgeVaxH35.js:2221 130I i:ageGp:fam 3:0:-1 by blue 994:9:-1 at gen270 Univ0 prob=0.911
AgeVaxH35.js:2221 130I i:ageGp:fam 126:1:-1 by blue 805:5:-1 at gen270 Univ0 prob=0.015
AgeVaxH35.js:2202 130I j:ageGp:fam 676:4:-1 by blue 327:2:-1 at gen270 Univ0 prob=0.724
AgeVaxH35.js:2221 130I i:ageGp:fam 345:2:-1 by blue 552:4:-1 at gen270 Univ0 prob=0.241
AgeVaxH35.js:2221 130I i:ageGp:fam 374:3:-1 by blue 538:3:-1 at gen270 Univ0 prob=0.625
AgeVaxH35.js:2202 137I j:ageGp:fam 885:6:-1 by red 486:3:-1 at gen273 Univ0 prob=0.994
AgeVaxH35.js:2202 137I j:ageGp:fam 960:8:-1 by blue 888:6:-1 at gen273 Univ0 prob=0.527
AgeVaxH35.js:2221 139I i:ageGp:fam 161:2:-1 by blue 415:3:-1 at gen275 Univ0 prob=0.664
AgeVaxH35.js:2221 139I i:ageGp:fam 655:4:-1 by blue 869:6:-1 at gen275 Univ0 prob=0.476
AgeVaxH35.js:2221 139I i:ageGp:fam 720:5:-1 by red 933:7:-1 at gen275 Univ0 prob=0.583
AgeVaxH35.js:2202 139I j:ageGp:fam 987:9:-1 by yellow 720:5:-1 at gen276 Univ0 prob=0.806
AgeVaxH35.js:2202 142I j:ageGp:fam 487:3:-1 by yellow 79:1:-1 at gen277 Univ0 prob=0.467
AgeVaxH35.js:2202 143I j:ageGp:fam 239:2:-1 by red 175:2:-1 at gen278 Univ0 prob=0.096
AgeVaxH35.js:2221 143I i:ageGp:fam 603:4:-1 by red 838:6:-1 at gen278 Univ0 prob=0.757
AgeVaxH35.js:2221 144I i:ageGp:fam 167:2:-1 by red 838:6:-1 at gen279 Univ0 prob=0.032
AgeVaxH35.js:2202 146I j:ageGp:fam 963:8:-1 by blue 476:3:-1 at gen280 Univ0 prob=0.128
AgeVaxH35.js:2221 146I i:ageGp:fam 528:3:-1 by blue 533:3:-1 at gen280 Univ0 prob=0.268
AgeVaxH35.js:2202 146I j:ageGp:fam 832:6:-1 by yellow 647:4:-1 at gen280 Univ0 prob=0.103
AgeVaxH35.js:2221 147I i:ageGp:fam 80:1:-1 by blue 538:3:-1 at gen281 Univ0 prob=0.667
AgeVaxH35.js:2202 147I j:ageGp:fam 313:2:-1 by blue 108:1:-1 at gen281 Univ0 prob=0.868
AgeVaxH35.js:2221 150I i:ageGp:fam 208:2:-1 by yellow 647:4:-1 at gen282 Univ0 prob=0.293
AgeVaxH35.js:2202 152I j:ageGp:fam 280:2:-1 by blue 274:2:-1 at gen283 Univ0 prob=0.280
AgeVaxH35.js:2202 152I j:ageGp:fam 756:5:-1 by blue 476:3:-1 at gen283 Univ0 prob=0.926
AgeVaxH35.js:2221 155I i:ageGp:fam 231:2:-1 by blue 524:3:-1 at gen285 Univ0 prob=0.476
AgeVaxH35.js:2221 155I i:ageGp:fam 210:2:-1 by blue 533:3:-1 at gen286 Univ0 prob=0.520
AgeVaxH35.js:2202 155I j:ageGp:fam 890:6:-1 by blue 552:4:-1 at gen286 Univ0 prob=0.006
AgeVaxH35.js:2221 158I i:ageGp:fam 138:2:-1 by red 364:3:-1 at gen288 Univ0 prob=0.602
AgeVaxH35.js:2221 158I i:ageGp:fam 218:2:-1 by red 733:5:-1 at gen288 Univ0 prob=0.381
AgeVaxH35.js:2202 158I j:ageGp:fam 962:8:-1 by red 733:5:-1 at gen288 Univ0 prob=0.085
AgeVaxH35.js:2221 158I i:ageGp:fam 484:3:-1 by blue 607:4:-1 at gen289 Univ0 prob=0.329
AgeVaxH35.js:2221 161I i:ageGp:fam 356:2:-1 by blue 994:9:-1 at gen290 Univ0 prob=0.903
AgeVaxH35.js:2221 162I i:ageGp:fam 272:2:-1 by blue 327:2:-1 at gen291 Univ0 prob=0.073
AgeVaxH35.js:2202 162I j:ageGp:fam 866:6:-1 by green 272:2:-1 at gen291 Univ0 prob=0.690
AgeVaxH35.js:2202 162I j:ageGp:fam 616:4:-1 by blue 327:2:-1 at gen291 Univ0 prob=0.872
AgeVaxH35.js:2202 162I j:ageGp:fam 866:6:-1 by blue 327:2:-1 at gen291 Univ0 prob=0.192
AgeVaxH35.js:2202 163I j:ageGp:fam 741:5:-1 by yellow 438:3:-1 at gen292 Univ0 prob=0.718
AgeVaxH35.js:2202 163I j:ageGp:fam 781:5:-1 by blue 524:3:-1 at gen292 Univ0 prob=0.961
AgeVaxH35.js:2221 166I i:ageGp:fam 153:2:-1 by blue 462:3:-1 at gen293 Univ0 prob=0.271
AgeVaxH35.js:2221 168I i:ageGp:fam 514:3:-1 by blue 921:7:-1 at gen294 Univ0 prob=0.317
AgeVaxH35.js:2202 169I j:ageGp:fam 857:6:-1 by blue 415:3:-1 at gen295 Univ0 prob=0.140
AgeVaxH35.js:2202 170I j:ageGp:fam 568:4:-1 by blue 329:2:-1 at gen296 Univ0 prob=0.689
AgeVaxH35.js:2202 170I j:ageGp:fam 793:5:-1 by blue 415:3:-1 at gen296 Univ0 prob=0.060
AgeVaxH35.js:2202 173I j:ageGp:fam 740:5:-1 by yellow 514:3:-1 at gen298 Univ0 prob=0.587
AgeVaxH35.js:2221 173I i:ageGp:fam 740:5:-1 by blue 953:8:-1 at gen298 Univ0 prob=0.690
AgeVaxH35.js:2202 173I j:ageGp:fam 981:8:-1 by red 51:1:-1 at gen299 Univ0 prob=0.614
AgeVaxH35.js:2221 173I i:ageGp:fam 71:1:-1 by red 839:6:-1 at gen299 Univ0 prob=0.794
AgeVaxH35.js:2221 173I i:ageGp:fam 237:2:-1 by red 942:7:-1 at gen299 Univ0 prob=0.103
AgeVaxH35.js:2202 173I j:ageGp:fam 532:3:-1 by blue 524:3:-1 at gen299 Univ0 prob=0.456
AgeVaxH35.js:2202 174I j:ageGp:fam 632:4:-1 by blue 370:3:-1 at gen300 Univ0 prob=0.043
AgeVaxH35.js:2221 174I i:ageGp:fam 406:3:-1 by blue 805:5:-1 at gen300 Univ0 prob=0.809
AgeVaxH35.js:2221 178I i:ageGp:fam 98:1:-1 by red 922:7:-1 at gen301 Univ0 prob=0.052
AgeVaxH35.js:2202 180I j:ageGp:fam 187:2:-1 by blue 44:1:-1 at gen302 Univ0 prob=0.050
AgeVaxH35.js:2221 180I i:ageGp:fam 134:2:-1 by blue 435:3:-1 at gen302 Univ0 prob=0.449
AgeVaxH35.js:2221 180I i:ageGp:fam 301:2:-1 by blue 691:5:-1 at gen302 Univ0 prob=0.350
AgeVaxH35.js:2221 184I i:ageGp:fam 256:2:-1 by red 405:3:-1 at gen304 Univ0 prob=0.504
AgeVaxH35.js:2221 184I i:ageGp:fam 984:9:-1 by yellow 989:9:-1 at gen304 Univ0 prob=0.655
AgeVaxH35.js:2202 184I j:ageGp:fam 496:3:-1 by blue 435:3:-1 at gen305 Univ0 prob=0.451
AgeVaxH35.js:2221 186I i:ageGp:fam 681:4:-1 by blue 888:6:-1 at gen306 Univ0 prob=0.260
AgeVaxH35.js:2221 187I i:ageGp:fam 127:1:-1 by blue 435:3:-1 at gen307 Univ0 prob=0.921
AgeVaxH35.js:2221 187I i:ageGp:fam 618:4:-1 by blue 888:6:-1 at gen307 Univ0 prob=0.291
AgeVaxH35.js:2202 188I j:ageGp:fam 255:2:-1 by red 7:0:-1 at gen308 Univ0 prob=0.284
AgeVaxH35.js:2221 188I i:ageGp:fam 14:0:-1 by blue 246:2:-1 at gen308 Univ0 prob=0.275
AgeVaxH35.js:2221 188I i:ageGp:fam 192:2:-1 by blue 888:6:-1 at gen308 Univ0 prob=0.225
AgeVaxH35.js:2221 188I i:ageGp:fam 850:6:-1 by blue 888:6:-1 at gen308 Univ0 prob=0.042
AgeVaxH35.js:2221 190I i:ageGp:fam 128:1:-1 by red 959:8:-1 at gen309 Univ0 prob=0.955
AgeVaxH35.js:2221 190I i:ageGp:fam 171:2:-1 by blue 884:6:-1 at gen309 Univ0 prob=0.439
AgeVaxH35.js:2202 190I j:ageGp:fam 606:4:-1 by blue 246:2:-1 at gen309 Univ0 prob=0.972
AgeVaxH35.js:2202 190I j:ageGp:fam 916:7:-1 by blue 327:2:-1 at gen309 Univ0 prob=0.906
AgeVaxH35.js:2202 198I j:ageGp:fam 197:2:-1 by blue 108:1:-1 at gen312 Univ0 prob=0.479
AgeVaxH35.js:2202 198I j:ageGp:fam 665:4:-1 by red 51:1:-1 at gen313 Univ0 prob=0.291
AgeVaxH35.js:2202 199I j:ageGp:fam 954:8:-1 by blue 657:4:-1 at gen314 Univ0 prob=0.878
AgeVaxH35.js:2221 200I i:ageGp:fam 66:1:-1 by blue 246:2:-1 at gen315 Univ0 prob=0.277
AgeVaxH35.js:2221 200I i:ageGp:fam 574:4:-1 by blue 884:6:-1 at gen315 Univ0 prob=0.036
AgeVaxH35.js:2221 200I i:ageGp:fam 790:5:-1 by blue 841:6:-1 at gen315 Univ0 prob=0.833
AgeVaxH35.js:2202 201I j:ageGp:fam 346:2:-1 by red 7:0:-1 at gen316 Univ0 prob=0.753
AgeVaxH35.js:2202 201I j:ageGp:fam 877:6:-1 by blue 274:2:-1 at gen316 Univ0 prob=0.981
AgeVaxH35.js:2221 201I i:ageGp:fam 480:3:-1 by blue 657:4:-1 at gen316 Univ0 prob=0.156
AgeVaxH35.js:2221 201I i:ageGp:fam 711:5:-1 by yellow 790:5:-1 at gen316 Univ0 prob=0.929
AgeVaxH35.js:2221 204I i:ageGp:fam 87:1:-1 by yellow 790:5:-1 at gen317 Univ0 prob=0.315
AgeVaxH35.js:2221 208I i:ageGp:fam 417:3:-1 by blue 462:3:-1 at gen318 Univ0 prob=0.556
AgeVaxH35.js:2221 208I i:ageGp:fam 575:4:-1 by blue 841:6:-1 at gen318 Univ0 prob=0.649
AgeVaxH35.js:2221 209I i:ageGp:fam 52:1:-1 by blue 888:6:-1 at gen319 Univ0 prob=0.720
AgeVaxH35.js:2202 209I j:ageGp:fam 931:7:-1 by red 211:2:-1 at gen319 Univ0 prob=0.942
AgeVaxH35.js:2221 209I i:ageGp:fam 582:4:-1 by red 922:7:-1 at gen319 Univ0 prob=0.177
AgeVaxH35.js:2202 211I j:ageGp:fam 414:3:-1 by blue 374:3:-1 at gen320 Univ0 prob=0.241
AgeVaxH35.js:2221 211I i:ageGp:fam 829:6:-1 by blue 989:9:-1 at gen320 Univ0 prob=0.933
AgeVaxH35.js:2221 214I i:ageGp:fam 129:1:-1 by blue 671:4:-1 at gen321 Univ0 prob=0.456
AgeVaxH35.js:2202 214I j:ageGp:fam 944:7:-1 by yellow 582:4:-1 at gen321 Univ0 prob=0.972
AgeVaxH35.js:2202 216I j:ageGp:fam 760:5:-1 by blue 246:2:-1 at gen322 Univ0 prob=0.393
AgeVaxH35.js:2202 216I j:ageGp:fam 455:3:-1 by blue 336:2:-1 at gen322 Univ0 prob=0.653
AgeVaxH35.js:2202 216I j:ageGp:fam 982:9:-1 by blue 336:2:-1 at gen322 Univ0 prob=0.005
AgeVaxH35.js:2221 221I i:ageGp:fam 12:0:-1 by blue 691:5:-1 at gen324 Univ0 prob=0.655
AgeVaxH35.js:2202 221I j:ageGp:fam 833:6:-1 by blue 462:3:-1 at gen324 Univ0 prob=0.819
AgeVaxH35.js:2202 221I j:ageGp:fam 939:7:-1 by blue 841:6:-1 at gen324 Univ0 prob=0.031
AgeVaxH35.js:2221 221I i:ageGp:fam 25:0:-1 by blue 758:5:-1 at gen325 Univ0 prob=0.390
AgeVaxH35.js:2221 221I i:ageGp:fam 367:3:-1 by blue 524:3:-1 at gen325 Univ0 prob=0.344
AgeVaxH35.js:2202 224I j:ageGp:fam 817:5:-1 by blue 336:2:-1 at gen326 Univ0 prob=0.171
AgeVaxH35.js:2202 226I j:ageGp:fam 355:2:-1 by blue 140:2:-1 at gen327 Univ0 prob=0.055
AgeVaxH35.js:2221 227I i:ageGp:fam 314:2:-1 by blue 691:5:-1 at gen328 Univ0 prob=0.980
AgeVaxH35.js:2221 229I i:ageGp:fam 454:3:-1 by blue 902:7:-1 at gen330 Univ0 prob=0.924
AgeVaxH35.js:2202 229I j:ageGp:fam 899:6:-1 by yellow 574:4:-1 at gen330 Univ0 prob=0.504
AgeVaxH35.js:2202 229I j:ageGp:fam 369:3:-1 by blue 140:2:-1 at gen331 Univ0 prob=0.694
AgeVaxH35.js:2221 231I i:ageGp:fam 283:2:-1 by blue 989:9:-1 at gen332 Univ0 prob=0.564
AgeVaxH35.js:2221 231I i:ageGp:fam 427:3:-1 by yellow 756:5:-1 at gen332 Univ0 prob=0.053
AgeVaxH35.js:2202 231I j:ageGp:fam 936:7:-1 by yellow 454:3:-1 at gen332 Univ0 prob=0.748
AgeVaxH35.js:2221 231I i:ageGp:fam 598:4:-1 by yellow 756:5:-1 at gen332 Univ0 prob=0.665
AgeVaxH35.js:2221 232I i:ageGp:fam 284:2:-1 by blue 515:3:-1 at gen333 Univ0 prob=0.031
AgeVaxH35.js:2202 232I j:ageGp:fam 872:6:-1 by red 552:4:-1 at gen333 Univ0 prob=0.161
AgeVaxH35.js:2221 236I i:ageGp:fam 650:4:-1 by blue 885:6:-1 at gen334 Univ0 prob=0.217
AgeVaxH35.js:2202 238I j:ageGp:fam 852:6:-1 by blue 827:6:-1 at gen335 Univ0 prob=0.009
AgeVaxH35.js:2202 239I j:ageGp:fam 558:4:-1 by blue 246:2:-1 at gen336 Univ0 prob=0.683
AgeVaxH35.js:2221 239I i:ageGp:fam 444:3:-1 by blue 902:7:-1 at gen336 Univ0 prob=0.663
AgeVaxH35.js:2221 242I i:ageGp:fam 300:2:-1 by red 435:3:-1 at gen339 Univ0 prob=0.411
AgeVaxH35.js:2221 242I i:ageGp:fam 508:3:-1 by blue 756:5:-1 at gen339 Univ0 prob=0.090
AgeVaxH35.js:2221 242I i:ageGp:fam 725:5:-1 by blue 934:7:-1 at gen339 Univ0 prob=0.707
AgeVaxH35.js:2221 242I i:ageGp:fam 196:2:-1 by blue 924:7:-1 at gen340 Univ0 prob=0.178
AgeVaxH35.js:2202 242I j:ageGp:fam 610:4:-1 by red 327:2:-1 at gen340 Univ0 prob=0.168
AgeVaxH35.js:2221 245I i:ageGp:fam 275:2:-1 by blue 485:3:-1 at gen341 Univ0 prob=0.755
AgeVaxH35.js:2202 247I j:ageGp:fam 347:2:-1 by blue 44:1:-1 at gen342 Univ0 prob=0.737
AgeVaxH35.js:2202 247I j:ageGp:fam 641:4:-1 by red 327:2:-1 at gen342 Univ0 prob=0.337
AgeVaxH35.js:2202 248I j:ageGp:fam 611:4:-1 by red 246:2:-1 at gen343 Univ0 prob=0.747
AgeVaxH35.js:2221 248I i:ageGp:fam 551:4:-1 by blue 811:5:-1 at gen343 Univ0 prob=0.525
AgeVaxH35.js:2221 250I i:ageGp:fam 23:0:-1 by red 477:3:-1 at gen344 Univ0 prob=0.731
AgeVaxH35.js:2221 252I i:ageGp:fam 212:2:-1 by red 524:3:-1 at gen345 Univ0 prob=0.123
AgeVaxH35.js:2202 254I j:ageGp:fam 166:2:-1 by blue 144:2:-1 at gen347 Univ0 prob=0.713
AgeVaxH35.js:2221 254I i:ageGp:fam 342:2:-1 by blue 715:5:-1 at gen347 Univ0 prob=0.381
AgeVaxH35.js:2221 254I i:ageGp:fam 625:4:-1 by blue 960:8:-1 at gen347 Univ0 prob=0.610
AgeVaxH35.js:2221 254I i:ageGp:fam 56:1:-1 by red 327:2:-1 at gen348 Univ0 prob=0.237
AgeVaxH35.js:2202 254I j:ageGp:fam 964:8:-1 by blue 237:2:-1 at gen348 Univ0 prob=0.924
AgeVaxH35.js:2221 254I i:ageGp:fam 349:2:-1 by blue 734:5:-1 at gen348 Univ0 prob=0.365
AgeVaxH35.js:2202 257I j:ageGp:fam 754:5:-1 by red 552:4:-1 at gen349 Univ0 prob=0.198
AgeVaxH35.js:2202 260I j:ageGp:fam 727:5:-1 by blue 218:2:-1 at gen350 Univ0 prob=0.183
AgeVaxH35.js:2202 260I j:ageGp:fam 742:5:-1 by yellow 256:2:-1 at gen350 Univ0 prob=0.397
AgeVaxH35.js:2221 263I i:ageGp:fam 139:2:-1 by blue 237:2:-1 at gen352 Univ0 prob=0.261
AgeVaxH35.js:2202 263I j:ageGp:fam 569:4:-1 by red 246:2:-1 at gen352 Univ0 prob=0.541
AgeVaxH35.js:2202 263I j:ageGp:fam 589:4:-1 by blue 345:2:-1 at gen352 Univ0 prob=0.405
AgeVaxH35.js:2221 263I i:ageGp:fam 223:2:-1 by blue 841:6:-1 at gen353 Univ0 prob=0.590
AgeVaxH35.js:2202 263I j:ageGp:fam 535:3:-1 by red 458:3:-1 at gen353 Univ0 prob=0.566
AgeVaxH35.js:2221 266I i:ageGp:fam 804:5:-1 by blue 963:8:-1 at gen354 Univ0 prob=0.805
AgeVaxH35.js:2221 268I i:ageGp:fam 39:0:-1 by blue 239:2:-1 at gen355 Univ0 prob=0.127
AgeVaxH35.js:2221 268I i:ageGp:fam 288:2:-1 by blue 811:5:-1 at gen355 Univ0 prob=0.363
AgeVaxH35.js:2221 268I i:ageGp:fam 639:4:-1 by blue 756:5:-1 at gen355 Univ0 prob=0.767
AgeVaxH35.js:2202 268I j:ageGp:fam 958:8:-1 by blue 715:5:-1 at gen355 Univ0 prob=0.780
AgeVaxH35.js:2202 269I j:ageGp:fam 856:6:-1 by blue 208:2:-1 at gen356 Univ0 prob=0.600
AgeVaxH35.js:2221 269I i:ageGp:fam 215:2:-1 by blue 960:8:-1 at gen356 Univ0 prob=0.925
AgeVaxH35.js:2221 269I i:ageGp:fam 651:4:-1 by blue 841:6:-1 at gen356 Univ0 prob=0.943
AgeVaxH35.js:2202 269I j:ageGp:fam 779:5:-1 by red 657:4:-1 at gen356 Univ0 prob=0.554
AgeVaxH35.js:2221 273I i:ageGp:fam 111:1:-1 by yellow 212:2:-1 at gen357 Univ0 prob=0.879
AgeVaxH35.js:2202 273I j:ageGp:fam 882:6:-1 by blue 208:2:-1 at gen357 Univ0 prob=0.804
AgeVaxH35.js:2202 277I j:ageGp:fam 679:4:-1 by blue 167:2:-1 at gen358 Univ0 prob=0.865
AgeVaxH35.js:2221 277I i:ageGp:fam 721:5:-1 by red 888:6:-1 at gen358 Univ0 prob=0.826
AgeVaxH35.js:2221 281I i:ageGp:fam 559:4:-1 by blue 989:9:-1 at gen360 Univ0 prob=0.188
AgeVaxH35.js:2221 281I i:ageGp:fam 54:1:-1 by yellow 639:4:-1 at gen361 Univ0 prob=0.530
AgeVaxH35.js:2221 281I i:ageGp:fam 54:1:-1 by blue 756:5:-1 at gen361 Univ0 prob=0.363
AgeVaxH35.js:2221 281I i:ageGp:fam 379:3:-1 by blue 720:5:-1 at gen361 Univ0 prob=0.672
AgeVaxH35.js:2202 281I j:ageGp:fam 894:6:-1 by yellow 651:4:-1 at gen361 Univ0 prob=0.617
AgeVaxH35.js:2221 282I i:ageGp:fam 61:1:-1 by blue 811:5:-1 at gen362 Univ0 prob=0.192
AgeVaxH35.js:2202 282I j:ageGp:fam 983:9:-1 by green 61:1:-1 at gen362 Univ0 prob=0.959
AgeVaxH35.js:2221 282I i:ageGp:fam 412:3:-1 by red 477:3:-1 at gen362 Univ0 prob=0.565
AgeVaxH35.js:2202 282I j:ageGp:fam 983:9:-1 by blue 811:5:-1 at gen362 Univ0 prob=0.187
AgeVaxH35.js:2221 288I i:ageGp:fam 96:1:-1 by red 888:6:-1 at gen364 Univ0 prob=0.189
AgeVaxH35.js:2221 288I i:ageGp:fam 131:2:-1 by blue 989:9:-1 at gen364 Univ0 prob=0.553
AgeVaxH35.js:2221 288I i:ageGp:fam 100:1:-1 by blue 890:6:-1 at gen365 Univ0 prob=0.882
AgeVaxH35.js:2202 291I j:ageGp:fam 441:3:-1 by yellow 300:2:-1 at gen367 Univ0 prob=0.327
AgeVaxH35.js:2221 291I i:ageGp:fam 57:1:-1 by red 607:4:-1 at gen368 Univ0 prob=0.257
AgeVaxH35.js:2202 292I j:ageGp:fam 787:5:-1 by blue 272:2:-1 at gen369 Univ0 prob=0.133
AgeVaxH35.js:2221 293I i:ageGp:fam 389:3:-1 by blue 568:4:-1 at gen370 Univ0 prob=0.849
AgeVaxH35.js:2202 294I j:ageGp:fam 482:3:-1 by blue 301:2:-1 at gen371 Univ0 prob=0.263
AgeVaxH35.js:2202 294I j:ageGp:fam 794:5:-1 by blue 618:4:-1 at gen371 Univ0 prob=0.706
AgeVaxH35.js:2221 295I i:ageGp:fam 60:1:-1 by yellow 939:7:-1 at gen372 Univ0 prob=0.344
AgeVaxH35.js:2221 295I i:ageGp:fam 70:1:-1 by blue 272:2:-1 at gen372 Univ0 prob=0.630
AgeVaxH35.js:2221 295I i:ageGp:fam 456:3:-1 by blue 715:5:-1 at gen372 Univ0 prob=0.870
AgeVaxH35.js:2221 295I i:ageGp:fam 871:6:-1 by red 888:6:-1 at gen372 Univ0 prob=0.589
AgeVaxH35.js:2221 297I i:ageGp:fam 105:1:-1 by blue 313:2:-1 at gen373 Univ0 prob=0.297
AgeVaxH35.js:2221 297I i:ageGp:fam 234:2:-1 by blue 781:5:-1 at gen373 Univ0 prob=0.165
AgeVaxH35.js:2221 301I i:ageGp:fam 254:2:-1 by red 902:7:-1 at gen374 Univ0 prob=0.346
AgeVaxH35.js:2221 303I i:ageGp:fam 83:1:-1 by blue 313:2:-1 at gen375 Univ0 prob=0.409
AgeVaxH35.js:2221 303I i:ageGp:fam 320:2:-1 by blue 829:6:-1 at gen375 Univ0 prob=0.166
AgeVaxH35.js:2221 304I i:ageGp:fam 273:2:-1 by blue 367:3:-1 at gen376 Univ0 prob=0.582
AgeVaxH35.js:2202 304I j:ageGp:fam 943:7:-1 by yellow 288:2:-1 at gen376 Univ0 prob=0.896
AgeVaxH35.js:2221 306I i:ageGp:fam 9:0:-1 by red 450:3:-1 at gen377 Univ0 prob=0.326
AgeVaxH35.js:2202 306I j:ageGp:fam 853:6:-1 by blue 52:1:-1 at gen377 Univ0 prob=0.019
AgeVaxH35.js:2221 306I i:ageGp:fam 64:1:-1 by blue 711:5:-1 at gen377 Univ0 prob=0.871
AgeVaxH35.js:2221 306I i:ageGp:fam 121:1:-1 by blue 346:2:-1 at gen377 Univ0 prob=0.841
AgeVaxH35.js:2202 306I j:ageGp:fam 599:4:-1 by blue 406:3:-1 at gen377 Univ0 prob=0.928
AgeVaxH35.js:2221 306I i:ageGp:fam 777:5:-1 by red 884:6:-1 at gen377 Univ0 prob=0.051
AgeVaxH35.js:2202 308I j:ageGp:fam 376:3:-1 by blue 167:2:-1 at gen378 Univ0 prob=0.096
AgeVaxH35.js:2202 308I j:ageGp:fam 495:3:-1 by red 485:3:-1 at gen378 Univ0 prob=0.891
AgeVaxH35.js:2221 308I i:ageGp:fam 901:6:-1 by red 989:9:-1 at gen378 Univ0 prob=0.242
AgeVaxH35.js:2202 314I j:ageGp:fam 200:2:-1 by blue 25:0:-1 at gen379 Univ0 prob=0.749
AgeVaxH35.js:2221 314I i:ageGp:fam 170:2:-1 by blue 314:2:-1 at gen379 Univ0 prob=0.518
AgeVaxH35.js:2221 314I i:ageGp:fam 418:3:-1 by red 649:4:-1 at gen379 Univ0 prob=0.282
AgeVaxH35.js:2221 314I i:ageGp:fam 519:3:-1 by yellow 589:4:-1 at gen379 Univ0 prob=0.151
AgeVaxH35.js:2221 314I i:ageGp:fam 626:4:-1 by blue 962:8:-1 at gen379 Univ0 prob=0.488
AgeVaxH35.js:2202 317I j:ageGp:fam 494:3:-1 by blue 356:2:-1 at gen380 Univ0 prob=0.976
AgeVaxH35.js:2202 322I j:ageGp:fam 731:5:-1 by red 466:3:-1 at gen381 Univ0 prob=0.613
AgeVaxH35.js:2221 322I i:ageGp:fam 813:5:-1 by blue 866:6:-1 at gen381 Univ0 prob=0.669
AgeVaxH35.js:2202 323I j:ageGp:fam 970:8:-1 by blue 832:6:-1 at gen382 Univ0 prob=0.870
AgeVaxH35.js:2221 325I i:ageGp:fam 358:2:-1 by red 435:3:-1 at gen383 Univ0 prob=0.958
AgeVaxH35.js:2221 325I i:ageGp:fam 500:3:-1 by blue 574:4:-1 at gen383 Univ0 prob=0.185
AgeVaxH35.js:2221 326I i:ageGp:fam 37:0:-1 by blue 161:2:-1 at gen384 Univ0 prob=0.014
AgeVaxH35.js:2221 326I i:ageGp:fam 337:2:-1 by red 824:6:-1 at gen384 Univ0 prob=0.744
AgeVaxH35.js:2202 328I j:ageGp:fam 646:4:-1 by red 246:2:-1 at gen385 Univ0 prob=0.797
AgeVaxH35.js:2221 328I i:ageGp:fam 806:5:-1 by red 824:6:-1 at gen385 Univ0 prob=0.411
AgeVaxH35.js:2202 330I j:ageGp:fam 648:4:-1 by blue 171:2:-1 at gen386 Univ0 prob=0.267
AgeVaxH35.js:2202 330I j:ageGp:fam 854:6:-1 by blue 197:2:-1 at gen386 Univ0 prob=0.660
AgeVaxH35.js:2202 332I j:ageGp:fam 735:5:-1 by blue 87:1:-1 at gen387 Univ0 prob=0.868
AgeVaxH35.js:2202 332I j:ageGp:fam 845:6:-1 by blue 314:2:-1 at gen387 Univ0 prob=0.938
AgeVaxH35.js:2202 332I j:ageGp:fam 847:6:-1 by blue 314:2:-1 at gen387 Univ0 prob=0.319
AgeVaxH35.js:2202 332I j:ageGp:fam 915:7:-1 by yellow 679:4:-1 at gen387 Univ0 prob=0.827
AgeVaxH35.js:2202 334I j:ageGp:fam 836:6:-1 by red 144:2:-1 at gen388 Univ0 prob=0.390
AgeVaxH35.js:2221 334I i:ageGp:fam 403:3:-1 by red 524:3:-1 at gen388 Univ0 prob=0.623
AgeVaxH35.js:2202 340I j:ageGp:fam 137:2:-1 by blue 87:1:-1 at gen390 Univ0 prob=0.937
AgeVaxH35.js:2202 340I j:ageGp:fam 826:6:-1 by blue 197:2:-1 at gen391 Univ0 prob=0.555
AgeVaxH35.js:2202 341I j:ageGp:fam 324:2:-1 by blue 237:2:-1 at gen392 Univ0 prob=0.112
AgeVaxH35.js:2221 343I i:ageGp:fam 229:2:-1 by blue 866:6:-1 at gen394 Univ0 prob=0.881
AgeVaxH35.js:2221 343I i:ageGp:fam 436:3:-1 by red 715:5:-1 at gen394 Univ0 prob=0.094
AgeVaxH35.js:2221 343I i:ageGp:fam 590:4:-1 by blue 866:6:-1 at gen394 Univ0 prob=0.397
AgeVaxH35.js:2202 343I j:ageGp:fam 898:6:-1 by red 715:5:-1 at gen395 Univ0 prob=0.630
AgeVaxH35.js:2202 346I j:ageGp:fam 925:7:-1 by blue 231:2:-1 at gen396 Univ0 prob=0.856
AgeVaxH35.js:2202 347I j:ageGp:fam 867:6:-1 by blue 12:0:-1 at gen397 Univ0 prob=0.360
AgeVaxH35.js:2202 347I j:ageGp:fam 686:4:-1 by blue 301:2:-1 at gen397 Univ0 prob=0.641
AgeVaxH35.js:2221 348I i:ageGp:fam 43:1:-1 by blue 781:5:-1 at gen398 Univ0 prob=0.277
AgeVaxH35.js:2202 348I j:ageGp:fam 716:5:-1 by blue 611:4:-1 at gen398 Univ0 prob=0.118
AgeVaxH35.js:2202 350I j:ageGp:fam 881:6:-1 by blue 197:2:-1 at gen399 Univ0 prob=0.334
AgeVaxH35.js:2202 350I j:ageGp:fam 259:2:-1 by red 246:2:-1 at gen399 Univ0 prob=0.975
AgeVaxH35.js:2202 350I j:ageGp:fam 935:7:-1 by blue 314:2:-1 at gen399 Univ0 prob=0.814
AgeVaxH35.js:2221 350I i:ageGp:fam 851:6:-1 by red 888:6:-1 at gen399 Univ0 prob=0.185
AgeVaxH35.js:2221 352I i:ageGp:fam 141:2:-1 by blue 314:2:-1 at gen400 Univ0 prob=0.560
AgeVaxH35.js:2202 356I j:ageGp:fam 837:6:-1 by blue 256:2:-1 at gen401 Univ0 prob=0.286
AgeVaxH35.js:2202 356I j:ageGp:fam 969:8:-1 by blue 284:2:-1 at gen401 Univ0 prob=0.929
AgeVaxH35.js:2221 356I i:ageGp:fam 593:4:-1 by red 811:5:-1 at gen401 Univ0 prob=0.511
AgeVaxH35.js:2221 357I i:ageGp:fam 230:2:-1 by blue 760:5:-1 at gen402 Univ0 prob=0.387
AgeVaxH35.js:2202 361I j:ageGp:fam 660:4:-1 by yellow 254:2:-1 at gen404 Univ0 prob=0.618
AgeVaxH35.js:2221 361I i:ageGp:fam 106:1:-1 by blue 611:4:-1 at gen405 Univ0 prob=0.256
AgeVaxH35.js:2202 361I j:ageGp:fam 233:2:-1 by yellow 170:2:-1 at gen405 Univ0 prob=0.487
AgeVaxH35.js:2202 361I j:ageGp:fam 974:8:-1 by blue 899:6:-1 at gen405 Univ0 prob=0.989
AgeVaxH35.js:2221 365I i:ageGp:fam 529:3:-1 by blue 936:7:-1 at gen407 Univ0 prob=0.890
AgeVaxH35.js:2202 365I j:ageGp:fam 395:3:-1 by blue 66:1:-1 at gen408 Univ0 prob=0.166
AgeVaxH35.js:2221 366I i:ageGp:fam 527:3:-1 by blue 850:6:-1 at gen409 Univ0 prob=0.205
AgeVaxH35.js:2221 367I i:ageGp:fam 10:0:-1 by blue 314:2:-1 at gen410 Univ0 prob=0.470
AgeVaxH35.js:2202 368I j:ageGp:fam 401:3:-1 by yellow 337:2:-1 at gen411 Univ0 prob=0.189
AgeVaxH35.js:2202 369I j:ageGp:fam 194:2:-1 by red 167:2:-1 at gen412 Univ0 prob=0.836
AgeVaxH35.js:2221 369I i:ageGp:fam 560:4:-1 by red 989:9:-1 at gen412 Univ0 prob=0.752
AgeVaxH35.js:2221 370I i:ageGp:fam 45:1:-1 by blue 237:2:-1 at gen413 Univ0 prob=0.574
AgeVaxH35.js:2221 370I i:ageGp:fam 703:5:-1 by red 720:5:-1 at gen413 Univ0 prob=0.047
AgeVaxH35.js:2202 372I j:ageGp:fam 757:5:-1 by yellow 10:0:-1 at gen414 Univ0 prob=0.189
AgeVaxH35.js:2202 372I j:ageGp:fam 658:4:-1 by blue 96:1:-1 at gen414 Univ0 prob=0.747
AgeVaxH35.js:2202 372I j:ageGp:fam 757:5:-1 by red 756:5:-1 at gen414 Univ0 prob=0.292
AgeVaxH35.js:2202 376I j:ageGp:fam 609:4:-1 by yellow 45:1:-1 at gen416 Univ0 prob=0.120
AgeVaxH35.js:2202 376I j:ageGp:fam 446:3:-1 by red 144:2:-1 at gen416 Univ0 prob=0.667
AgeVaxH35.js:2221 376I i:ageGp:fam 22:0:-1 by blue 611:4:-1 at gen417 Univ0 prob=0.074
AgeVaxH35.js:2221 376I i:ageGp:fam 62:1:-1 by blue 894:6:-1 at gen417 Univ0 prob=0.925
AgeVaxH35.js:2202 376I j:ageGp:fam 932:7:-1 by blue 111:1:-1 at gen417 Univ0 prob=0.844
AgeVaxH35.js:2202 376I j:ageGp:fam 848:6:-1 by red 313:2:-1 at gen417 Univ0 prob=0.226
AgeVaxH35.js:2202 376I j:ageGp:fam 897:6:-1 by blue 551:4:-1 at gen417 Univ0 prob=0.512
AgeVaxH35.js:2202 376I j:ageGp:fam 633:4:-1 by blue 618:4:-1 at gen417 Univ0 prob=0.304
AgeVaxH35.js:2202 378I j:ageGp:fam 567:4:-1 by blue 25:0:-1 at gen418 Univ0 prob=0.575
AgeVaxH35.js:2221 378I i:ageGp:fam 86:1:-1 by blue 455:3:-1 at gen418 Univ0 prob=0.968
AgeVaxH35.js:2221 378I i:ageGp:fam 384:3:-1 by blue 618:4:-1 at gen418 Univ0 prob=0.387
AgeVaxH35.js:2202 384I j:ageGp:fam 842:6:-1 by yellow 22:0:-1 at gen419 Univ0 prob=0.539
AgeVaxH35.js:2202 384I j:ageGp:fam 678:4:-1 by red 167:2:-1 at gen419 Univ0 prob=0.416
AgeVaxH35.js:2202 387I j:ageGp:fam 988:9:-1 by red 466:3:-1 at gen420 Univ0 prob=0.763
AgeVaxH35.js:2202 387I j:ageGp:fam 907:7:-1 by blue 679:4:-1 at gen420 Univ0 prob=0.775
AgeVaxH35.js:2221 391I i:ageGp:fam 113:1:-1 by yellow 436:3:-1 at gen422 Univ0 prob=0.444
AgeVaxH35.js:2202 391I j:ageGp:fam 687:4:-1 by blue 12:0:-1 at gen423 Univ0 prob=0.674
AgeVaxH35.js:2202 392I j:ageGp:fam 710:5:-1 by red 239:2:-1 at gen424 Univ0 prob=0.906
AgeVaxH35.js:2202 393I j:ageGp:fam 773:5:-1 by red 231:2:-1 at gen425 Univ0 prob=0.316
AgeVaxH35.js:2221 394I i:ageGp:fam 81:1:-1 by blue 936:7:-1 at gen426 Univ0 prob=0.452
AgeVaxH35.js:2221 395I i:ageGp:fam 297:2:-1 by blue 641:4:-1 at gen427 Univ0 prob=0.673
AgeVaxH35.js:2221 395I i:ageGp:fam 543:4:-1 by red 962:8:-1 at gen427 Univ0 prob=0.072
AgeVaxH35.js:2221 396I i:ageGp:fam 328:2:-1 by blue 727:5:-1 at gen428 Univ0 prob=0.816
AgeVaxH35.js:2221 399I i:ageGp:fam 8:0:-1 by red 374:3:-1 at gen430 Univ0 prob=0.634
AgeVaxH35.js:2221 399I i:ageGp:fam 287:2:-1 by blue 559:4:-1 at gen430 Univ0 prob=0.434
AgeVaxH35.js:2221 399I i:ageGp:fam 545:4:-1 by red 720:5:-1 at gen430 Univ0 prob=0.016
AgeVaxH35.js:2202 399I j:ageGp:fam 795:5:-1 by blue 582:4:-1 at gen430 Univ0 prob=0.196
AgeVaxH35.js:2202 399I j:ageGp:fam 780:5:-1 by blue 721:5:-1 at gen430 Univ0 prob=0.240
AgeVaxH35.js:2202 399I j:ageGp:fam 748:5:-1 by red 345:2:-1 at gen431 Univ0 prob=0.772
AgeVaxH35.js:2221 399I i:ageGp:fam 506:3:-1 by blue 958:8:-1 at gen431 Univ0 prob=0.032
AgeVaxH35.js:2221 404I i:ageGp:fam 443:3:-1 by blue 610:4:-1 at gen432 Univ0 prob=0.105
AgeVaxH35.js:2221 404I i:ageGp:fam 443:3:-1 by blue 958:8:-1 at gen432 Univ0 prob=0.107
AgeVaxH35.js:2202 406I j:ageGp:fam 784:5:-1 by red 126:1:-1 at gen433 Univ0 prob=0.464
AgeVaxH35.js:2221 407I i:ageGp:fam 375:3:-1 by blue 853:6:-1 at gen434 Univ0 prob=0.210
AgeVaxH35.js:2202 407I j:ageGp:fam 503:3:-1 by red 450:3:-1 at gen434 Univ0 prob=0.295
AgeVaxH35.js:2221 408I i:ageGp:fam 431:3:-1 by yellow 735:5:-1 at gen435 Univ0 prob=0.911
AgeVaxH35.js:2202 410I j:ageGp:fam 961:8:-1 by blue 57:1:-1 at gen436 Univ0 prob=0.936
AgeVaxH35.js:2221 410I i:ageGp:fam 382:3:-1 by blue 611:4:-1 at gen436 Univ0 prob=0.324
AgeVaxH35.js:2202 411I j:ageGp:fam 404:3:-1 by blue 139:2:-1 at gen437 Univ0 prob=0.402
AgeVaxH35.js:2202 411I j:ageGp:fam 991:9:-1 by blue 721:5:-1 at gen437 Univ0 prob=0.785
AgeVaxH35.js:2202 411I j:ageGp:fam 992:9:-1 by red 850:6:-1 at gen437 Univ0 prob=0.858
AgeVaxH35.js:2221 413I i:ageGp:fam 656:4:-1 by blue 731:5:-1 at gen438 Univ0 prob=0.976
AgeVaxH35.js:2221 413I i:ageGp:fam 663:4:-1 by blue 901:6:-1 at gen438 Univ0 prob=0.999
AgeVaxH35.js:2202 413I j:ageGp:fam 893:6:-1 by blue 731:5:-1 at gen438 Univ0 prob=0.030
AgeVaxH35.js:2202 416I j:ageGp:fam 448:3:-1 by red 231:2:-1 at gen439 Univ0 prob=0.417
AgeVaxH35.js:2202 416I j:ageGp:fam 723:5:-1 by red 720:5:-1 at gen439 Univ0 prob=0.314
AgeVaxH35.js:2202 419I j:ageGp:fam 249:2:-1 by blue 139:2:-1 at gen440 Univ0 prob=0.708
AgeVaxH35.js:2202 419I j:ageGp:fam 834:6:-1 by red 210:2:-1 at gen440 Univ0 prob=0.679
AgeVaxH35.js:2221 419I i:ageGp:fam 299:2:-1 by red 850:6:-1 at gen440 Univ0 prob=0.949
AgeVaxH35.js:2221 419I i:ageGp:fam 307:2:-1 by red 984:9:-1 at gen440 Univ0 prob=0.069
AgeVaxH35.js:2202 419I j:ageGp:fam 746:5:-1 by blue 611:4:-1 at gen440 Univ0 prob=0.894
AgeVaxH35.js:2221 421I i:ageGp:fam 335:2:-1 by blue 610:4:-1 at gen441 Univ0 prob=0.117
AgeVaxH35.js:2221 426I i:ageGp:fam 205:2:-1 by blue 412:3:-1 at gen442 Univ0 prob=0.125
AgeVaxH35.js:2202 426I j:ageGp:fam 667:4:-1 by yellow 382:3:-1 at gen442 Univ0 prob=0.294
AgeVaxH35.js:2221 429I i:ageGp:fam 357:2:-1 by blue 964:8:-1 at gen444 Univ0 prob=0.271
AgeVaxH35.js:2202 429I j:ageGp:fam 928:7:-1 by red 618:4:-1 at gen445 Univ0 prob=0.927
AgeVaxH35.js:2202 430I j:ageGp:fam 464:3:-1 by blue 436:3:-1 at gen446 Univ0 prob=0.111
AgeVaxH35.js:2202 430I j:ageGp:fam 700:5:-1 by blue 558:4:-1 at gen446 Univ0 prob=0.253
AgeVaxH35.js:2221 431I i:ageGp:fam 250:2:-1 by yellow 382:3:-1 at gen447 Univ0 prob=0.830
AgeVaxH35.js:2221 431I i:ageGp:fam 268:2:-1 by blue 925:7:-1 at gen447 Univ0 prob=0.739
AgeVaxH35.js:2202 433I j:ageGp:fam 900:6:-1 by red 720:5:-1 at gen448 Univ0 prob=0.922
AgeVaxH35.js:2202 435I j:ageGp:fam 975:8:-1 by yellow 357:2:-1 at gen449 Univ0 prob=0.942
AgeVaxH35.js:2221 436I i:ageGp:fam 615:4:-1 by red 850:6:-1 at gen450 Univ0 prob=0.967
AgeVaxH35.js:2202 438I j:ageGp:fam 771:5:-1 by red 427:3:-1 at gen452 Univ0 prob=0.908
AgeVaxH35.js:2221 438I i:ageGp:fam 270:2:-1 by blue 901:6:-1 at gen453 Univ0 prob=0.555
AgeVaxH35.js:2202 439I j:ageGp:fam 971:8:-1 by blue 131:2:-1 at gen454 Univ0 prob=0.887
AgeVaxH35.js:2221 439I i:ageGp:fam 242:2:-1 by red 345:2:-1 at gen454 Univ0 prob=0.958
AgeVaxH35.js:2221 440I i:ageGp:fam 117:1:-1 by red 171:2:-1 at gen455 Univ0 prob=0.821
AgeVaxH35.js:2221 440I i:ageGp:fam 146:2:-1 by blue 320:2:-1 at gen455 Univ0 prob=0.545
AgeVaxH35.js:2221 440I i:ageGp:fam 202:2:-1 by blue 234:2:-1 at gen455 Univ0 prob=0.643
AgeVaxH35.js:2221 440I i:ageGp:fam 512:3:-1 by red 720:5:-1 at gen455 Univ0 prob=0.490
AgeVaxH35.js:2202 440I j:ageGp:fam 912:7:-1 by blue 559:4:-1 at gen455 Univ0 prob=0.843
AgeVaxH35.js:2221 442I i:ageGp:fam 65:1:-1 by red 618:4:-1 at gen456 Univ0 prob=0.086
AgeVaxH35.js:2202 442I j:ageGp:fam 303:2:-1 by red 66:1:-1 at gen456 Univ0 prob=0.129
AgeVaxH35.js:2221 442I i:ageGp:fam 583:4:-1 by blue 721:5:-1 at gen456 Univ0 prob=0.288
AgeVaxH35.js:2202 447I j:ageGp:fam 206:2:-1 by red 98:1:-1 at gen457 Univ0 prob=0.349
AgeVaxH35.js:2221 450I i:ageGp:fam 104:1:-1 by red 711:5:-1 at gen458 Univ0 prob=0.084
AgeVaxH35.js:2202 450I j:ageGp:fam 620:4:-1 by blue 569:4:-1 at gen458 Univ0 prob=0.584
AgeVaxH35.js:2221 450I i:ageGp:fam 812:5:-1 by red 829:6:-1 at gen458 Univ0 prob=0.683
AgeVaxH35.js:2202 451I j:ageGp:fam 344:2:-1 by blue 96:1:-1 at gen459 Univ0 prob=0.760
AgeVaxH35.js:2202 451I j:ageGp:fam 966:8:-1 by red 127:1:-1 at gen459 Univ0 prob=0.817
AgeVaxH35.js:2202 451I j:ageGp:fam 334:2:-1 by blue 234:2:-1 at gen459 Univ0 prob=0.462
AgeVaxH35.js:2202 451I j:ageGp:fam 505:3:-1 by blue 234:2:-1 at gen459 Univ0 prob=0.806
AgeVaxH35.js:2202 451I j:ageGp:fam 393:3:-1 by blue 320:2:-1 at gen459 Univ0 prob=0.389
AgeVaxH35.js:2202 454I j:ageGp:fam 219:2:-1 by red 66:1:-1 at gen460 Univ0 prob=0.500
AgeVaxH35.js:2202 454I j:ageGp:fam 430:3:-1 by red 98:1:-1 at gen460 Univ0 prob=0.305
AgeVaxH35.js:2221 454I i:ageGp:fam 411:3:-1 by blue 529:3:-1 at gen460 Univ0 prob=0.561
AgeVaxH35.js:2221 454I i:ageGp:fam 815:5:-1 by red 850:6:-1 at gen460 Univ0 prob=0.216
AgeVaxH35.js:2221 459I i:ageGp:fam 290:2:-1 by red 314:2:-1 at gen461 Univ0 prob=0.184
AgeVaxH35.js:2221 463I i:ageGp:fam 35:0:-1 by blue 735:5:-1 at gen462 Univ0 prob=0.329
AgeVaxH35.js:2202 464I j:ageGp:fam 432:3:-1 by blue 121:1:-1 at gen463 Univ0 prob=0.915
AgeVaxH35.js:2202 464I j:ageGp:fam 904:7:-1 by yellow 270:2:-1 at gen463 Univ0 prob=0.825
AgeVaxH35.js:2202 465I j:ageGp:fam 698:5:-1 by yellow 35:0:-1 at gen464 Univ0 prob=0.118
AgeVaxH35.js:2202 465I j:ageGp:fam 809:5:-1 by blue 106:1:-1 at gen464 Univ0 prob=0.272
AgeVaxH35.js:2221 465I i:ageGp:fam 472:3:-1 by blue 731:5:-1 at gen464 Univ0 prob=0.694
AgeVaxH35.js:2202 467I j:ageGp:fam 548:4:-1 by blue 212:2:-1 at gen465 Univ0 prob=0.962
AgeVaxH35.js:2202 470I j:ageGp:fam 493:3:-1 by blue 64:1:-1 at gen466 Univ0 prob=0.293
AgeVaxH35.js:2221 470I i:ageGp:fam 493:3:-1 by blue 836:6:-1 at gen466 Univ0 prob=0.338
AgeVaxH35.js:2221 471I i:ageGp:fam 714:5:-1 by blue 983:9:-1 at gen467 Univ0 prob=0.118
AgeVaxH35.js:2202 473I j:ageGp:fam 110:1:-1 by blue 83:1:-1 at gen470 Univ0 prob=0.571
AgeVaxH35.js:2202 475I j:ageGp:fam 995:9:-1 by blue 83:1:-1 at gen472 Univ0 prob=0.889
AgeVaxH35.js:2221 475I i:ageGp:fam 267:2:-1 by red 455:3:-1 at gen472 Univ0 prob=0.655
AgeVaxH35.js:2221 475I i:ageGp:fam 189:2:-1 by blue 731:5:-1 at gen473 Univ0 prob=0.848
AgeVaxH35.js:2202 477I j:ageGp:fam 938:7:-1 by blue 233:2:-1 at gen474 Univ0 prob=0.970
AgeVaxH35.js:2202 477I j:ageGp:fam 913:7:-1 by red 288:2:-1 at gen474 Univ0 prob=0.820
AgeVaxH35.js:2202 480I j:ageGp:fam 530:3:-1 by blue 379:3:-1 at gen476 Univ0 prob=0.890
AgeVaxH35.js:2202 481I j:ageGp:fam 895:6:-1 by blue 686:4:-1 at gen478 Univ0 prob=0.751
AgeVaxH35.js:2202 482I j:ageGp:fam 949:8:-1 by blue 170:2:-1 at gen480 Univ0 prob=0.812
AgeVaxH35.js:2221 482I i:ageGp:fam 184:2:-1 by blue 851:6:-1 at gen480 Univ0 prob=0.412
AgeVaxH35.js:2202 484I j:ageGp:fam 849:6:-1 by red 237:2:-1 at gen482 Univ0 prob=0.903
AgeVaxH35.js:2202 484I j:ageGp:fam 554:4:-1 by blue 527:3:-1 at gen482 Univ0 prob=0.876
AgeVaxH35.js:2221 484I i:ageGp:fam 53:1:-1 by blue 121:1:-1 at gen483 Univ0 prob=0.007
AgeVaxH35.js:2202 484I j:ageGp:fam 654:4:-1 by red 218:2:-1 at gen483 Univ0 prob=0.559
AgeVaxH35.js:2221 484I i:ageGp:fam 383:3:-1 by blue 837:6:-1 at gen483 Univ0 prob=0.170
AgeVaxH35.js:2221 486I i:ageGp:fam 32:0:-1 by red 569:4:-1 at gen484 Univ0 prob=0.679
AgeVaxH35.js:2221 486I i:ageGp:fam 32:0:-1 by blue 735:5:-1 at gen484 Univ0 prob=0.224
AgeVaxH35.js:2202 486I j:ageGp:fam 566:4:-1 by red 559:4:-1 at gen484 Univ0 prob=0.345
AgeVaxH35.js:2221 489I i:ageGp:fam 308:2:-1 by red 936:7:-1 at gen485 Univ0 prob=0.806
AgeVaxH35.js:2221 491I i:ageGp:fam 73:1:-1 by blue 686:4:-1 at gen486 Univ0 prob=0.769
AgeVaxH35.js:2221 491I i:ageGp:fam 440:3:-1 by blue 780:5:-1 at gen486 Univ0 prob=0.919
AgeVaxH35.js:2221 491I i:ageGp:fam 509:3:-1 by blue 716:5:-1 at gen486 Univ0 prob=0.798
AgeVaxH35.js:2221 492I i:ageGp:fam 13:0:-1 by blue 83:1:-1 at gen487 Univ0 prob=0.378
AgeVaxH35.js:2221 492I i:ageGp:fam 204:2:-1 by blue 234:2:-1 at gen487 Univ0 prob=0.029
AgeVaxH35.js:2221 492I i:ageGp:fam 240:2:-1 by blue 703:5:-1 at gen487 Univ0 prob=0.383
AgeVaxH35.js:2202 495I j:ageGp:fam 457:3:-1 by blue 121:1:-1 at gen488 Univ0 prob=0.789
AgeVaxH35.js:2221 495I i:ageGp:fam 316:2:-1 by red 611:4:-1 at gen488 Univ0 prob=0.961
AgeVaxH35.js:2202 500I j:ageGp:fam 862:6:-1 by blue 45:1:-1 at gen490 Univ0 prob=0.326
AgeVaxH35.js:2202 500I j:ageGp:fam 502:3:-1 by yellow 303:2:-1 at gen490 Univ0 prob=0.657
AgeVaxH35.js:2221 500I i:ageGp:fam 136:2:-1 by red 721:5:-1 at gen491 Univ0 prob=0.215
AgeVaxH35.js:2221 500I i:ageGp:fam 264:2:-1 by blue 545:4:-1 at gen491 Univ0 prob=0.582
AgeVaxH35.js:2202 500I j:ageGp:fam 816:5:-1 by blue 609:4:-1 at gen491 Univ0 prob=0.376
AgeVaxH35.js:2202 502I j:ageGp:fam 55:1:-1 by yellow 35:0:-1 at gen492 Univ0 prob=0.912
AgeVaxH35.js:2202 502I j:ageGp:fam 803:5:-1 by red 721:5:-1 at gen492 Univ0 prob=0.935
AgeVaxH35.js:2202 507I j:ageGp:fam 490:3:-1 by blue 64:1:-1 at gen494 Univ0 prob=0.962
AgeVaxH35.js:2202 507I j:ageGp:fam 661:4:-1 by blue 121:1:-1 at gen494 Univ0 prob=0.466
AgeVaxH35.js:2202 507I j:ageGp:fam 929:7:-1 by red 288:2:-1 at gen495 Univ0 prob=0.753
AgeVaxH35.js:2202 507I j:ageGp:fam 643:4:-1 by red 559:4:-1 at gen495 Univ0 prob=0.743
AgeVaxH35.js:2202 509I j:ageGp:fam 732:5:-1 by blue 22:0:-1 at gen496 Univ0 prob=0.767
AgeVaxH35.js:2202 509I j:ageGp:fam 704:5:-1 by yellow 509:3:-1 at gen496 Univ0 prob=0.457
AgeVaxH35.js:2221 509I i:ageGp:fam 704:5:-1 by blue 716:5:-1 at gen496 Univ0 prob=0.227
AgeVaxH35.js:2221 511I i:ageGp:fam 216:2:-1 by red 626:4:-1 at gen497 Univ0 prob=0.136
AgeVaxH35.js:2202 511I j:ageGp:fam 940:7:-1 by blue 593:4:-1 at gen497 Univ0 prob=0.932
AgeVaxH35.js:2221 511I i:ageGp:fam 602:4:-1 by blue 991:9:-1 at gen497 Univ0 prob=0.075
AgeVaxH35.js:2202 516I j:ageGp:fam 755:5:-1 by blue 357:2:-1 at gen499 Univ0 prob=0.840
AgeVaxH35.js:2202 516I j:ageGp:fam 664:4:-1 by blue 337:2:-1 at gen500 Univ0 prob=0.170
AgeVaxH35.js:2202 516I j:ageGp:fam 819:5:-1 by blue 735:5:-1 at gen500 Univ0 prob=0.765
AgeVaxH35.js:2202 517I j:ageGp:fam 764:5:-1 by blue 403:3:-1 at gen501 Univ0 prob=0.126
AgeVaxH35.js:2202 517I j:ageGp:fam 859:6:-1 by red 731:5:-1 at gen501 Univ0 prob=0.085
AgeVaxH35.js:2221 517I i:ageGp:fam 846:6:-1 by red 882:6:-1 at gen501 Univ0 prob=0.246
AgeVaxH35.js:2221 519I i:ageGp:fam 4:0:-1 by red 936:7:-1 at gen502 Univ0 prob=0.266
AgeVaxH35.js:2202 522I j:ageGp:fam 613:4:-1 by red 234:2:-1 at gen503 Univ0 prob=0.144
AgeVaxH35.js:2202 522I j:ageGp:fam 670:4:-1 by red 611:4:-1 at gen503 Univ0 prob=0.835
AgeVaxH35.js:2202 525I j:ageGp:fam 909:7:-1 by blue 506:3:-1 at gen505 Univ0 prob=0.932
AgeVaxH35.js:2221 525I i:ageGp:fam 203:2:-1 by blue 375:3:-1 at gen506 Univ0 prob=0.905
AgeVaxH35.js:2202 527I j:ageGp:fam 580:4:-1 by red 234:2:-1 at gen508 Univ0 prob=0.299
AgeVaxH35.js:2202 527I j:ageGp:fam 281:2:-1 by red 83:1:-1 at gen509 Univ0 prob=0.838
AgeVaxH35.js:2221 527I i:ageGp:fam 159:2:-1 by blue 431:3:-1 at gen509 Univ0 prob=0.370
AgeVaxH35.js:2202 527I j:ageGp:fam 453:3:-1 by blue 431:3:-1 at gen509 Univ0 prob=0.714
AgeVaxH35.js:2221 527I i:ageGp:fam 718:5:-1 by blue 969:8:-1 at gen509 Univ0 prob=0.019
AgeVaxH35.js:2202 527I j:ageGp:fam 914:7:-1 by blue 746:5:-1 at gen509 Univ0 prob=0.991
AgeVaxH35.js:2221 528I i:ageGp:fam 112:1:-1 by red 212:2:-1 at gen510 Univ0 prob=0.927
AgeVaxH35.js:2221 533I i:ageGp:fam 164:2:-1 by red 611:4:-1 at gen511 Univ0 prob=0.491
AgeVaxH35.js:2221 533I i:ageGp:fam 277:2:-1 by blue 446:3:-1 at gen511 Univ0 prob=0.299
AgeVaxH35.js:2221 533I i:ageGp:fam 277:2:-1 by red 836:6:-1 at gen511 Univ0 prob=0.929
AgeVaxH35.js:2202 533I j:ageGp:fam 941:7:-1 by red 320:2:-1 at gen511 Univ0 prob=0.814
AgeVaxH35.js:2202 534I j:ageGp:fam 147:2:-1 by red 96:1:-1 at gen512 Univ0 prob=0.593
AgeVaxH35.js:2221 534I i:ageGp:fam 181:2:-1 by blue 443:3:-1 at gen512 Univ0 prob=0.155
AgeVaxH35.js:2221 534I i:ageGp:fam 227:2:-1 by red 611:4:-1 at gen512 Univ0 prob=0.317
AgeVaxH35.js:2202 534I j:ageGp:fam 604:4:-1 by blue 382:3:-1 at gen512 Univ0 prob=0.267
AgeVaxH35.js:2221 537I i:ageGp:fam 123:1:-1 by yellow 502:3:-1 at gen513 Univ0 prob=0.813
AgeVaxH35.js:2221 541I i:ageGp:fam 99:1:-1 by red 139:2:-1 at gen514 Univ0 prob=0.374
AgeVaxH35.js:2221 541I i:ageGp:fam 306:2:-1 by blue 698:5:-1 at gen514 Univ0 prob=0.245
AgeVaxH35.js:2202 541I j:ageGp:fam 642:4:-1 by blue 357:2:-1 at gen514 Univ0 prob=0.030
AgeVaxH35.js:2221 545I i:ageGp:fam 125:1:-1 by blue 851:6:-1 at gen516 Univ0 prob=0.419
AgeVaxH35.js:2202 545I j:ageGp:fam 594:4:-1 by blue 62:1:-1 at gen517 Univ0 prob=0.655
AgeVaxH35.js:2221 546I i:ageGp:fam 103:1:-1 by red 901:6:-1 at gen518 Univ0 prob=0.257
AgeVaxH35.js:2202 547I j:ageGp:fam 392:3:-1 by blue 250:2:-1 at gen519 Univ0 prob=0.998
AgeVaxH35.js:2202 547I j:ageGp:fam 766:5:-1 by blue 250:2:-1 at gen519 Univ0 prob=0.044
AgeVaxH35.js:2221 548I i:ageGp:fam 295:2:-1 by blue 543:4:-1 at gen520 Univ0 prob=0.416
AgeVaxH35.js:2202 548I j:ageGp:fam 689:4:-1 by blue 505:3:-1 at gen520 Univ0 prob=0.010
AgeVaxH35.js:2221 552I i:ageGp:fam 222:2:-1 by blue 543:4:-1 at gen522 Univ0 prob=0.064
AgeVaxH35.js:2202 552I j:ageGp:fam 739:5:-1 by red 639:4:-1 at gen522 Univ0 prob=0.675
AgeVaxH35.js:2202 552I j:ageGp:fam 207:2:-1 by blue 106:1:-1 at gen523 Univ0 prob=0.377
AgeVaxH35.js:2221 552I i:ageGp:fam 696:5:-1 by red 969:8:-1 at gen523 Univ0 prob=0.236
AgeVaxH35.js:2221 556I i:ageGp:fam 331:2:-1 by red 964:8:-1 at gen525 Univ0 prob=0.401
AgeVaxH35.js:2221 556I i:ageGp:fam 433:3:-1 by blue 748:5:-1 at gen525 Univ0 prob=0.149
AgeVaxH35.js:2221 556I i:ageGp:fam 338:2:-1 by blue 904:7:-1 at gen526 Univ0 prob=0.333
AgeVaxH35.js:2221 556I i:ageGp:fam 387:3:-1 by red 721:5:-1 at gen526 Univ0 prob=0.534
AgeVaxH35.js:2221 556I i:ageGp:fam 469:3:-1 by blue 971:8:-1 at gen526 Univ0 prob=0.706
AgeVaxH35.js:2202 558I j:ageGp:fam 889:6:-1 by blue 110:1:-1 at gen527 Univ0 prob=0.715
AgeVaxH35.js:2202 558I j:ageGp:fam 429:3:-1 by blue 202:2:-1 at gen527 Univ0 prob=0.693
AgeVaxH35.js:2221 561I i:ageGp:fam 20:0:-1 by blue 22:0:-1 at gen528 Univ0 prob=0.753
AgeVaxH35.js:2221 561I i:ageGp:fam 213:2:-1 by red 901:6:-1 at gen528 Univ0 prob=0.695
AgeVaxH35.js:2202 561I j:ageGp:fam 628:4:-1 by blue 404:3:-1 at gen528 Univ0 prob=0.245
AgeVaxH35.js:2221 561I i:ageGp:fam 570:4:-1 by blue 897:6:-1 at gen528 Univ0 prob=0.553
AgeVaxH35.js:2202 563I j:ageGp:fam 585:4:-1 by blue 404:3:-1 at gen529 Univ0 prob=0.798
AgeVaxH35.js:2221 567I i:ageGp:fam 298:2:-1 by red 969:8:-1 at gen530 Univ0 prob=0.085
AgeVaxH35.js:2221 567I i:ageGp:fam 325:2:-1 by blue 995:9:-1 at gen530 Univ0 prob=0.199
AgeVaxH35.js:2221 567I i:ageGp:fam 573:4:-1 by blue 912:7:-1 at gen530 Univ0 prob=0.817
AgeVaxH35.js:2202 568I j:ageGp:fam 152:2:-1 by yellow 53:1:-1 at gen531 Univ0 prob=0.812
AgeVaxH35.js:2202 568I j:ageGp:fam 822:6:-1 by red 379:3:-1 at gen531 Univ0 prob=0.835
AgeVaxH35.js:2202 568I j:ageGp:fam 979:8:-1 by blue 431:3:-1 at gen531 Univ0 prob=0.934
AgeVaxH35.js:2221 568I i:ageGp:fam 481:3:-1 by blue 897:6:-1 at gen531 Univ0 prob=0.681
AgeVaxH35.js:2221 568I i:ageGp:fam 637:4:-1 by blue 842:6:-1 at gen531 Univ0 prob=0.803
AgeVaxH35.js:2221 571I i:ageGp:fam 135:2:-1 by blue 357:2:-1 at gen532 Univ0 prob=0.743
AgeVaxH35.js:2202 571I j:ageGp:fam 623:4:-1 by blue 620:4:-1 at gen532 Univ0 prob=0.211
AgeVaxH35.js:2221 576I i:ageGp:fam 69:1:-1 by red 658:4:-1 at gen533 Univ0 prob=0.292
AgeVaxH35.js:2202 576I j:ageGp:fam 422:3:-1 by blue 219:2:-1 at gen533 Univ0 prob=0.460
AgeVaxH35.js:2221 576I i:ageGp:fam 550:4:-1 by blue 842:6:-1 at gen533 Univ0 prob=0.492
AgeVaxH35.js:2202 578I j:ageGp:fam 354:2:-1 by blue 249:2:-1 at gen534 Univ0 prob=0.708
AgeVaxH35.js:2202 578I j:ageGp:fam 799:5:-1 by yellow 264:2:-1 at gen534 Univ0 prob=0.908
AgeVaxH35.js:2202 578I j:ageGp:fam 927:7:-1 by blue 620:4:-1 at gen534 Univ0 prob=0.942
AgeVaxH35.js:2221 581I i:ageGp:fam 318:2:-1 by blue 971:8:-1 at gen535 Univ0 prob=0.181
AgeVaxH35.js:2221 584I i:ageGp:fam 160:2:-1 by blue 703:5:-1 at gen536 Univ0 prob=0.127
AgeVaxH35.js:2221 585I i:ageGp:fam 317:2:-1 by blue 698:5:-1 at gen537 Univ0 prob=0.815
AgeVaxH35.js:2202 585I j:ageGp:fam 956:8:-1 by blue 748:5:-1 at gen537 Univ0 prob=0.950
AgeVaxH35.js:2221 586I i:ageGp:fam 77:1:-1 by yellow 318:2:-1 at gen538 Univ0 prob=0.404
AgeVaxH35.js:2221 586I i:ageGp:fam 774:5:-1 by blue 897:6:-1 at gen538 Univ0 prob=0.631
AgeVaxH35.js:2221 588I i:ageGp:fam 102:1:-1 by blue 809:5:-1 at gen539 Univ0 prob=0.297
AgeVaxH35.js:2202 588I j:ageGp:fam 351:2:-1 by blue 219:2:-1 at gen539 Univ0 prob=0.058
AgeVaxH35.js:2221 588I i:ageGp:fam 258:2:-1 by blue 912:7:-1 at gen539 Univ0 prob=0.634
AgeVaxH35.js:2202 588I j:ageGp:fam 326:2:-1 by blue 316:2:-1 at gen539 Univ0 prob=0.969
AgeVaxH35.js:2202 588I j:ageGp:fam 423:3:-1 by yellow 318:2:-1 at gen539 Univ0 prob=0.846
AgeVaxH35.js:2221 590I i:ageGp:fam 72:1:-1 by blue 620:4:-1 at gen540 Univ0 prob=0.229
AgeVaxH35.js:2221 590I i:ageGp:fam 248:2:-1 by blue 375:3:-1 at gen540 Univ0 prob=0.993
AgeVaxH35.js:2202 590I j:ageGp:fam 947:7:-1 by red 337:2:-1 at gen540 Univ0 prob=0.765
AgeVaxH35.js:2221 590I i:ageGp:fam 391:3:-1 by blue 995:9:-1 at gen540 Univ0 prob=0.007
AgeVaxH35.js:2221 590I i:ageGp:fam 591:4:-1 by yellow 774:5:-1 at gen540 Univ0 prob=0.221
AgeVaxH35.js:2221 595I i:ageGp:fam 397:3:-1 by blue 431:3:-1 at gen541 Univ0 prob=0.629
AgeVaxH35.js:2221 595I i:ageGp:fam 586:4:-1 by blue 971:8:-1 at gen541 Univ0 prob=0.503
AgeVaxH35.js:2202 595I j:ageGp:fam 923:7:-1 by blue 615:4:-1 at gen541 Univ0 prob=0.752
AgeVaxH35.js:2221 600I i:ageGp:fam 873:6:-1 by red 897:6:-1 at gen542 Univ0 prob=0.958
AgeVaxH35.js:2202 604I j:ageGp:fam 504:3:-1 by blue 375:3:-1 at gen545 Univ0 prob=0.936
AgeVaxH35.js:2202 604I j:ageGp:fam 878:6:-1 by red 646:4:-1 at gen545 Univ0 prob=0.509
AgeVaxH35.js:2221 604I i:ageGp:fam 74:1:-1 by red 901:6:-1 at gen546 Univ0 prob=0.716
AgeVaxH35.js:2221 607I i:ageGp:fam 109:1:-1 by red 842:6:-1 at gen548 Univ0 prob=0.917
AgeVaxH35.js:2221 607I i:ageGp:fam 311:2:-1 by yellow 873:6:-1 at gen548 Univ0 prob=0.912
AgeVaxH35.js:2202 607I j:ageGp:fam 488:3:-1 by blue 136:2:-1 at gen549 Univ0 prob=0.528
AgeVaxH35.js:2221 610I i:ageGp:fam 388:3:-1 by red 721:5:-1 at gen551 Univ0 prob=0.919
AgeVaxH35.js:2221 610I i:ageGp:fam 85:1:-1 by blue 995:9:-1 at gen552 Univ0 prob=0.642
AgeVaxH35.js:2202 612I j:ageGp:fam 539:3:-1 by red 22:0:-1 at gen554 Univ0 prob=0.912
AgeVaxH35.js:2202 612I j:ageGp:fam 75:1:-1 by red 43:1:-1 at gen555 Univ0 prob=0.766
AgeVaxH35.js:2221 612I i:ageGp:fam 579:4:-1 by blue 704:5:-1 at gen555 Univ0 prob=0.069
AgeVaxH35.js:2221 613I i:ageGp:fam 1:0:-1 by red 529:3:-1 at gen556 Univ0 prob=0.716
AgeVaxH35.js:2221 613I i:ageGp:fam 93:1:-1 by blue 566:4:-1 at gen556 Univ0 prob=0.191
AgeVaxH35.js:2202 615I j:ageGp:fam 557:4:-1 by blue 13:0:-1 at gen557 Univ0 prob=0.982
AgeVaxH35.js:2221 615I i:ageGp:fam 49:1:-1 by blue 583:4:-1 at gen557 Univ0 prob=0.057
AgeVaxH35.js:2221 617I i:ageGp:fam 226:2:-1 by blue 995:9:-1 at gen558 Univ0 prob=0.252
AgeVaxH35.js:2221 619I i:ageGp:fam 576:4:-1 by red 988:9:-1 at gen559 Univ0 prob=0.771
AgeVaxH35.js:2202 620I j:ageGp:fam 712:5:-1 by blue 583:4:-1 at gen560 Univ0 prob=0.267
AgeVaxH35.js:2221 620I i:ageGp:fam 919:7:-1 by blue 971:8:-1 at gen560 Univ0 prob=0.888
AgeVaxH35.js:2202 623I j:ageGp:fam 475:3:-1 by blue 110:1:-1 at gen562 Univ0 prob=0.194
AgeVaxH35.js:2202 623I j:ageGp:fam 510:3:-1 by yellow 160:2:-1 at gen562 Univ0 prob=0.754
AgeVaxH35.js:2221 623I i:ageGp:fam 190:2:-1 by red 836:6:-1 at gen562 Univ0 prob=0.097
AgeVaxH35.js:2221 623I i:ageGp:fam 537:3:-1 by red 731:5:-1 at gen562 Univ0 prob=0.885
AgeVaxH35.js:2221 623I i:ageGp:fam 68:1:-1 by blue 816:5:-1 at gen563 Univ0 prob=0.673
AgeVaxH35.js:2202 623I j:ageGp:fam 461:3:-1 by blue 110:1:-1 at gen563 Univ0 prob=0.545
AgeVaxH35.js:2221 623I i:ageGp:fam 636:4:-1 by blue 862:6:-1 at gen563 Univ0 prob=0.716
AgeVaxH35.js:2202 627I j:ageGp:fam 394:3:-1 by yellow 68:1:-1 at gen564 Univ0 prob=0.561
AgeVaxH35.js:2202 627I j:ageGp:fam 592:4:-1 by red 250:2:-1 at gen564 Univ0 prob=0.246
AgeVaxH35.js:2221 627I i:ageGp:fam 394:3:-1 by blue 816:5:-1 at gen564 Univ0 prob=0.238
AgeVaxH35.js:2202 632I j:ageGp:fam 214:2:-1 by blue 146:2:-1 at gen566 Univ0 prob=0.779
AgeVaxH35.js:2221 632I i:ageGp:fam 365:3:-1 by red 842:6:-1 at gen566 Univ0 prob=0.750
AgeVaxH35.js:2202 632I j:ageGp:fam 713:5:-1 by blue 509:3:-1 at gen566 Univ0 prob=0.037
AgeVaxH35.js:2221 632I i:ageGp:fam 673:4:-1 by blue 971:8:-1 at gen566 Univ0 prob=0.966
AgeVaxH35.js:2202 632I j:ageGp:fam 348:2:-1 by blue 267:2:-1 at gen567 Univ0 prob=0.769
AgeVaxH35.js:2221 632I i:ageGp:fam 279:2:-1 by red 404:3:-1 at gen567 Univ0 prob=0.249
AgeVaxH35.js:2202 636I j:ageGp:fam 624:4:-1 by red 22:0:-1 at gen568 Univ0 prob=0.362
AgeVaxH35.js:2221 636I i:ageGp:fam 385:3:-1 by blue 971:8:-1 at gen568 Univ0 prob=0.802
AgeVaxH35.js:2221 638I i:ageGp:fam 120:1:-1 by blue 816:5:-1 at gen569 Univ0 prob=0.779
AgeVaxH35.js:2202 638I j:ageGp:fam 908:7:-1 by red 648:4:-1 at gen569 Univ0 prob=0.915
AgeVaxH35.js:2221 638I i:ageGp:fam 669:4:-1 by red 971:8:-1 at gen569 Univ0 prob=0.462
AgeVaxH35.js:2221 640I i:ageGp:fam 276:2:-1 by red 593:4:-1 at gen570 Univ0 prob=0.188
AgeVaxH35.js:2202 640I j:ageGp:fam 685:4:-1 by red 382:3:-1 at gen570 Univ0 prob=0.074
AgeVaxH35.js:2221 643I i:ageGp:fam 116:1:-1 by yellow 207:2:-1 at gen571 Univ0 prob=0.803
AgeVaxH35.js:2202 643I j:ageGp:fam 517:3:-1 by yellow 385:3:-1 at gen571 Univ0 prob=0.555
AgeVaxH35.js:2221 643I i:ageGp:fam 419:3:-1 by red 716:5:-1 at gen571 Univ0 prob=0.165
AgeVaxH35.js:2221 645I i:ageGp:fam 92:1:-1 by yellow 394:3:-1 at gen572 Univ0 prob=0.770
AgeVaxH35.js:2221 645I i:ageGp:fam 163:2:-1 by yellow 365:3:-1 at gen572 Univ0 prob=0.494
AgeVaxH35.js:2202 645I j:ageGp:fam 638:4:-1 by blue 202:2:-1 at gen572 Univ0 prob=0.417
AgeVaxH35.js:2202 648I j:ageGp:fam 730:5:-1 by yellow 248:2:-1 at gen573 Univ0 prob=0.776
AgeVaxH35.js:2202 651I j:ageGp:fam 447:3:-1 by blue 264:2:-1 at gen574 Univ0 prob=0.044
AgeVaxH35.js:2202 651I j:ageGp:fam 601:4:-1 by red 583:4:-1 at gen574 Univ0 prob=0.635
AgeVaxH35.js:2221 651I i:ageGp:fam 682:4:-1 by blue 704:5:-1 at gen574 Univ0 prob=0.090
AgeVaxH35.js:2221 651I i:ageGp:fam 717:5:-1 by red 912:7:-1 at gen574 Univ0 prob=0.699
AgeVaxH35.js:2202 652I j:ageGp:fam 542:4:-1 by blue 457:3:-1 at gen575 Univ0 prob=0.104
AgeVaxH35.js:2221 652I i:ageGp:fam 722:5:-1 by red 826:6:-1 at gen575 Univ0 prob=0.274
AgeVaxH35.js:2221 656I i:ageGp:fam 24:0:-1 by yellow 429:3:-1 at gen576 Univ0 prob=0.525
AgeVaxH35.js:2221 656I i:ageGp:fam 28:0:-1 by blue 110:1:-1 at gen576 Univ0 prob=0.036
AgeVaxH35.js:2202 658I j:ageGp:fam 690:5:-1 by blue 123:1:-1 at gen577 Univ0 prob=0.152
AgeVaxH35.js:2202 658I j:ageGp:fam 587:4:-1 by yellow 248:2:-1 at gen577 Univ0 prob=0.988
AgeVaxH35.js:2202 658I j:ageGp:fam 825:6:-1 by red 746:5:-1 at gen577 Univ0 prob=0.222
AgeVaxH35.js:2202 660I j:ageGp:fam 416:3:-1 by blue 316:2:-1 at gen578 Univ0 prob=0.252
AgeVaxH35.js:2221 663I i:ageGp:fam 499:3:-1 by blue 846:6:-1 at gen579 Univ0 prob=0.520
AgeVaxH35.js:2221 664I i:ageGp:fam 107:1:-1 by blue 509:3:-1 at gen580 Univ0 prob=0.810
AgeVaxH35.js:2221 664I i:ageGp:fam 596:4:-1 by red 700:5:-1 at gen580 Univ0 prob=0.103
AgeVaxH35.js:2221 665I i:ageGp:fam 27:0:-1 by blue 203:2:-1 at gen581 Univ0 prob=0.462
AgeVaxH35.js:2221 665I i:ageGp:fam 33:0:-1 by red 543:4:-1 at gen581 Univ0 prob=0.067
AgeVaxH35.js:2202 665I j:ageGp:fam 828:6:-1 by red 250:2:-1 at gen581 Univ0 prob=0.829
AgeVaxH35.js:2221 665I i:ageGp:fam 474:3:-1 by yellow 591:4:-1 at gen581 Univ0 prob=0.791
AgeVaxH35.js:2202 667I j:ageGp:fam 191:2:-1 by yellow 27:0:-1 at gen582 Univ0 prob=0.840
AgeVaxH35.js:2221 667I i:ageGp:fam 76:1:-1 by red 543:4:-1 at gen582 Univ0 prob=0.775
AgeVaxH35.js:2221 667I i:ageGp:fam 465:3:-1 by red 593:4:-1 at gen582 Univ0 prob=0.048
AgeVaxH35.js:2202 667I j:ageGp:fam 653:4:-1 by blue 490:3:-1 at gen582 Univ0 prob=0.039
AgeVaxH35.js:2202 675I j:ageGp:fam 821:6:-1 by red 404:3:-1 at gen584 Univ0 prob=0.907
AgeVaxH35.js:2202 675I j:ageGp:fam 778:5:-1 by blue 189:2:-1 at gen585 Univ0 prob=0.144
AgeVaxH35.js:2202 675I j:ageGp:fam 526:3:-1 by red 249:2:-1 at gen585 Univ0 prob=0.979
AgeVaxH35.js:2202 675I j:ageGp:fam 802:5:-1 by red 250:2:-1 at gen585 Univ0 prob=0.625
AgeVaxH35.js:2221 675I i:ageGp:fam 360:3:-1 by red 404:3:-1 at gen585 Univ0 prob=0.895
AgeVaxH35.js:2221 676I i:ageGp:fam 321:2:-1 by red 912:7:-1 at gen586 Univ0 prob=0.118
AgeVaxH35.js:2202 676I j:ageGp:fam 968:8:-1 by red 357:2:-1 at gen586 Univ0 prob=0.939
AgeVaxH35.js:2202 680I j:ageGp:fam 410:3:-1 by yellow 27:0:-1 at gen587 Univ0 prob=0.937
AgeVaxH35.js:2221 680I i:ageGp:fam 82:1:-1 by blue 317:2:-1 at gen587 Univ0 prob=0.307
AgeVaxH35.js:2221 680I i:ageGp:fam 90:1:-1 by red 242:2:-1 at gen587 Univ0 prob=0.827
AgeVaxH35.js:2202 682I j:ageGp:fam 563:4:-1 by blue 490:3:-1 at gen588 Univ0 prob=0.105
AgeVaxH35.js:2202 685I j:ageGp:fam 977:8:-1 by red 45:1:-1 at gen589 Univ0 prob=0.998
AgeVaxH35.js:2202 685I j:ageGp:fam 630:4:-1 by yellow 360:3:-1 at gen589 Univ0 prob=0.738
AgeVaxH35.js:2221 685I i:ageGp:fam 521:3:-1 by blue 816:5:-1 at gen589 Univ0 prob=0.668
AgeVaxH35.js:2202 686I j:ageGp:fam 772:5:-1 by red 249:2:-1 at gen590 Univ0 prob=0.036
AgeVaxH35.js:2221 686I i:ageGp:fam 340:2:-1 by red 404:3:-1 at gen590 Univ0 prob=0.829
AgeVaxH35.js:2221 686I i:ageGp:fam 531:3:-1 by blue 849:6:-1 at gen590 Univ0 prob=0.919
AgeVaxH35.js:2202 692I j:ageGp:fam 473:3:-1 by blue 204:2:-1 at gen592 Univ0 prob=0.805
AgeVaxH35.js:2202 692I j:ageGp:fam 644:4:-1 by blue 429:3:-1 at gen593 Univ0 prob=0.723
AgeVaxH35.js:2202 693I j:ageGp:fam 677:4:-1 by red 493:3:-1 at gen594 Univ0 prob=0.975
AgeVaxH35.js:2202 694I j:ageGp:fam 750:5:-1 by yellow 521:3:-1 at gen595 Univ0 prob=0.063
AgeVaxH35.js:2202 694I j:ageGp:fam 973:8:-1 by red 912:7:-1 at gen595 Univ0 prob=0.872
AgeVaxH35.js:2221 695I i:ageGp:fam 2:0:-1 by red 189:2:-1 at gen596 Univ0 prob=0.705
AgeVaxH35.js:2202 695I j:ageGp:fam 855:6:-1 by red 472:3:-1 at gen596 Univ0 prob=0.905
AgeVaxH35.js:2221 695I i:ageGp:fam 880:6:-1 by yellow 908:7:-1 at gen596 Univ0 prob=0.712
AgeVaxH35.js:2221 697I i:ageGp:fam 251:2:-1 by blue 654:4:-1 at gen597 Univ0 prob=0.607
AgeVaxH35.js:2221 700I i:ageGp:fam 30:0:-1 by blue 295:2:-1 at gen598 Univ0 prob=0.810
AgeVaxH35.js:2202 700I j:ageGp:fam 452:3:-1 by yellow 214:2:-1 at gen598 Univ0 prob=0.566
AgeVaxH35.js:2202 700I j:ageGp:fam 645:4:-1 by blue 295:2:-1 at gen598 Univ0 prob=0.975
AgeVaxH35.js:2202 701I j:ageGp:fam 479:3:-1 by red 401:3:-1 at gen599 Univ0 prob=0.420
AgeVaxH35.js:2221 704I i:ageGp:fam 124:1:-1 by blue 816:5:-1 at gen600 Univ0 prob=0.774
AgeVaxH35.js:2221 705I i:ageGp:fam 352:2:-1 by blue 628:4:-1 at gen601 Univ0 prob=0.882
AgeVaxH35.js:2202 705I j:ageGp:fam 460:3:-1 by blue 429:3:-1 at gen601 Univ0 prob=0.005
AgeVaxH35.js:2221 705I i:ageGp:fam 668:4:-1 by blue 816:5:-1 at gen601 Univ0 prob=0.389
AgeVaxH35.js:2221 706I i:ageGp:fam 19:0:-1 by blue 585:4:-1 at gen602 Univ0 prob=0.960
AgeVaxH35.js:2221 706I i:ageGp:fam 88:1:-1 by blue 490:3:-1 at gen602 Univ0 prob=0.200
AgeVaxH35.js:2221 706I i:ageGp:fam 154:2:-1 by blue 914:7:-1 at gen602 Univ0 prob=0.534
AgeVaxH35.js:2202 709I j:ageGp:fam 688:4:-1 by red 566:4:-1 at gen603 Univ0 prob=0.646
AgeVaxH35.js:2202 713I j:ageGp:fam 562:4:-1 by blue 331:2:-1 at gen605 Univ0 prob=0.727
AgeVaxH35.js:2202 713I j:ageGp:fam 629:4:-1 by blue 539:3:-1 at gen605 Univ0 prob=0.918
AgeVaxH35.js:2221 713I i:ageGp:fam 629:4:-1 by blue 704:5:-1 at gen605 Univ0 prob=0.730
AgeVaxH35.js:2202 713I j:ageGp:fam 555:4:-1 by blue 55:1:-1 at gen606 Univ0 prob=0.019
AgeVaxH35.js:2221 715I i:ageGp:fam 114:1:-1 by blue 573:4:-1 at gen607 Univ0 prob=0.780
AgeVaxH35.js:2202 716I j:ageGp:fam 289:2:-1 by blue 227:2:-1 at gen608 Univ0 prob=0.480
AgeVaxH35.js:2221 718I i:ageGp:fam 366:3:-1 by red 382:3:-1 at gen610 Univ0 prob=0.315
AgeVaxH35.js:2202 718I j:ageGp:fam 738:5:-1 by blue 77:1:-1 at gen611 Univ0 prob=0.998
AgeVaxH35.js:2221 718I i:ageGp:fam 119:1:-1 by blue 816:5:-1 at gen611 Univ0 prob=0.353
AgeVaxH35.js:2221 718I i:ageGp:fam 241:2:-1 by blue 643:4:-1 at gen611 Univ0 prob=0.529
AgeVaxH35.js:2221 719I i:ageGp:fam 46:1:-1 by blue 102:1:-1 at gen612 Univ0 prob=0.657
AgeVaxH35.js:2202 719I j:ageGp:fam 807:5:-1 by blue 159:2:-1 at gen612 Univ0 prob=0.444
AgeVaxH35.js:2221 719I i:ageGp:fam 173:2:-1 by blue 391:3:-1 at gen612 Univ0 prob=0.820
AgeVaxH35.js:2221 722I i:ageGp:fam 294:2:-1 by red 431:3:-1 at gen613 Univ0 prob=0.077
AgeVaxH35.js:2202 722I j:ageGp:fam 699:5:-1 by blue 557:4:-1 at gen613 Univ0 prob=0.625
AgeVaxH35.js:2221 725I i:ageGp:fam 180:2:-1 by blue 248:2:-1 at gen614 Univ0 prob=0.822
AgeVaxH35.js:2202 725I j:ageGp:fam 362:3:-1 by blue 248:2:-1 at gen614 Univ0 prob=0.280
AgeVaxH35.js:2202 725I j:ageGp:fam 588:4:-1 by yellow 360:3:-1 at gen614 Univ0 prob=0.685
AgeVaxH35.js:2202 727I j:ageGp:fam 614:4:-1 by red 270:2:-1 at gen615 Univ0 prob=0.599
AgeVaxH35.js:2221 727I i:ageGp:fam 398:3:-1 by red 493:3:-1 at gen615 Univ0 prob=0.721
AgeVaxH35.js:2202 732I j:ageGp:fam 608:4:-1 by blue 298:2:-1 at gen617 Univ0 prob=0.233
AgeVaxH35.js:2202 733I j:ageGp:fam 148:2:-1 by blue 74:1:-1 at gen619 Univ0 prob=0.809
AgeVaxH35.js:2221 733I i:ageGp:fam 232:2:-1 by blue 873:6:-1 at gen619 Univ0 prob=0.201
AgeVaxH35.js:2202 733I j:ageGp:fam 445:3:-1 by blue 318:2:-1 at gen619 Univ0 prob=0.618
AgeVaxH35.js:2221 733I i:ageGp:fam 341:2:-1 by red 490:3:-1 at gen620 Univ0 prob=0.952
AgeVaxH35.js:2221 736I i:ageGp:fam 34:0:-1 by red 940:7:-1 at gen621 Univ0 prob=0.521
AgeVaxH35.js:2202 737I j:ageGp:fam 155:2:-1 by blue 93:1:-1 at gen622 Univ0 prob=0.346
AgeVaxH35.js:2221 737I i:ageGp:fam 278:2:-1 by blue 348:2:-1 at gen622 Univ0 prob=0.728
AgeVaxH35.js:2221 737I i:ageGp:fam 652:4:-1 by red 912:7:-1 at gen622 Univ0 prob=0.855
AgeVaxH35.js:2221 741I i:ageGp:fam 489:3:-1 by red 816:5:-1 at gen624 Univ0 prob=0.420
AgeVaxH35.js:2221 742I i:ageGp:fam 396:3:-1 by red 971:8:-1 at gen626 Univ0 prob=0.095
AgeVaxH35.js:2202 742I j:ageGp:fam 918:7:-1 by blue 429:3:-1 at gen626 Univ0 prob=0.923
AgeVaxH35.js:2221 742I i:ageGp:fam 132:2:-1 by blue 550:4:-1 at gen627 Univ0 prob=0.516
AgeVaxH35.js:2202 742I j:ageGp:fam 426:3:-1 by blue 391:3:-1 at gen627 Univ0 prob=0.162
AgeVaxH35.js:2221 742I i:ageGp:fam 491:3:-1 by red 849:6:-1 at gen627 Univ0 prob=0.939
AgeVaxH35.js:2221 742I i:ageGp:fam 702:5:-1 by red 912:7:-1 at gen627 Univ0 prob=0.182
AgeVaxH35.js:2221 744I i:ageGp:fam 468:3:-1 by red 995:9:-1 at gen628 Univ0 prob=0.347
AgeVaxH35.js:2202 748I j:ageGp:fam 169:2:-1 by blue 93:1:-1 at gen629 Univ0 prob=0.877
AgeVaxH35.js:2221 750I i:ageGp:fam 16:0:-1 by red 502:3:-1 at gen633 Univ0 prob=0.895
AgeVaxH35.js:2202 750I j:ageGp:fam 442:3:-1 by blue 123:1:-1 at gen633 Univ0 prob=0.482
AgeVaxH35.js:2202 752I j:ageGp:fam 792:5:-1 by blue 653:4:-1 at gen636 Univ0 prob=0.327
AgeVaxH35.js:2221 752I i:ageGp:fam 101:1:-1 by blue 391:3:-1 at gen637 Univ0 prob=0.860
AgeVaxH35.js:2202 753I j:ageGp:fam 257:2:-1 by blue 222:2:-1 at gen638 Univ0 prob=0.176
AgeVaxH35.js:2221 754I i:ageGp:fam 17:0:-1 by blue 77:1:-1 at gen639 Univ0 prob=0.577
AgeVaxH35.js:2202 754I j:ageGp:fam 818:5:-1 by yellow 30:0:-1 at gen639 Univ0 prob=0.017
AgeVaxH35.js:2202 754I j:ageGp:fam 990:9:-1 by red 73:1:-1 at gen639 Univ0 prob=0.955
AgeVaxH35.js:2202 754I j:ageGp:fam 269:2:-1 by red 267:2:-1 at gen639 Univ0 prob=0.675
AgeVaxH35.js:2221 754I i:ageGp:fam 634:4:-1 by blue 717:5:-1 at gen639 Univ0 prob=0.346
AgeVaxH35.js:2221 755I i:ageGp:fam 697:5:-1 by red 995:9:-1 at gen640 Univ0 prob=0.110
AgeVaxH35.js:2221 760I i:ageGp:fam 247:2:-1 by blue 354:2:-1 at gen641 Univ0 prob=0.047
AgeVaxH35.js:2202 761I j:ageGp:fam 621:4:-1 by blue 49:1:-1 at gen642 Univ0 prob=0.591
AgeVaxH35.js:2221 761I i:ageGp:fam 498:3:-1 by red 940:7:-1 at gen642 Univ0 prob=0.044
AgeVaxH35.js:2202 762I j:ageGp:fam 695:5:-1 by blue 623:4:-1 at gen643 Univ0 prob=0.679
AgeVaxH35.js:2202 764I j:ageGp:fam 808:5:-1 by blue 774:5:-1 at gen644 Univ0 prob=0.798
AgeVaxH35.js:2221 764I i:ageGp:fam 776:5:-1 by red 995:9:-1 at gen644 Univ0 prob=0.310
AgeVaxH35.js:2221 764I i:ageGp:fam 791:5:-1 by yellow 973:8:-1 at gen644 Univ0 prob=0.452
AgeVaxH35.js:2202 764I j:ageGp:fam 946:7:-1 by red 904:7:-1 at gen644 Univ0 prob=0.886
AgeVaxH35.js:2221 765I i:ageGp:fam 41:1:-1 by blue 258:2:-1 at gen645 Univ0 prob=0.264
AgeVaxH35.js:2202 765I j:ageGp:fam 149:2:-1 by blue 120:1:-1 at gen645 Univ0 prob=0.782
AgeVaxH35.js:2221 765I i:ageGp:fam 122:1:-1 by blue 394:3:-1 at gen645 Univ0 prob=0.823
AgeVaxH35.js:2202 765I j:ageGp:fam 363:3:-1 by blue 190:2:-1 at gen645 Univ0 prob=0.976
AgeVaxH35.js:2221 769I i:ageGp:fam 145:2:-1 by blue 682:4:-1 at gen646 Univ0 prob=0.034
AgeVaxH35.js:2202 769I j:ageGp:fam 581:4:-1 by blue 348:2:-1 at gen646 Univ0 prob=0.571
AgeVaxH35.js:2221 769I i:ageGp:fam 359:3:-1 by red 493:3:-1 at gen646 Univ0 prob=0.628
AgeVaxH35.js:2202 769I j:ageGp:fam 810:5:-1 by blue 531:3:-1 at gen646 Univ0 prob=0.677
AgeVaxH35.js:2202 773I j:ageGp:fam 844:6:-1 by blue 190:2:-1 at gen647 Univ0 prob=0.744
AgeVaxH35.js:2221 773I i:ageGp:fam 511:3:-1 by blue 979:8:-1 at gen647 Univ0 prob=0.444
AgeVaxH35.js:2221 777I i:ageGp:fam 178:2:-1 by blue 190:2:-1 at gen648 Univ0 prob=0.745
AgeVaxH35.js:2202 777I j:ageGp:fam 377:3:-1 by blue 279:2:-1 at gen648 Univ0 prob=0.154
AgeVaxH35.js:2202 777I j:ageGp:fam 861:6:-1 by blue 591:4:-1 at gen648 Univ0 prob=0.861
AgeVaxH35.js:2221 782I i:ageGp:fam 26:0:-1 by blue 481:3:-1 at gen651 Univ0 prob=0.307
AgeVaxH35.js:2221 782I i:ageGp:fam 58:1:-1 by blue 772:5:-1 at gen651 Univ0 prob=0.311
AgeVaxH35.js:2202 782I j:ageGp:fam 937:7:-1 by blue 587:4:-1 at gen651 Univ0 prob=0.876
AgeVaxH35.js:2221 785I i:ageGp:fam 11:0:-1 by yellow 178:2:-1 at gen653 Univ0 prob=0.601
AgeVaxH35.js:2221 785I i:ageGp:fam 221:2:-1 by yellow 776:5:-1 at gen654 Univ0 prob=0.130
AgeVaxH35.js:2202 786I j:ageGp:fam 399:3:-1 by blue 258:2:-1 at gen655 Univ0 prob=0.639
AgeVaxH35.js:2221 786I i:ageGp:fam 631:4:-1 by blue 645:4:-1 at gen655 Univ0 prob=0.838
AgeVaxH35.js:2202 787I j:ageGp:fam 424:3:-1 by red 13:0:-1 at gen656 Univ0 prob=0.680
AgeVaxH35.js:2202 787I j:ageGp:fam 619:4:-1 by blue 191:2:-1 at gen656 Univ0 prob=0.075
AgeVaxH35.js:2202 789I j:ageGp:fam 471:3:-1 by blue 114:1:-1 at gen657 Univ0 prob=0.475
AgeVaxH35.js:2221 792I i:ageGp:fam 118:1:-1 by blue 504:3:-1 at gen659 Univ0 prob=0.121
AgeVaxH35.js:2221 792I i:ageGp:fam 381:3:-1 by red 923:7:-1 at gen659 Univ0 prob=0.466
AgeVaxH35.js:2221 792I i:ageGp:fam 540:3:-1 by red 573:4:-1 at gen660 Univ0 prob=0.831
AgeVaxH35.js:2221 794I i:ageGp:fam 315:2:-1 by red 591:4:-1 at gen661 Univ0 prob=0.939
AgeVaxH35.js:2202 794I j:ageGp:fam 864:6:-1 by blue 321:2:-1 at gen661 Univ0 prob=0.910
AgeVaxH35.js:2202 794I j:ageGp:fam 796:5:-1 by blue 717:5:-1 at gen661 Univ0 prob=0.544
AgeVaxH35.js:2202 798I j:ageGp:fam 666:4:-1 by red 73:1:-1 at gen663 Univ0 prob=0.979
AgeVaxH35.js:2202 798I j:ageGp:fam 571:4:-1 by blue 410:3:-1 at gen664 Univ0 prob=0.413
AgeVaxH35.js:2221 799I i:ageGp:fam 296:2:-1 by red 889:6:-1 at gen665 Univ0 prob=0.884
AgeVaxH35.js:2202 799I j:ageGp:fam 926:7:-1 by yellow 702:5:-1 at gen665 Univ0 prob=0.975
AgeVaxH35.js:2202 799I j:ageGp:fam 926:7:-1 by blue 717:5:-1 at gen665 Univ0 prob=0.927
AgeVaxH35.js:2221 799I i:ageGp:fam 863:6:-1 by red 979:8:-1 at gen665 Univ0 prob=0.996
AgeVaxH35.js:2221 803I i:ageGp:fam 31:0:-1 by blue 124:1:-1 at gen669 Univ0 prob=0.390
AgeVaxH35.js:2221 803I i:ageGp:fam 78:1:-1 by blue 517:3:-1 at gen670 Univ0 prob=0.941
AgeVaxH35.js:2202 803I j:ageGp:fam 728:5:-1 by blue 416:3:-1 at gen670 Univ0 prob=0.683
AgeVaxH35.js:2221 806I i:ageGp:fam 322:2:-1 by blue 722:5:-1 at gen672 Univ0 prob=0.510
AgeVaxH35.js:2221 806I i:ageGp:fam 156:2:-1 by blue 180:2:-1 at gen673 Univ0 prob=0.996
AgeVaxH35.js:2202 806I j:ageGp:fam 747:5:-1 by blue 531:3:-1 at gen673 Univ0 prob=0.804
AgeVaxH35.js:2221 807I i:ageGp:fam 265:2:-1 by blue 474:3:-1 at gen674 Univ0 prob=0.284
AgeVaxH35.js:2202 807I j:ageGp:fam 950:8:-1 by blue 652:4:-1 at gen674 Univ0 prob=0.821
AgeVaxH35.js:2221 809I i:ageGp:fam 151:2:-1 by red 585:4:-1 at gen675 Univ0 prob=0.338
AgeVaxH35.js:2202 809I j:ageGp:fam 978:8:-1 by blue 531:3:-1 at gen675 Univ0 prob=0.821
AgeVaxH35.js:2221 813I i:ageGp:fam 142:2:-1 by blue 638:4:-1 at gen678 Univ0 prob=0.039
AgeVaxH35.js:2202 813I j:ageGp:fam 707:5:-1 by blue 531:3:-1 at gen679 Univ0 prob=0.843
AgeVaxH35.js:2221 815I i:ageGp:fam 21:0:-1 by blue 348:2:-1 at gen682 Univ0 prob=0.249
AgeVaxH35.js:2202 815I j:ageGp:fam 195:2:-1 by blue 114:1:-1 at gen683 Univ0 prob=0.710
AgeVaxH35.js:2202 815I j:ageGp:fam 421:3:-1 by red 279:2:-1 at gen683 Univ0 prob=0.311
AgeVaxH35.js:2221 816I i:ageGp:fam 304:2:-1 by blue 807:5:-1 at gen684 Univ0 prob=0.053
AgeVaxH35.js:2221 819I i:ageGp:fam 97:1:-1 by blue 348:2:-1 at gen686 Univ0 prob=0.063
AgeVaxH35.js:2202 820I j:ageGp:fam 622:4:-1 by yellow 11:0:-1 at gen690 Univ0 prob=0.275
AgeVaxH35.js:2221 820I i:ageGp:fam 48:1:-1 by blue 474:3:-1 at gen691 Univ0 prob=0.736
AgeVaxH35.js:2202 820I j:ageGp:fam 952:8:-1 by blue 232:2:-1 at gen691 Univ0 prob=0.982
AgeVaxH35.js:2202 820I j:ageGp:fam 763:5:-1 by blue 750:5:-1 at gen691 Univ0 prob=0.148
AgeVaxH35.js:2221 824I i:ageGp:fam 546:4:-1 by blue 588:4:-1 at gen693 Univ0 prob=0.969
AgeVaxH35.js:2202 824I j:ageGp:fam 309:2:-1 by yellow 48:1:-1 at gen694 Univ0 prob=0.419
AgeVaxH35.js:2221 824I i:ageGp:fam 263:2:-1 by blue 652:4:-1 at gen694 Univ0 prob=0.772
AgeVaxH35.js:2221 825I i:ageGp:fam 176:2:-1 by blue 460:3:-1 at gen695 Univ0 prob=0.825
AgeVaxH35.js:2221 828I i:ageGp:fam 84:1:-1 by red 601:4:-1 at gen697 Univ0 prob=0.895
AgeVaxH35.js:2202 828I j:ageGp:fam 762:5:-1 by red 717:5:-1 at gen697 Univ0 prob=0.769
AgeVaxH35.js:2202 828I j:ageGp:fam 874:6:-1 by red 419:3:-1 at gen698 Univ0 prob=0.011
AgeVaxH35.js:2202 828I j:ageGp:fam 765:5:-1 by red 601:4:-1 at gen698 Univ0 prob=0.002
AgeVaxH35.js:2202 828I j:ageGp:fam 886:6:-1 by blue 844:6:-1 at gen698 Univ0 prob=0.468
AgeVaxH35.js:2202 830I j:ageGp:fam 261:2:-1 by blue 46:1:-1 at gen699 Univ0 prob=0.186
AgeVaxH35.js:2202 833I j:ageGp:fam 775:5:-1 by blue 426:3:-1 at gen700 Univ0 prob=0.689
AgeVaxH35.js:2221 834I i:ageGp:fam 59:1:-1 by red 351:2:-1 at gen701 Univ0 prob=0.752
AgeVaxH35.js:2202 836I j:ageGp:fam 701:5:-1 by red 85:1:-1 at gen704 Univ0 prob=0.301
AgeVaxH35.js:2202 836I j:ageGp:fam 292:2:-1 by red 207:2:-1 at gen704 Univ0 prob=0.048
AgeVaxH35.js:2221 836I i:ageGp:fam 292:2:-1 by red 416:3:-1 at gen704 Univ0 prob=0.601
AgeVaxH35.js:2202 836I j:ageGp:fam 883:6:-1 by blue 341:2:-1 at gen705 Univ0 prob=0.460
AgeVaxH35.js:2221 836I i:ageGp:fam 564:4:-1 by yellow 631:4:-1 at gen705 Univ0 prob=0.692
AgeVaxH35.js:2221 838I i:ageGp:fam 235:2:-1 by blue 426:3:-1 at gen706 Univ0 prob=0.107
AgeVaxH35.js:2202 838I j:ageGp:fam 561:4:-1 by red 475:3:-1 at gen706 Univ0 prob=0.431
AgeVaxH35.js:2202 840I j:ageGp:fam 761:5:-1 by red 717:5:-1 at gen707 Univ0 prob=0.393
AgeVaxH35.js:2202 843I j:ageGp:fam 238:2:-1 by blue 221:2:-1 at gen710 Univ0 prob=0.263
AgeVaxH35.js:2221 843I i:ageGp:fam 319:2:-1 by red 537:3:-1 at gen710 Univ0 prob=0.038
AgeVaxH35.js:2221 843I i:ageGp:fam 29:0:-1 by blue 426:3:-1 at gen711 Univ0 prob=0.179
AgeVaxH35.js:2202 845I j:ageGp:fam 260:2:-1 by blue 114:1:-1 at gen712 Univ0 prob=0.359
AgeVaxH35.js:2202 845I j:ageGp:fam 536:3:-1 by blue 359:3:-1 at gen712 Univ0 prob=0.887
AgeVaxH35.js:2202 845I j:ageGp:fam 744:5:-1 by blue 697:5:-1 at gen712 Univ0 prob=0.338
AgeVaxH35.js:2221 846I i:ageGp:fam 224:2:-1 by yellow 863:6:-1 at gen713 Univ0 prob=0.895
AgeVaxH35.js:2221 850I i:ageGp:fam 483:3:-1 by red 601:4:-1 at gen715 Univ0 prob=0.779
AgeVaxH35.js:2202 850I j:ageGp:fam 906:7:-1 by blue 807:5:-1 at gen715 Univ0 prob=0.974
AgeVaxH35.js:2221 850I i:ageGp:fam 266:2:-1 by blue 807:5:-1 at gen716 Univ0 prob=0.251
AgeVaxH35.js:2221 853I i:ageGp:fam 36:0:-1 by red 537:3:-1 at gen718 Univ0 prob=0.936
AgeVaxH35.js:2221 853I i:ageGp:fam 378:3:-1 by blue 581:4:-1 at gen718 Univ0 prob=0.191
AgeVaxH35.js:2202 853I j:ageGp:fam 917:7:-1 by red 717:5:-1 at gen718 Univ0 prob=0.979
AgeVaxH35.js:2202 853I j:ageGp:fam 998:9:-1 by red 550:4:-1 at gen719 Univ0 prob=0.972
AgeVaxH35.js:2202 853I j:ageGp:fam 814:5:-1 by red 557:4:-1 at gen719 Univ0 prob=0.509
AgeVaxH35.js:2221 856I i:ageGp:fam 42:1:-1 by red 682:4:-1 at gen720 Univ0 prob=0.864
AgeVaxH35.js:2221 859I i:ageGp:fam 835:6:-1 by red 979:8:-1 at gen722 Univ0 prob=0.936
AgeVaxH35.js:2221 860I i:ageGp:fam 38:0:-1 by red 750:5:-1 at gen724 Univ0 prob=0.781
AgeVaxH35.js:2202 860I j:ageGp:fam 492:3:-1 by blue 426:3:-1 at gen725 Univ0 prob=0.388
AgeVaxH35.js:2221 860I i:ageGp:fam 459:3:-1 by yellow 835:6:-1 at gen725 Univ0 prob=0.929
​ 863I i:ageGp:fam 95:1:-1 by red 465:3:-1 at gen727 Univ0 prob=0.819
​ 863I i:ageGp:fam 143:2:-1 by blue 652:4:-1 at gen727 Univ0 prob=0.927
​ 863I j:ageGp:fam 788:5:-1 by blue 294:2:-1 at gen728 Univ0 prob=0.827
AgeVaxH35.js:2202 865I j:ageGp:fam 584:4:-1 by blue 11:0:-1 at gen729 Univ0 prob=0.937
AgeVaxH35.js:2221 865I i:ageGp:fam 743:5:-1 by yellow 886:6:-1 at gen729 Univ0 prob=0.095
AgeVaxH35.js:2221 868I i:ageGp:fam 182:2:-1 by blue 269:2:-1 at gen732 Univ0 prob=0.996
AgeVaxH35.js:2221 868I i:ageGp:fam 15:0:-1 by red 352:2:-1 at gen733 Univ0 prob=0.666
AgeVaxH35.js:2202 868I j:ageGp:fam 674:4:-1 by blue 426:3:-1 at gen733 Univ0 prob=0.575
AgeVaxH35.js:2221 868I i:ageGp:fam 724:5:-1 by blue 796:5:-1 at gen733 Univ0 prob=0.906
AgeVaxH35.js:2202 872I j:ageGp:fam 312:2:-1 by red 294:2:-1 at gen738 Univ0 prob=0.517
AgeVaxH35.js:2221 872I i:ageGp:fam 518:3:-1 by blue 792:5:-1 at gen738 Univ0 prob=0.744
AgeVaxH35.js:2202 872I j:ageGp:fam 409:3:-1 by blue 21:0:-1 at gen739 Univ0 prob=0.178
AgeVaxH35.js:2202 872I j:ageGp:fam 751:5:-1 by blue 359:3:-1 at gen739 Univ0 prob=0.706
AgeVaxH35.js:2202 872I j:ageGp:fam 547:4:-1 by blue 363:3:-1 at gen739 Univ0 prob=0.867
AgeVaxH35.js:2221 872I i:ageGp:fam 513:3:-1 by blue 697:5:-1 at gen739 Univ0 prob=0.097
AgeVaxH35.js:2202 872I j:ageGp:fam 891:6:-1 by red 807:5:-1 at gen739 Univ0 prob=0.382
AgeVaxH35.js:2202 874I j:ageGp:fam 293:2:-1 by red 190:2:-1 at gen740 Univ0 prob=0.842
AgeVaxH35.js:2221 880I i:ageGp:fam 400:3:-1 by blue 792:5:-1 at gen743 Univ0 prob=0.205
AgeVaxH35.js:2221 880I i:ageGp:fam 693:5:-1 by blue 697:5:-1 at gen743 Univ0 prob=0.472
AgeVaxH35.js:2202 880I j:ageGp:fam 905:7:-1 by blue 728:5:-1 at gen743 Univ0 prob=1.000
AgeVaxH35.js:2221 883I i:ageGp:fam 413:3:-1 by blue 792:5:-1 at gen745 Univ0 prob=0.474
AgeVaxH35.js:2202 883I j:ageGp:fam 892:6:-1 by blue 84:1:-1 at gen746 Univ0 prob=0.399
AgeVaxH35.js:2202 884I j:ageGp:fam 770:5:-1 by blue 221:2:-1 at gen747 Univ0 prob=0.768
AgeVaxH35.js:2202 884I j:ageGp:fam 705:5:-1 by yellow 400:3:-1 at gen747 Univ0 prob=0.162
AgeVaxH35.js:2202 884I j:ageGp:fam 709:5:-1 by blue 622:4:-1 at gen747 Univ0 prob=0.349
AgeVaxH35.js:2202 888I j:ageGp:fam 330:2:-1 by blue 304:2:-1 at gen749 Univ0 prob=0.259
AgeVaxH35.js:2202 888I j:ageGp:fam 516:3:-1 by red 114:1:-1 at gen750 Univ0 prob=0.868
AgeVaxH35.js:2202 890I j:ageGp:fam 373:3:-1 by yellow 42:1:-1 at gen752 Univ0 prob=0.417
AgeVaxH35.js:2202 890I j:ageGp:fam 333:2:-1 by blue 265:2:-1 at gen752 Univ0 prob=0.460
AgeVaxH35.js:2202 890I j:ageGp:fam 858:6:-1 by yellow 561:4:-1 at gen752 Univ0 prob=0.598
AgeVaxH35.js:2202 893I j:ageGp:fam 245:2:-1 by blue 84:1:-1 at gen756 Univ0 prob=0.343
AgeVaxH35.js:2221 893I i:ageGp:fam 451:3:-1 by blue 622:4:-1 at gen756 Univ0 prob=0.700
AgeVaxH35.js:2221 895I i:ageGp:fam 168:2:-1 by blue 304:2:-1 at gen758 Univ0 prob=0.540
AgeVaxH35.js:2202 895I j:ageGp:fam 339:2:-1 by yellow 319:2:-1 at gen758 Univ0 prob=0.254
AgeVaxH35.js:2221 897I i:ageGp:fam 94:1:-1 by red 269:2:-1 at gen764 Univ0 prob=0.327
AgeVaxH35.js:2221 897I i:ageGp:fam 198:2:-1 by red 601:4:-1 at gen765 Univ0 prob=0.229
AgeVaxH35.js:2202 899I j:ageGp:fam 745:5:-1 by red 294:2:-1 at gen767 Univ0 prob=0.762
AgeVaxH35.js:2202 899I j:ageGp:fam 253:2:-1 by red 178:2:-1 at gen768 Univ0 prob=0.973
AgeVaxH35.js:2221 900I i:ageGp:fam 282:2:-1 by blue 424:3:-1 at gen769 Univ0 prob=0.214
AgeVaxH35.js:2202 902I j:ageGp:fam 174:2:-1 by blue 48:1:-1 at gen774 Univ0 prob=0.706
AgeVaxH35.js:2202 902I j:ageGp:fam 572:4:-1 by blue 224:2:-1 at gen774 Univ0 prob=0.309
AgeVaxH35.js:2221 904I i:ageGp:fam 595:4:-1 by red 776:5:-1 at gen776 Univ0 prob=0.909
AgeVaxH35.js:2221 905I i:ageGp:fam 534:3:-1 by yellow 674:4:-1 at gen783 Univ0 prob=0.331
AgeVaxH35.js:2202 905I j:ageGp:fam 749:5:-1 by red 540:3:-1 at gen784 Univ0 prob=0.937
AgeVaxH35.js:2202 906I j:ageGp:fam 798:5:-1 by blue 29:0:-1 at gen785 Univ0 prob=0.381
AgeVaxH35.js:2221 908I i:ageGp:fam 133:2:-1 by blue 536:3:-1 at gen788 Univ0 prob=0.132
AgeVaxH35.js:2202 909I j:ageGp:fam 843:6:-1 by blue 266:2:-1 at gen790 Univ0 prob=0.351
AgeVaxH35.js:2202 909I j:ageGp:fam 759:5:-1 by red 132:2:-1 at gen791 Univ0 prob=0.434
AgeVaxH35.js:2202 910I j:ageGp:fam 40:1:-1 by blue 29:0:-1 at gen792 Univ0 prob=0.778
AgeVaxH35.js:2202 912I j:ageGp:fam 965:8:-1 by red 424:3:-1 at gen803 Univ0 prob=0.971
AgeVaxH35.js:2221 912I i:ageGp:fam 736:5:-1 by blue 906:7:-1 at gen803 Univ0 prob=0.060
AgeVaxH35.js:2221 914I i:ageGp:fam 47:1:-1 by blue 788:5:-1 at gen805 Univ0 prob=0.907
AgeVaxH35.js:2221 914I i:ageGp:fam 525:3:-1 by blue 674:4:-1 at gen805 Univ0 prob=0.763
AgeVaxH35.js:2221 916I i:ageGp:fam 640:4:-1 by red 702:5:-1 at gen808 Univ0 prob=0.927
AgeVaxH35.js:2221 916I i:ageGp:fam 343:2:-1 by blue 788:5:-1 at gen809 Univ0 prob=0.031
AgeVaxH35.js:2221 918I i:ageGp:fam 91:1:-1 by blue 536:3:-1 at gen812 Univ0 prob=0.835
AgeVaxH35.js:2221 918I i:ageGp:fam 185:2:-1 by red 581:4:-1 at gen812 Univ0 prob=0.436
AgeVaxH35.js:2221 920I i:ageGp:fam 165:2:-1 by blue 513:3:-1 at gen816 Univ0 prob=0.843
AgeVaxH35.js:2221 921I i:ageGp:fam 408:3:-1 by blue 744:5:-1 at gen819 Univ0 prob=0.054
AgeVaxH35.js:2202 921I j:ageGp:fam 955:8:-1 by blue 312:2:-1 at gen820 Univ0 prob=0.999
AgeVaxH35.js:2221 923I i:ageGp:fam 271:2:-1 by blue 744:5:-1 at gen825 Univ0 prob=0.731
AgeVaxH35.js:2202 924I j:ageGp:fam 823:6:-1 by red 424:3:-1 at gen832 Univ0 prob=0.032
AgeVaxH35.js:2221 924I i:ageGp:fam 199:2:-1 by red 221:2:-1 at gen833 Univ0 prob=0.589
AgeVaxH35.js:2202 925I j:ageGp:fam 860:6:-1 by red 29:0:-1 at gen834 Univ0 prob=0.269
AgeVaxH35.js:2221 926I i:ageGp:fam 371:3:-1 by blue 891:6:-1 at gen835 Univ0 prob=0.045
AgeVaxH35.js:2202 928I j:ageGp:fam 706:5:-1 by red 224:2:-1 at gen837 Univ0 prob=0.381
AgeVaxH35.js:2202 929I j:ageGp:fam 463:3:-1 by blue 312:2:-1 at gen839 Univ0 prob=0.710
AgeVaxH35.js:2202 929I j:ageGp:fam 783:5:-1 by red 224:2:-1 at gen840 Univ0 prob=0.528
AgeVaxH35.js:2202 931I j:ageGp:fam 386:3:-1 by red 36:0:-1 at gen842 Univ0 prob=0.083
AgeVaxH35.js:2221 932I i:ageGp:fam 18:0:-1 by blue 339:2:-1 at gen845 Univ0 prob=0.669
AgeVaxH35.js:2221 933I i:ageGp:fam 887:6:-1 by blue 891:6:-1 at gen854 Univ0 prob=0.371
AgeVaxH35.js:2202 934I j:ageGp:fam 578:4:-1 by red 319:2:-1 at gen865 Univ0 prob=0.265
AgeVaxH35.js:2202 934I j:ageGp:fam 425:3:-1 by blue 339:2:-1 at gen866 Univ0 prob=0.370
AgeVaxH35.js:2202 936I j:ageGp:fam 800:5:-1 by red 29:0:-1 at gen868 Univ0 prob=0.625
AgeVaxH35.js:2221 936I i:ageGp:fam 544:4:-1 by red 891:6:-1 at gen869 Univ0 prob=0.030
AgeVaxH35.js:2202 938I j:ageGp:fam 876:6:-1 by red 238:2:-1 at gen872 Univ0 prob=0.143
AgeVaxH35.js:2221 938I i:ageGp:fam 708:5:-1 by red 891:6:-1 at gen873 Univ0 prob=0.188
AgeVaxH35.js:2221 940I i:ageGp:fam 523:3:-1 by red 891:6:-1 at gen883 Univ0 prob=0.259
AgeVaxH35.js:2202 940I j:ageGp:fam 186:2:-1 by red 94:1:-1 at gen884 Univ0 prob=0.544
AgeVaxH35.js:2221 942I i:ageGp:fam 228:2:-1 by red 238:2:-1 at gen888 Univ0 prob=0.616
AgeVaxH35.js:2221 943I i:ageGp:fam 130:1:-1 by red 891:6:-1 at gen893 Univ0 prob=0.885
AgeVaxH35.js:2221 943I i:ageGp:fam 302:2:-1 by blue 965:8:-1 at gen893 Univ0 prob=0.495
AgeVaxH35.js:2221 945I i:ageGp:fam 368:3:-1 by red 492:3:-1 at gen896 Univ0 prob=0.554
AgeVaxH35.js:2221 945I i:ageGp:fam 520:3:-1 by red 674:4:-1 at gen896 Univ0 prob=0.956
AgeVaxH35.js:2221 945I i:ageGp:fam 662:4:-1 by blue 965:8:-1 at gen896 Univ0 prob=0.428
AgeVaxH35.js:2202 948I j:ageGp:fam 896:6:-1 by red 674:4:-1 at gen901 Univ0 prob=0.479
AgeVaxH35.js:2221 949I i:ageGp:fam 361:3:-1 by red 674:4:-1 at gen903 Univ0 prob=0.238
AgeVaxH35.js:2202 950I j:ageGp:fam 675:4:-1 by blue 371:3:-1 at gen912 Univ0 prob=0.978
AgeVaxH35.js:2202 950I j:ageGp:fam 390:3:-1 by red 339:2:-1 at gen913 Univ0 prob=0.283
AgeVaxH35.js:2202 952I j:ageGp:fam 217:2:-1 by blue 199:2:-1 at gen917 Univ0 prob=0.814
AgeVaxH35.js:2202 953I j:ageGp:fam 972:8:-1 by blue 18:0:-1 at gen919 Univ0 prob=0.991
AgeVaxH35.js:2221 954I i:ageGp:fam 541:4:-1 by blue 736:5:-1 at gen922 Univ0 prob=0.483
AgeVaxH35.js:2202 955I j:ageGp:fam 684:4:-1 by yellow 541:4:-1 at gen925 Univ0 prob=0.397
AgeVaxH35.js:2221 956I i:ageGp:fam 201:2:-1 by red 736:5:-1 at gen928 Univ0 prob=0.795
AgeVaxH35.js:2221 957I i:ageGp:fam 680:4:-1 by blue 800:5:-1 at gen931 Univ0 prob=0.485
AgeVaxH35.js:2221 958I i:ageGp:fam 553:4:-1 by blue 860:6:-1 at gen934 Univ0 prob=0.840
AgeVaxH35.js:2221 958I i:ageGp:fam 332:2:-1 by yellow 553:4:-1 at gen935 Univ0 prob=0.244
AgeVaxH35.js:2221 958I i:ageGp:fam 332:2:-1 by blue 860:6:-1 at gen935 Univ0 prob=0.256
AgeVaxH35.js:2221 960I i:ageGp:fam 285:2:-1 by blue 544:4:-1 at gen942 Univ0 prob=0.966
AgeVaxH35.js:2221 961I i:ageGp:fam 188:2:-1 by blue 544:4:-1 at gen957 Univ0 prob=0.496
AgeVaxH35.js:2221 961I i:ageGp:fam 188:2:-1 by blue 887:6:-1 at gen957 Univ0 prob=0.989
AgeVaxH35.js:2221 962I i:ageGp:fam 683:4:-1 by blue 800:5:-1 at gen960 Univ0 prob=0.119
AgeVaxH35.js:2221 963I i:ageGp:fam 158:2:-1 by blue 520:3:-1 at gen972 Univ0 prob=0.898
AgeVaxH35.js:2202 964I j:ageGp:fam 225:2:-1 by yellow 201:2:-1 at gen976 Univ0 prob=0.776
AgeVaxH35.js:2221 965I i:ageGp:fam 437:3:-1 by blue 684:4:-1 at gen983 Univ0 prob=0.241
AgeVaxH35.js:2221 966I i:ageGp:fam 659:4:-1 by blue 896:6:-1 at gen985 Univ0 prob=0.889
AgeVaxH35.js:2221 967I i:ageGp:fam 789:5:-1 by blue 896:6:-1 at gen1005 Univ0 prob=0.485
AgeVaxH35.js:2202 967I j:ageGp:fam 617:4:-1 by red 186:2:-1 at gen1006 Univ0 prob=0.150
AgeVaxH35.js:2202 969I j:ageGp:fam 577:4:-1 by blue 201:2:-1 at gen1008 Univ0 prob=0.920
AgeVaxH35.js:2202 970I j:ageGp:fam 439:3:-1 by blue 361:3:-1 at gen1012 Univ0 prob=0.557
AgeVaxH35.js:2221 971I i:ageGp:fam 420:3:-1 by blue 896:6:-1 at gen1014 Univ0 prob=0.203
AgeVaxH35.js:2202 972I j:ageGp:fam 948:7:-1 by blue 332:2:-1 at gen1018 Univ0 prob=0.978
AgeVaxH35.js:2202 972I j:ageGp:fam 875:6:-1 by red 18:0:-1 at gen1019 Univ0 prob=0.097
AgeVaxH35.js:2202 972I j:ageGp:fam 830:6:-1 by blue 675:4:-1 at gen1019 Univ0 prob=0.648
AgeVaxH35.js:2221 975I i:ageGp:fam 89:1:-1 by blue 553:4:-1 at gen1022 Univ0 prob=0.588
AgeVaxH35.js:2221 975I i:ageGp:fam 262:2:-1 by blue 553:4:-1 at gen1022 Univ0 prob=0.630
AgeVaxH35.js:2202 977I j:ageGp:fam 910:7:-1 by red 186:2:-1 at gen1042 Univ0 prob=0.965
AgeVaxH35.js:2202 978I j:ageGp:fam 556:4:-1 by blue 332:2:-1 at gen1045 Univ0 prob=0.554
AgeVaxH35.js:2221 979I i:ageGp:fam 380:3:-1 by yellow 617:4:-1 at gen1054 Univ0 prob=0.570
AgeVaxH35.js:2221 980I i:ageGp:fam 565:4:-1 by red 896:6:-1 at gen1059 Univ0 prob=0.288
AgeVaxH35.js:2221 981I i:ageGp:fam 478:3:-1 by blue 659:4:-1 at gen1062 Univ0 prob=0.790
AgeVaxH35.js:2221 982I i:ageGp:fam 115:1:-1 by red 186:2:-1 at gen1071 Univ0 prob=0.093
