AgeVaxH35.js:871 Mon Jan 18 2021 21:15:53 GMT-0800 (Pacific Standard Time)
AgeVaxH35.js:872 CovidSIMVL Mode1 and Mod2 Hybrid 35d
AgeVaxH35.js:873 Mode 1 >13 and <36 is 75%
AgeVaxH35.js:874 Mode 2 >28 is 95%; >13 and <29 is 75%
AgeVaxH35.js:4370 exit covidSim
AgeVaxH35.js:23 getAsText File {name: "Popn1000.csv", lastModified: 1611021598000, lastModifiedDate: Mon Jan 18 2021 17:59:58 GMT-0800 (Pacific Standard Time), webkitRelativePath: "", size: 23944, …}
AgeVaxH35.js:32 File {name: "Popn1000.csv", lastModified: 1611021598000, lastModifiedDate: Mon Jan 18 2021 17:59:58 GMT-0800 (Pacific Standard Time), webkitRelativePath: "", size: 23944, …}
AgeVaxH35.js:23 getAsText File {name: "VL1ageGp2.csv", lastModified: 1611004274000, lastModifiedDate: Mon Jan 18 2021 13:11:14 GMT-0800 (Pacific Standard Time), webkitRelativePath: "", size: 65, …}
AgeVaxH35.js:32 File {name: "VL1ageGp2.csv", lastModified: 1611004274000, lastModifiedDate: Mon Jan 18 2021 13:11:14 GMT-0800 (Pacific Standard Time), webkitRelativePath: "", size: 65, …}
AgeVaxH35.js:1696 New Hazard Radius = 2
AgeVaxH35.js:1718 Age Group 9,100 1st shot; 2nd auto in 35days
AgeVaxH35.js:1724 AgeGp =9 To be vaccinated=100%
AgeVaxH35.js:1736 (1000) [0, 1, 2, 3, 4, 5, 6, 7, 8, 9, 10, 11, 12, 13, 14, 15, 16, 17, 18, 19, 20, 21, 22, 23, 24, 25, 26, 27, 28, 29, 30, 31, 32, 33, 34, 35, 36, 37, 38, 39, 40, 41, 42, 43, 44, 45, 46, 47, 48, 49, 50, 51, 52, 53, 54, 55, 56, 57, 58, 59, 60, 61, 62, 63, 64, 65, 66, 67, 68, 69, 70, 71, 72, 73, 74, 75, 76, 77, 78, 79, 80, 81, 82, 83, 84, 85, 86, 87, 88, 89, 90, 91, 92, 93, 94, 95, 96, 97, 98, 99, …]
AgeVaxH35.js:1752 ageGp9 count: 18 List: 982,983,984,985,986,987,988,989,990,991,992,993,994,995,996,997,998,999
AgeVaxH35.js:1780 Vaccination list = 18
AgeVaxH35.js:1794 AgeGp9 vaccinated 18 List: 985,983,998,982,997,987,991,990,989,993,984,986,996,999,995,988,994,992
AgeVaxH35.js:1718 Age Group 8,100 1st shot; 2nd auto in 35days
AgeVaxH35.js:1724 AgeGp =8 To be vaccinated=100%
AgeVaxH35.js:1736 (1000) [0, 1, 2, 3, 4, 5, 6, 7, 8, 9, 10, 11, 12, 13, 14, 15, 16, 17, 18, 19, 20, 21, 22, 23, 24, 25, 26, 27, 28, 29, 30, 31, 32, 33, 34, 35, 36, 37, 38, 39, 40, 41, 42, 43, 44, 45, 46, 47, 48, 49, 50, 51, 52, 53, 54, 55, 56, 57, 58, 59, 60, 61, 62, 63, 64, 65, 66, 67, 68, 69, 70, 71, 72, 73, 74, 75, 76, 77, 78, 79, 80, 81, 82, 83, 84, 85, 86, 87, 88, 89, 90, 91, 92, 93, 94, 95, 96, 97, 98, 99, …]
AgeVaxH35.js:1752 ageGp8 count: 33 List: 949,950,951,952,953,954,955,956,957,958,959,960,961,962,963,964,965,966,967,968,969,970,971,972,973,974,975,976,977,978,979,980,981
AgeVaxH35.js:1780 Vaccination list = 33
AgeVaxH35.js:1794 AgeGp8 vaccinated 33 List: 953,967,960,973,951,968,959,956,966,977,950,978,961,979,962,981,980,972,969,975,949,957,974,958,952,976,970,954,964,971,955,963,965
AgeVaxH35.js:1718 Age Group 7,100 1st shot; 2nd auto in 35days
AgeVaxH35.js:1724 AgeGp =7 To be vaccinated=100%
AgeVaxH35.js:1736 (1000) [0, 1, 2, 3, 4, 5, 6, 7, 8, 9, 10, 11, 12, 13, 14, 15, 16, 17, 18, 19, 20, 21, 22, 23, 24, 25, 26, 27, 28, 29, 30, 31, 32, 33, 34, 35, 36, 37, 38, 39, 40, 41, 42, 43, 44, 45, 46, 47, 48, 49, 50, 51, 52, 53, 54, 55, 56, 57, 58, 59, 60, 61, 62, 63, 64, 65, 66, 67, 68, 69, 70, 71, 72, 73, 74, 75, 76, 77, 78, 79, 80, 81, 82, 83, 84, 85, 86, 87, 88, 89, 90, 91, 92, 93, 94, 95, 96, 97, 98, 99, …]
AgeVaxH35.js:1752 ageGp7 count: 47 List: 902,903,904,905,906,907,908,909,910,911,912,913,914,915,916,917,918,919,920,921,922,923,924,925,926,927,928,929,930,931,932,933,934,935,936,937,938,939,940,941,942,943,944,945,946,947,948
AgeVaxH35.js:1780 Vaccination list = 47
AgeVaxH35.js:1794 AgeGp7 vaccinated 47 List: 942,920,915,916,922,923,905,924,943,904,903,908,945,947,944,948,929,907,939,914,933,940,927,910,935,921,918,902,931,946,930,941,925,938,936,932,909,913,906,937,926,912,911,928,919,917,934
AgeVaxH35.js:1674 Red Days changed to 3.2
AgeVaxH35.js:2202 1I j:ageGp:fam 766:5:-1 by blue 150:2:-1 at gen19 Univ0 prob=0.522
AgeVaxH35.js:2202 2I j:ageGp:fam 410:3:-1 by blue 150:2:-1 at gen42 Univ0 prob=0.824
​ 3I i:ageGp:fam 574:4:-1 by blue 766:5:-1 at gen93 Univ0 prob=0.809
​ 4I i:ageGp:fam 275:2:-1 by yellow 574:4:-1 at gen95 Univ0 prob=0.950
​ 5I i:ageGp:fam 83:1:-1 by blue 410:3:-1 at gen116 Univ0 prob=0.189
​ 6I i:ageGp:fam 65:1:-1 by blue 410:3:-1 at gen128 Univ0 prob=0.133
​ 7I j:ageGp:fam 698:5:-1 by yellow 275:2:-1 at gen143 Univ0 prob=0.979
​ 8I j:ageGp:fam 492:3:-1 by blue 410:3:-1 at gen157 Univ0 prob=0.034
​ 9I i:ageGp:fam 38:0:-1 by blue 275:2:-1 at gen171 Univ0 prob=0.433
​ 10I j:ageGp:fam 834:6:-1 by blue 574:4:-1 at gen175 Univ0 prob=0.237
​ 10I i:ageGp:fam 199:2:-1 by blue 275:2:-1 at gen176 Univ0 prob=0.126
​ 12I j:ageGp:fam 968:8:-1 by yellow 38:0:-1 at gen178 Univ0 prob=0.672
​ 12I i:ageGp:fam 178:2:-1 by blue 275:2:-1 at gen179 Univ0 prob=0.719
​ 14I i:ageGp:fam 213:2:-1 by blue 574:4:-1 at gen197 Univ0 prob=0.958
​ 15I j:ageGp:fam 221:2:-1 by blue 83:1:-1 at gen202 Univ0 prob=0.589
​ 16I j:ageGp:fam 850:6:-1 by blue 83:1:-1 at gen206 Univ0 prob=0.185
​ 17I j:ageGp:fam 145:2:-1 by blue 65:1:-1 at gen210 Univ0 prob=0.184
​ 17I i:ageGp:fam 846:6:-1 by yellow 850:6:-1 at gen211 Univ0 prob=0.441
​ 19I i:ageGp:fam 82:1:-1 by blue 83:1:-1 at gen219 Univ0 prob=0.193
​ 20I j:ageGp:fam 403:3:-1 by yellow 82:1:-1 at gen222 Univ0 prob=0.014
​ 20I j:ageGp:fam 657:4:-1 by blue 65:1:-1 at gen223 Univ0 prob=0.971
​ 21I j:ageGp:fam 806:5:-1 by blue 698:5:-1 at gen224 Univ0 prob=0.794
​ 23I j:ageGp:fam 229:2:-1 by blue 38:0:-1 at gen227 Univ0 prob=0.127
​ 23I i:ageGp:fam 311:2:-1 by blue 834:6:-1 at gen228 Univ0 prob=0.714
​ 25I j:ageGp:fam 672:4:-1 by yellow 82:1:-1 at gen231 Univ0 prob=0.203
​ 26I i:ageGp:fam 613:4:-1 by blue 834:6:-1 at gen237 Univ0 prob=0.232
​ 27I j:ageGp:fam 659:4:-1 by blue 199:2:-1 at gen242 Univ0 prob=0.582
​ 28I j:ageGp:fam 895:6:-1 by yellow 659:4:-1 at gen245 Univ0 prob=0.247
​ 29I j:ageGp:fam 869:6:-1 by blue 38:0:-1 at gen247 Univ0 prob=0.694
​ 30I i:ageGp:fam 739:5:-1 by blue 850:6:-1 at gen255 Univ0 prob=0.161
​ 31I j:ageGp:fam 722:5:-1 by blue 178:2:-1 at gen267 Univ0 prob=0.253
​ 31I j:ageGp:fam 230:2:-1 by blue 213:2:-1 at gen267 Univ0 prob=0.254
​ 33I j:ageGp:fam 993:9:-1 by blue 145:2:-1 at gen272 Univ0 prob=0.343
​ 33I i:ageGp:fam 323:2:-1 by yellow 895:6:-1 at gen273 Univ0 prob=0.182
​ 35I j:ageGp:fam 690:5:-1 by blue 38:0:-1 at gen276 Univ0 prob=0.835
​ 36I j:ageGp:fam 250:2:-1 by blue 145:2:-1 at gen283 Univ0 prob=0.358
​ 37I j:ageGp:fam 610:4:-1 by blue 213:2:-1 at gen287 Univ0 prob=0.966
​ 37I j:ageGp:fam 839:6:-1 by yellow 613:4:-1 at gen287 Univ0 prob=0.546
​ 39I i:ageGp:fam 144:2:-1 by blue 850:6:-1 at gen291 Univ0 prob=0.904
​ 40I j:ageGp:fam 697:5:-1 by blue 82:1:-1 at gen293 Univ0 prob=0.988
​ 40I i:ageGp:fam 553:4:-1 by blue 846:6:-1 at gen293 Univ0 prob=0.524
​ 40I i:ageGp:fam 762:5:-1 by yellow 895:6:-1 at gen293 Univ0 prob=0.670
​ 43I j:ageGp:fam 438:3:-1 by blue 199:2:-1 at gen296 Univ0 prob=0.197
​ 43I i:ageGp:fam 340:2:-1 by blue 850:6:-1 at gen296 Univ0 prob=0.221
​ 45I j:ageGp:fam 803:5:-1 by blue 145:2:-1 at gen299 Univ0 prob=0.828
​ 45I i:ageGp:fam 620:4:-1 by blue 806:5:-1 at gen300 Univ0 prob=0.962
​ 47I j:ageGp:fam 724:5:-1 by blue 229:2:-1 at gen302 Univ0 prob=0.306
​ 47I j:ageGp:fam 147:2:-1 by blue 145:2:-1 at gen303 Univ0 prob=0.620
​ 49I i:ageGp:fam 291:2:-1 by blue 869:6:-1 at gen307 Univ0 prob=0.606
​ 50I i:ageGp:fam 752:5:-1 by blue 850:6:-1 at gen311 Univ0 prob=0.236
​ 51I i:ageGp:fam 541:4:-1 by blue 850:6:-1 at gen325 Univ0 prob=0.835
​ 52I j:ageGp:fam 771:5:-1 by blue 613:4:-1 at gen336 Univ0 prob=0.963
​ 53I i:ageGp:fam 206:2:-1 by blue 613:4:-1 at gen338 Univ0 prob=0.724
​ 53I j:ageGp:fam 579:4:-1 by blue 229:2:-1 at gen338 Univ0 prob=0.660
​ 53I i:ageGp:fam 796:5:-1 by blue 895:6:-1 at gen338 Univ0 prob=0.530
​ 53I j:ageGp:fam 642:4:-1 by yellow 144:2:-1 at gen339 Univ0 prob=0.605
​ 57I i:ageGp:fam 538:3:-1 by blue 869:6:-1 at gen341 Univ0 prob=0.373
​ 58I i:ageGp:fam 317:2:-1 by yellow 620:4:-1 at gen349 Univ0 prob=0.708
​ 59I i:ageGp:fam 165:2:-1 by blue 340:2:-1 at gen351 Univ0 prob=0.382
​ 60I i:ageGp:fam 176:2:-1 by blue 839:6:-1 at gen359 Univ0 prob=0.074
​ 61I j:ageGp:fam 632:4:-1 by blue 323:2:-1 at gen361 Univ0 prob=0.867
​ 62I i:ageGp:fam 576:4:-1 by blue 839:6:-1 at gen363 Univ0 prob=0.867
​ 63I j:ageGp:fam 797:5:-1 by blue 250:2:-1 at gen365 Univ0 prob=0.829
​ 64I j:ageGp:fam 491:3:-1 by blue 230:2:-1 at gen368 Univ0 prob=0.922
​ 65I j:ageGp:fam 362:3:-1 by blue 323:2:-1 at gen371 Univ0 prob=0.953
​ 65I i:ageGp:fam 179:2:-1 by yellow 576:4:-1 at gen372 Univ0 prob=0.275
​ 67I i:ageGp:fam 88:1:-1 by blue 724:5:-1 at gen375 Univ0 prob=0.459
​ 67I j:ageGp:fam 883:6:-1 by blue 340:2:-1 at gen375 Univ0 prob=0.200
​ 67I j:ageGp:fam 755:5:-1 by blue 340:2:-1 at gen376 Univ0 prob=0.138
​ 67I i:ageGp:fam 572:4:-1 by blue 724:5:-1 at gen376 Univ0 prob=0.063
​ 71I j:ageGp:fam 842:6:-1 by blue 250:2:-1 at gen378 Univ0 prob=0.013
​ 71I j:ageGp:fam 469:3:-1 by blue 144:2:-1 at gen379 Univ0 prob=0.701
​ 73I j:ageGp:fam 371:3:-1 by blue 147:2:-1 at gen385 Univ0 prob=0.332
​ 74I i:ageGp:fam 223:2:-1 by blue 438:3:-1 at gen389 Univ0 prob=0.046
​ 74I j:ageGp:fam 782:5:-1 by blue 697:5:-1 at gen389 Univ0 prob=0.180
​ 74I i:ageGp:fam 228:2:-1 by blue 839:6:-1 at gen390 Univ0 prob=0.597
​ 77I j:ageGp:fam 352:2:-1 by yellow 176:2:-1 at gen392 Univ0 prob=0.475
​ 77I j:ageGp:fam 379:3:-1 by yellow 176:2:-1 at gen392 Univ0 prob=0.809
​ 77I j:ageGp:fam 733:5:-1 by blue 147:2:-1 at gen393 Univ0 prob=0.136
​ 80I j:ageGp:fam 995:9:-1 by blue 144:2:-1 at gen401 Univ0 prob=0.795
​ 80I j:ageGp:fam 292:2:-1 by yellow 165:2:-1 at gen402 Univ0 prob=0.215
​ 82I j:ageGp:fam 301:2:-1 by blue 165:2:-1 at gen404 Univ0 prob=0.264
​ 82I i:ageGp:fam 280:2:-1 by blue 553:4:-1 at gen405 Univ0 prob=0.162
​ 83I i:ageGp:fam 34:0:-1 by blue 796:5:-1 at gen406 Univ0 prob=0.392
​ 83I i:ageGp:fam 497:3:-1 by blue 752:5:-1 at gen406 Univ0 prob=0.349
​ 83I i:ageGp:fam 514:3:-1 by blue 579:4:-1 at gen406 Univ0 prob=0.580
​ 84I i:ageGp:fam 196:2:-1 by blue 752:5:-1 at gen407 Univ0 prob=0.243
​ 88I j:ageGp:fam 524:3:-1 by blue 147:2:-1 at gen410 Univ0 prob=0.468
​ 89I j:ageGp:fam 609:4:-1 by blue 541:4:-1 at gen415 Univ0 prob=0.570
​ 90I j:ageGp:fam 681:4:-1 by blue 538:3:-1 at gen417 Univ0 prob=0.648
​ 91I j:ageGp:fam 621:4:-1 by blue 165:2:-1 at gen426 Univ0 prob=0.526
​ 92I j:ageGp:fam 428:3:-1 by blue 179:2:-1 at gen428 Univ0 prob=0.488
​ 93I i:ageGp:fam 98:1:-1 by blue 642:4:-1 at gen432 Univ0 prob=0.220
​ 93I j:ageGp:fam 865:6:-1 by blue 206:2:-1 at gen433 Univ0 prob=0.150
​ 93I i:ageGp:fam 454:3:-1 by blue 642:4:-1 at gen433 Univ0 prob=0.681
​ 96I i:ageGp:fam 310:2:-1 by blue 491:3:-1 at gen436 Univ0 prob=0.575
​ 97I j:ageGp:fam 623:4:-1 by blue 579:4:-1 at gen438 Univ0 prob=0.376
​ 98I j:ageGp:fam 634:4:-1 by blue 632:4:-1 at gen440 Univ0 prob=0.439
​ 99I j:ageGp:fam 509:3:-1 by blue 206:2:-1 at gen443 Univ0 prob=0.545
​ 99I j:ageGp:fam 654:4:-1 by blue 491:3:-1 at gen444 Univ0 prob=0.819
​ 101I j:ageGp:fam 705:5:-1 by blue 206:2:-1 at gen446 Univ0 prob=0.657
​ 102I i:ageGp:fam 60:1:-1 by blue 179:2:-1 at gen449 Univ0 prob=0.608
​ 102I j:ageGp:fam 718:5:-1 by blue 165:2:-1 at gen449 Univ0 prob=0.971
​ 102I i:ageGp:fam 187:2:-1 by blue 755:5:-1 at gen449 Univ0 prob=0.903
​ 105I i:ageGp:fam 439:3:-1 by blue 995:9:-1 at gen451 Univ0 prob=0.205
​ 106I j:ageGp:fam 391:3:-1 by blue 165:2:-1 at gen453 Univ0 prob=0.988
​ 107I i:ageGp:fam 10:0:-1 by blue 223:2:-1 at gen462 Univ0 prob=0.884
​ 108I i:ageGp:fam 668:4:-1 by blue 883:6:-1 at gen464 Univ0 prob=0.228
​ 109I i:ageGp:fam 381:3:-1 by blue 755:5:-1 at gen468 Univ0 prob=0.614
​ 109I j:ageGp:fam 947:7:-1 by green 381:3:-1 at gen468 Univ0 prob=0.852
​ 109I i:ageGp:fam 277:2:-1 by blue 576:4:-1 at gen469 Univ0 prob=0.344
​ 112I i:ageGp:fam 349:2:-1 by yellow 381:3:-1 at gen471 Univ0 prob=0.449
​ 113I i:ageGp:fam 253:2:-1 by blue 469:3:-1 at gen478 Univ0 prob=0.599
​ 113I i:ageGp:fam 152:2:-1 by blue 995:9:-1 at gen479 Univ0 prob=0.121
​ 114I j:ageGp:fam 510:3:-1 by blue 196:2:-1 at gen480 Univ0 prob=0.653
​ 116I i:ageGp:fam 373:3:-1 by yellow 865:6:-1 at gen485 Univ0 prob=0.080
​ 117I i:ageGp:fam 52:1:-1 by blue 572:4:-1 at gen490 Univ0 prob=0.336
​ 118I j:ageGp:fam 599:4:-1 by blue 371:3:-1 at gen500 Univ0 prob=0.225
​ 119I i:ageGp:fam 76:1:-1 by blue 98:1:-1 at gen504 Univ0 prob=0.963
​ 119I j:ageGp:fam 975:8:-1 by blue 439:3:-1 at gen505 Univ0 prob=0.959
​ 121I i:ageGp:fam 482:3:-1 by blue 705:5:-1 at gen507 Univ0 prob=0.073
​ 122I j:ageGp:fam 860:6:-1 by blue 228:2:-1 at gen509 Univ0 prob=0.546
​ 123I i:ageGp:fam 279:2:-1 by blue 439:3:-1 at gen512 Univ0 prob=0.188
​ 123I i:ageGp:fam 305:2:-1 by blue 654:4:-1 at gen512 Univ0 prob=0.862
​ 125I j:ageGp:fam 774:5:-1 by blue 196:2:-1 at gen518 Univ0 prob=0.453
​ 126I j:ageGp:fam 921:7:-1 by blue 497:3:-1 at gen524 Univ0 prob=0.776
​ 127I i:ageGp:fam 136:2:-1 by blue 439:3:-1 at gen532 Univ0 prob=0.418
​ 128I j:ageGp:fam 537:3:-1 by yellow 136:2:-1 at gen535 Univ0 prob=0.748
​ 128I j:ageGp:fam 543:4:-1 by blue 454:3:-1 at gen535 Univ0 prob=0.379
​ 130I i:ageGp:fam 303:2:-1 by blue 654:4:-1 at gen539 Univ0 prob=0.299
​ 130I j:ageGp:fam 875:6:-1 by blue 623:4:-1 at gen539 Univ0 prob=0.521
​ 132I j:ageGp:fam 667:4:-1 by blue 428:3:-1 at gen547 Univ0 prob=0.138
​ 133I j:ageGp:fam 378:3:-1 by blue 60:1:-1 at gen551 Univ0 prob=0.803
​ 133I j:ageGp:fam 126:1:-1 by blue 60:1:-1 at gen552 Univ0 prob=0.121
​ 135I i:ageGp:fam 100:1:-1 by blue 381:3:-1 at gen554 Univ0 prob=0.285
​ 136I i:ageGp:fam 945:7:-1 by blue 975:8:-1 at gen558 Univ0 prob=0.814
​ 137I j:ageGp:fam 980:8:-1 by yellow 305:2:-1 at gen562 Univ0 prob=0.929
​ 137I j:ageGp:fam 848:6:-1 by yellow 305:2:-1 at gen563 Univ0 prob=0.905
​ 139I j:ageGp:fam 557:4:-1 by yellow 100:1:-1 at gen565 Univ0 prob=0.780
​ 139I j:ageGp:fam 843:6:-1 by blue 152:2:-1 at gen565 Univ0 prob=0.476
​ 139I j:ageGp:fam 903:7:-1 by yellow 774:5:-1 at gen566 Univ0 prob=0.808
​ 141I j:ageGp:fam 532:3:-1 by yellow 100:1:-1 at gen567 Univ0 prob=0.795
​ 141I i:ageGp:fam 245:2:-1 by blue 975:8:-1 at gen567 Univ0 prob=0.197
​ 141I i:ageGp:fam 401:3:-1 by yellow 774:5:-1 at gen567 Univ0 prob=0.498
​ 145I j:ageGp:fam 604:4:-1 by blue 10:0:-1 at gen570 Univ0 prob=0.513
​ 146I i:ageGp:fam 459:3:-1 by blue 599:4:-1 at gen577 Univ0 prob=0.765
​ 147I i:ageGp:fam 43:1:-1 by blue 349:2:-1 at gen584 Univ0 prob=0.276
​ 148I i:ageGp:fam 15:0:-1 by blue 599:4:-1 at gen586 Univ0 prob=0.890
​ 148I i:ageGp:fam 74:1:-1 by blue 305:2:-1 at gen586 Univ0 prob=0.998
​ 148I j:ageGp:fam 652:4:-1 by blue 543:4:-1 at gen586 Univ0 prob=0.754
​ 151I j:ageGp:fam 969:8:-1 by blue 279:2:-1 at gen589 Univ0 prob=0.807
​ 152I i:ageGp:fam 154:2:-1 by blue 860:6:-1 at gen594 Univ0 prob=0.782
​ 152I j:ageGp:fam 676:4:-1 by yellow 604:4:-1 at gen595 Univ0 prob=0.839
​ 154I i:ageGp:fam 435:3:-1 by blue 543:4:-1 at gen609 Univ0 prob=0.837
​ 155I j:ageGp:fam 425:3:-1 by blue 305:2:-1 at gen611 Univ0 prob=0.565
​ 156I j:ageGp:fam 925:7:-1 by blue 76:1:-1 at gen613 Univ0 prob=0.855
​ 157I j:ageGp:fam 941:7:-1 by blue 482:3:-1 at gen615 Univ0 prob=0.764
​ 157I j:ageGp:fam 363:3:-1 by blue 136:2:-1 at gen616 Univ0 prob=0.873
​ 158I j:ageGp:fam 862:6:-1 by blue 843:6:-1 at gen617 Univ0 prob=0.414
​ 160I j:ageGp:fam 518:3:-1 by blue 305:2:-1 at gen621 Univ0 prob=0.515
​ 161I i:ageGp:fam 415:3:-1 by blue 543:4:-1 at gen623 Univ0 prob=0.696
​ 162I i:ageGp:fam 214:2:-1 by yellow 652:4:-1 at gen634 Univ0 prob=0.522
​ 163I i:ageGp:fam 822:6:-1 by blue 848:6:-1 at gen638 Univ0 prob=0.820
​ 164I i:ageGp:fam 37:0:-1 by blue 848:6:-1 at gen640 Univ0 prob=0.789
​ 164I j:ageGp:fam 740:5:-1 by blue 604:4:-1 at gen640 Univ0 prob=0.138
​ 166I i:ageGp:fam 32:0:-1 by blue 537:3:-1 at gen644 Univ0 prob=0.536
​ 166I i:ageGp:fam 71:1:-1 by blue 126:1:-1 at gen645 Univ0 prob=0.996
​ 166I j:ageGp:fam 461:3:-1 by blue 303:2:-1 at gen645 Univ0 prob=0.979
​ 167I j:ageGp:fam 647:4:-1 by yellow 32:0:-1 at gen646 Univ0 prob=0.680
​ 167I i:ageGp:fam 49:1:-1 by blue 903:7:-1 at gen646 Univ0 prob=0.901
​ 167I j:ageGp:fam 647:4:-1 by blue 537:3:-1 at gen646 Univ0 prob=0.260
​ 169I i:ageGp:fam 3:0:-1 by blue 537:3:-1 at gen647 Univ0 prob=0.572
​ 171I i:ageGp:fam 472:3:-1 by blue 903:7:-1 at gen648 Univ0 prob=0.096
​ 172I j:ageGp:fam 489:3:-1 by blue 100:1:-1 at gen649 Univ0 prob=0.478
​ 172I i:ageGp:fam 295:2:-1 by blue 980:8:-1 at gen649 Univ0 prob=0.635
​ 175I i:ageGp:fam 282:2:-1 by blue 945:7:-1 at gen652 Univ0 prob=0.567
​ 175I j:ageGp:fam 870:6:-1 by blue 74:1:-1 at gen653 Univ0 prob=0.648
​ 175I i:ageGp:fam 319:2:-1 by blue 676:4:-1 at gen653 Univ0 prob=0.891
​ 178I i:ageGp:fam 177:2:-1 by blue 848:6:-1 at gen655 Univ0 prob=0.786
​ 179I j:ageGp:fam 711:5:-1 by yellow 472:3:-1 at gen657 Univ0 prob=0.092
​ 179I i:ageGp:fam 130:1:-1 by blue 532:3:-1 at gen658 Univ0 prob=0.760
​ 179I j:ageGp:fam 227:2:-1 by yellow 177:2:-1 at gen658 Univ0 prob=0.670
​ 182I j:ageGp:fam 513:3:-1 by blue 100:1:-1 at gen660 Univ0 prob=0.486
​ 182I j:ageGp:fam 744:5:-1 by yellow 177:2:-1 at gen660 Univ0 prob=0.795
​ 182I i:ageGp:fam 345:2:-1 by blue 676:4:-1 at gen661 Univ0 prob=0.035
​ 185I i:ageGp:fam 427:3:-1 by blue 435:3:-1 at gen665 Univ0 prob=0.447
​ 186I i:ageGp:fam 326:2:-1 by blue 435:3:-1 at gen671 Univ0 prob=0.107
​ 187I j:ageGp:fam 580:4:-1 by blue 15:0:-1 at gen675 Univ0 prob=0.221
​ 188I i:ageGp:fam 78:1:-1 by blue 903:7:-1 at gen678 Univ0 prob=0.420
​ 188I i:ageGp:fam 334:2:-1 by blue 518:3:-1 at gen679 Univ0 prob=0.781
​ 188I j:ageGp:fam 958:8:-1 by blue 363:3:-1 at gen679 Univ0 prob=0.935
​ 191I i:ageGp:fam 248:2:-1 by blue 652:4:-1 at gen684 Univ0 prob=0.457
​ 192I j:ageGp:fam 655:4:-1 by blue 37:0:-1 at gen696 Univ0 prob=0.655
​ 192I j:ageGp:fam 852:6:-1 by yellow 472:3:-1 at gen697 Univ0 prob=0.030
​ 194I j:ageGp:fam 666:4:-1 by blue 43:1:-1 at gen699 Univ0 prob=0.228
​ 195I j:ageGp:fam 784:5:-1 by blue 71:1:-1 at gen702 Univ0 prob=0.494
​ 195I i:ageGp:fam 418:3:-1 by blue 647:4:-1 at gen702 Univ0 prob=0.058
​ 197I j:ageGp:fam 77:1:-1 by blue 43:1:-1 at gen704 Univ0 prob=0.479
​ 197I j:ageGp:fam 569:4:-1 by blue 435:3:-1 at gen705 Univ0 prob=0.809
​ 199I i:ageGp:fam 522:3:-1 by blue 822:6:-1 at gen712 Univ0 prob=0.612
​ 199I j:ageGp:fam 704:5:-1 by blue 647:4:-1 at gen712 Univ0 prob=0.016
​ 199I i:ageGp:fam 203:2:-1 by blue 822:6:-1 at gen713 Univ0 prob=0.427
​ 202I i:ageGp:fam 467:3:-1 by blue 647:4:-1 at gen721 Univ0 prob=0.505
​ 203I i:ageGp:fam 5:0:-1 by blue 822:6:-1 at gen725 Univ0 prob=0.143
​ 203I i:ageGp:fam 62:1:-1 by blue 647:4:-1 at gen725 Univ0 prob=0.132
​ 203I j:ageGp:fam 742:5:-1 by blue 326:2:-1 at gen725 Univ0 prob=0.034
​ 203I j:ageGp:fam 749:5:-1 by yellow 78:1:-1 at gen726 Univ0 prob=0.125
​ 206I j:ageGp:fam 829:6:-1 by blue 518:3:-1 at gen727 Univ0 prob=0.651
​ 208I i:ageGp:fam 457:3:-1 by blue 870:6:-1 at gen729 Univ0 prob=0.434
​ 209I j:ageGp:fam 815:5:-1 by blue 3:0:-1 at gen732 Univ0 prob=0.719
​ 209I j:ageGp:fam 701:5:-1 by blue 334:2:-1 at gen732 Univ0 prob=0.384
​ 209I j:ageGp:fam 754:5:-1 by blue 37:0:-1 at gen733 Univ0 prob=0.671
​ 212I i:ageGp:fam 242:2:-1 by blue 345:2:-1 at gen735 Univ0 prob=0.360
​ 212I j:ageGp:fam 776:5:-1 by blue 130:1:-1 at gen736 Univ0 prob=0.950
​ 213I j:ageGp:fam 359:3:-1 by blue 71:1:-1 at gen737 Univ0 prob=0.958
​ 213I j:ageGp:fam 570:4:-1 by blue 71:1:-1 at gen737 Univ0 prob=0.271
​ 213I j:ageGp:fam 286:2:-1 by blue 130:1:-1 at gen737 Univ0 prob=0.045
​ 213I i:ageGp:fam 324:2:-1 by blue 744:5:-1 at gen737 Univ0 prob=0.382
​ 218I i:ageGp:fam 321:2:-1 by blue 427:3:-1 at gen741 Univ0 prob=0.176
​ 219I i:ageGp:fam 585:4:-1 by blue 647:4:-1 at gen748 Univ0 prob=0.528
​ 219I j:ageGp:fam 416:3:-1 by blue 78:1:-1 at gen749 Univ0 prob=0.581
​ 220I i:ageGp:fam 625:4:-1 by blue 744:5:-1 at gen750 Univ0 prob=0.127
​ 221I i:ageGp:fam 441:3:-1 by blue 472:3:-1 at gen751 Univ0 prob=0.815
​ 222I i:ageGp:fam 356:2:-1 by blue 427:3:-1 at gen752 Univ0 prob=0.940
​ 223I i:ageGp:fam 168:2:-1 by blue 822:6:-1 at gen753 Univ0 prob=0.559
​ 225I j:ageGp:fam 337:2:-1 by blue 3:0:-1 at gen755 Univ0 prob=0.931
​ 225I j:ageGp:fam 409:3:-1 by blue 3:0:-1 at gen756 Univ0 prob=0.671
​ 225I j:ageGp:fam 588:4:-1 by blue 248:2:-1 at gen756 Univ0 prob=0.449
​ 228I j:ageGp:fam 686:4:-1 by blue 427:3:-1 at gen761 Univ0 prob=0.611
​ 229I j:ageGp:fam 801:5:-1 by yellow 321:2:-1 at gen765 Univ0 prob=0.380
​ 230I i:ageGp:fam 546:4:-1 by blue 704:5:-1 at gen769 Univ0 prob=0.562
​ 230I i:ageGp:fam 288:2:-1 by blue 852:6:-1 at gen770 Univ0 prob=0.513
​ 231I j:ageGp:fam 845:6:-1 by blue 655:4:-1 at gen771 Univ0 prob=0.993
​ 233I j:ageGp:fam 520:3:-1 by yellow 288:2:-1 at gen775 Univ0 prob=0.833
​ 234I j:ageGp:fam 691:5:-1 by blue 569:4:-1 at gen778 Univ0 prob=0.605
​ 235I i:ageGp:fam 95:1:-1 by blue 744:5:-1 at gen781 Univ0 prob=0.206
​ 236I i:ageGp:fam 21:0:-1 by blue 784:5:-1 at gen784 Univ0 prob=0.833
​ 236I i:ageGp:fam 485:3:-1 by blue 569:4:-1 at gen784 Univ0 prob=0.332
​ 236I j:ageGp:fam 369:3:-1 by blue 326:2:-1 at gen785 Univ0 prob=0.709
​ 239I i:ageGp:fam 91:1:-1 by blue 784:5:-1 at gen789 Univ0 prob=0.793
​ 240I i:ageGp:fam 171:2:-1 by yellow 485:3:-1 at gen791 Univ0 prob=0.834
​ 241I j:ageGp:fam 470:3:-1 by blue 78:1:-1 at gen793 Univ0 prob=0.373
​ 241I i:ageGp:fam 614:4:-1 by blue 815:5:-1 at gen794 Univ0 prob=0.376
​ 243I i:ageGp:fam 249:2:-1 by blue 704:5:-1 at gen802 Univ0 prob=0.635
​ 243I i:ageGp:fam 89:1:-1 by blue 585:4:-1 at gen803 Univ0 prob=0.936
​ 243I j:ageGp:fam 390:3:-1 by blue 203:2:-1 at gen803 Univ0 prob=0.539
​ 243I i:ageGp:fam 281:2:-1 by blue 418:3:-1 at gen803 Univ0 prob=0.966
​ 244I j:ageGp:fam 759:5:-1 by blue 457:3:-1 at gen804 Univ0 prob=0.198
​ 248I i:ageGp:fam 294:2:-1 by blue 815:5:-1 at gen806 Univ0 prob=0.532
​ 249I j:ageGp:fam 689:4:-1 by blue 77:1:-1 at gen808 Univ0 prob=0.391
​ 249I i:ageGp:fam 465:3:-1 by blue 815:5:-1 at gen809 Univ0 prob=0.937
​ 251I i:ageGp:fam 18:0:-1 by blue 815:5:-1 at gen811 Univ0 prob=0.469
​ 252I j:ageGp:fam 615:4:-1 by blue 62:1:-1 at gen813 Univ0 prob=0.315
​ 252I j:ageGp:fam 678:4:-1 by blue 62:1:-1 at gen814 Univ0 prob=0.166
​ 253I j:ageGp:fam 350:2:-1 by blue 242:2:-1 at gen815 Univ0 prob=0.638
​ 253I j:ageGp:fam 423:3:-1 by blue 286:2:-1 at gen815 Univ0 prob=0.636
​ 254I j:ageGp:fam 413:3:-1 by blue 203:2:-1 at gen816 Univ0 prob=0.790
​ 257I i:ageGp:fam 26:0:-1 by blue 242:2:-1 at gen819 Univ0 prob=0.524
​ 258I i:ageGp:fam 255:2:-1 by blue 570:4:-1 at gen821 Univ0 prob=0.976
​ 258I i:ageGp:fam 503:3:-1 by blue 815:5:-1 at gen822 Univ0 prob=0.998
​ 260I j:ageGp:fam 861:6:-1 by blue 286:2:-1 at gen824 Univ0 prob=0.973
​ 261I j:ageGp:fam 729:5:-1 by blue 409:3:-1 at gen826 Univ0 prob=0.279
​ 261I i:ageGp:fam 166:2:-1 by blue 815:5:-1 at gen827 Univ0 prob=0.482
​ 262I i:ageGp:fam 131:2:-1 by yellow 166:2:-1 at gen828 Univ0 prob=0.521
​ 263I i:ageGp:fam 116:1:-1 by blue 829:6:-1 at gen829 Univ0 prob=0.600
​ 263I i:ageGp:fam 122:1:-1 by blue 625:4:-1 at gen829 Univ0 prob=0.834
​ 266I j:ageGp:fam 751:5:-1 by blue 359:3:-1 at gen831 Univ0 prob=0.855
​ 267I i:ageGp:fam 269:2:-1 by blue 704:5:-1 at gen833 Univ0 prob=0.788
​ 267I i:ageGp:fam 343:2:-1 by blue 416:3:-1 at gen833 Univ0 prob=0.029
​ 269I j:ageGp:fam 565:4:-1 by blue 416:3:-1 at gen835 Univ0 prob=0.271
​ 270I j:ageGp:fam 685:4:-1 by yellow 269:2:-1 at gen838 Univ0 prob=0.830
​ 270I j:ageGp:fam 592:4:-1 by blue 324:2:-1 at gen838 Univ0 prob=0.463
​ 272I j:ageGp:fam 653:4:-1 by blue 570:4:-1 at gen844 Univ0 prob=0.902
​ 273I i:ageGp:fam 335:2:-1 by blue 570:4:-1 at gen848 Univ0 prob=0.412
​ 274I i:ageGp:fam 102:1:-1 by blue 585:4:-1 at gen850 Univ0 prob=0.585
​ 274I j:ageGp:fam 677:4:-1 by blue 171:2:-1 at gen851 Univ0 prob=0.282
​ 276I i:ageGp:fam 8:0:-1 by blue 409:3:-1 at gen853 Univ0 prob=0.445
​ 277I i:ageGp:fam 36:0:-1 by blue 691:5:-1 at gen855 Univ0 prob=0.995
​ 277I j:ageGp:fam 157:2:-1 by blue 21:0:-1 at gen856 Univ0 prob=0.401
​ 279I j:ageGp:fam 849:6:-1 by yellow 18:0:-1 at gen859 Univ0 prob=0.862
​ 279I j:ageGp:fam 374:3:-1 by blue 337:2:-1 at gen860 Univ0 prob=0.875
​ 279I j:ageGp:fam 544:4:-1 by blue 485:3:-1 at gen860 Univ0 prob=0.663
​ 280I i:ageGp:fam 577:4:-1 by blue 845:6:-1 at gen861 Univ0 prob=0.715
​ 283I i:ageGp:fam 505:3:-1 by blue 691:5:-1 at gen863 Univ0 prob=0.472
​ 283I i:ageGp:fam 400:3:-1 by blue 546:4:-1 at gen864 Univ0 prob=0.097
​ 284I i:ageGp:fam 267:2:-1 by blue 485:3:-1 at gen865 Univ0 prob=0.447
​ 285I j:ageGp:fam 412:3:-1 by blue 369:3:-1 at gen866 Univ0 prob=0.133
​ 287I j:ageGp:fam 595:4:-1 by blue 520:3:-1 at gen869 Univ0 prob=0.506
​ 288I i:ageGp:fam 419:3:-1 by yellow 861:6:-1 at gen872 Univ0 prob=0.496
​ 289I i:ageGp:fam 132:2:-1 by blue 369:3:-1 at gen874 Univ0 prob=0.831
​ 290I j:ageGp:fam 619:4:-1 by blue 350:2:-1 at gen878 Univ0 prob=0.109
​ 290I j:ageGp:fam 536:3:-1 by blue 26:0:-1 at gen879 Univ0 prob=0.120
​ 290I j:ageGp:fam 788:5:-1 by blue 485:3:-1 at gen879 Univ0 prob=0.835
​ 291I i:ageGp:fam 605:4:-1 by blue 801:5:-1 at gen880 Univ0 prob=0.365
​ 293I j:ageGp:fam 637:4:-1 by blue 89:1:-1 at gen881 Univ0 prob=0.120
​ 293I i:ageGp:fam 181:2:-1 by blue 689:4:-1 at gen881 Univ0 prob=0.496
​ 296I i:ageGp:fam 188:2:-1 by blue 281:2:-1 at gen885 Univ0 prob=0.249
​ 297I j:ageGp:fam 633:4:-1 by blue 470:3:-1 at gen887 Univ0 prob=0.745
​ 297I i:ageGp:fam 81:1:-1 by blue 294:2:-1 at gen888 Univ0 prob=0.669
​ 297I j:ageGp:fam 764:5:-1 by blue 95:1:-1 at gen888 Univ0 prob=0.034
​ 300I i:ageGp:fam 97:1:-1 by blue 171:2:-1 at gen890 Univ0 prob=0.669
​ 300I i:ageGp:fam 44:1:-1 by blue 343:2:-1 at gen891 Univ0 prob=0.796
​ 300I j:ageGp:fam 688:4:-1 by blue 520:3:-1 at gen891 Univ0 prob=0.131
​ 303I j:ageGp:fam 753:5:-1 by blue 18:0:-1 at gen893 Univ0 prob=0.270
​ 303I j:ageGp:fam 624:4:-1 by blue 249:2:-1 at gen894 Univ0 prob=0.834
​ 303I i:ageGp:fam 358:2:-1 by blue 861:6:-1 at gen894 Univ0 prob=0.764
​ 306I i:ageGp:fam 55:1:-1 by blue 614:4:-1 at gen897 Univ0 prob=0.422
​ 307I i:ageGp:fam 529:3:-1 by blue 678:4:-1 at gen901 Univ0 prob=0.239
​ 307I j:ageGp:fam 504:3:-1 by blue 281:2:-1 at gen902 Univ0 prob=0.510
​ 309I j:ageGp:fam 665:4:-1 by blue 465:3:-1 at gen904 Univ0 prob=0.483
​ 309I j:ageGp:fam 204:2:-1 by yellow 81:1:-1 at gen905 Univ0 prob=0.167
​ 309I j:ageGp:fam 716:5:-1 by blue 131:2:-1 at gen905 Univ0 prob=0.664
​ 309I j:ageGp:fam 204:2:-1 by blue 166:2:-1 at gen905 Univ0 prob=0.337
​ 312I i:ageGp:fam 312:2:-1 by blue 465:3:-1 at gen911 Univ0 prob=0.303
​ 313I i:ageGp:fam 17:0:-1 by blue 503:3:-1 at gen915 Univ0 prob=0.164
​ 314I i:ageGp:fam 138:2:-1 by blue 166:2:-1 at gen921 Univ0 prob=0.564
​ 314I i:ageGp:fam 210:2:-1 by blue 465:3:-1 at gen921 Univ0 prob=0.030
​ 316I j:ageGp:fam 287:2:-1 by blue 122:1:-1 at gen927 Univ0 prob=0.828
​ 317I j:ageGp:fam 745:5:-1 by blue 343:2:-1 at gen929 Univ0 prob=0.096
​ 318I i:ageGp:fam 149:2:-1 by blue 677:4:-1 at gen932 Univ0 prob=0.127
​ 318I i:ageGp:fam 338:2:-1 by blue 729:5:-1 at gen932 Univ0 prob=0.478
​ 318I i:ageGp:fam 393:3:-1 by blue 678:4:-1 at gen933 Univ0 prob=0.456
​ 320I j:ageGp:fam 272:2:-1 by blue 8:0:-1 at gen934 Univ0 prob=0.461
​ 320I i:ageGp:fam 50:1:-1 by blue 849:6:-1 at gen934 Univ0 prob=0.783
​ 321I i:ageGp:fam 186:2:-1 by blue 677:4:-1 at gen935 Univ0 prob=0.051
​ 323I i:ageGp:fam 239:2:-1 by blue 729:5:-1 at gen936 Univ0 prob=0.675
​ 324I j:ageGp:fam 217:2:-1 by blue 8:0:-1 at gen937 Univ0 prob=0.534
​ 324I j:ageGp:fam 535:3:-1 by blue 503:3:-1 at gen937 Univ0 prob=0.642
​ 327I i:ageGp:fam 527:3:-1 by blue 849:6:-1 at gen940 Univ0 prob=0.933
​ 328I j:ageGp:fam 877:6:-1 by blue 849:6:-1 at gen942 Univ0 prob=0.223
​ 329I i:ageGp:fam 109:1:-1 by blue 374:3:-1 at gen944 Univ0 prob=0.610
​ 329I i:ageGp:fam 660:4:-1 by yellow 665:4:-1 at gen945 Univ0 prob=0.759
​ 331I j:ageGp:fam 987:9:-1 by blue 577:4:-1 at gen947 Univ0 prob=0.957
​ 331I j:ageGp:fam 406:3:-1 by blue 269:2:-1 at gen948 Univ0 prob=0.108
​ 332I i:ageGp:fam 209:2:-1 by blue 849:6:-1 at gen949 Univ0 prob=0.479
​ 332I i:ageGp:fam 212:2:-1 by blue 605:4:-1 at gen949 Univ0 prob=0.830
​ 335I j:ageGp:fam 709:5:-1 by blue 132:2:-1 at gen952 Univ0 prob=0.141
​ 336I j:ageGp:fam 867:6:-1 by blue 102:1:-1 at gen954 Univ0 prob=0.626
​ 337I i:ageGp:fam 376:3:-1 by blue 716:5:-1 at gen956 Univ0 prob=0.469
​ 337I j:ageGp:fam 720:5:-1 by blue 419:3:-1 at gen957 Univ0 prob=0.233
​ 339I j:ageGp:fam 727:5:-1 by blue 412:3:-1 at gen961 Univ0 prob=0.921
​ 339I i:ageGp:fam 61:1:-1 by blue 102:1:-1 at gen962 Univ0 prob=0.804
​ 341I j:ageGp:fam 370:3:-1 by blue 8:0:-1 at gen965 Univ0 prob=0.572
​ 342I j:ageGp:fam 738:5:-1 by blue 419:3:-1 at gen968 Univ0 prob=0.047
​ 342I i:ageGp:fam 156:2:-1 by blue 374:3:-1 at gen969 Univ0 prob=0.368
​ 342I j:ageGp:fam 856:6:-1 by blue 267:2:-1 at gen969 Univ0 prob=0.757
​ 343I j:ageGp:fam 641:4:-1 by blue 55:1:-1 at gen970 Univ0 prob=0.935
​ 345I j:ageGp:fam 596:4:-1 by blue 81:1:-1 at gen971 Univ0 prob=0.543
​ 347I i:ageGp:fam 110:1:-1 by blue 374:3:-1 at gen973 Univ0 prob=0.876
​ 347I j:ageGp:fam 119:1:-1 by blue 44:1:-1 at gen974 Univ0 prob=0.971
​ 347I j:ageGp:fam 786:5:-1 by blue 81:1:-1 at gen974 Univ0 prob=0.453
​ 347I i:ageGp:fam 430:3:-1 by blue 716:5:-1 at gen974 Univ0 prob=0.848
​ 348I j:ageGp:fam 713:5:-1 by yellow 287:2:-1 at gen975 Univ0 prob=0.486
​ 351I i:ageGp:fam 247:2:-1 by blue 633:4:-1 at gen976 Univ0 prob=0.033
​ 352I j:ageGp:fam 437:3:-1 by blue 17:0:-1 at gen977 Univ0 prob=0.578
​ 352I j:ageGp:fam 879:6:-1 by blue 764:5:-1 at gen977 Univ0 prob=0.600
​ 353I i:ageGp:fam 215:2:-1 by blue 400:3:-1 at gen978 Univ0 prob=0.394
​ 356I i:ageGp:fam 600:4:-1 by blue 637:4:-1 at gen981 Univ0 prob=0.490
​ 356I j:ageGp:fam 635:4:-1 by blue 17:0:-1 at gen982 Univ0 prob=0.973
​ 356I i:ageGp:fam 506:3:-1 by blue 849:6:-1 at gen982 Univ0 prob=0.261
​ 359I j:ageGp:fam 336:2:-1 by blue 55:1:-1 at gen984 Univ0 prob=0.249
​ 359I j:ageGp:fam 306:2:-1 by blue 81:1:-1 at gen984 Univ0 prob=0.988
​ 361I j:ageGp:fam 486:3:-1 by blue 17:0:-1 at gen988 Univ0 prob=0.369
​ 361I j:ageGp:fam 778:5:-1 by blue 716:5:-1 at gen989 Univ0 prob=0.138
​ 362I j:ageGp:fam 627:4:-1 by blue 287:2:-1 at gen990 Univ0 prob=0.275
​ 364I j:ageGp:fam 539:3:-1 by blue 188:2:-1 at gen992 Univ0 prob=0.251
​ 364I j:ageGp:fam 629:4:-1 by blue 393:3:-1 at gen992 Univ0 prob=0.286
​ 364I i:ageGp:fam 626:4:-1 by yellow 660:4:-1 at gen993 Univ0 prob=0.588
​ 367I j:ageGp:fam 498:3:-1 by blue 50:1:-1 at gen997 Univ0 prob=0.602
​ 367I j:ageGp:fam 799:5:-1 by blue 753:5:-1 at gen997 Univ0 prob=0.597
​ 369I i:ageGp:fam 198:2:-1 by blue 217:2:-1 at gen1002 Univ0 prob=0.530
​ 369I j:ageGp:fam 499:3:-1 by blue 272:2:-1 at gen1003 Univ0 prob=0.501
​ 370I i:ageGp:fam 233:2:-1 by blue 716:5:-1 at gen1004 Univ0 prob=0.133
​ 371I j:ageGp:fam 899:6:-1 by blue 55:1:-1 at gen1005 Univ0 prob=0.807
​ 371I j:ageGp:fam 552:4:-1 by blue 217:2:-1 at gen1005 Univ0 prob=0.926
​ 372I i:ageGp:fam 27:0:-1 by blue 312:2:-1 at gen1006 Univ0 prob=0.904
​ 372I i:ageGp:fam 185:2:-1 by blue 287:2:-1 at gen1006 Univ0 prob=0.996
​ 374I i:ageGp:fam 236:2:-1 by blue 660:4:-1 at gen1007 Univ0 prob=0.642
​ 374I j:ageGp:fam 313:2:-1 by blue 272:2:-1 at gen1007 Univ0 prob=0.202
​ 376I j:ageGp:fam 258:2:-1 by yellow 233:2:-1 at gen1008 Univ0 prob=0.146
​ 378I j:ageGp:fam 525:3:-1 by blue 239:2:-1 at gen1009 Univ0 prob=0.514
​ 379I j:ageGp:fam 443:3:-1 by blue 204:2:-1 at gen1010 Univ0 prob=0.670
​ 380I i:ageGp:fam 48:1:-1 by blue 239:2:-1 at gen1011 Univ0 prob=0.194
​ 380I j:ageGp:fam 263:2:-1 by green 48:1:-1 at gen1011 Univ0 prob=0.556
​ 380I j:ageGp:fam 263:2:-1 by blue 239:2:-1 at gen1011 Univ0 prob=0.988
​ 381I j:ageGp:fam 254:2:-1 by blue 186:2:-1 at gen1012 Univ0 prob=0.268
​ 381I j:ageGp:fam 226:2:-1 by blue 204:2:-1 at gen1012 Univ0 prob=0.446
​ 383I j:ageGp:fam 894:6:-1 by blue 149:2:-1 at gen1013 Univ0 prob=0.762
​ 383I i:ageGp:fam 175:2:-1 by blue 716:5:-1 at gen1013 Univ0 prob=0.275
​ 383I j:ageGp:fam 900:6:-1 by green 175:2:-1 at gen1013 Univ0 prob=0.109
​ 383I i:ageGp:fam 348:2:-1 by blue 716:5:-1 at gen1013 Univ0 prob=0.508
​ 389I i:ageGp:fam 73:1:-1 by blue 716:5:-1 at gen1017 Univ0 prob=0.910
​ 389I i:ageGp:fam 143:2:-1 by blue 665:4:-1 at gen1018 Univ0 prob=0.875
​ 391I i:ageGp:fam 606:4:-1 by blue 716:5:-1 at gen1020 Univ0 prob=0.991
​ 392I i:ageGp:fam 155:2:-1 by blue 709:5:-1 at gen1024 Univ0 prob=0.867
​ 392I j:ageGp:fam 534:3:-1 by yellow 73:1:-1 at gen1025 Univ0 prob=0.461
​ 393I i:ageGp:fam 173:2:-1 by blue 856:6:-1 at gen1026 Univ0 prob=0.532
​ 394I j:ageGp:fam 851:6:-1 by yellow 198:2:-1 at gen1027 Univ0 prob=0.752
​ 396I j:ageGp:fam 234:2:-1 by blue 217:2:-1 at gen1030 Univ0 prob=0.360
​ 397I j:ageGp:fam 517:3:-1 by blue 109:1:-1 at gen1032 Univ0 prob=0.502
​ 397I i:ageGp:fam 476:3:-1 by blue 635:4:-1 at gen1032 Univ0 prob=0.617
​ 399I j:ageGp:fam 756:5:-1 by blue 272:2:-1 at gen1034 Univ0 prob=0.663
​ 399I j:ageGp:fam 792:5:-1 by blue 215:2:-1 at gen1035 Univ0 prob=0.094
​ 399I j:ageGp:fam 285:2:-1 by blue 247:2:-1 at gen1035 Univ0 prob=0.474
​ 400I j:ageGp:fam 866:6:-1 by blue 338:2:-1 at gen1036 Univ0 prob=0.831
​ 403I j:ageGp:fam 973:8:-1 by blue 338:2:-1 at gen1038 Univ0 prob=0.983
​ 404I j:ageGp:fam 540:3:-1 by yellow 539:3:-1 at gen1040 Univ0 prob=0.523
​ 404I i:ageGp:fam 256:2:-1 by blue 727:5:-1 at gen1041 Univ0 prob=0.934
​ 406I i:ageGp:fam 47:1:-1 by blue 287:2:-1 at gen1043 Univ0 prob=0.627
​ 406I i:ageGp:fam 473:3:-1 by blue 596:4:-1 at gen1043 Univ0 prob=0.634
​ 406I i:ageGp:fam 475:3:-1 by blue 709:5:-1 at gen1043 Univ0 prob=0.942
​ 406I i:ageGp:fam 58:1:-1 by blue 186:2:-1 at gen1044 Univ0 prob=0.433
​ 406I i:ageGp:fam 192:2:-1 by blue 338:2:-1 at gen1044 Univ0 prob=0.518
​ 406I j:ageGp:fam 530:3:-1 by green 192:2:-1 at gen1044 Univ0 prob=0.128
​ 412I j:ageGp:fam 650:4:-1 by blue 156:2:-1 at gen1046 Univ0 prob=0.516
​ 412I j:ageGp:fam 431:3:-1 by blue 430:3:-1 at gen1046 Univ0 prob=0.975
​ 412I i:ageGp:fam 516:3:-1 by blue 720:5:-1 at gen1046 Univ0 prob=0.813
​ 412I j:ageGp:fam 347:2:-1 by blue 110:1:-1 at gen1047 Univ0 prob=0.612
​ 412I i:ageGp:fam 479:3:-1 by blue 486:3:-1 at gen1047 Univ0 prob=0.361
​ 415I i:ageGp:fam 219:2:-1 by blue 786:5:-1 at gen1048 Univ0 prob=0.657
​ 415I i:ageGp:fam 679:4:-1 by blue 856:6:-1 at gen1048 Univ0 prob=0.733
​ 419I i:ageGp:fam 70:1:-1 by blue 596:4:-1 at gen1050 Univ0 prob=0.686
​ 420I j:ageGp:fam 767:5:-1 by blue 600:4:-1 at gen1053 Univ0 prob=0.629
​ 421I j:ageGp:fam 448:3:-1 by blue 370:3:-1 at gen1055 Univ0 prob=0.512
​ 421I j:ageGp:fam 737:5:-1 by blue 376:3:-1 at gen1056 Univ0 prob=0.896
​ 422I j:ageGp:fam 944:7:-1 by blue 539:3:-1 at gen1057 Univ0 prob=0.972
​ 424I j:ageGp:fam 760:5:-1 by blue 552:4:-1 at gen1059 Univ0 prob=0.100
​ 425I i:ageGp:fam 240:2:-1 by blue 486:3:-1 at gen1061 Univ0 prob=0.010
​ 425I i:ageGp:fam 45:1:-1 by blue 348:2:-1 at gen1062 Univ0 prob=0.228
​ 425I i:ageGp:fam 394:3:-1 by blue 778:5:-1 at gen1062 Univ0 prob=0.905
​ 428I i:ageGp:fam 9:0:-1 by blue 313:2:-1 at gen1064 Univ0 prob=0.001
​ 428I i:ageGp:fam 66:1:-1 by blue 370:3:-1 at gen1064 Univ0 prob=0.598
​ 428I i:ageGp:fam 329:2:-1 by blue 627:4:-1 at gen1065 Univ0 prob=0.836
​ 430I j:ageGp:fam 669:4:-1 by blue 596:4:-1 at gen1066 Univ0 prob=0.738
​ 431I i:ageGp:fam 284:2:-1 by blue 600:4:-1 at gen1067 Univ0 prob=0.388
​ 432I i:ageGp:fam 436:3:-1 by blue 486:3:-1 at gen1068 Univ0 prob=0.253
​ 433I i:ageGp:fam 651:4:-1 by blue 799:5:-1 at gen1069 Univ0 prob=0.230
​ 434I i:ageGp:fam 663:4:-1 by blue 856:6:-1 at gen1070 Univ0 prob=0.104
​ 435I j:ageGp:fam 237:2:-1 by blue 110:1:-1 at gen1071 Univ0 prob=0.527
​ 437I j:ageGp:fam 985:9:-1 by blue 336:2:-1 at gen1073 Univ0 prob=0.960
​ 437I j:ageGp:fam 528:3:-1 by blue 525:3:-1 at gen1074 Univ0 prob=0.442
​ 438I i:ageGp:fam 466:3:-1 by blue 506:3:-1 at gen1075 Univ0 prob=0.590
​ 439I j:ageGp:fam 573:4:-1 by blue 48:1:-1 at gen1076 Univ0 prob=0.406
​ 440I j:ageGp:fam 450:3:-1 by blue 73:1:-1 at gen1077 Univ0 prob=0.144
​ 442I i:ageGp:fam 86:1:-1 by blue 263:2:-1 at gen1079 Univ0 prob=0.472
​ 442I j:ageGp:fam 480:3:-1 by blue 185:2:-1 at gen1080 Univ0 prob=0.805
​ 442I j:ageGp:fam 876:6:-1 by blue 437:3:-1 at gen1080 Univ0 prob=0.699
​ 445I i:ageGp:fam 117:1:-1 by blue 233:2:-1 at gen1082 Univ0 prob=0.280
​ 445I i:ageGp:fam 567:4:-1 by blue 596:4:-1 at gen1083 Univ0 prob=0.067
​ 446I i:ageGp:fam 368:3:-1 by blue 517:3:-1 at gen1084 Univ0 prob=0.221
​ 447I j:ageGp:fam 521:3:-1 by yellow 117:1:-1 at gen1085 Univ0 prob=0.449
​ 448I j:ageGp:fam 351:2:-1 by blue 263:2:-1 at gen1086 Univ0 prob=0.783
​ 449I i:ageGp:fam 471:3:-1 by blue 641:4:-1 at gen1087 Univ0 prob=0.028
​ 450I i:ageGp:fam 508:3:-1 by blue 600:4:-1 at gen1088 Univ0 prob=0.343
​ 451I i:ageGp:fam 386:3:-1 by blue 525:3:-1 at gen1089 Univ0 prob=0.374
​ 452I j:ageGp:fam 169:2:-1 by yellow 45:1:-1 at gen1090 Univ0 prob=0.731
​ 452I i:ageGp:fam 139:2:-1 by blue 552:4:-1 at gen1090 Univ0 prob=0.800
​ 453I i:ageGp:fam 262:2:-1 by yellow 473:3:-1 at gen1091 Univ0 prob=0.264
​ 456I i:ageGp:fam 364:3:-1 by blue 498:3:-1 at gen1093 Univ0 prob=0.015
​ 456I i:ageGp:fam 638:4:-1 by blue 713:5:-1 at gen1094 Univ0 prob=0.581
​ 457I i:ageGp:fam 190:2:-1 by yellow 347:2:-1 at gen1095 Univ0 prob=0.497
​ 459I j:ageGp:fam 910:7:-1 by blue 539:3:-1 at gen1097 Univ0 prob=0.974
​ 460I j:ageGp:fam 243:2:-1 by blue 47:1:-1 at gen1100 Univ0 prob=0.143
​ 460I j:ageGp:fam 795:5:-1 by blue 498:3:-1 at gen1101 Univ0 prob=0.616
​ 461I i:ageGp:fam 202:2:-1 by blue 600:4:-1 at gen1102 Univ0 prob=0.506
​ 462I j:ageGp:fam 105:1:-1 by blue 48:1:-1 at gen1103 Univ0 prob=0.233
​ 463I i:ageGp:fam 33:0:-1 by yellow 737:5:-1 at gen1104 Univ0 prob=0.181
​ 464I i:ageGp:fam 30:0:-1 by blue 198:2:-1 at gen1105 Univ0 prob=0.285
​ 464I j:ageGp:fam 683:4:-1 by blue 263:2:-1 at gen1105 Univ0 prob=0.887
​ 464I i:ageGp:fam 367:3:-1 by blue 627:4:-1 at gen1105 Univ0 prob=0.390
​ 464I i:ageGp:fam 551:4:-1 by blue 900:6:-1 at gen1105 Univ0 prob=0.635
​ 465I i:ageGp:fam 161:2:-1 by blue 606:4:-1 at gen1106 Univ0 prob=0.041
​ 465I i:ageGp:fam 693:5:-1 by blue 851:6:-1 at gen1106 Univ0 prob=0.014
​ 471I j:ageGp:fam 123:1:-1 by blue 73:1:-1 at gen1110 Univ0 prob=0.119
​ 472I i:ageGp:fam 1:0:-1 by blue 254:2:-1 at gen1112 Univ0 prob=0.950
​ 472I j:ageGp:fam 611:4:-1 by blue 234:2:-1 at gen1112 Univ0 prob=0.421
​ 472I i:ageGp:fam 59:1:-1 by blue 540:3:-1 at gen1113 Univ0 prob=0.766
​ 472I i:ageGp:fam 444:3:-1 by blue 627:4:-1 at gen1113 Univ0 prob=0.932
​ 474I j:ageGp:fam 645:4:-1 by blue 443:3:-1 at gen1114 Univ0 prob=0.530
​ 476I j:ageGp:fam 757:5:-1 by blue 285:2:-1 at gen1115 Univ0 prob=0.570
​ 477I i:ageGp:fam 583:4:-1 by blue 944:7:-1 at gen1116 Univ0 prob=0.826
​ 479I j:ageGp:fam 781:5:-1 by blue 348:2:-1 at gen1118 Univ0 prob=0.567
​ 479I i:ageGp:fam 447:3:-1 by blue 479:3:-1 at gen1119 Univ0 prob=0.332
​ 480I i:ageGp:fam 304:2:-1 by blue 443:3:-1 at gen1120 Univ0 prob=0.066
​ 482I i:ageGp:fam 94:1:-1 by blue 475:3:-1 at gen1125 Univ0 prob=0.680
​ 482I j:ageGp:fam 547:4:-1 by blue 528:3:-1 at gen1126 Univ0 prob=0.456
​ 482I j:ageGp:fam 603:4:-1 by blue 528:3:-1 at gen1126 Univ0 prob=0.172
​ 485I i:ageGp:fam 828:6:-1 by blue 851:6:-1 at gen1129 Univ0 prob=0.924
​ 486I i:ageGp:fam 309:2:-1 by blue 760:5:-1 at gen1132 Univ0 prob=0.232
​ 487I j:ageGp:fam 714:5:-1 by blue 240:2:-1 at gen1137 Univ0 prob=0.957
​ 487I j:ageGp:fam 769:5:-1 by blue 47:1:-1 at gen1138 Univ0 prob=0.618
​ 487I j:ageGp:fam 252:2:-1 by blue 66:1:-1 at gen1138 Univ0 prob=0.325
​ 490I j:ageGp:fam 380:3:-1 by blue 155:2:-1 at gen1141 Univ0 prob=0.796
​ 490I i:ageGp:fam 195:2:-1 by blue 329:2:-1 at gen1141 Univ0 prob=0.448
​ 490I j:ageGp:fam 129:1:-1 by blue 47:1:-1 at gen1142 Univ0 prob=0.066
​ 493I i:ageGp:fam 172:2:-1 by blue 237:2:-1 at gen1144 Univ0 prob=0.142
​ 494I j:ageGp:fam 765:5:-1 by blue 386:3:-1 at gen1147 Univ0 prob=0.901
​ 494I j:ageGp:fam 560:4:-1 by blue 431:3:-1 at gen1148 Univ0 prob=0.749
​ 495I i:ageGp:fam 20:0:-1 by blue 944:7:-1 at gen1149 Univ0 prob=0.562
​ 496I i:ageGp:fam 24:0:-1 by blue 679:4:-1 at gen1150 Univ0 prob=0.373
​ 496I j:ageGp:fam 265:2:-1 by blue 70:1:-1 at gen1150 Univ0 prob=0.500
​ 496I i:ageGp:fam 104:1:-1 by blue 517:3:-1 at gen1150 Univ0 prob=0.505
​ 497I i:ageGp:fam 54:1:-1 by blue 329:2:-1 at gen1151 Univ0 prob=0.125
​ 497I i:ageGp:fam 191:2:-1 by blue 329:2:-1 at gen1151 Univ0 prob=0.168
​ 502I i:ageGp:fam 39:0:-1 by blue 473:3:-1 at gen1153 Univ0 prob=0.944
​ 502I i:ageGp:fam 101:1:-1 by blue 448:3:-1 at gen1153 Univ0 prob=0.308
​ 504I i:ageGp:fam 385:3:-1 by blue 521:3:-1 at gen1156 Univ0 prob=0.165
​ 505I j:ageGp:fam 290:2:-1 by blue 70:1:-1 at gen1158 Univ0 prob=0.133
​ 505I j:ageGp:fam 511:3:-1 by yellow 101:1:-1 at gen1158 Univ0 prob=0.059
​ 507I j:ageGp:fam 819:5:-1 by blue 262:2:-1 at gen1160 Univ0 prob=0.858
​ 507I j:ageGp:fam 789:5:-1 by yellow 59:1:-1 at gen1161 Univ0 prob=0.279
​ 507I j:ageGp:fam 429:3:-1 by blue 368:3:-1 at gen1161 Univ0 prob=0.075
​ 507I j:ageGp:fam 562:4:-1 by blue 521:3:-1 at gen1161 Univ0 prob=0.032
​ 508I j:ageGp:fam 680:4:-1 by blue 669:4:-1 at gen1162 Univ0 prob=0.468
​ 512I i:ageGp:fam 115:1:-1 by blue 645:4:-1 at gen1164 Univ0 prob=0.441
​ 512I j:ageGp:fam 411:3:-1 by blue 192:2:-1 at gen1165 Univ0 prob=0.918
​ 512I j:ageGp:fam 316:2:-1 by blue 243:2:-1 at gen1165 Univ0 prob=0.423
​ 512I j:ageGp:fam 594:4:-1 by blue 262:2:-1 at gen1165 Univ0 prob=0.184
​ 516I j:ageGp:fam 881:6:-1 by blue 262:2:-1 at gen1170 Univ0 prob=0.851
​ 516I i:ageGp:fam 270:2:-1 by blue 985:9:-1 at gen1171 Univ0 prob=0.681
​ 518I j:ageGp:fam 440:3:-1 by yellow 94:1:-1 at gen1175 Univ0 prob=0.389
​ 518I j:ageGp:fam 442:3:-1 by blue 262:2:-1 at gen1176 Univ0 prob=0.335
​ 520I i:ageGp:fam 399:3:-1 by blue 436:3:-1 at gen1178 Univ0 prob=0.920
​ 520I i:ageGp:fam 408:3:-1 by blue 551:4:-1 at gen1178 Univ0 prob=0.566
​ 520I j:ageGp:fam 512:3:-1 by blue 466:3:-1 at gen1178 Univ0 prob=0.953
​ 523I j:ageGp:fam 906:7:-1 by blue 243:2:-1 at gen1182 Univ0 prob=0.979
​ 523I j:ageGp:fam 889:6:-1 by blue 30:0:-1 at gen1183 Univ0 prob=0.717
​ 523I j:ageGp:fam 929:7:-1 by blue 94:1:-1 at gen1183 Univ0 prob=0.994
​ 526I j:ageGp:fam 332:2:-1 by blue 105:1:-1 at gen1187 Univ0 prob=0.706
​ 526I j:ageGp:fam 728:5:-1 by blue 466:3:-1 at gen1187 Univ0 prob=0.597
​ 526I i:ageGp:fam 644:4:-1 by blue 683:4:-1 at gen1187 Univ0 prob=0.169
​ 526I j:ageGp:fam 687:4:-1 by blue 683:4:-1 at gen1187 Univ0 prob=0.866
​ 530I i:ageGp:fam 357:2:-1 by blue 367:3:-1 at gen1189 Univ0 prob=0.509
​ 531I i:ageGp:fam 182:2:-1 by blue 195:2:-1 at gen1191 Univ0 prob=0.843
​ 531I i:ageGp:fam 260:2:-1 by blue 450:3:-1 at gen1191 Univ0 prob=0.149
​ 533I i:ageGp:fam 31:0:-1 by blue 521:3:-1 at gen1195 Univ0 prob=0.008
​ 534I j:ageGp:fam 816:5:-1 by blue 129:1:-1 at gen1197 Univ0 prob=0.767
​ 535I i:ageGp:fam 283:2:-1 by blue 638:4:-1 at gen1200 Univ0 prob=0.861
​ 536I j:ageGp:fam 246:2:-1 by blue 24:0:-1 at gen1203 Univ0 prob=0.544
​ 536I j:ageGp:fam 578:4:-1 by blue 551:4:-1 at gen1203 Univ0 prob=0.353
​ 538I j:ageGp:fam 622:4:-1 by blue 551:4:-1 at gen1208 Univ0 prob=0.152
​ 538I i:ageGp:fam 602:4:-1 by blue 645:4:-1 at gen1209 Univ0 prob=0.154
​ 539I i:ageGp:fam 124:1:-1 by blue 551:4:-1 at gen1210 Univ0 prob=0.810
​ 540I i:ageGp:fam 112:1:-1 by blue 304:2:-1 at gen1211 Univ0 prob=0.106
​ 542I j:ageGp:fam 462:3:-1 by blue 195:2:-1 at gen1213 Univ0 prob=0.492
​ 542I i:ageGp:fam 396:3:-1 by blue 769:5:-1 at gen1214 Univ0 prob=0.281
​ 544I i:ageGp:fam 121:1:-1 by blue 195:2:-1 at gen1216 Univ0 prob=0.809
​ 545I i:ageGp:fam 224:2:-1 by blue 551:4:-1 at gen1218 Univ0 prob=0.503
​ 546I j:ageGp:fam 327:2:-1 by blue 39:0:-1 at gen1221 Univ0 prob=0.024
​ 546I j:ageGp:fam 841:6:-1 by blue 769:5:-1 at gen1221 Univ0 prob=0.665
​ 546I j:ageGp:fam 840:6:-1 by blue 104:1:-1 at gen1222 Univ0 prob=0.872
​ 548I i:ageGp:fam 590:4:-1 by blue 769:5:-1 at gen1223 Univ0 prob=0.003
​ 550I j:ageGp:fam 141:2:-1 by blue 104:1:-1 at gen1226 Univ0 prob=0.061
​ 550I i:ageGp:fam 264:2:-1 by blue 309:2:-1 at gen1227 Univ0 prob=0.908
​ 552I j:ageGp:fam 887:6:-1 by blue 309:2:-1 at gen1229 Univ0 prob=0.626
​ 552I i:ageGp:fam 137:2:-1 by blue 769:5:-1 at gen1230 Univ0 prob=0.448
​ 553I i:ageGp:fam 151:2:-1 by blue 765:5:-1 at gen1231 Univ0 prob=0.373
​ 555I i:ageGp:fam 417:3:-1 by blue 819:5:-1 at gen1233 Univ0 prob=0.605
​ 555I j:ageGp:fam 389:3:-1 by blue 20:0:-1 at gen1234 Univ0 prob=0.966
​ 555I j:ageGp:fam 817:5:-1 by blue 309:2:-1 at gen1234 Univ0 prob=0.045
​ 555I j:ageGp:fam 826:6:-1 by blue 819:5:-1 at gen1234 Univ0 prob=0.256
​ 559I i:ageGp:fam 397:3:-1 by blue 560:4:-1 at gen1236 Univ0 prob=0.841
​ 559I i:ageGp:fam 384:3:-1 by blue 594:4:-1 at gen1237 Univ0 prob=0.087
​ 560I i:ageGp:fam 160:2:-1 by blue 429:3:-1 at gen1238 Univ0 prob=0.759
​ 560I i:ageGp:fam 276:2:-1 by blue 819:5:-1 at gen1238 Univ0 prob=0.346
​ 563I i:ageGp:fam 515:3:-1 by blue 562:4:-1 at gen1241 Univ0 prob=0.657
​ 564I i:ageGp:fam 640:4:-1 by blue 881:6:-1 at gen1243 Univ0 prob=0.862
​ 565I j:ageGp:fam 808:5:-1 by blue 265:2:-1 at gen1249 Univ0 prob=0.925
​ 565I j:ageGp:fam 721:5:-1 by blue 265:2:-1 at gen1250 Univ0 prob=0.215
​ 566I i:ageGp:fam 241:2:-1 by blue 385:3:-1 at gen1251 Univ0 prob=0.119
​ 566I i:ageGp:fam 266:2:-1 by blue 442:3:-1 at gen1251 Univ0 prob=0.761
​ 569I j:ageGp:fam 901:6:-1 by blue 411:3:-1 at gen1253 Univ0 prob=0.655
​ 569I i:ageGp:fam 4:0:-1 by blue 129:1:-1 at gen1254 Univ0 prob=0.464
​ 570I i:ageGp:fam 67:1:-1 by blue 380:3:-1 at gen1255 Univ0 prob=0.791
​ 570I i:ageGp:fam 500:3:-1 by blue 881:6:-1 at gen1255 Univ0 prob=0.851
​ 573I i:ageGp:fam 127:1:-1 by blue 385:3:-1 at gen1258 Univ0 prob=0.129
​ 573I j:ageGp:fam 661:4:-1 by blue 191:2:-1 at gen1258 Univ0 prob=0.191
​ 573I j:ageGp:fam 859:6:-1 by blue 512:3:-1 at gen1258 Univ0 prob=0.092
​ 573I i:ageGp:fam 549:4:-1 by blue 594:4:-1 at gen1258 Univ0 prob=0.658
​ 577I j:ageGp:fam 874:6:-1 by blue 24:0:-1 at gen1260 Univ0 prob=0.377
​ 577I j:ageGp:fam 589:4:-1 by yellow 127:1:-1 at gen1260 Univ0 prob=0.908
​ 577I j:ageGp:fam 289:2:-1 by blue 104:1:-1 at gen1261 Univ0 prob=0.512
​ 577I i:ageGp:fam 220:2:-1 by blue 385:3:-1 at gen1261 Univ0 prob=0.703
​ 577I j:ageGp:fam 712:5:-1 by blue 265:2:-1 at gen1261 Univ0 prob=0.844
​ 582I i:ageGp:fam 519:3:-1 by blue 765:5:-1 at gen1264 Univ0 prob=0.562
​ 582I j:ageGp:fam 46:1:-1 by yellow 4:0:-1 at gen1265 Univ0 prob=0.362
​ 582I j:ageGp:fam 692:5:-1 by blue 562:4:-1 at gen1265 Univ0 prob=0.474
​ 583I j:ageGp:fam 758:5:-1 by yellow 224:2:-1 at gen1266 Univ0 prob=0.613
​ 586I j:ageGp:fam 891:6:-1 by blue 385:3:-1 at gen1268 Univ0 prob=0.382
​ 586I j:ageGp:fam 584:4:-1 by blue 265:2:-1 at gen1269 Univ0 prob=0.641
​ 586I j:ageGp:fam 342:2:-1 by blue 316:2:-1 at gen1269 Univ0 prob=0.028
​ 589I j:ageGp:fam 494:3:-1 by blue 115:1:-1 at gen1272 Univ0 prob=0.468
​ 589I j:ageGp:fam 824:6:-1 by blue 562:4:-1 at gen1273 Univ0 prob=0.543
​ 590I i:ageGp:fam 478:3:-1 by blue 590:4:-1 at gen1274 Univ0 prob=0.369
​ 591I i:ageGp:fam 118:1:-1 by blue 182:2:-1 at gen1275 Univ0 prob=0.604
​ 593I j:ageGp:fam 857:6:-1 by blue 141:2:-1 at gen1281 Univ0 prob=0.292
​ 593I j:ageGp:fam 57:1:-1 by blue 31:0:-1 at gen1282 Univ0 prob=0.426
​ 594I j:ageGp:fam 858:6:-1 by blue 578:4:-1 at gen1283 Univ0 prob=0.486
​ 596I i:ageGp:fam 197:2:-1 by blue 283:2:-1 at gen1286 Univ0 prob=0.768
​ 597I i:ageGp:fam 673:4:-1 by blue 906:7:-1 at gen1288 Univ0 prob=0.316
​ 597I i:ageGp:fam 106:1:-1 by blue 590:4:-1 at gen1289 Univ0 prob=0.086
​ 598I i:ageGp:fam 99:1:-1 by blue 224:2:-1 at gen1290 Univ0 prob=0.287
​ 598I j:ageGp:fam 696:5:-1 by blue 408:3:-1 at gen1290 Univ0 prob=0.387
​ 599I i:ageGp:fam 823:6:-1 by blue 826:6:-1 at gen1291 Univ0 prob=0.369
​ 602I i:ageGp:fam 383:3:-1 by blue 384:3:-1 at gen1293 Univ0 prob=0.257
​ 603I i:ageGp:fam 582:4:-1 by blue 929:7:-1 at gen1297 Univ0 prob=0.561
​ 604I i:ageGp:fam 382:3:-1 by blue 906:7:-1 at gen1299 Univ0 prob=0.499
​ 604I i:ageGp:fam 69:1:-1 by blue 929:7:-1 at gen1300 Univ0 prob=0.237
​ 606I j:ageGp:fam 890:6:-1 by blue 602:4:-1 at gen1305 Univ0 prob=0.595
​ 606I j:ageGp:fam 882:6:-1 by blue 728:5:-1 at gen1305 Univ0 prob=0.419
​ 608I j:ageGp:fam 432:3:-1 by blue 397:3:-1 at gen1308 Univ0 prob=0.947
​ 608I j:ageGp:fam 863:6:-1 by blue 417:3:-1 at gen1308 Univ0 prob=0.956
​ 610I j:ageGp:fam 360:3:-1 by blue 151:2:-1 at gen1311 Univ0 prob=0.129
​ 610I j:ageGp:fam 162:2:-1 by blue 137:2:-1 at gen1312 Univ0 prob=0.054
​ 612I j:ageGp:fam 550:4:-1 by blue 137:2:-1 at gen1314 Univ0 prob=0.633
​ 612I i:ageGp:fam 554:4:-1 by blue 859:6:-1 at gen1315 Univ0 prob=0.708
​ 614I i:ageGp:fam 12:0:-1 by blue 712:5:-1 at gen1317 Univ0 prob=0.568
​ 614I i:ageGp:fam 302:2:-1 by blue 640:4:-1 at gen1317 Univ0 prob=0.904
​ 614I i:ageGp:fam 19:0:-1 by blue 384:3:-1 at gen1318 Univ0 prob=0.894
​ 616I j:ageGp:fam 402:3:-1 by yellow 302:2:-1 at gen1319 Univ0 prob=0.142
​ 618I i:ageGp:fam 135:2:-1 by blue 590:4:-1 at gen1321 Univ0 prob=0.566
​ 618I i:ageGp:fam 231:2:-1 by blue 384:3:-1 at gen1322 Univ0 prob=0.538
​ 620I i:ageGp:fam 184:2:-1 by blue 640:4:-1 at gen1324 Univ0 prob=0.118
​ 620I j:ageGp:fam 731:5:-1 by blue 515:3:-1 at gen1325 Univ0 prob=0.955
​ 621I j:ageGp:fam 297:2:-1 by yellow 184:2:-1 at gen1326 Univ0 prob=0.932
​ 623I j:ageGp:fam 458:3:-1 by blue 127:1:-1 at gen1329 Univ0 prob=0.777
​ 623I j:ageGp:fam 608:4:-1 by blue 266:2:-1 at gen1330 Univ0 prob=0.392
​ 624I i:ageGp:fam 273:2:-1 by blue 515:3:-1 at gen1331 Univ0 prob=0.078
​ 625I j:ageGp:fam 597:4:-1 by blue 141:2:-1 at gen1332 Univ0 prob=0.154
​ 625I i:ageGp:fam 794:5:-1 by blue 840:6:-1 at gen1332 Univ0 prob=0.443
​ 626I j:ageGp:fam 768:5:-1 by yellow 99:1:-1 at gen1333 Univ0 prob=0.536
​ 626I j:ageGp:fam 300:2:-1 by blue 124:1:-1 at gen1333 Univ0 prob=0.078
​ 630I j:ageGp:fam 507:3:-1 by blue 141:2:-1 at gen1337 Univ0 prob=0.812
​ 630I i:ageGp:fam 163:2:-1 by blue 721:5:-1 at gen1337 Univ0 prob=0.023
​ 632I i:ageGp:fam 167:2:-1 by blue 327:2:-1 at gen1341 Univ0 prob=0.370
​ 633I i:ageGp:fam 387:3:-1 by blue 826:6:-1 at gen1343 Univ0 prob=0.274
​ 634I i:ageGp:fam 502:3:-1 by blue 874:6:-1 at gen1345 Univ0 prob=0.648
​ 635I j:ageGp:fam 818:5:-1 by blue 106:1:-1 at gen1348 Univ0 prob=0.680
​ 636I j:ageGp:fam 556:4:-1 by blue 118:1:-1 at gen1354 Univ0 prob=0.756
​ 636I j:ageGp:fam 734:5:-1 by blue 383:3:-1 at gen1355 Univ0 prob=0.671
​ 637I j:ageGp:fam 726:5:-1 by blue 696:5:-1 at gen1356 Univ0 prob=0.837
​ 638I i:ageGp:fam 702:5:-1 by blue 858:6:-1 at gen1357 Univ0 prob=0.979
​ 640I j:ageGp:fam 496:3:-1 by blue 99:1:-1 at gen1359 Univ0 prob=0.967
​ 641I j:ageGp:fam 868:6:-1 by blue 500:3:-1 at gen1361 Univ0 prob=0.707
​ 642I i:ageGp:fam 559:4:-1 by blue 857:6:-1 at gen1363 Univ0 prob=0.726
​ 643I j:ageGp:fam 414:3:-1 by yellow 302:2:-1 at gen1369 Univ0 prob=0.170
​ 644I i:ageGp:fam 211:2:-1 by blue 432:3:-1 at gen1372 Univ0 prob=0.228
​ 645I j:ageGp:fam 989:9:-1 by blue 858:6:-1 at gen1374 Univ0 prob=0.963
​ 646I j:ageGp:fam 805:5:-1 by blue 589:4:-1 at gen1377 Univ0 prob=0.286
​ 648I i:ageGp:fam 741:5:-1 by blue 882:6:-1 at gen1380 Univ0 prob=0.933
​ 648I i:ageGp:fam 53:1:-1 by blue 891:6:-1 at gen1381 Univ0 prob=0.776
​ 649I j:ageGp:fam 607:4:-1 by yellow 53:1:-1 at gen1382 Univ0 prob=0.388
​ 651I j:ageGp:fam 791:5:-1 by blue 597:4:-1 at gen1386 Univ0 prob=0.928
​ 651I j:ageGp:fam 896:6:-1 by blue 383:3:-1 at gen1387 Univ0 prob=0.410
​ 653I i:ageGp:fam 194:2:-1 by blue 302:2:-1 at gen1392 Univ0 prob=0.518
​ 653I j:ageGp:fam 825:6:-1 by blue 57:1:-1 at gen1393 Univ0 prob=0.490
​ 655I j:ageGp:fam 456:3:-1 by blue 231:2:-1 at gen1395 Univ0 prob=0.439
​ 656I j:ageGp:fam 730:5:-1 by blue 99:1:-1 at gen1398 Univ0 prob=0.930
​ 656I i:ageGp:fam 13:0:-1 by blue 106:1:-1 at gen1399 Univ0 prob=0.968
​ 657I j:ageGp:fam 674:4:-1 by blue 297:2:-1 at gen1400 Univ0 prob=0.555
​ 659I j:ageGp:fam 392:3:-1 by blue 19:0:-1 at gen1403 Univ0 prob=0.902
​ 659I i:ageGp:fam 22:0:-1 by yellow 194:2:-1 at gen1404 Univ0 prob=0.492
​ 659I i:ageGp:fam 85:1:-1 by blue 597:4:-1 at gen1404 Univ0 prob=0.150
​ 662I j:ageGp:fam 855:6:-1 by blue 99:1:-1 at gen1408 Univ0 prob=0.144
​ 663I j:ageGp:fam 216:2:-1 by blue 69:1:-1 at gen1415 Univ0 prob=0.448
​ 664I j:ageGp:fam 779:5:-1 by blue 768:5:-1 at gen1417 Univ0 prob=0.804
​ 665I j:ageGp:fam 787:5:-1 by blue 360:3:-1 at gen1419 Univ0 prob=0.004
​ 666I j:ageGp:fam 809:5:-1 by blue 135:2:-1 at gen1421 Univ0 prob=0.459
​ 666I i:ageGp:fam 153:2:-1 by blue 231:2:-1 at gen1422 Univ0 prob=0.875
​ 668I i:ageGp:fam 125:1:-1 by blue 768:5:-1 at gen1425 Univ0 prob=0.068
​ 669I j:ageGp:fam 671:4:-1 by blue 297:2:-1 at gen1432 Univ0 prob=0.664
​ 669I j:ageGp:fam 798:5:-1 by blue 414:3:-1 at gen1433 Univ0 prob=0.697
​ 669I i:ageGp:fam 658:4:-1 by blue 818:5:-1 at gen1433 Univ0 prob=0.686
​ 672I i:ageGp:fam 446:3:-1 by blue 559:4:-1 at gen1438 Univ0 prob=0.147
​ 672I j:ageGp:fam 886:6:-1 by blue 0:-1:-1 at gen1439 Univ0 prob=0.975
​ 673I j:ageGp:fam 780:5:-1 by yellow 194:2:-1 at gen1440 Univ0 prob=0.606
​ 675I i:ageGp:fam 526:3:-1 by blue 791:5:-1 at gen1448 Univ0 prob=0.237
​ 676I j:ageGp:fam 134:2:-1 by blue 0:-1:-1 at gen1450 Univ0 prob=0.934
​ 677I i:ageGp:fam 63:1:-1 by blue 674:4:-1 at gen1452 Univ0 prob=0.395
​ 677I i:ageGp:fam 25:0:-1 by blue 85:1:-1 at gen1453 Univ0 prob=0.818
​ 677I i:ageGp:fam 96:1:-1 by blue 414:3:-1 at gen1453 Univ0 prob=0.092
​ 680I i:ageGp:fam 35:0:-1 by blue 507:3:-1 at gen1456 Univ0 prob=0.666
​ 681I i:ageGp:fam 68:1:-1 by blue 791:5:-1 at gen1459 Univ0 prob=0.371
​ 681I j:ageGp:fam 232:2:-1 by blue 85:1:-1 at gen1459 Univ0 prob=0.269
​ 681I j:ageGp:fam 314:2:-1 by blue 85:1:-1 at gen1459 Univ0 prob=0.620
​ 681I j:ageGp:fam 405:3:-1 by blue 392:3:-1 at gen1459 Univ0 prob=0.838
​ 685I i:ageGp:fam 64:1:-1 by blue 818:5:-1 at gen1464 Univ0 prob=0.934
​ 686I j:ageGp:fam 864:6:-1 by blue 194:2:-1 at gen1469 Univ0 prob=0.725
​ 686I i:ageGp:fam 354:2:-1 by blue 456:3:-1 at gen1469 Univ0 prob=0.464
​ 688I j:ageGp:fam 424:3:-1 by blue 414:3:-1 at gen1478 Univ0 prob=0.614
​ 688I i:ageGp:fam 433:3:-1 by blue 779:5:-1 at gen1479 Univ0 prob=0.415
​ 690I j:ageGp:fam 133:2:-1 by blue 85:1:-1 at gen1487 Univ0 prob=0.824
​ 690I i:ageGp:fam 545:4:-1 by blue 671:4:-1 at gen1487 Univ0 prob=0.657
AgeVaxH35.js:2202 692I j:ageGp:fam 200:2:-1 by blue 13:0:-1 at gen1489 Univ0 prob=0.851
AgeVaxH35.js:2221 692I i:ageGp:fam 571:4:-1 by blue 896:6:-1 at gen1489 Univ0 prob=0.434
AgeVaxH35.js:2221 692I i:ageGp:fam 23:0:-1 by blue 85:1:-1 at gen1490 Univ0 prob=0.769
AgeVaxH35.js:2221 694I i:ageGp:fam 699:5:-1 by blue 855:6:-1 at gen1491 Univ0 prob=0.152
AgeVaxH35.js:2202 696I j:ageGp:fam 748:5:-1 by blue 85:1:-1 at gen1496 Univ0 prob=0.766
AgeVaxH35.js:2202 696I j:ageGp:fam 616:4:-1 by blue 216:2:-1 at gen1497 Univ0 prob=0.816
AgeVaxH35.js:2202 697I j:ageGp:fam 821:6:-1 by blue 0:-1:-1 at gen1498 Univ0 prob=0.456
AgeVaxH35.js:2202 698I j:ageGp:fam 114:1:-1 by blue 85:1:-1 at gen1499 Univ0 prob=0.880
AgeVaxH35.js:2221 700I i:ageGp:fam 421:3:-1 by blue 779:5:-1 at gen1503 Univ0 prob=0.400
AgeVaxH35.js:2221 700I i:ageGp:fam 2:0:-1 by blue 671:4:-1 at gen1504 Univ0 prob=0.684
AgeVaxH35.js:2202 702I j:ageGp:fam 710:5:-1 by blue 22:0:-1 at gen1511 Univ0 prob=0.991
AgeVaxH35.js:2202 702I j:ageGp:fam 501:3:-1 by blue 25:0:-1 at gen1511 Univ0 prob=0.400
AgeVaxH35.js:2202 704I j:ageGp:fam 483:3:-1 by blue 22:0:-1 at gen1515 Univ0 prob=0.545
AgeVaxH35.js:2221 705I i:ageGp:fam 523:3:-1 by blue 780:5:-1 at gen1517 Univ0 prob=0.714
AgeVaxH35.js:2202 706I j:ageGp:fam 388:3:-1 by blue 314:2:-1 at gen1521 Univ0 prob=0.822
AgeVaxH35.js:2221 706I i:ageGp:fam 561:4:-1 by blue 780:5:-1 at gen1521 Univ0 prob=0.706
AgeVaxH35.js:2221 708I i:ageGp:fam 548:4:-1 by blue 780:5:-1 at gen1524 Univ0 prob=0.546
AgeVaxH35.js:2202 709I j:ageGp:fam 460:3:-1 by blue 63:1:-1 at gen1530 Univ0 prob=0.879
AgeVaxH35.js:2221 710I i:ageGp:fam 158:2:-1 by blue 216:2:-1 at gen1533 Univ0 prob=0.518
AgeVaxH35.js:2202 711I j:ageGp:fam 893:6:-1 by blue 25:0:-1 at gen1535 Univ0 prob=0.657
AgeVaxH35.js:2202 712I j:ageGp:fam 468:3:-1 by blue 232:2:-1 at gen1541 Univ0 prob=0.862
AgeVaxH35.js:2221 713I i:ageGp:fam 205:2:-1 by blue 314:2:-1 at gen1544 Univ0 prob=0.594
AgeVaxH35.js:2202 713I j:ageGp:fam 646:4:-1 by blue 25:0:-1 at gen1545 Univ0 prob=0.988
AgeVaxH35.js:2202 715I j:ageGp:fam 872:6:-1 by blue 354:2:-1 at gen1551 Univ0 prob=0.844
AgeVaxH35.js:2202 716I j:ageGp:fam 814:5:-1 by blue 526:3:-1 at gen1554 Univ0 prob=0.662
AgeVaxH35.js:2221 717I i:ageGp:fam 225:2:-1 by yellow 501:3:-1 at gen1559 Univ0 prob=0.423
AgeVaxH35.js:2221 717I i:ageGp:fam 404:3:-1 by yellow 501:3:-1 at gen1559 Univ0 prob=0.430
AgeVaxH35.js:2202 717I j:ageGp:fam 664:4:-1 by blue 114:1:-1 at gen1560 Univ0 prob=0.231
AgeVaxH35.js:2202 720I j:ageGp:fam 838:6:-1 by blue 23:0:-1 at gen1562 Univ0 prob=0.926
AgeVaxH35.js:2221 720I i:ageGp:fam 28:0:-1 by blue 748:5:-1 at gen1562 Univ0 prob=0.552
AgeVaxH35.js:2221 720I i:ageGp:fam 72:1:-1 by blue 748:5:-1 at gen1563 Univ0 prob=0.326
AgeVaxH35.js:2202 722I j:ageGp:fam 29:0:-1 by blue 2:0:-1 at gen1564 Univ0 prob=0.443
AgeVaxH35.js:2202 722I j:ageGp:fam 684:4:-1 by blue 354:2:-1 at gen1564 Univ0 prob=0.914
AgeVaxH35.js:2221 725I i:ageGp:fam 318:2:-1 by blue 354:2:-1 at gen1566 Univ0 prob=0.343
AgeVaxH35.js:2221 726I i:ageGp:fam 377:3:-1 by blue 424:3:-1 at gen1568 Univ0 prob=0.275
AgeVaxH35.js:2221 727I i:ageGp:fam 366:3:-1 by blue 433:3:-1 at gen1576 Univ0 prob=0.714
AgeVaxH35.js:2202 728I j:ageGp:fam 434:3:-1 by blue 354:2:-1 at gen1578 Univ0 prob=0.109
AgeVaxH35.js:2202 729I j:ageGp:fam 703:5:-1 by blue 23:0:-1 at gen1580 Univ0 prob=0.658
AgeVaxH35.js:2202 730I j:ageGp:fam 888:6:-1 by blue 200:2:-1 at gen1584 Univ0 prob=0.474
AgeVaxH35.js:2202 730I j:ageGp:fam 682:4:-1 by blue 354:2:-1 at gen1584 Univ0 prob=0.305
AgeVaxH35.js:2221 732I i:ageGp:fam 555:4:-1 by blue 864:6:-1 at gen1586 Univ0 prob=0.032
AgeVaxH35.js:2202 733I j:ageGp:fam 715:5:-1 by blue 2:0:-1 at gen1592 Univ0 prob=0.497
AgeVaxH35.js:2202 734I j:ageGp:fam 636:4:-1 by blue 23:0:-1 at gen1595 Univ0 prob=0.297
AgeVaxH35.js:2202 735I j:ageGp:fam 810:5:-1 by blue 710:5:-1 at gen1601 Univ0 prob=0.998
AgeVaxH35.js:2221 736I i:ageGp:fam 325:2:-1 by blue 468:3:-1 at gen1616 Univ0 prob=0.980
AgeVaxH35.js:2221 737I i:ageGp:fam 111:1:-1 by blue 684:4:-1 at gen1619 Univ0 prob=0.977
AgeVaxH35.js:2221 738I i:ageGp:fam 871:6:-1 by blue 893:6:-1 at gen1623 Univ0 prob=0.833
AgeVaxH35.js:2221 739I i:ageGp:fam 761:5:-1 by blue 872:6:-1 at gen1625 Univ0 prob=0.873
AgeVaxH35.js:2202 740I j:ageGp:fam 804:5:-1 by blue 684:4:-1 at gen1627 Univ0 prob=0.622
AgeVaxH35.js:2221 741I i:ageGp:fam 278:2:-1 by blue 434:3:-1 at gen1632 Univ0 prob=0.024
AgeVaxH35.js:2202 741I j:ageGp:fam 763:5:-1 by blue 468:3:-1 at gen1632 Univ0 prob=0.443
AgeVaxH35.js:2202 743I j:ageGp:fam 735:5:-1 by blue 29:0:-1 at gen1637 Univ0 prob=0.296
AgeVaxH35.js:2202 743I j:ageGp:fam 736:5:-1 by blue 646:4:-1 at gen1637 Univ0 prob=0.337
AgeVaxH35.js:2202 745I j:ageGp:fam 142:2:-1 by blue 29:0:-1 at gen1639 Univ0 prob=0.892
AgeVaxH35.js:2221 745I i:ageGp:fam 315:2:-1 by blue 646:4:-1 at gen1639 Univ0 prob=0.208
AgeVaxH35.js:2202 747I j:ageGp:fam 375:3:-1 by blue 205:2:-1 at gen1642 Univ0 prob=0.617
AgeVaxH35.js:2202 748I j:ageGp:fam 591:4:-1 by blue 434:3:-1 at gen1650 Univ0 prob=0.542
AgeVaxH35.js:2202 749I j:ageGp:fam 564:4:-1 by blue 468:3:-1 at gen1654 Univ0 prob=0.061
AgeVaxH35.js:2202 750I j:ageGp:fam 878:6:-1 by blue 872:6:-1 at gen1657 Univ0 prob=0.516
AgeVaxH35.js:2202 751I j:ageGp:fam 487:3:-1 by blue 434:3:-1 at gen1661 Univ0 prob=0.853
AgeVaxH35.js:2221 752I i:ageGp:fam 193:2:-1 by blue 715:5:-1 at gen1664 Univ0 prob=0.485
AgeVaxH35.js:2221 753I i:ageGp:fam 93:1:-1 by blue 715:5:-1 at gen1666 Univ0 prob=0.998
AgeVaxH35.js:2202 753I j:ageGp:fam 994:9:-1 by blue 318:2:-1 at gen1666 Univ0 prob=0.996
AgeVaxH35.js:2221 755I i:ageGp:fam 464:3:-1 by blue 664:4:-1 at gen1671 Univ0 prob=0.064
AgeVaxH35.js:2221 756I i:ageGp:fam 320:2:-1 by blue 664:4:-1 at gen1674 Univ0 prob=0.758
AgeVaxH35.js:2202 757I j:ageGp:fam 670:4:-1 by blue 325:2:-1 at gen1682 Univ0 prob=0.840
AgeVaxH35.js:2202 757I j:ageGp:fam 531:3:-1 by blue 318:2:-1 at gen1683 Univ0 prob=0.955
AgeVaxH35.js:2221 757I i:ageGp:fam 593:4:-1 by blue 715:5:-1 at gen1683 Univ0 prob=0.296
AgeVaxH35.js:2202 760I j:ageGp:fam 811:5:-1 by blue 434:3:-1 at gen1687 Univ0 prob=0.301
AgeVaxH35.js:2202 761I j:ageGp:fam 820:5:-1 by blue 142:2:-1 at gen1695 Univ0 prob=0.993
AgeVaxH35.js:2202 762I j:ageGp:fam 355:2:-1 by blue 278:2:-1 at gen1697 Univ0 prob=0.226
AgeVaxH35.js:2221 763I i:ageGp:fam 395:3:-1 by blue 804:5:-1 at gen1701 Univ0 prob=0.861
AgeVaxH35.js:2202 764I j:ageGp:fam 656:4:-1 by blue 278:2:-1 at gen1705 Univ0 prob=0.329
AgeVaxH35.js:2202 764I j:ageGp:fam 420:3:-1 by blue 278:2:-1 at gen1706 Univ0 prob=0.668
AgeVaxH35.js:2202 766I j:ageGp:fam 293:2:-1 by blue 278:2:-1 at gen1710 Univ0 prob=0.080
AgeVaxH35.js:2202 766I j:ageGp:fam 495:3:-1 by blue 487:3:-1 at gen1711 Univ0 prob=0.313
AgeVaxH35.js:2221 768I i:ageGp:fam 238:2:-1 by blue 761:5:-1 at gen1717 Univ0 prob=0.959
AgeVaxH35.js:2202 768I j:ageGp:fam 542:4:-1 by yellow 93:1:-1 at gen1718 Univ0 prob=0.486
AgeVaxH35.js:2221 768I i:ageGp:fam 244:2:-1 by blue 878:6:-1 at gen1718 Univ0 prob=0.285
AgeVaxH35.js:2221 771I i:ageGp:fam 120:1:-1 by blue 142:2:-1 at gen1726 Univ0 prob=0.309
AgeVaxH35.js:2202 772I j:ageGp:fam 333:2:-1 by blue 142:2:-1 at gen1728 Univ0 prob=0.277
AgeVaxH35.js:2202 773I j:ageGp:fam 445:3:-1 by blue 93:1:-1 at gen1738 Univ0 prob=0.337
AgeVaxH35.js:2202 773I j:ageGp:fam 837:6:-1 by blue 487:3:-1 at gen1738 Univ0 prob=0.351
AgeVaxH35.js:2202 775I j:ageGp:fam 586:4:-1 by blue 93:1:-1 at gen1743 Univ0 prob=0.536
AgeVaxH35.js:2202 776I j:ageGp:fam 140:2:-1 by blue 93:1:-1 at gen1751 Univ0 prob=0.504
AgeVaxH35.js:2202 777I j:ageGp:fam 587:4:-1 by blue 464:3:-1 at gen1753 Univ0 prob=0.992
AgeVaxH35.js:2221 778I i:ageGp:fam 40:1:-1 by blue 593:4:-1 at gen1759 Univ0 prob=0.872
AgeVaxH35.js:2202 778I j:ageGp:fam 533:3:-1 by blue 193:2:-1 at gen1760 Univ0 prob=0.997
AgeVaxH35.js:2202 779I j:ageGp:fam 884:6:-1 by blue 487:3:-1 at gen1761 Univ0 prob=0.053
AgeVaxH35.js:2202 781I j:ageGp:fam 612:4:-1 by blue 355:2:-1 at gen1764 Univ0 prob=0.915
AgeVaxH35.js:2221 781I i:ageGp:fam 148:2:-1 by blue 420:3:-1 at gen1765 Univ0 prob=0.829
AgeVaxH35.js:2221 783I i:ageGp:fam 398:3:-1 by blue 487:3:-1 at gen1767 Univ0 prob=0.012
AgeVaxH35.js:2202 784I j:ageGp:fam 835:6:-1 by blue 670:4:-1 at gen1769 Univ0 prob=0.375
AgeVaxH35.js:2221 785I i:ageGp:fam 235:2:-1 by blue 487:3:-1 at gen1771 Univ0 prob=0.674
AgeVaxH35.js:2221 785I i:ageGp:fam 331:2:-1 by blue 811:5:-1 at gen1772 Univ0 prob=0.102
AgeVaxH35.js:2221 785I i:ageGp:fam 484:3:-1 by blue 811:5:-1 at gen1772 Univ0 prob=0.790
AgeVaxH35.js:2202 786I j:ageGp:fam 750:5:-1 by blue 531:3:-1 at gen1773 Univ0 prob=0.511
AgeVaxH35.js:2202 789I j:ageGp:fam 836:6:-1 by blue 656:4:-1 at gen1780 Univ0 prob=0.426
AgeVaxH35.js:2221 789I i:ageGp:fam 422:3:-1 by blue 495:3:-1 at gen1781 Univ0 prob=0.951
AgeVaxH35.js:2202 791I j:ageGp:fam 648:4:-1 by blue 531:3:-1 at gen1790 Univ0 prob=0.807
AgeVaxH35.js:2202 792I j:ageGp:fam 675:4:-1 by blue 120:1:-1 at gen1798 Univ0 prob=0.832
AgeVaxH35.js:2202 793I j:ageGp:fam 407:3:-1 by blue 355:2:-1 at gen1802 Univ0 prob=0.249
AgeVaxH35.js:2202 793I j:ageGp:fam 854:6:-1 by blue 120:1:-1 at gen1803 Univ0 prob=0.441
AgeVaxH35.js:2221 795I i:ageGp:fam 308:2:-1 by blue 420:3:-1 at gen1810 Univ0 prob=0.983
AgeVaxH35.js:2221 795I i:ageGp:fam 75:1:-1 by blue 355:2:-1 at gen1811 Univ0 prob=0.849
AgeVaxH35.js:2221 797I i:ageGp:fam 92:1:-1 by blue 293:2:-1 at gen1819 Univ0 prob=0.015
AgeVaxH35.js:2221 798I i:ageGp:fam 41:1:-1 by blue 837:6:-1 at gen1825 Univ0 prob=0.729
AgeVaxH35.js:2221 798I i:ageGp:fam 189:2:-1 by blue 445:3:-1 at gen1826 Univ0 prob=0.888
AgeVaxH35.js:2221 800I i:ageGp:fam 113:1:-1 by blue 420:3:-1 at gen1830 Univ0 prob=0.795
AgeVaxH35.js:2202 800I j:ageGp:fam 257:2:-1 by blue 238:2:-1 at gen1830 Univ0 prob=0.201
AgeVaxH35.js:2202 802I j:ageGp:fam 833:6:-1 by blue 120:1:-1 at gen1832 Univ0 prob=0.544
AgeVaxH35.js:2202 803I j:ageGp:fam 770:5:-1 by blue 120:1:-1 at gen1835 Univ0 prob=0.480
AgeVaxH35.js:2202 804I j:ageGp:fam 897:6:-1 by blue 398:3:-1 at gen1845 Univ0 prob=0.130
AgeVaxH35.js:2202 805I j:ageGp:fam 170:2:-1 by blue 148:2:-1 at gen1876 Univ0 prob=0.211
AgeVaxH35.js:2221 806I i:ageGp:fam 296:2:-1 by blue 407:3:-1 at gen1878 Univ0 prob=0.120
AgeVaxH35.js:2202 807I j:ageGp:fam 488:3:-1 by blue 113:1:-1 at gen1882 Univ0 prob=0.428
AgeVaxH35.js:2202 808I j:ageGp:fam 707:5:-1 by blue 75:1:-1 at gen1891 Univ0 prob=0.046
AgeVaxH35.js:2221 809I i:ageGp:fam 694:5:-1 by blue 897:6:-1 at gen1899 Univ0 prob=0.287
AgeVaxH35.js:2202 810I j:ageGp:fam 575:4:-1 by blue 113:1:-1 at gen1943 Univ0 prob=0.842
