Some messages have been moved to the Issues panel.
​ Fri Jan 22 2021 23:39:57 GMT-0800 (Pacific Standard Time)
​ CovidSIMVL Mode1 and Mod2 Hybrid 35d
​ Mode 1 >13 and <36 is 75%
​ Mode 2 >28 is 95%; >13 and <29 is 75%
​ exit covidSim
​ getAsText File {name: "Popn1000.csv", lastModified: 1611021598000, lastModifiedDate: Mon Jan 18 2021 17:59:58 GMT-0800 (Pacific Standard Time), webkitRelativePath: "", size: 23944, …}
​ File {name: "Popn1000.csv", lastModified: 1611021598000, lastModifiedDate: Mon Jan 18 2021 17:59:58 GMT-0800 (Pacific Standard Time), webkitRelativePath: "", size: 23944, …}
​ getAsText File {name: "VL1ageGp2.csv", lastModified: 1611004274000, lastModifiedDate: Mon Jan 18 2021 13:11:14 GMT-0800 (Pacific Standard Time), webkitRelativePath: "", size: 65, …}
​ File {name: "VL1ageGp2.csv", lastModified: 1611004274000, lastModifiedDate: Mon Jan 18 2021 13:11:14 GMT-0800 (Pacific Standard Time), webkitRelativePath: "", size: 65, …}
​ Red Days changed to 10
​ New Hazard Radius = 1.3
​ new Mingle Factor = 7
​ 1I x:ageGp:fam 481:3:-1 by red 150:2:-1 at gen42 Univ0 prob=0.811
​ 2I x:ageGp:fam 511:3:-1 by red 150:2:-1 at gen85 Univ0 prob=0.575
​ 2I x:ageGp:fam 654:4:-1 by red 150:2:-1 at gen86 Univ0 prob=0.775
​ 4I x:ageGp:fam 110:1:-1 by yellow 654:4:-1 at gen93 Univ0 prob=0.090
​ 5I x:ageGp:fam 986:9:-1 by blue 481:3:-1 at gen102 Univ0 prob=0.463
​ 6I x:ageGp:fam 852:6:-1 by red 150:2:-1 at gen105 Univ0 prob=0.780
​ 7I x:ageGp:fam 524:3:-1 by blue 481:3:-1 at gen124 Univ0 prob=0.802
​ 8I x:ageGp:fam 653:4:-1 by blue 481:3:-1 at gen131 Univ0 prob=0.695
​ 9I x:ageGp:fam 504:3:-1 by blue 654:4:-1 at gen153 Univ0 prob=0.531
​ 10I x:ageGp:fam 248:2:-1 by red 481:3:-1 at gen159 Univ0 prob=0.003
​ 11I x:ageGp:fam 879:6:-1 by blue 511:3:-1 at gen161 Univ0 prob=0.366
​ 11I x:ageGp:fam 21:0:-1 by blue 654:4:-1 at gen162 Univ0 prob=0.710
​ 13I x:ageGp:fam 260:2:-1 by blue 654:4:-1 at gen168 Univ0 prob=0.407
​ 14I x:ageGp:fam 695:5:-1 by blue 511:3:-1 at gen173 Univ0 prob=0.979
​ 15I x:ageGp:fam 52:1:-1 by blue 654:4:-1 at gen175 Univ0 prob=0.403
​ 16I x:ageGp:fam 580:4:-1 by blue 986:9:-1 at gen182 Univ0 prob=0.992
​ 16I x:ageGp:fam 797:5:-1 by blue 986:9:-1 at gen182 Univ0 prob=0.163
​ 18I x:ageGp:fam 840:6:-1 by blue 986:9:-1 at gen185 Univ0 prob=0.861
​ 18I x:ageGp:fam 40:1:-1 by blue 511:3:-1 at gen186 Univ0 prob=0.387
​ 18I x:ageGp:fam 408:3:-1 by blue 110:1:-1 at gen186 Univ0 prob=0.010
​ 18I x:ageGp:fam 384:3:-1 by blue 653:4:-1 at gen186 Univ0 prob=0.244
​ 22I x:ageGp:fam 90:1:-1 by blue 986:9:-1 at gen190 Univ0 prob=0.579
​ 23I x:ageGp:fam 111:1:-1 by blue 654:4:-1 at gen192 Univ0 prob=0.712
​ 23I x:ageGp:fam 144:2:-1 by blue 852:6:-1 at gen192 Univ0 prob=0.244
​ 25I x:ageGp:fam 787:5:-1 by red 511:3:-1 at gen206 Univ0 prob=0.857
​ 26I x:ageGp:fam 436:3:-1 by blue 654:4:-1 at gen208 Univ0 prob=0.483
​ 27I x:ageGp:fam 232:2:-1 by red 511:3:-1 at gen212 Univ0 prob=0.772
​ 28I x:ageGp:fam 139:2:-1 by blue 653:4:-1 at gen215 Univ0 prob=0.051
​ 28I x:ageGp:fam 373:3:-1 by yellow 139:2:-1 at gen216 Univ0 prob=0.043
​ 28I x:ageGp:fam 561:4:-1 by red 654:4:-1 at gen216 Univ0 prob=0.281
​ 29I x:ageGp:fam 740:5:-1 by red 654:4:-1 at gen217 Univ0 prob=0.260
​ 31I x:ageGp:fam 698:5:-1 by blue 21:0:-1 at gen218 Univ0 prob=0.675
​ 31I x:ageGp:fam 165:2:-1 by yellow 232:2:-1 at gen218 Univ0 prob=0.813
​ 34I x:ageGp:fam 127:1:-1 by blue 986:9:-1 at gen220 Univ0 prob=0.258
​ 34I x:ageGp:fam 293:2:-1 by blue 524:3:-1 at gen220 Univ0 prob=0.328
​ 36I x:ageGp:fam 201:2:-1 by blue 879:6:-1 at gen222 Univ0 prob=0.797
​ 36I x:ageGp:fam 627:4:-1 by blue 852:6:-1 at gen223 Univ0 prob=0.574
​ 38I x:ageGp:fam 587:4:-1 by blue 653:4:-1 at gen228 Univ0 prob=0.899
​ 38I x:ageGp:fam 3:0:-1 by blue 524:3:-1 at gen229 Univ0 prob=0.528
​ 38I x:ageGp:fam 340:2:-1 by blue 260:2:-1 at gen229 Univ0 prob=0.044
​ 38I x:ageGp:fam 446:3:-1 by blue 653:4:-1 at gen229 Univ0 prob=0.124
​ 38I x:ageGp:fam 899:6:-1 by blue 695:5:-1 at gen229 Univ0 prob=0.610
​ 39I x:ageGp:fam 327:2:-1 by yellow 446:3:-1 at gen230 Univ0 prob=0.677
​ 44I x:ageGp:fam 11:0:-1 by yellow 3:0:-1 at gen232 Univ0 prob=0.282
​ 44I x:ageGp:fam 428:3:-1 by blue 248:2:-1 at gen232 Univ0 prob=0.859
​ 46I x:ageGp:fam 870:6:-1 by blue 879:6:-1 at gen234 Univ0 prob=0.036
​ 47I x:ageGp:fam 685:4:-1 by red 511:3:-1 at gen237 Univ0 prob=0.559
​ 47I x:ageGp:fam 727:5:-1 by blue 248:2:-1 at gen238 Univ0 prob=0.500
​ 49I x:ageGp:fam 414:3:-1 by red 481:3:-1 at gen242 Univ0 prob=0.811
​ 49I x:ageGp:fam 842:6:-1 by red 986:9:-1 at gen243 Univ0 prob=0.833
​ 50I x:ageGp:fam 488:3:-1 by red 110:1:-1 at gen244 Univ0 prob=0.511
​ 50I x:ageGp:fam 434:3:-1 by blue 524:3:-1 at gen244 Univ0 prob=0.015
​ 53I x:ageGp:fam 461:3:-1 by blue 879:6:-1 at gen246 Univ0 prob=0.663
​ 53I x:ageGp:fam 2:0:-1 by blue 52:1:-1 at gen247 Univ0 prob=0.905
​ 53I x:ageGp:fam 301:2:-1 by blue 52:1:-1 at gen247 Univ0 prob=0.258
​ 54I x:ageGp:fam 36:0:-1 by blue 260:2:-1 at gen248 Univ0 prob=0.041
​ 54I x:ageGp:fam 420:3:-1 by blue 504:3:-1 at gen248 Univ0 prob=0.789
​ 56I x:ageGp:fam 24:0:-1 by red 852:6:-1 at gen249 Univ0 prob=0.652
​ 56I x:ageGp:fam 49:1:-1 by blue 797:5:-1 at gen249 Univ0 prob=0.616
​ 60I x:ageGp:fam 822:6:-1 by blue 90:1:-1 at gen252 Univ0 prob=0.095
​ 60I x:ageGp:fam 572:4:-1 by red 986:9:-1 at gen252 Univ0 prob=0.308
​ 60I x:ageGp:fam 458:3:-1 by red 852:6:-1 at gen253 Univ0 prob=0.239
​ 63I x:ageGp:fam 832:6:-1 by blue 797:5:-1 at gen257 Univ0 prob=0.466
​ 63I x:ageGp:fam 172:2:-1 by blue 797:5:-1 at gen258 Univ0 prob=0.925
​ 64I x:ageGp:fam 349:2:-1 by blue 40:1:-1 at gen259 Univ0 prob=0.359
​ 64I x:ageGp:fam 649:4:-1 by red 511:3:-1 at gen259 Univ0 prob=0.656
​ 64I x:ageGp:fam 605:4:-1 by red 852:6:-1 at gen259 Univ0 prob=0.353
​ 64I x:ageGp:fam 865:6:-1 by red 653:4:-1 at gen259 Univ0 prob=0.951
​ 65I x:ageGp:fam 370:3:-1 by red 654:4:-1 at gen260 Univ0 prob=0.041
​ 70I x:ageGp:fam 885:6:-1 by blue 260:2:-1 at gen266 Univ0 prob=0.860
​ 70I x:ageGp:fam 316:2:-1 by red 110:1:-1 at gen267 Univ0 prob=0.290
​ 71I x:ageGp:fam 221:2:-1 by red 852:6:-1 at gen268 Univ0 prob=0.299
​ 71I x:ageGp:fam 911:7:-1 by red 653:4:-1 at gen268 Univ0 prob=0.850
​ 74I x:ageGp:fam 961:8:-1 by yellow 627:4:-1 at gen271 Univ0 prob=0.684
​ 74I x:ageGp:fam 20:0:-1 by blue 695:5:-1 at gen272 Univ0 prob=0.641
​ 75I x:ageGp:fam 13:0:-1 by red 524:3:-1 at gen273 Univ0 prob=0.567
​ 77I x:ageGp:fam 603:4:-1 by red 654:4:-1 at gen275 Univ0 prob=0.145
​ 77I x:ageGp:fam 498:3:-1 by blue 52:1:-1 at gen276 Univ0 prob=0.781
​ 77I x:ageGp:fam 509:3:-1 by blue 787:5:-1 at gen276 Univ0 prob=0.708
​ 78I x:ageGp:fam 422:3:-1 by blue 840:6:-1 at gen277 Univ0 prob=0.229
​ 80I x:ageGp:fam 44:1:-1 by blue 21:0:-1 at gen278 Univ0 prob=0.033
​ 80I x:ageGp:fam 750:5:-1 by blue 144:2:-1 at gen278 Univ0 prob=0.669
​ 80I x:ageGp:fam 228:2:-1 by blue 580:4:-1 at gen278 Univ0 prob=0.260
​ 81I x:ageGp:fam 450:3:-1 by blue 144:2:-1 at gen279 Univ0 prob=0.870
​ 84I x:ageGp:fam 209:2:-1 by red 511:3:-1 at gen280 Univ0 prob=0.454
​ 86I x:ageGp:fam 451:3:-1 by blue 144:2:-1 at gen282 Univ0 prob=0.759
​ 86I x:ageGp:fam 346:2:-1 by blue 787:5:-1 at gen283 Univ0 prob=0.766
​ 86I x:ageGp:fam 863:6:-1 by red 653:4:-1 at gen283 Univ0 prob=0.727
​ 87I x:ageGp:fam 637:4:-1 by blue 144:2:-1 at gen284 Univ0 prob=0.831
​ 89I x:ageGp:fam 611:4:-1 by blue 40:1:-1 at gen285 Univ0 prob=0.915
​ 89I x:ageGp:fam 122:1:-1 by blue 695:5:-1 at gen285 Univ0 prob=0.473
​ 89I x:ageGp:fam 390:3:-1 by red 653:4:-1 at gen285 Univ0 prob=0.130
​ 90I x:ageGp:fam 569:4:-1 by blue 580:4:-1 at gen286 Univ0 prob=0.555
​ 93I x:ageGp:fam 319:2:-1 by red 879:6:-1 at gen287 Univ0 prob=0.392
​ 93I x:ageGp:fam 631:4:-1 by red 654:4:-1 at gen287 Univ0 prob=0.835
​ 94I x:ageGp:fam 928:7:-1 by blue 52:1:-1 at gen288 Univ0 prob=0.253
​ 94I x:ageGp:fam 270:2:-1 by blue 436:3:-1 at gen288 Univ0 prob=0.742
​ 96I x:ageGp:fam 73:1:-1 by red 654:4:-1 at gen289 Univ0 prob=0.445
​ 98I x:ageGp:fam 141:2:-1 by blue 740:5:-1 at gen290 Univ0 prob=0.624
​ 98I x:ageGp:fam 304:2:-1 by blue 840:6:-1 at gen290 Univ0 prob=0.429
​ 98I x:ageGp:fam 721:5:-1 by blue 727:5:-1 at gen290 Univ0 prob=0.190
​ 99I x:ageGp:fam 77:1:-1 by blue 840:6:-1 at gen291 Univ0 prob=0.350
​ 99I x:ageGp:fam 548:4:-1 by blue 373:3:-1 at gen291 Univ0 prob=0.909
​ 99I x:ageGp:fam 385:3:-1 by red 879:6:-1 at gen291 Univ0 prob=0.515
​ 102I x:ageGp:fam 174:2:-1 by blue 580:4:-1 at gen292 Univ0 prob=0.500
​ 105I x:ageGp:fam 306:2:-1 by red 879:6:-1 at gen293 Univ0 prob=0.151
​ 105I x:ageGp:fam 756:5:-1 by red 879:6:-1 at gen293 Univ0 prob=0.563
​ 106I x:ageGp:fam 884:6:-1 by blue 797:5:-1 at gen294 Univ0 prob=0.936
​ 108I x:ageGp:fam 862:6:-1 by red 504:3:-1 at gen295 Univ0 prob=0.351
​ 109I x:ageGp:fam 542:4:-1 by blue 52:1:-1 at gen296 Univ0 prob=0.408
​ 109I x:ageGp:fam 328:2:-1 by red 260:2:-1 at gen296 Univ0 prob=0.941
​ 109I x:ageGp:fam 916:7:-1 by blue 384:3:-1 at gen296 Univ0 prob=0.739
​ 109I x:ageGp:fam 989:9:-1 by blue 408:3:-1 at gen296 Univ0 prob=0.074
​ 110I x:ageGp:fam 579:4:-1 by blue 139:2:-1 at gen297 Univ0 prob=0.625
​ 110I x:ageGp:fam 417:3:-1 by blue 373:3:-1 at gen297 Univ0 prob=0.297
​ 110I x:ageGp:fam 406:3:-1 by blue 580:4:-1 at gen297 Univ0 prob=0.395
​ 110I x:ageGp:fam 906:7:-1 by blue 408:3:-1 at gen297 Univ0 prob=0.699
​ 110I x:ageGp:fam 656:4:-1 by blue 627:4:-1 at gen297 Univ0 prob=0.469
​ 119I x:ageGp:fam 326:2:-1 by blue 111:1:-1 at gen299 Univ0 prob=0.954
​ 119I x:ageGp:fam 908:7:-1 by blue 165:2:-1 at gen299 Univ0 prob=0.493
​ 119I x:ageGp:fam 375:3:-1 by blue 740:5:-1 at gen299 Univ0 prob=0.997
​ 119I x:ageGp:fam 430:3:-1 by red 654:4:-1 at gen300 Univ0 prob=0.020
​ 122I x:ageGp:fam 554:4:-1 by blue 727:5:-1 at gen301 Univ0 prob=0.832
​ 123I x:ageGp:fam 220:2:-1 by blue 627:4:-1 at gen302 Univ0 prob=0.298
​ 123I x:ageGp:fam 598:4:-1 by blue 899:6:-1 at gen302 Univ0 prob=0.408
​ 124I x:ageGp:fam 103:1:-1 by blue 3:0:-1 at gen303 Univ0 prob=0.481
​ 124I x:ageGp:fam 100:1:-1 by blue 627:4:-1 at gen303 Univ0 prob=0.871
​ 124I x:ageGp:fam 700:5:-1 by blue 111:1:-1 at gen303 Univ0 prob=0.223
​ 124I x:ageGp:fam 744:5:-1 by red 653:4:-1 at gen303 Univ0 prob=0.293
​ 126I x:ageGp:fam 92:1:-1 by blue 327:2:-1 at gen304 Univ0 prob=0.603
​ 126I x:ageGp:fam 855:6:-1 by blue 201:2:-1 at gen304 Univ0 prob=0.859
​ 126I x:ageGp:fam 537:3:-1 by blue 561:4:-1 at gen304 Univ0 prob=0.868
​ 130I x:ageGp:fam 59:1:-1 by blue 899:6:-1 at gen305 Univ0 prob=0.066
​ 130I x:ageGp:fam 749:5:-1 by blue 580:4:-1 at gen305 Univ0 prob=0.136
​ 133I x:ageGp:fam 568:4:-1 by blue 144:2:-1 at gen306 Univ0 prob=0.376
​ 133I x:ageGp:fam 544:4:-1 by red 248:2:-1 at gen306 Univ0 prob=0.200
​ 133I x:ageGp:fam 593:4:-1 by red 384:3:-1 at gen306 Univ0 prob=0.065
​ 133I x:ageGp:fam 968:8:-1 by blue 727:5:-1 at gen306 Univ0 prob=0.369
​ 139I x:ageGp:fam 845:6:-1 by blue 232:2:-1 at gen308 Univ0 prob=0.480
​ 139I x:ageGp:fam 320:2:-1 by yellow 649:4:-1 at gen308 Univ0 prob=0.864
​ 139I x:ageGp:fam 479:3:-1 by red 695:5:-1 at gen308 Univ0 prob=0.815
​ 139I x:ageGp:fam 547:4:-1 by blue 727:5:-1 at gen308 Univ0 prob=0.165
​ 139I x:ageGp:fam 877:6:-1 by blue 139:2:-1 at gen309 Univ0 prob=0.710
​ 139I x:ageGp:fam 706:5:-1 by red 504:3:-1 at gen309 Univ0 prob=0.999
​ 139I x:ageGp:fam 581:4:-1 by blue 649:4:-1 at gen309 Univ0 prob=0.479
​ 139I x:ageGp:fam 589:4:-1 by blue 649:4:-1 at gen309 Univ0 prob=0.415
​ 143I x:ageGp:fam 426:3:-1 by red 695:5:-1 at gen310 Univ0 prob=0.795
​ 147I x:ageGp:fam 682:4:-1 by red 260:2:-1 at gen311 Univ0 prob=0.581
​ 147I x:ageGp:fam 978:8:-1 by blue 787:5:-1 at gen311 Univ0 prob=0.225
​ 150I x:ageGp:fam 33:0:-1 by red 384:3:-1 at gen313 Univ0 prob=0.660
​ 150I x:ageGp:fam 166:2:-1 by red 408:3:-1 at gen313 Univ0 prob=0.954
​ 150I x:ageGp:fam 938:7:-1 by blue 446:3:-1 at gen313 Univ0 prob=0.052
​ 150I x:ageGp:fam 522:3:-1 by blue 446:3:-1 at gen314 Univ0 prob=0.194
​ 150I x:ageGp:fam 851:6:-1 by blue 740:5:-1 at gen314 Univ0 prob=0.805
​ 153I x:ageGp:fam 109:1:-1 by red 654:4:-1 at gen315 Univ0 prob=0.677
​ 153I x:ageGp:fam 222:2:-1 by blue 649:4:-1 at gen315 Univ0 prob=0.867
​ 153I x:ageGp:fam 325:2:-1 by red 504:3:-1 at gen315 Univ0 prob=0.267
​ 153I x:ageGp:fam 667:4:-1 by blue 727:5:-1 at gen315 Univ0 prob=0.997
​ 155I x:ageGp:fam 926:7:-1 by red 40:1:-1 at gen316 Univ0 prob=0.599
​ 155I x:ageGp:fam 280:2:-1 by blue 787:5:-1 at gen316 Univ0 prob=0.224
​ 155I x:ageGp:fam 591:4:-1 by blue 446:3:-1 at gen316 Univ0 prob=0.514
​ 155I x:ageGp:fam 457:3:-1 by red 580:4:-1 at gen316 Univ0 prob=0.202
​ 155I x:ageGp:fam 882:6:-1 by red 524:3:-1 at gen316 Univ0 prob=0.770
​ 155I x:ageGp:fam 967:8:-1 by blue 842:6:-1 at gen316 Univ0 prob=0.093
​ 159I x:ageGp:fam 345:2:-1 by blue 911:7:-1 at gen317 Univ0 prob=0.737
​ 159I x:ageGp:fam 669:4:-1 by red 524:3:-1 at gen317 Univ0 prob=0.062
​ 165I x:ageGp:fam 223:2:-1 by blue 461:3:-1 at gen318 Univ0 prob=0.508
​ 165I x:ageGp:fam 904:7:-1 by blue 373:3:-1 at gen318 Univ0 prob=0.012
​ 165I x:ageGp:fam 395:3:-1 by blue 627:4:-1 at gen318 Univ0 prob=0.790
​ 167I x:ageGp:fam 526:3:-1 by blue 842:6:-1 at gen319 Univ0 prob=0.465
​ 170I x:ageGp:fam 792:5:-1 by blue 2:0:-1 at gen320 Univ0 prob=0.901
​ 170I x:ageGp:fam 869:6:-1 by blue 434:3:-1 at gen320 Univ0 prob=0.745
​ 171I x:ageGp:fam 67:1:-1 by red 408:3:-1 at gen321 Univ0 prob=0.792
​ 171I x:ageGp:fam 236:2:-1 by blue 340:2:-1 at gen321 Univ0 prob=0.294
​ 173I x:ageGp:fam 768:5:-1 by yellow 20:0:-1 at gen322 Univ0 prob=0.500
​ 175I x:ageGp:fam 613:4:-1 by red 144:2:-1 at gen323 Univ0 prob=0.657
​ 175I x:ageGp:fam 418:3:-1 by blue 870:6:-1 at gen323 Univ0 prob=0.303
​ 175I x:ageGp:fam 914:7:-1 by blue 488:3:-1 at gen323 Univ0 prob=0.261
​ 175I x:ageGp:fam 954:8:-1 by blue 627:4:-1 at gen323 Univ0 prob=0.369
​ 175I x:ageGp:fam 707:5:-1 by red 986:9:-1 at gen323 Univ0 prob=0.993
​ 176I x:ageGp:fam 985:9:-1 by blue 561:4:-1 at gen324 Univ0 prob=0.802
​ 176I x:ageGp:fam 732:5:-1 by red 879:6:-1 at gen324 Univ0 prob=0.320
​ 181I x:ageGp:fam 673:4:-1 by red 260:2:-1 at gen325 Univ0 prob=0.019
​ 181I x:ageGp:fam 794:5:-1 by red 852:6:-1 at gen325 Univ0 prob=0.988
​ 183I x:ageGp:fam 588:4:-1 by blue 740:5:-1 at gen326 Univ0 prob=0.366
​ 183I x:ageGp:fam 925:7:-1 by blue 727:5:-1 at gen326 Univ0 prob=0.913
​ 185I x:ageGp:fam 197:2:-1 by red 52:1:-1 at gen327 Univ0 prob=0.326
​ 185I x:ageGp:fam 435:3:-1 by red 111:1:-1 at gen327 Univ0 prob=0.639
​ 185I x:ageGp:fam 289:2:-1 by blue 870:6:-1 at gen327 Univ0 prob=0.021
​ 185I x:ageGp:fam 495:3:-1 by blue 885:6:-1 at gen327 Univ0 prob=0.350
​ 187I x:ageGp:fam 148:2:-1 by blue 698:5:-1 at gen328 Univ0 prob=0.866
​ 187I x:ageGp:fam 760:5:-1 by blue 870:6:-1 at gen328 Univ0 prob=0.267
​ 191I x:ageGp:fam 135:2:-1 by red 111:1:-1 at gen329 Univ0 prob=0.451
​ 191I x:ageGp:fam 250:2:-1 by blue 911:7:-1 at gen329 Univ0 prob=0.037
​ 191I x:ageGp:fam 251:2:-1 by red 524:3:-1 at gen329 Univ0 prob=0.763
​ 196I x:ageGp:fam 60:1:-1 by red 879:6:-1 at gen332 Univ0 prob=0.708
​ 196I x:ageGp:fam 171:2:-1 by blue 865:6:-1 at gen332 Univ0 prob=0.859
​ 196I x:ageGp:fam 818:5:-1 by blue 370:3:-1 at gen333 Univ0 prob=0.620
​ 196I x:ageGp:fam 521:3:-1 by blue 865:6:-1 at gen333 Univ0 prob=0.078
​ 196I x:ageGp:fam 819:5:-1 by blue 561:4:-1 at gen333 Univ0 prob=0.958
​ 198I x:ageGp:fam 15:0:-1 by yellow 569:4:-1 at gen334 Univ0 prob=0.135
​ 198I x:ageGp:fam 214:2:-1 by blue 172:2:-1 at gen334 Univ0 prob=0.227
​ 201I x:ageGp:fam 7:0:-1 by blue 434:3:-1 at gen335 Univ0 prob=0.920
​ 203I x:ageGp:fam 300:2:-1 by red 52:1:-1 at gen336 Univ0 prob=0.387
​ 204I x:ageGp:fam 194:2:-1 by blue 49:1:-1 at gen337 Univ0 prob=0.859
​ 204I x:ageGp:fam 262:2:-1 by blue 832:6:-1 at gen337 Univ0 prob=0.741
​ 204I x:ageGp:fam 972:8:-1 by blue 434:3:-1 at gen337 Univ0 prob=0.800
​ 205I x:ageGp:fam 329:2:-1 by red 698:5:-1 at gen338 Univ0 prob=0.758
​ 208I x:ageGp:fam 81:1:-1 by red 408:3:-1 at gen339 Univ0 prob=0.868
​ 208I x:ageGp:fam 484:3:-1 by blue 172:2:-1 at gen339 Univ0 prob=0.783
​ 208I x:ageGp:fam 585:4:-1 by blue 822:6:-1 at gen339 Univ0 prob=0.359
​ 208I x:ageGp:fam 625:4:-1 by blue 587:4:-1 at gen339 Univ0 prob=0.091
​ 208I x:ageGp:fam 891:6:-1 by blue 605:4:-1 at gen339 Univ0 prob=0.042
​ 208I x:ageGp:fam 795:5:-1 by blue 685:4:-1 at gen339 Univ0 prob=0.029
​ 209I x:ageGp:fam 957:8:-1 by red 260:2:-1 at gen340 Univ0 prob=0.329
​ 209I x:ageGp:fam 671:4:-1 by yellow 928:7:-1 at gen340 Univ0 prob=0.649
​ 217I x:ageGp:fam 6:0:-1 by red 797:5:-1 at gen342 Univ0 prob=0.271
​ 217I x:ageGp:fam 833:6:-1 by blue 24:0:-1 at gen342 Univ0 prob=0.802
​ 217I x:ageGp:fam 913:7:-1 by red 373:3:-1 at gen342 Univ0 prob=0.454
​ 217I x:ageGp:fam 646:4:-1 by red 840:6:-1 at gen342 Univ0 prob=0.552
​ 217I x:ageGp:fam 575:4:-1 by blue 24:0:-1 at gen343 Univ0 prob=0.940
​ 217I x:ageGp:fam 146:2:-1 by blue 899:6:-1 at gen343 Univ0 prob=0.025
​ 217I x:ageGp:fam 153:2:-1 by blue 605:4:-1 at gen343 Univ0 prob=0.667
​ 217I x:ageGp:fam 962:8:-1 by blue 885:6:-1 at gen343 Univ0 prob=0.204
​ 225I x:ageGp:fam 927:7:-1 by blue 36:0:-1 at gen345 Univ0 prob=0.448
​ 225I x:ageGp:fam 131:2:-1 by red 139:2:-1 at gen346 Univ0 prob=0.599
​ 226I x:ageGp:fam 95:1:-1 by red 144:2:-1 at gen347 Univ0 prob=0.085
​ 226I x:ageGp:fam 508:3:-1 by red 899:6:-1 at gen347 Univ0 prob=0.567
​ 226I x:ageGp:fam 684:4:-1 by blue 572:4:-1 at gen347 Univ0 prob=0.752
​ 227I x:ageGp:fam 152:2:-1 by red 40:1:-1 at gen348 Univ0 prob=0.207
​ 227I x:ageGp:fam 421:3:-1 by blue 346:2:-1 at gen348 Univ0 prob=0.995
​ 227I x:ageGp:fam 559:4:-1 by blue 569:4:-1 at gen348 Univ0 prob=0.165
​ 227I x:ageGp:fam 780:5:-1 by blue 569:4:-1 at gen348 Univ0 prob=0.594
​ 230I x:ageGp:fam 96:1:-1 by red 797:5:-1 at gen349 Univ0 prob=0.949
​ 230I x:ageGp:fam 848:6:-1 by red 293:2:-1 at gen349 Univ0 prob=0.674
​ 230I x:ageGp:fam 294:2:-1 by red 327:2:-1 at gen349 Univ0 prob=0.525
​ 230I x:ageGp:fam 442:3:-1 by blue 349:2:-1 at gen349 Univ0 prob=0.990
​ 230I x:ageGp:fam 400:3:-1 by yellow 554:4:-1 at gen349 Univ0 prob=0.895
​ 234I x:ageGp:fam 337:2:-1 by blue 316:2:-1 at gen350 Univ0 prob=0.191
​ 234I x:ageGp:fam 790:5:-1 by red 740:5:-1 at gen350 Univ0 prob=0.024
​ 239I x:ageGp:fam 394:3:-1 by blue 20:0:-1 at gen351 Univ0 prob=0.396
​ 241I x:ageGp:fam 315:2:-1 by red 248:2:-1 at gen352 Univ0 prob=0.579
​ 242I x:ageGp:fam 676:4:-1 by red 3:0:-1 at gen353 Univ0 prob=0.703
​ 242I x:ageGp:fam 311:2:-1 by blue 172:2:-1 at gen353 Univ0 prob=0.957
​ 242I x:ageGp:fam 514:3:-1 by blue 700:5:-1 at gen353 Univ0 prob=0.784
​ 242I x:ageGp:fam 807:5:-1 by blue 961:8:-1 at gen353 Univ0 prob=0.374
​ 243I x:ageGp:fam 785:5:-1 by red 40:1:-1 at gen354 Univ0 prob=0.914
​ 243I x:ageGp:fam 444:3:-1 by blue 49:1:-1 at gen354 Univ0 prob=0.250
​ 243I x:ageGp:fam 624:4:-1 by red 165:2:-1 at gen354 Univ0 prob=0.272
​ 243I x:ageGp:fam 824:6:-1 by red 899:6:-1 at gen354 Univ0 prob=0.878
​ 247I x:ageGp:fam 297:2:-1 by blue 228:2:-1 at gen355 Univ0 prob=0.342
​ 247I x:ageGp:fam 431:3:-1 by yellow 568:4:-1 at gen355 Univ0 prob=0.632
​ 247I x:ageGp:fam 849:6:-1 by blue 750:5:-1 at gen355 Univ0 prob=0.727
​ 251I x:ageGp:fam 0:0:-1 by blue 414:3:-1 at gen356 Univ0 prob=0.800
​ 251I x:ageGp:fam 204:2:-1 by blue 44:1:-1 at gen356 Univ0 prob=0.758
​ 251I x:ageGp:fam 769:5:-1 by blue 509:3:-1 at gen356 Univ0 prob=0.221
​ 251I x:ageGp:fam 774:5:-1 by blue 605:4:-1 at gen356 Univ0 prob=0.044
​ 254I x:ageGp:fam 241:2:-1 by blue 390:3:-1 at gen357 Univ0 prob=0.766
​ 254I x:ageGp:fam 477:3:-1 by blue 414:3:-1 at gen357 Univ0 prob=0.348
​ 254I x:ageGp:fam 999:9:-1 by red 504:3:-1 at gen357 Univ0 prob=0.984
​ 258I x:ageGp:fam 635:4:-1 by red 3:0:-1 at gen358 Univ0 prob=0.184
​ 258I x:ageGp:fam 910:7:-1 by blue 36:0:-1 at gen358 Univ0 prob=0.882
​ 258I x:ageGp:fam 275:2:-1 by red 580:4:-1 at gen358 Univ0 prob=0.305
​ 261I x:ageGp:fam 472:3:-1 by blue 461:3:-1 at gen359 Univ0 prob=0.451
​ 261I x:ageGp:fam 843:6:-1 by red 488:3:-1 at gen359 Univ0 prob=0.574
​ 264I x:ageGp:fam 463:3:-1 by blue 49:1:-1 at gen360 Univ0 prob=0.386
​ 264I x:ageGp:fam 994:9:-1 by blue 59:1:-1 at gen360 Univ0 prob=0.679
​ 264I x:ageGp:fam 948:7:-1 by blue 304:2:-1 at gen360 Univ0 prob=0.624
​ 266I x:ageGp:fam 494:3:-1 by red 248:2:-1 at gen361 Univ0 prob=0.384
​ 266I x:ageGp:fam 936:7:-1 by red 327:2:-1 at gen361 Univ0 prob=0.313
​ 266I x:ageGp:fam 619:4:-1 by yellow 589:4:-1 at gen361 Univ0 prob=0.765
​ 269I x:ageGp:fam 539:3:-1 by blue 370:3:-1 at gen362 Univ0 prob=0.237
​ 269I x:ageGp:fam 505:3:-1 by blue 845:6:-1 at gen362 Univ0 prob=0.093
​ 269I x:ageGp:fam 770:5:-1 by red 580:4:-1 at gen362 Univ0 prob=0.187
​ 272I x:ageGp:fam 710:5:-1 by blue 390:3:-1 at gen363 Univ0 prob=0.830
​ 276I x:ageGp:fam 132:2:-1 by blue 141:2:-1 at gen365 Univ0 prob=0.481
​ 276I x:ageGp:fam 485:3:-1 by red 627:4:-1 at gen365 Univ0 prob=0.702
​ 276I x:ageGp:fam 850:6:-1 by blue 637:4:-1 at gen365 Univ0 prob=0.725
​ 276I x:ageGp:fam 791:5:-1 by blue 349:2:-1 at gen366 Univ0 prob=0.105
​ 276I x:ageGp:fam 692:5:-1 by blue 385:3:-1 at gen366 Univ0 prob=0.864
​ 279I x:ageGp:fam 405:3:-1 by blue 174:2:-1 at gen367 Univ0 prob=0.908
​ 279I x:ageGp:fam 380:3:-1 by blue 682:4:-1 at gen367 Univ0 prob=0.799
​ 279I x:ageGp:fam 513:3:-1 by blue 637:4:-1 at gen367 Univ0 prob=0.843
​ 281I x:ageGp:fam 210:2:-1 by red 248:2:-1 at gen368 Univ0 prob=0.879
​ 281I x:ageGp:fam 738:5:-1 by red 260:2:-1 at gen368 Univ0 prob=0.186
​ 281I x:ageGp:fam 578:4:-1 by red 698:5:-1 at gen368 Univ0 prob=0.700
​ 284I x:ageGp:fam 763:5:-1 by red 52:1:-1 at gen369 Univ0 prob=0.656
​ 287I x:ageGp:fam 290:2:-1 by red 627:4:-1 at gen370 Univ0 prob=0.132
​ 287I x:ageGp:fam 993:9:-1 by red 293:2:-1 at gen370 Univ0 prob=0.249
​ 288I x:ageGp:fam 219:2:-1 by red 49:1:-1 at gen371 Univ0 prob=0.370
​ 288I x:ageGp:fam 501:3:-1 by blue 417:3:-1 at gen371 Univ0 prob=0.615
​ 288I x:ageGp:fam 474:3:-1 by red 740:5:-1 at gen371 Univ0 prob=0.227
​ 288I x:ageGp:fam 490:3:-1 by red 899:6:-1 at gen371 Univ0 prob=0.350
​ 288I x:ageGp:fam 898:6:-1 by blue 579:4:-1 at gen371 Univ0 prob=0.841
​ 290I x:ageGp:fam 175:2:-1 by blue 498:3:-1 at gen372 Univ0 prob=0.279
​ 290I x:ageGp:fam 212:2:-1 by blue 569:4:-1 at gen372 Univ0 prob=0.322
​ 290I x:ageGp:fam 295:2:-1 by red 840:6:-1 at gen372 Univ0 prob=0.072
​ 290I x:ageGp:fam 383:3:-1 by red 436:3:-1 at gen372 Univ0 prob=0.856
​ 290I x:ageGp:fam 452:3:-1 by blue 832:6:-1 at gen372 Univ0 prob=0.803
​ 290I x:ageGp:fam 917:7:-1 by red 685:4:-1 at gen372 Univ0 prob=0.087
​ 295I x:ageGp:fam 8:0:-1 by red 2:0:-1 at gen373 Univ0 prob=0.729
​ 295I x:ageGp:fam 43:1:-1 by red 40:1:-1 at gen373 Univ0 prob=0.113
​ 295I x:ageGp:fam 781:5:-1 by red 40:1:-1 at gen373 Univ0 prob=0.848
​ 295I x:ageGp:fam 69:1:-1 by red 580:4:-1 at gen373 Univ0 prob=0.095
​ 295I x:ageGp:fam 273:2:-1 by blue 77:1:-1 at gen373 Univ0 prob=0.717
​ 295I x:ageGp:fam 170:2:-1 by blue 863:6:-1 at gen373 Univ0 prob=0.223
​ 295I x:ageGp:fam 459:3:-1 by blue 220:2:-1 at gen373 Univ0 prob=0.480
​ 301I x:ageGp:fam 718:5:-1 by blue 44:1:-1 at gen374 Univ0 prob=0.666
​ 301I x:ageGp:fam 955:8:-1 by blue 554:4:-1 at gen374 Univ0 prob=0.527
​ 301I x:ageGp:fam 686:4:-1 by blue 865:6:-1 at gen374 Univ0 prob=0.173
​ 308I x:ageGp:fam 536:3:-1 by blue 174:2:-1 at gen375 Univ0 prob=0.918
​ 308I x:ageGp:fam 389:3:-1 by red 580:4:-1 at gen375 Univ0 prob=0.695
​ 308I x:ageGp:fam 746:5:-1 by red 504:3:-1 at gen375 Univ0 prob=0.595
​ 308I x:ageGp:fam 630:4:-1 by blue 908:7:-1 at gen375 Univ0 prob=0.346
​ 311I x:ageGp:fam 361:3:-1 by blue 768:5:-1 at gen376 Univ0 prob=0.236
​ 315I x:ageGp:fam 847:6:-1 by red 2:0:-1 at gen377 Univ0 prob=0.220
​ 315I x:ageGp:fam 903:7:-1 by blue 73:1:-1 at gen377 Univ0 prob=0.974
​ 315I x:ageGp:fam 184:2:-1 by blue 77:1:-1 at gen377 Univ0 prob=0.988
​ 315I x:ageGp:fam 650:4:-1 by red 232:2:-1 at gen377 Univ0 prob=0.683
​ 315I x:ageGp:fam 629:4:-1 by red 685:4:-1 at gen377 Univ0 prob=0.163
​ 315I x:ageGp:fam 846:6:-1 by blue 707:5:-1 at gen377 Univ0 prob=0.466
​ 316I x:ageGp:fam 64:1:-1 by blue 346:2:-1 at gen378 Univ0 prob=0.275
​ 316I x:ageGp:fam 766:5:-1 by blue 73:1:-1 at gen378 Univ0 prob=0.881
​ 316I x:ageGp:fam 97:1:-1 by red 627:4:-1 at gen378 Univ0 prob=0.605
​ 316I x:ageGp:fam 107:1:-1 by blue 669:4:-1 at gen378 Univ0 prob=0.276
​ 316I x:ageGp:fam 532:3:-1 by blue 316:2:-1 at gen378 Univ0 prob=0.792
​ 316I x:ageGp:fam 553:4:-1 by blue 450:3:-1 at gen378 Univ0 prob=0.405
​ 322I x:ageGp:fam 240:2:-1 by red 301:2:-1 at gen379 Univ0 prob=0.499
​ 322I x:ageGp:fam 757:5:-1 by blue 537:3:-1 at gen379 Univ0 prob=0.661
​ 322I x:ageGp:fam 836:6:-1 by blue 865:6:-1 at gen379 Univ0 prob=0.936
​ 328I x:ageGp:fam 995:9:-1 by blue 73:1:-1 at gen380 Univ0 prob=0.575
​ 328I x:ageGp:fam 341:2:-1 by red 822:6:-1 at gen380 Univ0 prob=0.807
​ 328I x:ageGp:fam 409:3:-1 by red 840:6:-1 at gen380 Univ0 prob=0.383
​ 328I x:ageGp:fam 433:3:-1 by blue 968:8:-1 at gen380 Univ0 prob=0.989
​ 328I x:ageGp:fam 982:9:-1 by red 561:4:-1 at gen380 Univ0 prob=0.444
​ 331I x:ageGp:fam 256:2:-1 by red 3:0:-1 at gen381 Univ0 prob=0.740
​ 331I x:ageGp:fam 516:3:-1 by red 144:2:-1 at gen381 Univ0 prob=0.137
​ 338I x:ageGp:fam 659:4:-1 by blue 73:1:-1 at gen383 Univ0 prob=0.655
​ 338I x:ageGp:fam 205:2:-1 by blue 221:2:-1 at gen383 Univ0 prob=0.537
​ 338I x:ageGp:fam 991:9:-1 by blue 345:2:-1 at gen383 Univ0 prob=0.434
​ 338I x:ageGp:fam 404:3:-1 by blue 756:5:-1 at gen383 Univ0 prob=0.871
​ 338I x:ageGp:fam 693:5:-1 by blue 418:3:-1 at gen383 Univ0 prob=0.195
​ 338I x:ageGp:fam 4:0:-1 by blue 495:3:-1 at gen384 Univ0 prob=0.873
​ 338I x:ageGp:fam 108:1:-1 by red 865:6:-1 at gen384 Univ0 prob=0.945
​ 338I x:ageGp:fam 633:4:-1 by blue 141:2:-1 at gen384 Univ0 prob=0.882
​ 338I x:ageGp:fam 988:9:-1 by red 899:6:-1 at gen384 Univ0 prob=0.928
​ 343I x:ageGp:fam 79:1:-1 by blue 631:4:-1 at gen385 Univ0 prob=0.551
​ 343I x:ageGp:fam 798:5:-1 by blue 109:1:-1 at gen385 Univ0 prob=0.869
​ 347I x:ageGp:fam 94:1:-1 by red 139:2:-1 at gen386 Univ0 prob=0.423
​ 347I x:ageGp:fam 713:5:-1 by blue 141:2:-1 at gen386 Univ0 prob=0.376
​ 347I x:ageGp:fam 281:2:-1 by blue 989:9:-1 at gen386 Univ0 prob=0.204
​ 347I x:ageGp:fam 507:3:-1 by blue 611:4:-1 at gen386 Univ0 prob=0.700
​ 347I x:ageGp:fam 753:5:-1 by blue 756:5:-1 at gen386 Univ0 prob=0.607
​ 349I x:ageGp:fam 564:4:-1 by blue 20:0:-1 at gen387 Univ0 prob=0.874
​ 349I x:ageGp:fam 497:3:-1 by blue 44:1:-1 at gen387 Univ0 prob=0.720
​ 349I x:ageGp:fam 562:4:-1 by blue 916:7:-1 at gen387 Univ0 prob=0.047
​ 349I x:ageGp:fam 696:5:-1 by blue 877:6:-1 at gen387 Univ0 prob=0.117
​ 354I x:ageGp:fam 857:6:-1 by red 40:1:-1 at gen388 Univ0 prob=0.473
​ 354I x:ageGp:fam 445:3:-1 by red 127:1:-1 at gen388 Univ0 prob=0.858
​ 354I x:ageGp:fam 330:2:-1 by blue 669:4:-1 at gen388 Univ0 prob=0.835
​ 354I x:ageGp:fam 476:3:-1 by blue 744:5:-1 at gen388 Univ0 prob=0.593
​ 358I x:ageGp:fam 677:4:-1 by blue 220:2:-1 at gen389 Univ0 prob=0.152
​ 358I x:ageGp:fam 748:5:-1 by blue 479:3:-1 at gen389 Univ0 prob=0.503
​ 358I x:ageGp:fam 520:3:-1 by blue 904:7:-1 at gen389 Univ0 prob=0.444
​ 358I x:ageGp:fam 889:6:-1 by blue 579:4:-1 at gen389 Univ0 prob=0.174
​ 362I x:ageGp:fam 237:2:-1 by red 458:3:-1 at gen390 Univ0 prob=0.420
​ 366I x:ageGp:fam 211:2:-1 by blue 426:3:-1 at gen391 Univ0 prob=0.978
​ 366I x:ageGp:fam 566:4:-1 by red 458:3:-1 at gen391 Univ0 prob=0.946
​ 366I x:ageGp:fam 640:4:-1 by red 498:3:-1 at gen391 Univ0 prob=0.856
​ 366I x:ageGp:fam 719:5:-1 by blue 581:4:-1 at gen391 Univ0 prob=0.123
​ 366I x:ageGp:fam 970:8:-1 by red 603:4:-1 at gen391 Univ0 prob=0.770
​ 367I x:ageGp:fam 691:5:-1 by red 11:0:-1 at gen392 Univ0 prob=0.089
​ 367I x:ageGp:fam 811:5:-1 by red 90:1:-1 at gen392 Univ0 prob=0.257
​ 367I x:ageGp:fam 246:2:-1 by blue 417:3:-1 at gen392 Univ0 prob=0.648
​ 367I x:ageGp:fam 410:3:-1 by blue 851:6:-1 at gen392 Univ0 prob=0.395
​ 367I x:ageGp:fam 439:3:-1 by blue 884:6:-1 at gen392 Univ0 prob=0.649
​ 367I x:ageGp:fam 570:4:-1 by blue 961:8:-1 at gen392 Univ0 prob=0.222
​ 367I x:ageGp:fam 812:5:-1 by blue 926:7:-1 at gen392 Univ0 prob=0.125
​ 372I x:ageGp:fam 137:2:-1 by blue 280:2:-1 at gen393 Univ0 prob=0.425
​ 372I x:ageGp:fam 191:2:-1 by blue 882:6:-1 at gen393 Univ0 prob=0.065
​ 372I x:ageGp:fam 465:3:-1 by blue 877:6:-1 at gen393 Univ0 prob=0.088
​ 372I x:ageGp:fam 735:5:-1 by blue 667:4:-1 at gen393 Univ0 prob=0.500
​ 383I x:ageGp:fam 26:0:-1 by blue 103:1:-1 at gen395 Univ0 prob=0.654
​ 383I x:ageGp:fam 124:1:-1 by blue 968:8:-1 at gen395 Univ0 prob=0.857
​ 383I x:ageGp:fam 239:2:-1 by blue 346:2:-1 at gen395 Univ0 prob=0.180
​ 383I x:ageGp:fam 931:7:-1 by blue 548:4:-1 at gen395 Univ0 prob=0.916
​ 383I x:ageGp:fam 91:1:-1 by red 340:2:-1 at gen396 Univ0 prob=0.865
​ 383I x:ageGp:fam 966:8:-1 by blue 100:1:-1 at gen396 Univ0 prob=0.163
​ 383I x:ageGp:fam 235:2:-1 by blue 916:7:-1 at gen396 Univ0 prob=0.352
​ 383I x:ageGp:fam 247:2:-1 by blue 236:2:-1 at gen396 Univ0 prob=0.196
​ 383I x:ageGp:fam 620:4:-1 by blue 479:3:-1 at gen396 Univ0 prob=0.056
​ 383I x:ageGp:fam 858:6:-1 by red 488:3:-1 at gen396 Univ0 prob=0.954
​ 383I x:ageGp:fam 595:4:-1 by blue 732:5:-1 at gen396 Univ0 prob=0.078
​ 383I x:ageGp:fam 636:4:-1 by blue 882:6:-1 at gen396 Univ0 prob=0.276
​ 383I x:ageGp:fam 867:6:-1 by red 685:4:-1 at gen396 Univ0 prob=0.401
​ 383I x:ageGp:fam 924:7:-1 by blue 732:5:-1 at gen396 Univ0 prob=0.393
​ 383I x:ageGp:fam 841:6:-1 by blue 968:8:-1 at gen396 Univ0 prob=0.470
​ 387I x:ageGp:fam 258:2:-1 by blue 954:8:-1 at gen397 Univ0 prob=0.807
​ 387I x:ageGp:fam 372:3:-1 by blue 328:2:-1 at gen397 Univ0 prob=0.283
​ 387I x:ageGp:fam 354:2:-1 by red 899:6:-1 at gen397 Univ0 prob=0.570
​ 387I x:ageGp:fam 391:3:-1 by blue 598:4:-1 at gen397 Univ0 prob=0.133
​ 387I x:ageGp:fam 468:3:-1 by red 685:4:-1 at gen397 Univ0 prob=0.367
​ 387I x:ageGp:fam 523:3:-1 by blue 554:4:-1 at gen397 Univ0 prob=0.690
​ 387I x:ageGp:fam 747:5:-1 by blue 869:6:-1 at gen397 Univ0 prob=0.047
​ 398I x:ageGp:fam 839:6:-1 by blue 67:1:-1 at gen398 Univ0 prob=0.711
​ 398I x:ageGp:fam 932:7:-1 by blue 220:2:-1 at gen398 Univ0 prob=0.989
​ 398I x:ageGp:fam 274:2:-1 by blue 916:7:-1 at gen398 Univ0 prob=0.414
​ 398I x:ageGp:fam 376:3:-1 by red 446:3:-1 at gen398 Univ0 prob=0.112
​ 405I x:ageGp:fam 180:2:-1 by blue 682:4:-1 at gen399 Univ0 prob=0.052
​ 405I x:ageGp:fam 215:2:-1 by red 695:5:-1 at gen399 Univ0 prob=0.090
​ 405I x:ageGp:fam 403:3:-1 by blue 390:3:-1 at gen399 Univ0 prob=0.764
​ 405I x:ageGp:fam 502:3:-1 by red 961:8:-1 at gen399 Univ0 prob=0.631
​ 405I x:ageGp:fam 778:5:-1 by blue 554:4:-1 at gen399 Univ0 prob=0.745
​ 405I x:ageGp:fam 779:5:-1 by blue 588:4:-1 at gen399 Univ0 prob=0.563
​ 405I x:ageGp:fam 815:5:-1 by blue 863:6:-1 at gen399 Univ0 prob=0.902
​ 409I x:ageGp:fam 730:5:-1 by red 11:0:-1 at gen400 Univ0 prob=0.340
​ 409I x:ageGp:fam 63:1:-1 by blue 795:5:-1 at gen400 Univ0 prob=0.346
​ 409I x:ageGp:fam 616:4:-1 by blue 197:2:-1 at gen400 Univ0 prob=0.085
​ 409I x:ageGp:fam 318:2:-1 by red 832:6:-1 at gen400 Univ0 prob=0.068
​ 409I x:ageGp:fam 915:7:-1 by blue 581:4:-1 at gen400 Univ0 prob=0.844
​ 416I x:ageGp:fam 128:1:-1 by blue 345:2:-1 at gen401 Univ0 prob=0.798
​ 416I x:ageGp:fam 151:2:-1 by red 865:6:-1 at gen401 Univ0 prob=0.011
​ 416I x:ageGp:fam 216:2:-1 by red 911:7:-1 at gen401 Univ0 prob=0.665
​ 416I x:ageGp:fam 897:6:-1 by red 293:2:-1 at gen401 Univ0 prob=0.067
​ 416I x:ageGp:fam 655:4:-1 by red 740:5:-1 at gen401 Univ0 prob=0.828
​ 421I x:ageGp:fam 998:9:-1 by blue 96:1:-1 at gen402 Univ0 prob=0.294
​ 421I x:ageGp:fam 189:2:-1 by blue 916:7:-1 at gen402 Univ0 prob=0.823
​ 421I x:ageGp:fam 233:2:-1 by blue 819:5:-1 at gen402 Univ0 prob=0.027
​ 421I x:ageGp:fam 254:2:-1 by blue 589:4:-1 at gen402 Univ0 prob=0.720
​ 421I x:ageGp:fam 416:3:-1 by blue 417:3:-1 at gen402 Univ0 prob=0.355
​ 421I x:ageGp:fam 758:5:-1 by red 488:3:-1 at gen402 Univ0 prob=0.416
​ 421I x:ageGp:fam 571:4:-1 by blue 744:5:-1 at gen402 Univ0 prob=0.154
​ 421I x:ageGp:fam 987:9:-1 by blue 721:5:-1 at gen402 Univ0 prob=0.991
​ 426I x:ageGp:fam 143:2:-1 by blue 593:4:-1 at gen403 Univ0 prob=0.414
​ 426I x:ageGp:fam 608:4:-1 by blue 166:2:-1 at gen403 Univ0 prob=0.183
​ 426I x:ageGp:fam 284:2:-1 by yellow 514:3:-1 at gen403 Univ0 prob=0.871
​ 426I x:ageGp:fam 471:3:-1 by blue 904:7:-1 at gen403 Univ0 prob=0.645
​ 426I x:ageGp:fam 478:3:-1 by red 603:4:-1 at gen403 Univ0 prob=0.626
​ 426I x:ageGp:fam 531:3:-1 by blue 522:3:-1 at gen403 Univ0 prob=0.746
​ 434I x:ageGp:fam 38:0:-1 by red 414:3:-1 at gen404 Univ0 prob=0.255
​ 434I x:ageGp:fam 38:0:-1 by blue 706:5:-1 at gen404 Univ0 prob=0.618
​ 434I x:ageGp:fam 78:1:-1 by red 144:2:-1 at gen404 Univ0 prob=0.803
​ 434I x:ageGp:fam 83:1:-1 by blue 721:5:-1 at gen404 Univ0 prob=0.764
​ 434I x:ageGp:fam 154:2:-1 by blue 906:7:-1 at gen404 Univ0 prob=0.725
​ 434I x:ageGp:fam 475:3:-1 by red 209:2:-1 at gen404 Univ0 prob=0.906
​ 434I x:ageGp:fam 249:2:-1 by blue 794:5:-1 at gen404 Univ0 prob=0.419
​ 434I x:ageGp:fam 332:2:-1 by blue 262:2:-1 at gen404 Univ0 prob=0.670
​ 440I x:ageGp:fam 282:2:-1 by blue 588:4:-1 at gen405 Univ0 prob=0.646
​ 440I x:ageGp:fam 643:4:-1 by red 605:4:-1 at gen405 Univ0 prob=0.788
​ 447I x:ageGp:fam 68:1:-1 by blue 395:3:-1 at gen406 Univ0 prob=0.401
​ 447I x:ageGp:fam 279:2:-1 by blue 250:2:-1 at gen406 Univ0 prob=0.923
​ 447I x:ageGp:fam 321:2:-1 by blue 581:4:-1 at gen406 Univ0 prob=0.518
​ 447I x:ageGp:fam 583:4:-1 by blue 328:2:-1 at gen406 Univ0 prob=0.914
​ 447I x:ageGp:fam 782:5:-1 by blue 792:5:-1 at gen406 Univ0 prob=0.848
​ 449I x:ageGp:fam 272:2:-1 by red 144:2:-1 at gen407 Univ0 prob=0.168
​ 449I x:ageGp:fam 399:3:-1 by blue 214:2:-1 at gen407 Univ0 prob=0.101
​ 449I x:ageGp:fam 874:6:-1 by blue 306:2:-1 at gen407 Univ0 prob=0.152
​ 449I x:ageGp:fam 622:4:-1 by blue 345:2:-1 at gen407 Univ0 prob=0.144
​ 449I x:ageGp:fam 772:5:-1 by red 373:3:-1 at gen407 Univ0 prob=0.269
​ 449I x:ageGp:fam 527:3:-1 by blue 588:4:-1 at gen407 Univ0 prob=0.524
​ 454I x:ageGp:fam 113:1:-1 by blue 925:7:-1 at gen408 Univ0 prob=0.281
​ 454I x:ageGp:fam 820:5:-1 by red 127:1:-1 at gen408 Univ0 prob=0.992
​ 454I x:ageGp:fam 893:6:-1 by blue 297:2:-1 at gen408 Univ0 prob=0.439
​ 454I x:ageGp:fam 423:3:-1 by blue 554:4:-1 at gen408 Univ0 prob=0.817
​ 454I x:ageGp:fam 806:5:-1 by blue 589:4:-1 at gen408 Univ0 prob=0.315
​ 454I x:ageGp:fam 717:5:-1 by blue 845:6:-1 at gen408 Univ0 prob=0.169
​ 460I x:ageGp:fam 133:2:-1 by red 390:3:-1 at gen409 Univ0 prob=0.091
​ 460I x:ageGp:fam 487:3:-1 by blue 197:2:-1 at gen409 Univ0 prob=0.610
​ 460I x:ageGp:fam 427:3:-1 by blue 289:2:-1 at gen409 Univ0 prob=0.662
​ 460I x:ageGp:fam 424:3:-1 by red 911:7:-1 at gen409 Univ0 prob=0.820
​ 460I x:ageGp:fam 473:3:-1 by red 458:3:-1 at gen409 Univ0 prob=0.310
​ 460I x:ageGp:fam 638:4:-1 by blue 522:3:-1 at gen409 Univ0 prob=0.670
​ 460I x:ageGp:fam 683:4:-1 by red 832:6:-1 at gen409 Univ0 prob=0.919
​ 466I x:ageGp:fam 28:0:-1 by blue 15:0:-1 at gen410 Univ0 prob=0.484
​ 466I x:ageGp:fam 27:0:-1 by red 637:4:-1 at gen410 Univ0 prob=0.084
​ 466I x:ageGp:fam 918:7:-1 by blue 33:0:-1 at gen410 Univ0 prob=0.915
​ 466I x:ageGp:fam 823:6:-1 by blue 819:5:-1 at gen410 Univ0 prob=0.696
​ 473I x:ageGp:fam 456:3:-1 by blue 0:0:-1 at gen411 Univ0 prob=0.298
​ 473I x:ageGp:fam 62:1:-1 by blue 7:0:-1 at gen411 Univ0 prob=0.836
​ 473I x:ageGp:fam 443:3:-1 by blue 92:1:-1 at gen411 Univ0 prob=0.977
​ 473I x:ageGp:fam 178:2:-1 by blue 250:2:-1 at gen411 Univ0 prob=0.133
​ 473I x:ageGp:fam 401:3:-1 by blue 768:5:-1 at gen411 Univ0 prob=0.433
​ 473I x:ageGp:fam 881:6:-1 by blue 526:3:-1 at gen411 Univ0 prob=0.713
​ 473I x:ageGp:fam 743:5:-1 by blue 938:7:-1 at gen411 Univ0 prob=0.165
​ 477I x:ageGp:fam 23:0:-1 by red 822:6:-1 at gen412 Univ0 prob=0.151
​ 477I x:ageGp:fam 58:1:-1 by red 408:3:-1 at gen412 Univ0 prob=0.708
​ 477I x:ageGp:fam 123:1:-1 by red 721:5:-1 at gen412 Univ0 prob=0.847
​ 477I x:ageGp:fam 187:2:-1 by blue 542:4:-1 at gen412 Univ0 prob=0.034
​ 477I x:ageGp:fam 923:7:-1 by blue 275:2:-1 at gen412 Univ0 prob=0.270
​ 477I x:ageGp:fam 796:5:-1 by blue 304:2:-1 at gen412 Univ0 prob=0.182
​ 477I x:ageGp:fam 965:8:-1 by blue 400:3:-1 at gen412 Univ0 prob=0.937
​ 477I x:ageGp:fam 621:4:-1 by red 561:4:-1 at gen412 Univ0 prob=0.526
​ 477I x:ageGp:fam 657:4:-1 by red 928:7:-1 at gen412 Univ0 prob=0.608
​ 484I x:ageGp:fam 666:4:-1 by blue 819:5:-1 at gen413 Univ0 prob=0.071
​ 493I x:ageGp:fam 117:1:-1 by red 384:3:-1 at gen414 Univ0 prob=0.029
​ 493I x:ageGp:fam 997:9:-1 by red 209:2:-1 at gen414 Univ0 prob=0.988
​ 493I x:ageGp:fam 534:3:-1 by blue 521:3:-1 at gen414 Univ0 prob=0.093
​ 493I x:ageGp:fam 934:7:-1 by blue 818:5:-1 at gen414 Univ0 prob=0.254
​ 494I x:ageGp:fam 381:3:-1 by red 36:0:-1 at gen415 Univ0 prob=0.826
​ 494I x:ageGp:fam 88:1:-1 by blue 81:1:-1 at gen415 Univ0 prob=0.111
​ 494I x:ageGp:fam 716:5:-1 by blue 109:1:-1 at gen415 Univ0 prob=0.309
​ 494I x:ageGp:fam 177:2:-1 by blue 194:2:-1 at gen415 Univ0 prob=0.749
​ 494I x:ageGp:fam 234:2:-1 by blue 669:4:-1 at gen415 Univ0 prob=0.514
​ 494I x:ageGp:fam 861:6:-1 by red 414:3:-1 at gen415 Univ0 prob=0.247
​ 494I x:ageGp:fam 614:4:-1 by blue 807:5:-1 at gen415 Univ0 prob=0.475
​ 494I x:ageGp:fam 860:6:-1 by red 740:5:-1 at gen415 Univ0 prob=0.038
​ 498I x:ageGp:fam 947:7:-1 by red 49:1:-1 at gen416 Univ0 prob=0.790
​ 498I x:ageGp:fam 71:1:-1 by blue 67:1:-1 at gen416 Univ0 prob=0.061
​ 498I x:ageGp:fam 342:2:-1 by red 228:2:-1 at gen416 Univ0 prob=0.776
​ 498I x:ageGp:fam 286:2:-1 by red 417:3:-1 at gen416 Univ0 prob=0.769
​ 498I x:ageGp:fam 462:3:-1 by red 293:2:-1 at gen416 Univ0 prob=0.992
​ 498I x:ageGp:fam 314:2:-1 by blue 375:3:-1 at gen416 Univ0 prob=0.945
​ 498I x:ageGp:fam 784:5:-1 by red 340:2:-1 at gen416 Univ0 prob=0.353
​ 498I x:ageGp:fam 344:2:-1 by blue 575:4:-1 at gen416 Univ0 prob=0.833
​ 498I x:ageGp:fam 462:3:-1 by blue 851:6:-1 at gen416 Univ0 prob=0.762
​ 506I x:ageGp:fam 816:5:-1 by red 306:2:-1 at gen417 Univ0 prob=0.502
​ 506I x:ageGp:fam 634:4:-1 by red 373:3:-1 at gen417 Univ0 prob=0.981
​ 514I x:ageGp:fam 382:3:-1 by red 36:0:-1 at gen418 Univ0 prob=0.934
​ 514I x:ageGp:fam 227:2:-1 by blue 236:2:-1 at gen418 Univ0 prob=0.290
​ 514I x:ageGp:fam 597:4:-1 by blue 547:4:-1 at gen418 Univ0 prob=0.122
​ 514I x:ageGp:fam 945:7:-1 by red 842:6:-1 at gen418 Univ0 prob=0.410
​ 516I x:ageGp:fam 905:7:-1 by red 450:3:-1 at gen419 Univ0 prob=0.208
​ 520I x:ageGp:fam 618:4:-1 by blue 60:1:-1 at gen420 Univ0 prob=0.469
​ 520I x:ageGp:fam 919:7:-1 by red 165:2:-1 at gen420 Univ0 prob=0.895
​ 520I x:ageGp:fam 413:3:-1 by red 548:4:-1 at gen420 Univ0 prob=0.839
​ 520I x:ageGp:fam 701:5:-1 by yellow 452:3:-1 at gen420 Univ0 prob=0.976
​ 521I x:ageGp:fam 419:3:-1 by blue 171:2:-1 at gen421 Univ0 prob=0.963
​ 521I x:ageGp:fam 601:4:-1 by red 228:2:-1 at gen421 Univ0 prob=0.045
​ 521I x:ageGp:fam 697:5:-1 by red 572:4:-1 at gen421 Univ0 prob=0.196
​ 525I x:ageGp:fam 864:6:-1 by blue 280:2:-1 at gen422 Univ0 prob=0.568
​ 525I x:ageGp:fam 343:2:-1 by blue 972:8:-1 at gen422 Univ0 prob=0.826
​ 525I x:ageGp:fam 455:3:-1 by blue 682:4:-1 at gen422 Univ0 prob=0.235
​ 528I x:ageGp:fam 333:2:-1 by blue 59:1:-1 at gen423 Univ0 prob=0.739
​ 528I x:ageGp:fam 112:1:-1 by blue 869:6:-1 at gen423 Univ0 prob=0.974
​ 528I x:ageGp:fam 350:2:-1 by red 488:3:-1 at gen423 Univ0 prob=0.800
​ 528I x:ageGp:fam 356:2:-1 by blue 926:7:-1 at gen423 Univ0 prob=0.982
​ 528I x:ageGp:fam 364:3:-1 by red 855:6:-1 at gen423 Univ0 prob=0.012
​ 531I x:ageGp:fam 98:1:-1 by red 221:2:-1 at gen424 Univ0 prob=0.837
​ 531I x:ageGp:fam 155:2:-1 by blue 927:7:-1 at gen424 Univ0 prob=0.918
​ 531I x:ageGp:fam 198:2:-1 by blue 738:5:-1 at gen424 Univ0 prob=0.684
​ 536I x:ageGp:fam 114:1:-1 by red 842:6:-1 at gen425 Univ0 prob=0.306
​ 539I x:ageGp:fam 160:2:-1 by blue 315:2:-1 at gen426 Univ0 prob=0.951
​ 539I x:ageGp:fam 264:2:-1 by red 428:3:-1 at gen426 Univ0 prob=0.708
​ 539I x:ageGp:fam 265:2:-1 by blue 673:4:-1 at gen426 Univ0 prob=0.103
​ 539I x:ageGp:fam 379:3:-1 by red 414:3:-1 at gen426 Univ0 prob=0.027
​ 539I x:ageGp:fam 680:4:-1 by red 842:6:-1 at gen426 Univ0 prob=0.508
​ 539I x:ageGp:fam 734:5:-1 by red 727:5:-1 at gen426 Univ0 prob=0.993
​ 539I x:ageGp:fam 902:7:-1 by blue 967:8:-1 at gen426 Univ0 prob=0.663
​ 540I x:ageGp:fam 801:5:-1 by blue 315:2:-1 at gen427 Univ0 prob=0.658
​ 540I x:ageGp:fam 398:3:-1 by red 406:3:-1 at gen427 Univ0 prob=0.217
​ 540I x:ageGp:fam 489:3:-1 by red 522:3:-1 at gen427 Univ0 prob=0.930
​ 540I x:ageGp:fam 949:8:-1 by red 498:3:-1 at gen427 Univ0 prob=0.715
​ 547I x:ageGp:fam 515:3:-1 by blue 625:4:-1 at gen428 Univ0 prob=0.821
​ 551I x:ageGp:fam 93:1:-1 by blue 904:7:-1 at gen429 Univ0 prob=0.407
​ 551I x:ageGp:fam 99:1:-1 by blue 337:2:-1 at gen429 Univ0 prob=0.647
​ 551I x:ageGp:fam 120:1:-1 by red 542:4:-1 at gen429 Univ0 prob=0.177
​ 551I x:ageGp:fam 231:2:-1 by blue 435:3:-1 at gen429 Univ0 prob=0.468
​ 551I x:ageGp:fam 351:2:-1 by red 698:5:-1 at gen429 Univ0 prob=0.082
​ 551I x:ageGp:fam 951:8:-1 by red 422:3:-1 at gen429 Univ0 prob=0.356
​ 551I x:ageGp:fam 437:3:-1 by red 928:7:-1 at gen429 Univ0 prob=0.299
​ 551I x:ageGp:fam 529:3:-1 by red 842:6:-1 at gen429 Univ0 prob=0.064
​ 552I x:ageGp:fam 793:5:-1 by red 109:1:-1 at gen430 Univ0 prob=0.655
​ 552I x:ageGp:fam 483:3:-1 by blue 184:2:-1 at gen430 Univ0 prob=0.308
​ 560I x:ageGp:fam 9:0:-1 by blue 824:6:-1 at gen431 Univ0 prob=0.197
​ 560I x:ageGp:fam 176:2:-1 by red 603:4:-1 at gen431 Univ0 prob=0.777
​ 560I x:ageGp:fam 307:2:-1 by red 221:2:-1 at gen431 Univ0 prob=0.218
​ 560I x:ageGp:fam 267:2:-1 by blue 508:3:-1 at gen431 Univ0 prob=0.826
​ 560I x:ageGp:fam 267:2:-1 by blue 903:7:-1 at gen431 Univ0 prob=0.226
​ 560I x:ageGp:fam 360:3:-1 by blue 630:4:-1 at gen431 Univ0 prob=0.293
​ 560I x:ageGp:fam 610:4:-1 by red 428:3:-1 at gen431 Univ0 prob=0.143
​ 560I x:ageGp:fam 875:6:-1 by blue 818:5:-1 at gen431 Univ0 prob=0.002
​ 562I x:ageGp:fam 438:3:-1 by yellow 108:1:-1 at gen432 Univ0 prob=0.337
​ 562I x:ageGp:fam 142:2:-1 by blue 214:2:-1 at gen432 Univ0 prob=0.965
​ 569I x:ageGp:fam 660:4:-1 by blue 241:2:-1 at gen433 Univ0 prob=0.642
​ 569I x:ageGp:fam 573:4:-1 by blue 297:2:-1 at gen433 Univ0 prob=0.326
​ 569I x:ageGp:fam 880:6:-1 by blue 405:3:-1 at gen433 Univ0 prob=0.581
​ 571I x:ageGp:fam 550:4:-1 by blue 15:0:-1 at gen434 Univ0 prob=0.172
​ 571I x:ageGp:fam 199:2:-1 by blue 559:4:-1 at gen434 Univ0 prob=0.689
​ 571I x:ageGp:fam 338:2:-1 by red 587:4:-1 at gen434 Univ0 prob=0.406
​ 571I x:ageGp:fam 541:4:-1 by blue 532:3:-1 at gen434 Univ0 prob=0.016
​ 571I x:ageGp:fam 712:5:-1 by blue 646:4:-1 at gen434 Univ0 prob=0.878
​ 571I x:ageGp:fam 658:4:-1 by red 961:8:-1 at gen434 Univ0 prob=0.885
​ 574I x:ageGp:fam 75:1:-1 by blue 526:3:-1 at gen435 Univ0 prob=0.789
​ 574I x:ageGp:fam 831:6:-1 by red 77:1:-1 at gen435 Univ0 prob=0.388
​ 574I x:ageGp:fam 84:1:-1 by blue 315:2:-1 at gen435 Univ0 prob=0.391
​ 574I x:ageGp:fam 102:1:-1 by red 346:2:-1 at gen435 Univ0 prob=0.831
​ 574I x:ageGp:fam 157:2:-1 by blue 713:5:-1 at gen435 Univ0 prob=0.112
​ 574I x:ageGp:fam 555:4:-1 by red 488:3:-1 at gen435 Univ0 prob=0.117
​ 574I x:ageGp:fam 922:7:-1 by blue 526:3:-1 at gen435 Univ0 prob=0.005
​ 574I x:ageGp:fam 953:8:-1 by blue 738:5:-1 at gen435 Univ0 prob=0.733
​ 574I x:ageGp:fam 827:6:-1 by blue 843:6:-1 at gen435 Univ0 prob=0.503
​ 580I x:ageGp:fam 412:3:-1 by red 870:6:-1 at gen436 Univ0 prob=0.002
​ 580I x:ageGp:fam 976:8:-1 by blue 508:3:-1 at gen436 Univ0 prob=0.212
​ 589I x:ageGp:fam 786:5:-1 by blue 96:1:-1 at gen437 Univ0 prob=0.931
​ 589I x:ageGp:fam 460:3:-1 by red 127:1:-1 at gen437 Univ0 prob=0.318
​ 589I x:ageGp:fam 159:2:-1 by red 537:3:-1 at gen437 Univ0 prob=0.758
​ 589I x:ageGp:fam 218:2:-1 by red 870:6:-1 at gen437 Univ0 prob=0.212
​ 589I x:ageGp:fam 365:3:-1 by red 700:5:-1 at gen437 Univ0 prob=0.661
​ 589I x:ageGp:fam 615:4:-1 by red 627:4:-1 at gen437 Univ0 prob=0.653
​ 589I x:ageGp:fam 632:4:-1 by blue 999:9:-1 at gen437 Univ0 prob=0.258
​ 591I x:ageGp:fam 47:1:-1 by blue 710:5:-1 at gen438 Univ0 prob=0.623
​ 591I x:ageGp:fam 230:2:-1 by red 928:7:-1 at gen438 Univ0 prob=0.115
​ 591I x:ageGp:fam 668:4:-1 by blue 300:2:-1 at gen438 Univ0 prob=0.114
​ 591I x:ageGp:fam 464:3:-1 by red 349:2:-1 at gen438 Univ0 prob=0.420
​ 591I x:ageGp:fam 449:3:-1 by blue 850:6:-1 at gen438 Univ0 prob=0.396
​ 598I x:ageGp:fam 540:3:-1 by blue 132:2:-1 at gen439 Univ0 prob=0.650
​ 598I x:ageGp:fam 556:4:-1 by red 223:2:-1 at gen439 Univ0 prob=0.929
​ 598I x:ageGp:fam 257:2:-1 by red 569:4:-1 at gen439 Univ0 prob=0.734
​ 598I x:ageGp:fam 586:4:-1 by blue 394:3:-1 at gen439 Univ0 prob=0.101
​ 598I x:ageGp:fam 441:3:-1 by red 498:3:-1 at gen439 Univ0 prob=0.775
​ 603I x:ageGp:fam 830:6:-1 by blue 311:2:-1 at gen440 Univ0 prob=0.995
​ 603I x:ageGp:fam 762:5:-1 by red 316:2:-1 at gen440 Univ0 prob=0.861
​ 603I x:ageGp:fam 388:3:-1 by red 611:4:-1 at gen440 Univ0 prob=0.180
​ 603I x:ageGp:fam 392:3:-1 by red 906:7:-1 at gen440 Univ0 prob=0.147
​ 608I x:ageGp:fam 125:1:-1 by blue 819:5:-1 at gen441 Univ0 prob=0.586
​ 608I x:ageGp:fam 291:2:-1 by blue 337:2:-1 at gen441 Univ0 prob=0.105
​ 608I x:ageGp:fam 308:2:-1 by red 304:2:-1 at gen441 Univ0 prob=0.063
​ 608I x:ageGp:fam 407:3:-1 by red 591:4:-1 at gen441 Univ0 prob=0.019
​ 612I x:ageGp:fam 287:2:-1 by blue 431:3:-1 at gen442 Univ0 prob=0.317
​ 612I x:ageGp:fam 560:4:-1 by blue 633:4:-1 at gen442 Univ0 prob=0.240
​ 616I x:ageGp:fam 263:2:-1 by blue 405:3:-1 at gen443 Univ0 prob=0.367
​ 618I x:ageGp:fam 163:2:-1 by blue 275:2:-1 at gen444 Univ0 prob=0.288
​ 618I x:ageGp:fam 609:4:-1 by blue 300:2:-1 at gen444 Univ0 prob=0.990
​ 618I x:ageGp:fam 367:3:-1 by blue 780:5:-1 at gen444 Univ0 prob=0.269
​ 618I x:ageGp:fam 530:3:-1 by blue 692:5:-1 at gen444 Univ0 prob=0.188
​ 619I x:ageGp:fam 56:1:-1 by red 428:3:-1 at gen445 Univ0 prob=0.467
​ 619I x:ageGp:fam 76:1:-1 by red 122:1:-1 at gen445 Univ0 prob=0.562
​ 619I x:ageGp:fam 703:5:-1 by blue 435:3:-1 at gen445 Univ0 prob=0.830
​ 623I x:ageGp:fam 334:2:-1 by red 304:2:-1 at gen446 Univ0 prob=0.849
​ 623I x:ageGp:fam 789:5:-1 by red 434:3:-1 at gen446 Univ0 prob=0.432
​ 626I x:ageGp:fam 19:0:-1 by blue 760:5:-1 at gen447 Univ0 prob=0.676
​ 626I x:ageGp:fam 34:0:-1 by red 842:6:-1 at gen447 Univ0 prob=0.342
​ 626I x:ageGp:fam 116:1:-1 by red 989:9:-1 at gen447 Univ0 prob=0.228
​ 626I x:ageGp:fam 192:2:-1 by blue 962:8:-1 at gen447 Univ0 prob=0.190
​ 626I x:ageGp:fam 742:5:-1 by blue 444:3:-1 at gen447 Univ0 prob=0.534
​ 628I x:ageGp:fam 17:0:-1 by blue 219:2:-1 at gen448 Univ0 prob=0.991
​ 628I x:ageGp:fam 642:4:-1 by red 36:0:-1 at gen448 Univ0 prob=0.238
​ 628I x:ageGp:fam 196:2:-1 by red 978:8:-1 at gen448 Univ0 prob=0.563
​ 628I x:ageGp:fam 596:4:-1 by blue 290:2:-1 at gen448 Univ0 prob=0.880
​ 628I x:ageGp:fam 425:3:-1 by red 916:7:-1 at gen448 Univ0 prob=0.313
​ 633I x:ageGp:fam 245:2:-1 by red 420:3:-1 at gen449 Univ0 prob=0.073
​ 633I x:ageGp:fam 313:2:-1 by red 877:6:-1 at gen449 Univ0 prob=0.869
​ 633I x:ageGp:fam 694:5:-1 by red 325:2:-1 at gen449 Univ0 prob=0.035
​ 633I x:ageGp:fam 500:3:-1 by red 430:3:-1 at gen449 Univ0 prob=0.946
​ 633I x:ageGp:fam 802:5:-1 by blue 539:3:-1 at gen449 Univ0 prob=0.851
​ 638I x:ageGp:fam 665:4:-1 by blue 910:7:-1 at gen450 Univ0 prob=0.525
​ 638I x:ageGp:fam 909:7:-1 by red 989:9:-1 at gen450 Univ0 prob=0.780
​ 643I x:ageGp:fam 377:3:-1 by red 221:2:-1 at gen451 Univ0 prob=0.967
​ 643I x:ageGp:fam 271:2:-1 by red 926:7:-1 at gen451 Univ0 prob=0.183
​ 643I x:ageGp:fam 705:5:-1 by red 420:3:-1 at gen451 Univ0 prob=0.838
​ 643I x:ageGp:fam 533:3:-1 by red 426:3:-1 at gen451 Univ0 prob=0.756
​ 645I x:ageGp:fam 145:2:-1 by blue 774:5:-1 at gen452 Univ0 prob=0.126
​ 645I x:ageGp:fam 935:7:-1 by red 172:2:-1 at gen452 Univ0 prob=0.416
​ 645I x:ageGp:fam 225:2:-1 by blue 361:3:-1 at gen452 Univ0 prob=0.713
​ 645I x:ageGp:fam 331:2:-1 by blue 536:3:-1 at gen452 Univ0 prob=0.230
​ 645I x:ageGp:fam 336:2:-1 by blue 431:3:-1 at gen452 Univ0 prob=0.814
​ 645I x:ageGp:fam 366:3:-1 by red 911:7:-1 at gen452 Univ0 prob=0.417
​ 645I x:ageGp:fam 387:3:-1 by red 865:6:-1 at gen452 Univ0 prob=0.755
​ 645I x:ageGp:fam 519:3:-1 by red 989:9:-1 at gen452 Univ0 prob=0.555
​ 645I x:ageGp:fam 670:4:-1 by red 760:5:-1 at gen452 Univ0 prob=0.086
​ 645I x:ageGp:fam 944:7:-1 by blue 847:6:-1 at gen452 Univ0 prob=0.705
​ 649I x:ageGp:fam 14:0:-1 by red 109:1:-1 at gen453 Univ0 prob=0.355
​ 649I x:ageGp:fam 29:0:-1 by red 340:2:-1 at gen453 Univ0 prob=0.320
​ 649I x:ageGp:fam 105:1:-1 by blue 818:5:-1 at gen453 Univ0 prob=0.175
​ 649I x:ageGp:fam 186:2:-1 by blue 917:7:-1 at gen453 Univ0 prob=0.221
​ 649I x:ageGp:fam 612:4:-1 by blue 474:3:-1 at gen453 Univ0 prob=0.021
​ 649I x:ageGp:fam 672:4:-1 by blue 955:8:-1 at gen453 Univ0 prob=0.690
​ 649I x:ageGp:fam 690:5:-1 by blue 966:8:-1 at gen453 Univ0 prob=0.019
​ 659I x:ageGp:fam 980:8:-1 by red 24:0:-1 at gen454 Univ0 prob=0.516
​ 659I x:ageGp:fam 206:2:-1 by red 842:6:-1 at gen454 Univ0 prob=0.617
​ 659I x:ageGp:fam 207:2:-1 by blue 532:3:-1 at gen454 Univ0 prob=0.326
​ 659I x:ageGp:fam 817:5:-1 by blue 380:3:-1 at gen454 Univ0 prob=0.112
​ 659I x:ageGp:fam 681:4:-1 by blue 505:3:-1 at gen454 Univ0 prob=0.427
​ 666I x:ageGp:fam 35:0:-1 by blue 910:7:-1 at gen455 Univ0 prob=0.714
​ 666I x:ageGp:fam 584:4:-1 by blue 132:2:-1 at gen455 Univ0 prob=0.795
​ 666I x:ageGp:fam 156:2:-1 by red 320:2:-1 at gen455 Univ0 prob=0.047
​ 666I x:ageGp:fam 563:4:-1 by red 851:6:-1 at gen455 Univ0 prob=0.391
​ 671I x:ageGp:fam 5:0:-1 by red 865:6:-1 at gen456 Univ0 prob=0.558
​ 671I x:ageGp:fam 55:1:-1 by red 122:1:-1 at gen456 Univ0 prob=0.448
​ 671I x:ageGp:fam 80:1:-1 by blue 995:9:-1 at gen456 Univ0 prob=0.517
​ 671I x:ageGp:fam 604:4:-1 by blue 539:3:-1 at gen456 Univ0 prob=0.635
​ 671I x:ageGp:fam 975:8:-1 by red 727:5:-1 at gen456 Univ0 prob=0.093
​ 675I x:ageGp:fam 363:3:-1 by red 15:0:-1 at gen457 Univ0 prob=0.853
​ 675I x:ageGp:fam 53:1:-1 by red 656:4:-1 at gen457 Univ0 prob=0.849
​ 675I x:ageGp:fam 188:2:-1 by blue 409:3:-1 at gen457 Univ0 prob=0.955
​ 675I x:ageGp:fam 302:2:-1 by red 962:8:-1 at gen457 Univ0 prob=0.775
​ 675I x:ageGp:fam 467:3:-1 by red 395:3:-1 at gen457 Univ0 prob=0.420
​ 675I x:ageGp:fam 714:5:-1 by red 509:3:-1 at gen457 Univ0 prob=0.436
​ 675I x:ageGp:fam 567:4:-1 by red 884:6:-1 at gen457 Univ0 prob=0.166
​ 680I x:ageGp:fam 371:3:-1 by red 579:4:-1 at gen458 Univ0 prob=0.298
​ 680I x:ageGp:fam 777:5:-1 by blue 766:5:-1 at gen458 Univ0 prob=0.868
​ 687I x:ageGp:fam 164:2:-1 by blue 619:4:-1 at gen459 Univ0 prob=0.648
​ 687I x:ageGp:fam 733:5:-1 by blue 273:2:-1 at gen459 Univ0 prob=0.802
​ 687I x:ageGp:fam 322:2:-1 by blue 982:9:-1 at gen459 Univ0 prob=0.999
​ 687I x:ageGp:fam 678:4:-1 by blue 394:3:-1 at gen459 Univ0 prob=0.286
​ 687I x:ageGp:fam 723:5:-1 by red 954:8:-1 at gen459 Univ0 prob=0.154
​ 689I x:ageGp:fam 147:2:-1 by red 509:3:-1 at gen460 Univ0 prob=0.999
​ 689I x:ageGp:fam 754:5:-1 by blue 595:4:-1 at gen460 Univ0 prob=0.135
​ 689I x:ageGp:fam 821:6:-1 by blue 684:4:-1 at gen460 Univ0 prob=0.480
​ 694I x:ageGp:fam 39:0:-1 by blue 710:5:-1 at gen461 Univ0 prob=0.296
​ 694I x:ageGp:fam 745:5:-1 by blue 273:2:-1 at gen461 Univ0 prob=0.677
​ 694I x:ageGp:fam 491:3:-1 by blue 927:7:-1 at gen461 Univ0 prob=0.382
​ 694I x:ageGp:fam 804:5:-1 by blue 676:4:-1 at gen461 Univ0 prob=0.175
​ 697I x:ageGp:fam 66:1:-1 by blue 494:3:-1 at gen462 Univ0 prob=0.812
​ 697I x:ageGp:fam 126:1:-1 by red 818:5:-1 at gen462 Univ0 prob=0.897
​ 697I x:ageGp:fam 726:5:-1 by red 141:2:-1 at gen462 Univ0 prob=0.487
​ 697I x:ageGp:fam 169:2:-1 by red 575:4:-1 at gen462 Univ0 prob=0.919
​ 697I x:ageGp:fam 834:6:-1 by red 637:4:-1 at gen462 Univ0 prob=0.241
​ 701I x:ageGp:fam 557:4:-1 by red 81:1:-1 at gen463 Univ0 prob=0.123
​ 701I x:ageGp:fam 799:5:-1 by red 166:2:-1 at gen463 Univ0 prob=0.277
​ 701I x:ageGp:fam 203:2:-1 by red 818:5:-1 at gen463 Univ0 prob=0.521
​ 701I x:ageGp:fam 411:3:-1 by red 214:2:-1 at gen463 Univ0 prob=0.642
​ 701I x:ageGp:fam 243:2:-1 by blue 781:5:-1 at gen463 Univ0 prob=0.868
​ 701I x:ageGp:fam 355:2:-1 by red 792:5:-1 at gen463 Univ0 prob=0.766
​ 701I x:ageGp:fam 645:4:-1 by blue 361:3:-1 at gen463 Univ0 prob=0.385
​ 706I x:ageGp:fam 134:2:-1 by red 904:7:-1 at gen464 Univ0 prob=0.526
​ 706I x:ageGp:fam 606:4:-1 by red 579:4:-1 at gen464 Univ0 prob=0.256
​ 713I x:ageGp:fam 136:2:-1 by blue 445:3:-1 at gen465 Univ0 prob=0.327
​ 713I x:ageGp:fam 158:2:-1 by red 569:4:-1 at gen465 Univ0 prob=0.431
​ 713I x:ageGp:fam 731:5:-1 by red 978:8:-1 at gen465 Univ0 prob=0.485
​ 715I x:ageGp:fam 181:2:-1 by blue 624:4:-1 at gen466 Univ0 prob=0.832
​ 715I x:ageGp:fam 269:2:-1 by blue 564:4:-1 at gen466 Univ0 prob=0.803
​ 715I x:ageGp:fam 454:3:-1 by blue 857:6:-1 at gen466 Univ0 prob=0.765
​ 718I x:ageGp:fam 493:3:-1 by red 15:0:-1 at gen467 Univ0 prob=0.381
​ 721I x:ageGp:fam 298:2:-1 by blue 918:7:-1 at gen468 Univ0 prob=0.489
​ 721I x:ageGp:fam 317:2:-1 by red 328:2:-1 at gen468 Univ0 prob=0.349
​ 721I x:ageGp:fam 739:5:-1 by red 588:4:-1 at gen468 Univ0 prob=0.545
​ 721I x:ageGp:fam 715:5:-1 by red 667:4:-1 at gen468 Univ0 prob=0.602
​ 721I x:ageGp:fam 709:5:-1 by red 673:4:-1 at gen468 Univ0 prob=0.841
​ 721I x:ageGp:fam 808:5:-1 by red 884:6:-1 at gen468 Univ0 prob=0.662
​ 722I x:ageGp:fam 872:6:-1 by blue 26:0:-1 at gen469 Univ0 prob=0.677
​ 722I x:ageGp:fam 57:1:-1 by red 884:6:-1 at gen469 Univ0 prob=0.222
​ 722I x:ageGp:fam 977:8:-1 by red 223:2:-1 at gen469 Univ0 prob=0.060
​ 728I x:ageGp:fam 590:4:-1 by red 59:1:-1 at gen470 Univ0 prob=0.259
​ 728I x:ageGp:fam 788:5:-1 by red 197:2:-1 at gen470 Univ0 prob=0.356
​ 728I x:ageGp:fam 303:2:-1 by blue 419:3:-1 at gen470 Univ0 prob=0.592
​ 728I x:ageGp:fam 711:5:-1 by red 421:3:-1 at gen470 Univ0 prob=0.255
​ 731I x:ageGp:fam 626:4:-1 by blue 839:6:-1 at gen471 Univ0 prob=0.533
​ 735I x:ageGp:fam 853:6:-1 by red 103:1:-1 at gen472 Univ0 prob=0.197
​ 735I x:ageGp:fam 266:2:-1 by blue 514:3:-1 at gen472 Univ0 prob=0.058
​ 735I x:ageGp:fam 810:5:-1 by blue 427:3:-1 at gen472 Univ0 prob=0.963
​ 735I x:ageGp:fam 466:3:-1 by blue 861:6:-1 at gen472 Univ0 prob=0.287
​ 735I x:ageGp:fam 577:4:-1 by red 925:7:-1 at gen472 Univ0 prob=0.431
​ 735I x:ageGp:fam 996:9:-1 by red 967:8:-1 at gen472 Univ0 prob=0.371
​ 736I x:ageGp:fam 357:2:-1 by blue 915:7:-1 at gen473 Univ0 prob=0.008
​ 736I x:ageGp:fam 969:8:-1 by blue 405:3:-1 at gen473 Univ0 prob=0.739
​ 736I x:ageGp:fam 859:6:-1 by red 458:3:-1 at gen473 Univ0 prob=0.686
​ 736I x:ageGp:fam 755:5:-1 by red 862:6:-1 at gen473 Univ0 prob=0.206
​ 736I x:ageGp:fam 883:6:-1 by blue 915:7:-1 at gen473 Univ0 prob=0.140
​ 742I x:ageGp:fam 992:9:-1 by red 957:8:-1 at gen474 Univ0 prob=0.428
​ 747I x:ageGp:fam 179:2:-1 by red 171:2:-1 at gen475 Univ0 prob=0.665
​ 747I x:ageGp:fam 183:2:-1 by red 458:3:-1 at gen475 Univ0 prob=0.548
​ 747I x:ageGp:fam 252:2:-1 by red 671:4:-1 at gen475 Univ0 prob=0.679
​ 747I x:ageGp:fam 312:2:-1 by blue 343:2:-1 at gen475 Univ0 prob=0.939
​ 747I x:ageGp:fam 639:4:-1 by blue 330:2:-1 at gen475 Univ0 prob=0.073
​ 748I x:ageGp:fam 37:0:-1 by blue 151:2:-1 at gen476 Univ0 prob=0.178
​ 748I x:ageGp:fam 46:1:-1 by red 326:2:-1 at gen476 Univ0 prob=0.353
​ 748I x:ageGp:fam 764:5:-1 by blue 216:2:-1 at gen476 Univ0 prob=0.919
​ 748I x:ageGp:fam 374:3:-1 by red 458:3:-1 at gen476 Univ0 prob=0.309
​ 748I x:ageGp:fam 503:3:-1 by blue 995:9:-1 at gen476 Univ0 prob=0.360
​ 753I x:ageGp:fam 10:0:-1 by red 450:3:-1 at gen477 Univ0 prob=0.712
​ 753I x:ageGp:fam 253:2:-1 by yellow 902:7:-1 at gen477 Univ0 prob=0.743
​ 753I x:ageGp:fam 890:6:-1 by blue 433:3:-1 at gen477 Univ0 prob=0.086
​ 753I x:ageGp:fam 984:9:-1 by blue 520:3:-1 at gen477 Univ0 prob=0.506
​ 758I x:ageGp:fam 185:2:-1 by blue 43:1:-1 at gen478 Univ0 prob=0.499
​ 758I x:ageGp:fam 558:4:-1 by blue 108:1:-1 at gen478 Univ0 prob=0.982
​ 762I x:ageGp:fam 25:0:-1 by blue 515:3:-1 at gen479 Univ0 prob=0.730
​ 762I x:ageGp:fam 130:1:-1 by blue 531:3:-1 at gen479 Univ0 prob=0.132
​ 762I x:ageGp:fam 773:5:-1 by blue 210:2:-1 at gen479 Univ0 prob=0.776
​ 762I x:ageGp:fam 551:4:-1 by blue 719:5:-1 at gen479 Univ0 prob=0.637
​ 762I x:ageGp:fam 878:6:-1 by red 593:4:-1 at gen479 Univ0 prob=0.511
​ 764I x:ageGp:fam 138:2:-1 by red 498:3:-1 at gen480 Univ0 prob=0.508
​ 764I x:ageGp:fam 644:4:-1 by red 588:4:-1 at gen480 Univ0 prob=0.149
​ 769I x:ageGp:fam 161:2:-1 by red 36:0:-1 at gen481 Univ0 prob=0.247
​ 769I x:ageGp:fam 42:1:-1 by blue 389:3:-1 at gen481 Univ0 prob=0.566
​ 769I x:ageGp:fam 933:7:-1 by red 498:3:-1 at gen481 Univ0 prob=0.397
​ 771I x:ageGp:fam 974:8:-1 by blue 78:1:-1 at gen482 Univ0 prob=0.452
​ 771I x:ageGp:fam 339:2:-1 by blue 527:3:-1 at gen482 Univ0 prob=0.770
​ 771I x:ageGp:fam 828:6:-1 by red 522:3:-1 at gen482 Univ0 prob=0.412
​ 771I x:ageGp:fam 974:8:-1 by red 795:5:-1 at gen482 Univ0 prob=0.274
​ 774I x:ageGp:fam 720:5:-1 by red 15:0:-1 at gen483 Univ0 prob=0.409
​ 774I x:ageGp:fam 48:1:-1 by blue 43:1:-1 at gen483 Univ0 prob=0.426
​ 774I x:ageGp:fam 51:1:-1 by red 760:5:-1 at gen483 Univ0 prob=0.802
​ 774I x:ageGp:fam 574:4:-1 by blue 151:2:-1 at gen483 Univ0 prob=0.580
​ 774I x:ageGp:fam 397:3:-1 by blue 177:2:-1 at gen483 Univ0 prob=0.502
​ 774I x:ageGp:fam 888:6:-1 by red 400:3:-1 at gen483 Univ0 prob=0.116
​ 774I x:ageGp:fam 930:7:-1 by red 744:5:-1 at gen483 Univ0 prob=0.462
​ 777I x:ageGp:fam 224:2:-1 by blue 391:3:-1 at gen484 Univ0 prob=0.749
​ 777I x:ageGp:fam 941:7:-1 by blue 286:2:-1 at gen484 Univ0 prob=0.417
​ 777I x:ageGp:fam 809:5:-1 by red 537:3:-1 at gen484 Univ0 prob=0.055
​ 777I x:ageGp:fam 552:4:-1 by red 575:4:-1 at gen484 Univ0 prob=0.695
​ 777I x:ageGp:fam 981:8:-1 by red 591:4:-1 at gen484 Univ0 prob=0.325
​ 777I x:ageGp:fam 901:6:-1 by red 910:7:-1 at gen484 Univ0 prob=0.919
​ 784I x:ageGp:fam 776:5:-1 by blue 99:1:-1 at gen485 Univ0 prob=0.268
​ 784I x:ageGp:fam 242:2:-1 by blue 758:5:-1 at gen485 Univ0 prob=0.681
​ 784I x:ageGp:fam 288:2:-1 by blue 778:5:-1 at gen485 Univ0 prob=0.756
​ 784I x:ageGp:fam 687:4:-1 by blue 806:5:-1 at gen485 Univ0 prob=0.410
​ 790I x:ageGp:fam 813:5:-1 by blue 811:5:-1 at gen486 Univ0 prob=0.506
​ 790I x:ageGp:fam 959:8:-1 by blue 823:6:-1 at gen486 Univ0 prob=0.426
​ 794I x:ageGp:fam 648:4:-1 by red 132:2:-1 at gen487 Univ0 prob=0.233
​ 794I x:ageGp:fam 208:2:-1 by red 792:5:-1 at gen487 Univ0 prob=0.686
​ 794I x:ageGp:fam 856:6:-1 by red 316:2:-1 at gen487 Univ0 prob=0.837
​ 794I x:ageGp:fam 937:7:-1 by red 325:2:-1 at gen487 Univ0 prob=0.455
​ 794I x:ageGp:fam 704:5:-1 by blue 650:4:-1 at gen487 Univ0 prob=0.269
​ 794I x:ageGp:fam 704:5:-1 by blue 931:7:-1 at gen487 Univ0 prob=0.521
​ 796I x:ageGp:fam 16:0:-1 by blue 142:2:-1 at gen488 Univ0 prob=0.763
​ 796I x:ageGp:fam 486:3:-1 by blue 63:1:-1 at gen488 Univ0 prob=0.393
​ 796I x:ageGp:fam 470:3:-1 by blue 142:2:-1 at gen488 Univ0 prob=0.664
​ 796I x:ageGp:fam 979:8:-1 by red 635:4:-1 at gen488 Univ0 prob=0.891
​ 796I x:ageGp:fam 866:6:-1 by red 869:6:-1 at gen488 Univ0 prob=0.489
​ 801I x:ageGp:fam 70:1:-1 by blue 184:2:-1 at gen489 Univ0 prob=0.929
​ 801I x:ageGp:fam 276:2:-1 by blue 274:2:-1 at gen489 Univ0 prob=0.701
​ 801I x:ageGp:fam 663:4:-1 by red 575:4:-1 at gen489 Univ0 prob=0.982
​ 801I x:ageGp:fam 751:5:-1 by red 770:5:-1 at gen489 Univ0 prob=0.599
​ 806I x:ageGp:fam 115:1:-1 by blue 570:4:-1 at gen490 Univ0 prob=0.679
​ 806I x:ageGp:fam 347:2:-1 by blue 361:3:-1 at gen490 Univ0 prob=0.138
​ 806I x:ageGp:fam 480:3:-1 by blue 812:5:-1 at gen490 Univ0 prob=0.368
​ 806I x:ageGp:fam 929:7:-1 by blue 483:3:-1 at gen490 Univ0 prob=0.499
​ 806I x:ageGp:fam 907:7:-1 by red 593:4:-1 at gen490 Univ0 prob=0.227
​ 806I x:ageGp:fam 907:7:-1 by blue 618:4:-1 at gen490 Univ0 prob=0.223
​ 810I x:ageGp:fam 72:1:-1 by red 477:3:-1 at gen491 Univ0 prob=0.042
​ 810I x:ageGp:fam 960:8:-1 by blue 94:1:-1 at gen491 Univ0 prob=0.185
​ 810I x:ageGp:fam 396:3:-1 by red 611:4:-1 at gen491 Univ0 prob=0.802
​ 815I x:ageGp:fam 805:5:-1 by blue 9:0:-1 at gen492 Univ0 prob=0.166
​ 815I x:ageGp:fam 402:3:-1 by red 667:4:-1 at gen492 Univ0 prob=0.250
​ 815I x:ageGp:fam 679:4:-1 by blue 462:3:-1 at gen492 Univ0 prob=0.237
​ 815I x:ageGp:fam 887:6:-1 by blue 483:3:-1 at gen492 Univ0 prob=0.514
​ 818I x:ageGp:fam 871:6:-1 by blue 143:2:-1 at gen493 Univ0 prob=0.717
​ 818I x:ageGp:fam 545:4:-1 by red 925:7:-1 at gen493 Univ0 prob=0.320
​ 818I x:ageGp:fam 767:5:-1 by blue 796:5:-1 at gen493 Univ0 prob=0.869
​ 822I x:ageGp:fam 195:2:-1 by red 913:7:-1 at gen494 Univ0 prob=0.790
​ 822I x:ageGp:fam 722:5:-1 by red 328:2:-1 at gen494 Univ0 prob=0.755
​ 822I x:ageGp:fam 940:7:-1 by blue 696:5:-1 at gen494 Univ0 prob=0.422
​ 822I x:ageGp:fam 741:5:-1 by red 846:6:-1 at gen494 Univ0 prob=0.971
​ 825I x:ageGp:fam 89:1:-1 by blue 476:3:-1 at gen495 Univ0 prob=0.442
​ 825I x:ageGp:fam 803:5:-1 by blue 407:3:-1 at gen495 Univ0 prob=0.746
​ 825I x:ageGp:fam 892:6:-1 by blue 772:5:-1 at gen495 Univ0 prob=0.124
​ 829I x:ageGp:fam 106:1:-1 by blue 516:3:-1 at gen496 Univ0 prob=0.774
​ 829I x:ageGp:fam 702:5:-1 by red 132:2:-1 at gen496 Univ0 prob=0.546
​ 829I x:ageGp:fam 702:5:-1 by blue 597:4:-1 at gen496 Univ0 prob=0.225
​ 832I x:ageGp:fam 708:5:-1 by red 60:1:-1 at gen497 Univ0 prob=0.101
​ 832I x:ageGp:fam 662:4:-1 by blue 191:2:-1 at gen497 Univ0 prob=0.172
​ 832I x:ageGp:fam 229:2:-1 by red 484:3:-1 at gen497 Univ0 prob=0.838
​ 832I x:ageGp:fam 510:3:-1 by blue 445:3:-1 at gen497 Univ0 prob=0.642
​ 832I x:ageGp:fam 942:7:-1 by blue 464:3:-1 at gen497 Univ0 prob=0.337
​ 834I x:ageGp:fam 18:0:-1 by red 131:2:-1 at gen498 Univ0 prob=0.164
​ 834I x:ageGp:fam 101:1:-1 by blue 419:3:-1 at gen498 Univ0 prob=0.365
​ 834I x:ageGp:fam 664:4:-1 by blue 281:2:-1 at gen498 Univ0 prob=0.554
​ 834I x:ageGp:fam 415:3:-1 by red 756:5:-1 at gen498 Univ0 prob=0.472
​ 839I x:ageGp:fam 149:2:-1 by red 629:4:-1 at gen499 Univ0 prob=0.398
​ 839I x:ageGp:fam 800:5:-1 by red 978:8:-1 at gen499 Univ0 prob=0.336
​ 843I x:ageGp:fam 259:2:-1 by blue 198:2:-1 at gen500 Univ0 prob=0.257
​ 845I x:ageGp:fam 628:4:-1 by blue 779:5:-1 at gen501 Univ0 prob=0.466
​ 846I x:ageGp:fam 305:2:-1 by red 684:4:-1 at gen502 Univ0 prob=0.772
​ 846I x:ageGp:fam 607:4:-1 by red 380:3:-1 at gen502 Univ0 prob=0.457
​ 846I x:ageGp:fam 943:7:-1 by red 746:5:-1 at gen502 Univ0 prob=0.325
​ 847I x:ageGp:fam 641:4:-1 by blue 151:2:-1 at gen503 Univ0 prob=0.597
​ 850I x:ageGp:fam 190:2:-1 by blue 881:6:-1 at gen504 Univ0 prob=0.517
​ 850I x:ageGp:fam 765:5:-1 by blue 403:3:-1 at gen504 Univ0 prob=0.730
​ 850I x:ageGp:fam 592:4:-1 by blue 697:5:-1 at gen504 Univ0 prob=0.389
​ 851I x:ageGp:fam 576:4:-1 by blue 88:1:-1 at gen505 Univ0 prob=0.675
​ 851I x:ageGp:fam 440:3:-1 by blue 125:1:-1 at gen505 Univ0 prob=0.091
​ 851I x:ageGp:fam 200:2:-1 by red 341:2:-1 at gen505 Univ0 prob=0.716
​ 851I x:ageGp:fam 296:2:-1 by red 451:3:-1 at gen505 Univ0 prob=0.741
​ 851I x:ageGp:fam 499:3:-1 by red 394:3:-1 at gen505 Univ0 prob=0.176
​ 854I x:ageGp:fam 30:0:-1 by red 13:0:-1 at gen506 Univ0 prob=0.014
​ 854I x:ageGp:fam 761:5:-1 by yellow 363:3:-1 at gen506 Univ0 prob=0.366
​ 859I x:ageGp:fam 950:8:-1 by blue 199:2:-1 at gen507 Univ0 prob=0.127
​ 859I x:ageGp:fam 952:8:-1 by red 418:3:-1 at gen507 Univ0 prob=0.719
​ 861I x:ageGp:fam 87:1:-1 by blue 239:2:-1 at gen508 Univ0 prob=0.777
​ 861I x:ageGp:fam 496:3:-1 by blue 99:1:-1 at gen508 Univ0 prob=0.804
​ 861I x:ageGp:fam 278:2:-1 by blue 534:3:-1 at gen508 Univ0 prob=0.833
​ 861I x:ageGp:fam 335:2:-1 by red 686:4:-1 at gen508 Univ0 prob=0.654
​ 861I x:ageGp:fam 348:2:-1 by blue 932:7:-1 at gen508 Univ0 prob=0.852
​ 861I x:ageGp:fam 600:4:-1 by blue 381:3:-1 at gen508 Univ0 prob=0.621
​ 863I x:ageGp:fam 518:3:-1 by red 184:2:-1 at gen509 Univ0 prob=0.689
​ 863I x:ageGp:fam 217:2:-1 by red 390:3:-1 at gen509 Univ0 prob=0.360
​ 863I x:ageGp:fam 517:3:-1 by blue 264:2:-1 at gen509 Univ0 prob=0.716
​ 863I x:ageGp:fam 661:4:-1 by blue 343:2:-1 at gen509 Univ0 prob=0.944
​ 863I x:ageGp:fam 775:5:-1 by blue 456:3:-1 at gen509 Univ0 prob=0.077
​ 863I x:ageGp:fam 725:5:-1 by red 578:4:-1 at gen509 Univ0 prob=0.105
​ 869I x:ageGp:fam 469:3:-1 by red 77:1:-1 at gen510 Univ0 prob=0.446
​ 869I x:ageGp:fam 958:8:-1 by red 194:2:-1 at gen510 Univ0 prob=0.645
​ 869I x:ageGp:fam 838:6:-1 by red 795:5:-1 at gen510 Univ0 prob=0.318
​ 875I x:ageGp:fam 85:1:-1 by blue 677:4:-1 at gen511 Univ0 prob=0.204
​ 875I x:ageGp:fam 900:6:-1 by blue 382:3:-1 at gen511 Univ0 prob=0.196
​ 875I x:ageGp:fam 432:3:-1 by red 847:6:-1 at gen511 Univ0 prob=0.250
​ 875I x:ageGp:fam 920:7:-1 by red 636:4:-1 at gen511 Univ0 prob=0.097
AgeVaxH35.js:2299 878I x:ageGp:fam 886:6:-1 by red 170:2:-1 at gen512 Univ0 prob=0.158
AgeVaxH35.js:2299 878I x:ageGp:fam 244:2:-1 by blue 274:2:-1 at gen512 Univ0 prob=0.973
AgeVaxH35.js:2299 878I x:ageGp:fam 261:2:-1 by red 394:3:-1 at gen512 Univ0 prob=0.206
AgeVaxH35.js:2299 878I x:ageGp:fam 309:2:-1 by red 329:2:-1 at gen512 Univ0 prob=0.747
AgeVaxH35.js:2299 878I x:ageGp:fam 647:4:-1 by red 433:3:-1 at gen512 Univ0 prob=0.764
AgeVaxH35.js:2299 878I x:ageGp:fam 675:4:-1 by red 564:4:-1 at gen512 Univ0 prob=0.424
AgeVaxH35.js:2299 878I x:ageGp:fam 689:4:-1 by red 581:4:-1 at gen512 Univ0 prob=0.433
AgeVaxH35.js:2299 882I x:ageGp:fam 728:5:-1 by red 848:6:-1 at gen513 Univ0 prob=0.124
AgeVaxH35.js:2299 882I x:ageGp:fam 826:6:-1 by red 770:5:-1 at gen513 Univ0 prob=0.515
AgeVaxH35.js:2299 889I x:ageGp:fam 582:4:-1 by red 132:2:-1 at gen514 Univ0 prob=0.328
AgeVaxH35.js:2299 889I x:ageGp:fam 825:6:-1 by red 236:2:-1 at gen514 Univ0 prob=0.865
AgeVaxH35.js:2299 889I x:ageGp:fam 737:5:-1 by blue 284:2:-1 at gen514 Univ0 prob=0.761
AgeVaxH35.js:2299 889I x:ageGp:fam 829:6:-1 by blue 468:3:-1 at gen514 Univ0 prob=0.023
AgeVaxH35.js:2299 891I x:ageGp:fam 525:3:-1 by red 79:1:-1 at gen515 Univ0 prob=0.456
AgeVaxH35.js:2299 891I x:ageGp:fam 299:2:-1 by blue 215:2:-1 at gen515 Univ0 prob=0.055
AgeVaxH35.js:2299 891I x:ageGp:fam 724:5:-1 by blue 338:2:-1 at gen515 Univ0 prob=0.341
AgeVaxH35.js:2299 898I x:ageGp:fam 623:4:-1 by blue 267:2:-1 at gen517 Univ0 prob=0.382
AgeVaxH35.js:2299 898I x:ageGp:fam 393:3:-1 by red 15:0:-1 at gen518 Univ0 prob=0.148
AgeVaxH35.js:2299 898I x:ageGp:fam 173:2:-1 by red 692:5:-1 at gen518 Univ0 prob=0.430
AgeVaxH35.js:2299 898I x:ageGp:fam 956:8:-1 by red 223:2:-1 at gen518 Univ0 prob=0.743
AgeVaxH35.js:2299 898I x:ageGp:fam 973:8:-1 by red 667:4:-1 at gen518 Univ0 prob=0.376
AgeVaxH35.js:2299 899I x:ageGp:fam 783:5:-1 by red 442:3:-1 at gen519 Univ0 prob=0.769
AgeVaxH35.js:2299 899I x:ageGp:fam 528:3:-1 by red 766:5:-1 at gen519 Univ0 prob=0.143
AgeVaxH35.js:2299 903I x:ageGp:fam 65:1:-1 by red 790:5:-1 at gen520 Univ0 prob=0.006
AgeVaxH35.js:2299 903I x:ageGp:fam 963:8:-1 by blue 114:1:-1 at gen520 Univ0 prob=0.676
AgeVaxH35.js:2299 903I x:ageGp:fam 894:6:-1 by blue 199:2:-1 at gen520 Univ0 prob=0.627
AgeVaxH35.js:2299 903I x:ageGp:fam 549:4:-1 by blue 382:3:-1 at gen520 Univ0 prob=0.874
AgeVaxH35.js:2299 905I x:ageGp:fam 129:1:-1 by blue 717:5:-1 at gen521 Univ0 prob=0.855
AgeVaxH35.js:2299 905I x:ageGp:fam 162:2:-1 by red 713:5:-1 at gen521 Univ0 prob=0.695
AgeVaxH35.js:2299 909I x:ageGp:fam 283:2:-1 by red 108:1:-1 at gen522 Univ0 prob=0.197
AgeVaxH35.js:2299 909I x:ageGp:fam 868:6:-1 by red 321:2:-1 at gen522 Univ0 prob=0.429
AgeVaxH35.js:2299 911I x:ageGp:fam 54:1:-1 by blue 922:7:-1 at gen523 Univ0 prob=0.297
AgeVaxH35.js:2299 911I x:ageGp:fam 651:4:-1 by red 128:1:-1 at gen523 Univ0 prob=0.820
AgeVaxH35.js:2299 911I x:ageGp:fam 971:8:-1 by blue 922:7:-1 at gen523 Univ0 prob=0.074
AgeVaxH35.js:2299 913I x:ageGp:fam 535:3:-1 by red 843:6:-1 at gen524 Univ0 prob=0.536
AgeVaxH35.js:2299 916I x:ageGp:fam 31:0:-1 by blue 47:1:-1 at gen525 Univ0 prob=0.117
AgeVaxH35.js:2299 916I x:ageGp:fam 50:1:-1 by blue 113:1:-1 at gen525 Univ0 prob=0.226
AgeVaxH35.js:2299 916I x:ageGp:fam 652:4:-1 by red 175:2:-1 at gen525 Univ0 prob=0.226
AgeVaxH35.js:2299 916I x:ageGp:fam 310:2:-1 by red 833:6:-1 at gen525 Univ0 prob=0.590
AgeVaxH35.js:2299 917I x:ageGp:fam 86:1:-1 by red 108:1:-1 at gen526 Univ0 prob=0.630
AgeVaxH35.js:2299 917I x:ageGp:fam 688:4:-1 by red 146:2:-1 at gen526 Univ0 prob=0.725
AgeVaxH35.js:2299 921I x:ageGp:fam 168:2:-1 by red 59:1:-1 at gen527 Univ0 prob=0.332
AgeVaxH35.js:2299 921I x:ageGp:fam 594:4:-1 by red 938:7:-1 at gen527 Univ0 prob=0.933
AgeVaxH35.js:2299 925I x:ageGp:fam 492:3:-1 by red 768:5:-1 at gen529 Univ0 prob=0.495
AgeVaxH35.js:2299 926I x:ageGp:fam 543:4:-1 by red 68:1:-1 at gen531 Univ0 prob=0.750
AgeVaxH35.js:2299 926I x:ageGp:fam 453:3:-1 by red 275:2:-1 at gen531 Univ0 prob=0.191
AgeVaxH35.js:2299 926I x:ageGp:fam 453:3:-1 by blue 881:6:-1 at gen531 Univ0 prob=0.349
AgeVaxH35.js:2299 926I x:ageGp:fam 255:2:-1 by red 531:3:-1 at gen532 Univ0 prob=0.774
AgeVaxH35.js:2299 928I x:ageGp:fam 876:6:-1 by blue 156:2:-1 at gen533 Univ0 prob=0.591
AgeVaxH35.js:2299 928I x:ageGp:fam 182:2:-1 by red 435:3:-1 at gen533 Univ0 prob=0.946
AgeVaxH35.js:2299 928I x:ageGp:fam 352:2:-1 by blue 225:2:-1 at gen533 Univ0 prob=0.850
AgeVaxH35.js:2299 928I x:ageGp:fam 617:4:-1 by red 241:2:-1 at gen533 Univ0 prob=0.924
AgeVaxH35.js:2299 928I x:ageGp:fam 353:2:-1 by blue 500:3:-1 at gen533 Univ0 prob=0.147
AgeVaxH35.js:2299 928I x:ageGp:fam 368:3:-1 by red 430:3:-1 at gen533 Univ0 prob=0.027
AgeVaxH35.js:2299 935I x:ageGp:fam 213:2:-1 by blue 777:5:-1 at gen535 Univ0 prob=0.772
AgeVaxH35.js:2299 935I x:ageGp:fam 912:7:-1 by blue 234:2:-1 at gen535 Univ0 prob=0.645
AgeVaxH35.js:2299 935I x:ageGp:fam 736:5:-1 by red 329:2:-1 at gen536 Univ0 prob=0.341
AgeVaxH35.js:2299 935I x:ageGp:fam 854:6:-1 by blue 590:4:-1 at gen536 Univ0 prob=0.062
AgeVaxH35.js:2299 937I x:ageGp:fam 448:3:-1 by blue 263:2:-1 at gen537 Univ0 prob=0.583
AgeVaxH35.js:2299 937I x:ageGp:fam 512:3:-1 by red 485:3:-1 at gen537 Univ0 prob=0.406
AgeVaxH35.js:2299 937I x:ageGp:fam 990:9:-1 by red 494:3:-1 at gen537 Univ0 prob=0.878
AgeVaxH35.js:2299 939I x:ageGp:fam 22:0:-1 by blue 145:2:-1 at gen538 Univ0 prob=0.680
AgeVaxH35.js:2299 939I x:ageGp:fam 45:1:-1 by red 857:6:-1 at gen538 Univ0 prob=0.826
AgeVaxH35.js:2299 942I x:ageGp:fam 752:5:-1 by red 133:2:-1 at gen539 Univ0 prob=0.574
AgeVaxH35.js:2299 942I x:ageGp:fam 359:3:-1 by red 484:3:-1 at gen539 Univ0 prob=0.055
AgeVaxH35.js:2299 944I x:ageGp:fam 268:2:-1 by red 697:5:-1 at gen540 Univ0 prob=0.724
AgeVaxH35.js:2299 946I x:ageGp:fam 1:0:-1 by blue 491:3:-1 at gen541 Univ0 prob=0.872
AgeVaxH35.js:2299 947I x:ageGp:fam 565:4:-1 by red 523:3:-1 at gen542 Univ0 prob=0.146
AgeVaxH35.js:2299 948I x:ageGp:fam 202:2:-1 by red 985:9:-1 at gen543 Univ0 prob=0.665
AgeVaxH35.js:2299 948I x:ageGp:fam 895:6:-1 by red 215:2:-1 at gen543 Univ0 prob=0.458
AgeVaxH35.js:2299 948I x:ageGp:fam 546:4:-1 by blue 804:5:-1 at gen543 Univ0 prob=0.322
AgeVaxH35.js:2299 948I x:ageGp:fam 921:7:-1 by red 583:4:-1 at gen543 Univ0 prob=0.689
AgeVaxH35.js:2299 953I x:ageGp:fam 238:2:-1 by red 819:5:-1 at gen547 Univ0 prob=0.324
AgeVaxH35.js:2299 953I x:ageGp:fam 873:6:-1 by blue 712:5:-1 at gen547 Univ0 prob=0.329
AgeVaxH35.js:2299 953I x:ageGp:fam 599:4:-1 by blue 56:1:-1 at gen548 Univ0 prob=0.434
AgeVaxH35.js:2299 953I x:ageGp:fam 118:1:-1 by blue 163:2:-1 at gen548 Univ0 prob=0.019
AgeVaxH35.js:2299 953I x:ageGp:fam 323:2:-1 by red 321:2:-1 at gen548 Univ0 prob=0.071
AgeVaxH35.js:2299 955I x:ageGp:fam 699:5:-1 by red 915:7:-1 at gen549 Univ0 prob=0.046
AgeVaxH35.js:2299 959I x:ageGp:fam 32:0:-1 by red 180:2:-1 at gen552 Univ0 prob=0.492
AgeVaxH35.js:2299 959I x:ageGp:fam 939:7:-1 by red 210:2:-1 at gen553 Univ0 prob=0.732
AgeVaxH35.js:2299 959I x:ageGp:fam 814:5:-1 by blue 243:2:-1 at gen553 Univ0 prob=0.997
AgeVaxH35.js:2299 960I x:ageGp:fam 378:3:-1 by red 646:4:-1 at gen554 Univ0 prob=0.691
AgeVaxH35.js:2299 960I x:ageGp:fam 896:6:-1 by red 770:5:-1 at gen554 Univ0 prob=0.361
AgeVaxH35.js:2299 964I x:ageGp:fam 82:1:-1 by blue 57:1:-1 at gen556 Univ0 prob=0.079
AgeVaxH35.js:2299 964I x:ageGp:fam 837:6:-1 by red 622:4:-1 at gen557 Univ0 prob=0.939
AgeVaxH35.js:2299 966I x:ageGp:fam 844:6:-1 by blue 158:2:-1 at gen564 Univ0 prob=0.840
AgeVaxH35.js:2299 967I x:ageGp:fam 121:1:-1 by red 472:3:-1 at gen566 Univ0 prob=0.733
AgeVaxH35.js:2299 967I x:ageGp:fam 358:2:-1 by red 230:2:-1 at gen566 Univ0 prob=0.261
AgeVaxH35.js:2299 967I x:ageGp:fam 538:3:-1 by red 247:2:-1 at gen566 Univ0 prob=0.151
AgeVaxH35.js:2299 967I x:ageGp:fam 602:4:-1 by blue 298:2:-1 at gen567 Univ0 prob=0.266
AgeVaxH35.js:2299 971I x:ageGp:fam 292:2:-1 by red 515:3:-1 at gen569 Univ0 prob=0.636
AgeVaxH35.js:2299 971I x:ageGp:fam 369:3:-1 by blue 296:2:-1 at gen569 Univ0 prob=0.884
AgeVaxH35.js:2299 971I x:ageGp:fam 946:7:-1 by red 321:2:-1 at gen569 Univ0 prob=0.300
AgeVaxH35.js:2299 971I x:ageGp:fam 674:4:-1 by blue 980:8:-1 at gen569 Univ0 prob=0.477
AgeVaxH35.js:2299 975I x:ageGp:fam 277:2:-1 by blue 46:1:-1 at gen571 Univ0 prob=0.147
AgeVaxH35.js:2299 975I x:ageGp:fam 447:3:-1 by red 693:5:-1 at gen571 Univ0 prob=0.946
AgeVaxH35.js:2299 975I x:ageGp:fam 74:1:-1 by blue 53:1:-1 at gen572 Univ0 prob=0.529
AgeVaxH35.js:2299 977I x:ageGp:fam 482:3:-1 by blue 18:0:-1 at gen573 Univ0 prob=0.523
AgeVaxH35.js:2299 977I x:ageGp:fam 324:2:-1 by red 463:3:-1 at gen573 Univ0 prob=0.664
AgeVaxH35.js:2299 980I x:ageGp:fam 771:5:-1 by blue 943:7:-1 at gen576 Univ0 prob=0.702
AgeVaxH35.js:2299 981I x:ageGp:fam 119:1:-1 by blue 503:3:-1 at gen579 Univ0 prob=0.450
AgeVaxH35.js:2299 982I x:ageGp:fam 193:2:-1 by red 563:4:-1 at gen583 Univ0 prob=0.899
AgeVaxH35.js:2299 982I x:ageGp:fam 506:3:-1 by red 931:7:-1 at gen583 Univ0 prob=0.197
AgeVaxH35.js:2299 982I x:ageGp:fam 964:8:-1 by blue 525:3:-1 at gen583 Univ0 prob=0.850
AgeVaxH35.js:2299 985I x:ageGp:fam 140:2:-1 by red 407:3:-1 at gen599 Univ0 prob=0.433
AgeVaxH35.js:2299 985I x:ageGp:fam 41:1:-1 by blue 283:2:-1 at gen600 Univ0 prob=0.720
AgeVaxH35.js:2299 987I x:ageGp:fam 835:6:-1 by red 58:1:-1 at gen603 Univ0 prob=0.244
AgeVaxH35.js:2299 988I x:ageGp:fam 429:3:-1 by red 379:3:-1 at gen605 Univ0 prob=0.982
AgeVaxH35.js:2299 989I x:ageGp:fam 12:0:-1 by red 935:7:-1 at gen607 Univ0 prob=0.103
AgeVaxH35.js:2299 990I x:ageGp:fam 167:2:-1 by blue 525:3:-1 at gen611 Univ0 prob=0.402
AgeVaxH35.js:2299 991I x:ageGp:fam 285:2:-1 by red 779:5:-1 at gen616 Univ0 prob=0.018
AgeVaxH35.js:2299 992I x:ageGp:fam 61:1:-1 by red 497:3:-1 at gen622 Univ0 prob=0.486
AgeVaxH35.js:2299 993I x:ageGp:fam 362:3:-1 by red 566:4:-1 at gen625 Univ0 prob=0.196
AgeVaxH35.js:2299 994I x:ageGp:fam 759:5:-1 by red 594:4:-1 at gen646 Univ0 prob=0.725
AgeVaxH35.js:2299 994I x:ageGp:fam 983:9:-1 by red 717:5:-1 at gen646 Univ0 prob=0.708
AgeVaxH35.js:2299 994I x:ageGp:fam 729:5:-1 by red 199:2:-1 at gen647 Univ0 prob=0.066
AgeVaxH35.js:2299 997I x:ageGp:fam 226:2:-1 by red 755:5:-1 at gen657 Univ0 prob=0.751
AgeVaxH35.js:2299 998I x:ageGp:fam 386:3:-1 by blue 699:5:-1 at gen664 Univ0 prob=0.774
AgeVaxH35.js:2299 999I x:ageGp:fam 104:1:-1 by red 530:3:-1 at gen668 Univ0 prob=0.125
