Some messages have been moved to the Issues panel.
AgeVaxH35.js:871 Sat Jan 23 2021 11:34:36 GMT-0800 (Pacific Standard Time)
AgeVaxH35.js:872 CovidSIMVL Mode1 and Mod2 Hybrid 35d
AgeVaxH35.js:873 Mode 1 >13 and <36 is 75%
AgeVaxH35.js:874 Mode 2 >28 is 95%; >13 and <29 is 75%
AgeVaxH35.js:4457 exit covidSim
AgeVaxH35.js:23 getAsText File {name: "Popn1000.csv", lastModified: 1611021598000, lastModifiedDate: Mon Jan 18 2021 17:59:58 GMT-0800 (Pacific Standard Time), webkitRelativePath: "", size: 23944, …}
AgeVaxH35.js:32 File {name: "Popn1000.csv", lastModified: 1611021598000, lastModifiedDate: Mon Jan 18 2021 17:59:58 GMT-0800 (Pacific Standard Time), webkitRelativePath: "", size: 23944, …}
AgeVaxH35.js:23 getAsText File {name: "VL1ageGp2.csv", lastModified: 1611004274000, lastModifiedDate: Mon Jan 18 2021 13:11:14 GMT-0800 (Pacific Standard Time), webkitRelativePath: "", size: 65, …}
AgeVaxH35.js:32 File {name: "VL1ageGp2.csv", lastModified: 1611004274000, lastModifiedDate: Mon Jan 18 2021 13:11:14 GMT-0800 (Pacific Standard Time), webkitRelativePath: "", size: 65, …}
AgeVaxH35.js:1674 Red Days changed to 9.9
AgeVaxH35.js:1696 New Hazard Radius = 3
AgeVaxH35.js:1696 New Hazard Radius = 2
AgeVaxH35.js:2302 1I x:ageGp:fam 936:7:-1 by blue 150:2:-1 at gen15 Univ0 prob=0.815
AgeVaxH35.js:2302 2I x:ageGp:fam 862:6:-1 by blue 150:2:-1 at gen24 Univ0 prob=0.396
AgeVaxH35.js:2302 3I x:ageGp:fam 738:5:-1 by blue 150:2:-1 at gen45 Univ0 prob=0.218
AgeVaxH35.js:2302 4I x:ageGp:fam 385:3:-1 by red 150:2:-1 at gen84 Univ0 prob=0.528
AgeVaxH35.js:2302 5I x:ageGp:fam 704:5:-1 by yellow 385:3:-1 at gen86 Univ0 prob=0.746
AgeVaxH35.js:2302 5I x:ageGp:fam 886:6:-1 by blue 936:7:-1 at gen87 Univ0 prob=0.816
AgeVaxH35.js:2302 7I x:ageGp:fam 685:4:-1 by blue 936:7:-1 at gen96 Univ0 prob=0.633
AgeVaxH35.js:2302 7I x:ageGp:fam 399:3:-1 by yellow 738:5:-1 at gen97 Univ0 prob=0.154
AgeVaxH35.js:2302 7I x:ageGp:fam 541:4:-1 by blue 862:6:-1 at gen97 Univ0 prob=0.654
AgeVaxH35.js:2302 8I x:ageGp:fam 248:2:-1 by blue 862:6:-1 at gen98 Univ0 prob=0.259
AgeVaxH35.js:2302 11I x:ageGp:fam 206:2:-1 by red 150:2:-1 at gen110 Univ0 prob=0.135
AgeVaxH35.js:2302 11I x:ageGp:fam 111:1:-1 by yellow 206:2:-1 at gen111 Univ0 prob=0.123
AgeVaxH35.js:2302 13I x:ageGp:fam 440:3:-1 by blue 936:7:-1 at gen118 Univ0 prob=0.707
AgeVaxH35.js:2302 14I x:ageGp:fam 34:0:-1 by blue 936:7:-1 at gen120 Univ0 prob=0.210
AgeVaxH35.js:2302 15I x:ageGp:fam 663:4:-1 by blue 862:6:-1 at gen123 Univ0 prob=0.305
AgeVaxH35.js:2302 16I x:ageGp:fam 201:2:-1 by blue 886:6:-1 at gen136 Univ0 prob=0.991
AgeVaxH35.js:2302 16I x:ageGp:fam 942:7:-1 by blue 385:3:-1 at gen136 Univ0 prob=0.129
AgeVaxH35.js:2302 16I x:ageGp:fam 517:3:-1 by blue 862:6:-1 at gen137 Univ0 prob=0.246
AgeVaxH35.js:2302 19I x:ageGp:fam 113:1:-1 by blue 862:6:-1 at gen142 Univ0 prob=0.198
AgeVaxH35.js:2302 19I x:ageGp:fam 106:1:-1 by red 150:2:-1 at gen143 Univ0 prob=0.683
AgeVaxH35.js:2302 21I x:ageGp:fam 452:3:-1 by blue 248:2:-1 at gen148 Univ0 prob=0.270
AgeVaxH35.js:2302 22I x:ageGp:fam 359:3:-1 by blue 399:3:-1 at gen157 Univ0 prob=0.540
AgeVaxH35.js:2302 23I x:ageGp:fam 670:4:-1 by blue 385:3:-1 at gen159 Univ0 prob=0.496
AgeVaxH35.js:2302 23I x:ageGp:fam 778:5:-1 by blue 704:5:-1 at gen159 Univ0 prob=0.869
AgeVaxH35.js:2302 23I x:ageGp:fam 912:7:-1 by blue 704:5:-1 at gen160 Univ0 prob=0.214
AgeVaxH35.js:2302 26I x:ageGp:fam 529:3:-1 by blue 385:3:-1 at gen162 Univ0 prob=0.274
AgeVaxH35.js:2302 27I x:ageGp:fam 52:1:-1 by red 862:6:-1 at gen168 Univ0 prob=0.166
AgeVaxH35.js:2302 27I x:ageGp:fam 130:1:-1 by blue 248:2:-1 at gen168 Univ0 prob=0.850
AgeVaxH35.js:2302 29I x:ageGp:fam 381:3:-1 by blue 541:4:-1 at gen170 Univ0 prob=0.432
AgeVaxH35.js:2302 29I x:ageGp:fam 981:8:-1 by blue 399:3:-1 at gen170 Univ0 prob=0.835
AgeVaxH35.js:2302 31I x:ageGp:fam 607:4:-1 by blue 248:2:-1 at gen173 Univ0 prob=0.071
AgeVaxH35.js:2302 32I x:ageGp:fam 229:2:-1 by blue 685:4:-1 at gen175 Univ0 prob=0.423
AgeVaxH35.js:2302 32I x:ageGp:fam 949:8:-1 by blue 685:4:-1 at gen175 Univ0 prob=0.489
AgeVaxH35.js:2302 34I x:ageGp:fam 601:4:-1 by blue 399:3:-1 at gen181 Univ0 prob=0.487
AgeVaxH35.js:2302 35I x:ageGp:fam 915:7:-1 by red 862:6:-1 at gen184 Univ0 prob=0.209
AgeVaxH35.js:2302 36I x:ageGp:fam 577:4:-1 by blue 385:3:-1 at gen188 Univ0 prob=0.482
AgeVaxH35.js:2302 36I x:ageGp:fam 855:6:-1 by red 738:5:-1 at gen188 Univ0 prob=0.406
AgeVaxH35.js:2302 38I x:ageGp:fam 578:4:-1 by blue 206:2:-1 at gen191 Univ0 prob=0.205
AgeVaxH35.js:2302 38I x:ageGp:fam 152:2:-1 by yellow 578:4:-1 at gen192 Univ0 prob=0.723
AgeVaxH35.js:2302 38I x:ageGp:fam 611:4:-1 by blue 440:3:-1 at gen192 Univ0 prob=0.904
AgeVaxH35.js:2302 39I x:ageGp:fam 243:2:-1 by blue 517:3:-1 at gen193 Univ0 prob=0.527
AgeVaxH35.js:2302 41I x:ageGp:fam 645:4:-1 by blue 206:2:-1 at gen194 Univ0 prob=0.162
AgeVaxH35.js:2302 42I x:ageGp:fam 116:1:-1 by blue 248:2:-1 at gen195 Univ0 prob=0.780
AgeVaxH35.js:2302 42I x:ageGp:fam 443:3:-1 by blue 663:4:-1 at gen195 Univ0 prob=0.695
AgeVaxH35.js:2302 42I x:ageGp:fam 797:5:-1 by red 862:6:-1 at gen195 Univ0 prob=0.618
AgeVaxH35.js:2302 46I x:ageGp:fam 408:3:-1 by blue 111:1:-1 at gen200 Univ0 prob=0.799
AgeVaxH35.js:2302 46I x:ageGp:fam 851:6:-1 by blue 201:2:-1 at gen201 Univ0 prob=0.180
AgeVaxH35.js:2302 48I x:ageGp:fam 727:5:-1 by blue 111:1:-1 at gen204 Univ0 prob=0.701
AgeVaxH35.js:2302 49I x:ageGp:fam 463:3:-1 by blue 452:3:-1 at gen206 Univ0 prob=0.556
AgeVaxH35.js:2302 49I x:ageGp:fam 279:2:-1 by red 385:3:-1 at gen207 Univ0 prob=0.410
AgeVaxH35.js:2302 49I x:ageGp:fam 528:3:-1 by red 738:5:-1 at gen207 Univ0 prob=0.980
AgeVaxH35.js:2302 49I x:ageGp:fam 816:5:-1 by green 528:3:-1 at gen207 Univ0 prob=0.496
AgeVaxH35.js:2302 49I x:ageGp:fam 816:5:-1 by red 738:5:-1 at gen207 Univ0 prob=0.466
AgeVaxH35.js:2302 50I x:ageGp:fam 819:5:-1 by blue 440:3:-1 at gen208 Univ0 prob=0.338
AgeVaxH35.js:2302 54I x:ageGp:fam 414:3:-1 by blue 34:0:-1 at gen213 Univ0 prob=0.117
AgeVaxH35.js:2302 54I x:ageGp:fam 700:5:-1 by blue 34:0:-1 at gen213 Univ0 prob=0.788
AgeVaxH35.js:2302 54I x:ageGp:fam 395:3:-1 by yellow 414:3:-1 at gen214 Univ0 prob=0.999
AgeVaxH35.js:2302 57I x:ageGp:fam 235:2:-1 by red 936:7:-1 at gen217 Univ0 prob=0.662
AgeVaxH35.js:2302 58I x:ageGp:fam 299:2:-1 by blue 541:4:-1 at gen220 Univ0 prob=0.592
AgeVaxH35.js:2302 58I x:ageGp:fam 159:2:-1 by red 685:4:-1 at gen221 Univ0 prob=0.891
AgeVaxH35.js:2302 60I x:ageGp:fam 841:6:-1 by blue 34:0:-1 at gen223 Univ0 prob=1.000
AgeVaxH35.js:2302 60I x:ageGp:fam 653:4:-1 by blue 52:1:-1 at gen224 Univ0 prob=0.345
AgeVaxH35.js:2302 61I x:ageGp:fam 26:0:-1 by red 936:7:-1 at gen225 Univ0 prob=0.427
AgeVaxH35.js:2302 62I x:ageGp:fam 273:2:-1 by blue 517:3:-1 at gen226 Univ0 prob=0.885
AgeVaxH35.js:2302 64I x:ageGp:fam 537:3:-1 by red 248:2:-1 at gen230 Univ0 prob=0.591
AgeVaxH35.js:2302 65I x:ageGp:fam 67:1:-1 by blue 663:4:-1 at gen232 Univ0 prob=0.365
AgeVaxH35.js:2302 66I x:ageGp:fam 69:1:-1 by blue 517:3:-1 at gen234 Univ0 prob=0.408
AgeVaxH35.js:2302 67I x:ageGp:fam 402:3:-1 by blue 942:7:-1 at gen236 Univ0 prob=0.126
AgeVaxH35.js:2302 68I x:ageGp:fam 668:4:-1 by blue 34:0:-1 at gen239 Univ0 prob=0.405
AgeVaxH35.js:2302 68I x:ageGp:fam 608:4:-1 by blue 106:1:-1 at gen239 Univ0 prob=0.737
AgeVaxH35.js:2302 68I x:ageGp:fam 732:5:-1 by blue 52:1:-1 at gen240 Univ0 prob=0.078
AgeVaxH35.js:2302 68I x:ageGp:fam 487:3:-1 by yellow 577:4:-1 at gen240 Univ0 prob=0.165
AgeVaxH35.js:2302 70I x:ageGp:fam 661:4:-1 by blue 130:1:-1 at gen241 Univ0 prob=0.869
AgeVaxH35.js:2302 70I x:ageGp:fam 779:5:-1 by blue 381:3:-1 at gen241 Univ0 prob=0.672
AgeVaxH35.js:2302 74I x:ageGp:fam 284:2:-1 by red 738:5:-1 at gen243 Univ0 prob=0.534
AgeVaxH35.js:2302 75I x:ageGp:fam 149:2:-1 by blue 452:3:-1 at gen245 Univ0 prob=0.797
AgeVaxH35.js:2302 75I x:ageGp:fam 895:6:-1 by blue 778:5:-1 at gen245 Univ0 prob=0.136
AgeVaxH35.js:2302 75I x:ageGp:fam 598:4:-1 by blue 381:3:-1 at gen246 Univ0 prob=0.844
AgeVaxH35.js:2302 77I x:ageGp:fam 155:2:-1 by blue 517:3:-1 at gen247 Univ0 prob=0.423
AgeVaxH35.js:2302 79I x:ageGp:fam 926:7:-1 by blue 130:1:-1 at gen249 Univ0 prob=0.366
AgeVaxH35.js:2302 79I x:ageGp:fam 690:5:-1 by blue 529:3:-1 at gen250 Univ0 prob=0.867
AgeVaxH35.js:2302 80I x:ageGp:fam 303:2:-1 by blue 52:1:-1 at gen251 Univ0 prob=0.014
AgeVaxH35.js:2302 82I x:ageGp:fam 535:3:-1 by red 399:3:-1 at gen254 Univ0 prob=0.647
AgeVaxH35.js:2302 83I x:ageGp:fam 958:8:-1 by blue 381:3:-1 at gen257 Univ0 prob=0.830
AgeVaxH35.js:2302 84I x:ageGp:fam 96:1:-1 by blue 443:3:-1 at gen259 Univ0 prob=0.262
AgeVaxH35.js:2302 84I x:ageGp:fam 565:4:-1 by red 541:4:-1 at gen260 Univ0 prob=0.333
AgeVaxH35.js:2302 85I x:ageGp:fam 161:2:-1 by red 738:5:-1 at gen261 Univ0 prob=0.366
AgeVaxH35.js:2302 86I x:ageGp:fam 357:2:-1 by blue 452:3:-1 at gen262 Univ0 prob=0.562
AgeVaxH35.js:2302 86I x:ageGp:fam 438:3:-1 by blue 529:3:-1 at gen262 Univ0 prob=0.321
AgeVaxH35.js:2302 87I x:ageGp:fam 800:5:-1 by blue 52:1:-1 at gen263 Univ0 prob=0.541
AgeVaxH35.js:2302 90I x:ageGp:fam 784:5:-1 by red 517:3:-1 at gen265 Univ0 prob=0.257
AgeVaxH35.js:2302 90I x:ageGp:fam 692:5:-1 by blue 116:1:-1 at gen266 Univ0 prob=0.559
AgeVaxH35.js:2302 90I x:ageGp:fam 240:2:-1 by blue 243:2:-1 at gen266 Univ0 prob=0.890
AgeVaxH35.js:2302 91I x:ageGp:fam 920:7:-1 by blue 645:4:-1 at gen267 Univ0 prob=0.047
AgeVaxH35.js:2302 91I x:ageGp:fam 963:8:-1 by blue 670:4:-1 at gen267 Univ0 prob=0.683
AgeVaxH35.js:2302 93I x:ageGp:fam 115:1:-1 by blue 243:2:-1 at gen268 Univ0 prob=0.268
AgeVaxH35.js:2302 93I x:ageGp:fam 508:3:-1 by blue 116:1:-1 at gen268 Univ0 prob=0.474
AgeVaxH35.js:2302 95I x:ageGp:fam 121:1:-1 by blue 381:3:-1 at gen269 Univ0 prob=0.841
AgeVaxH35.js:2302 97I x:ageGp:fam 821:6:-1 by blue 130:1:-1 at gen270 Univ0 prob=0.117
AgeVaxH35.js:2302 99I x:ageGp:fam 331:2:-1 by red 541:4:-1 at gen272 Univ0 prob=0.736
AgeVaxH35.js:2302 100I x:ageGp:fam 865:6:-1 by blue 52:1:-1 at gen275 Univ0 prob=0.721
AgeVaxH35.js:2302 100I x:ageGp:fam 217:2:-1 by red 452:3:-1 at gen275 Univ0 prob=0.160
AgeVaxH35.js:2302 100I x:ageGp:fam 468:3:-1 by blue 611:4:-1 at gen275 Univ0 prob=0.105
AgeVaxH35.js:2302 100I x:ageGp:fam 580:4:-1 by red 106:1:-1 at gen276 Univ0 prob=0.237
AgeVaxH35.js:2302 100I x:ageGp:fam 818:5:-1 by blue 116:1:-1 at gen276 Univ0 prob=0.508
AgeVaxH35.js:2302 100I x:ageGp:fam 555:4:-1 by blue 611:4:-1 at gen276 Univ0 prob=0.748
AgeVaxH35.js:2302 106I x:ageGp:fam 378:3:-1 by blue 243:2:-1 at gen278 Univ0 prob=0.743
AgeVaxH35.js:2302 106I x:ageGp:fam 288:2:-1 by blue 528:3:-1 at gen279 Univ0 prob=0.598
AgeVaxH35.js:2302 108I x:ageGp:fam 929:7:-1 by blue 528:3:-1 at gen282 Univ0 prob=0.581
AgeVaxH35.js:2302 108I x:ageGp:fam 859:6:-1 by yellow 929:7:-1 at gen283 Univ0 prob=0.318
AgeVaxH35.js:2302 109I x:ageGp:fam 72:1:-1 by red 106:1:-1 at gen284 Univ0 prob=0.969
AgeVaxH35.js:2302 111I x:ageGp:fam 297:2:-1 by red 106:1:-1 at gen287 Univ0 prob=0.414
AgeVaxH35.js:2302 111I x:ageGp:fam 605:4:-1 by red 248:2:-1 at gen287 Univ0 prob=0.878
AgeVaxH35.js:2302 111I x:ageGp:fam 788:5:-1 by blue 395:3:-1 at gen287 Univ0 prob=0.980
AgeVaxH35.js:2302 114I x:ageGp:fam 174:2:-1 by red 130:1:-1 at gen290 Univ0 prob=0.826
AgeVaxH35.js:2302 114I x:ageGp:fam 435:3:-1 by blue 611:4:-1 at gen290 Univ0 prob=0.351
AgeVaxH35.js:2302 116I x:ageGp:fam 353:2:-1 by blue 653:4:-1 at gen292 Univ0 prob=0.828
AgeVaxH35.js:2302 116I x:ageGp:fam 966:8:-1 by blue 653:4:-1 at gen292 Univ0 prob=0.971
AgeVaxH35.js:2302 118I x:ageGp:fam 723:5:-1 by red 452:3:-1 at gen295 Univ0 prob=0.416
AgeVaxH35.js:2302 118I x:ageGp:fam 589:4:-1 by blue 395:3:-1 at gen296 Univ0 prob=0.102
AgeVaxH35.js:2302 120I x:ageGp:fam 839:6:-1 by blue 26:0:-1 at gen298 Univ0 prob=0.109
AgeVaxH35.js:2302 121I x:ageGp:fam 460:3:-1 by red 541:4:-1 at gen302 Univ0 prob=0.324
AgeVaxH35.js:2302 121I x:ageGp:fam 609:4:-1 by blue 528:3:-1 at gen302 Univ0 prob=0.302
AgeVaxH35.js:2302 123I x:ageGp:fam 651:4:-1 by blue 443:3:-1 at gen304 Univ0 prob=0.926
AgeVaxH35.js:2302 123I x:ageGp:fam 667:4:-1 by blue 598:4:-1 at gen304 Univ0 prob=0.322
AgeVaxH35.js:2302 123I x:ageGp:fam 97:1:-1 by red 685:4:-1 at gen305 Univ0 prob=0.045
AgeVaxH35.js:2302 126I x:ageGp:fam 812:5:-1 by blue 443:3:-1 at gen309 Univ0 prob=0.202
AgeVaxH35.js:2302 127I x:ageGp:fam 447:3:-1 by red 685:4:-1 at gen311 Univ0 prob=0.780
AgeVaxH35.js:2302 127I x:ageGp:fam 810:5:-1 by red 130:1:-1 at gen312 Univ0 prob=0.185
AgeVaxH35.js:2302 127I x:ageGp:fam 817:5:-1 by blue 299:2:-1 at gen312 Univ0 prob=0.955
AgeVaxH35.js:2302 130I x:ageGp:fam 112:1:-1 by blue 565:4:-1 at gen314 Univ0 prob=0.436
AgeVaxH35.js:2302 130I x:ageGp:fam 614:4:-1 by blue 958:8:-1 at gen314 Univ0 prob=0.244
AgeVaxH35.js:2302 130I x:ageGp:fam 18:0:-1 by red 243:2:-1 at gen315 Univ0 prob=0.674
AgeVaxH35.js:2302 132I x:ageGp:fam 623:4:-1 by blue 926:7:-1 at gen316 Univ0 prob=0.918
AgeVaxH35.js:2302 133I x:ageGp:fam 88:1:-1 by blue 779:5:-1 at gen317 Univ0 prob=0.041
AgeVaxH35.js:2302 134I x:ageGp:fam 22:0:-1 by blue 96:1:-1 at gen318 Univ0 prob=0.715
AgeVaxH35.js:2302 134I x:ageGp:fam 785:5:-1 by blue 395:3:-1 at gen318 Univ0 prob=0.481
AgeVaxH35.js:2302 134I x:ageGp:fam 547:4:-1 by red 577:4:-1 at gen318 Univ0 prob=0.519
AgeVaxH35.js:2302 138I x:ageGp:fam 801:5:-1 by red 106:1:-1 at gen320 Univ0 prob=0.445
AgeVaxH35.js:2302 138I x:ageGp:fam 275:2:-1 by blue 598:4:-1 at gen321 Univ0 prob=0.071
AgeVaxH35.js:2302 139I x:ageGp:fam 786:5:-1 by blue 958:8:-1 at gen322 Univ0 prob=0.025
AgeVaxH35.js:2302 140I x:ageGp:fam 891:6:-1 by blue 487:3:-1 at gen323 Univ0 prob=0.634
AgeVaxH35.js:2302 140I x:ageGp:fam 618:4:-1 by red 577:4:-1 at gen323 Univ0 prob=0.097
AgeVaxH35.js:2302 141I x:ageGp:fam 987:9:-1 by red 130:1:-1 at gen324 Univ0 prob=0.046
AgeVaxH35.js:2302 141I x:ageGp:fam 773:5:-1 by yellow 468:3:-1 at gen324 Univ0 prob=0.775
AgeVaxH35.js:2302 145I x:ageGp:fam 515:3:-1 by red 248:2:-1 at gen326 Univ0 prob=0.657
AgeVaxH35.js:2302 145I x:ageGp:fam 650:4:-1 by blue 69:1:-1 at gen327 Univ0 prob=0.254
AgeVaxH35.js:2302 145I x:ageGp:fam 863:6:-1 by red 130:1:-1 at gen327 Univ0 prob=0.294
AgeVaxH35.js:2302 148I x:ageGp:fam 682:4:-1 by blue 653:4:-1 at gen331 Univ0 prob=0.613
AgeVaxH35.js:2302 148I x:ageGp:fam 63:1:-1 by blue 958:8:-1 at gen332 Univ0 prob=0.248
AgeVaxH35.js:2302 150I x:ageGp:fam 726:5:-1 by blue 69:1:-1 at gen334 Univ0 prob=0.266
AgeVaxH35.js:2302 151I x:ageGp:fam 664:4:-1 by blue 926:7:-1 at gen338 Univ0 prob=0.364
AgeVaxH35.js:2302 151I x:ageGp:fam 361:3:-1 by blue 661:4:-1 at gen339 Univ0 prob=0.209
AgeVaxH35.js:2302 153I x:ageGp:fam 17:0:-1 by red 130:1:-1 at gen342 Univ0 prob=0.619
AgeVaxH35.js:2302 154I x:ageGp:fam 35:0:-1 by red 528:3:-1 at gen345 Univ0 prob=0.426
AgeVaxH35.js:2302 154I x:ageGp:fam 396:3:-1 by blue 821:6:-1 at gen345 Univ0 prob=0.253
AgeVaxH35.js:2302 154I x:ageGp:fam 612:4:-1 by blue 580:4:-1 at gen345 Univ0 prob=0.054
AgeVaxH35.js:2302 154I x:ageGp:fam 156:2:-1 by blue 69:1:-1 at gen346 Univ0 prob=0.065
AgeVaxH35.js:2302 158I x:ageGp:fam 341:2:-1 by blue 487:3:-1 at gen348 Univ0 prob=0.146
AgeVaxH35.js:2302 158I x:ageGp:fam 102:1:-1 by blue 535:3:-1 at gen349 Univ0 prob=0.888
AgeVaxH35.js:2302 159I x:ageGp:fam 775:5:-1 by red 106:1:-1 at gen350 Univ0 prob=0.820
AgeVaxH35.js:2302 159I x:ageGp:fam 712:5:-1 by blue 535:3:-1 at gen350 Univ0 prob=0.224
AgeVaxH35.js:2302 162I x:ageGp:fam 872:6:-1 by blue 690:5:-1 at gen352 Univ0 prob=0.739
AgeVaxH35.js:2302 163I x:ageGp:fam 374:3:-1 by blue 487:3:-1 at gen354 Univ0 prob=0.435
AgeVaxH35.js:2302 164I x:ageGp:fam 885:6:-1 by red 113:1:-1 at gen356 Univ0 prob=0.564
AgeVaxH35.js:2302 164I x:ageGp:fam 266:2:-1 by blue 690:5:-1 at gen357 Univ0 prob=0.664
AgeVaxH35.js:2302 166I x:ageGp:fam 302:2:-1 by red 116:1:-1 at gen360 Univ0 prob=0.418
AgeVaxH35.js:2302 166I x:ageGp:fam 448:3:-1 by blue 155:2:-1 at gen360 Univ0 prob=0.014
AgeVaxH35.js:2302 168I x:ageGp:fam 163:2:-1 by red 106:1:-1 at gen362 Univ0 prob=0.018
AgeVaxH35.js:2302 168I x:ageGp:fam 213:2:-1 by blue 508:3:-1 at gen363 Univ0 prob=0.201
AgeVaxH35.js:2302 169I x:ageGp:fam 317:2:-1 by red 608:4:-1 at gen364 Univ0 prob=0.936
AgeVaxH35.js:2302 169I x:ageGp:fam 604:4:-1 by blue 535:3:-1 at gen364 Univ0 prob=0.489
AgeVaxH35.js:2302 172I x:ageGp:fam 249:2:-1 by red 611:4:-1 at gen366 Univ0 prob=0.262
AgeVaxH35.js:2302 172I x:ageGp:fam 610:4:-1 by blue 72:1:-1 at gen367 Univ0 prob=0.460
AgeVaxH35.js:2302 172I x:ageGp:fam 610:4:-1 by blue 784:5:-1 at gen367 Univ0 prob=0.794
AgeVaxH35.js:2302 173I x:ageGp:fam 257:2:-1 by red 443:3:-1 at gen368 Univ0 prob=0.972
AgeVaxH35.js:2302 174I x:ageGp:fam 253:2:-1 by red 653:4:-1 at gen369 Univ0 prob=0.763
AgeVaxH35.js:2302 176I x:ageGp:fam 51:1:-1 by blue 788:5:-1 at gen372 Univ0 prob=0.306
AgeVaxH35.js:2302 177I x:ageGp:fam 908:7:-1 by blue 515:3:-1 at gen376 Univ0 prob=0.148
AgeVaxH35.js:2302 178I x:ageGp:fam 47:1:-1 by blue 609:4:-1 at gen380 Univ0 prob=0.332
AgeVaxH35.js:2302 179I x:ageGp:fam 813:5:-1 by blue 580:4:-1 at gen383 Univ0 prob=0.031
AgeVaxH35.js:2302 180I x:ageGp:fam 422:3:-1 by blue 580:4:-1 at gen385 Univ0 prob=0.553
AgeVaxH35.js:2302 180I x:ageGp:fam 533:3:-1 by red 69:1:-1 at gen386 Univ0 prob=0.317
AgeVaxH35.js:2302 180I x:ageGp:fam 430:3:-1 by blue 810:5:-1 at gen386 Univ0 prob=0.718
AgeVaxH35.js:2302 183I x:ageGp:fam 721:5:-1 by blue 63:1:-1 at gen389 Univ0 prob=0.064
AgeVaxH35.js:2302 183I x:ageGp:fam 759:5:-1 by blue 812:5:-1 at gen390 Univ0 prob=0.142
AgeVaxH35.js:2302 185I x:ageGp:fam 264:2:-1 by blue 801:5:-1 at gen393 Univ0 prob=0.944
AgeVaxH35.js:2302 185I x:ageGp:fam 922:7:-1 by blue 547:4:-1 at gen393 Univ0 prob=0.429
AgeVaxH35.js:2302 187I x:ageGp:fam 666:4:-1 by blue 515:3:-1 at gen396 Univ0 prob=0.478
AgeVaxH35.js:2302 187I x:ageGp:fam 556:4:-1 by blue 863:6:-1 at gen396 Univ0 prob=0.487
AgeVaxH35.js:2302 187I x:ageGp:fam 930:7:-1 by blue 609:4:-1 at gen396 Univ0 prob=0.488
AgeVaxH35.js:2302 187I x:ageGp:fam 864:6:-1 by red 865:6:-1 at gen396 Univ0 prob=0.271
AgeVaxH35.js:2302 191I x:ageGp:fam 585:4:-1 by blue 650:4:-1 at gen398 Univ0 prob=0.648
AgeVaxH35.js:2302 192I x:ageGp:fam 205:2:-1 by blue 72:1:-1 at gen402 Univ0 prob=0.656
AgeVaxH35.js:2302 192I x:ageGp:fam 296:2:-1 by blue 609:4:-1 at gen403 Univ0 prob=0.295
AgeVaxH35.js:2302 194I x:ageGp:fam 504:3:-1 by blue 788:5:-1 at gen406 Univ0 prob=0.622
AgeVaxH35.js:2302 194I x:ageGp:fam 707:5:-1 by blue 361:3:-1 at gen407 Univ0 prob=0.915
AgeVaxH35.js:2302 195I x:ageGp:fam 259:2:-1 by blue 650:4:-1 at gen408 Univ0 prob=0.551
AgeVaxH35.js:2302 195I x:ageGp:fam 276:2:-1 by red 821:6:-1 at gen408 Univ0 prob=0.595
AgeVaxH35.js:2302 196I x:ageGp:fam 630:4:-1 by blue 810:5:-1 at gen409 Univ0 prob=0.343
AgeVaxH35.js:2302 198I x:ageGp:fam 725:5:-1 by blue 801:5:-1 at gen410 Univ0 prob=0.949
AgeVaxH35.js:2302 199I x:ageGp:fam 548:4:-1 by red 661:4:-1 at gen411 Univ0 prob=0.428
AgeVaxH35.js:2302 201I x:ageGp:fam 459:3:-1 by blue 63:1:-1 at gen417 Univ0 prob=0.166
AgeVaxH35.js:2302 202I x:ageGp:fam 869:6:-1 by blue 266:2:-1 at gen420 Univ0 prob=0.156
AgeVaxH35.js:2302 202I x:ageGp:fam 415:3:-1 by blue 863:6:-1 at gen420 Univ0 prob=0.297
AgeVaxH35.js:2302 202I x:ageGp:fam 952:8:-1 by blue 810:5:-1 at gen420 Univ0 prob=0.882
AgeVaxH35.js:2302 205I x:ageGp:fam 175:2:-1 by blue 515:3:-1 at gen422 Univ0 prob=0.849
AgeVaxH35.js:2302 205I x:ageGp:fam 477:3:-1 by blue 650:4:-1 at gen422 Univ0 prob=0.222
AgeVaxH35.js:2302 207I x:ageGp:fam 764:5:-1 by blue 801:5:-1 at gen424 Univ0 prob=0.506
AgeVaxH35.js:2302 207I x:ageGp:fam 392:3:-1 by red 788:5:-1 at gen425 Univ0 prob=0.522
AgeVaxH35.js:2302 208I x:ageGp:fam 534:3:-1 by blue 163:2:-1 at gen426 Univ0 prob=0.595
AgeVaxH35.js:2302 208I x:ageGp:fam 318:2:-1 by blue 812:5:-1 at gen426 Univ0 prob=0.304
AgeVaxH35.js:2302 208I x:ageGp:fam 507:3:-1 by red 508:3:-1 at gen426 Univ0 prob=0.495
AgeVaxH35.js:2302 209I x:ageGp:fam 78:1:-1 by blue 810:5:-1 at gen427 Univ0 prob=0.469
AgeVaxH35.js:2302 209I x:ageGp:fam 294:2:-1 by blue 614:4:-1 at gen427 Univ0 prob=0.119
AgeVaxH35.js:2302 212I x:ageGp:fam 524:3:-1 by blue 872:6:-1 at gen428 Univ0 prob=0.472
AgeVaxH35.js:2302 214I x:ageGp:fam 93:1:-1 by red 609:4:-1 at gen429 Univ0 prob=0.881
AgeVaxH35.js:2302 214I x:ageGp:fam 799:5:-1 by blue 872:6:-1 at gen429 Univ0 prob=0.703
AgeVaxH35.js:2302 214I x:ageGp:fam 902:7:-1 by blue 863:6:-1 at gen429 Univ0 prob=0.063
AgeVaxH35.js:2302 215I x:ageGp:fam 909:7:-1 by blue 102:1:-1 at gen430 Univ0 prob=0.879
AgeVaxH35.js:2302 218I x:ageGp:fam 49:1:-1 by red 528:3:-1 at gen431 Univ0 prob=0.846
AgeVaxH35.js:2302 218I x:ageGp:fam 135:2:-1 by blue 63:1:-1 at gen431 Univ0 prob=0.505
AgeVaxH35.js:2302 218I x:ageGp:fam 827:6:-1 by red 851:6:-1 at gen431 Univ0 prob=0.088
AgeVaxH35.js:2302 222I x:ageGp:fam 333:2:-1 by red 821:6:-1 at gen433 Univ0 prob=0.059
AgeVaxH35.js:2302 223I x:ageGp:fam 955:8:-1 by blue 22:0:-1 at gen438 Univ0 prob=0.019
AgeVaxH35.js:2302 223I x:ageGp:fam 475:3:-1 by blue 35:0:-1 at gen438 Univ0 prob=0.456
AgeVaxH35.js:2302 223I x:ageGp:fam 209:2:-1 by blue 515:3:-1 at gen439 Univ0 prob=0.327
AgeVaxH35.js:2302 226I x:ageGp:fam 27:0:-1 by red 810:5:-1 at gen442 Univ0 prob=0.392
AgeVaxH35.js:2302 226I x:ageGp:fam 382:3:-1 by blue 102:1:-1 at gen443 Univ0 prob=0.300
AgeVaxH35.js:2302 227I x:ageGp:fam 80:1:-1 by red 614:4:-1 at gen444 Univ0 prob=0.537
AgeVaxH35.js:2302 227I x:ageGp:fam 251:2:-1 by red 786:5:-1 at gen444 Univ0 prob=0.655
AgeVaxH35.js:2302 228I x:ageGp:fam 978:8:-1 by blue 102:1:-1 at gen445 Univ0 prob=0.539
AgeVaxH35.js:2302 228I x:ageGp:fam 298:2:-1 by red 580:4:-1 at gen445 Univ0 prob=0.102
AgeVaxH35.js:2302 230I x:ageGp:fam 478:3:-1 by blue 556:4:-1 at gen446 Univ0 prob=0.860
AgeVaxH35.js:2302 232I x:ageGp:fam 828:6:-1 by red 863:6:-1 at gen447 Univ0 prob=0.370
AgeVaxH35.js:2302 233I x:ageGp:fam 348:2:-1 by blue 51:1:-1 at gen448 Univ0 prob=0.992
AgeVaxH35.js:2302 235I x:ageGp:fam 896:6:-1 by red 63:1:-1 at gen453 Univ0 prob=0.806
AgeVaxH35.js:2302 235I x:ageGp:fam 197:2:-1 by blue 341:2:-1 at gen453 Univ0 prob=0.366
AgeVaxH35.js:2302 235I x:ageGp:fam 728:5:-1 by red 438:3:-1 at gen453 Univ0 prob=0.801
AgeVaxH35.js:2302 238I x:ageGp:fam 419:3:-1 by blue 35:0:-1 at gen458 Univ0 prob=0.698
AgeVaxH35.js:2302 238I x:ageGp:fam 602:4:-1 by blue 51:1:-1 at gen458 Univ0 prob=0.540
AgeVaxH35.js:2302 238I x:ageGp:fam 316:2:-1 by red 547:4:-1 at gen459 Univ0 prob=0.352
AgeVaxH35.js:2302 241I x:ageGp:fam 118:1:-1 by blue 163:2:-1 at gen461 Univ0 prob=0.886
AgeVaxH35.js:2302 241I x:ageGp:fam 118:1:-1 by blue 612:4:-1 at gen461 Univ0 prob=0.921
AgeVaxH35.js:2302 241I x:ageGp:fam 540:3:-1 by blue 612:4:-1 at gen461 Univ0 prob=0.547
AgeVaxH35.js:2302 241I x:ageGp:fam 254:2:-1 by blue 930:7:-1 at gen462 Univ0 prob=0.547
AgeVaxH35.js:2302 243I x:ageGp:fam 944:7:-1 by blue 430:3:-1 at gen463 Univ0 prob=0.680
AgeVaxH35.js:2302 245I x:ageGp:fam 320:2:-1 by blue 430:3:-1 at gen465 Univ0 prob=0.609
AgeVaxH35.js:2302 245I x:ageGp:fam 904:7:-1 by blue 922:7:-1 at gen465 Univ0 prob=0.157
AgeVaxH35.js:2302 247I x:ageGp:fam 126:1:-1 by blue 156:2:-1 at gen467 Univ0 prob=0.700
AgeVaxH35.js:2302 247I x:ageGp:fam 616:4:-1 by red 863:6:-1 at gen467 Univ0 prob=0.242
AgeVaxH35.js:2302 247I x:ageGp:fam 879:6:-1 by red 661:4:-1 at gen467 Univ0 prob=0.267
AgeVaxH35.js:2302 247I x:ageGp:fam 492:3:-1 by red 650:4:-1 at gen468 Univ0 prob=0.666
AgeVaxH35.js:2302 251I x:ageGp:fam 639:4:-1 by red 63:1:-1 at gen473 Univ0 prob=0.806
AgeVaxH35.js:2302 251I x:ageGp:fam 636:4:-1 by red 786:5:-1 at gen474 Univ0 prob=0.406
AgeVaxH35.js:2302 252I x:ageGp:fam 665:4:-1 by blue 47:1:-1 at gen475 Univ0 prob=0.088
AgeVaxH35.js:2302 253I x:ageGp:fam 282:2:-1 by red 17:0:-1 at gen476 Univ0 prob=0.108
AgeVaxH35.js:2302 253I x:ageGp:fam 887:6:-1 by red 22:0:-1 at gen476 Univ0 prob=0.955
AgeVaxH35.js:2302 254I x:ageGp:fam 560:4:-1 by blue 721:5:-1 at gen477 Univ0 prob=0.659
AgeVaxH35.js:2302 257I x:ageGp:fam 344:2:-1 by red 863:6:-1 at gen481 Univ0 prob=0.181
AgeVaxH35.js:2302 257I x:ageGp:fam 662:4:-1 by red 341:2:-1 at gen482 Univ0 prob=0.819
AgeVaxH35.js:2302 257I x:ageGp:fam 488:3:-1 by red 604:4:-1 at gen482 Univ0 prob=0.848
AgeVaxH35.js:2302 258I x:ageGp:fam 85:1:-1 by red 508:3:-1 at gen483 Univ0 prob=0.735
AgeVaxH35.js:2302 260I x:ageGp:fam 513:3:-1 by blue 952:8:-1 at gen484 Univ0 prob=0.140
AgeVaxH35.js:2302 260I x:ageGp:fam 606:4:-1 by red 788:5:-1 at gen484 Univ0 prob=0.800
AgeVaxH35.js:2302 260I x:ageGp:fam 921:7:-1 by blue 930:7:-1 at gen484 Univ0 prob=0.822
AgeVaxH35.js:2302 264I x:ageGp:fam 814:5:-1 by blue 930:7:-1 at gen486 Univ0 prob=0.342
AgeVaxH35.js:2302 265I x:ageGp:fam 271:2:-1 by blue 51:1:-1 at gen488 Univ0 prob=0.397
AgeVaxH35.js:2302 265I x:ageGp:fam 622:4:-1 by blue 430:3:-1 at gen488 Univ0 prob=0.568
AgeVaxH35.js:2302 265I x:ageGp:fam 762:5:-1 by blue 459:3:-1 at gen489 Univ0 prob=0.464
AgeVaxH35.js:2302 267I x:ageGp:fam 808:5:-1 by red 35:0:-1 at gen490 Univ0 prob=0.372
AgeVaxH35.js:2302 267I x:ageGp:fam 75:1:-1 by red 515:3:-1 at gen490 Univ0 prob=0.223
AgeVaxH35.js:2302 268I x:ageGp:fam 971:8:-1 by blue 175:2:-1 at gen491 Univ0 prob=0.235
AgeVaxH35.js:2302 270I x:ageGp:fam 737:5:-1 by red 341:2:-1 at gen492 Univ0 prob=0.595
AgeVaxH35.js:2302 271I x:ageGp:fam 506:3:-1 by red 361:3:-1 at gen493 Univ0 prob=0.386
AgeVaxH35.js:2302 272I x:ageGp:fam 345:2:-1 by blue 459:3:-1 at gen494 Univ0 prob=0.901
AgeVaxH35.js:2302 273I x:ageGp:fam 37:0:-1 by blue 175:2:-1 at gen495 Univ0 prob=0.545
AgeVaxH35.js:2302 273I x:ageGp:fam 103:1:-1 by blue 459:3:-1 at gen495 Univ0 prob=0.744
AgeVaxH35.js:2302 274I x:ageGp:fam 840:6:-1 by blue 175:2:-1 at gen496 Univ0 prob=0.506
AgeVaxH35.js:2302 276I x:ageGp:fam 756:5:-1 by red 51:1:-1 at gen497 Univ0 prob=0.414
AgeVaxH35.js:2302 278I x:ageGp:fam 356:2:-1 by blue 828:6:-1 at gen499 Univ0 prob=0.956
AgeVaxH35.js:2302 278I x:ageGp:fam 444:3:-1 by blue 556:4:-1 at gen499 Univ0 prob=0.446
AgeVaxH35.js:2302 278I x:ageGp:fam 752:5:-1 by red 614:4:-1 at gen499 Univ0 prob=0.731
AgeVaxH35.js:2302 278I x:ageGp:fam 71:1:-1 by blue 721:5:-1 at gen500 Univ0 prob=0.538
AgeVaxH35.js:2302 278I x:ageGp:fam 236:2:-1 by blue 869:6:-1 at gen500 Univ0 prob=0.410
AgeVaxH35.js:2302 278I x:ageGp:fam 951:8:-1 by blue 430:3:-1 at gen500 Univ0 prob=0.563
AgeVaxH35.js:2302 281I x:ageGp:fam 400:3:-1 by red 614:4:-1 at gen501 Univ0 prob=0.738
AgeVaxH35.js:2302 284I x:ageGp:fam 564:4:-1 by blue 259:2:-1 at gen502 Univ0 prob=0.778
AgeVaxH35.js:2302 284I x:ageGp:fam 834:6:-1 by blue 382:3:-1 at gen502 Univ0 prob=0.503
AgeVaxH35.js:2302 284I x:ageGp:fam 384:3:-1 by red 515:3:-1 at gen502 Univ0 prob=0.896
AgeVaxH35.js:2302 285I x:ageGp:fam 679:4:-1 by red 51:1:-1 at gen503 Univ0 prob=0.175
AgeVaxH35.js:2302 285I x:ageGp:fam 139:2:-1 by blue 459:3:-1 at gen503 Univ0 prob=0.805
AgeVaxH35.js:2302 285I x:ageGp:fam 677:4:-1 by red 810:5:-1 at gen503 Univ0 prob=0.846
AgeVaxH35.js:2302 288I x:ageGp:fam 539:3:-1 by blue 415:3:-1 at gen504 Univ0 prob=0.157
AgeVaxH35.js:2302 291I x:ageGp:fam 420:3:-1 by red 63:1:-1 at gen505 Univ0 prob=0.279
AgeVaxH35.js:2302 291I x:ageGp:fam 128:1:-1 by blue 478:3:-1 at gen505 Univ0 prob=0.675
AgeVaxH35.js:2302 294I x:ageGp:fam 127:1:-1 by red 614:4:-1 at gen507 Univ0 prob=0.162
AgeVaxH35.js:2302 294I x:ageGp:fam 590:4:-1 by blue 259:2:-1 at gen507 Univ0 prob=0.616
AgeVaxH35.js:2302 294I x:ageGp:fam 669:4:-1 by red 430:3:-1 at gen507 Univ0 prob=0.469
AgeVaxH35.js:2302 294I x:ageGp:fam 782:5:-1 by red 801:5:-1 at gen507 Univ0 prob=0.726
AgeVaxH35.js:2302 294I x:ageGp:fam 678:4:-1 by blue 135:2:-1 at gen508 Univ0 prob=0.717
AgeVaxH35.js:2302 299I x:ageGp:fam 0:0:-1 by blue 93:1:-1 at gen510 Univ0 prob=0.060
AgeVaxH35.js:2302 299I x:ageGp:fam 713:5:-1 by blue 175:2:-1 at gen510 Univ0 prob=0.717
AgeVaxH35.js:2302 299I x:ageGp:fam 365:3:-1 by red 556:4:-1 at gen510 Univ0 prob=0.286
AgeVaxH35.js:2302 299I x:ageGp:fam 613:4:-1 by red 422:3:-1 at gen510 Univ0 prob=0.063
AgeVaxH35.js:2302 299I x:ageGp:fam 432:3:-1 by red 63:1:-1 at gen511 Univ0 prob=0.291
AgeVaxH35.js:2302 299I x:ageGp:fam 148:2:-1 by blue 175:2:-1 at gen511 Univ0 prob=0.686
AgeVaxH35.js:2302 305I x:ageGp:fam 307:2:-1 by blue 78:1:-1 at gen513 Univ0 prob=0.149
AgeVaxH35.js:2302 305I x:ageGp:fam 924:7:-1 by red 448:3:-1 at gen513 Univ0 prob=0.695
AgeVaxH35.js:2302 305I x:ageGp:fam 172:2:-1 by blue 135:2:-1 at gen514 Univ0 prob=0.886
AgeVaxH35.js:2302 305I x:ageGp:fam 748:5:-1 by blue 348:2:-1 at gen514 Univ0 prob=0.230
AgeVaxH35.js:2302 305I x:ageGp:fam 603:4:-1 by blue 459:3:-1 at gen514 Univ0 prob=0.649
AgeVaxH35.js:2302 307I x:ageGp:fam 178:2:-1 by blue 175:2:-1 at gen515 Univ0 prob=0.264
AgeVaxH35.js:2302 310I x:ageGp:fam 434:3:-1 by blue 93:1:-1 at gen516 Univ0 prob=0.351
AgeVaxH35.js:2302 312I x:ageGp:fam 5:0:-1 by blue 135:2:-1 at gen518 Univ0 prob=0.053
AgeVaxH35.js:2302 312I x:ageGp:fam 64:1:-1 by red 341:2:-1 at gen518 Univ0 prob=0.991
AgeVaxH35.js:2302 312I x:ageGp:fam 791:5:-1 by blue 725:5:-1 at gen518 Univ0 prob=0.305
AgeVaxH35.js:2302 315I x:ageGp:fam 634:4:-1 by blue 459:3:-1 at gen520 Univ0 prob=0.445
AgeVaxH35.js:2302 315I x:ageGp:fam 597:4:-1 by red 863:6:-1 at gen520 Univ0 prob=0.129
AgeVaxH35.js:2302 315I x:ageGp:fam 214:2:-1 by red 664:4:-1 at gen521 Univ0 prob=0.007
AgeVaxH35.js:2302 315I x:ageGp:fam 562:4:-1 by blue 952:8:-1 at gen521 Univ0 prob=0.982
AgeVaxH35.js:2302 317I x:ageGp:fam 744:5:-1 by red 801:5:-1 at gen522 Univ0 prob=0.977
AgeVaxH35.js:2302 319I x:ageGp:fam 442:3:-1 by blue 135:2:-1 at gen523 Univ0 prob=0.605
AgeVaxH35.js:2302 319I x:ageGp:fam 582:4:-1 by red 650:4:-1 at gen523 Univ0 prob=0.496
AgeVaxH35.js:2302 320I x:ageGp:fam 199:2:-1 by red 102:1:-1 at gen524 Univ0 prob=0.321
AgeVaxH35.js:2302 320I x:ageGp:fam 901:6:-1 by red 102:1:-1 at gen524 Univ0 prob=0.620
AgeVaxH35.js:2302 320I x:ageGp:fam 231:2:-1 by blue 904:7:-1 at gen524 Univ0 prob=0.803
AgeVaxH35.js:2302 325I x:ageGp:fam 404:3:-1 by red 773:5:-1 at gen527 Univ0 prob=0.216
AgeVaxH35.js:2302 325I x:ageGp:fam 811:5:-1 by blue 459:3:-1 at gen527 Univ0 prob=0.909
AgeVaxH35.js:2302 325I x:ageGp:fam 974:8:-1 by blue 978:8:-1 at gen528 Univ0 prob=0.608
AgeVaxH35.js:2302 328I x:ageGp:fam 624:4:-1 by blue 725:5:-1 at gen530 Univ0 prob=0.409
AgeVaxH35.js:2302 328I x:ageGp:fam 776:5:-1 by blue 827:6:-1 at gen530 Univ0 prob=0.533
AgeVaxH35.js:2302 328I x:ageGp:fam 584:4:-1 by blue 294:2:-1 at gen531 Univ0 prob=0.231
AgeVaxH35.js:2302 330I x:ageGp:fam 117:1:-1 by red 63:1:-1 at gen532 Univ0 prob=0.100
AgeVaxH35.js:2302 330I x:ageGp:fam 701:5:-1 by blue 478:3:-1 at gen532 Univ0 prob=0.660
AgeVaxH35.js:2302 333I x:ageGp:fam 807:5:-1 by blue 93:1:-1 at gen535 Univ0 prob=0.300
AgeVaxH35.js:2302 333I x:ageGp:fam 342:2:-1 by blue 459:3:-1 at gen535 Univ0 prob=0.310
AgeVaxH35.js:2302 333I x:ageGp:fam 761:5:-1 by blue 534:3:-1 at gen535 Univ0 prob=0.866
AgeVaxH35.js:2302 333I x:ageGp:fam 698:5:-1 by yellow 622:4:-1 at gen536 Univ0 prob=0.877
AgeVaxH35.js:2302 336I x:ageGp:fam 954:8:-1 by red 341:2:-1 at gen537 Univ0 prob=0.284
AgeVaxH35.js:2302 338I x:ageGp:fam 454:3:-1 by blue 904:7:-1 at gen539 Univ0 prob=0.331
AgeVaxH35.js:2302 339I x:ageGp:fam 767:5:-1 by blue 93:1:-1 at gen541 Univ0 prob=0.189
AgeVaxH35.js:2302 339I x:ageGp:fam 124:1:-1 by blue 135:2:-1 at gen541 Univ0 prob=0.529
AgeVaxH35.js:2302 339I x:ageGp:fam 406:3:-1 by blue 799:5:-1 at gen541 Univ0 prob=0.367
AgeVaxH35.js:2302 339I x:ageGp:fam 514:3:-1 by blue 904:7:-1 at gen542 Univ0 prob=0.049
AgeVaxH35.js:2302 339I x:ageGp:fam 760:5:-1 by red 515:3:-1 at gen542 Univ0 prob=0.785
AgeVaxH35.js:2302 342I x:ageGp:fam 86:1:-1 by blue 904:7:-1 at gen543 Univ0 prob=0.222
AgeVaxH35.js:2302 342I x:ageGp:fam 646:4:-1 by blue 298:2:-1 at gen543 Univ0 prob=0.385
AgeVaxH35.js:2302 342I x:ageGp:fam 568:4:-1 by red 922:7:-1 at gen543 Univ0 prob=0.069
AgeVaxH35.js:2302 344I x:ageGp:fam 137:2:-1 by red 922:7:-1 at gen544 Univ0 prob=0.570
AgeVaxH35.js:2302 348I x:ageGp:fam 1:0:-1 by blue 93:1:-1 at gen546 Univ0 prob=0.370
AgeVaxH35.js:2302 348I x:ageGp:fam 925:7:-1 by blue 93:1:-1 at gen546 Univ0 prob=0.475
AgeVaxH35.js:2302 348I x:ageGp:fam 905:7:-1 by blue 879:6:-1 at gen546 Univ0 prob=0.561
AgeVaxH35.js:2302 348I x:ageGp:fam 957:8:-1 by blue 971:8:-1 at gen547 Univ0 prob=0.806
AgeVaxH35.js:2302 351I x:ageGp:fam 934:7:-1 by red 459:3:-1 at gen548 Univ0 prob=0.081
AgeVaxH35.js:2302 351I x:ageGp:fam 962:8:-1 by blue 665:4:-1 at gen548 Univ0 prob=0.619
AgeVaxH35.js:2302 352I x:ageGp:fam 567:4:-1 by blue 135:2:-1 at gen549 Univ0 prob=0.273
AgeVaxH35.js:2302 352I x:ageGp:fam 474:3:-1 by blue 492:3:-1 at gen549 Univ0 prob=0.695
AgeVaxH35.js:2302 354I x:ageGp:fam 927:7:-1 by red 294:2:-1 at gen550 Univ0 prob=0.302
AgeVaxH35.js:2302 354I x:ageGp:fam 947:7:-1 by blue 887:6:-1 at gen550 Univ0 prob=0.910
AgeVaxH35.js:2302 356I x:ageGp:fam 986:9:-1 by red 721:5:-1 at gen551 Univ0 prob=0.184
AgeVaxH35.js:2302 359I x:ageGp:fam 638:4:-1 by blue 345:2:-1 at gen553 Univ0 prob=0.398
AgeVaxH35.js:2302 359I x:ageGp:fam 674:4:-1 by red 51:1:-1 at gen554 Univ0 prob=0.772
AgeVaxH35.js:2302 359I x:ageGp:fam 757:5:-1 by red 259:2:-1 at gen554 Univ0 prob=0.980
AgeVaxH35.js:2302 359I x:ageGp:fam 917:7:-1 by red 294:2:-1 at gen554 Univ0 prob=0.813
AgeVaxH35.js:2302 359I x:ageGp:fam 825:6:-1 by blue 639:4:-1 at gen554 Univ0 prob=0.690
AgeVaxH35.js:2302 359I x:ageGp:fam 674:4:-1 by blue 756:5:-1 at gen554 Univ0 prob=0.953
AgeVaxH35.js:2302 364I x:ageGp:fam 269:2:-1 by red 259:2:-1 at gen556 Univ0 prob=0.057
AgeVaxH35.js:2302 365I x:ageGp:fam 41:1:-1 by blue 382:3:-1 at gen559 Univ0 prob=0.086
AgeVaxH35.js:2302 365I x:ageGp:fam 260:2:-1 by red 135:2:-1 at gen559 Univ0 prob=0.168
AgeVaxH35.js:2302 365I x:ageGp:fam 147:2:-1 by yellow 148:2:-1 at gen560 Univ0 prob=0.902
AgeVaxH35.js:2302 365I x:ageGp:fam 882:6:-1 by blue 639:4:-1 at gen560 Univ0 prob=0.024
AgeVaxH35.js:2302 369I x:ageGp:fam 278:2:-1 by red 102:1:-1 at gen562 Univ0 prob=0.423
AgeVaxH35.js:2302 369I x:ageGp:fam 620:4:-1 by red 47:1:-1 at gen563 Univ0 prob=0.549
AgeVaxH35.js:2302 369I x:ageGp:fam 142:2:-1 by blue 828:6:-1 at gen563 Univ0 prob=0.069
AgeVaxH35.js:2302 369I x:ageGp:fam 858:6:-1 by blue 209:2:-1 at gen563 Univ0 prob=0.713
AgeVaxH35.js:2302 369I x:ageGp:fam 496:3:-1 by blue 382:3:-1 at gen563 Univ0 prob=0.434
AgeVaxH35.js:2302 369I x:ageGp:fam 873:6:-1 by blue 762:5:-1 at gen563 Univ0 prob=0.824
AgeVaxH35.js:2302 375I x:ageGp:fam 200:2:-1 by blue 344:2:-1 at gen565 Univ0 prob=0.882
AgeVaxH35.js:2302 375I x:ageGp:fam 875:6:-1 by red 298:2:-1 at gen566 Univ0 prob=0.787
AgeVaxH35.js:2302 376I x:ageGp:fam 234:2:-1 by red 415:3:-1 at gen567 Univ0 prob=0.560
AgeVaxH35.js:2302 378I x:ageGp:fam 836:6:-1 by red 902:7:-1 at gen569 Univ0 prob=0.440
AgeVaxH35.js:2302 378I x:ageGp:fam 889:6:-1 by blue 103:1:-1 at gen570 Univ0 prob=0.263
AgeVaxH35.js:2302 378I x:ageGp:fam 322:2:-1 by blue 636:4:-1 at gen570 Univ0 prob=0.514
AgeVaxH35.js:2302 378I x:ageGp:fam 945:7:-1 by blue 737:5:-1 at gen570 Univ0 prob=0.844
AgeVaxH35.js:2302 379I x:ageGp:fam 854:6:-1 by blue 756:5:-1 at gen571 Univ0 prob=0.860
AgeVaxH35.js:2302 382I x:ageGp:fam 170:2:-1 by red 459:3:-1 at gen572 Univ0 prob=0.516
AgeVaxH35.js:2302 382I x:ageGp:fam 225:2:-1 by red 209:2:-1 at gen572 Univ0 prob=0.845
AgeVaxH35.js:2302 383I x:ageGp:fam 989:9:-1 by red 382:3:-1 at gen573 Univ0 prob=0.424
AgeVaxH35.js:2302 385I x:ageGp:fam 745:5:-1 by blue 75:1:-1 at gen574 Univ0 prob=0.318
AgeVaxH35.js:2302 385I x:ageGp:fam 867:6:-1 by red 259:2:-1 at gen574 Univ0 prob=0.864
AgeVaxH35.js:2302 385I x:ageGp:fam 338:2:-1 by red 459:3:-1 at gen574 Univ0 prob=0.431
AgeVaxH35.js:2302 385I x:ageGp:fam 366:3:-1 by blue 420:3:-1 at gen574 Univ0 prob=0.702
AgeVaxH35.js:2302 386I x:ageGp:fam 246:2:-1 by red 259:2:-1 at gen575 Univ0 prob=0.802
AgeVaxH35.js:2302 390I x:ageGp:fam 352:2:-1 by blue 37:0:-1 at gen576 Univ0 prob=0.926
AgeVaxH35.js:2302 391I x:ageGp:fam 3:0:-1 by blue 75:1:-1 at gen577 Univ0 prob=0.068
AgeVaxH35.js:2302 391I x:ageGp:fam 4:0:-1 by blue 971:8:-1 at gen577 Univ0 prob=0.463
AgeVaxH35.js:2302 391I x:ageGp:fam 516:3:-1 by blue 139:2:-1 at gen577 Univ0 prob=0.149
AgeVaxH35.js:2302 391I x:ageGp:fam 538:3:-1 by blue 139:2:-1 at gen577 Univ0 prob=0.845
AgeVaxH35.js:2302 391I x:ageGp:fam 295:2:-1 by blue 713:5:-1 at gen577 Univ0 prob=0.447
AgeVaxH35.js:2302 397I x:ageGp:fam 215:2:-1 by red 477:3:-1 at gen579 Univ0 prob=0.005
AgeVaxH35.js:2302 397I x:ageGp:fam 545:4:-1 by red 294:2:-1 at gen579 Univ0 prob=0.868
AgeVaxH35.js:2302 397I x:ageGp:fam 789:5:-1 by blue 564:4:-1 at gen579 Univ0 prob=0.423
AgeVaxH35.js:2302 397I x:ageGp:fam 911:7:-1 by blue 564:4:-1 at gen579 Univ0 prob=0.984
AgeVaxH35.js:2302 397I x:ageGp:fam 953:8:-1 by red 952:8:-1 at gen579 Univ0 prob=0.201
AgeVaxH35.js:2302 402I x:ageGp:fam 293:2:-1 by red 93:1:-1 at gen582 Univ0 prob=0.853
AgeVaxH35.js:2302 402I x:ageGp:fam 255:2:-1 by red 415:3:-1 at gen582 Univ0 prob=0.156
AgeVaxH35.js:2302 402I x:ageGp:fam 916:7:-1 by blue 75:1:-1 at gen583 Univ0 prob=0.425
AgeVaxH35.js:2302 402I x:ageGp:fam 212:2:-1 by blue 639:4:-1 at gen583 Univ0 prob=0.262
AgeVaxH35.js:2302 402I x:ageGp:fam 939:7:-1 by red 259:2:-1 at gen583 Univ0 prob=0.059
AgeVaxH35.js:2302 402I x:ageGp:fam 483:3:-1 by blue 603:4:-1 at gen583 Univ0 prob=0.597
AgeVaxH35.js:2302 404I x:ageGp:fam 242:2:-1 by blue 0:0:-1 at gen584 Univ0 prob=0.990
AgeVaxH35.js:2302 404I x:ageGp:fam 274:2:-1 by red 93:1:-1 at gen584 Univ0 prob=0.452
AgeVaxH35.js:2302 404I x:ageGp:fam 291:2:-1 by blue 488:3:-1 at gen584 Univ0 prob=0.886
AgeVaxH35.js:2302 408I x:ageGp:fam 780:5:-1 by blue 139:2:-1 at gen585 Univ0 prob=0.663
AgeVaxH35.js:2302 408I x:ageGp:fam 708:5:-1 by red 296:2:-1 at gen585 Univ0 prob=0.284
AgeVaxH35.js:2302 411I x:ageGp:fam 710:5:-1 by blue 0:0:-1 at gen586 Univ0 prob=0.055
AgeVaxH35.js:2302 411I x:ageGp:fam 20:0:-1 by blue 564:4:-1 at gen586 Univ0 prob=0.336
AgeVaxH35.js:2302 411I x:ageGp:fam 23:0:-1 by blue 128:1:-1 at gen586 Univ0 prob=0.162
AgeVaxH35.js:2302 411I x:ageGp:fam 890:6:-1 by blue 539:3:-1 at gen586 Univ0 prob=0.128
AgeVaxH35.js:2302 413I x:ageGp:fam 996:9:-1 by blue 307:2:-1 at gen587 Univ0 prob=0.958
AgeVaxH35.js:2302 417I x:ageGp:fam 122:1:-1 by blue 539:3:-1 at gen588 Univ0 prob=0.125
AgeVaxH35.js:2302 417I x:ageGp:fam 362:3:-1 by blue 582:4:-1 at gen588 Univ0 prob=0.507
AgeVaxH35.js:2302 417I x:ageGp:fam 476:3:-1 by red 922:7:-1 at gen588 Univ0 prob=0.806
AgeVaxH35.js:2302 418I x:ageGp:fam 550:4:-1 by red 27:0:-1 at gen589 Univ0 prob=0.882
AgeVaxH35.js:2302 418I x:ageGp:fam 247:2:-1 by red 135:2:-1 at gen589 Univ0 prob=0.405
AgeVaxH35.js:2302 418I x:ageGp:fam 403:3:-1 by blue 148:2:-1 at gen589 Univ0 prob=0.660
AgeVaxH35.js:2302 421I x:ageGp:fam 372:3:-1 by blue 434:3:-1 at gen590 Univ0 prob=0.696
AgeVaxH35.js:2302 424I x:ageGp:fam 831:6:-1 by blue 454:3:-1 at gen591 Univ0 prob=0.793
AgeVaxH35.js:2302 425I x:ageGp:fam 211:2:-1 by blue 791:5:-1 at gen592 Univ0 prob=0.634
AgeVaxH35.js:2302 426I x:ageGp:fam 11:0:-1 by blue 442:3:-1 at gen593 Univ0 prob=0.744
AgeVaxH35.js:2302 426I x:ageGp:fam 239:2:-1 by red 922:7:-1 at gen593 Univ0 prob=0.308
AgeVaxH35.js:2302 427I x:ageGp:fam 774:5:-1 by red 298:2:-1 at gen594 Univ0 prob=0.828
AgeVaxH35.js:2302 429I x:ageGp:fam 500:3:-1 by blue 434:3:-1 at gen595 Univ0 prob=0.963
AgeVaxH35.js:2302 429I x:ageGp:fam 502:3:-1 by red 922:7:-1 at gen595 Univ0 prob=0.073
AgeVaxH35.js:2302 430I x:ageGp:fam 558:4:-1 by blue 756:5:-1 at gen596 Univ0 prob=0.406
AgeVaxH35.js:2302 432I x:ageGp:fam 287:2:-1 by blue 834:6:-1 at gen597 Univ0 prob=0.719
AgeVaxH35.js:2302 433I x:ageGp:fam 91:1:-1 by blue 901:6:-1 at gen598 Univ0 prob=0.819
AgeVaxH35.js:2302 433I x:ageGp:fam 133:2:-1 by red 93:1:-1 at gen598 Univ0 prob=0.834
AgeVaxH35.js:2302 433I x:ageGp:fam 227:2:-1 by blue 597:4:-1 at gen598 Univ0 prob=0.013
AgeVaxH35.js:2302 433I x:ageGp:fam 472:3:-1 by blue 564:4:-1 at gen598 Univ0 prob=0.053
AgeVaxH35.js:2302 434I x:ageGp:fam 270:2:-1 by blue 442:3:-1 at gen599 Univ0 prob=0.333
AgeVaxH35.js:2302 434I x:ageGp:fam 758:5:-1 by red 382:3:-1 at gen599 Univ0 prob=0.081
AgeVaxH35.js:2302 434I x:ageGp:fam 451:3:-1 by blue 737:5:-1 at gen599 Univ0 prob=0.972
AgeVaxH35.js:2302 434I x:ageGp:fam 740:5:-1 by blue 901:6:-1 at gen599 Univ0 prob=0.883
AgeVaxH35.js:2302 438I x:ageGp:fam 43:1:-1 by blue 590:4:-1 at gen600 Univ0 prob=0.017
AgeVaxH35.js:2302 438I x:ageGp:fam 315:2:-1 by blue 760:5:-1 at gen600 Univ0 prob=0.051
AgeVaxH35.js:2302 444I x:ageGp:fam 66:1:-1 by blue 0:0:-1 at gen602 Univ0 prob=0.930
AgeVaxH35.js:2302 444I x:ageGp:fam 495:3:-1 by blue 420:3:-1 at gen602 Univ0 prob=0.920
AgeVaxH35.js:2302 444I x:ageGp:fam 312:2:-1 by blue 624:4:-1 at gen603 Univ0 prob=0.398
AgeVaxH35.js:2302 444I x:ageGp:fam 324:2:-1 by blue 442:3:-1 at gen603 Univ0 prob=0.155
AgeVaxH35.js:2302 444I x:ageGp:fam 747:5:-1 by red 344:2:-1 at gen603 Univ0 prob=0.071
AgeVaxH35.js:2302 444I x:ageGp:fam 893:6:-1 by blue 662:4:-1 at gen603 Univ0 prob=0.092
AgeVaxH35.js:2302 446I x:ageGp:fam 238:2:-1 by blue 199:2:-1 at gen604 Univ0 prob=0.722
AgeVaxH35.js:2302 446I x:ageGp:fam 881:6:-1 by red 419:3:-1 at gen604 Univ0 prob=0.587
AgeVaxH35.js:2302 446I x:ageGp:fam 972:8:-1 by red 459:3:-1 at gen604 Univ0 prob=0.013
AgeVaxH35.js:2302 453I x:ageGp:fam 968:8:-1 by red 616:4:-1 at gen606 Univ0 prob=0.507
AgeVaxH35.js:2302 453I x:ageGp:fam 883:6:-1 by red 930:7:-1 at gen606 Univ0 prob=0.086
AgeVaxH35.js:2302 455I x:ageGp:fam 256:2:-1 by blue 148:2:-1 at gen608 Univ0 prob=0.018
AgeVaxH35.js:2302 455I x:ageGp:fam 874:6:-1 by blue 178:2:-1 at gen608 Univ0 prob=0.250
AgeVaxH35.js:2302 455I x:ageGp:fam 931:7:-1 by red 556:4:-1 at gen608 Univ0 prob=0.512
AgeVaxH35.js:2302 455I x:ageGp:fam 101:1:-1 by red 662:4:-1 at gen609 Univ0 prob=0.218
AgeVaxH35.js:2302 455I x:ageGp:fam 250:2:-1 by blue 737:5:-1 at gen609 Univ0 prob=0.078
AgeVaxH35.js:2302 455I x:ageGp:fam 445:3:-1 by blue 901:6:-1 at gen609 Univ0 prob=0.499
AgeVaxH35.js:2302 458I x:ageGp:fam 176:2:-1 by red 459:3:-1 at gen610 Univ0 prob=0.536
AgeVaxH35.js:2302 458I x:ageGp:fam 733:5:-1 by blue 384:3:-1 at gen610 Univ0 prob=0.388
AgeVaxH35.js:2302 458I x:ageGp:fam 975:8:-1 by blue 954:8:-1 at gen610 Univ0 prob=0.900
AgeVaxH35.js:2302 461I x:ageGp:fam 154:2:-1 by red 415:3:-1 at gen611 Univ0 prob=0.589
AgeVaxH35.js:2302 461I x:ageGp:fam 423:3:-1 by blue 199:2:-1 at gen611 Univ0 prob=0.099
AgeVaxH35.js:2302 461I x:ageGp:fam 652:4:-1 by red 415:3:-1 at gen611 Univ0 prob=0.267
AgeVaxH35.js:2302 467I x:ageGp:fam 490:3:-1 by blue 199:2:-1 at gen613 Univ0 prob=0.112
AgeVaxH35.js:2302 467I x:ageGp:fam 768:5:-1 by blue 124:1:-1 at gen614 Univ0 prob=0.619
AgeVaxH35.js:2302 468I x:ageGp:fam 245:2:-1 by red 415:3:-1 at gen615 Univ0 prob=0.249
AgeVaxH35.js:2302 468I x:ageGp:fam 386:3:-1 by red 902:7:-1 at gen615 Univ0 prob=0.790
AgeVaxH35.js:2302 469I x:ageGp:fam 40:1:-1 by blue 514:3:-1 at gen616 Univ0 prob=0.435
AgeVaxH35.js:2302 469I x:ageGp:fam 411:3:-1 by blue 624:4:-1 at gen616 Univ0 prob=0.900
AgeVaxH35.js:2302 469I x:ageGp:fam 959:8:-1 by red 492:3:-1 at gen616 Univ0 prob=0.362
AgeVaxH35.js:2302 471I x:ageGp:fam 376:3:-1 by red 320:2:-1 at gen617 Univ0 prob=0.535
AgeVaxH35.js:2302 474I x:ageGp:fam 167:2:-1 by blue 0:0:-1 at gen618 Univ0 prob=0.933
AgeVaxH35.js:2302 474I x:ageGp:fam 521:3:-1 by blue 124:1:-1 at gen618 Univ0 prob=0.722
AgeVaxH35.js:2302 474I x:ageGp:fam 753:5:-1 by blue 744:5:-1 at gen618 Univ0 prob=0.080
AgeVaxH35.js:2302 475I x:ageGp:fam 480:3:-1 by blue 834:6:-1 at gen619 Univ0 prob=0.458
AgeVaxH35.js:2302 478I x:ageGp:fam 203:2:-1 by blue 5:0:-1 at gen620 Univ0 prob=0.581
AgeVaxH35.js:2302 478I x:ageGp:fam 749:5:-1 by red 539:3:-1 at gen620 Univ0 prob=0.203
AgeVaxH35.js:2302 478I x:ageGp:fam 790:5:-1 by blue 584:4:-1 at gen620 Univ0 prob=0.732
AgeVaxH35.js:2302 479I x:ageGp:fam 730:5:-1 by blue 597:4:-1 at gen621 Univ0 prob=0.278
AgeVaxH35.js:2302 482I x:ageGp:fam 16:0:-1 by red 254:2:-1 at gen622 Univ0 prob=0.742
AgeVaxH35.js:2302 483I x:ageGp:fam 56:1:-1 by red 904:7:-1 at gen623 Univ0 prob=0.072
AgeVaxH35.js:2302 484I x:ageGp:fam 171:2:-1 by blue 744:5:-1 at gen624 Univ0 prob=0.733
AgeVaxH35.js:2302 486I x:ageGp:fam 208:2:-1 by red 103:1:-1 at gen626 Univ0 prob=0.237
AgeVaxH35.js:2302 486I x:ageGp:fam 232:2:-1 by blue 713:5:-1 at gen626 Univ0 prob=0.972
AgeVaxH35.js:2302 486I x:ageGp:fam 691:5:-1 by blue 442:3:-1 at gen626 Univ0 prob=0.288
AgeVaxH35.js:2302 486I x:ageGp:fam 717:5:-1 by red 382:3:-1 at gen627 Univ0 prob=0.563
AgeVaxH35.js:2302 489I x:ageGp:fam 10:0:-1 by blue 761:5:-1 at gen628 Univ0 prob=0.709
AgeVaxH35.js:2302 489I x:ageGp:fam 134:2:-1 by blue 404:3:-1 at gen628 Univ0 prob=0.597
AgeVaxH35.js:2302 489I x:ageGp:fam 187:2:-1 by blue 352:2:-1 at gen628 Univ0 prob=0.276
AgeVaxH35.js:2302 489I x:ageGp:fam 755:5:-1 by red 756:5:-1 at gen628 Univ0 prob=0.096
AgeVaxH35.js:2302 490I x:ageGp:fam 724:5:-1 by red 459:3:-1 at gen629 Univ0 prob=0.553
AgeVaxH35.js:2302 490I x:ageGp:fam 532:3:-1 by blue 924:7:-1 at gen629 Univ0 prob=0.605
AgeVaxH35.js:2302 490I x:ageGp:fam 861:6:-1 by red 540:3:-1 at gen629 Univ0 prob=0.826
AgeVaxH35.js:2302 494I x:ageGp:fam 595:4:-1 by blue 434:3:-1 at gen630 Univ0 prob=0.356
AgeVaxH35.js:2302 494I x:ageGp:fam 576:4:-1 by blue 875:6:-1 at gen630 Univ0 prob=0.012
AgeVaxH35.js:2302 497I x:ageGp:fam 793:5:-1 by red 539:3:-1 at gen631 Univ0 prob=0.215
AgeVaxH35.js:2302 499I x:ageGp:fam 165:2:-1 by blue 260:2:-1 at gen632 Univ0 prob=0.179
AgeVaxH35.js:2302 500I x:ageGp:fam 530:3:-1 by red 209:2:-1 at gen633 Univ0 prob=0.819
AgeVaxH35.js:2302 500I x:ageGp:fam 937:7:-1 by yellow 255:2:-1 at gen633 Univ0 prob=0.504
AgeVaxH35.js:2302 500I x:ageGp:fam 350:2:-1 by blue 757:5:-1 at gen633 Univ0 prob=0.968
AgeVaxH35.js:2302 500I x:ageGp:fam 551:4:-1 by red 534:3:-1 at gen633 Univ0 prob=0.233
AgeVaxH35.js:2302 501I x:ageGp:fam 53:1:-1 by red 459:3:-1 at gen634 Univ0 prob=0.503
AgeVaxH35.js:2302 505I x:ageGp:fam 441:3:-1 by red 135:2:-1 at gen635 Univ0 prob=0.636
AgeVaxH35.js:2302 506I x:ageGp:fam 593:4:-1 by blue 901:6:-1 at gen636 Univ0 prob=0.828
AgeVaxH35.js:2302 507I x:ageGp:fam 57:1:-1 by red 909:7:-1 at gen637 Univ0 prob=0.796
AgeVaxH35.js:2302 507I x:ageGp:fam 74:1:-1 by blue 873:6:-1 at gen637 Univ0 prob=0.864
AgeVaxH35.js:2302 507I x:ageGp:fam 125:1:-1 by red 971:8:-1 at gen637 Univ0 prob=0.587
AgeVaxH35.js:2302 507I x:ageGp:fam 803:5:-1 by red 148:2:-1 at gen637 Univ0 prob=0.522
AgeVaxH35.js:2302 508I x:ageGp:fam 418:3:-1 by blue 124:1:-1 at gen638 Univ0 prob=0.751
AgeVaxH35.js:2302 508I x:ageGp:fam 546:4:-1 by red 135:2:-1 at gen638 Univ0 prob=0.547
AgeVaxH35.js:2302 508I x:ageGp:fam 736:5:-1 by blue 442:3:-1 at gen638 Univ0 prob=0.600
AgeVaxH35.js:2302 512I x:ageGp:fam 286:2:-1 by blue 474:3:-1 at gen639 Univ0 prob=0.834
AgeVaxH35.js:2302 515I x:ageGp:fam 157:2:-1 by red 344:2:-1 at gen640 Univ0 prob=0.909
AgeVaxH35.js:2302 516I x:ageGp:fam 586:4:-1 by blue 624:4:-1 at gen641 Univ0 prob=0.808
AgeVaxH35.js:2302 516I x:ageGp:fam 586:4:-1 by blue 638:4:-1 at gen641 Univ0 prob=0.502
AgeVaxH35.js:2302 517I x:ageGp:fam 853:6:-1 by blue 674:4:-1 at gen642 Univ0 prob=0.156
AgeVaxH35.js:2302 518I x:ageGp:fam 44:1:-1 by blue 122:1:-1 at gen643 Univ0 prob=0.912
AgeVaxH35.js:2302 519I x:ageGp:fam 552:4:-1 by blue 212:2:-1 at gen644 Univ0 prob=0.310
AgeVaxH35.js:2302 519I x:ageGp:fam 310:2:-1 by blue 917:7:-1 at gen644 Univ0 prob=0.407
AgeVaxH35.js:2302 519I x:ageGp:fam 566:4:-1 by blue 514:3:-1 at gen644 Univ0 prob=0.368
AgeVaxH35.js:2302 523I x:ageGp:fam 58:1:-1 by red 597:4:-1 at gen646 Univ0 prob=0.162
AgeVaxH35.js:2302 523I x:ageGp:fam 795:5:-1 by red 564:4:-1 at gen646 Univ0 prob=0.394
AgeVaxH35.js:2302 525I x:ageGp:fam 21:0:-1 by red 564:4:-1 at gen648 Univ0 prob=0.397
AgeVaxH35.js:2302 525I x:ageGp:fam 138:2:-1 by red 135:2:-1 at gen648 Univ0 prob=0.954
AgeVaxH35.js:2302 525I x:ageGp:fam 321:2:-1 by blue 567:4:-1 at gen648 Univ0 prob=0.156
AgeVaxH35.js:2302 525I x:ageGp:fam 354:2:-1 by red 909:7:-1 at gen648 Univ0 prob=0.759
AgeVaxH35.js:2302 525I x:ageGp:fam 166:2:-1 by red 639:4:-1 at gen649 Univ0 prob=0.250
AgeVaxH35.js:2302 529I x:ageGp:fam 194:2:-1 by blue 212:2:-1 at gen650 Univ0 prob=0.978
AgeVaxH35.js:2302 531I x:ageGp:fam 409:3:-1 by red 135:2:-1 at gen653 Univ0 prob=0.173
AgeVaxH35.js:2302 531I x:ageGp:fam 216:2:-1 by blue 789:5:-1 at gen653 Univ0 prob=0.525
AgeVaxH35.js:2302 531I x:ageGp:fam 416:3:-1 by red 382:3:-1 at gen653 Univ0 prob=0.287
AgeVaxH35.js:2302 531I x:ageGp:fam 572:4:-1 by red 37:0:-1 at gen654 Univ0 prob=0.493
AgeVaxH35.js:2302 534I x:ageGp:fam 918:7:-1 by blue 514:3:-1 at gen655 Univ0 prob=0.952
AgeVaxH35.js:2302 535I x:ageGp:fam 617:4:-1 by blue 122:1:-1 at gen656 Univ0 prob=0.062
AgeVaxH35.js:2302 536I x:ageGp:fam 765:5:-1 by blue 789:5:-1 at gen657 Univ0 prob=0.908
AgeVaxH35.js:2302 537I x:ageGp:fam 107:1:-1 by blue 740:5:-1 at gen658 Univ0 prob=0.897
AgeVaxH35.js:2302 537I x:ageGp:fam 659:4:-1 by red 231:2:-1 at gen658 Univ0 prob=0.588
AgeVaxH35.js:2302 540I x:ageGp:fam 581:4:-1 by blue 91:1:-1 at gen660 Univ0 prob=0.128
AgeVaxH35.js:2302 540I x:ageGp:fam 360:3:-1 by blue 293:2:-1 at gen660 Univ0 prob=0.020
AgeVaxH35.js:2302 540I x:ageGp:fam 833:6:-1 by red 639:4:-1 at gen661 Univ0 prob=0.714
AgeVaxH35.js:2302 542I x:ageGp:fam 428:3:-1 by blue 403:3:-1 at gen662 Univ0 prob=0.608
AgeVaxH35.js:2302 542I x:ageGp:fam 467:3:-1 by yellow 975:8:-1 at gen662 Univ0 prob=0.825
AgeVaxH35.js:2302 542I x:ageGp:fam 505:3:-1 by red 634:4:-1 at gen662 Univ0 prob=0.330
AgeVaxH35.js:2302 543I x:ageGp:fam 697:5:-1 by red 348:2:-1 at gen663 Univ0 prob=0.725
AgeVaxH35.js:2302 543I x:ageGp:fam 842:6:-1 by red 382:3:-1 at gen663 Univ0 prob=0.819
AgeVaxH35.js:2302 546I x:ageGp:fam 648:4:-1 by red 957:8:-1 at gen664 Univ0 prob=0.478
AgeVaxH35.js:2302 548I x:ageGp:fam 714:5:-1 by red 345:2:-1 at gen665 Univ0 prob=0.447
AgeVaxH35.js:2302 548I x:ageGp:fam 965:8:-1 by blue 890:6:-1 at gen665 Univ0 prob=0.576
AgeVaxH35.js:2302 549I x:ageGp:fam 221:2:-1 by blue 423:3:-1 at gen666 Univ0 prob=0.827
AgeVaxH35.js:2302 549I x:ageGp:fam 675:4:-1 by blue 324:2:-1 at gen666 Univ0 prob=0.744
AgeVaxH35.js:2302 553I x:ageGp:fam 6:0:-1 by red 514:3:-1 at gen669 Univ0 prob=0.906
AgeVaxH35.js:2302 553I x:ageGp:fam 943:7:-1 by red 564:4:-1 at gen669 Univ0 prob=0.808
AgeVaxH35.js:2302 553I x:ageGp:fam 619:4:-1 by red 634:4:-1 at gen670 Univ0 prob=0.430
AgeVaxH35.js:2302 553I x:ageGp:fam 983:9:-1 by blue 638:4:-1 at gen670 Univ0 prob=0.650
AgeVaxH35.js:2302 555I x:ageGp:fam 857:6:-1 by blue 260:2:-1 at gen671 Univ0 prob=0.288
AgeVaxH35.js:2302 555I x:ageGp:fam 783:5:-1 by blue 312:2:-1 at gen671 Univ0 prob=0.023
AgeVaxH35.js:2302 557I x:ageGp:fam 967:8:-1 by blue 740:5:-1 at gen672 Univ0 prob=0.834
AgeVaxH35.js:2302 557I x:ageGp:fam 961:8:-1 by blue 789:5:-1 at gen672 Univ0 prob=0.937
AgeVaxH35.js:2302 557I x:ageGp:fam 894:6:-1 by blue 939:7:-1 at gen672 Univ0 prob=0.272
AgeVaxH35.js:2302 559I x:ageGp:fam 489:3:-1 by blue 768:5:-1 at gen673 Univ0 prob=0.164
AgeVaxH35.js:2302 563I x:ageGp:fam 431:3:-1 by blue 780:5:-1 at gen675 Univ0 prob=0.881
AgeVaxH35.js:2302 563I x:ageGp:fam 898:6:-1 by blue 490:3:-1 at gen675 Univ0 prob=0.350
AgeVaxH35.js:2302 563I x:ageGp:fam 792:5:-1 by blue 270:2:-1 at gen676 Univ0 prob=0.266
AgeVaxH35.js:2302 565I x:ageGp:fam 191:2:-1 by red 564:4:-1 at gen677 Univ0 prob=0.329
AgeVaxH35.js:2302 566I x:ageGp:fam 309:2:-1 by red 879:6:-1 at gen678 Univ0 prob=0.338
AgeVaxH35.js:2302 566I x:ageGp:fam 591:4:-1 by red 597:4:-1 at gen678 Univ0 prob=0.740
AgeVaxH35.js:2302 566I x:ageGp:fam 591:4:-1 by blue 836:6:-1 at gen678 Univ0 prob=0.095
AgeVaxH35.js:2302 567I x:ageGp:fam 830:6:-1 by blue 312:2:-1 at gen679 Univ0 prob=0.009
AgeVaxH35.js:2302 567I x:ageGp:fam 380:3:-1 by blue 881:6:-1 at gen679 Univ0 prob=0.546
AgeVaxH35.js:2302 567I x:ageGp:fam 705:5:-1 by blue 710:5:-1 at gen679 Univ0 prob=0.989
AgeVaxH35.js:2302 569I x:ageGp:fam 24:0:-1 by blue 558:4:-1 at gen680 Univ0 prob=0.399
AgeVaxH35.js:2302 569I x:ageGp:fam 644:4:-1 by blue 724:5:-1 at gen680 Univ0 prob=0.710
AgeVaxH35.js:2302 572I x:ageGp:fam 940:7:-1 by red 701:5:-1 at gen681 Univ0 prob=0.534
AgeVaxH35.js:2302 574I x:ageGp:fam 731:5:-1 by blue 890:6:-1 at gen682 Univ0 prob=0.552
AgeVaxH35.js:2302 575I x:ageGp:fam 145:2:-1 by blue 260:2:-1 at gen683 Univ0 prob=0.311
AgeVaxH35.js:2302 576I x:ageGp:fam 14:0:-1 by red 344:2:-1 at gen684 Univ0 prob=0.138
AgeVaxH35.js:2302 577I x:ageGp:fam 681:4:-1 by blue 101:1:-1 at gen685 Univ0 prob=0.492
AgeVaxH35.js:2302 579I x:ageGp:fam 984:9:-1 by blue 101:1:-1 at gen687 Univ0 prob=0.554
AgeVaxH35.js:2302 579I x:ageGp:fam 308:2:-1 by blue 710:5:-1 at gen687 Univ0 prob=0.094
AgeVaxH35.js:2302 579I x:ageGp:fam 349:2:-1 by blue 101:1:-1 at gen688 Univ0 prob=0.082
AgeVaxH35.js:2302 579I x:ageGp:fam 412:3:-1 by blue 472:3:-1 at gen688 Univ0 prob=0.442
AgeVaxH35.js:2302 581I x:ageGp:fam 964:8:-1 by blue 255:2:-1 at gen689 Univ0 prob=0.615
AgeVaxH35.js:2302 581I x:ageGp:fam 570:4:-1 by red 514:3:-1 at gen689 Univ0 prob=0.979
AgeVaxH35.js:2302 581I x:ageGp:fam 520:3:-1 by blue 768:5:-1 at gen689 Univ0 prob=0.564
AgeVaxH35.js:2302 583I x:ageGp:fam 649:4:-1 by red 137:2:-1 at gen690 Univ0 prob=0.768
AgeVaxH35.js:2302 583I x:ageGp:fam 914:7:-1 by red 989:9:-1 at gen690 Univ0 prob=0.549
AgeVaxH35.js:2302 586I x:ageGp:fam 647:4:-1 by red 901:6:-1 at gen691 Univ0 prob=0.760
AgeVaxH35.js:2302 588I x:ageGp:fam 182:2:-1 by blue 472:3:-1 at gen692 Univ0 prob=0.249
AgeVaxH35.js:2302 588I x:ageGp:fam 928:7:-1 by blue 227:2:-1 at gen692 Univ0 prob=0.932
AgeVaxH35.js:2302 588I x:ageGp:fam 880:6:-1 by blue 710:5:-1 at gen692 Univ0 prob=0.146
AgeVaxH35.js:2302 588I x:ageGp:fam 718:5:-1 by blue 768:5:-1 at gen692 Univ0 prob=0.317
AgeVaxH35.js:2302 589I x:ageGp:fam 329:2:-1 by blue 740:5:-1 at gen693 Univ0 prob=0.662
AgeVaxH35.js:2302 594I x:ageGp:fam 838:6:-1 by blue 472:3:-1 at gen696 Univ0 prob=0.513
AgeVaxH35.js:2302 594I x:ageGp:fam 635:4:-1 by blue 154:2:-1 at gen697 Univ0 prob=0.192
AgeVaxH35.js:2302 594I x:ageGp:fam 696:5:-1 by blue 212:2:-1 at gen697 Univ0 prob=0.083
AgeVaxH35.js:2302 595I x:ageGp:fam 219:2:-1 by blue 552:4:-1 at gen698 Univ0 prob=0.990
AgeVaxH35.js:2302 597I x:ageGp:fam 702:5:-1 by red 638:4:-1 at gen699 Univ0 prob=0.812
AgeVaxH35.js:2302 598I x:ageGp:fam 892:6:-1 by red 434:3:-1 at gen700 Univ0 prob=0.006
AgeVaxH35.js:2302 600I x:ageGp:fam 19:0:-1 by red 901:6:-1 at gen702 Univ0 prob=0.563
AgeVaxH35.js:2302 600I x:ageGp:fam 220:2:-1 by red 434:3:-1 at gen702 Univ0 prob=0.154
AgeVaxH35.js:2302 602I x:ageGp:fam 769:5:-1 by blue 472:3:-1 at gen704 Univ0 prob=0.301
AgeVaxH35.js:2302 602I x:ageGp:fam 735:5:-1 by blue 733:5:-1 at gen704 Univ0 prob=0.023
AgeVaxH35.js:2302 604I x:ageGp:fam 998:9:-1 by red 514:3:-1 at gen706 Univ0 prob=0.825
AgeVaxH35.js:2302 605I x:ageGp:fam 848:6:-1 by red 825:6:-1 at gen710 Univ0 prob=0.769
AgeVaxH35.js:2302 605I x:ageGp:fam 453:3:-1 by blue 57:1:-1 at gen711 Univ0 prob=0.751
AgeVaxH35.js:2302 605I x:ageGp:fam 237:2:-1 by blue 125:1:-1 at gen711 Univ0 prob=0.191
AgeVaxH35.js:2302 605I x:ageGp:fam 306:2:-1 by blue 418:3:-1 at gen711 Univ0 prob=0.182
AgeVaxH35.js:2302 606I x:ageGp:fam 76:1:-1 by blue 758:5:-1 at gen712 Univ0 prob=0.253
AgeVaxH35.js:2302 606I x:ageGp:fam 906:7:-1 by blue 227:2:-1 at gen712 Univ0 prob=0.986
AgeVaxH35.js:2302 609I x:ageGp:fam 151:2:-1 by blue 321:2:-1 at gen713 Univ0 prob=0.079
AgeVaxH35.js:2302 609I x:ageGp:fam 633:4:-1 by red 345:2:-1 at gen713 Univ0 prob=0.765
AgeVaxH35.js:2302 611I x:ageGp:fam 83:1:-1 by red 483:3:-1 at gen714 Univ0 prob=0.331
AgeVaxH35.js:2302 611I x:ageGp:fam 484:3:-1 by red 91:1:-1 at gen714 Univ0 prob=0.892
AgeVaxH35.js:2302 611I x:ageGp:fam 559:4:-1 by blue 758:5:-1 at gen714 Univ0 prob=0.294
AgeVaxH35.js:2302 613I x:ageGp:fam 8:0:-1 by red 91:1:-1 at gen715 Univ0 prob=0.185
AgeVaxH35.js:2302 616I x:ageGp:fam 711:5:-1 by blue 546:4:-1 at gen716 Univ0 prob=0.853
AgeVaxH35.js:2302 617I x:ageGp:fam 405:3:-1 by blue 552:4:-1 at gen717 Univ0 prob=0.320
AgeVaxH35.js:2302 617I x:ageGp:fam 919:7:-1 by blue 418:3:-1 at gen717 Univ0 prob=0.296
AgeVaxH35.js:2302 617I x:ageGp:fam 433:3:-1 by blue 749:5:-1 at gen717 Univ0 prob=0.219
AgeVaxH35.js:2302 617I x:ageGp:fam 519:3:-1 by blue 736:5:-1 at gen717 Univ0 prob=0.617
AgeVaxH35.js:2302 622I x:ageGp:fam 160:2:-1 by red 780:5:-1 at gen719 Univ0 prob=0.996
AgeVaxH35.js:2302 622I x:ageGp:fam 313:2:-1 by blue 409:3:-1 at gen719 Univ0 prob=0.681
AgeVaxH35.js:2302 622I x:ageGp:fam 526:3:-1 by blue 765:5:-1 at gen719 Univ0 prob=0.480
AgeVaxH35.js:2302 622I x:ageGp:fam 36:0:-1 by red 564:4:-1 at gen720 Univ0 prob=0.365
AgeVaxH35.js:2302 622I x:ageGp:fam 153:2:-1 by blue 418:3:-1 at gen720 Univ0 prob=0.118
AgeVaxH35.js:2302 622I x:ageGp:fam 339:2:-1 by blue 965:8:-1 at gen720 Univ0 prob=0.118
AgeVaxH35.js:2302 625I x:ageGp:fam 193:2:-1 by red 5:0:-1 at gen721 Univ0 prob=0.732
AgeVaxH35.js:2302 625I x:ageGp:fam 425:3:-1 by blue 552:4:-1 at gen721 Univ0 prob=0.652
AgeVaxH35.js:2302 628I x:ageGp:fam 33:0:-1 by red 924:7:-1 at gen722 Univ0 prob=0.277
AgeVaxH35.js:2302 628I x:ageGp:fam 84:1:-1 by blue 166:2:-1 at gen722 Univ0 prob=0.816
AgeVaxH35.js:2302 628I x:ageGp:fam 543:4:-1 by red 227:2:-1 at gen722 Univ0 prob=0.892
AgeVaxH35.js:2302 628I x:ageGp:fam 910:7:-1 by red 905:7:-1 at gen722 Univ0 prob=0.438
AgeVaxH35.js:2302 630I x:ageGp:fam 845:6:-1 by red 472:3:-1 at gen723 Univ0 prob=0.777
AgeVaxH35.js:2302 634I x:ageGp:fam 55:1:-1 by blue 489:3:-1 at gen724 Univ0 prob=0.479
AgeVaxH35.js:2302 634I x:ageGp:fam 330:2:-1 by red 124:1:-1 at gen724 Univ0 prob=0.958
AgeVaxH35.js:2302 634I x:ageGp:fam 815:5:-1 by blue 566:4:-1 at gen724 Univ0 prob=0.574
AgeVaxH35.js:2302 638I x:ageGp:fam 935:7:-1 by blue 53:1:-1 at gen726 Univ0 prob=0.958
AgeVaxH35.js:2302 638I x:ageGp:fam 123:1:-1 by red 231:2:-1 at gen726 Univ0 prob=0.050
AgeVaxH35.js:2302 638I x:ageGp:fam 184:2:-1 by red 227:2:-1 at gen726 Univ0 prob=1.000
AgeVaxH35.js:2302 638I x:ageGp:fam 457:3:-1 by red 212:2:-1 at gen726 Univ0 prob=0.147
AgeVaxH35.js:2302 638I x:ageGp:fam 436:3:-1 by red 638:4:-1 at gen726 Univ0 prob=0.839
AgeVaxH35.js:2302 638I x:ageGp:fam 781:5:-1 by blue 441:3:-1 at gen727 Univ0 prob=0.304
AgeVaxH35.js:2302 638I x:ageGp:fam 787:5:-1 by blue 489:3:-1 at gen727 Univ0 prob=0.105
AgeVaxH35.js:2302 643I x:ageGp:fam 976:8:-1 by red 434:3:-1 at gen728 Univ0 prob=0.705
AgeVaxH35.js:2302 643I x:ageGp:fam 676:4:-1 by red 758:5:-1 at gen728 Univ0 prob=0.574
AgeVaxH35.js:2302 645I x:ageGp:fam 292:2:-1 by red 86:1:-1 at gen729 Univ0 prob=0.701
AgeVaxH35.js:2302 645I x:ageGp:fam 429:3:-1 by blue 360:3:-1 at gen729 Univ0 prob=0.443
AgeVaxH35.js:2302 649I x:ageGp:fam 554:4:-1 by blue 53:1:-1 at gen731 Univ0 prob=0.389
AgeVaxH35.js:2302 649I x:ageGp:fam 479:3:-1 by red 247:2:-1 at gen731 Univ0 prob=0.526
AgeVaxH35.js:2302 649I x:ageGp:fam 498:3:-1 by red 780:5:-1 at gen731 Univ0 prob=0.096
AgeVaxH35.js:2302 649I x:ageGp:fam 970:8:-1 by red 873:6:-1 at gen732 Univ0 prob=0.585
AgeVaxH35.js:2302 652I x:ageGp:fam 183:2:-1 by red 227:2:-1 at gen733 Univ0 prob=0.834
AgeVaxH35.js:2302 652I x:ageGp:fam 323:2:-1 by red 454:3:-1 at gen733 Univ0 prob=0.899
AgeVaxH35.js:2302 652I x:ageGp:fam 900:6:-1 by blue 441:3:-1 at gen733 Univ0 prob=0.228
AgeVaxH35.js:2302 652I x:ageGp:fam 621:4:-1 by blue 552:4:-1 at gen733 Univ0 prob=0.690
AgeVaxH35.js:2302 652I x:ageGp:fam 632:4:-1 by blue 730:5:-1 at gen733 Univ0 prob=0.053
AgeVaxH35.js:2302 653I x:ageGp:fam 687:4:-1 by red 122:1:-1 at gen734 Univ0 prob=0.200
AgeVaxH35.js:2302 653I x:ageGp:fam 522:3:-1 by blue 918:7:-1 at gen734 Univ0 prob=0.201
AgeVaxH35.js:2302 658I x:ageGp:fam 355:2:-1 by blue 581:4:-1 at gen735 Univ0 prob=0.751
AgeVaxH35.js:2302 660I x:ageGp:fam 9:0:-1 by blue 166:2:-1 at gen736 Univ0 prob=0.764
AgeVaxH35.js:2302 660I x:ageGp:fam 482:3:-1 by red 239:2:-1 at gen736 Univ0 prob=0.242
AgeVaxH35.js:2302 661I x:ageGp:fam 600:4:-1 by red 91:1:-1 at gen737 Univ0 prob=0.353
AgeVaxH35.js:2302 661I x:ageGp:fam 424:3:-1 by red 634:4:-1 at gen737 Univ0 prob=0.428
AgeVaxH35.js:2302 661I x:ageGp:fam 763:5:-1 by blue 842:6:-1 at gen737 Univ0 prob=0.043
AgeVaxH35.js:2302 666I x:ageGp:fam 481:3:-1 by red 176:2:-1 at gen739 Univ0 prob=0.590
AgeVaxH35.js:2302 666I x:ageGp:fam 369:3:-1 by blue 842:6:-1 at gen739 Univ0 prob=0.083
AgeVaxH35.js:2302 666I x:ageGp:fam 481:3:-1 by red 624:4:-1 at gen739 Univ0 prob=0.729
AgeVaxH35.js:2302 666I x:ageGp:fam 878:6:-1 by red 836:6:-1 at gen740 Univ0 prob=0.429
AgeVaxH35.js:2302 668I x:ageGp:fam 822:6:-1 by blue 520:3:-1 at gen741 Univ0 prob=0.185
AgeVaxH35.js:2302 669I x:ageGp:fam 340:2:-1 by blue 718:5:-1 at gen742 Univ0 prob=0.374
AgeVaxH35.js:2302 669I x:ageGp:fam 739:5:-1 by blue 520:3:-1 at gen742 Univ0 prob=0.767
AgeVaxH35.js:2302 669I x:ageGp:fam 660:4:-1 by red 925:7:-1 at gen742 Univ0 prob=0.936
AgeVaxH35.js:2302 670I x:ageGp:fam 993:9:-1 by blue 349:2:-1 at gen743 Univ0 prob=0.998
AgeVaxH35.js:2302 673I x:ageGp:fam 427:3:-1 by red 730:5:-1 at gen744 Univ0 prob=0.419
AgeVaxH35.js:2302 674I x:ageGp:fam 81:1:-1 by red 768:5:-1 at gen745 Univ0 prob=0.431
AgeVaxH35.js:2302 674I x:ageGp:fam 579:4:-1 by blue 783:5:-1 at gen745 Univ0 prob=0.992
AgeVaxH35.js:2302 674I x:ageGp:fam 868:6:-1 by blue 967:8:-1 at gen745 Univ0 prob=0.289
AgeVaxH35.js:2302 675I x:ageGp:fam 188:2:-1 by blue 857:6:-1 at gen746 Univ0 prob=0.006
AgeVaxH35.js:2302 675I x:ageGp:fam 283:2:-1 by blue 489:3:-1 at gen746 Univ0 prob=0.835
AgeVaxH35.js:2302 675I x:ageGp:fam 850:6:-1 by blue 914:7:-1 at gen746 Univ0 prob=0.909
AgeVaxH35.js:2302 678I x:ageGp:fam 734:5:-1 by blue 321:2:-1 at gen747 Univ0 prob=0.267
AgeVaxH35.js:2302 681I x:ageGp:fam 946:7:-1 by red 101:1:-1 at gen748 Univ0 prob=0.161
AgeVaxH35.js:2302 681I x:ageGp:fam 686:4:-1 by red 324:2:-1 at gen748 Univ0 prob=0.545
AgeVaxH35.js:2302 684I x:ageGp:fam 61:1:-1 by red 740:5:-1 at gen751 Univ0 prob=0.447
AgeVaxH35.js:2302 684I x:ageGp:fam 455:3:-1 by blue 349:2:-1 at gen752 Univ0 prob=0.660
AgeVaxH35.js:2302 686I x:ageGp:fam 995:9:-1 by blue 19:0:-1 at gen755 Univ0 prob=0.869
AgeVaxH35.js:2302 686I x:ageGp:fam 995:9:-1 by red 91:1:-1 at gen755 Univ0 prob=0.545
AgeVaxH35.js:2302 686I x:ageGp:fam 462:3:-1 by red 101:1:-1 at gen755 Univ0 prob=0.786
AgeVaxH35.js:2302 686I x:ageGp:fam 820:5:-1 by blue 718:5:-1 at gen755 Univ0 prob=0.905
AgeVaxH35.js:2302 686I x:ageGp:fam 54:1:-1 by red 312:2:-1 at gen756 Univ0 prob=0.697
AgeVaxH35.js:2302 690I x:ageGp:fam 450:3:-1 by blue 842:6:-1 at gen758 Univ0 prob=0.569
AgeVaxH35.js:2302 690I x:ageGp:fam 999:9:-1 by blue 718:5:-1 at gen758 Univ0 prob=0.559
AgeVaxH35.js:2302 690I x:ageGp:fam 12:0:-1 by blue 412:3:-1 at gen759 Univ0 prob=0.207
AgeVaxH35.js:2302 690I x:ageGp:fam 923:7:-1 by red 20:0:-1 at gen759 Univ0 prob=0.035
AgeVaxH35.js:2302 690I x:ageGp:fam 180:2:-1 by red 101:1:-1 at gen759 Univ0 prob=0.508
AgeVaxH35.js:2302 692I x:ageGp:fam 224:2:-1 by blue 984:9:-1 at gen760 Univ0 prob=0.180
AgeVaxH35.js:2302 695I x:ageGp:fam 230:2:-1 by blue 644:4:-1 at gen761 Univ0 prob=0.951
AgeVaxH35.js:2302 695I x:ageGp:fam 497:3:-1 by blue 349:2:-1 at gen761 Univ0 prob=0.586
AgeVaxH35.js:2302 696I x:ageGp:fam 346:2:-1 by red 91:1:-1 at gen762 Univ0 prob=0.108
AgeVaxH35.js:2302 699I x:ageGp:fam 458:3:-1 by blue 833:6:-1 at gen765 Univ0 prob=0.104
AgeVaxH35.js:2302 699I x:ageGp:fam 38:0:-1 by blue 769:5:-1 at gen766 Univ0 prob=0.483
AgeVaxH35.js:2302 699I x:ageGp:fam 980:8:-1 by blue 769:5:-1 at gen766 Univ0 prob=0.500
AgeVaxH35.js:2302 700I x:ageGp:fam 626:4:-1 by blue 984:9:-1 at gen767 Univ0 prob=0.630
AgeVaxH35.js:2302 702I x:ageGp:fam 377:3:-1 by red 780:5:-1 at gen768 Univ0 prob=0.072
AgeVaxH35.js:2302 703I x:ageGp:fam 465:3:-1 by blue 349:2:-1 at gen769 Univ0 prob=0.033
AgeVaxH35.js:2302 704I x:ageGp:fam 750:5:-1 by red 21:0:-1 at gen770 Univ0 prob=0.143
AgeVaxH35.js:2302 704I x:ageGp:fam 802:5:-1 by red 638:4:-1 at gen770 Univ0 prob=0.837
AgeVaxH35.js:2302 705I x:ageGp:fam 252:2:-1 by red 53:1:-1 at gen771 Univ0 prob=0.326
AgeVaxH35.js:2302 705I x:ageGp:fam 641:4:-1 by blue 705:5:-1 at gen771 Univ0 prob=0.686
AgeVaxH35.js:2302 705I x:ageGp:fam 751:5:-1 by blue 842:6:-1 at gen771 Univ0 prob=0.690
AgeVaxH35.js:2302 710I x:ageGp:fam 557:4:-1 by red 441:3:-1 at gen774 Univ0 prob=0.851
AgeVaxH35.js:2302 710I x:ageGp:fam 77:1:-1 by blue 892:6:-1 at gen775 Univ0 prob=0.731
AgeVaxH35.js:2302 711I x:ageGp:fam 485:3:-1 by blue 220:2:-1 at gen776 Univ0 prob=0.802
AgeVaxH35.js:2302 711I x:ageGp:fam 387:3:-1 by blue 431:3:-1 at gen776 Univ0 prob=0.840
AgeVaxH35.js:2302 712I x:ageGp:fam 351:2:-1 by red 312:2:-1 at gen777 Univ0 prob=0.990
AgeVaxH35.js:2302 715I x:ageGp:fam 110:1:-1 by blue 906:7:-1 at gen780 Univ0 prob=0.770
AgeVaxH35.js:2302 715I x:ageGp:fam 228:2:-1 by blue 160:2:-1 at gen780 Univ0 prob=0.347
AgeVaxH35.js:2302 715I x:ageGp:fam 146:2:-1 by red 441:3:-1 at gen781 Univ0 prob=0.702
AgeVaxH35.js:2302 715I x:ageGp:fam 164:2:-1 by blue 349:2:-1 at gen781 Univ0 prob=0.878
AgeVaxH35.js:2302 717I x:ageGp:fam 903:7:-1 by blue 431:3:-1 at gen782 Univ0 prob=0.859
AgeVaxH35.js:2302 717I x:ageGp:fam 932:7:-1 by red 831:6:-1 at gen782 Univ0 prob=0.388
AgeVaxH35.js:2302 719I x:ageGp:fam 335:2:-1 by blue 928:7:-1 at gen783 Univ0 prob=0.543
AgeVaxH35.js:2302 719I x:ageGp:fam 449:3:-1 by blue 349:2:-1 at gen783 Univ0 prob=0.729
AgeVaxH35.js:2302 723I x:ageGp:fam 304:2:-1 by yellow 482:3:-1 at gen785 Univ0 prob=0.271
AgeVaxH35.js:2302 723I x:ageGp:fam 587:4:-1 by blue 453:3:-1 at gen785 Univ0 prob=0.586
AgeVaxH35.js:2302 723I x:ageGp:fam 846:6:-1 by blue 783:5:-1 at gen785 Univ0 prob=0.667
AgeVaxH35.js:2302 726I x:ageGp:fam 222:2:-1 by blue 183:2:-1 at gen787 Univ0 prob=0.405
AgeVaxH35.js:2302 727I x:ageGp:fam 715:5:-1 by red 270:2:-1 at gen789 Univ0 prob=0.046
AgeVaxH35.js:2302 727I x:ageGp:fam 144:2:-1 by red 242:2:-1 at gen790 Univ0 prob=0.952
AgeVaxH35.js:2302 727I x:ageGp:fam 328:2:-1 by blue 519:3:-1 at gen790 Univ0 prob=0.903
AgeVaxH35.js:2302 727I x:ageGp:fam 888:6:-1 by blue 424:3:-1 at gen790 Univ0 prob=0.141
AgeVaxH35.js:2302 727I x:ageGp:fam 941:7:-1 by blue 425:3:-1 at gen790 Univ0 prob=0.261
AgeVaxH35.js:2302 727I x:ageGp:fam 511:3:-1 by blue 482:3:-1 at gen790 Univ0 prob=0.979
AgeVaxH35.js:2302 727I x:ageGp:fam 832:6:-1 by blue 984:9:-1 at gen790 Univ0 prob=0.898
AgeVaxH35.js:2302 728I x:ageGp:fam 15:0:-1 by red 134:2:-1 at gen791 Univ0 prob=0.569
AgeVaxH35.js:2302 728I x:ageGp:fam 823:6:-1 by blue 482:3:-1 at gen791 Univ0 prob=0.899
AgeVaxH35.js:2302 734I x:ageGp:fam 210:2:-1 by blue 928:7:-1 at gen792 Univ0 prob=0.463
AgeVaxH35.js:2302 736I x:ageGp:fam 177:2:-1 by blue 928:7:-1 at gen793 Univ0 prob=0.873
AgeVaxH35.js:2302 736I x:ageGp:fam 326:2:-1 by blue 919:7:-1 at gen793 Univ0 prob=0.895
AgeVaxH35.js:2302 736I x:ageGp:fam 743:5:-1 by red 740:5:-1 at gen793 Univ0 prob=0.013
AgeVaxH35.js:2302 737I x:ageGp:fam 985:9:-1 by blue 76:1:-1 at gen794 Univ0 prob=0.610
AgeVaxH35.js:2302 737I x:ageGp:fam 907:7:-1 by red 409:3:-1 at gen794 Univ0 prob=0.331
AgeVaxH35.js:2302 737I x:ageGp:fam 588:4:-1 by red 780:5:-1 at gen794 Univ0 prob=0.629
AgeVaxH35.js:2302 740I x:ageGp:fam 804:5:-1 by red 740:5:-1 at gen795 Univ0 prob=0.083
AgeVaxH35.js:2302 743I x:ageGp:fam 30:0:-1 by red 792:5:-1 at gen796 Univ0 prob=0.649
AgeVaxH35.js:2302 745I x:ageGp:fam 13:0:-1 by yellow 188:2:-1 at gen798 Univ0 prob=0.393
AgeVaxH35.js:2302 745I x:ageGp:fam 466:3:-1 by blue 412:3:-1 at gen798 Univ0 prob=0.976
AgeVaxH35.js:2302 745I x:ageGp:fam 141:2:-1 by blue 453:3:-1 at gen799 Univ0 prob=0.946
AgeVaxH35.js:2302 747I x:ageGp:fam 563:4:-1 by blue 928:7:-1 at gen800 Univ0 prob=0.643
AgeVaxH35.js:2302 749I x:ageGp:fam 29:0:-1 by blue 369:3:-1 at gen803 Univ0 prob=0.447
AgeVaxH35.js:2302 749I x:ageGp:fam 132:2:-1 by blue 369:3:-1 at gen803 Univ0 prob=0.632
AgeVaxH35.js:2302 749I x:ageGp:fam 132:2:-1 by red 740:5:-1 at gen803 Univ0 prob=0.547
AgeVaxH35.js:2302 749I x:ageGp:fam 542:4:-1 by blue 369:3:-1 at gen804 Univ0 prob=0.832
AgeVaxH35.js:2302 752I x:ageGp:fam 518:3:-1 by red 441:3:-1 at gen806 Univ0 prob=0.658
AgeVaxH35.js:2302 752I x:ageGp:fam 699:5:-1 by blue 519:3:-1 at gen807 Univ0 prob=0.878
AgeVaxH35.js:2302 754I x:ageGp:fam 263:2:-1 by red 91:1:-1 at gen809 Univ0 prob=0.818
AgeVaxH35.js:2302 755I x:ageGp:fam 179:2:-1 by blue 482:3:-1 at gen811 Univ0 prob=0.779
AgeVaxH35.js:2302 755I x:ageGp:fam 375:3:-1 by blue 224:2:-1 at gen811 Univ0 prob=0.037
AgeVaxH35.js:2302 755I x:ageGp:fam 393:3:-1 by blue 498:3:-1 at gen812 Univ0 prob=0.380
AgeVaxH35.js:2302 757I x:ageGp:fam 104:1:-1 by blue 600:4:-1 at gen813 Univ0 prob=0.387
AgeVaxH35.js:2302 757I x:ageGp:fam 531:3:-1 by red 349:2:-1 at gen813 Univ0 prob=0.969
AgeVaxH35.js:2302 760I x:ageGp:fam 363:3:-1 by yellow 38:0:-1 at gen815 Univ0 prob=0.144
AgeVaxH35.js:2302 760I x:ageGp:fam 223:2:-1 by red 489:3:-1 at gen815 Univ0 prob=0.483
AgeVaxH35.js:2302 760I x:ageGp:fam 417:3:-1 by blue 739:5:-1 at gen816 Univ0 prob=0.666
AgeVaxH35.js:2302 762I x:ageGp:fam 202:2:-1 by blue 340:2:-1 at gen817 Univ0 prob=0.898
AgeVaxH35.js:2302 762I x:ageGp:fam 410:3:-1 by blue 369:3:-1 at gen817 Univ0 prob=0.539
AgeVaxH35.js:2302 763I x:ageGp:fam 2:0:-1 by blue 76:1:-1 at gen818 Univ0 prob=0.970
AgeVaxH35.js:2302 763I x:ageGp:fam 42:1:-1 by blue 153:2:-1 at gen818 Univ0 prob=0.298
AgeVaxH35.js:2302 763I x:ageGp:fam 42:1:-1 by blue 188:2:-1 at gen818 Univ0 prob=0.234
AgeVaxH35.js:2302 763I x:ageGp:fam 982:9:-1 by red 409:3:-1 at gen818 Univ0 prob=0.676
AgeVaxH35.js:2302 763I x:ageGp:fam 569:4:-1 by blue 702:5:-1 at gen818 Univ0 prob=0.748
AgeVaxH35.js:2302 769I x:ageGp:fam 693:5:-1 by blue 81:1:-1 at gen821 Univ0 prob=0.765
AgeVaxH35.js:2302 769I x:ageGp:fam 826:6:-1 by blue 993:9:-1 at gen821 Univ0 prob=0.343
AgeVaxH35.js:2302 771I x:ageGp:fam 994:9:-1 by blue 641:4:-1 at gen823 Univ0 prob=0.090
AgeVaxH35.js:2302 771I x:ageGp:fam 358:2:-1 by blue 450:3:-1 at gen824 Univ0 prob=0.186
AgeVaxH35.js:2302 772I x:ageGp:fam 195:2:-1 by red 705:5:-1 at gen825 Univ0 prob=0.658
AgeVaxH35.js:2302 772I x:ageGp:fam 754:5:-1 by blue 455:3:-1 at gen825 Univ0 prob=0.969
AgeVaxH35.js:2302 775I x:ageGp:fam 446:3:-1 by blue 61:1:-1 at gen827 Univ0 prob=0.950
AgeVaxH35.js:2302 775I x:ageGp:fam 343:2:-1 by blue 369:3:-1 at gen827 Univ0 prob=0.638
AgeVaxH35.js:2302 775I x:ageGp:fam 746:5:-1 by red 431:3:-1 at gen827 Univ0 prob=0.384
AgeVaxH35.js:2302 775I x:ageGp:fam 525:3:-1 by blue 180:2:-1 at gen828 Univ0 prob=0.781
AgeVaxH35.js:2302 778I x:ageGp:fam 140:2:-1 by blue 38:0:-1 at gen829 Univ0 prob=0.984
AgeVaxH35.js:2302 778I x:ageGp:fam 285:2:-1 by red 892:6:-1 at gen829 Univ0 prob=0.327
AgeVaxH35.js:2302 779I x:ageGp:fam 390:3:-1 by blue 455:3:-1 at gen830 Univ0 prob=0.632
AgeVaxH35.js:2302 782I x:ageGp:fam 683:4:-1 by red 659:4:-1 at gen832 Univ0 prob=0.938
AgeVaxH35.js:2302 782I x:ageGp:fam 625:4:-1 by red 191:2:-1 at gen833 Univ0 prob=0.522
AgeVaxH35.js:2302 784I x:ageGp:fam 844:6:-1 by red 125:1:-1 at gen835 Univ0 prob=0.223
AgeVaxH35.js:2302 784I x:ageGp:fam 189:2:-1 by blue 9:0:-1 at gen836 Univ0 prob=0.220
AgeVaxH35.js:2302 784I x:ageGp:fam 536:3:-1 by blue 153:2:-1 at gen836 Univ0 prob=0.951
AgeVaxH35.js:2302 785I x:ageGp:fam 703:5:-1 by red 619:4:-1 at gen837 Univ0 prob=0.285
AgeVaxH35.js:2302 787I x:ageGp:fam 583:4:-1 by red 842:6:-1 at gen838 Univ0 prob=0.320
AgeVaxH35.js:2302 789I x:ageGp:fam 94:1:-1 by blue 38:0:-1 at gen840 Univ0 prob=0.355
AgeVaxH35.js:2302 789I x:ageGp:fam 997:9:-1 by blue 970:8:-1 at gen840 Univ0 prob=0.196
AgeVaxH35.js:2302 789I x:ageGp:fam 290:2:-1 by red 412:3:-1 at gen841 Univ0 prob=0.052
AgeVaxH35.js:2302 789I x:ageGp:fam 389:3:-1 by blue 424:3:-1 at gen841 Univ0 prob=0.658
AgeVaxH35.js:2302 793I x:ageGp:fam 549:4:-1 by red 84:1:-1 at gen844 Univ0 prob=0.220
AgeVaxH35.js:2302 793I x:ageGp:fam 70:1:-1 by blue 61:1:-1 at gen845 Univ0 prob=0.036
AgeVaxH35.js:2302 795I x:ageGp:fam 371:3:-1 by blue 946:7:-1 at gen848 Univ0 prob=0.339
AgeVaxH35.js:2302 796I x:ageGp:fam 510:3:-1 by blue 985:9:-1 at gen851 Univ0 prob=0.589
AgeVaxH35.js:2302 796I x:ageGp:fam 571:4:-1 by blue 804:5:-1 at gen851 Univ0 prob=0.644
AgeVaxH35.js:2302 796I x:ageGp:fam 185:2:-1 by yellow 132:2:-1 at gen852 Univ0 prob=0.812
AgeVaxH35.js:2302 799I x:ageGp:fam 856:6:-1 by blue 29:0:-1 at gen856 Univ0 prob=0.041
AgeVaxH35.js:2302 799I x:ageGp:fam 347:2:-1 by red 160:2:-1 at gen856 Univ0 prob=0.531
AgeVaxH35.js:2302 799I x:ageGp:fam 267:2:-1 by blue 304:2:-1 at gen857 Univ0 prob=0.929
AgeVaxH35.js:2302 799I x:ageGp:fam 373:3:-1 by red 928:7:-1 at gen857 Univ0 prob=0.402
AgeVaxH35.js:2302 799I x:ageGp:fam 870:6:-1 by red 412:3:-1 at gen857 Univ0 prob=0.415
AgeVaxH35.js:2302 801I x:ageGp:fam 596:4:-1 by red 191:2:-1 at gen858 Univ0 prob=0.756
AgeVaxH35.js:2302 801I x:ageGp:fam 973:8:-1 by blue 626:4:-1 at gen858 Univ0 prob=0.581
AgeVaxH35.js:2302 804I x:ageGp:fam 162:2:-1 by red 781:5:-1 at gen859 Univ0 prob=0.106
AgeVaxH35.js:2302 806I x:ageGp:fam 657:4:-1 by blue 903:7:-1 at gen860 Univ0 prob=0.429
AgeVaxH35.js:2302 807I x:ageGp:fam 277:2:-1 by red 9:0:-1 at gen861 Univ0 prob=0.696
AgeVaxH35.js:2302 809I x:ageGp:fam 48:1:-1 by red 984:9:-1 at gen863 Univ0 prob=0.381
AgeVaxH35.js:2302 809I x:ageGp:fam 860:6:-1 by red 983:9:-1 at gen864 Univ0 prob=0.675
AgeVaxH35.js:2302 810I x:ageGp:fam 991:9:-1 by red 9:0:-1 at gen865 Univ0 prob=0.302
AgeVaxH35.js:2302 810I x:ageGp:fam 599:4:-1 by blue 587:4:-1 at gen865 Univ0 prob=0.828
AgeVaxH35.js:2302 811I x:ageGp:fam 553:4:-1 by red 919:7:-1 at gen866 Univ0 prob=0.631
AgeVaxH35.js:2302 814I x:ageGp:fam 379:3:-1 by blue 144:2:-1 at gen869 Univ0 prob=0.911
AgeVaxH35.js:2302 814I x:ageGp:fam 62:1:-1 by blue 110:1:-1 at gen870 Univ0 prob=0.794
AgeVaxH35.js:2302 816I x:ageGp:fam 772:5:-1 by blue 110:1:-1 at gen872 Univ0 prob=0.482
AgeVaxH35.js:2302 817I x:ageGp:fam 694:5:-1 by blue 304:2:-1 at gen875 Univ0 prob=0.272
AgeVaxH35.js:2302 817I x:ageGp:fam 523:3:-1 by red 918:7:-1 at gen875 Univ0 prob=0.328
AgeVaxH35.js:2302 817I x:ageGp:fam 948:7:-1 by blue 907:7:-1 at gen875 Univ0 prob=0.875
AgeVaxH35.js:2302 817I x:ageGp:fam 262:2:-1 by yellow 525:3:-1 at gen876 Univ0 prob=0.811
AgeVaxH35.js:2302 821I x:ageGp:fam 884:6:-1 by red 554:4:-1 at gen878 Univ0 prob=0.668
AgeVaxH35.js:2302 821I x:ageGp:fam 426:3:-1 by blue 29:0:-1 at gen879 Univ0 prob=0.683
AgeVaxH35.js:2302 821I x:ageGp:fam 913:7:-1 by blue 144:2:-1 at gen879 Univ0 prob=0.904
AgeVaxH35.js:2302 824I x:ageGp:fam 615:4:-1 by blue 907:7:-1 at gen883 Univ0 prob=0.190
AgeVaxH35.js:2302 825I x:ageGp:fam 979:8:-1 by red 769:5:-1 at gen885 Univ0 prob=0.431
AgeVaxH35.js:2302 825I x:ageGp:fam 173:2:-1 by blue 542:4:-1 at gen886 Univ0 prob=0.964
AgeVaxH35.js:2302 825I x:ageGp:fam 265:2:-1 by blue 375:3:-1 at gen886 Univ0 prob=0.602
AgeVaxH35.js:2302 828I x:ageGp:fam 114:1:-1 by red 980:8:-1 at gen888 Univ0 prob=0.567
AgeVaxH35.js:2302 828I x:ageGp:fam 89:1:-1 by blue 531:3:-1 at gen889 Univ0 prob=0.886
AgeVaxH35.js:2302 829I x:ageGp:fam 98:1:-1 by blue 42:1:-1 at gen890 Univ0 prob=0.595
AgeVaxH35.js:2302 830I x:ageGp:fam 897:6:-1 by red 160:2:-1 at gen891 Univ0 prob=0.483
AgeVaxH35.js:2302 830I x:ageGp:fam 401:3:-1 by blue 410:3:-1 at gen891 Univ0 prob=0.559
AgeVaxH35.js:2302 833I x:ageGp:fam 561:4:-1 by blue 343:2:-1 at gen894 Univ0 prob=0.664
AgeVaxH35.js:2302 833I x:ageGp:fam 226:2:-1 by red 61:1:-1 at gen895 Univ0 prob=0.140
AgeVaxH35.js:2302 833I x:ageGp:fam 960:8:-1 by red 900:6:-1 at gen895 Univ0 prob=0.807
AgeVaxH35.js:2302 836I x:ageGp:fam 741:5:-1 by blue 29:0:-1 at gen897 Univ0 prob=0.083
AgeVaxH35.js:2302 836I x:ageGp:fam 574:4:-1 by blue 132:2:-1 at gen897 Univ0 prob=0.898
AgeVaxH35.js:2302 836I x:ageGp:fam 741:5:-1 by blue 542:4:-1 at gen897 Univ0 prob=0.899
AgeVaxH35.js:2302 836I x:ageGp:fam 866:6:-1 by blue 328:2:-1 at gen898 Univ0 prob=0.441
AgeVaxH35.js:2302 839I x:ageGp:fam 770:5:-1 by blue 29:0:-1 at gen900 Univ0 prob=0.910
AgeVaxH35.js:2302 839I x:ageGp:fam 394:3:-1 by blue 358:2:-1 at gen900 Univ0 prob=0.075
AgeVaxH35.js:2302 839I x:ageGp:fam 689:4:-1 by blue 328:2:-1 at gen901 Univ0 prob=0.768
AgeVaxH35.js:2302 841I x:ageGp:fam 469:3:-1 by blue 371:3:-1 at gen902 Univ0 prob=0.318
AgeVaxH35.js:2302 842I x:ageGp:fam 933:7:-1 by blue 29:0:-1 at gen903 Univ0 prob=0.254
AgeVaxH35.js:2302 844I x:ageGp:fam 716:5:-1 by blue 907:7:-1 at gen906 Univ0 prob=0.621
AgeVaxH35.js:2302 844I x:ageGp:fam 337:2:-1 by red 781:5:-1 at gen907 Univ0 prob=0.045
AgeVaxH35.js:2302 846I x:ageGp:fam 59:1:-1 by blue 542:4:-1 at gen911 Univ0 prob=0.253
AgeVaxH35.js:2302 846I x:ageGp:fam 120:1:-1 by blue 856:6:-1 at gen911 Univ0 prob=0.220
AgeVaxH35.js:2302 846I x:ageGp:fam 877:6:-1 by blue 162:2:-1 at gen911 Univ0 prob=0.799
AgeVaxH35.js:2302 846I x:ageGp:fam 990:9:-1 by blue 542:4:-1 at gen911 Univ0 prob=0.648
AgeVaxH35.js:2302 846I x:ageGp:fam 280:2:-1 by red 900:6:-1 at gen912 Univ0 prob=0.113
AgeVaxH35.js:2302 846I x:ageGp:fam 672:4:-1 by blue 525:3:-1 at gen912 Univ0 prob=0.421
AgeVaxH35.js:2302 850I x:ageGp:fam 439:3:-1 by blue 29:0:-1 at gen913 Univ0 prob=0.298
AgeVaxH35.js:2302 850I x:ageGp:fam 65:1:-1 by blue 94:1:-1 at gen913 Univ0 prob=0.258
AgeVaxH35.js:2302 850I x:ageGp:fam 640:4:-1 by blue 994:9:-1 at gen913 Univ0 prob=0.060
AgeVaxH35.js:2302 850I x:ageGp:fam 977:8:-1 by red 923:7:-1 at gen913 Univ0 prob=0.778
AgeVaxH35.js:2302 856I x:ageGp:fam 198:2:-1 by red 38:0:-1 at gen919 Univ0 prob=0.340
AgeVaxH35.js:2302 856I x:ageGp:fam 383:3:-1 by red 304:2:-1 at gen919 Univ0 prob=0.482
AgeVaxH35.js:2302 858I x:ageGp:fam 241:2:-1 by blue 410:3:-1 at gen921 Univ0 prob=0.996
AgeVaxH35.js:2302 858I x:ageGp:fam 637:4:-1 by blue 104:1:-1 at gen922 Univ0 prob=0.213
AgeVaxH35.js:2302 858I x:ageGp:fam 695:5:-1 by red 369:3:-1 at gen922 Univ0 prob=0.281
AgeVaxH35.js:2302 861I x:ageGp:fam 28:0:-1 by red 823:6:-1 at gen925 Univ0 prob=0.692
AgeVaxH35.js:2302 862I x:ageGp:fam 655:4:-1 by blue 525:3:-1 at gen929 Univ0 prob=0.730
AgeVaxH35.js:2302 862I x:ageGp:fam 544:4:-1 by red 563:4:-1 at gen929 Univ0 prob=0.941
AgeVaxH35.js:2302 864I x:ageGp:fam 244:2:-1 by blue 913:7:-1 at gen932 Univ0 prob=0.120
AgeVaxH35.js:2302 864I x:ageGp:fam 319:2:-1 by red 907:7:-1 at gen932 Univ0 prob=0.642
AgeVaxH35.js:2302 866I x:ageGp:fam 268:2:-1 by blue 531:3:-1 at gen934 Univ0 prob=0.312
AgeVaxH35.js:2302 867I x:ageGp:fam 847:6:-1 by blue 343:2:-1 at gen936 Univ0 prob=0.660
AgeVaxH35.js:2302 868I x:ageGp:fam 437:3:-1 by red 522:3:-1 at gen938 Univ0 prob=0.306
AgeVaxH35.js:2302 869I x:ageGp:fam 398:3:-1 by blue 162:2:-1 at gen942 Univ0 prob=0.419
AgeVaxH35.js:2302 869I x:ageGp:fam 168:2:-1 by blue 379:3:-1 at gen942 Univ0 prob=0.095
AgeVaxH35.js:2302 869I x:ageGp:fam 573:4:-1 by red 907:7:-1 at gen943 Univ0 prob=0.401
AgeVaxH35.js:2302 872I x:ageGp:fam 332:2:-1 by red 907:7:-1 at gen947 Univ0 prob=0.153
AgeVaxH35.js:2302 873I x:ageGp:fam 673:4:-1 by blue 162:2:-1 at gen950 Univ0 prob=0.451
AgeVaxH35.js:2302 874I x:ageGp:fam 486:3:-1 by red 531:3:-1 at gen952 Univ0 prob=0.676
AgeVaxH35.js:2302 875I x:ageGp:fam 796:5:-1 by red 180:2:-1 at gen957 Univ0 prob=0.316
AgeVaxH35.js:2302 876I x:ageGp:fam 181:2:-1 by blue 262:2:-1 at gen962 Univ0 prob=0.323
AgeVaxH35.js:2302 877I x:ageGp:fam 95:1:-1 by blue 860:6:-1 at gen965 Univ0 prob=0.989
AgeVaxH35.js:2302 877I x:ageGp:fam 204:2:-1 by red 823:6:-1 at gen965 Univ0 prob=0.148
AgeVaxH35.js:2302 879I x:ageGp:fam 73:1:-1 by red 375:3:-1 at gen968 Univ0 prob=0.831
AgeVaxH35.js:2302 880I x:ageGp:fam 186:2:-1 by red 531:3:-1 at gen976 Univ0 prob=0.684
AgeVaxH35.js:2302 880I x:ageGp:fam 491:3:-1 by red 252:2:-1 at gen977 Univ0 prob=0.615
AgeVaxH35.js:2302 880I x:ageGp:fam 325:2:-1 by blue 265:2:-1 at gen977 Univ0 prob=0.765
AgeVaxH35.js:2302 880I x:ageGp:fam 491:3:-1 by blue 884:6:-1 at gen977 Univ0 prob=0.472
AgeVaxH35.js:2302 883I x:ageGp:fam 272:2:-1 by blue 866:6:-1 at gen979 Univ0 prob=0.655
AgeVaxH35.js:2302 883I x:ageGp:fam 631:4:-1 by red 252:2:-1 at gen980 Univ0 prob=0.213
AgeVaxH35.js:2302 884I x:ageGp:fam 464:3:-1 by blue 337:2:-1 at gen981 Univ0 prob=0.432
AgeVaxH35.js:2302 885I x:ageGp:fam 494:3:-1 by red 746:5:-1 at gen982 Univ0 prob=0.626
AgeVaxH35.js:2302 887I x:ageGp:fam 843:6:-1 by blue 877:6:-1 at gen984 Univ0 prob=0.455
AgeVaxH35.js:2302 888I x:ageGp:fam 108:1:-1 by blue 244:2:-1 at gen986 Univ0 prob=0.626
AgeVaxH35.js:2302 889I x:ageGp:fam 190:2:-1 by red 907:7:-1 at gen988 Univ0 prob=0.797
AgeVaxH35.js:2302 890I x:ageGp:fam 79:1:-1 by blue 332:2:-1 at gen996 Univ0 prob=0.272
AgeVaxH35.js:2302 891I x:ageGp:fam 499:3:-1 by red 132:2:-1 at gen998 Univ0 prob=0.408
AgeVaxH35.js:2302 891I x:ageGp:fam 722:5:-1 by blue 59:1:-1 at gen999 Univ0 prob=0.704
AgeVaxH35.js:2302 891I x:ageGp:fam 413:3:-1 by red 465:3:-1 at gen999 Univ0 prob=0.706
AgeVaxH35.js:2302 894I x:ageGp:fam 218:2:-1 by blue 244:2:-1 at gen1001 Univ0 prob=0.769
AgeVaxH35.js:2302 895I x:ageGp:fam 169:2:-1 by blue 561:4:-1 at gen1006 Univ0 prob=0.620
AgeVaxH35.js:2302 895I x:ageGp:fam 334:2:-1 by red 884:6:-1 at gen1007 Univ0 prob=0.308
AgeVaxH35.js:2302 897I x:ageGp:fam 314:2:-1 by red 694:5:-1 at gen1009 Univ0 prob=0.695
AgeVaxH35.js:2302 898I x:ageGp:fam 852:6:-1 by blue 59:1:-1 at gen1014 Univ0 prob=0.428
AgeVaxH35.js:2302 899I x:ageGp:fam 388:3:-1 by blue 73:1:-1 at gen1025 Univ0 prob=0.857
AgeVaxH35.js:2302 899I x:ageGp:fam 364:3:-1 by red 571:4:-1 at gen1026 Univ0 prob=0.941
AgeVaxH35.js:2302 901I x:ageGp:fam 391:3:-1 by blue 272:2:-1 at gen1030 Univ0 prob=0.001
AgeVaxH35.js:2302 902I x:ageGp:fam 680:4:-1 by blue 319:2:-1 at gen1035 Univ0 prob=0.888
AgeVaxH35.js:2302 902I x:ageGp:fam 461:3:-1 by red 531:3:-1 at gen1036 Univ0 prob=0.029
AgeVaxH35.js:2302 902I x:ageGp:fam 805:5:-1 by red 531:3:-1 at gen1036 Univ0 prob=0.355
AgeVaxH35.js:2302 905I x:ageGp:fam 656:4:-1 by blue 181:2:-1 at gen1043 Univ0 prob=0.775
AgeVaxH35.js:2302 906I x:ageGp:fam 794:5:-1 by blue 796:5:-1 at gen1045 Univ0 prob=0.746
AgeVaxH35.js:2302 907I x:ageGp:fam 720:5:-1 by red 262:2:-1 at gen1048 Univ0 prob=0.987
AgeVaxH35.js:2302 908I x:ageGp:fam 575:4:-1 by blue 181:2:-1 at gen1050 Univ0 prob=0.006
AgeVaxH35.js:2302 908I x:ageGp:fam 629:4:-1 by blue 398:3:-1 at gen1050 Univ0 prob=0.770
AgeVaxH35.js:2302 908I x:ageGp:fam 60:1:-1 by red 933:7:-1 at gen1051 Univ0 prob=0.492
AgeVaxH35.js:2302 908I x:ageGp:fam 988:9:-1 by blue 722:5:-1 at gen1051 Univ0 prob=0.992
AgeVaxH35.js:2302 912I x:ageGp:fam 68:1:-1 by blue 218:2:-1 at gen1061 Univ0 prob=0.951
AgeVaxH35.js:2302 912I x:ageGp:fam 261:2:-1 by red 571:4:-1 at gen1061 Univ0 prob=0.046
AgeVaxH35.js:2302 914I x:ageGp:fam 50:1:-1 by blue 852:6:-1 at gen1065 Univ0 prob=0.626
AgeVaxH35.js:2302 915I x:ageGp:fam 706:5:-1 by blue 73:1:-1 at gen1072 Univ0 prob=0.529
AgeVaxH35.js:2302 915I x:ageGp:fam 105:1:-1 by blue 722:5:-1 at gen1072 Univ0 prob=0.340
AgeVaxH35.js:2302 917I x:ageGp:fam 90:1:-1 by blue 499:3:-1 at gen1075 Univ0 prob=0.390
AgeVaxH35.js:2302 917I x:ageGp:fam 233:2:-1 by blue 181:2:-1 at gen1075 Univ0 prob=0.601
AgeVaxH35.js:2302 919I x:ageGp:fam 627:4:-1 by red 574:4:-1 at gen1080 Univ0 prob=0.019
AgeVaxH35.js:2302 920I x:ageGp:fam 119:1:-1 by blue 181:2:-1 at gen1082 Univ0 prob=0.060
AgeVaxH35.js:2302 920I x:ageGp:fam 25:0:-1 by red 59:1:-1 at gen1083 Univ0 prob=0.389
AgeVaxH35.js:2302 922I x:ageGp:fam 654:4:-1 by red 181:2:-1 at gen1085 Univ0 prob=0.612
AgeVaxH35.js:2302 922I x:ageGp:fam 956:8:-1 by red 948:7:-1 at gen1086 Univ0 prob=0.429
AgeVaxH35.js:2302 923I x:ageGp:fam 742:5:-1 by blue 852:6:-1 at gen1087 Univ0 prob=0.045
AgeVaxH35.js:2302 924I x:ageGp:fam 809:5:-1 by blue 499:3:-1 at gen1088 Univ0 prob=0.698
AgeVaxH35.js:2302 926I x:ageGp:fam 87:1:-1 by red 120:1:-1 at gen1093 Univ0 prob=0.261
AgeVaxH35.js:2302 927I x:ageGp:fam 643:4:-1 by red 948:7:-1 at gen1096 Univ0 prob=0.710
AgeVaxH35.js:2302 928I x:ageGp:fam 771:5:-1 by blue 656:4:-1 at gen1098 Univ0 prob=0.919
AgeVaxH35.js:2302 928I x:ageGp:fam 131:2:-1 by red 933:7:-1 at gen1099 Univ0 prob=0.251
AgeVaxH35.js:2302 929I x:ageGp:fam 470:3:-1 by red 948:7:-1 at gen1100 Univ0 prob=0.899
AgeVaxH35.js:2302 930I x:ageGp:fam 207:2:-1 by blue 722:5:-1 at gen1101 Univ0 prob=0.765
AgeVaxH35.js:2302 931I x:ageGp:fam 421:3:-1 by red 948:7:-1 at gen1102 Univ0 prob=0.896
AgeVaxH35.js:2302 933I x:ageGp:fam 327:2:-1 by red 672:4:-1 at gen1108 Univ0 prob=0.822
AgeVaxH35.js:2302 934I x:ageGp:fam 407:3:-1 by red 722:5:-1 at gen1116 Univ0 prob=0.546
AgeVaxH35.js:2302 934I x:ageGp:fam 512:3:-1 by blue 805:5:-1 at gen1116 Univ0 prob=0.974
AgeVaxH35.js:2302 936I x:ageGp:fam 992:9:-1 by red 398:3:-1 at gen1119 Univ0 prob=0.504
AgeVaxH35.js:2302 936I x:ageGp:fam 688:4:-1 by red 722:5:-1 at gen1119 Univ0 prob=0.596
AgeVaxH35.js:2302 938I x:ageGp:fam 938:7:-1 by red 722:5:-1 at gen1121 Univ0 prob=0.260
AgeVaxH35.js:2302 939I x:ageGp:fam 196:2:-1 by blue 50:1:-1 at gen1123 Univ0 prob=0.545
AgeVaxH35.js:2302 939I x:ageGp:fam 684:4:-1 by blue 60:1:-1 at gen1124 Univ0 prob=0.361
AgeVaxH35.js:2302 940I x:ageGp:fam 45:1:-1 by blue 720:5:-1 at gen1125 Univ0 prob=0.155
AgeVaxH35.js:2302 940I x:ageGp:fam 370:3:-1 by red 499:3:-1 at gen1125 Univ0 prob=0.919
AgeVaxH35.js:2302 943I x:ageGp:fam 100:1:-1 by red 499:3:-1 at gen1130 Univ0 prob=0.377
AgeVaxH35.js:2302 944I x:ageGp:fam 136:2:-1 by blue 654:4:-1 at gen1135 Univ0 prob=0.643
AgeVaxH35.js:2302 945I x:ageGp:fam 301:2:-1 by blue 50:1:-1 at gen1138 Univ0 prob=0.165
AgeVaxH35.js:2302 946I x:ageGp:fam 281:2:-1 by blue 50:1:-1 at gen1141 Univ0 prob=0.888
AgeVaxH35.js:2302 947I x:ageGp:fam 305:2:-1 by blue 50:1:-1 at gen1149 Univ0 prob=0.197
AgeVaxH35.js:2302 948I x:ageGp:fam 39:0:-1 by blue 421:3:-1 at gen1152 Univ0 prob=0.002
AgeVaxH35.js:2302 948I x:ageGp:fam 289:2:-1 by blue 233:2:-1 at gen1152 Univ0 prob=0.714
AgeVaxH35.js:2302 950I x:ageGp:fam 798:5:-1 by red 722:5:-1 at gen1156 Univ0 prob=0.632
AgeVaxH35.js:2302 951I x:ageGp:fam 7:0:-1 by blue 742:5:-1 at gen1159 Univ0 prob=0.631
AgeVaxH35.js:2302 951I x:ageGp:fam 367:3:-1 by blue 233:2:-1 at gen1159 Univ0 prob=0.198
AgeVaxH35.js:2302 953I x:ageGp:fam 871:6:-1 by blue 809:5:-1 at gen1162 Univ0 prob=0.500
AgeVaxH35.js:2302 953I x:ageGp:fam 628:4:-1 by blue 742:5:-1 at gen1163 Univ0 prob=0.195
AgeVaxH35.js:2302 953I x:ageGp:fam 950:8:-1 by blue 742:5:-1 at gen1163 Univ0 prob=0.157
AgeVaxH35.js:2302 954I x:ageGp:fam 509:3:-1 by red 805:5:-1 at gen1164 Univ0 prob=0.047
AgeVaxH35.js:2302 956I x:ageGp:fam 192:2:-1 by blue 421:3:-1 at gen1165 Univ0 prob=0.352
AgeVaxH35.js:2302 956I x:ageGp:fam 709:5:-1 by blue 809:5:-1 at gen1165 Univ0 prob=0.658
AgeVaxH35.js:2302 957I x:ageGp:fam 493:3:-1 by blue 50:1:-1 at gen1166 Univ0 prob=0.885
AgeVaxH35.js:2302 960I x:ageGp:fam 129:1:-1 by red 656:4:-1 at gen1169 Univ0 prob=0.463
AgeVaxH35.js:2302 960I x:ageGp:fam 32:0:-1 by red 805:5:-1 at gen1170 Univ0 prob=0.406
AgeVaxH35.js:2302 960I x:ageGp:fam 471:3:-1 by blue 470:3:-1 at gen1170 Univ0 prob=0.357
AgeVaxH35.js:2302 963I x:ageGp:fam 109:1:-1 by blue 575:4:-1 at gen1172 Univ0 prob=0.320
AgeVaxH35.js:2302 964I x:ageGp:fam 46:1:-1 by blue 233:2:-1 at gen1176 Univ0 prob=0.605
AgeVaxH35.js:2302 964I x:ageGp:fam 46:1:-1 by blue 421:3:-1 at gen1176 Univ0 prob=0.732
AgeVaxH35.js:2302 964I x:ageGp:fam 899:6:-1 by red 805:5:-1 at gen1177 Univ0 prob=0.974
AgeVaxH35.js:2302 966I x:ageGp:fam 456:3:-1 by blue 233:2:-1 at gen1186 Univ0 prob=0.943
AgeVaxH35.js:2302 967I x:ageGp:fam 158:2:-1 by blue 196:2:-1 at gen1188 Univ0 prob=0.185
AgeVaxH35.js:2302 968I x:ageGp:fam 876:6:-1 by red 656:4:-1 at gen1191 Univ0 prob=0.158
AgeVaxH35.js:2302 968I x:ageGp:fam 837:6:-1 by blue 470:3:-1 at gen1192 Univ0 prob=0.017
AgeVaxH35.js:2302 968I x:ageGp:fam 829:6:-1 by blue 956:8:-1 at gen1192 Univ0 prob=0.724
AgeVaxH35.js:2302 969I x:ageGp:fam 835:6:-1 by blue 956:8:-1 at gen1193 Univ0 prob=0.681
AgeVaxH35.js:2302 971I x:ageGp:fam 824:6:-1 by blue 233:2:-1 at gen1194 Univ0 prob=0.728
AgeVaxH35.js:2302 973I x:ageGp:fam 397:3:-1 by red 722:5:-1 at gen1201 Univ0 prob=0.303
AgeVaxH35.js:2302 973I x:ageGp:fam 31:0:-1 by red 575:4:-1 at gen1202 Univ0 prob=0.071
AgeVaxH35.js:2302 975I x:ageGp:fam 594:4:-1 by red 190:2:-1 at gen1209 Univ0 prob=0.298
AgeVaxH35.js:2302 976I x:ageGp:fam 642:4:-1 by blue 367:3:-1 at gen1213 Univ0 prob=0.756
AgeVaxH35.js:2302 977I x:ageGp:fam 671:4:-1 by yellow 493:3:-1 at gen1215 Univ0 prob=0.604
AgeVaxH35.js:2302 977I x:ageGp:fam 311:2:-1 by red 50:1:-1 at gen1216 Univ0 prob=0.928
AgeVaxH35.js:2302 977I x:ageGp:fam 501:3:-1 by blue 628:4:-1 at gen1216 Univ0 prob=0.384
AgeVaxH35.js:2302 980I x:ageGp:fam 368:3:-1 by red 461:3:-1 at gen1220 Univ0 prob=0.656
AgeVaxH35.js:2302 981I x:ageGp:fam 969:8:-1 by blue 367:3:-1 at gen1234 Univ0 prob=0.573
AgeVaxH35.js:2302 982I x:ageGp:fam 806:5:-1 by red 956:8:-1 at gen1237 Univ0 prob=0.399
AgeVaxH35.js:2302 983I x:ageGp:fam 729:5:-1 by red 956:8:-1 at gen1244 Univ0 prob=0.913
AgeVaxH35.js:2302 983I x:ageGp:fam 82:1:-1 by blue 289:2:-1 at gen1245 Univ0 prob=0.684
AgeVaxH35.js:2302 985I x:ageGp:fam 473:3:-1 by blue 109:1:-1 at gen1248 Univ0 prob=0.049
AgeVaxH35.js:2302 985I x:ageGp:fam 143:2:-1 by blue 837:6:-1 at gen1248 Univ0 prob=0.818
AgeVaxH35.js:2302 985I x:ageGp:fam 766:5:-1 by blue 837:6:-1 at gen1248 Univ0 prob=0.359
AgeVaxH35.js:2302 988I x:ageGp:fam 99:1:-1 by red 119:1:-1 at gen1252 Univ0 prob=0.637
AgeVaxH35.js:2302 988I x:ageGp:fam 527:3:-1 by blue 837:6:-1 at gen1252 Univ0 prob=0.553
AgeVaxH35.js:2302 990I x:ageGp:fam 658:4:-1 by blue 281:2:-1 at gen1256 Univ0 prob=0.002
AgeVaxH35.js:2302 991I x:ageGp:fam 300:2:-1 by red 233:2:-1 at gen1258 Univ0 prob=0.192
AgeVaxH35.js:2302 992I x:ageGp:fam 336:2:-1 by blue 829:6:-1 at gen1267 Univ0 prob=0.537
AgeVaxH35.js:2302 993I x:ageGp:fam 592:4:-1 by blue 829:6:-1 at gen1273 Univ0 prob=0.127
AgeVaxH35.js:2302 994I x:ageGp:fam 503:3:-1 by red 129:1:-1 at gen1292 Univ0 prob=0.714
AgeVaxH35.js:2302 995I x:ageGp:fam 258:2:-1 by red 509:3:-1 at gen1296 Univ0 prob=0.300
AgeVaxH35.js:2302 996I x:ageGp:fam 777:5:-1 by red 305:2:-1 at gen1315 Univ0 prob=0.846
