Some messages have been moved to the Issues panel.
AgeVaxH35.js:871 Sat Jan 23 2021 12:41:00 GMT-0800 (Pacific Standard Time)
AgeVaxH35.js:872 CovidSIMVL Mode1 and Mod2 Hybrid 35d
AgeVaxH35.js:873 Mode 1 >13 and <36 is 75%
AgeVaxH35.js:874 Mode 2 >28 is 95%; >13 and <29 is 75%
AgeVaxH35.js:4457 exit covidSim
AgeVaxH35.js:23 getAsText File {name: "Popn1000.csv", lastModified: 1611430642000, lastModifiedDate: Sat Jan 23 2021 11:37:22 GMT-0800 (Pacific Standard Time), webkitRelativePath: "", size: 23944, …}
AgeVaxH35.js:32 File {name: "Popn1000.csv", lastModified: 1611430642000, lastModifiedDate: Sat Jan 23 2021 11:37:22 GMT-0800 (Pacific Standard Time), webkitRelativePath: "", size: 23944, …}
AgeVaxH35.js:23 getAsText File {name: "VL1ageGp2.csv", lastModified: 1611004274000, lastModifiedDate: Mon Jan 18 2021 13:11:14 GMT-0800 (Pacific Standard Time), webkitRelativePath: "", size: 65, …}
AgeVaxH35.js:32 File {name: "VL1ageGp2.csv", lastModified: 1611004274000, lastModifiedDate: Mon Jan 18 2021 13:11:14 GMT-0800 (Pacific Standard Time), webkitRelativePath: "", size: 65, …}
AgeVaxH35.js:1674 Red Days changed to 8.2
AgeVaxH35.js:1696 New Hazard Radius = 2
AgeVaxH35.js:2302 1I x:ageGp:fam 930:7:-1 by blue 150:2:-1 at gen2 Univ0 prob=0.101
AgeVaxH35.js:2302 2I x:ageGp:fam 693:5:-1 by blue 150:2:-1 at gen8 Univ0 prob=0.089
AgeVaxH35.js:2302 3I x:ageGp:fam 255:2:-1 by blue 930:7:-1 at gen72 Univ0 prob=0.390
AgeVaxH35.js:2302 4I x:ageGp:fam 99:1:-1 by blue 693:5:-1 at gen83 Univ0 prob=0.886
AgeVaxH35.js:2302 5I x:ageGp:fam 718:5:-1 by red 150:2:-1 at gen85 Univ0 prob=0.903
AgeVaxH35.js:2302 6I x:ageGp:fam 605:4:-1 by blue 693:5:-1 at gen88 Univ0 prob=0.015
AgeVaxH35.js:2302 7I x:ageGp:fam 182:2:-1 by blue 693:5:-1 at gen115 Univ0 prob=0.874
AgeVaxH35.js:2302 8I x:ageGp:fam 969:8:-1 by blue 930:7:-1 at gen117 Univ0 prob=0.264
AgeVaxH35.js:2302 9I x:ageGp:fam 903:7:-1 by yellow 255:2:-1 at gen122 Univ0 prob=0.223
AgeVaxH35.js:2302 10I x:ageGp:fam 19:0:-1 by red 693:5:-1 at gen130 Univ0 prob=0.341
AgeVaxH35.js:2302 10I x:ageGp:fam 127:1:-1 by yellow 99:1:-1 at gen131 Univ0 prob=0.250
AgeVaxH35.js:2302 10I x:ageGp:fam 205:2:-1 by yellow 99:1:-1 at gen131 Univ0 prob=0.642
AgeVaxH35.js:2302 13I x:ageGp:fam 875:6:-1 by blue 605:4:-1 at gen138 Univ0 prob=0.597
AgeVaxH35.js:2302 14I x:ageGp:fam 793:5:-1 by blue 99:1:-1 at gen142 Univ0 prob=0.429
AgeVaxH35.js:2302 15I x:ageGp:fam 798:5:-1 by blue 605:4:-1 at gen144 Univ0 prob=0.361
AgeVaxH35.js:2302 16I x:ageGp:fam 700:5:-1 by blue 255:2:-1 at gen146 Univ0 prob=0.934
AgeVaxH35.js:2302 16I x:ageGp:fam 681:4:-1 by red 930:7:-1 at gen147 Univ0 prob=0.986
AgeVaxH35.js:2302 18I x:ageGp:fam 126:1:-1 by red 930:7:-1 at gen152 Univ0 prob=0.566
AgeVaxH35.js:2302 19I x:ageGp:fam 233:2:-1 by blue 99:1:-1 at gen154 Univ0 prob=0.510
AgeVaxH35.js:2302 20I x:ageGp:fam 973:8:-1 by blue 255:2:-1 at gen157 Univ0 prob=0.911
AgeVaxH35.js:2302 21I x:ageGp:fam 180:2:-1 by blue 255:2:-1 at gen159 Univ0 prob=0.540
AgeVaxH35.js:2302 21I x:ageGp:fam 300:2:-1 by red 693:5:-1 at gen159 Univ0 prob=0.980
AgeVaxH35.js:2302 23I x:ageGp:fam 104:1:-1 by blue 605:4:-1 at gen161 Univ0 prob=0.838
AgeVaxH35.js:2302 23I x:ageGp:fam 488:3:-1 by blue 718:5:-1 at gen162 Univ0 prob=0.784
AgeVaxH35.js:2302 25I x:ageGp:fam 781:5:-1 by red 693:5:-1 at gen164 Univ0 prob=0.458
AgeVaxH35.js:2302 26I x:ageGp:fam 370:3:-1 by blue 718:5:-1 at gen169 Univ0 prob=0.452
AgeVaxH35.js:2302 27I x:ageGp:fam 666:4:-1 by blue 605:4:-1 at gen181 Univ0 prob=0.466
AgeVaxH35.js:2302 28I x:ageGp:fam 252:2:-1 by red 930:7:-1 at gen189 Univ0 prob=0.212
AgeVaxH35.js:2302 29I x:ageGp:fam 708:5:-1 by blue 182:2:-1 at gen196 Univ0 prob=0.927
AgeVaxH35.js:2302 30I x:ageGp:fam 254:2:-1 by blue 793:5:-1 at gen198 Univ0 prob=0.958
AgeVaxH35.js:2302 30I x:ageGp:fam 284:2:-1 by blue 798:5:-1 at gen199 Univ0 prob=0.008
AgeVaxH35.js:2302 30I x:ageGp:fam 884:6:-1 by blue 903:7:-1 at gen199 Univ0 prob=0.952
AgeVaxH35.js:2302 31I x:ageGp:fam 65:1:-1 by red 718:5:-1 at gen200 Univ0 prob=0.721
AgeVaxH35.js:2302 33I x:ageGp:fam 64:1:-1 by yellow 65:1:-1 at gen201 Univ0 prob=0.443
AgeVaxH35.js:2302 35I x:ageGp:fam 909:7:-1 by red 99:1:-1 at gen206 Univ0 prob=0.469
AgeVaxH35.js:2302 36I x:ageGp:fam 810:5:-1 by blue 875:6:-1 at gen210 Univ0 prob=0.344
AgeVaxH35.js:2302 37I x:ageGp:fam 824:6:-1 by red 718:5:-1 at gen213 Univ0 prob=0.997
AgeVaxH35.js:2302 38I x:ageGp:fam 54:1:-1 by blue 180:2:-1 at gen215 Univ0 prob=0.668
AgeVaxH35.js:2302 39I x:ageGp:fam 730:5:-1 by blue 233:2:-1 at gen218 Univ0 prob=0.332
AgeVaxH35.js:2302 39I x:ageGp:fam 710:5:-1 by blue 700:5:-1 at gen219 Univ0 prob=0.004
AgeVaxH35.js:2302 41I x:ageGp:fam 27:0:-1 by red 718:5:-1 at gen221 Univ0 prob=0.324
AgeVaxH35.js:2302 41I x:ageGp:fam 71:1:-1 by blue 182:2:-1 at gen221 Univ0 prob=0.536
AgeVaxH35.js:2302 43I x:ageGp:fam 684:4:-1 by blue 700:5:-1 at gen223 Univ0 prob=0.445
AgeVaxH35.js:2302 44I x:ageGp:fam 261:2:-1 by blue 182:2:-1 at gen233 Univ0 prob=0.949
AgeVaxH35.js:2302 44I x:ageGp:fam 429:3:-1 by blue 370:3:-1 at gen233 Univ0 prob=0.343
AgeVaxH35.js:2302 44I x:ageGp:fam 584:4:-1 by red 99:1:-1 at gen234 Univ0 prob=0.281
AgeVaxH35.js:2302 44I x:ageGp:fam 361:3:-1 by blue 104:1:-1 at gen234 Univ0 prob=0.736
AgeVaxH35.js:2302 44I x:ageGp:fam 360:3:-1 by blue 182:2:-1 at gen234 Univ0 prob=0.895
AgeVaxH35.js:2302 49I x:ageGp:fam 45:1:-1 by blue 798:5:-1 at gen236 Univ0 prob=0.803
AgeVaxH35.js:2302 49I x:ageGp:fam 214:2:-1 by red 255:2:-1 at gen237 Univ0 prob=0.745
AgeVaxH35.js:2302 49I x:ageGp:fam 272:2:-1 by red 605:4:-1 at gen237 Univ0 prob=0.939
AgeVaxH35.js:2302 50I x:ageGp:fam 396:3:-1 by blue 700:5:-1 at gen238 Univ0 prob=0.506
AgeVaxH35.js:2302 50I x:ageGp:fam 533:3:-1 by red 605:4:-1 at gen238 Univ0 prob=0.127
AgeVaxH35.js:2302 52I x:ageGp:fam 879:6:-1 by blue 973:8:-1 at gen239 Univ0 prob=0.609
AgeVaxH35.js:2302 55I x:ageGp:fam 544:4:-1 by red 969:8:-1 at gen243 Univ0 prob=0.818
AgeVaxH35.js:2302 55I x:ageGp:fam 787:5:-1 by blue 666:4:-1 at gen243 Univ0 prob=0.346
AgeVaxH35.js:2302 55I x:ageGp:fam 979:8:-1 by red 255:2:-1 at gen244 Univ0 prob=0.790
AgeVaxH35.js:2302 58I x:ageGp:fam 95:1:-1 by blue 798:5:-1 at gen246 Univ0 prob=0.716
AgeVaxH35.js:2302 59I x:ageGp:fam 336:2:-1 by red 182:2:-1 at gen249 Univ0 prob=0.545
AgeVaxH35.js:2302 59I x:ageGp:fam 321:2:-1 by blue 793:5:-1 at gen250 Univ0 prob=0.988
AgeVaxH35.js:2302 61I x:ageGp:fam 77:1:-1 by blue 875:6:-1 at gen255 Univ0 prob=0.933
AgeVaxH35.js:2302 61I x:ageGp:fam 732:5:-1 by blue 700:5:-1 at gen255 Univ0 prob=0.002
AgeVaxH35.js:2302 63I x:ageGp:fam 242:2:-1 by red 605:4:-1 at gen257 Univ0 prob=0.328
AgeVaxH35.js:2302 63I x:ageGp:fam 411:3:-1 by red 255:2:-1 at gen257 Univ0 prob=0.409
AgeVaxH35.js:2302 65I x:ageGp:fam 120:1:-1 by blue 488:3:-1 at gen261 Univ0 prob=0.577
AgeVaxH35.js:2302 66I x:ageGp:fam 78:1:-1 by red 875:6:-1 at gen263 Univ0 prob=0.474
AgeVaxH35.js:2302 67I x:ageGp:fam 724:5:-1 by red 182:2:-1 at gen267 Univ0 prob=0.425
AgeVaxH35.js:2302 67I x:ageGp:fam 861:6:-1 by red 875:6:-1 at gen267 Univ0 prob=0.373
AgeVaxH35.js:2302 67I x:ageGp:fam 817:5:-1 by blue 666:4:-1 at gen268 Univ0 prob=0.488
AgeVaxH35.js:2302 69I x:ageGp:fam 921:7:-1 by blue 370:3:-1 at gen269 Univ0 prob=0.174
AgeVaxH35.js:2302 70I x:ageGp:fam 167:2:-1 by blue 300:2:-1 at gen270 Univ0 prob=0.360
AgeVaxH35.js:2302 71I x:ageGp:fam 282:2:-1 by red 793:5:-1 at gen271 Univ0 prob=0.734
AgeVaxH35.js:2302 73I x:ageGp:fam 960:8:-1 by blue 284:2:-1 at gen273 Univ0 prob=0.013
AgeVaxH35.js:2302 74I x:ageGp:fam 68:1:-1 by red 700:5:-1 at gen276 Univ0 prob=0.466
AgeVaxH35.js:2302 74I x:ageGp:fam 925:7:-1 by blue 254:2:-1 at gen276 Univ0 prob=0.425
AgeVaxH35.js:2302 76I x:ageGp:fam 218:2:-1 by red 798:5:-1 at gen279 Univ0 prob=0.625
AgeVaxH35.js:2302 76I x:ageGp:fam 407:3:-1 by red 126:1:-1 at gen280 Univ0 prob=0.673
AgeVaxH35.js:2302 78I x:ageGp:fam 740:5:-1 by blue 71:1:-1 at gen282 Univ0 prob=0.036
AgeVaxH35.js:2302 78I x:ageGp:fam 201:2:-1 by red 182:2:-1 at gen282 Univ0 prob=0.088
AgeVaxH35.js:2302 78I x:ageGp:fam 290:2:-1 by blue 370:3:-1 at gen282 Univ0 prob=0.718
AgeVaxH35.js:2302 78I x:ageGp:fam 341:2:-1 by blue 708:5:-1 at gen282 Univ0 prob=0.151
AgeVaxH35.js:2302 82I x:ageGp:fam 450:3:-1 by blue 27:0:-1 at gen284 Univ0 prob=0.277
AgeVaxH35.js:2302 82I x:ageGp:fam 516:3:-1 by blue 884:6:-1 at gen284 Univ0 prob=0.580
AgeVaxH35.js:2302 82I x:ageGp:fam 672:4:-1 by blue 730:5:-1 at gen285 Univ0 prob=0.948
AgeVaxH35.js:2302 84I x:ageGp:fam 419:3:-1 by blue 708:5:-1 at gen286 Univ0 prob=0.639
AgeVaxH35.js:2302 85I x:ageGp:fam 74:1:-1 by red 681:4:-1 at gen287 Univ0 prob=0.468
AgeVaxH35.js:2302 87I x:ageGp:fam 268:2:-1 by yellow 396:3:-1 at gen290 Univ0 prob=0.345
AgeVaxH35.js:2302 87I x:ageGp:fam 741:5:-1 by red 781:5:-1 at gen291 Univ0 prob=0.265
AgeVaxH35.js:2302 89I x:ageGp:fam 475:3:-1 by blue 824:6:-1 at gen294 Univ0 prob=0.115
AgeVaxH35.js:2302 89I x:ageGp:fam 694:5:-1 by red 973:8:-1 at gen295 Univ0 prob=0.953
AgeVaxH35.js:2302 90I x:ageGp:fam 140:2:-1 by blue 787:5:-1 at gen296 Univ0 prob=0.330
AgeVaxH35.js:2302 90I x:ageGp:fam 293:2:-1 by blue 708:5:-1 at gen296 Univ0 prob=0.437
AgeVaxH35.js:2302 90I x:ageGp:fam 500:3:-1 by red 798:5:-1 at gen296 Univ0 prob=0.425
AgeVaxH35.js:2302 94I x:ageGp:fam 628:4:-1 by blue 95:1:-1 at gen298 Univ0 prob=0.139
AgeVaxH35.js:2302 94I x:ageGp:fam 961:8:-1 by blue 684:4:-1 at gen298 Univ0 prob=0.889
AgeVaxH35.js:2302 94I x:ageGp:fam 779:5:-1 by blue 27:0:-1 at gen299 Univ0 prob=0.489
AgeVaxH35.js:2302 96I x:ageGp:fam 739:5:-1 by blue 214:2:-1 at gen300 Univ0 prob=0.827
AgeVaxH35.js:2302 98I x:ageGp:fam 308:2:-1 by blue 787:5:-1 at gen302 Univ0 prob=0.521
AgeVaxH35.js:2302 99I x:ageGp:fam 72:1:-1 by red 180:2:-1 at gen306 Univ0 prob=0.658
AgeVaxH35.js:2302 99I x:ageGp:fam 331:2:-1 by blue 321:2:-1 at gen307 Univ0 prob=0.545
AgeVaxH35.js:2302 99I x:ageGp:fam 702:5:-1 by blue 361:3:-1 at gen307 Univ0 prob=0.600
AgeVaxH35.js:2302 102I x:ageGp:fam 154:2:-1 by blue 254:2:-1 at gen309 Univ0 prob=0.400
AgeVaxH35.js:2302 102I x:ageGp:fam 638:4:-1 by blue 254:2:-1 at gen309 Univ0 prob=0.496
AgeVaxH35.js:2302 102I x:ageGp:fam 173:2:-1 by blue 214:2:-1 at gen310 Univ0 prob=0.532
AgeVaxH35.js:2302 102I x:ageGp:fam 820:5:-1 by blue 360:3:-1 at gen310 Univ0 prob=0.721
AgeVaxH35.js:2302 106I x:ageGp:fam 73:1:-1 by blue 242:2:-1 at gen312 Univ0 prob=0.596
AgeVaxH35.js:2302 106I x:ageGp:fam 548:4:-1 by blue 787:5:-1 at gen312 Univ0 prob=0.389
AgeVaxH35.js:2302 106I x:ageGp:fam 170:2:-1 by blue 77:1:-1 at gen313 Univ0 prob=0.956
AgeVaxH35.js:2302 106I x:ageGp:fam 573:4:-1 by red 666:4:-1 at gen313 Univ0 prob=0.234
AgeVaxH35.js:2302 108I x:ageGp:fam 466:3:-1 by blue 684:4:-1 at gen314 Univ0 prob=0.877
AgeVaxH35.js:2302 110I x:ageGp:fam 696:5:-1 by red 19:0:-1 at gen315 Univ0 prob=0.049
AgeVaxH35.js:2302 112I x:ageGp:fam 464:3:-1 by yellow 167:2:-1 at gen318 Univ0 prob=0.374
AgeVaxH35.js:2302 112I x:ageGp:fam 804:5:-1 by blue 361:3:-1 at gen319 Univ0 prob=0.459
AgeVaxH35.js:2302 112I x:ageGp:fam 557:4:-1 by blue 684:4:-1 at gen319 Univ0 prob=0.975
AgeVaxH35.js:2302 115I x:ageGp:fam 480:3:-1 by red 708:5:-1 at gen321 Univ0 prob=0.698
AgeVaxH35.js:2302 115I x:ageGp:fam 680:4:-1 by red 798:5:-1 at gen322 Univ0 prob=0.166
AgeVaxH35.js:2302 117I x:ageGp:fam 614:4:-1 by blue 360:3:-1 at gen325 Univ0 prob=0.596
AgeVaxH35.js:2302 117I x:ageGp:fam 11:0:-1 by blue 684:4:-1 at gen326 Univ0 prob=0.534
AgeVaxH35.js:2302 117I x:ageGp:fam 259:2:-1 by red 708:5:-1 at gen326 Univ0 prob=0.747
AgeVaxH35.js:2302 118I x:ageGp:fam 886:6:-1 by blue 71:1:-1 at gen327 Univ0 prob=0.121
AgeVaxH35.js:2302 118I x:ageGp:fam 84:1:-1 by blue 544:4:-1 at gen327 Univ0 prob=0.399
AgeVaxH35.js:2302 120I x:ageGp:fam 200:2:-1 by blue 282:2:-1 at gen328 Univ0 prob=0.313
AgeVaxH35.js:2302 120I x:ageGp:fam 303:2:-1 by blue 787:5:-1 at gen328 Univ0 prob=0.964
AgeVaxH35.js:2302 122I x:ageGp:fam 245:2:-1 by red 666:4:-1 at gen329 Univ0 prob=0.041
AgeVaxH35.js:2302 124I x:ageGp:fam 142:2:-1 by blue 396:3:-1 at gen330 Univ0 prob=0.827
AgeVaxH35.js:2302 125I x:ageGp:fam 13:0:-1 by blue 360:3:-1 at gen331 Univ0 prob=0.583
AgeVaxH35.js:2302 125I x:ageGp:fam 162:2:-1 by red 126:1:-1 at gen331 Univ0 prob=0.272
AgeVaxH35.js:2302 125I x:ageGp:fam 535:3:-1 by yellow 740:5:-1 at gen331 Univ0 prob=0.321
AgeVaxH35.js:2302 126I x:ageGp:fam 8:0:-1 by blue 396:3:-1 at gen332 Univ0 prob=0.737
AgeVaxH35.js:2302 126I x:ageGp:fam 363:3:-1 by red 666:4:-1 at gen332 Univ0 prob=0.516
AgeVaxH35.js:2302 129I x:ageGp:fam 569:4:-1 by red 54:1:-1 at gen333 Univ0 prob=0.778
AgeVaxH35.js:2302 129I x:ageGp:fam 118:1:-1 by blue 411:3:-1 at gen333 Univ0 prob=0.460
AgeVaxH35.js:2302 129I x:ageGp:fam 569:4:-1 by red 252:2:-1 at gen333 Univ0 prob=0.308
AgeVaxH35.js:2302 129I x:ageGp:fam 774:5:-1 by blue 979:8:-1 at gen333 Univ0 prob=0.516
AgeVaxH35.js:2302 131I x:ageGp:fam 651:4:-1 by blue 77:1:-1 at gen334 Univ0 prob=0.858
AgeVaxH35.js:2302 131I x:ageGp:fam 645:4:-1 by blue 732:5:-1 at gen334 Univ0 prob=0.352
AgeVaxH35.js:2302 134I x:ageGp:fam 0:0:-1 by blue 817:5:-1 at gen335 Univ0 prob=0.038
AgeVaxH35.js:2302 134I x:ageGp:fam 409:3:-1 by red 781:5:-1 at gen335 Univ0 prob=0.255
AgeVaxH35.js:2302 136I x:ageGp:fam 510:3:-1 by blue 272:2:-1 at gen336 Univ0 prob=0.973
AgeVaxH35.js:2302 138I x:ageGp:fam 456:3:-1 by blue 684:4:-1 at gen337 Univ0 prob=0.409
AgeVaxH35.js:2302 139I x:ageGp:fam 164:2:-1 by blue 361:3:-1 at gen338 Univ0 prob=0.226
AgeVaxH35.js:2302 139I x:ageGp:fam 309:2:-1 by blue 724:5:-1 at gen338 Univ0 prob=0.687
AgeVaxH35.js:2302 139I x:ageGp:fam 656:4:-1 by red 666:4:-1 at gen338 Univ0 prob=0.542
AgeVaxH35.js:2302 143I x:ageGp:fam 163:2:-1 by yellow 268:2:-1 at gen340 Univ0 prob=0.066
AgeVaxH35.js:2302 144I x:ageGp:fam 938:7:-1 by red 666:4:-1 at gen342 Univ0 prob=0.383
AgeVaxH35.js:2302 145I x:ageGp:fam 587:4:-1 by blue 817:5:-1 at gen344 Univ0 prob=0.999
AgeVaxH35.js:2302 146I x:ageGp:fam 528:3:-1 by blue 293:2:-1 at gen347 Univ0 prob=0.115
AgeVaxH35.js:2302 147I x:ageGp:fam 91:1:-1 by blue 78:1:-1 at gen349 Univ0 prob=0.235
AgeVaxH35.js:2302 147I x:ageGp:fam 209:2:-1 by blue 214:2:-1 at gen349 Univ0 prob=0.496
AgeVaxH35.js:2302 149I x:ageGp:fam 849:6:-1 by blue 407:3:-1 at gen352 Univ0 prob=0.658
AgeVaxH35.js:2302 149I x:ageGp:fam 9:0:-1 by red 884:6:-1 at gen353 Univ0 prob=0.479
AgeVaxH35.js:2302 149I x:ageGp:fam 907:7:-1 by blue 214:2:-1 at gen353 Univ0 prob=0.851
AgeVaxH35.js:2302 149I x:ageGp:fam 434:3:-1 by red 360:3:-1 at gen353 Univ0 prob=0.270
AgeVaxH35.js:2302 153I x:ageGp:fam 513:3:-1 by red 666:4:-1 at gen355 Univ0 prob=0.885
AgeVaxH35.js:2302 154I x:ageGp:fam 866:6:-1 by blue 290:2:-1 at gen357 Univ0 prob=0.300
AgeVaxH35.js:2302 154I x:ageGp:fam 757:5:-1 by red 396:3:-1 at gen357 Univ0 prob=0.044
AgeVaxH35.js:2302 154I x:ageGp:fam 239:2:-1 by red 666:4:-1 at gen358 Univ0 prob=0.569
AgeVaxH35.js:2302 154I x:ageGp:fam 750:5:-1 by blue 268:2:-1 at gen358 Univ0 prob=0.318
AgeVaxH35.js:2302 156I x:ageGp:fam 890:6:-1 by red 879:6:-1 at gen359 Univ0 prob=0.010
AgeVaxH35.js:2302 158I x:ageGp:fam 485:3:-1 by red 710:5:-1 at gen360 Univ0 prob=0.729
AgeVaxH35.js:2302 159I x:ageGp:fam 530:3:-1 by red 261:2:-1 at gen361 Univ0 prob=0.026
AgeVaxH35.js:2302 159I x:ageGp:fam 723:5:-1 by blue 419:3:-1 at gen361 Univ0 prob=0.409
AgeVaxH35.js:2302 160I x:ageGp:fam 426:3:-1 by blue 331:2:-1 at gen362 Univ0 prob=0.825
AgeVaxH35.js:2302 160I x:ageGp:fam 430:3:-1 by blue 331:2:-1 at gen362 Univ0 prob=0.335
AgeVaxH35.js:2302 162I x:ageGp:fam 463:3:-1 by blue 817:5:-1 at gen363 Univ0 prob=0.407
AgeVaxH35.js:2302 164I x:ageGp:fam 184:2:-1 by blue 268:2:-1 at gen364 Univ0 prob=0.491
AgeVaxH35.js:2302 164I x:ageGp:fam 958:8:-1 by red 396:3:-1 at gen364 Univ0 prob=0.293
AgeVaxH35.js:2302 165I x:ageGp:fam 727:5:-1 by blue 724:5:-1 at gen365 Univ0 prob=0.338
AgeVaxH35.js:2302 168I x:ageGp:fam 251:2:-1 by blue 817:5:-1 at gen367 Univ0 prob=0.600
AgeVaxH35.js:2302 169I x:ageGp:fam 825:6:-1 by red 71:1:-1 at gen370 Univ0 prob=0.018
AgeVaxH35.js:2302 169I x:ageGp:fam 349:2:-1 by blue 817:5:-1 at gen370 Univ0 prob=0.743
AgeVaxH35.js:2302 169I x:ageGp:fam 447:3:-1 by red 684:4:-1 at gen370 Univ0 prob=0.315
AgeVaxH35.js:2302 172I x:ageGp:fam 520:3:-1 by red 708:5:-1 at gen372 Univ0 prob=0.456
AgeVaxH35.js:2302 173I x:ageGp:fam 840:6:-1 by blue 170:2:-1 at gen374 Univ0 prob=0.932
AgeVaxH35.js:2302 174I x:ageGp:fam 418:3:-1 by red 214:2:-1 at gen376 Univ0 prob=0.624
AgeVaxH35.js:2302 175I x:ageGp:fam 56:1:-1 by blue 308:2:-1 at gen378 Univ0 prob=0.975
AgeVaxH35.js:2302 175I x:ageGp:fam 640:4:-1 by blue 268:2:-1 at gen379 Univ0 prob=0.836
AgeVaxH35.js:2302 175I x:ageGp:fam 333:2:-1 by red 787:5:-1 at gen379 Univ0 prob=0.185
AgeVaxH35.js:2302 175I x:ageGp:fam 848:6:-1 by red 396:3:-1 at gen379 Univ0 prob=0.141
AgeVaxH35.js:2302 176I x:ageGp:fam 371:3:-1 by blue 702:5:-1 at gen380 Univ0 prob=0.562
AgeVaxH35.js:2302 176I x:ageGp:fam 636:4:-1 by blue 739:5:-1 at gen380 Univ0 prob=0.777
AgeVaxH35.js:2302 181I x:ageGp:fam 186:2:-1 by blue 8:0:-1 at gen382 Univ0 prob=0.038
AgeVaxH35.js:2302 181I x:ageGp:fam 812:5:-1 by blue 8:0:-1 at gen382 Univ0 prob=0.665
AgeVaxH35.js:2302 181I x:ageGp:fam 599:4:-1 by red 272:2:-1 at gen382 Univ0 prob=0.743
AgeVaxH35.js:2302 181I x:ageGp:fam 422:3:-1 by blue 614:4:-1 at gen382 Univ0 prob=0.541
AgeVaxH35.js:2302 181I x:ageGp:fam 924:7:-1 by blue 341:2:-1 at gen383 Univ0 prob=0.059
AgeVaxH35.js:2302 181I x:ageGp:fam 525:3:-1 by yellow 409:3:-1 at gen383 Univ0 prob=0.265
AgeVaxH35.js:2302 185I x:ageGp:fam 852:6:-1 by yellow 645:4:-1 at gen384 Univ0 prob=0.294
AgeVaxH35.js:2302 187I x:ageGp:fam 980:8:-1 by blue 341:2:-1 at gen385 Univ0 prob=0.892
AgeVaxH35.js:2302 187I x:ageGp:fam 799:5:-1 by blue 548:4:-1 at gen385 Univ0 prob=0.656
AgeVaxH35.js:2302 187I x:ageGp:fam 799:5:-1 by blue 921:7:-1 at gen385 Univ0 prob=0.375
AgeVaxH35.js:2302 190I x:ageGp:fam 228:2:-1 by blue 308:2:-1 at gen391 Univ0 prob=0.013
AgeVaxH35.js:2302 190I x:ageGp:fam 29:0:-1 by blue 331:2:-1 at gen392 Univ0 prob=0.298
AgeVaxH35.js:2302 190I x:ageGp:fam 313:2:-1 by blue 702:5:-1 at gen392 Univ0 prob=0.602
AgeVaxH35.js:2302 190I x:ageGp:fam 563:4:-1 by blue 702:5:-1 at gen392 Univ0 prob=0.941
AgeVaxH35.js:2302 191I x:ageGp:fam 70:1:-1 by red 68:1:-1 at gen393 Univ0 prob=0.472
AgeVaxH35.js:2302 194I x:ageGp:fam 626:4:-1 by blue 0:0:-1 at gen394 Univ0 prob=0.247
AgeVaxH35.js:2302 194I x:ageGp:fam 720:5:-1 by red 27:0:-1 at gen394 Univ0 prob=0.563
AgeVaxH35.js:2302 197I x:ageGp:fam 257:2:-1 by blue 804:5:-1 at gen396 Univ0 prob=0.818
AgeVaxH35.js:2302 197I x:ageGp:fam 17:0:-1 by red 810:5:-1 at gen397 Univ0 prob=0.640
AgeVaxH35.js:2302 197I x:ageGp:fam 90:1:-1 by red 960:8:-1 at gen397 Univ0 prob=0.857
AgeVaxH35.js:2302 198I x:ageGp:fam 484:3:-1 by red 45:1:-1 at gen398 Univ0 prob=0.566
AgeVaxH35.js:2302 198I x:ageGp:fam 69:1:-1 by blue 331:2:-1 at gen398 Univ0 prob=0.889
AgeVaxH35.js:2302 198I x:ageGp:fam 332:2:-1 by red 360:3:-1 at gen398 Univ0 prob=0.126
AgeVaxH35.js:2302 198I x:ageGp:fam 484:3:-1 by blue 569:4:-1 at gen398 Univ0 prob=0.552
AgeVaxH35.js:2302 203I x:ageGp:fam 438:3:-1 by blue 820:5:-1 at gen400 Univ0 prob=0.886
AgeVaxH35.js:2302 203I x:ageGp:fam 676:4:-1 by blue 938:7:-1 at gen400 Univ0 prob=0.251
AgeVaxH35.js:2302 203I x:ageGp:fam 633:4:-1 by red 282:2:-1 at gen401 Univ0 prob=0.214
AgeVaxH35.js:2302 203I x:ageGp:fam 338:2:-1 by blue 341:2:-1 at gen401 Univ0 prob=0.460
AgeVaxH35.js:2302 205I x:ageGp:fam 650:4:-1 by blue 142:2:-1 at gen402 Univ0 prob=0.105
AgeVaxH35.js:2302 207I x:ageGp:fam 654:4:-1 by red 214:2:-1 at gen403 Univ0 prob=0.644
AgeVaxH35.js:2302 208I x:ageGp:fam 951:8:-1 by red 272:2:-1 at gen404 Univ0 prob=0.755
AgeVaxH35.js:2302 209I x:ageGp:fam 85:1:-1 by blue 8:0:-1 at gen405 Univ0 prob=0.666
AgeVaxH35.js:2302 209I x:ageGp:fam 846:6:-1 by blue 259:2:-1 at gen405 Univ0 prob=0.750
AgeVaxH35.js:2302 210I x:ageGp:fam 62:1:-1 by blue 409:3:-1 at gen406 Univ0 prob=0.724
AgeVaxH35.js:2302 210I x:ageGp:fam 558:4:-1 by red 921:7:-1 at gen406 Univ0 prob=0.593
AgeVaxH35.js:2302 214I x:ageGp:fam 978:8:-1 by blue 118:1:-1 at gen408 Univ0 prob=0.728
AgeVaxH35.js:2302 214I x:ageGp:fam 610:4:-1 by red 341:2:-1 at gen408 Univ0 prob=0.530
AgeVaxH35.js:2302 214I x:ageGp:fam 687:4:-1 by red 396:3:-1 at gen408 Univ0 prob=0.383
AgeVaxH35.js:2302 214I x:ageGp:fam 981:8:-1 by blue 510:3:-1 at gen409 Univ0 prob=0.539
AgeVaxH35.js:2302 217I x:ageGp:fam 50:1:-1 by red 272:2:-1 at gen410 Univ0 prob=0.679
AgeVaxH35.js:2302 218I x:ageGp:fam 627:4:-1 by blue 239:2:-1 at gen411 Univ0 prob=0.998
AgeVaxH35.js:2302 218I x:ageGp:fam 433:3:-1 by red 272:2:-1 at gen411 Univ0 prob=0.023
AgeVaxH35.js:2302 218I x:ageGp:fam 641:4:-1 by red 396:3:-1 at gen411 Univ0 prob=0.145
AgeVaxH35.js:2302 219I x:ageGp:fam 226:2:-1 by blue 510:3:-1 at gen412 Univ0 prob=0.216
AgeVaxH35.js:2302 219I x:ageGp:fam 601:4:-1 by blue 309:2:-1 at gen412 Univ0 prob=0.033
AgeVaxH35.js:2302 219I x:ageGp:fam 660:4:-1 by blue 573:4:-1 at gen412 Univ0 prob=0.824
AgeVaxH35.js:2302 219I x:ageGp:fam 691:5:-1 by red 787:5:-1 at gen412 Univ0 prob=0.758
AgeVaxH35.js:2302 222I x:ageGp:fam 491:3:-1 by blue 118:1:-1 at gen413 Univ0 prob=0.794
AgeVaxH35.js:2302 222I x:ageGp:fam 523:3:-1 by blue 702:5:-1 at gen413 Univ0 prob=0.967
AgeVaxH35.js:2302 228I x:ageGp:fam 285:2:-1 by blue 245:2:-1 at gen415 Univ0 prob=0.757
AgeVaxH35.js:2302 228I x:ageGp:fam 322:2:-1 by blue 938:7:-1 at gen415 Univ0 prob=0.854
AgeVaxH35.js:2302 228I x:ageGp:fam 606:4:-1 by blue 480:3:-1 at gen415 Univ0 prob=0.803
AgeVaxH35.js:2302 228I x:ageGp:fam 137:2:-1 by blue 0:0:-1 at gen416 Univ0 prob=0.002
AgeVaxH35.js:2302 228I x:ageGp:fam 325:2:-1 by blue 245:2:-1 at gen416 Univ0 prob=0.043
AgeVaxH35.js:2302 233I x:ageGp:fam 36:0:-1 by blue 245:2:-1 at gen418 Univ0 prob=0.752
AgeVaxH35.js:2302 233I x:ageGp:fam 556:4:-1 by blue 463:3:-1 at gen419 Univ0 prob=0.874
AgeVaxH35.js:2302 234I x:ageGp:fam 643:4:-1 by blue 825:6:-1 at gen420 Univ0 prob=0.392
AgeVaxH35.js:2302 235I x:ageGp:fam 915:7:-1 by blue 118:1:-1 at gen421 Univ0 prob=0.324
AgeVaxH35.js:2302 235I x:ageGp:fam 427:3:-1 by blue 170:2:-1 at gen421 Univ0 prob=0.952
AgeVaxH35.js:2302 235I x:ageGp:fam 571:4:-1 by blue 259:2:-1 at gen421 Univ0 prob=0.995
AgeVaxH35.js:2302 236I x:ageGp:fam 194:2:-1 by red 360:3:-1 at gen422 Univ0 prob=0.726
AgeVaxH35.js:2302 239I x:ageGp:fam 690:5:-1 by blue 239:2:-1 at gen423 Univ0 prob=0.207
AgeVaxH35.js:2302 241I x:ageGp:fam 198:2:-1 by red 308:2:-1 at gen425 Univ0 prob=0.402
AgeVaxH35.js:2302 241I x:ageGp:fam 460:3:-1 by blue 426:3:-1 at gen425 Univ0 prob=0.911
AgeVaxH35.js:2302 241I x:ageGp:fam 295:2:-1 by red 140:2:-1 at gen426 Univ0 prob=0.452
AgeVaxH35.js:2302 241I x:ageGp:fam 455:3:-1 by blue 245:2:-1 at gen426 Univ0 prob=0.004
AgeVaxH35.js:2302 241I x:ageGp:fam 953:8:-1 by blue 409:3:-1 at gen426 Univ0 prob=0.744
AgeVaxH35.js:2302 243I x:ageGp:fam 116:1:-1 by blue 757:5:-1 at gen427 Univ0 prob=0.208
AgeVaxH35.js:2302 243I x:ageGp:fam 454:3:-1 by blue 251:2:-1 at gen427 Univ0 prob=0.835
AgeVaxH35.js:2302 248I x:ageGp:fam 59:1:-1 by blue 259:2:-1 at gen430 Univ0 prob=0.326
AgeVaxH35.js:2302 248I x:ageGp:fam 437:3:-1 by red 960:8:-1 at gen430 Univ0 prob=0.797
AgeVaxH35.js:2302 250I x:ageGp:fam 543:4:-1 by red 214:2:-1 at gen432 Univ0 prob=0.304
AgeVaxH35.js:2302 251I x:ageGp:fam 312:2:-1 by blue 56:1:-1 at gen436 Univ0 prob=0.048
AgeVaxH35.js:2302 251I x:ageGp:fam 725:5:-1 by blue 510:3:-1 at gen437 Univ0 prob=0.133
AgeVaxH35.js:2302 251I x:ageGp:fam 652:4:-1 by blue 924:7:-1 at gen437 Univ0 prob=0.142
AgeVaxH35.js:2302 252I x:ageGp:fam 158:2:-1 by blue 520:3:-1 at gen438 Univ0 prob=0.144
AgeVaxH35.js:2302 252I x:ageGp:fam 828:6:-1 by red 419:3:-1 at gen438 Univ0 prob=0.995
AgeVaxH35.js:2302 252I x:ageGp:fam 677:4:-1 by blue 530:3:-1 at gen438 Univ0 prob=0.099
AgeVaxH35.js:2302 254I x:ageGp:fam 417:3:-1 by red 960:8:-1 at gen439 Univ0 prob=0.545
AgeVaxH35.js:2302 257I x:ageGp:fam 835:6:-1 by blue 209:2:-1 at gen440 Univ0 prob=0.066
AgeVaxH35.js:2302 257I x:ageGp:fam 493:3:-1 by red 341:2:-1 at gen440 Univ0 prob=0.325
AgeVaxH35.js:2302 258I x:ageGp:fam 458:3:-1 by blue 309:2:-1 at gen441 Univ0 prob=0.183
AgeVaxH35.js:2302 258I x:ageGp:fam 970:8:-1 by blue 510:3:-1 at gen441 Univ0 prob=0.278
AgeVaxH35.js:2302 262I x:ageGp:fam 881:6:-1 by blue 13:0:-1 at gen443 Univ0 prob=0.942
AgeVaxH35.js:2302 262I x:ageGp:fam 891:6:-1 by blue 13:0:-1 at gen443 Univ0 prob=0.527
AgeVaxH35.js:2302 262I x:ageGp:fam 807:5:-1 by blue 757:5:-1 at gen443 Univ0 prob=0.179
AgeVaxH35.js:2302 262I x:ageGp:fam 225:2:-1 by red 702:5:-1 at gen444 Univ0 prob=1.000
AgeVaxH35.js:2302 262I x:ageGp:fam 262:2:-1 by blue 520:3:-1 at gen444 Univ0 prob=0.684
AgeVaxH35.js:2302 262I x:ageGp:fam 663:4:-1 by blue 563:4:-1 at gen444 Univ0 prob=0.075
AgeVaxH35.js:2302 265I x:ageGp:fam 621:4:-1 by blue 228:2:-1 at gen445 Univ0 prob=0.506
AgeVaxH35.js:2302 265I x:ageGp:fam 385:3:-1 by blue 645:4:-1 at gen445 Univ0 prob=0.852
AgeVaxH35.js:2302 268I x:ageGp:fam 755:5:-1 by blue 757:5:-1 at gen446 Univ0 prob=0.447
AgeVaxH35.js:2302 270I x:ageGp:fam 734:5:-1 by blue 163:2:-1 at gen447 Univ0 prob=0.901
AgeVaxH35.js:2302 270I x:ageGp:fam 462:3:-1 by blue 852:6:-1 at gen447 Univ0 prob=0.771
AgeVaxH35.js:2302 270I x:ageGp:fam 632:4:-1 by blue 656:4:-1 at gen447 Univ0 prob=0.621
AgeVaxH35.js:2302 271I x:ageGp:fam 509:3:-1 by red 68:1:-1 at gen448 Univ0 prob=0.693
AgeVaxH35.js:2302 275I x:ageGp:fam 851:6:-1 by red 817:5:-1 at gen450 Univ0 prob=0.409
AgeVaxH35.js:2302 276I x:ageGp:fam 697:5:-1 by yellow 650:4:-1 at gen453 Univ0 prob=0.565
AgeVaxH35.js:2302 277I x:ageGp:fam 280:2:-1 by red 68:1:-1 at gen456 Univ0 prob=0.104
AgeVaxH35.js:2302 277I x:ageGp:fam 716:5:-1 by blue 520:3:-1 at gen456 Univ0 prob=0.341
AgeVaxH35.js:2302 277I x:ageGp:fam 760:5:-1 by blue 56:1:-1 at gen457 Univ0 prob=0.648
AgeVaxH35.js:2302 279I x:ageGp:fam 41:1:-1 by blue 333:2:-1 at gen458 Univ0 prob=0.531
AgeVaxH35.js:2302 280I x:ageGp:fam 179:2:-1 by blue 257:2:-1 at gen459 Univ0 prob=0.510
AgeVaxH35.js:2302 281I x:ageGp:fam 473:3:-1 by blue 520:3:-1 at gen460 Univ0 prob=0.526
AgeVaxH35.js:2302 283I x:ageGp:fam 532:3:-1 by yellow 601:4:-1 at gen462 Univ0 prob=0.172
AgeVaxH35.js:2302 283I x:ageGp:fam 570:4:-1 by blue 757:5:-1 at gen462 Univ0 prob=0.355
AgeVaxH35.js:2302 285I x:ageGp:fam 33:0:-1 by blue 186:2:-1 at gen464 Univ0 prob=0.289
AgeVaxH35.js:2302 285I x:ageGp:fam 97:1:-1 by blue 228:2:-1 at gen465 Univ0 prob=0.851
AgeVaxH35.js:2302 285I x:ageGp:fam 270:2:-1 by yellow 491:3:-1 at gen465 Univ0 prob=0.186
AgeVaxH35.js:2302 285I x:ageGp:fam 298:2:-1 by blue 513:3:-1 at gen465 Univ0 prob=0.331
AgeVaxH35.js:2302 285I x:ageGp:fam 431:3:-1 by red 409:3:-1 at gen465 Univ0 prob=0.523
AgeVaxH35.js:2302 286I x:ageGp:fam 63:1:-1 by blue 70:1:-1 at gen466 Univ0 prob=0.706
AgeVaxH35.js:2302 286I x:ageGp:fam 674:4:-1 by red 245:2:-1 at gen466 Univ0 prob=0.763
AgeVaxH35.js:2302 290I x:ageGp:fam 705:5:-1 by blue 520:3:-1 at gen467 Univ0 prob=0.685
AgeVaxH35.js:2302 290I x:ageGp:fam 661:4:-1 by blue 852:6:-1 at gen467 Univ0 prob=0.868
AgeVaxH35.js:2302 292I x:ageGp:fam 224:2:-1 by blue 285:2:-1 at gen468 Univ0 prob=0.558
AgeVaxH35.js:2302 294I x:ageGp:fam 277:2:-1 by red 200:2:-1 at gen469 Univ0 prob=0.298
AgeVaxH35.js:2302 294I x:ageGp:fam 671:4:-1 by red 303:2:-1 at gen469 Univ0 prob=0.417
AgeVaxH35.js:2302 295I x:ageGp:fam 44:1:-1 by blue 812:5:-1 at gen470 Univ0 prob=0.008
AgeVaxH35.js:2302 295I x:ageGp:fam 406:3:-1 by blue 812:5:-1 at gen470 Univ0 prob=0.239
AgeVaxH35.js:2302 295I x:ageGp:fam 608:4:-1 by blue 723:5:-1 at gen470 Univ0 prob=0.977
AgeVaxH35.js:2302 295I x:ageGp:fam 637:4:-1 by blue 636:4:-1 at gen470 Univ0 prob=0.104
AgeVaxH35.js:2302 295I x:ageGp:fam 637:4:-1 by red 702:5:-1 at gen470 Univ0 prob=0.333
AgeVaxH35.js:2302 297I x:ageGp:fam 273:2:-1 by red 587:4:-1 at gen471 Univ0 prob=0.164
AgeVaxH35.js:2302 297I x:ageGp:fam 908:7:-1 by blue 626:4:-1 at gen471 Univ0 prob=0.209
AgeVaxH35.js:2302 303I x:ageGp:fam 923:7:-1 by blue 90:1:-1 at gen474 Univ0 prob=0.899
AgeVaxH35.js:2302 303I x:ageGp:fam 809:5:-1 by blue 338:2:-1 at gen474 Univ0 prob=0.212
AgeVaxH35.js:2302 303I x:ageGp:fam 974:8:-1 by blue 338:2:-1 at gen474 Univ0 prob=0.285
AgeVaxH35.js:2302 306I x:ageGp:fam 108:1:-1 by red 587:4:-1 at gen476 Univ0 prob=0.550
AgeVaxH35.js:2302 307I x:ageGp:fam 221:2:-1 by blue 186:2:-1 at gen478 Univ0 prob=0.416
AgeVaxH35.js:2302 307I x:ageGp:fam 387:3:-1 by blue 313:2:-1 at gen478 Univ0 prob=0.609
AgeVaxH35.js:2302 309I x:ageGp:fam 135:2:-1 by red 645:4:-1 at gen481 Univ0 prob=0.637
AgeVaxH35.js:2302 309I x:ageGp:fam 837:6:-1 by red 8:0:-1 at gen482 Univ0 prob=0.418
AgeVaxH35.js:2302 309I x:ageGp:fam 592:4:-1 by blue 371:3:-1 at gen482 Univ0 prob=0.941
AgeVaxH35.js:2302 309I x:ageGp:fam 642:4:-1 by blue 852:6:-1 at gen482 Univ0 prob=0.579
AgeVaxH35.js:2302 313I x:ageGp:fam 423:3:-1 by red 8:0:-1 at gen484 Univ0 prob=0.877
AgeVaxH35.js:2302 313I x:ageGp:fam 389:3:-1 by blue 799:5:-1 at gen484 Univ0 prob=0.192
AgeVaxH35.js:2302 315I x:ageGp:fam 117:1:-1 by red 259:2:-1 at gen486 Univ0 prob=0.125
AgeVaxH35.js:2302 315I x:ageGp:fam 769:5:-1 by blue 981:8:-1 at gen486 Univ0 prob=0.850
AgeVaxH35.js:2302 315I x:ageGp:fam 57:1:-1 by red 434:3:-1 at gen487 Univ0 prob=0.568
AgeVaxH35.js:2302 315I x:ageGp:fam 93:1:-1 by yellow 312:2:-1 at gen487 Univ0 prob=0.948
AgeVaxH35.js:2302 317I x:ageGp:fam 31:0:-1 by red 184:2:-1 at gen488 Univ0 prob=0.331
AgeVaxH35.js:2302 317I x:ageGp:fam 223:2:-1 by blue 371:3:-1 at gen488 Univ0 prob=0.319
AgeVaxH35.js:2302 317I x:ageGp:fam 864:6:-1 by blue 523:3:-1 at gen488 Univ0 prob=0.724
AgeVaxH35.js:2302 319I x:ageGp:fam 227:2:-1 by blue 601:4:-1 at gen489 Univ0 prob=0.348
AgeVaxH35.js:2302 322I x:ageGp:fam 369:3:-1 by blue 691:5:-1 at gen490 Univ0 prob=0.534
AgeVaxH35.js:2302 322I x:ageGp:fam 932:7:-1 by blue 812:5:-1 at gen490 Univ0 prob=0.149
AgeVaxH35.js:2302 323I x:ageGp:fam 940:7:-1 by blue 325:2:-1 at gen491 Univ0 prob=0.557
AgeVaxH35.js:2302 323I x:ageGp:fam 421:3:-1 by blue 848:6:-1 at gen491 Univ0 prob=0.358
AgeVaxH35.js:2302 327I x:ageGp:fam 211:2:-1 by blue 85:1:-1 at gen494 Univ0 prob=0.884
AgeVaxH35.js:2302 327I x:ageGp:fam 380:3:-1 by blue 371:3:-1 at gen494 Univ0 prob=0.810
AgeVaxH35.js:2302 327I x:ageGp:fam 408:3:-1 by blue 520:3:-1 at gen494 Univ0 prob=0.854
AgeVaxH35.js:2302 330I x:ageGp:fam 794:5:-1 by blue 285:2:-1 at gen496 Univ0 prob=0.085
AgeVaxH35.js:2302 330I x:ageGp:fam 318:2:-1 by yellow 663:4:-1 at gen496 Univ0 prob=0.320
AgeVaxH35.js:2302 330I x:ageGp:fam 777:5:-1 by blue 571:4:-1 at gen496 Univ0 prob=0.038
AgeVaxH35.js:2302 333I x:ageGp:fam 344:2:-1 by red 587:4:-1 at gen499 Univ0 prob=0.130
AgeVaxH35.js:2302 333I x:ageGp:fam 231:2:-1 by red 259:2:-1 at gen500 Univ0 prob=0.698
AgeVaxH35.js:2302 333I x:ageGp:fam 315:2:-1 by blue 313:2:-1 at gen500 Univ0 prob=0.926
AgeVaxH35.js:2302 334I x:ageGp:fam 836:6:-1 by yellow 697:5:-1 at gen501 Univ0 prob=0.477
AgeVaxH35.js:2302 336I x:ageGp:fam 202:2:-1 by blue 116:1:-1 at gen502 Univ0 prob=0.184
AgeVaxH35.js:2302 336I x:ageGp:fam 514:3:-1 by blue 571:4:-1 at gen502 Univ0 prob=0.361
AgeVaxH35.js:2302 339I x:ageGp:fam 60:1:-1 by red 587:4:-1 at gen505 Univ0 prob=0.557
AgeVaxH35.js:2302 339I x:ageGp:fam 151:2:-1 by blue 90:1:-1 at gen505 Univ0 prob=0.294
AgeVaxH35.js:2302 339I x:ageGp:fam 801:5:-1 by red 259:2:-1 at gen505 Univ0 prob=0.232
AgeVaxH35.js:2302 339I x:ageGp:fam 860:6:-1 by red 656:4:-1 at gen505 Univ0 prob=0.433
AgeVaxH35.js:2302 339I x:ageGp:fam 461:3:-1 by blue 807:5:-1 at gen506 Univ0 prob=0.539
AgeVaxH35.js:2302 344I x:ageGp:fam 878:6:-1 by blue 491:3:-1 at gen509 Univ0 prob=0.428
AgeVaxH35.js:2302 344I x:ageGp:fam 759:5:-1 by blue 891:6:-1 at gen509 Univ0 prob=0.701
AgeVaxH35.js:2302 344I x:ageGp:fam 146:2:-1 by red 924:7:-1 at gen510 Univ0 prob=0.440
AgeVaxH35.js:2302 344I x:ageGp:fam 183:2:-1 by blue 663:4:-1 at gen510 Univ0 prob=0.489
AgeVaxH35.js:2302 346I x:ageGp:fam 335:2:-1 by red 313:2:-1 at gen511 Univ0 prob=0.732
AgeVaxH35.js:2302 349I x:ageGp:fam 367:3:-1 by red 587:4:-1 at gen513 Univ0 prob=0.667
AgeVaxH35.js:2302 349I x:ageGp:fam 613:4:-1 by red 434:3:-1 at gen513 Univ0 prob=0.041
AgeVaxH35.js:2302 349I x:ageGp:fam 40:1:-1 by blue 571:4:-1 at gen514 Univ0 prob=0.049
AgeVaxH35.js:2302 349I x:ageGp:fam 862:6:-1 by blue 654:4:-1 at gen514 Univ0 prob=0.423
AgeVaxH35.js:2302 351I x:ageGp:fam 834:6:-1 by blue 663:4:-1 at gen515 Univ0 prob=0.987
AgeVaxH35.js:2302 353I x:ageGp:fam 14:0:-1 by blue 493:3:-1 at gen516 Univ0 prob=0.158
AgeVaxH35.js:2302 353I x:ageGp:fam 976:8:-1 by blue 33:0:-1 at gen516 Univ0 prob=0.437
AgeVaxH35.js:2302 353I x:ageGp:fam 448:3:-1 by blue 454:3:-1 at gen516 Univ0 prob=0.761
AgeVaxH35.js:2302 354I x:ageGp:fam 888:6:-1 by blue 473:3:-1 at gen517 Univ0 prob=0.677
AgeVaxH35.js:2302 357I x:ageGp:fam 203:2:-1 by blue 571:4:-1 at gen518 Univ0 prob=0.714
AgeVaxH35.js:2302 357I x:ageGp:fam 669:4:-1 by red 209:2:-1 at gen518 Univ0 prob=0.274
AgeVaxH35.js:2302 357I x:ageGp:fam 555:4:-1 by blue 454:3:-1 at gen518 Univ0 prob=0.745
AgeVaxH35.js:2302 361I x:ageGp:fam 594:4:-1 by red 587:4:-1 at gen520 Univ0 prob=0.157
AgeVaxH35.js:2302 361I x:ageGp:fam 857:6:-1 by blue 697:5:-1 at gen520 Univ0 prob=0.720
AgeVaxH35.js:2302 361I x:ageGp:fam 46:1:-1 by blue 137:2:-1 at gen521 Univ0 prob=0.705
AgeVaxH35.js:2302 361I x:ageGp:fam 175:2:-1 by blue 601:4:-1 at gen521 Univ0 prob=0.165
AgeVaxH35.js:2302 363I x:ageGp:fam 936:7:-1 by blue 691:5:-1 at gen522 Univ0 prob=0.517
AgeVaxH35.js:2302 366I x:ageGp:fam 22:0:-1 by red 333:2:-1 at gen525 Univ0 prob=0.125
AgeVaxH35.js:2302 366I x:ageGp:fam 35:0:-1 by blue 697:5:-1 at gen525 Univ0 prob=0.846
AgeVaxH35.js:2302 366I x:ageGp:fam 565:4:-1 by blue 650:4:-1 at gen525 Univ0 prob=0.539
AgeVaxH35.js:2302 369I x:ageGp:fam 53:1:-1 by blue 85:1:-1 at gen528 Univ0 prob=0.221
AgeVaxH35.js:2302 369I x:ageGp:fam 471:3:-1 by blue 85:1:-1 at gen528 Univ0 prob=0.437
AgeVaxH35.js:2302 369I x:ageGp:fam 391:3:-1 by blue 697:5:-1 at gen528 Univ0 prob=0.017
AgeVaxH35.js:2302 369I x:ageGp:fam 166:2:-1 by red 691:5:-1 at gen529 Univ0 prob=0.796
AgeVaxH35.js:2302 369I x:ageGp:fam 328:2:-1 by red 852:6:-1 at gen529 Univ0 prob=0.229
AgeVaxH35.js:2302 369I x:ageGp:fam 365:3:-1 by blue 621:4:-1 at gen529 Univ0 prob=0.864
AgeVaxH35.js:2302 369I x:ageGp:fam 552:4:-1 by red 371:3:-1 at gen529 Univ0 prob=0.720
AgeVaxH35.js:2302 369I x:ageGp:fam 841:6:-1 by blue 621:4:-1 at gen529 Univ0 prob=0.379
AgeVaxH35.js:2302 377I x:ageGp:fam 347:2:-1 by blue 387:3:-1 at gen531 Univ0 prob=0.196
AgeVaxH35.js:2302 378I x:ageGp:fam 39:0:-1 by blue 473:3:-1 at gen533 Univ0 prob=0.033
AgeVaxH35.js:2302 378I x:ageGp:fam 692:5:-1 by red 85:1:-1 at gen534 Univ0 prob=0.650
AgeVaxH35.js:2302 378I x:ageGp:fam 900:6:-1 by red 687:4:-1 at gen534 Univ0 prob=0.814
AgeVaxH35.js:2302 378I x:ageGp:fam 813:5:-1 by blue 881:6:-1 at gen534 Univ0 prob=0.589
AgeVaxH35.js:2302 379I x:ageGp:fam 288:2:-1 by blue 97:1:-1 at gen535 Univ0 prob=0.758
AgeVaxH35.js:2302 379I x:ageGp:fam 994:9:-1 by red 313:2:-1 at gen535 Univ0 prob=0.869
AgeVaxH35.js:2302 382I x:ageGp:fam 821:6:-1 by red 313:2:-1 at gen536 Univ0 prob=0.440
AgeVaxH35.js:2302 382I x:ageGp:fam 942:7:-1 by blue 458:3:-1 at gen536 Univ0 prob=0.541
AgeVaxH35.js:2302 382I x:ageGp:fam 972:8:-1 by blue 690:5:-1 at gen536 Univ0 prob=0.584
AgeVaxH35.js:2302 384I x:ageGp:fam 489:3:-1 by blue 225:2:-1 at gen537 Univ0 prob=0.639
AgeVaxH35.js:2302 384I x:ageGp:fam 550:4:-1 by blue 262:2:-1 at gen537 Univ0 prob=0.028
AgeVaxH35.js:2302 389I x:ageGp:fam 398:3:-1 by blue 455:3:-1 at gen539 Univ0 prob=0.862
AgeVaxH35.js:2302 389I x:ageGp:fam 501:3:-1 by blue 33:0:-1 at gen540 Univ0 prob=0.136
AgeVaxH35.js:2302 389I x:ageGp:fam 266:2:-1 by blue 851:6:-1 at gen540 Univ0 prob=0.499
AgeVaxH35.js:2302 389I x:ageGp:fam 963:8:-1 by red 852:6:-1 at gen540 Univ0 prob=0.187
AgeVaxH35.js:2302 390I x:ageGp:fam 100:1:-1 by blue 431:3:-1 at gen541 Univ0 prob=0.855
AgeVaxH35.js:2302 390I x:ageGp:fam 160:2:-1 by red 349:2:-1 at gen541 Univ0 prob=0.560
AgeVaxH35.js:2302 390I x:ageGp:fam 486:3:-1 by blue 809:5:-1 at gen541 Univ0 prob=0.924
AgeVaxH35.js:2302 393I x:ageGp:fam 522:3:-1 by blue 417:3:-1 at gen542 Univ0 prob=0.579
AgeVaxH35.js:2302 396I x:ageGp:fam 892:6:-1 by blue 44:1:-1 at gen543 Univ0 prob=0.304
AgeVaxH35.js:2302 396I x:ageGp:fam 80:1:-1 by blue 674:4:-1 at gen543 Univ0 prob=0.444
AgeVaxH35.js:2302 396I x:ageGp:fam 121:1:-1 by blue 592:4:-1 at gen543 Univ0 prob=0.394
AgeVaxH35.js:2302 397I x:ageGp:fam 625:4:-1 by blue 44:1:-1 at gen544 Univ0 prob=0.834
AgeVaxH35.js:2302 397I x:ageGp:fam 827:6:-1 by blue 273:2:-1 at gen544 Univ0 prob=0.758
AgeVaxH35.js:2302 400I x:ageGp:fam 342:2:-1 by red 852:6:-1 at gen545 Univ0 prob=0.080
AgeVaxH35.js:2302 402I x:ageGp:fam 946:7:-1 by blue 697:5:-1 at gen546 Univ0 prob=0.940
AgeVaxH35.js:2302 403I x:ageGp:fam 234:2:-1 by red 556:4:-1 at gen547 Univ0 prob=0.080
AgeVaxH35.js:2302 404I x:ageGp:fam 393:3:-1 by blue 851:6:-1 at gen548 Univ0 prob=0.087
AgeVaxH35.js:2302 405I x:ageGp:fam 870:6:-1 by red 520:3:-1 at gen549 Univ0 prob=0.042
AgeVaxH35.js:2302 406I x:ageGp:fam 302:2:-1 by blue 312:2:-1 at gen550 Univ0 prob=0.303
AgeVaxH35.js:2302 406I x:ageGp:fam 506:3:-1 by red 812:5:-1 at gen550 Univ0 prob=0.037
AgeVaxH35.js:2302 406I x:ageGp:fam 998:9:-1 by red 641:4:-1 at gen550 Univ0 prob=0.393
AgeVaxH35.js:2302 407I x:ageGp:fam 159:2:-1 by blue 116:1:-1 at gen551 Univ0 prob=0.193
AgeVaxH35.js:2302 407I x:ageGp:fam 219:2:-1 by red 313:2:-1 at gen551 Univ0 prob=0.022
AgeVaxH35.js:2302 407I x:ageGp:fam 928:7:-1 by blue 908:7:-1 at gen551 Univ0 prob=0.258
AgeVaxH35.js:2302 410I x:ageGp:fam 397:3:-1 by blue 97:1:-1 at gen552 Univ0 prob=0.362
AgeVaxH35.js:2302 410I x:ageGp:fam 191:2:-1 by blue 851:6:-1 at gen552 Univ0 prob=0.993
AgeVaxH35.js:2302 413I x:ageGp:fam 689:4:-1 by blue 493:3:-1 at gen553 Univ0 prob=0.031
AgeVaxH35.js:2302 415I x:ageGp:fam 988:9:-1 by blue 135:2:-1 at gen554 Univ0 prob=0.641
AgeVaxH35.js:2302 416I x:ageGp:fam 48:1:-1 by blue 273:2:-1 at gen555 Univ0 prob=0.890
AgeVaxH35.js:2302 416I x:ageGp:fam 86:1:-1 by red 812:5:-1 at gen555 Univ0 prob=0.078
AgeVaxH35.js:2302 416I x:ageGp:fam 274:2:-1 by red 371:3:-1 at gen555 Univ0 prob=0.209
AgeVaxH35.js:2302 417I x:ageGp:fam 521:3:-1 by blue 231:2:-1 at gen556 Univ0 prob=0.380
AgeVaxH35.js:2302 417I x:ageGp:fam 831:6:-1 by red 285:2:-1 at gen556 Univ0 prob=0.395
AgeVaxH35.js:2302 420I x:ageGp:fam 736:5:-1 by blue 705:5:-1 at gen557 Univ0 prob=0.510
AgeVaxH35.js:2302 422I x:ageGp:fam 102:1:-1 by blue 273:2:-1 at gen558 Univ0 prob=0.580
AgeVaxH35.js:2302 423I x:ageGp:fam 495:3:-1 by red 571:4:-1 at gen559 Univ0 prob=0.218
AgeVaxH35.js:2302 424I x:ageGp:fam 754:5:-1 by red 571:4:-1 at gen560 Univ0 prob=0.117
AgeVaxH35.js:2302 426I x:ageGp:fam 529:3:-1 by blue 592:4:-1 at gen562 Univ0 prob=0.919
AgeVaxH35.js:2302 426I x:ageGp:fam 30:0:-1 by blue 621:4:-1 at gen563 Univ0 prob=0.009
AgeVaxH35.js:2302 426I x:ageGp:fam 148:2:-1 by blue 221:2:-1 at gen563 Univ0 prob=0.906
AgeVaxH35.js:2302 426I x:ageGp:fam 199:2:-1 by blue 621:4:-1 at gen563 Univ0 prob=0.766
AgeVaxH35.js:2302 426I x:ageGp:fam 329:2:-1 by blue 697:5:-1 at gen563 Univ0 prob=0.879
AgeVaxH35.js:2302 426I x:ageGp:fam 515:3:-1 by blue 851:6:-1 at gen563 Univ0 prob=0.324
AgeVaxH35.js:2302 426I x:ageGp:fam 897:6:-1 by blue 674:4:-1 at gen563 Univ0 prob=0.777
AgeVaxH35.js:2302 433I x:ageGp:fam 5:0:-1 by red 460:3:-1 at gen565 Univ0 prob=0.174
AgeVaxH35.js:2302 433I x:ageGp:fam 943:7:-1 by blue 315:2:-1 at gen566 Univ0 prob=0.296
AgeVaxH35.js:2302 433I x:ageGp:fam 612:4:-1 by blue 369:3:-1 at gen566 Univ0 prob=0.814
AgeVaxH35.js:2302 434I x:ageGp:fam 701:5:-1 by red 571:4:-1 at gen567 Univ0 prob=0.518
AgeVaxH35.js:2302 434I x:ageGp:fam 589:4:-1 by blue 705:5:-1 at gen567 Univ0 prob=0.281
AgeVaxH35.js:2302 436I x:ageGp:fam 808:5:-1 by red 116:1:-1 at gen568 Univ0 prob=0.551
AgeVaxH35.js:2302 436I x:ageGp:fam 902:7:-1 by red 262:2:-1 at gen568 Univ0 prob=0.528
AgeVaxH35.js:2302 438I x:ageGp:fam 482:3:-1 by blue 44:1:-1 at gen569 Univ0 prob=0.308
AgeVaxH35.js:2302 438I x:ageGp:fam 402:3:-1 by blue 674:4:-1 at gen569 Univ0 prob=0.386
AgeVaxH35.js:2302 440I x:ageGp:fam 788:5:-1 by blue 974:8:-1 at gen570 Univ0 prob=0.543
AgeVaxH35.js:2302 443I x:ageGp:fam 975:8:-1 by blue 369:3:-1 at gen572 Univ0 prob=0.694
AgeVaxH35.js:2302 443I x:ageGp:fam 975:8:-1 by red 691:5:-1 at gen572 Univ0 prob=0.617
AgeVaxH35.js:2302 444I x:ageGp:fam 789:5:-1 by blue 674:4:-1 at gen574 Univ0 prob=0.237
AgeVaxH35.js:2302 444I x:ageGp:fam 47:1:-1 by blue 183:2:-1 at gen575 Univ0 prob=0.366
AgeVaxH35.js:2302 444I x:ageGp:fam 783:5:-1 by blue 221:2:-1 at gen575 Univ0 prob=0.290
AgeVaxH35.js:2302 444I x:ageGp:fam 986:9:-1 by red 437:3:-1 at gen575 Univ0 prob=0.667
AgeVaxH35.js:2302 444I x:ageGp:fam 481:3:-1 by blue 836:6:-1 at gen575 Univ0 prob=0.484
AgeVaxH35.js:2302 449I x:ageGp:fam 585:4:-1 by red 116:1:-1 at gen577 Univ0 prob=0.246
AgeVaxH35.js:2302 449I x:ageGp:fam 38:0:-1 by blue 809:5:-1 at gen578 Univ0 prob=0.948
AgeVaxH35.js:2302 449I x:ageGp:fam 748:5:-1 by red 116:1:-1 at gen578 Univ0 prob=0.928
AgeVaxH35.js:2302 450I x:ageGp:fam 294:2:-1 by blue 387:3:-1 at gen579 Univ0 prob=0.596
AgeVaxH35.js:2302 453I x:ageGp:fam 390:3:-1 by red 116:1:-1 at gen581 Univ0 prob=0.332
AgeVaxH35.js:2302 453I x:ageGp:fam 620:4:-1 by blue 794:5:-1 at gen581 Univ0 prob=0.931
AgeVaxH35.js:2302 453I x:ageGp:fam 662:4:-1 by blue 661:4:-1 at gen582 Univ0 prob=0.908
AgeVaxH35.js:2302 456I x:ageGp:fam 791:5:-1 by blue 97:1:-1 at gen584 Univ0 prob=0.682
AgeVaxH35.js:2302 456I x:ageGp:fam 305:2:-1 by blue 335:2:-1 at gen584 Univ0 prob=0.739
AgeVaxH35.js:2302 458I x:ageGp:fam 3:0:-1 by red 325:2:-1 at gen587 Univ0 prob=0.361
AgeVaxH35.js:2302 458I x:ageGp:fam 3:0:-1 by blue 335:2:-1 at gen587 Univ0 prob=0.236
AgeVaxH35.js:2302 458I x:ageGp:fam 359:3:-1 by blue 273:2:-1 at gen587 Univ0 prob=0.032
AgeVaxH35.js:2302 458I x:ageGp:fam 935:7:-1 by blue 40:1:-1 at gen588 Univ0 prob=0.596
AgeVaxH35.js:2302 458I x:ageGp:fam 43:1:-1 by blue 211:2:-1 at gen588 Univ0 prob=0.518
AgeVaxH35.js:2302 458I x:ageGp:fam 898:6:-1 by red 285:2:-1 at gen588 Univ0 prob=0.322
AgeVaxH35.js:2302 458I x:ageGp:fam 306:2:-1 by blue 777:5:-1 at gen588 Univ0 prob=0.169
AgeVaxH35.js:2302 460I x:ageGp:fam 115:1:-1 by blue 14:0:-1 at gen589 Univ0 prob=0.307
AgeVaxH35.js:2302 465I x:ageGp:fam 551:4:-1 by blue 841:6:-1 at gen591 Univ0 prob=0.527
AgeVaxH35.js:2302 465I x:ageGp:fam 773:5:-1 by blue 471:3:-1 at gen592 Univ0 prob=0.971
AgeVaxH35.js:2302 466I x:ageGp:fam 541:4:-1 by red 59:1:-1 at gen593 Univ0 prob=0.289
AgeVaxH35.js:2302 466I x:ageGp:fam 372:3:-1 by red 387:3:-1 at gen593 Univ0 prob=0.106
AgeVaxH35.js:2302 466I x:ageGp:fam 758:5:-1 by red 661:4:-1 at gen593 Univ0 prob=0.994
AgeVaxH35.js:2302 470I x:ageGp:fam 843:6:-1 by blue 183:2:-1 at gen596 Univ0 prob=0.731
AgeVaxH35.js:2302 470I x:ageGp:fam 248:2:-1 by red 807:5:-1 at gen597 Univ0 prob=0.255
AgeVaxH35.js:2302 471I x:ageGp:fam 882:6:-1 by blue 888:6:-1 at gen598 Univ0 prob=0.935
AgeVaxH35.js:2302 473I x:ageGp:fam 169:2:-1 by blue 219:2:-1 at gen600 Univ0 prob=0.762
AgeVaxH35.js:2302 473I x:ageGp:fam 749:5:-1 by blue 594:4:-1 at gen600 Univ0 prob=0.311
AgeVaxH35.js:2302 473I x:ageGp:fam 893:6:-1 by blue 40:1:-1 at gen601 Univ0 prob=0.914
AgeVaxH35.js:2302 473I x:ageGp:fam 527:3:-1 by red 59:1:-1 at gen601 Univ0 prob=0.538
AgeVaxH35.js:2302 473I x:ageGp:fam 149:2:-1 by blue 365:3:-1 at gen601 Univ0 prob=0.816
AgeVaxH35.js:2302 475I x:ageGp:fam 507:3:-1 by blue 841:6:-1 at gen602 Univ0 prob=0.443
AgeVaxH35.js:2302 478I x:ageGp:fam 912:7:-1 by blue 367:3:-1 at gen603 Univ0 prob=0.205
AgeVaxH35.js:2302 478I x:ageGp:fam 780:5:-1 by red 661:4:-1 at gen603 Univ0 prob=0.076
AgeVaxH35.js:2302 479I x:ageGp:fam 368:3:-1 by red 59:1:-1 at gen604 Univ0 prob=0.069
AgeVaxH35.js:2302 479I x:ageGp:fam 348:2:-1 by blue 391:3:-1 at gen604 Univ0 prob=0.463
AgeVaxH35.js:2302 481I x:ageGp:fam 901:6:-1 by red 36:0:-1 at gen605 Univ0 prob=0.867
AgeVaxH35.js:2302 483I x:ageGp:fam 75:1:-1 by red 697:5:-1 at gen606 Univ0 prob=0.993
AgeVaxH35.js:2302 484I x:ageGp:fam 442:3:-1 by blue 22:0:-1 at gen607 Univ0 prob=0.844
AgeVaxH35.js:2302 484I x:ageGp:fam 658:4:-1 by blue 86:1:-1 at gen607 Univ0 prob=0.454
AgeVaxH35.js:2302 487I x:ageGp:fam 832:6:-1 by red 116:1:-1 at gen609 Univ0 prob=0.198
AgeVaxH35.js:2302 487I x:ageGp:fam 931:7:-1 by blue 994:9:-1 at gen609 Univ0 prob=0.614
AgeVaxH35.js:2302 489I x:ageGp:fam 618:4:-1 by red 44:1:-1 at gen611 Univ0 prob=0.190
AgeVaxH35.js:2302 489I x:ageGp:fam 805:5:-1 by blue 827:6:-1 at gen612 Univ0 prob=0.417
AgeVaxH35.js:2302 490I x:ageGp:fam 83:1:-1 by red 642:4:-1 at gen613 Univ0 prob=0.931
AgeVaxH35.js:2302 490I x:ageGp:fam 83:1:-1 by blue 976:8:-1 at gen613 Univ0 prob=0.874
AgeVaxH35.js:2302 490I x:ageGp:fam 374:3:-1 by red 437:3:-1 at gen613 Univ0 prob=0.997
AgeVaxH35.js:2302 493I x:ageGp:fam 899:6:-1 by blue 60:1:-1 at gen616 Univ0 prob=0.570
AgeVaxH35.js:2302 493I x:ageGp:fam 106:1:-1 by red 697:5:-1 at gen616 Univ0 prob=0.366
AgeVaxH35.js:2302 493I x:ageGp:fam 178:2:-1 by blue 900:6:-1 at gen616 Univ0 prob=0.370
AgeVaxH35.js:2302 496I x:ageGp:fam 25:0:-1 by red 221:2:-1 at gen618 Univ0 prob=0.531
AgeVaxH35.js:2302 496I x:ageGp:fam 161:2:-1 by blue 994:9:-1 at gen618 Univ0 prob=0.716
AgeVaxH35.js:2302 496I x:ageGp:fam 796:5:-1 by red 179:2:-1 at gen618 Univ0 prob=0.248
AgeVaxH35.js:2302 496I x:ageGp:fam 887:6:-1 by blue 202:2:-1 at gen618 Univ0 prob=0.034
AgeVaxH35.js:2302 496I x:ageGp:fam 731:5:-1 by red 224:2:-1 at gen618 Univ0 prob=0.109
AgeVaxH35.js:2302 501I x:ageGp:fam 113:1:-1 by blue 288:2:-1 at gen620 Univ0 prob=0.270
AgeVaxH35.js:2302 501I x:ageGp:fam 531:3:-1 by blue 841:6:-1 at gen621 Univ0 prob=0.900
AgeVaxH35.js:2302 502I x:ageGp:fam 865:6:-1 by red 262:2:-1 at gen622 Univ0 prob=0.831
AgeVaxH35.js:2302 503I x:ageGp:fam 670:4:-1 by blue 594:4:-1 at gen623 Univ0 prob=0.284
AgeVaxH35.js:2302 503I x:ageGp:fam 664:4:-1 by blue 892:6:-1 at gen623 Univ0 prob=0.730
AgeVaxH35.js:2302 504I x:ageGp:fam 356:2:-1 by blue 841:6:-1 at gen624 Univ0 prob=0.565
AgeVaxH35.js:2302 506I x:ageGp:fam 366:3:-1 by blue 789:5:-1 at gen625 Univ0 prob=0.428
AgeVaxH35.js:2302 507I x:ageGp:fam 424:3:-1 by red 592:4:-1 at gen626 Univ0 prob=0.211
AgeVaxH35.js:2302 508I x:ageGp:fam 307:2:-1 by blue 471:3:-1 at gen627 Univ0 prob=0.251
AgeVaxH35.js:2302 509I x:ageGp:fam 503:3:-1 by red 221:2:-1 at gen628 Univ0 prob=0.257
AgeVaxH35.js:2302 509I x:ageGp:fam 868:6:-1 by blue 266:2:-1 at gen628 Univ0 prob=0.130
AgeVaxH35.js:2302 509I x:ageGp:fam 316:2:-1 by blue 594:4:-1 at gen628 Univ0 prob=0.507
AgeVaxH35.js:2302 509I x:ageGp:fam 776:5:-1 by red 621:4:-1 at gen628 Univ0 prob=0.607
AgeVaxH35.js:2302 510I x:ageGp:fam 28:0:-1 by blue 831:6:-1 at gen629 Univ0 prob=0.228
AgeVaxH35.js:2302 514I x:ageGp:fam 119:1:-1 by yellow 294:2:-1 at gen630 Univ0 prob=0.532
AgeVaxH35.js:2302 514I x:ageGp:fam 778:5:-1 by yellow 294:2:-1 at gen630 Univ0 prob=0.091
AgeVaxH35.js:2302 514I x:ageGp:fam 673:4:-1 by red 923:7:-1 at gen630 Univ0 prob=0.255
AgeVaxH35.js:2302 518I x:ageGp:fam 204:2:-1 by blue 365:3:-1 at gen634 Univ0 prob=0.048
AgeVaxH35.js:2302 518I x:ageGp:fam 384:3:-1 by blue 521:3:-1 at gen634 Univ0 prob=0.323
AgeVaxH35.js:2302 518I x:ageGp:fam 443:3:-1 by blue 495:3:-1 at gen634 Univ0 prob=0.918
AgeVaxH35.js:2302 518I x:ageGp:fam 487:3:-1 by red 881:6:-1 at gen634 Univ0 prob=0.698
AgeVaxH35.js:2302 518I x:ageGp:fam 103:1:-1 by red 224:2:-1 at gen635 Univ0 prob=0.909
AgeVaxH35.js:2302 522I x:ageGp:fam 934:7:-1 by blue 620:4:-1 at gen636 Univ0 prob=0.640
AgeVaxH35.js:2302 523I x:ageGp:fam 152:2:-1 by blue 48:1:-1 at gen637 Univ0 prob=0.750
AgeVaxH35.js:2302 523I x:ageGp:fam 263:2:-1 by blue 199:2:-1 at gen637 Univ0 prob=0.560
AgeVaxH35.js:2302 524I x:ageGp:fam 34:0:-1 by blue 946:7:-1 at gen638 Univ0 prob=0.295
AgeVaxH35.js:2302 524I x:ageGp:fam 188:2:-1 by red 851:6:-1 at gen638 Univ0 prob=0.024
AgeVaxH35.js:2302 528I x:ageGp:fam 920:7:-1 by red 202:2:-1 at gen640 Univ0 prob=0.076
AgeVaxH35.js:2302 528I x:ageGp:fam 292:2:-1 by blue 827:6:-1 at gen640 Univ0 prob=0.311
AgeVaxH35.js:2302 528I x:ageGp:fam 845:6:-1 by blue 329:2:-1 at gen640 Univ0 prob=0.477
AgeVaxH35.js:2302 531I x:ageGp:fam 79:1:-1 by blue 521:3:-1 at gen642 Univ0 prob=0.607
AgeVaxH35.js:2302 531I x:ageGp:fam 823:6:-1 by blue 898:6:-1 at gen642 Univ0 prob=0.012
AgeVaxH35.js:2302 531I x:ageGp:fam 136:2:-1 by blue 148:2:-1 at gen643 Univ0 prob=0.581
AgeVaxH35.js:2302 531I x:ageGp:fam 767:5:-1 by blue 482:3:-1 at gen643 Univ0 prob=0.292
AgeVaxH35.js:2302 535I x:ageGp:fam 351:2:-1 by blue 897:6:-1 at gen645 Univ0 prob=0.188
AgeVaxH35.js:2302 535I x:ageGp:fam 833:6:-1 by blue 773:5:-1 at gen646 Univ0 prob=0.287
AgeVaxH35.js:2302 536I x:ageGp:fam 304:2:-1 by blue 266:2:-1 at gen647 Univ0 prob=0.678
AgeVaxH35.js:2302 536I x:ageGp:fam 977:8:-1 by yellow 882:6:-1 at gen647 Univ0 prob=0.285
AgeVaxH35.js:2302 537I x:ageGp:fam 688:4:-1 by red 837:6:-1 at gen648 Univ0 prob=0.549
AgeVaxH35.js:2302 539I x:ageGp:fam 436:3:-1 by blue 102:1:-1 at gen649 Univ0 prob=0.498
AgeVaxH35.js:2302 539I x:ageGp:fam 238:2:-1 by red 365:3:-1 at gen649 Univ0 prob=0.609
AgeVaxH35.js:2302 542I x:ageGp:fam 94:1:-1 by blue 266:2:-1 at gen651 Univ0 prob=0.078
AgeVaxH35.js:2302 542I x:ageGp:fam 944:7:-1 by blue 294:2:-1 at gen651 Univ0 prob=0.686
AgeVaxH35.js:2302 542I x:ageGp:fam 542:4:-1 by blue 897:6:-1 at gen652 Univ0 prob=0.413
AgeVaxH35.js:2302 544I x:ageGp:fam 217:2:-1 by blue 736:5:-1 at gen653 Univ0 prob=0.322
AgeVaxH35.js:2302 545I x:ageGp:fam 873:6:-1 by red 514:3:-1 at gen654 Univ0 prob=0.050
AgeVaxH35.js:2302 546I x:ageGp:fam 553:4:-1 by blue 47:1:-1 at gen655 Univ0 prob=0.667
AgeVaxH35.js:2302 547I x:ageGp:fam 483:3:-1 by blue 620:4:-1 at gen656 Univ0 prob=0.937
AgeVaxH35.js:2302 547I x:ageGp:fam 717:5:-1 by blue 827:6:-1 at gen656 Univ0 prob=0.750
AgeVaxH35.js:2302 548I x:ageGp:fam 299:2:-1 by yellow 442:3:-1 at gen657 Univ0 prob=0.587
AgeVaxH35.js:2302 550I x:ageGp:fam 278:2:-1 by blue 789:5:-1 at gen658 Univ0 prob=0.359
AgeVaxH35.js:2302 552I x:ageGp:fam 330:2:-1 by blue 551:4:-1 at gen661 Univ0 prob=0.630
AgeVaxH35.js:2302 552I x:ageGp:fam 452:3:-1 by blue 754:5:-1 at gen661 Univ0 prob=0.894
AgeVaxH35.js:2302 552I x:ageGp:fam 566:4:-1 by red 936:7:-1 at gen661 Univ0 prob=0.823
AgeVaxH35.js:2302 552I x:ageGp:fam 999:9:-1 by blue 30:0:-1 at gen662 Univ0 prob=0.751
AgeVaxH35.js:2302 555I x:ageGp:fam 4:0:-1 by blue 306:2:-1 at gen663 Univ0 prob=0.004
AgeVaxH35.js:2302 556I x:ageGp:fam 67:1:-1 by blue 897:6:-1 at gen664 Univ0 prob=0.185
AgeVaxH35.js:2302 557I x:ageGp:fam 317:2:-1 by red 266:2:-1 at gen665 Univ0 prob=0.490
AgeVaxH35.js:2302 558I x:ageGp:fam 815:5:-1 by blue 47:1:-1 at gen666 Univ0 prob=0.348
AgeVaxH35.js:2302 560I x:ageGp:fam 498:3:-1 by red 183:2:-1 at gen668 Univ0 prob=0.069
AgeVaxH35.js:2302 561I x:ageGp:fam 939:7:-1 by blue 329:2:-1 at gen672 Univ0 prob=0.556
AgeVaxH35.js:2302 562I x:ageGp:fam 168:2:-1 by red 827:6:-1 at gen674 Univ0 prob=0.630
AgeVaxH35.js:2302 562I x:ageGp:fam 311:2:-1 by blue 30:0:-1 at gen675 Univ0 prob=0.076
AgeVaxH35.js:2302 562I x:ageGp:fam 933:7:-1 by blue 356:2:-1 at gen675 Univ0 prob=0.109
AgeVaxH35.js:2302 563I x:ageGp:fam 560:4:-1 by blue 442:3:-1 at gen676 Univ0 prob=0.002
AgeVaxH35.js:2302 565I x:ageGp:fam 635:4:-1 by blue 149:2:-1 at gen677 Univ0 prob=0.998
AgeVaxH35.js:2302 566I x:ageGp:fam 392:3:-1 by blue 316:2:-1 at gen678 Univ0 prob=0.291
AgeVaxH35.js:2302 566I x:ageGp:fam 623:4:-1 by red 521:3:-1 at gen678 Univ0 prob=0.484
AgeVaxH35.js:2302 567I x:ageGp:fam 559:4:-1 by blue 868:6:-1 at gen679 Univ0 prob=0.295
AgeVaxH35.js:2302 569I x:ageGp:fam 997:9:-1 by red 60:1:-1 at gen680 Univ0 prob=0.750
AgeVaxH35.js:2302 569I x:ageGp:fam 874:6:-1 by red 80:1:-1 at gen680 Univ0 prob=0.811
AgeVaxH35.js:2302 569I x:ageGp:fam 622:4:-1 by blue 731:5:-1 at gen680 Univ0 prob=0.171
AgeVaxH35.js:2302 570I x:ageGp:fam 340:2:-1 by red 48:1:-1 at gen681 Univ0 prob=0.551
AgeVaxH35.js:2302 573I x:ageGp:fam 229:2:-1 by blue 912:7:-1 at gen682 Univ0 prob=0.358
AgeVaxH35.js:2302 573I x:ageGp:fam 737:5:-1 by blue 912:7:-1 at gen682 Univ0 prob=0.648
AgeVaxH35.js:2302 573I x:ageGp:fam 918:7:-1 by blue 776:5:-1 at gen682 Univ0 prob=0.757
AgeVaxH35.js:2302 574I x:ageGp:fam 937:7:-1 by red 827:6:-1 at gen683 Univ0 prob=0.671
AgeVaxH35.js:2302 578I x:ageGp:fam 247:2:-1 by red 489:3:-1 at gen685 Univ0 prob=0.009
AgeVaxH35.js:2302 578I x:ageGp:fam 704:5:-1 by red 288:2:-1 at gen685 Univ0 prob=0.684
AgeVaxH35.js:2302 578I x:ageGp:fam 577:4:-1 by blue 366:3:-1 at gen685 Univ0 prob=0.155
AgeVaxH35.js:2302 578I x:ageGp:fam 883:6:-1 by red 897:6:-1 at gen686 Univ0 prob=0.562
AgeVaxH35.js:2302 581I x:ageGp:fam 811:5:-1 by red 160:2:-1 at gen687 Univ0 prob=0.428
AgeVaxH35.js:2302 583I x:ageGp:fam 122:1:-1 by red 231:2:-1 at gen689 Univ0 prob=0.945
AgeVaxH35.js:2302 584I x:ageGp:fam 222:2:-1 by blue 169:2:-1 at gen693 Univ0 prob=0.168
AgeVaxH35.js:2302 584I x:ageGp:fam 355:2:-1 by red 827:6:-1 at gen693 Univ0 prob=0.930
AgeVaxH35.js:2302 584I x:ageGp:fam 668:4:-1 by blue 796:5:-1 at gen693 Univ0 prob=0.263
AgeVaxH35.js:2302 584I x:ageGp:fam 15:0:-1 by red 30:0:-1 at gen694 Univ0 prob=0.610
AgeVaxH35.js:2302 584I x:ageGp:fam 276:2:-1 by blue 103:1:-1 at gen694 Univ0 prob=0.259
AgeVaxH35.js:2302 584I x:ageGp:fam 751:5:-1 by blue 789:5:-1 at gen694 Univ0 prob=0.940
AgeVaxH35.js:2302 587I x:ageGp:fam 539:3:-1 by blue 169:2:-1 at gen695 Univ0 prob=0.294
AgeVaxH35.js:2302 587I x:ageGp:fam 524:3:-1 by red 448:3:-1 at gen695 Univ0 prob=0.863
AgeVaxH35.js:2302 587I x:ageGp:fam 596:4:-1 by red 594:4:-1 at gen695 Univ0 prob=0.951
AgeVaxH35.js:2302 593I x:ageGp:fam 747:5:-1 by yellow 688:4:-1 at gen697 Univ0 prob=0.595
AgeVaxH35.js:2302 594I x:ageGp:fam 653:4:-1 by blue 28:0:-1 at gen699 Univ0 prob=0.574
AgeVaxH35.js:2302 594I x:ageGp:fam 869:6:-1 by red 30:0:-1 at gen699 Univ0 prob=0.926
AgeVaxH35.js:2302 594I x:ageGp:fam 388:3:-1 by blue 944:7:-1 at gen700 Univ0 prob=0.607
AgeVaxH35.js:2302 596I x:ageGp:fam 591:4:-1 by blue 527:3:-1 at gen701 Univ0 prob=0.292
AgeVaxH35.js:2302 597I x:ageGp:fam 894:6:-1 by blue 169:2:-1 at gen702 Univ0 prob=0.852
AgeVaxH35.js:2302 597I x:ageGp:fam 353:2:-1 by blue 366:3:-1 at gen702 Univ0 prob=0.835
AgeVaxH35.js:2302 600I x:ageGp:fam 16:0:-1 by red 219:2:-1 at gen704 Univ0 prob=0.475
AgeVaxH35.js:2302 600I x:ageGp:fam 494:3:-1 by blue 773:5:-1 at gen704 Univ0 prob=0.252
AgeVaxH35.js:2302 602I x:ageGp:fam 472:3:-1 by red 773:5:-1 at gen706 Univ0 prob=0.805
AgeVaxH35.js:2302 602I x:ageGp:fam 428:3:-1 by red 692:5:-1 at gen707 Univ0 prob=0.220
AgeVaxH35.js:2302 603I x:ageGp:fam 49:1:-1 by red 827:6:-1 at gen708 Univ0 prob=0.234
AgeVaxH35.js:2302 603I x:ageGp:fam 745:5:-1 by red 521:3:-1 at gen708 Univ0 prob=0.644
AgeVaxH35.js:2302 606I x:ageGp:fam 404:3:-1 by red 219:2:-1 at gen715 Univ0 prob=0.262
AgeVaxH35.js:2302 607I x:ageGp:fam 364:3:-1 by red 48:1:-1 at gen717 Univ0 prob=0.788
AgeVaxH35.js:2302 607I x:ageGp:fam 109:1:-1 by blue 217:2:-1 at gen717 Univ0 prob=0.437
AgeVaxH35.js:2302 607I x:ageGp:fam 112:1:-1 by red 773:5:-1 at gen717 Univ0 prob=0.091
AgeVaxH35.js:2302 607I x:ageGp:fam 143:2:-1 by red 892:6:-1 at gen717 Univ0 prob=0.767
AgeVaxH35.js:2302 607I x:ageGp:fam 449:3:-1 by blue 507:3:-1 at gen717 Univ0 prob=0.403
AgeVaxH35.js:2302 607I x:ageGp:fam 711:5:-1 by blue 169:2:-1 at gen718 Univ0 prob=0.983
AgeVaxH35.js:2302 612I x:ageGp:fam 58:1:-1 by blue 542:4:-1 at gen719 Univ0 prob=0.744
AgeVaxH35.js:2302 612I x:ageGp:fam 803:5:-1 by blue 304:2:-1 at gen719 Univ0 prob=0.072
AgeVaxH35.js:2302 613I x:ageGp:fam 345:2:-1 by blue 103:1:-1 at gen720 Univ0 prob=0.274
AgeVaxH35.js:2302 616I x:ageGp:fam 562:4:-1 by blue 316:2:-1 at gen722 Univ0 prob=0.995
AgeVaxH35.js:2302 616I x:ageGp:fam 682:4:-1 by red 935:7:-1 at gen722 Univ0 prob=0.861
AgeVaxH35.js:2302 618I x:ageGp:fam 945:7:-1 by blue 304:2:-1 at gen724 Univ0 prob=0.984
AgeVaxH35.js:2302 618I x:ageGp:fam 598:4:-1 by red 902:7:-1 at gen725 Univ0 prob=0.086
AgeVaxH35.js:2302 620I x:ageGp:fam 269:2:-1 by blue 67:1:-1 at gen728 Univ0 prob=0.281
AgeVaxH35.js:2302 620I x:ageGp:fam 176:2:-1 by blue 542:4:-1 at gen728 Univ0 prob=0.038
AgeVaxH35.js:2302 622I x:ageGp:fam 6:0:-1 by red 294:2:-1 at gen730 Univ0 prob=0.368
AgeVaxH35.js:2302 622I x:ageGp:fam 818:5:-1 by blue 94:1:-1 at gen730 Univ0 prob=0.588
AgeVaxH35.js:2302 622I x:ageGp:fam 410:3:-1 by blue 317:2:-1 at gen731 Univ0 prob=0.433
AgeVaxH35.js:2302 622I x:ageGp:fam 714:5:-1 by yellow 737:5:-1 at gen731 Univ0 prob=0.563
AgeVaxH35.js:2302 622I x:ageGp:fam 965:8:-1 by yellow 737:5:-1 at gen731 Univ0 prob=0.735
AgeVaxH35.js:2302 624I x:ageGp:fam 721:5:-1 by blue 384:3:-1 at gen732 Univ0 prob=0.736
AgeVaxH35.js:2302 624I x:ageGp:fam 985:9:-1 by red 897:6:-1 at gen732 Univ0 prob=0.773
AgeVaxH35.js:2302 627I x:ageGp:fam 279:2:-1 by blue 436:3:-1 at gen733 Univ0 prob=0.489
AgeVaxH35.js:2302 629I x:ageGp:fam 941:7:-1 by blue 67:1:-1 at gen734 Univ0 prob=0.789
AgeVaxH35.js:2302 630I x:ageGp:fam 756:5:-1 by blue 119:1:-1 at gen735 Univ0 prob=0.529
AgeVaxH35.js:2302 630I x:ageGp:fam 412:3:-1 by red 897:6:-1 at gen735 Univ0 prob=0.076
AgeVaxH35.js:2302 631I x:ageGp:fam 574:4:-1 by blue 483:3:-1 at gen736 Univ0 prob=0.176
AgeVaxH35.js:2302 633I x:ageGp:fam 926:7:-1 by blue 67:1:-1 at gen737 Univ0 prob=0.587
AgeVaxH35.js:2302 635I x:ageGp:fam 679:4:-1 by blue 278:2:-1 at gen739 Univ0 prob=0.088
AgeVaxH35.js:2302 636I x:ageGp:fam 386:3:-1 by blue 865:6:-1 at gen742 Univ0 prob=0.021
AgeVaxH35.js:2302 637I x:ageGp:fam 609:4:-1 by red 495:3:-1 at gen744 Univ0 prob=0.357
AgeVaxH35.js:2302 637I x:ageGp:fam 991:9:-1 by red 776:5:-1 at gen745 Univ0 prob=0.080
AgeVaxH35.js:2302 638I x:ageGp:fam 949:8:-1 by blue 103:1:-1 at gen746 Univ0 prob=0.377
AgeVaxH35.js:2302 639I x:ageGp:fam 444:3:-1 by blue 168:2:-1 at gen747 Univ0 prob=0.985
AgeVaxH35.js:2302 639I x:ageGp:fam 968:8:-1 by blue 635:4:-1 at gen747 Univ0 prob=0.633
AgeVaxH35.js:2302 640I x:ageGp:fam 337:2:-1 by blue 436:3:-1 at gen748 Univ0 prob=0.187
AgeVaxH35.js:2302 643I x:ageGp:fam 82:1:-1 by blue 15:0:-1 at gen750 Univ0 prob=0.475
AgeVaxH35.js:2302 643I x:ageGp:fam 432:3:-1 by blue 67:1:-1 at gen751 Univ0 prob=0.144
AgeVaxH35.js:2302 644I x:ageGp:fam 114:1:-1 by red 899:6:-1 at gen752 Univ0 prob=0.604
AgeVaxH35.js:2302 644I x:ageGp:fam 752:5:-1 by blue 222:2:-1 at gen752 Univ0 prob=0.476
AgeVaxH35.js:2302 644I x:ageGp:fam 876:6:-1 by blue 559:4:-1 at gen752 Univ0 prob=0.629
AgeVaxH35.js:2302 648I x:ageGp:fam 394:3:-1 by red 47:1:-1 at gen754 Univ0 prob=0.384
AgeVaxH35.js:2302 648I x:ageGp:fam 130:1:-1 by blue 229:2:-1 at gen755 Univ0 prob=0.393
AgeVaxH35.js:2302 648I x:ageGp:fam 604:4:-1 by blue 559:4:-1 at gen755 Univ0 prob=0.858
AgeVaxH35.js:2302 649I x:ageGp:fam 18:0:-1 by blue 229:2:-1 at gen756 Univ0 prob=0.468
AgeVaxH35.js:2302 649I x:ageGp:fam 185:2:-1 by blue 635:4:-1 at gen756 Univ0 prob=0.342
AgeVaxH35.js:2302 653I x:ageGp:fam 795:5:-1 by red 443:3:-1 at gen758 Univ0 prob=0.946
AgeVaxH35.js:2302 653I x:ageGp:fam 856:6:-1 by blue 436:3:-1 at gen759 Univ0 prob=0.888
AgeVaxH35.js:2302 653I x:ageGp:fam 657:4:-1 by red 805:5:-1 at gen759 Univ0 prob=0.738
AgeVaxH35.js:2302 654I x:ageGp:fam 327:2:-1 by blue 317:2:-1 at gen760 Univ0 prob=0.271
AgeVaxH35.js:2302 654I x:ageGp:fam 362:3:-1 by blue 717:5:-1 at gen760 Univ0 prob=0.509
AgeVaxH35.js:2302 654I x:ageGp:fam 578:4:-1 by blue 436:3:-1 at gen760 Univ0 prob=0.339
AgeVaxH35.js:2302 659I x:ageGp:fam 123:1:-1 by red 304:2:-1 at gen762 Univ0 prob=0.838
AgeVaxH35.js:2302 659I x:ageGp:fam 579:4:-1 by red 442:3:-1 at gen762 Univ0 prob=0.477
AgeVaxH35.js:2302 659I x:ageGp:fam 854:6:-1 by blue 918:7:-1 at gen762 Univ0 prob=0.461
AgeVaxH35.js:2302 659I x:ageGp:fam 715:5:-1 by blue 883:6:-1 at gen763 Univ0 prob=0.594
AgeVaxH35.js:2302 662I x:ageGp:fam 453:3:-1 by red 934:7:-1 at gen764 Univ0 prob=0.880
AgeVaxH35.js:2302 663I x:ageGp:fam 850:6:-1 by blue 355:2:-1 at gen765 Univ0 prob=0.217
AgeVaxH35.js:2302 664I x:ageGp:fam 141:2:-1 by blue 67:1:-1 at gen766 Univ0 prob=0.893
AgeVaxH35.js:2302 664I x:ageGp:fam 561:4:-1 by red 119:1:-1 at gen766 Univ0 prob=0.232
AgeVaxH35.js:2302 664I x:ageGp:fam 265:2:-1 by blue 229:2:-1 at gen766 Univ0 prob=0.556
AgeVaxH35.js:2302 665I x:ageGp:fam 314:2:-1 by blue 711:5:-1 at gen767 Univ0 prob=0.700
AgeVaxH35.js:2302 665I x:ageGp:fam 350:2:-1 by blue 355:2:-1 at gen767 Univ0 prob=0.801
AgeVaxH35.js:2302 668I x:ageGp:fam 707:5:-1 by blue 222:2:-1 at gen768 Univ0 prob=0.105
AgeVaxH35.js:2302 668I x:ageGp:fam 586:4:-1 by red 316:2:-1 at gen768 Univ0 prob=0.968
AgeVaxH35.js:2302 668I x:ageGp:fam 478:3:-1 by blue 751:5:-1 at gen768 Univ0 prob=0.307
AgeVaxH35.js:2302 673I x:ageGp:fam 554:4:-1 by blue 355:2:-1 at gen772 Univ0 prob=0.704
AgeVaxH35.js:2302 673I x:ageGp:fam 839:6:-1 by red 442:3:-1 at gen772 Univ0 prob=0.312
AgeVaxH35.js:2302 673I x:ageGp:fam 904:7:-1 by red 868:6:-1 at gen772 Univ0 prob=0.019
AgeVaxH35.js:2302 673I x:ageGp:fam 855:6:-1 by red 316:2:-1 at gen773 Univ0 prob=0.753
AgeVaxH35.js:2302 676I x:ageGp:fam 131:2:-1 by blue 67:1:-1 at gen774 Univ0 prob=0.183
AgeVaxH35.js:2302 676I x:ageGp:fam 416:3:-1 by blue 623:4:-1 at gen774 Univ0 prob=0.197
AgeVaxH35.js:2302 679I x:ageGp:fam 867:6:-1 by blue 745:5:-1 at gen778 Univ0 prob=0.478
AgeVaxH35.js:2302 679I x:ageGp:fam 7:0:-1 by red 316:2:-1 at gen779 Univ0 prob=0.135
AgeVaxH35.js:2302 679I x:ageGp:fam 858:6:-1 by blue 15:0:-1 at gen779 Univ0 prob=0.163
AgeVaxH35.js:2302 679I x:ageGp:fam 910:7:-1 by blue 355:2:-1 at gen779 Univ0 prob=0.963
AgeVaxH35.js:2302 680I x:ageGp:fam 667:4:-1 by blue 58:1:-1 at gen780 Univ0 prob=0.992
AgeVaxH35.js:2302 680I x:ageGp:fam 895:6:-1 by yellow 410:3:-1 at gen780 Univ0 prob=0.425
AgeVaxH35.js:2302 680I x:ageGp:fam 667:4:-1 by blue 559:4:-1 at gen780 Univ0 prob=0.980
AgeVaxH35.js:2302 683I x:ageGp:fam 206:2:-1 by red 278:2:-1 at gen781 Univ0 prob=0.005
AgeVaxH35.js:2302 685I x:ageGp:fam 207:2:-1 by blue 745:5:-1 at gen782 Univ0 prob=0.159
AgeVaxH35.js:2302 686I x:ageGp:fam 271:2:-1 by blue 229:2:-1 at gen783 Univ0 prob=0.126
AgeVaxH35.js:2302 686I x:ageGp:fam 283:2:-1 by blue 714:5:-1 at gen783 Univ0 prob=0.350
AgeVaxH35.js:2302 687I x:ageGp:fam 286:2:-1 by blue 883:6:-1 at gen784 Univ0 prob=0.519
AgeVaxH35.js:2302 689I x:ageGp:fam 467:3:-1 by blue 340:2:-1 at gen785 Univ0 prob=0.645
AgeVaxH35.js:2302 691I x:ageGp:fam 240:2:-1 by blue 945:7:-1 at gen788 Univ0 prob=0.805
AgeVaxH35.js:2302 691I x:ageGp:fam 971:8:-1 by blue 355:2:-1 at gen788 Univ0 prob=0.191
AgeVaxH35.js:2302 691I x:ageGp:fam 695:5:-1 by blue 559:4:-1 at gen788 Univ0 prob=0.189
AgeVaxH35.js:2302 694I x:ageGp:fam 310:2:-1 by blue 623:4:-1 at gen790 Univ0 prob=0.984
AgeVaxH35.js:2302 694I x:ageGp:fam 984:9:-1 by blue 945:7:-1 at gen791 Univ0 prob=0.504
AgeVaxH35.js:2302 696I x:ageGp:fam 962:8:-1 by blue 745:5:-1 at gen793 Univ0 prob=0.911
AgeVaxH35.js:2302 696I x:ageGp:fam 196:2:-1 by blue 58:1:-1 at gen794 Univ0 prob=0.374
AgeVaxH35.js:2302 697I x:ageGp:fam 468:3:-1 by red 717:5:-1 at gen795 Univ0 prob=0.908
AgeVaxH35.js:2302 698I x:ageGp:fam 847:6:-1 by red 717:5:-1 at gen796 Univ0 prob=0.371
AgeVaxH35.js:2302 700I x:ageGp:fam 133:2:-1 by red 560:4:-1 at gen799 Univ0 prob=0.645
AgeVaxH35.js:2302 700I x:ageGp:fam 615:4:-1 by blue 751:5:-1 at gen799 Univ0 prob=0.909
AgeVaxH35.js:2302 700I x:ageGp:fam 838:6:-1 by red 865:6:-1 at gen799 Univ0 prob=0.553
AgeVaxH35.js:2302 700I x:ageGp:fam 842:6:-1 by blue 355:2:-1 at gen800 Univ0 prob=0.809
AgeVaxH35.js:2302 703I x:ageGp:fam 959:8:-1 by red 566:4:-1 at gen801 Univ0 prob=0.575
AgeVaxH35.js:2302 704I x:ageGp:fam 665:4:-1 by blue 345:2:-1 at gen802 Univ0 prob=0.003
AgeVaxH35.js:2302 705I x:ageGp:fam 983:9:-1 by red 566:4:-1 at gen803 Univ0 prob=0.638
AgeVaxH35.js:2302 706I x:ageGp:fam 699:5:-1 by blue 869:6:-1 at gen804 Univ0 prob=0.718
AgeVaxH35.js:2302 707I x:ageGp:fam 66:1:-1 by blue 82:1:-1 at gen805 Univ0 prob=0.359
AgeVaxH35.js:2302 707I x:ageGp:fam 502:3:-1 by blue 752:5:-1 at gen805 Univ0 prob=0.165
AgeVaxH35.js:2302 710I x:ageGp:fam 738:5:-1 by red 67:1:-1 at gen807 Univ0 prob=0.746
AgeVaxH35.js:2302 710I x:ageGp:fam 675:4:-1 by red 623:4:-1 at gen807 Univ0 prob=0.359
AgeVaxH35.js:2302 712I x:ageGp:fam 490:3:-1 by blue 926:7:-1 at gen809 Univ0 prob=0.499
AgeVaxH35.js:2302 712I x:ageGp:fam 526:3:-1 by blue 745:5:-1 at gen810 Univ0 prob=0.148
AgeVaxH35.js:2302 714I x:ageGp:fam 165:2:-1 by blue 49:1:-1 at gen815 Univ0 prob=0.345
AgeVaxH35.js:2302 714I x:ageGp:fam 197:2:-1 by blue 279:2:-1 at gen815 Univ0 prob=0.598
AgeVaxH35.js:2302 714I x:ageGp:fam 343:2:-1 by blue 945:7:-1 at gen815 Univ0 prob=0.884
AgeVaxH35.js:2302 714I x:ageGp:fam 378:3:-1 by red 933:7:-1 at gen815 Univ0 prob=0.463
AgeVaxH35.js:2302 714I x:ageGp:fam 405:3:-1 by blue 721:5:-1 at gen815 Univ0 prob=0.069
AgeVaxH35.js:2302 714I x:ageGp:fam 42:1:-1 by blue 926:7:-1 at gen816 Univ0 prob=0.014
AgeVaxH35.js:2302 714I x:ageGp:fam 753:5:-1 by blue 410:3:-1 at gen816 Univ0 prob=0.732
AgeVaxH35.js:2302 719I x:ageGp:fam 742:5:-1 by red 933:7:-1 at gen817 Univ0 prob=0.837
AgeVaxH35.js:2302 721I x:ageGp:fam 382:3:-1 by blue 714:5:-1 at gen818 Univ0 prob=0.379
AgeVaxH35.js:2302 721I x:ageGp:fam 989:9:-1 by blue 386:3:-1 at gen818 Univ0 prob=0.667
AgeVaxH35.js:2302 724I x:ageGp:fam 919:7:-1 by red 340:2:-1 at gen820 Univ0 prob=0.018
AgeVaxH35.js:2302 724I x:ageGp:fam 459:3:-1 by blue 945:7:-1 at gen820 Univ0 prob=0.960
AgeVaxH35.js:2302 724I x:ageGp:fam 859:6:-1 by red 717:5:-1 at gen820 Univ0 prob=0.031
AgeVaxH35.js:2302 724I x:ageGp:fam 880:6:-1 by red 883:6:-1 at gen820 Univ0 prob=0.397
AgeVaxH35.js:2302 728I x:ageGp:fam 171:2:-1 by red 560:4:-1 at gen822 Univ0 prob=0.686
AgeVaxH35.js:2302 728I x:ageGp:fam 630:4:-1 by red 222:2:-1 at gen823 Univ0 prob=0.331
AgeVaxH35.js:2302 728I x:ageGp:fam 762:5:-1 by blue 985:9:-1 at gen823 Univ0 prob=0.195
AgeVaxH35.js:2302 729I x:ageGp:fam 806:5:-1 by blue 82:1:-1 at gen824 Univ0 prob=0.639
AgeVaxH35.js:2302 729I x:ageGp:fam 357:2:-1 by red 560:4:-1 at gen824 Univ0 prob=0.412
AgeVaxH35.js:2302 729I x:ageGp:fam 744:5:-1 by blue 926:7:-1 at gen824 Univ0 prob=0.617
AgeVaxH35.js:2302 729I x:ageGp:fam 954:8:-1 by blue 926:7:-1 at gen824 Univ0 prob=0.974
AgeVaxH35.js:2302 731I x:ageGp:fam 863:6:-1 by blue 185:2:-1 at gen825 Univ0 prob=0.567
AgeVaxH35.js:2302 735I x:ageGp:fam 536:3:-1 by blue 985:9:-1 at gen826 Univ0 prob=0.150
AgeVaxH35.js:2302 736I x:ageGp:fam 346:2:-1 by red 869:6:-1 at gen827 Univ0 prob=0.469
AgeVaxH35.js:2302 737I x:ageGp:fam 289:2:-1 by red 222:2:-1 at gen828 Univ0 prob=0.764
AgeVaxH35.js:2302 737I x:ageGp:fam 914:7:-1 by red 668:4:-1 at gen828 Univ0 prob=0.253
AgeVaxH35.js:2302 740I x:ageGp:fam 256:2:-1 by blue 131:2:-1 at gen830 Univ0 prob=0.433
AgeVaxH35.js:2302 740I x:ageGp:fam 241:2:-1 by blue 337:2:-1 at gen830 Univ0 prob=0.583
AgeVaxH35.js:2302 740I x:ageGp:fam 98:1:-1 by red 883:6:-1 at gen831 Univ0 prob=0.838
AgeVaxH35.js:2302 740I x:ageGp:fam 617:4:-1 by red 498:3:-1 at gen831 Univ0 prob=0.020
AgeVaxH35.js:2302 744I x:ageGp:fam 603:4:-1 by red 15:0:-1 at gen834 Univ0 prob=0.902
AgeVaxH35.js:2302 744I x:ageGp:fam 87:1:-1 by blue 131:2:-1 at gen834 Univ0 prob=0.395
AgeVaxH35.js:2302 744I x:ageGp:fam 885:6:-1 by blue 412:3:-1 at gen834 Univ0 prob=0.989
AgeVaxH35.js:2302 744I x:ageGp:fam 709:5:-1 by blue 18:0:-1 at gen835 Univ0 prob=0.666
AgeVaxH35.js:2302 744I x:ageGp:fam 190:2:-1 by blue 985:9:-1 at gen835 Univ0 prob=0.512
AgeVaxH35.js:2302 747I x:ageGp:fam 20:0:-1 by red 745:5:-1 at gen836 Univ0 prob=0.258
AgeVaxH35.js:2302 747I x:ageGp:fam 253:2:-1 by blue 337:2:-1 at gen836 Univ0 prob=0.256
AgeVaxH35.js:2302 747I x:ageGp:fam 546:4:-1 by red 883:6:-1 at gen836 Univ0 prob=0.812
AgeVaxH35.js:2302 749I x:ageGp:fam 916:7:-1 by blue 715:5:-1 at gen837 Univ0 prob=0.814
AgeVaxH35.js:2302 752I x:ageGp:fam 244:2:-1 by blue 985:9:-1 at gen838 Univ0 prob=0.767
AgeVaxH35.js:2302 754I x:ageGp:fam 81:1:-1 by blue 141:2:-1 at gen841 Univ0 prob=0.687
AgeVaxH35.js:2302 754I x:ageGp:fam 519:3:-1 by blue 82:1:-1 at gen841 Univ0 prob=0.825
AgeVaxH35.js:2302 754I x:ageGp:fam 816:5:-1 by blue 578:4:-1 at gen841 Univ0 prob=0.192
AgeVaxH35.js:2302 754I x:ageGp:fam 911:7:-1 by blue 721:5:-1 at gen841 Univ0 prob=0.672
AgeVaxH35.js:2302 754I x:ageGp:fam 800:5:-1 by blue 945:7:-1 at gen841 Univ0 prob=0.661
AgeVaxH35.js:2302 754I x:ageGp:fam 128:1:-1 by blue 412:3:-1 at gen842 Univ0 prob=0.191
AgeVaxH35.js:2302 760I x:ageGp:fam 647:4:-1 by red 745:5:-1 at gen844 Univ0 prob=0.808
AgeVaxH35.js:2302 761I x:ageGp:fam 947:7:-1 by blue 286:2:-1 at gen846 Univ0 prob=0.923
AgeVaxH35.js:2302 761I x:ageGp:fam 132:2:-1 by blue 286:2:-1 at gen847 Univ0 prob=0.244
AgeVaxH35.js:2302 761I x:ageGp:fam 250:2:-1 by blue 310:2:-1 at gen847 Univ0 prob=0.661
AgeVaxH35.js:2302 761I x:ageGp:fam 771:5:-1 by red 751:5:-1 at gen847 Univ0 prob=0.053
AgeVaxH35.js:2302 762I x:ageGp:fam 275:2:-1 by yellow 133:2:-1 at gen848 Univ0 prob=0.449
AgeVaxH35.js:2302 762I x:ageGp:fam 996:9:-1 by blue 984:9:-1 at gen848 Univ0 prob=0.043
AgeVaxH35.js:2302 765I x:ageGp:fam 703:5:-1 by red 945:7:-1 at gen849 Univ0 prob=0.561
AgeVaxH35.js:2302 765I x:ageGp:fam 743:5:-1 by blue 752:5:-1 at gen849 Univ0 prob=0.933
AgeVaxH35.js:2302 767I x:ageGp:fam 576:4:-1 by blue 240:2:-1 at gen850 Univ0 prob=0.573
AgeVaxH35.js:2302 767I x:ageGp:fam 871:6:-1 by blue 714:5:-1 at gen850 Univ0 prob=0.420
AgeVaxH35.js:2302 769I x:ageGp:fam 381:3:-1 by red 933:7:-1 at gen851 Univ0 prob=0.594
AgeVaxH35.js:2302 769I x:ageGp:fam 624:4:-1 by blue 554:4:-1 at gen851 Univ0 prob=0.445
AgeVaxH35.js:2302 769I x:ageGp:fam 992:9:-1 by red 635:4:-1 at gen851 Univ0 prob=0.970
AgeVaxH35.js:2302 771I x:ageGp:fam 249:2:-1 by blue 123:1:-1 at gen852 Univ0 prob=0.464
AgeVaxH35.js:2302 771I x:ageGp:fam 373:3:-1 by blue 554:4:-1 at gen852 Univ0 prob=0.811
AgeVaxH35.js:2302 771I x:ageGp:fam 802:5:-1 by blue 386:3:-1 at gen852 Univ0 prob=0.954
AgeVaxH35.js:2302 774I x:ageGp:fam 492:3:-1 by red 340:2:-1 at gen853 Univ0 prob=0.441
AgeVaxH35.js:2302 777I x:ageGp:fam 334:2:-1 by blue 707:5:-1 at gen854 Univ0 prob=0.910
AgeVaxH35.js:2302 778I x:ageGp:fam 420:3:-1 by red 751:5:-1 at gen855 Univ0 prob=0.364
AgeVaxH35.js:2302 778I x:ageGp:fam 499:3:-1 by blue 554:4:-1 at gen855 Univ0 prob=0.464
AgeVaxH35.js:2302 779I x:ageGp:fam 181:2:-1 by blue 968:8:-1 at gen856 Univ0 prob=0.415
AgeVaxH35.js:2302 782I x:ageGp:fam 177:2:-1 by blue 271:2:-1 at gen858 Univ0 prob=0.264
AgeVaxH35.js:2302 782I x:ageGp:fam 948:7:-1 by red 49:1:-1 at gen859 Univ0 prob=0.209
AgeVaxH35.js:2302 783I x:ageGp:fam 518:3:-1 by blue 66:1:-1 at gen860 Univ0 prob=0.350
AgeVaxH35.js:2302 785I x:ageGp:fam 649:4:-1 by red 933:7:-1 at gen862 Univ0 prob=0.466
AgeVaxH35.js:2302 786I x:ageGp:fam 619:4:-1 by red 388:3:-1 at gen866 Univ0 prob=0.487
AgeVaxH35.js:2302 786I x:ageGp:fam 575:4:-1 by red 432:3:-1 at gen866 Univ0 prob=0.112
AgeVaxH35.js:2302 788I x:ageGp:fam 216:2:-1 by red 386:3:-1 at gen868 Univ0 prob=0.400
AgeVaxH35.js:2302 788I x:ageGp:fam 445:3:-1 by blue 130:1:-1 at gen869 Univ0 prob=0.229
AgeVaxH35.js:2302 789I x:ageGp:fam 326:2:-1 by blue 526:3:-1 at gen870 Univ0 prob=0.548
AgeVaxH35.js:2302 790I x:ageGp:fam 655:4:-1 by red 539:3:-1 at gen871 Univ0 prob=0.558
AgeVaxH35.js:2302 791I x:ageGp:fam 413:3:-1 by red 752:5:-1 at gen872 Univ0 prob=0.990
AgeVaxH35.js:2302 792I x:ageGp:fam 267:2:-1 by blue 196:2:-1 at gen873 Univ0 prob=0.798
AgeVaxH35.js:2302 792I x:ageGp:fam 906:7:-1 by red 714:5:-1 at gen873 Univ0 prob=0.001
AgeVaxH35.js:2302 793I x:ageGp:fam 296:2:-1 by blue 984:9:-1 at gen874 Univ0 prob=0.027
AgeVaxH35.js:2302 793I x:ageGp:fam 713:5:-1 by red 985:9:-1 at gen874 Univ0 prob=0.612
AgeVaxH35.js:2302 793I x:ageGp:fam 726:5:-1 by red 926:7:-1 at gen874 Univ0 prob=0.126
AgeVaxH35.js:2302 793I x:ageGp:fam 982:9:-1 by red 752:5:-1 at gen874 Univ0 prob=0.503
AgeVaxH35.js:2302 795I x:ageGp:fam 395:3:-1 by blue 715:5:-1 at gen875 Univ0 prob=0.977
AgeVaxH35.js:2302 800I x:ageGp:fam 995:9:-1 by blue 196:2:-1 at gen877 Univ0 prob=0.020
AgeVaxH35.js:2302 800I x:ageGp:fam 403:3:-1 by red 883:6:-1 at gen877 Univ0 prob=0.045
AgeVaxH35.js:2302 800I x:ageGp:fam 425:3:-1 by blue 847:6:-1 at gen877 Univ0 prob=0.358
AgeVaxH35.js:2302 803I x:ageGp:fam 719:5:-1 by red 279:2:-1 at gen880 Univ0 prob=0.886
AgeVaxH35.js:2302 803I x:ageGp:fam 540:3:-1 by red 714:5:-1 at gen880 Univ0 prob=0.250
AgeVaxH35.js:2302 803I x:ageGp:fam 593:4:-1 by blue 579:4:-1 at gen880 Univ0 prob=0.134
AgeVaxH35.js:2302 803I x:ageGp:fam 990:9:-1 by blue 207:2:-1 at gen881 Univ0 prob=0.766
AgeVaxH35.js:2302 803I x:ageGp:fam 706:5:-1 by blue 847:6:-1 at gen881 Univ0 prob=0.129
AgeVaxH35.js:2302 808I x:ageGp:fam 215:2:-1 by blue 526:3:-1 at gen883 Univ0 prob=0.526
AgeVaxH35.js:2302 808I x:ageGp:fam 134:2:-1 by blue 954:8:-1 at gen884 Univ0 prob=0.557
AgeVaxH35.js:2302 810I x:ageGp:fam 733:5:-1 by red 337:2:-1 at gen887 Univ0 prob=0.392
AgeVaxH35.js:2302 810I x:ageGp:fam 504:3:-1 by blue 699:5:-1 at gen887 Univ0 prob=0.836
AgeVaxH35.js:2302 810I x:ageGp:fam 110:1:-1 by red 752:5:-1 at gen888 Univ0 prob=0.545
AgeVaxH35.js:2302 812I x:ageGp:fam 761:5:-1 by blue 240:2:-1 at gen889 Univ0 prob=0.590
AgeVaxH35.js:2302 813I x:ageGp:fam 101:1:-1 by red 926:7:-1 at gen890 Univ0 prob=0.394
AgeVaxH35.js:2302 814I x:ageGp:fam 12:0:-1 by blue 742:5:-1 at gen891 Univ0 prob=0.702
AgeVaxH35.js:2302 816I x:ageGp:fam 172:2:-1 by red 752:5:-1 at gen894 Univ0 prob=0.618
AgeVaxH35.js:2302 816I x:ageGp:fam 21:0:-1 by blue 98:1:-1 at gen895 Univ0 prob=0.498
AgeVaxH35.js:2302 816I x:ageGp:fam 659:4:-1 by blue 753:5:-1 at gen895 Univ0 prob=0.310
AgeVaxH35.js:2302 819I x:ageGp:fam 822:6:-1 by blue 286:2:-1 at gen898 Univ0 prob=0.679
AgeVaxH35.js:2302 820I x:ageGp:fam 51:1:-1 by blue 536:3:-1 at gen901 Univ0 prob=0.570
AgeVaxH35.js:2302 820I x:ageGp:fam 956:8:-1 by blue 526:3:-1 at gen901 Univ0 prob=0.415
AgeVaxH35.js:2302 820I x:ageGp:fam 611:4:-1 by blue 744:5:-1 at gen901 Univ0 prob=0.200
AgeVaxH35.js:2302 820I x:ageGp:fam 966:8:-1 by yellow 373:3:-1 at gen902 Univ0 prob=0.912
AgeVaxH35.js:2302 824I x:ageGp:fam 235:2:-1 by red 578:4:-1 at gen904 Univ0 prob=0.231
AgeVaxH35.js:2302 824I x:ageGp:fam 383:3:-1 by blue 885:6:-1 at gen904 Univ0 prob=0.627
AgeVaxH35.js:2302 824I x:ageGp:fam 829:6:-1 by red 6:0:-1 at gen905 Univ0 prob=0.978
AgeVaxH35.js:2302 824I x:ageGp:fam 125:1:-1 by blue 526:3:-1 at gen905 Univ0 prob=0.079
AgeVaxH35.js:2302 828I x:ageGp:fam 138:2:-1 by red 265:2:-1 at gen907 Univ0 prob=0.766
AgeVaxH35.js:2302 828I x:ageGp:fam 264:2:-1 by blue 526:3:-1 at gen908 Univ0 prob=0.634
AgeVaxH35.js:2302 829I x:ageGp:fam 782:5:-1 by blue 128:1:-1 at gen909 Univ0 prob=0.251
AgeVaxH35.js:2302 829I x:ageGp:fam 320:2:-1 by red 945:7:-1 at gen909 Univ0 prob=0.591
AgeVaxH35.js:2302 829I x:ageGp:fam 685:4:-1 by red 432:3:-1 at gen909 Univ0 prob=0.768
AgeVaxH35.js:2302 833I x:ageGp:fam 213:2:-1 by blue 420:3:-1 at gen911 Univ0 prob=0.814
AgeVaxH35.js:2302 833I x:ageGp:fam 545:4:-1 by red 945:7:-1 at gen911 Univ0 prob=0.388
AgeVaxH35.js:2302 833I x:ageGp:fam 129:1:-1 by blue 346:2:-1 at gen912 Univ0 prob=0.713
AgeVaxH35.js:2302 833I x:ageGp:fam 955:8:-1 by blue 996:9:-1 at gen912 Univ0 prob=0.968
AgeVaxH35.js:2302 835I x:ageGp:fam 111:1:-1 by blue 275:2:-1 at gen913 Univ0 prob=0.119
AgeVaxH35.js:2302 838I x:ageGp:fam 927:7:-1 by blue 373:3:-1 at gen915 Univ0 prob=0.086
AgeVaxH35.js:2302 838I x:ageGp:fam 470:3:-1 by blue 128:1:-1 at gen916 Univ0 prob=0.279
AgeVaxH35.js:2302 838I x:ageGp:fam 324:2:-1 by red 207:2:-1 at gen916 Univ0 prob=0.581
AgeVaxH35.js:2302 838I x:ageGp:fam 722:5:-1 by blue 914:7:-1 at gen916 Univ0 prob=0.936
AgeVaxH35.js:2302 839I x:ageGp:fam 826:6:-1 by blue 171:2:-1 at gen917 Univ0 prob=0.760
AgeVaxH35.js:2302 839I x:ageGp:fam 517:3:-1 by red 910:7:-1 at gen917 Univ0 prob=0.676
AgeVaxH35.js:2302 842I x:ageGp:fam 193:2:-1 by blue 373:3:-1 at gen918 Univ0 prob=0.225
AgeVaxH35.js:2302 844I x:ageGp:fam 735:5:-1 by red 286:2:-1 at gen919 Univ0 prob=0.040
AgeVaxH35.js:2302 844I x:ageGp:fam 496:3:-1 by blue 624:4:-1 at gen919 Univ0 prob=0.068
AgeVaxH35.js:2302 844I x:ageGp:fam 797:5:-1 by blue 744:5:-1 at gen919 Univ0 prob=0.777
AgeVaxH35.js:2302 848I x:ageGp:fam 358:2:-1 by blue 996:9:-1 at gen921 Univ0 prob=0.615
AgeVaxH35.js:2302 848I x:ageGp:fam 512:3:-1 by blue 771:5:-1 at gen921 Univ0 prob=0.479
AgeVaxH35.js:2302 850I x:ageGp:fam 375:3:-1 by blue 171:2:-1 at gen923 Univ0 prob=0.545
AgeVaxH35.js:2302 850I x:ageGp:fam 465:3:-1 by blue 647:4:-1 at gen923 Univ0 prob=0.998
AgeVaxH35.js:2302 852I x:ageGp:fam 301:2:-1 by red 133:2:-1 at gen925 Univ0 prob=0.663
AgeVaxH35.js:2302 852I x:ageGp:fam 153:2:-1 by blue 743:5:-1 at gen925 Univ0 prob=0.546
AgeVaxH35.js:2302 852I x:ageGp:fam 291:2:-1 by blue 171:2:-1 at gen926 Univ0 prob=0.452
AgeVaxH35.js:2302 854I x:ageGp:fam 23:0:-1 by red 468:3:-1 at gen927 Univ0 prob=0.051
AgeVaxH35.js:2302 854I x:ageGp:fam 230:2:-1 by blue 982:9:-1 at gen927 Univ0 prob=0.566
AgeVaxH35.js:2302 855I x:ageGp:fam 105:1:-1 by blue 982:9:-1 at gen928 Univ0 prob=0.082
AgeVaxH35.js:2302 855I x:ageGp:fam 922:7:-1 by blue 241:2:-1 at gen928 Univ0 prob=0.102
AgeVaxH35.js:2302 857I x:ageGp:fam 2:0:-1 by blue 326:2:-1 at gen929 Univ0 prob=0.075
AgeVaxH35.js:2302 859I x:ageGp:fam 634:4:-1 by red 82:1:-1 at gen930 Univ0 prob=0.703
AgeVaxH35.js:2302 860I x:ageGp:fam 243:2:-1 by blue 802:5:-1 at gen931 Univ0 prob=0.887
AgeVaxH35.js:2302 861I x:ageGp:fam 287:2:-1 by red 468:3:-1 at gen932 Univ0 prob=0.455
AgeVaxH35.js:2302 862I x:ageGp:fam 457:3:-1 by blue 546:4:-1 at gen933 Univ0 prob=0.314
AgeVaxH35.js:2302 863I x:ageGp:fam 830:6:-1 by blue 244:2:-1 at gen934 Univ0 prob=0.431
AgeVaxH35.js:2302 864I x:ageGp:fam 765:5:-1 by red 133:2:-1 at gen935 Univ0 prob=0.251
AgeVaxH35.js:2302 866I x:ageGp:fam 967:8:-1 by red 850:6:-1 at gen938 Univ0 prob=0.488
AgeVaxH35.js:2302 866I x:ageGp:fam 581:4:-1 by blue 244:2:-1 at gen939 Univ0 prob=0.819
AgeVaxH35.js:2302 866I x:ageGp:fam 568:4:-1 by blue 982:9:-1 at gen939 Univ0 prob=0.716
AgeVaxH35.js:2302 866I x:ageGp:fam 786:5:-1 by red 578:4:-1 at gen939 Univ0 prob=0.658
AgeVaxH35.js:2302 866I x:ageGp:fam 786:5:-1 by blue 995:9:-1 at gen939 Univ0 prob=0.633
AgeVaxH35.js:2302 867I x:ageGp:fam 538:3:-1 by blue 128:1:-1 at gen940 Univ0 prob=0.349
AgeVaxH35.js:2302 867I x:ageGp:fam 538:3:-1 by red 762:5:-1 at gen940 Univ0 prob=0.532
AgeVaxH35.js:2302 871I x:ageGp:fam 379:3:-1 by blue 647:4:-1 at gen942 Univ0 prob=0.624
AgeVaxH35.js:2302 872I x:ageGp:fam 582:4:-1 by blue 761:5:-1 at gen944 Univ0 prob=0.487
AgeVaxH35.js:2302 872I x:ageGp:fam 764:5:-1 by blue 190:2:-1 at gen945 Univ0 prob=0.739
AgeVaxH35.js:2302 874I x:ageGp:fam 236:2:-1 by blue 713:5:-1 at gen947 Univ0 prob=0.819
AgeVaxH35.js:2302 874I x:ageGp:fam 89:1:-1 by blue 413:3:-1 at gen948 Univ0 prob=0.222
AgeVaxH35.js:2302 874I x:ageGp:fam 537:3:-1 by blue 275:2:-1 at gen948 Univ0 prob=0.803
AgeVaxH35.js:2302 875I x:ageGp:fam 144:2:-1 by blue 275:2:-1 at gen949 Univ0 prob=0.899
AgeVaxH35.js:2302 878I x:ageGp:fam 220:2:-1 by red 207:2:-1 at gen952 Univ0 prob=0.171
AgeVaxH35.js:2302 878I x:ageGp:fam 319:2:-1 by blue 743:5:-1 at gen953 Univ0 prob=0.352
AgeVaxH35.js:2302 878I x:ageGp:fam 567:4:-1 by blue 761:5:-1 at gen953 Univ0 prob=0.659
AgeVaxH35.js:2302 879I x:ageGp:fam 952:8:-1 by red 207:2:-1 at gen954 Univ0 prob=0.294
AgeVaxH35.js:2302 879I x:ageGp:fam 772:5:-1 by blue 413:3:-1 at gen954 Univ0 prob=0.418
AgeVaxH35.js:2302 883I x:ageGp:fam 139:2:-1 by blue 134:2:-1 at gen956 Univ0 prob=0.724
AgeVaxH35.js:2302 883I x:ageGp:fam 26:0:-1 by red 526:3:-1 at gen957 Univ0 prob=0.522
AgeVaxH35.js:2302 883I x:ageGp:fam 439:3:-1 by red 459:3:-1 at gen957 Univ0 prob=0.267
AgeVaxH35.js:2302 884I x:ageGp:fam 511:3:-1 by blue 215:2:-1 at gen958 Univ0 prob=0.755
AgeVaxH35.js:2302 884I x:ageGp:fam 600:4:-1 by blue 990:9:-1 at gen958 Univ0 prob=0.282
AgeVaxH35.js:2302 884I x:ageGp:fam 766:5:-1 by blue 990:9:-1 at gen958 Univ0 prob=0.021
AgeVaxH35.js:2302 886I x:ageGp:fam 376:3:-1 by blue 995:9:-1 at gen959 Univ0 prob=0.775
AgeVaxH35.js:2302 886I x:ageGp:fam 547:4:-1 by red 526:3:-1 at gen959 Univ0 prob=0.247
AgeVaxH35.js:2302 889I x:ageGp:fam 192:2:-1 by red 959:8:-1 at gen960 Univ0 prob=0.354
AgeVaxH35.js:2302 889I x:ageGp:fam 440:3:-1 by red 526:3:-1 at gen960 Univ0 prob=0.276
AgeVaxH35.js:2302 891I x:ageGp:fam 37:0:-1 by blue 420:3:-1 at gen961 Univ0 prob=0.285
AgeVaxH35.js:2302 891I x:ageGp:fam 96:1:-1 by blue 326:2:-1 at gen961 Univ0 prob=0.702
AgeVaxH35.js:2302 893I x:ageGp:fam 905:7:-1 by blue 982:9:-1 at gen962 Univ0 prob=0.282
AgeVaxH35.js:2302 896I x:ageGp:fam 534:3:-1 by red 207:2:-1 at gen965 Univ0 prob=0.087
AgeVaxH35.js:2302 896I x:ageGp:fam 208:2:-1 by blue 326:2:-1 at gen966 Univ0 prob=0.778
AgeVaxH35.js:2302 897I x:ageGp:fam 155:2:-1 by blue 649:4:-1 at gen967 Univ0 prob=0.538
AgeVaxH35.js:2302 897I x:ageGp:fam 583:4:-1 by blue 782:5:-1 at gen967 Univ0 prob=0.984
AgeVaxH35.js:2302 898I x:ageGp:fam 729:5:-1 by blue 982:9:-1 at gen968 Univ0 prob=0.035
AgeVaxH35.js:2302 901I x:ageGp:fam 505:3:-1 by blue 110:1:-1 at gen970 Univ0 prob=0.886
AgeVaxH35.js:2302 901I x:ageGp:fam 415:3:-1 by blue 413:3:-1 at gen971 Univ0 prob=0.318
AgeVaxH35.js:2302 902I x:ageGp:fam 212:2:-1 by blue 264:2:-1 at gen972 Univ0 prob=0.686
AgeVaxH35.js:2302 904I x:ageGp:fam 474:3:-1 by blue 134:2:-1 at gen974 Univ0 prob=0.884
AgeVaxH35.js:2302 904I x:ageGp:fam 683:4:-1 by red 526:3:-1 at gen974 Univ0 prob=0.250
AgeVaxH35.js:2302 906I x:ageGp:fam 479:3:-1 by red 762:5:-1 at gen976 Univ0 prob=0.685
AgeVaxH35.js:2302 906I x:ageGp:fam 872:6:-1 by blue 995:9:-1 at gen976 Univ0 prob=0.977
AgeVaxH35.js:2302 908I x:ageGp:fam 549:4:-1 by blue 324:2:-1 at gen978 Univ0 prob=0.531
AgeVaxH35.js:2302 908I x:ageGp:fam 76:1:-1 by blue 125:1:-1 at gen979 Univ0 prob=0.562
AgeVaxH35.js:2302 910I x:ageGp:fam 400:3:-1 by blue 172:2:-1 at gen981 Univ0 prob=0.822
AgeVaxH35.js:2302 910I x:ageGp:fam 508:3:-1 by blue 326:2:-1 at gen982 Univ0 prob=0.163
AgeVaxH35.js:2302 912I x:ageGp:fam 686:4:-1 by red 420:3:-1 at gen984 Univ0 prob=0.201
AgeVaxH35.js:2302 912I x:ageGp:fam 195:2:-1 by red 244:2:-1 at gen985 Univ0 prob=0.226
AgeVaxH35.js:2302 912I x:ageGp:fam 629:4:-1 by blue 264:2:-1 at gen985 Univ0 prob=0.958
AgeVaxH35.js:2302 912I x:ageGp:fam 784:5:-1 by blue 545:4:-1 at gen985 Univ0 prob=0.437
AgeVaxH35.js:2302 913I x:ageGp:fam 595:4:-1 by red 492:3:-1 at gen986 Univ0 prob=0.666
AgeVaxH35.js:2302 917I x:ageGp:fam 631:4:-1 by blue 761:5:-1 at gen991 Univ0 prob=0.039
AgeVaxH35.js:2302 918I x:ageGp:fam 469:3:-1 by blue 230:2:-1 at gen993 Univ0 prob=0.397
AgeVaxH35.js:2302 919I x:ageGp:fam 476:3:-1 by blue 111:1:-1 at gen1003 Univ0 prob=0.561
AgeVaxH35.js:2302 919I x:ageGp:fam 258:2:-1 by red 343:2:-1 at gen1003 Univ0 prob=0.298
AgeVaxH35.js:2302 921I x:ageGp:fam 790:5:-1 by red 990:9:-1 at gen1005 Univ0 prob=0.495
AgeVaxH35.js:2302 922I x:ageGp:fam 497:3:-1 by red 250:2:-1 at gen1008 Univ0 prob=0.911
AgeVaxH35.js:2302 922I x:ageGp:fam 648:4:-1 by yellow 440:3:-1 at gen1008 Univ0 prob=0.529
AgeVaxH35.js:2302 922I x:ageGp:fam 763:5:-1 by blue 213:2:-1 at gen1009 Univ0 prob=0.543
AgeVaxH35.js:2302 922I x:ageGp:fam 297:2:-1 by blue 967:8:-1 at gen1009 Univ0 prob=0.338
AgeVaxH35.js:2302 924I x:ageGp:fam 844:6:-1 by blue 26:0:-1 at gen1010 Univ0 prob=0.890
AgeVaxH35.js:2302 927I x:ageGp:fam 644:4:-1 by blue 291:2:-1 at gen1012 Univ0 prob=0.760
AgeVaxH35.js:2302 927I x:ageGp:fam 770:5:-1 by red 649:4:-1 at gen1012 Univ0 prob=0.119
AgeVaxH35.js:2302 927I x:ageGp:fam 768:5:-1 by blue 440:3:-1 at gen1013 Univ0 prob=0.034
AgeVaxH35.js:2302 927I x:ageGp:fam 616:4:-1 by blue 545:4:-1 at gen1013 Univ0 prob=0.098
AgeVaxH35.js:2302 929I x:ageGp:fam 646:4:-1 by red 956:8:-1 at gen1014 Univ0 prob=0.798
AgeVaxH35.js:2302 931I x:ageGp:fam 52:1:-1 by blue 26:0:-1 at gen1015 Univ0 prob=0.876
AgeVaxH35.js:2302 931I x:ageGp:fam 124:1:-1 by red 190:2:-1 at gen1015 Univ0 prob=0.776
AgeVaxH35.js:2302 931I x:ageGp:fam 913:7:-1 by yellow 208:2:-1 at gen1015 Univ0 prob=0.939
AgeVaxH35.js:2302 931I x:ageGp:fam 237:2:-1 by red 990:9:-1 at gen1015 Univ0 prob=0.280
AgeVaxH35.js:2302 932I x:ageGp:fam 354:2:-1 by red 800:5:-1 at gen1016 Univ0 prob=0.921
AgeVaxH35.js:2302 937I x:ageGp:fam 323:2:-1 by blue 568:4:-1 at gen1019 Univ0 prob=0.783
AgeVaxH35.js:2302 937I x:ageGp:fam 352:2:-1 by red 816:5:-1 at gen1019 Univ0 prob=0.495
AgeVaxH35.js:2302 939I x:ageGp:fam 993:9:-1 by blue 213:2:-1 at gen1022 Univ0 prob=0.018
AgeVaxH35.js:2302 939I x:ageGp:fam 889:6:-1 by red 215:2:-1 at gen1022 Univ0 prob=0.816
AgeVaxH35.js:2302 941I x:ageGp:fam 435:3:-1 by red 190:2:-1 at gen1025 Univ0 prob=0.955
AgeVaxH35.js:2302 942I x:ageGp:fam 174:2:-1 by blue 766:5:-1 at gen1028 Univ0 prob=0.463
AgeVaxH35.js:2302 943I x:ageGp:fam 564:4:-1 by blue 905:7:-1 at gen1032 Univ0 prob=0.487
AgeVaxH35.js:2302 943I x:ageGp:fam 441:3:-1 by red 956:8:-1 at gen1033 Univ0 prob=0.955
AgeVaxH35.js:2302 944I x:ageGp:fam 32:0:-1 by blue 26:0:-1 at gen1034 Univ0 prob=0.714
AgeVaxH35.js:2302 945I x:ageGp:fam 602:4:-1 by red 324:2:-1 at gen1035 Univ0 prob=0.469
AgeVaxH35.js:2302 947I x:ageGp:fam 785:5:-1 by blue 683:4:-1 at gen1037 Univ0 prob=0.498
AgeVaxH35.js:2302 948I x:ageGp:fam 698:5:-1 by blue 400:3:-1 at gen1039 Univ0 prob=0.845
AgeVaxH35.js:2302 948I x:ageGp:fam 728:5:-1 by blue 37:0:-1 at gen1040 Univ0 prob=0.572
AgeVaxH35.js:2302 949I x:ageGp:fam 607:4:-1 by red 324:2:-1 at gen1041 Univ0 prob=0.532
AgeVaxH35.js:2302 950I x:ageGp:fam 896:6:-1 by blue 230:2:-1 at gen1042 Univ0 prob=0.294
AgeVaxH35.js:2302 952I x:ageGp:fam 775:5:-1 by blue 465:3:-1 at gen1044 Univ0 prob=0.493
AgeVaxH35.js:2302 952I x:ageGp:fam 156:2:-1 by blue 547:4:-1 at gen1045 Univ0 prob=0.019
AgeVaxH35.js:2302 954I x:ageGp:fam 746:5:-1 by blue 439:3:-1 at gen1050 Univ0 prob=0.382
AgeVaxH35.js:2302 954I x:ageGp:fam 88:1:-1 by blue 208:2:-1 at gen1051 Univ0 prob=0.714
AgeVaxH35.js:2302 956I x:ageGp:fam 814:5:-1 by blue 505:3:-1 at gen1053 Univ0 prob=0.277
AgeVaxH35.js:2302 956I x:ageGp:fam 281:2:-1 by blue 508:3:-1 at gen1054 Univ0 prob=0.464
AgeVaxH35.js:2302 956I x:ageGp:fam 597:4:-1 by blue 952:8:-1 at gen1054 Univ0 prob=0.951
AgeVaxH35.js:2302 959I x:ageGp:fam 145:2:-1 by red 324:2:-1 at gen1056 Univ0 prob=0.812
AgeVaxH35.js:2302 959I x:ageGp:fam 377:3:-1 by blue 534:3:-1 at gen1057 Univ0 prob=0.294
AgeVaxH35.js:2302 961I x:ageGp:fam 987:9:-1 by blue 144:2:-1 at gen1060 Univ0 prob=0.398
AgeVaxH35.js:2302 962I x:ageGp:fam 147:2:-1 by blue 583:4:-1 at gen1064 Univ0 prob=0.938
AgeVaxH35.js:2302 962I x:ageGp:fam 187:2:-1 by red 995:9:-1 at gen1064 Univ0 prob=0.919
AgeVaxH35.js:2302 962I x:ageGp:fam 401:3:-1 by blue 770:5:-1 at gen1064 Univ0 prob=0.437
AgeVaxH35.js:2302 962I x:ageGp:fam 572:4:-1 by blue 952:8:-1 at gen1065 Univ0 prob=0.608
AgeVaxH35.js:2302 966I x:ageGp:fam 588:4:-1 by red 761:5:-1 at gen1070 Univ0 prob=0.804
AgeVaxH35.js:2302 967I x:ageGp:fam 399:3:-1 by blue 469:3:-1 at gen1072 Univ0 prob=0.879
AgeVaxH35.js:2302 967I x:ageGp:fam 477:3:-1 by yellow 889:6:-1 at gen1072 Univ0 prob=0.666
AgeVaxH35.js:2302 967I x:ageGp:fam 917:7:-1 by blue 547:4:-1 at gen1073 Univ0 prob=0.466
AgeVaxH35.js:2302 970I x:ageGp:fam 24:0:-1 by blue 208:2:-1 at gen1075 Univ0 prob=0.382
AgeVaxH35.js:2302 970I x:ageGp:fam 639:4:-1 by red 125:1:-1 at gen1075 Univ0 prob=0.551
AgeVaxH35.js:2302 972I x:ageGp:fam 950:8:-1 by red 956:8:-1 at gen1078 Univ0 prob=0.305
AgeVaxH35.js:2302 972I x:ageGp:fam 210:2:-1 by blue 76:1:-1 at gen1079 Univ0 prob=0.223
AgeVaxH35.js:2302 974I x:ageGp:fam 107:1:-1 by red 956:8:-1 at gen1083 Univ0 prob=0.732
AgeVaxH35.js:2302 975I x:ageGp:fam 712:5:-1 by red 765:5:-1 at gen1089 Univ0 prob=0.654
AgeVaxH35.js:2302 976I x:ageGp:fam 92:1:-1 by red 568:4:-1 at gen1092 Univ0 prob=0.237
AgeVaxH35.js:2302 977I x:ageGp:fam 853:6:-1 by blue 354:2:-1 at gen1097 Univ0 prob=0.653
AgeVaxH35.js:2302 977I x:ageGp:fam 451:3:-1 by blue 686:4:-1 at gen1098 Univ0 prob=0.337
AgeVaxH35.js:2302 979I x:ageGp:fam 964:8:-1 by red 243:2:-1 at gen1106 Univ0 prob=0.003
AgeVaxH35.js:2302 980I x:ageGp:fam 414:3:-1 by red 479:3:-1 at gen1110 Univ0 prob=0.470
AgeVaxH35.js:2302 981I x:ageGp:fam 877:6:-1 by blue 602:4:-1 at gen1113 Univ0 prob=0.342
AgeVaxH35.js:2302 982I x:ageGp:fam 590:4:-1 by blue 174:2:-1 at gen1115 Univ0 prob=0.271
AgeVaxH35.js:2302 983I x:ageGp:fam 189:2:-1 by blue 441:3:-1 at gen1127 Univ0 prob=0.168
AgeVaxH35.js:2302 984I x:ageGp:fam 1:0:-1 by red 631:4:-1 at gen1134 Univ0 prob=0.741
AgeVaxH35.js:2302 985I x:ageGp:fam 792:5:-1 by blue 441:3:-1 at gen1140 Univ0 prob=0.175
AgeVaxH35.js:2302 985I x:ageGp:fam 792:5:-1 by red 844:6:-1 at gen1140 Univ0 prob=0.967
AgeVaxH35.js:2302 985I x:ageGp:fam 260:2:-1 by blue 896:6:-1 at gen1141 Univ0 prob=0.928
AgeVaxH35.js:2302 986I x:ageGp:fam 10:0:-1 by blue 441:3:-1 at gen1142 Univ0 prob=0.594
AgeVaxH35.js:2302 988I x:ageGp:fam 678:4:-1 by red 96:1:-1 at gen1148 Univ0 prob=0.131
AgeVaxH35.js:2302 989I x:ageGp:fam 339:2:-1 by blue 377:3:-1 at gen1153 Univ0 prob=0.571
AgeVaxH35.js:2302 990I x:ageGp:fam 55:1:-1 by red 354:2:-1 at gen1183 Univ0 prob=0.909
AgeVaxH35.js:2302 991I x:ageGp:fam 957:8:-1 by red 913:7:-1 at gen1195 Univ0 prob=0.634
AgeVaxH35.js:2302 992I x:ageGp:fam 246:2:-1 by red 853:6:-1 at gen1230 Univ0 prob=0.698
AgeVaxH35.js:2302 993I x:ageGp:fam 580:4:-1 by red 414:3:-1 at gen1238 Univ0 prob=0.624
AgeVaxH35.js:2302 994I x:ageGp:fam 929:7:-1 by red 1:0:-1 at gen1269 Univ0 prob=0.806
